{
  "__init___14fc3d.py": {
    "stats": {
      "total_parameters": 64,
      "parameters_with_annotations": 0
    },
    "error_count": 0,
    "isCompiled": true,
    "errors": []
  },
  "__init___1a62a7.py": {
    "stats": {
      "total_parameters": 19,
      "parameters_with_annotations": 0
    },
    "error_count": 0,
    "isCompiled": true,
    "errors": []
  },
  "__init___417be1.py": {
    "stats": {
      "total_parameters": 23,
      "parameters_with_annotations": 0
    },
    "error_count": 0,
    "isCompiled": true,
    "errors": []
  },
  "__init___49f91b.py": {
    "stats": {
      "total_parameters": 52,
      "parameters_with_annotations": 0
    },
    "error_count": 0,
    "isCompiled": true,
    "errors": []
  },
  "__init___49fc81.py": {
    "stats": {
      "total_parameters": 16,
      "parameters_with_annotations": 0
    },
    "error_count": 0,
    "isCompiled": true,
    "errors": []
  },
  "__init___626f0a.py": {
    "stats": {
      "total_parameters": 50,
      "parameters_with_annotations": 0
    },
    "error_count": 4,
    "isCompiled": false,
    "errors": [
      "__init___626f0a.py:75: error: Need type annotation for \"filters\" (hint: \"filters: list[<type>] = ...\")  [var-annotated]",
      "__init___626f0a.py:183: error: Name \"__pragma__\" is not defined  [name-defined]",
      "__init___626f0a.py:233: error: Name \"__pragma__\" is not defined  [name-defined]",
      "__init___626f0a.py:241: error: Need type annotation for \"__warningregistry__\" (hint: \"__warningregistry__: dict[<type>, <type>] = ...\")  [var-annotated]",
      "Found 4 errors in 1 file (checked 1 source file)"
    ]
  },
  "__init___69cc40.py": {
    "stats": {
      "total_parameters": 19,
      "parameters_with_annotations": 0
    },
    "error_count": 12,
    "isCompiled": false,
    "errors": [
      "__init___69cc40.py:3: error: Library stubs not installed for \"requests\"  [import-untyped]",
      "__init___69cc40.py:3: note: Hint: \"python3 -m pip install types-requests\"",
      "__init___69cc40.py:3: note: (or run \"mypy --install-types\" to install all missing stub packages)",
      "__init___69cc40.py:3: note: See https://mypy.readthedocs.io/en/stable/running_mypy.html#missing-imports",
      "__init___69cc40.py:20: error: Need type annotation for \"status\" (hint: \"status: dict[<type>, <type>] = ...\")  [var-annotated]",
      "__init___69cc40.py:23: error: Too many arguments for \"tuple\"  [call-arg]",
      "__init___69cc40.py:23: error: Need type annotation for \"_firmware_ver\"  [var-annotated]",
      "__init___69cc40.py:23: error: Argument 1 to \"tuple\" has incompatible type \"int\"; expected \"Iterable[Never]\"  [arg-type]",
      "__init___69cc40.py:23: error: Argument 1 to \"tuple\" has incompatible type \"int\"; expected \"Iterable[Any]\"  [arg-type]",
      "__init___69cc40.py:25: error: Need type annotation for \"_info\" (hint: \"_info: dict[<type>, <type>] = ...\")  [var-annotated]",
      "__init___69cc40.py:26: error: Need type annotation for \"_sensors\" (hint: \"_sensors: dict[<type>, <type>] = ...\")  [var-annotated]",
      "__init___69cc40.py:27: error: Need type annotation for \"alerts\" (hint: \"alerts: dict[<type>, <type>] = ...\")  [var-annotated]",
      "Found 9 errors in 1 file (checked 1 source file)"
    ]
  },
  "__init___705fad.py": {
    "stats": {
      "total_parameters": 16,
      "parameters_with_annotations": 0
    },
    "error_count": 0,
    "isCompiled": true,
    "errors": []
  },
  "__init___7ab01a.py": {
    "stats": {
      "total_parameters": 143,
      "parameters_with_annotations": 0
    },
    "error_count": 0,
    "isCompiled": true,
    "errors": []
  },
  "__init___886e1c.py": {
    "stats": {
      "total_parameters": 27,
      "parameters_with_annotations": 0
    },
    "error_count": 0,
    "isCompiled": true,
    "errors": []
  },
  "__init___892eae.py": {
    "stats": {
      "total_parameters": 241,
      "parameters_with_annotations": 0
    },
    "error_count": 7,
    "isCompiled": false,
    "errors": [
      "__init___892eae.py:856: error: Need type annotation for \"_handlers\" (hint: \"_handlers: dict[<type>, <type>] = ...\")  [var-annotated]",
      "__init___892eae.py:862: error: Need type annotation for \"_handlerList\" (hint: \"_handlerList: list[<type>] = ...\")  [var-annotated]",
      "__init___892eae.py:1763: error: \"type[Logger]\" has no attribute \"root\"  [attr-defined]",
      "__init___892eae.py:1764: error: \"type[Logger]\" has no attribute \"manager\"  [attr-defined]",
      "__init___892eae.py:1764: error: \"type[Logger]\" has no attribute \"root\"  [attr-defined]",
      "__init___892eae.py:1768: error: \"RootLogger\" has no attribute \"manager\"  [attr-defined]",
      "__init___892eae.py:1768: error: \"type[Logger]\" has no attribute \"manager\"  [attr-defined]",
      "Found 7 errors in 1 file (checked 1 source file)"
    ]
  },
  "__init___8f577b.py": {
    "stats": {
      "total_parameters": 14,
      "parameters_with_annotations": 0
    },
    "error_count": 1,
    "isCompiled": false,
    "errors": [
      "__init___8f577b.py:53: error: Not all arguments converted during string formatting  [str-format]",
      "Found 1 error in 1 file (checked 1 source file)"
    ]
  },
  "__init___aa29b2.py": {
    "stats": {
      "total_parameters": 55,
      "parameters_with_annotations": 0
    },
    "error_count": 0,
    "isCompiled": true,
    "errors": []
  },
  "__init___b55467.py": {
    "stats": {
      "total_parameters": 8,
      "parameters_with_annotations": 0
    },
    "error_count": 1,
    "isCompiled": false,
    "errors": [
      "__init___b55467.py:5: error: Need type annotation for \"_registry\" (hint: \"_registry: dict[<type>, <type>] = ...\")  [var-annotated]",
      "Found 1 error in 1 file (checked 1 source file)"
    ]
  },
  "__init___c5e9e5.py": {
    "stats": {
      "total_parameters": 33,
      "parameters_with_annotations": 0
    },
    "error_count": 4,
    "isCompiled": false,
    "errors": [
      "__init___c5e9e5.py:8: error: Library stubs not installed for \"yaml\"  [import-untyped]",
      "__init___c5e9e5.py:8: note: Hint: \"python3 -m pip install types-PyYAML\"",
      "__init___c5e9e5.py:8: note: (or run \"mypy --install-types\" to install all missing stub packages)",
      "__init___c5e9e5.py:8: note: See https://mypy.readthedocs.io/en/stable/running_mypy.html#missing-imports",
      "Found 1 error in 1 file (checked 1 source file)"
    ]
  },
  "__init___c7b03c.py": {
    "stats": {
      "total_parameters": 10,
      "parameters_with_annotations": 0
    },
    "error_count": 0,
    "isCompiled": true,
    "errors": []
  },
  "__init___cd0888.py": {
    "stats": {
      "total_parameters": 12,
      "parameters_with_annotations": 0
    },
    "error_count": 0,
    "isCompiled": true,
    "errors": []
  },
  "__init___d345bd.py": {
    "stats": {
      "total_parameters": 77,
      "parameters_with_annotations": 0
    },
    "error_count": 0,
    "isCompiled": true,
    "errors": []
  },
  "__init___d9ab30.py": {
    "stats": {
      "total_parameters": 291,
      "parameters_with_annotations": 0
    },
    "error_count": 2,
    "isCompiled": false,
    "errors": [
      "__init___d9ab30.py:497: error: Cannot find replacement for positional format specifier 1  [str-format]",
      "__init___d9ab30.py:1874: error: \"type[timezone]\" has no attribute \"utc\"  [attr-defined]",
      "Found 2 errors in 1 file (checked 1 source file)"
    ]
  },
  "__init___db92f1.py": {
    "stats": {
      "total_parameters": 77,
      "parameters_with_annotations": 0
    },
    "error_count": 0,
    "isCompiled": true,
    "errors": []
  },
  "__init___dc7584.py": {
    "stats": {
      "total_parameters": 17,
      "parameters_with_annotations": 0
    },
    "error_count": 0,
    "isCompiled": true,
    "errors": []
  },
  "__init___e33fa3.py": {
    "stats": {
      "total_parameters": 69,
      "parameters_with_annotations": 0
    },
    "error_count": 0,
    "isCompiled": true,
    "errors": []
  },
  "__init___e58d5f.py": {
    "stats": {
      "total_parameters": 12,
      "parameters_with_annotations": 0
    },
    "error_count": 0,
    "isCompiled": true,
    "errors": []
  },
  "__init___fc1060.py": {
    "stats": {
      "total_parameters": 11,
      "parameters_with_annotations": 0
    },
    "error_count": 0,
    "isCompiled": true,
    "errors": []
  },
  "_version_c1bed8.py": {
    "stats": {
      "total_parameters": 32,
      "parameters_with_annotations": 0
    },
    "error_count": 0,
    "isCompiled": true,
    "errors": []
  },
  "acked_by_ce084a.py": {
    "stats": {
      "total_parameters": 14,
      "parameters_with_annotations": 0
    },
    "error_count": 0,
    "isCompiled": true,
    "errors": []
  },
  "aenum_f94dc8.py": {
    "stats": {
      "total_parameters": 99,
      "parameters_with_annotations": 0
    },
    "error_count": 25,
    "isCompiled": false,
    "errors": [
      "aenum_f94dc8.py:23: error: Cannot assign to a type  [misc]",
      "aenum_f94dc8.py:23: error: Incompatible types in assignment (expression has type \"None\", variable has type \"type[OrderedDict[_KT, _VT]]\")  [assignment]",
      "aenum_f94dc8.py:26: error: Name \"basestring\" is used before definition  [used-before-def]",
      "aenum_f94dc8.py:33: error: Name \"unicode\" is used before definition  [used-before-def]",
      "aenum_f94dc8.py:663: error: Incompatible types in assignment (expression has type \"Callable[[Any, Any], Any]\", target has type \"str\")  [assignment]",
      "aenum_f94dc8.py:669: error: Incompatible types in assignment (expression has type \"Callable[[Any], Any]\", target has type \"str\")  [assignment]",
      "aenum_f94dc8.py:674: error: Incompatible types in assignment (expression has type \"Callable[[Any], Any]\", target has type \"str\")  [assignment]",
      "aenum_f94dc8.py:686: error: Incompatible types in assignment (expression has type \"Callable[[Any], Any]\", target has type \"str\")  [assignment]",
      "aenum_f94dc8.py:703: error: Incompatible types in assignment (expression has type \"Callable[[Any, Any], Any]\", target has type \"str\")  [assignment]",
      "aenum_f94dc8.py:719: error: Incompatible types in assignment (expression has type \"Callable[[Any, Any], Any]\", target has type \"str\")  [assignment]",
      "aenum_f94dc8.py:726: error: Incompatible types in assignment (expression has type \"Callable[[Any, Any], Any]\", target has type \"str\")  [assignment]",
      "aenum_f94dc8.py:731: error: Incompatible types in assignment (expression has type \"Callable[[Any, Any], Any]\", target has type \"str\")  [assignment]",
      "aenum_f94dc8.py:736: error: Incompatible types in assignment (expression has type \"Callable[[Any, Any], Any]\", target has type \"str\")  [assignment]",
      "aenum_f94dc8.py:741: error: Incompatible types in assignment (expression has type \"Callable[[Any, Any], Any]\", target has type \"str\")  [assignment]",
      "aenum_f94dc8.py:749: error: Incompatible types in assignment (expression has type \"Callable[[Any, Any], Any]\", target has type \"str\")  [assignment]",
      "aenum_f94dc8.py:756: error: Incompatible types in assignment (expression has type \"Callable[[Any, Any], Any]\", target has type \"str\")  [assignment]",
      "aenum_f94dc8.py:761: error: Incompatible types in assignment (expression has type \"Callable[[Any], Any]\", target has type \"str\")  [assignment]",
      "aenum_f94dc8.py:766: error: Incompatible types in assignment (expression has type \"Callable[[Any, Any], Any]\", target has type \"str\")  [assignment]",
      "aenum_f94dc8.py:779: error: Incompatible types in assignment (expression has type \"_RouteClassAttributeToGetattr\", target has type \"str\")  [assignment]",
      "aenum_f94dc8.py:785: error: Incompatible types in assignment (expression has type \"_RouteClassAttributeToGetattr\", target has type \"str\")  [assignment]",
      "aenum_f94dc8.py:788: error: \"classmethod\" used with a non-method  [misc]",
      "aenum_f94dc8.py:809: error: Incompatible types in assignment (expression has type \"Callable[[Any, Any, Any, Any, Any], Any]\", target has type \"str\")  [assignment]",
      "aenum_f94dc8.py:818: error: Variable \"aenum_f94dc8.Enum\" is not valid as a type  [valid-type]",
      "aenum_f94dc8.py:818: note: See https://mypy.readthedocs.io/en/stable/common_issues.html#variables-vs-type-aliases",
      "aenum_f94dc8.py:818: error: Invalid base class \"Enum\"  [misc]",
      "Found 24 errors in 1 file (checked 1 source file)"
    ]
  },
  "air_quality_44856d.py": {
    "stats": {
      "total_parameters": 26,
      "parameters_with_annotations": 0
    },
    "error_count": 0,
    "isCompiled": true,
    "errors": []
  },
  "air_quality_ab8c69.py": {
    "stats": {
      "total_parameters": 15,
      "parameters_with_annotations": 0
    },
    "error_count": 0,
    "isCompiled": true,
    "errors": []
  },
  "alerta_4aa3fa.py": {
    "stats": {
      "total_parameters": 15,
      "parameters_with_annotations": 0
    },
    "error_count": 0,
    "isCompiled": true,
    "errors": []
  },
  "alerta_gitlab_b4eabf.py": {
    "stats": {
      "total_parameters": 14,
      "parameters_with_annotations": 0
    },
    "error_count": 4,
    "isCompiled": false,
    "errors": [
      "alerta_gitlab_b4eabf.py:5: error: Library stubs not installed for \"requests\"  [import-untyped]",
      "alerta_gitlab_b4eabf.py:5: note: Hint: \"python3 -m pip install types-requests\"",
      "alerta_gitlab_b4eabf.py:5: note: (or run \"mypy --install-types\" to install all missing stub packages)",
      "alerta_gitlab_b4eabf.py:5: note: See https://mypy.readthedocs.io/en/stable/running_mypy.html#missing-imports",
      "Found 1 error in 1 file (checked 1 source file)"
    ]
  },
  "anaconda_mypy_7e3d77.py": {
    "stats": {
      "total_parameters": 8,
      "parameters_with_annotations": 0
    },
    "error_count": 0,
    "isCompiled": true,
    "errors": []
  },
  "anaconda_pep8_08d915.py": {
    "stats": {
      "total_parameters": 32,
      "parameters_with_annotations": 0
    },
    "error_count": 0,
    "isCompiled": true,
    "errors": []
  },
  "analysis_98a850.py": {
    "stats": {
      "total_parameters": 35,
      "parameters_with_annotations": 0
    },
    "error_count": 0,
    "isCompiled": true,
    "errors": []
  },
  "api_1ca83f.py": {
    "stats": {
      "total_parameters": 118,
      "parameters_with_annotations": 0
    },
    "error_count": 4,
    "isCompiled": false,
    "errors": [
      "api_1ca83f.py:15: error: Library stubs not installed for \"requests\"  [import-untyped]",
      "api_1ca83f.py:15: note: Hint: \"python3 -m pip install types-requests\"",
      "api_1ca83f.py:15: note: (or run \"mypy --install-types\" to install all missing stub packages)",
      "api_1ca83f.py:15: note: See https://mypy.readthedocs.io/en/stable/running_mypy.html#missing-imports",
      "Found 1 error in 1 file (checked 1 source file)"
    ]
  },
  "appengine_d9dc66.py": {
    "stats": {
      "total_parameters": 25,
      "parameters_with_annotations": 0
    },
    "error_count": 7,
    "isCompiled": false,
    "errors": [
      "appengine_d9dc66.py:45: error: Relative import climbs too many namespaces  [misc]",
      "appengine_d9dc66.py:47: error: Relative import climbs too many namespaces  [misc]",
      "appengine_d9dc66.py:56: error: Relative import climbs too many namespaces  [misc]",
      "appengine_d9dc66.py:57: error: Relative import climbs too many namespaces  [misc]",
      "appengine_d9dc66.py:58: error: Relative import climbs too many namespaces  [misc]",
      "appengine_d9dc66.py:59: error: Relative import climbs too many namespaces  [misc]",
      "appengine_d9dc66.py:60: error: Relative import climbs too many namespaces  [misc]",
      "Found 7 errors in 1 file (checked 1 source file)"
    ]
  },
  "appengine_f79cd5.py": {
    "stats": {
      "total_parameters": 28,
      "parameters_with_annotations": 0
    },
    "error_count": 1,
    "isCompiled": false,
    "errors": [
      "appengine_f79cd5.py:41: error: No parent module -- cannot perform relative import",
      "Found 1 error in 1 file (errors prevented further checking)"
    ]
  },
  "arguments_a79ceb.py": {
    "stats": {
      "total_parameters": 48,
      "parameters_with_annotations": 0
    },
    "error_count": 0,
    "isCompiled": true,
    "errors": []
  },
  "async_queries_tests_ab1690.py": {
    "stats": {
      "total_parameters": 29,
      "parameters_with_annotations": 0
    },
    "error_count": 0,
    "isCompiled": true,
    "errors": []
  },
  "attester_slashings_270ad2.py": {
    "stats": {
      "total_parameters": 23,
      "parameters_with_annotations": 0
    },
    "error_count": 0,
    "isCompiled": true,
    "errors": []
  },
  "autopep8_8c1ae5.py": {
    "stats": {
      "total_parameters": 376,
      "parameters_with_annotations": 0
    },
    "error_count": 1,
    "isCompiled": false,
    "errors": [
      "autopep8_8c1ae5.py:64: error: Name \"unicode\" is used before definition  [used-before-def]",
      "Found 1 error in 1 file (checked 1 source file)"
    ]
  },
  "base_03e7f5.py": {
    "stats": {
      "total_parameters": 306,
      "parameters_with_annotations": 0
    },
    "error_count": 0,
    "isCompiled": true,
    "errors": []
  },
  "base_c73d2b.py": {
    "stats": {
      "total_parameters": 91,
      "parameters_with_annotations": 0
    },
    "error_count": 0,
    "isCompiled": true,
    "errors": []
  },
  "base_dfd9c5.py": {
    "stats": {
      "total_parameters": 341,
      "parameters_with_annotations": 0
    },
    "error_count": 0,
    "isCompiled": true,
    "errors": []
  },
  "base_eadd2e.py": {
    "stats": {
      "total_parameters": 339,
      "parameters_with_annotations": 0
    },
    "error_count": 0,
    "isCompiled": true,
    "errors": []
  },
  "base_value_caa0cc.py": {
    "stats": {
      "total_parameters": 149,
      "parameters_with_annotations": 0
    },
    "error_count": 0,
    "isCompiled": true,
    "errors": []
  },
  "benchmark_ocl_3560d9.py": {
    "stats": {
      "total_parameters": 27,
      "parameters_with_annotations": 0
    },
    "error_count": 4,
    "isCompiled": false,
    "errors": [
      "benchmark_ocl_3560d9.py:40: error: Library stubs not installed for \"yaml\"  [import-untyped]",
      "benchmark_ocl_3560d9.py:40: note: Hint: \"python3 -m pip install types-PyYAML\"",
      "benchmark_ocl_3560d9.py:40: note: (or run \"mypy --install-types\" to install all missing stub packages)",
      "benchmark_ocl_3560d9.py:40: note: See https://mypy.readthedocs.io/en/stable/running_mypy.html#missing-imports",
      "Found 1 error in 1 file (checked 1 source file)"
    ]
  },
  "binary_sensor_25691a.py": {
    "stats": {
      "total_parameters": 17,
      "parameters_with_annotations": 0
    },
    "error_count": 1,
    "isCompiled": false,
    "errors": [
      "binary_sensor_25691a.py:10: error: No parent module -- cannot perform relative import",
      "Found 1 error in 1 file (errors prevented further checking)"
    ]
  },
  "binary_sensor_38593e.py": {
    "stats": {
      "total_parameters": 9,
      "parameters_with_annotations": 0
    },
    "error_count": 1,
    "isCompiled": false,
    "errors": [
      "binary_sensor_38593e.py:14: error: No parent module -- cannot perform relative import",
      "Found 1 error in 1 file (errors prevented further checking)"
    ]
  },
  "binary_sensor_c45748.py": {
    "stats": {
      "total_parameters": 82,
      "parameters_with_annotations": 0
    },
    "error_count": 0,
    "isCompiled": true,
    "errors": []
  },
  "binary_sensor_d6298b.py": {
    "stats": {
      "total_parameters": 14,
      "parameters_with_annotations": 0
    },
    "error_count": 1,
    "isCompiled": false,
    "errors": [
      "binary_sensor_d6298b.py:22: error: No parent module -- cannot perform relative import",
      "Found 1 error in 1 file (errors prevented further checking)"
    ]
  },
  "binary_sensor_e70512.py": {
    "stats": {
      "total_parameters": 12,
      "parameters_with_annotations": 0
    },
    "error_count": 1,
    "isCompiled": false,
    "errors": [
      "binary_sensor_e70512.py:16: error: No parent module -- cannot perform relative import",
      "Found 1 error in 1 file (errors prevented further checking)"
    ]
  },
  "binary_sensor_f7efe0.py": {
    "stats": {
      "total_parameters": 13,
      "parameters_with_annotations": 0
    },
    "error_count": 1,
    "isCompiled": false,
    "errors": [
      "binary_sensor_f7efe0.py:14: error: No parent module -- cannot perform relative import",
      "Found 1 error in 1 file (errors prevented further checking)"
    ]
  },
  "binding_d7e1a8.py": {
    "stats": {
      "total_parameters": 22,
      "parameters_with_annotations": 0
    },
    "error_count": 0,
    "isCompiled": true,
    "errors": []
  },
  "blackout_da4461.py": {
    "stats": {
      "total_parameters": 14,
      "parameters_with_annotations": 0
    },
    "error_count": 0,
    "isCompiled": true,
    "errors": []
  },
  "blockchain_37e43c.py": {
    "stats": {
      "total_parameters": 28,
      "parameters_with_annotations": 0
    },
    "error_count": 0,
    "isCompiled": true,
    "errors": []
  },
  "browse_media_bb064b.py": {
    "stats": {
      "total_parameters": 14,
      "parameters_with_annotations": 0
    },
    "error_count": 0,
    "isCompiled": true,
    "errors": []
  },
  "cache_961e29.py": {
    "stats": {
      "total_parameters": 13,
      "parameters_with_annotations": 0
    },
    "error_count": 1,
    "isCompiled": false,
    "errors": [
      "cache_961e29.py:12: error: No parent module -- cannot perform relative import",
      "Found 1 error in 1 file (errors prevented further checking)"
    ]
  },
  "cache_f3079a.py": {
    "stats": {
      "total_parameters": 34,
      "parameters_with_annotations": 0
    },
    "error_count": 0,
    "isCompiled": true,
    "errors": []
  },
  "camera_5fe39c.py": {
    "stats": {
      "total_parameters": 12,
      "parameters_with_annotations": 0
    },
    "error_count": 1,
    "isCompiled": false,
    "errors": [
      "camera_5fe39c.py:85: error: Module has no attribute \"timeout\"  [attr-defined]",
      "Found 1 error in 1 file (checked 1 source file)"
    ]
  },
  "checker_7dee21.py": {
    "stats": {
      "total_parameters": 116,
      "parameters_with_annotations": 0
    },
    "error_count": 2,
    "isCompiled": false,
    "errors": [
      "checker_7dee21.py:23: error: Incompatible types in assignment (expression has type \"tuple[()]\", variable has type \"list[expr]\")  [assignment]",
      "checker_7dee21.py:24: error: Incompatible types in assignment (expression has type \"property\", variable has type \"list[expr]\")  [assignment]",
      "Found 2 errors in 1 file (checked 1 source file)"
    ]
  },
  "checker_a02381.py": {
    "stats": {
      "total_parameters": 265,
      "parameters_with_annotations": 0
    },
    "error_count": 18,
    "isCompiled": false,
    "errors": [
      "checker_a02381.py:27: error: Module has no attribute \"pypy_version_info\"  [attr-defined]",
      "checker_a02381.py:78: error: Incompatible types in assignment (expression has type \"tuple[type[For]]\", variable has type \"tuple[type[For], type[AsyncFor]]\")  [assignment]",
      "checker_a02381.py:79: error: Incompatible types in assignment (expression has type \"tuple[type[While], type[For]]\", variable has type \"tuple[type[While], type[For], type[AsyncFor]]\")  [assignment]",
      "checker_a02381.py:80: error: Incompatible types in assignment (expression has type \"tuple[type[FunctionDef]]\", variable has type \"tuple[type[FunctionDef], type[AsyncFunctionDef]]\")  [assignment]",
      "checker_a02381.py:85: error: Incompatible types in assignment (expression has type \"tuple[()]\", variable has type \"tuple[type[AnnAssign]]\")  [assignment]",
      "checker_a02381.py:117: error: Incompatible types in assignment (expression has type \"tuple[type[Str], type[Num], type[Bytes]]\", variable has type \"tuple[type[Str], type[Num]]\")  [assignment]",
      "checker_a02381.py:131: error: Name \"ast.Ast\" is not defined  [name-defined]",
      "checker_a02381.py:157: error: Name \"Pattern\" is not defined  [name-defined]",
      "checker_a02381.py:157: error: Name \"Match\" is not defined  [name-defined]",
      "checker_a02381.py:164: error: Name \"Tuple\" is not defined  [name-defined]",
      "checker_a02381.py:164: note: Did you forget to import it from \"typing\"? (Suggestion: \"from typing import Tuple\")",
      "checker_a02381.py:164: error: Name \"PercentFormat\" is not defined  [name-defined]",
      "checker_a02381.py:170: error: Name \"Generator\" is not defined  [name-defined]",
      "checker_a02381.py:170: error: Name \"PercentFormat\" is not defined  [name-defined]",
      "checker_a02381.py:191: error: Name \"Optional\" is not defined  [name-defined]",
      "checker_a02381.py:191: note: Did you forget to import it from \"typing\"? (Suggestion: \"from typing import Optional\")",
      "checker_a02381.py:815: note: By default the bodies of untyped functions are not checked, consider using --check-untyped-defs  [annotation-unchecked]",
      "checker_a02381.py:816: note: By default the bodies of untyped functions are not checked, consider using --check-untyped-defs  [annotation-unchecked]",
      "Found 14 errors in 1 file (checked 1 source file)"
    ]
  },
  "classes_29984e.py": {
    "stats": {
      "total_parameters": 84,
      "parameters_with_annotations": 0
    },
    "error_count": 0,
    "isCompiled": true,
    "errors": []
  },
  "cli_d3e92b.py": {
    "stats": {
      "total_parameters": 28,
      "parameters_with_annotations": 0
    },
    "error_count": 0,
    "isCompiled": true,
    "errors": []
  },
  "client_8529a4.py": {
    "stats": {
      "total_parameters": 54,
      "parameters_with_annotations": 0
    },
    "error_count": 5,
    "isCompiled": false,
    "errors": [
      "client_8529a4.py:8: error: Library stubs not installed for \"requests\"  [import-untyped]",
      "client_8529a4.py:9: error: Library stubs not installed for \"requests.auth\"  [import-untyped]",
      "client_8529a4.py:9: note: Hint: \"python3 -m pip install types-requests\"",
      "client_8529a4.py:9: note: (or run \"mypy --install-types\" to install all missing stub packages)",
      "client_8529a4.py:9: note: See https://mypy.readthedocs.io/en/stable/running_mypy.html#missing-imports",
      "Found 2 errors in 1 file (checked 1 source file)"
    ]
  },
  "climate_3d3d8e.py": {
    "stats": {
      "total_parameters": 13,
      "parameters_with_annotations": 0
    },
    "error_count": 1,
    "isCompiled": false,
    "errors": [
      "climate_3d3d8e.py:29: error: No parent module -- cannot perform relative import",
      "Found 1 error in 1 file (errors prevented further checking)"
    ]
  },
  "collection_a8ceb1.py": {
    "stats": {
      "total_parameters": 8,
      "parameters_with_annotations": 0
    },
    "error_count": 0,
    "isCompiled": true,
    "errors": []
  },
  "comments6_b4c7b6.py": {
    "stats": {
      "total_parameters": 28,
      "parameters_with_annotations": 0
    },
    "error_count": 4,
    "isCompiled": false,
    "errors": [
      "comments6_b4c7b6.py:33: error: Syntax error in type comment \"*Any\"  [syntax]",
      "comments6_b4c7b6.py:35: error: Syntax error in type comment \"**Any\"  [syntax]",
      "comments6_b4c7b6.py:86: error: Function has duplicate type signatures  [misc]",
      "comments6_b4c7b6.py:86: error: Type signature has too few arguments  [syntax]",
      "Found 4 errors in 1 file (errors prevented further checking)"
    ]
  },
  "common_888838.py": {
    "stats": {
      "total_parameters": 32,
      "parameters_with_annotations": 0
    },
    "error_count": 0,
    "isCompiled": true,
    "errors": []
  },
  "common_source_setup_ccf6d3.py": {
    "stats": {
      "total_parameters": 13,
      "parameters_with_annotations": 0
    },
    "error_count": 4,
    "isCompiled": false,
    "errors": [
      "common_source_setup_ccf6d3.py:4: error: Library stubs not installed for \"yaml\"  [import-untyped]",
      "common_source_setup_ccf6d3.py:4: note: Hint: \"python3 -m pip install types-PyYAML\"",
      "common_source_setup_ccf6d3.py:4: note: (or run \"mypy --install-types\" to install all missing stub packages)",
      "common_source_setup_ccf6d3.py:4: note: See https://mypy.readthedocs.io/en/stable/running_mypy.html#missing-imports",
      "Found 1 error in 1 file (checked 1 source file)"
    ]
  },
  "compiler1_c7f07f.py": {
    "stats": {
      "total_parameters": 208,
      "parameters_with_annotations": 0
    },
    "error_count": 0,
    "isCompiled": true,
    "errors": []
  },
  "compiler38_61d171.py": {
    "stats": {
      "total_parameters": 208,
      "parameters_with_annotations": 0
    },
    "error_count": 0,
    "isCompiled": true,
    "errors": []
  },
  "compiler_3b1181.py": {
    "stats": {
      "total_parameters": 208,
      "parameters_with_annotations": 0
    },
    "error_count": 0,
    "isCompiled": true,
    "errors": []
  },
  "completion_8d3a60.py": {
    "stats": {
      "total_parameters": 72,
      "parameters_with_annotations": 0
    },
    "error_count": 0,
    "isCompiled": true,
    "errors": []
  },
  "conf_6893b0.py": {
    "stats": {
      "total_parameters": 41,
      "parameters_with_annotations": 0
    },
    "error_count": 3,
    "isCompiled": false,
    "errors": [
      "conf_6893b0.py:195: error: Need type annotation for \"exclude_trees\" (hint: \"exclude_trees: list[<type>] = ...\")  [var-annotated]",
      "conf_6893b0.py:425: error: Need type annotation for \"latex_elements\" (hint: \"latex_elements: dict[<type>, <type>] = ...\")  [var-annotated]",
      "conf_6893b0.py:668: error: Argument 1 to \"unwrap\" has incompatible type Module; expected \"Callable[..., Any]\"  [arg-type]",
      "Found 3 errors in 1 file (checked 1 source file)"
    ]
  },
  "conftest_6b2a96.py": {
    "stats": {
      "total_parameters": 23,
      "parameters_with_annotations": 0
    },
    "error_count": 0,
    "isCompiled": true,
    "errors": []
  },
  "conftest_71616d.py": {
    "stats": {
      "total_parameters": 39,
      "parameters_with_annotations": 0
    },
    "error_count": 2,
    "isCompiled": false,
    "errors": [
      "conftest_71616d.py:87: error: Incompatible types in assignment (expression has type \"None\", variable has type \"float\")  [assignment]",
      "conftest_71616d.py:88: error: Incompatible types in assignment (expression has type \"None\", variable has type \"float\")  [assignment]",
      "Found 2 errors in 1 file (checked 1 source file)"
    ]
  },
  "conftest_bb7cf9.py": {
    "stats": {
      "total_parameters": 73,
      "parameters_with_annotations": 0
    },
    "error_count": 0,
    "isCompiled": true,
    "errors": []
  },
  "conftest_d0fb86.py": {
    "stats": {
      "total_parameters": 6,
      "parameters_with_annotations": 0
    },
    "error_count": 0,
    "isCompiled": true,
    "errors": []
  },
  "connection_6f580e.py": {
    "stats": {
      "total_parameters": 48,
      "parameters_with_annotations": 0
    },
    "error_count": 7,
    "isCompiled": false,
    "errors": [
      "connection_6f580e.py:24: error: Relative import climbs too many namespaces  [misc]",
      "connection_6f580e.py:25: error: Relative import climbs too many namespaces  [misc]",
      "connection_6f580e.py:35: error: Relative import climbs too many namespaces  [misc]",
      "connection_6f580e.py:36: error: Relative import climbs too many namespaces  [misc]",
      "connection_6f580e.py:37: error: Relative import climbs too many namespaces  [misc]",
      "connection_6f580e.py:38: error: Relative import climbs too many namespaces  [misc]",
      "connection_6f580e.py:43: error: Incompatible types in assignment (expression has type \"None\", variable has type Module)  [assignment]",
      "Found 7 errors in 1 file (checked 1 source file)"
    ]
  },
  "connection_92ca1e.py": {
    "stats": {
      "total_parameters": 27,
      "parameters_with_annotations": 0
    },
    "error_count": 7,
    "isCompiled": false,
    "errors": [
      "connection_92ca1e.py:24: error: Relative import climbs too many namespaces  [misc]",
      "connection_92ca1e.py:25: error: Relative import climbs too many namespaces  [misc]",
      "connection_92ca1e.py:35: error: Relative import climbs too many namespaces  [misc]",
      "connection_92ca1e.py:36: error: Relative import climbs too many namespaces  [misc]",
      "connection_92ca1e.py:37: error: Relative import climbs too many namespaces  [misc]",
      "connection_92ca1e.py:38: error: Relative import climbs too many namespaces  [misc]",
      "connection_92ca1e.py:43: error: Incompatible types in assignment (expression has type \"None\", variable has type Module)  [assignment]",
      "Found 7 errors in 1 file (checked 1 source file)"
    ]
  },
  "connection_bdafbf.py": {
    "stats": {
      "total_parameters": 33,
      "parameters_with_annotations": 0
    },
    "error_count": 4,
    "isCompiled": false,
    "errors": [
      "connection_bdafbf.py:18: error: Incompatible types in assignment (expression has type \"None\", variable has type Module)  [assignment]",
      "connection_bdafbf.py:397: error: Cannot assign to a type  [misc]",
      "connection_bdafbf.py:399: error: Cannot assign to a type  [misc]",
      "connection_bdafbf.py:399: error: Incompatible types in assignment (expression has type \"type[DummyConnection]\", variable has type \"type[HTTPSConnection]\")  [assignment]",
      "Found 4 errors in 1 file (checked 1 source file)"
    ]
  },
  "connectionpool_8dc770.py": {
    "stats": {
      "total_parameters": 63,
      "parameters_with_annotations": 0
    },
    "error_count": 14,
    "isCompiled": false,
    "errors": [
      "connectionpool_8dc770.py:13: error: Relative import climbs too many namespaces  [misc]",
      "connectionpool_8dc770.py:14: error: Relative import climbs too many namespaces  [misc]",
      "connectionpool_8dc770.py:27: error: Relative import climbs too many namespaces  [misc]",
      "connectionpool_8dc770.py:28: error: Relative import climbs too many namespaces  [misc]",
      "connectionpool_8dc770.py:29: error: Relative import climbs too many namespaces  [misc]",
      "connectionpool_8dc770.py:30: error: Relative import climbs too many namespaces  [misc]",
      "connectionpool_8dc770.py:34: error: Relative import climbs too many namespaces  [misc]",
      "connectionpool_8dc770.py:35: error: Relative import climbs too many namespaces  [misc]",
      "connectionpool_8dc770.py:36: error: Relative import climbs too many namespaces  [misc]",
      "connectionpool_8dc770.py:37: error: Relative import climbs too many namespaces  [misc]",
      "connectionpool_8dc770.py:44: error: Relative import climbs too many namespaces  [misc]",
      "connectionpool_8dc770.py:45: error: Relative import climbs too many namespaces  [misc]",
      "connectionpool_8dc770.py:50: error: Incompatible types in assignment (expression has type \"None\", variable has type Module)  [assignment]",
      "connectionpool_8dc770.py:199: error: Incompatible types in assignment (expression has type \"str\", base class \"ConnectionPool\" defined the type as \"None\")  [assignment]",
      "Found 14 errors in 1 file (checked 1 source file)"
    ]
  },
  "connectionpool_96094f.py": {
    "stats": {
      "total_parameters": 89,
      "parameters_with_annotations": 0
    },
    "error_count": 14,
    "isCompiled": false,
    "errors": [
      "connectionpool_96094f.py:13: error: Relative import climbs too many namespaces  [misc]",
      "connectionpool_96094f.py:14: error: Relative import climbs too many namespaces  [misc]",
      "connectionpool_96094f.py:27: error: Relative import climbs too many namespaces  [misc]",
      "connectionpool_96094f.py:28: error: Relative import climbs too many namespaces  [misc]",
      "connectionpool_96094f.py:29: error: Relative import climbs too many namespaces  [misc]",
      "connectionpool_96094f.py:30: error: Relative import climbs too many namespaces  [misc]",
      "connectionpool_96094f.py:34: error: Relative import climbs too many namespaces  [misc]",
      "connectionpool_96094f.py:35: error: Relative import climbs too many namespaces  [misc]",
      "connectionpool_96094f.py:36: error: Relative import climbs too many namespaces  [misc]",
      "connectionpool_96094f.py:37: error: Relative import climbs too many namespaces  [misc]",
      "connectionpool_96094f.py:44: error: Relative import climbs too many namespaces  [misc]",
      "connectionpool_96094f.py:45: error: Relative import climbs too many namespaces  [misc]",
      "connectionpool_96094f.py:50: error: Incompatible types in assignment (expression has type \"None\", variable has type Module)  [assignment]",
      "connectionpool_96094f.py:199: error: Incompatible types in assignment (expression has type \"str\", base class \"ConnectionPool\" defined the type as \"None\")  [assignment]",
      "Found 14 errors in 1 file (checked 1 source file)"
    ]
  },
  "construct_bbdfda.py": {
    "stats": {
      "total_parameters": 23,
      "parameters_with_annotations": 0
    },
    "error_count": 0,
    "isCompiled": true,
    "errors": []
  },
  "context_48db84.py": {
    "stats": {
      "total_parameters": 105,
      "parameters_with_annotations": 0
    },
    "error_count": 0,
    "isCompiled": true,
    "errors": []
  },
  "converter_e14395.py": {
    "stats": {
      "total_parameters": 97,
      "parameters_with_annotations": 0
    },
    "error_count": 0,
    "isCompiled": true,
    "errors": []
  },
  "core_1410fd.py": {
    "stats": {
      "total_parameters": 61,
      "parameters_with_annotations": 0
    },
    "error_count": 0,
    "isCompiled": true,
    "errors": []
  },
  "cover_14aabc.py": {
    "stats": {
      "total_parameters": 17,
      "parameters_with_annotations": 0
    },
    "error_count": 0,
    "isCompiled": true,
    "errors": []
  },
  "cover_860401.py": {
    "stats": {
      "total_parameters": 21,
      "parameters_with_annotations": 0
    },
    "error_count": 0,
    "isCompiled": true,
    "errors": []
  },
  "cover_b92bd5.py": {
    "stats": {
      "total_parameters": 9,
      "parameters_with_annotations": 0
    },
    "error_count": 0,
    "isCompiled": true,
    "errors": []
  },
  "cover_c586a7.py": {
    "stats": {
      "total_parameters": 15,
      "parameters_with_annotations": 0
    },
    "error_count": 0,
    "isCompiled": true,
    "errors": []
  },
  "custody_a914e5.py": {
    "stats": {
      "total_parameters": 45,
      "parameters_with_annotations": 0
    },
    "error_count": 0,
    "isCompiled": true,
    "errors": []
  },
  "cyclist_8fa926.py": {
    "stats": {
      "total_parameters": 29,
      "parameters_with_annotations": 0
    },
    "error_count": 0,
    "isCompiled": true,
    "errors": []
  },
  "db_0b7e99.py": {
    "stats": {
      "total_parameters": 55,
      "parameters_with_annotations": 0
    },
    "error_count": 0,
    "isCompiled": true,
    "errors": []
  },
  "db_schema_18_7a6f03.py": {
    "stats": {
      "total_parameters": 42,
      "parameters_with_annotations": 0
    },
    "error_count": 2,
    "isCompiled": false,
    "errors": [
      "db_schema_18_7a6f03.py:373: error: Trying to assign name \"entity_id\" that is not in \"__slots__\" of type \"db_schema_18_7a6f03.LazyState\"  [misc]",
      "db_schema_18_7a6f03.py:374: error: Trying to assign name \"state\" that is not in \"__slots__\" of type \"db_schema_18_7a6f03.LazyState\"  [misc]",
      "Found 2 errors in 1 file (checked 1 source file)"
    ]
  },
  "decimalspace_eba8c8.py": {
    "stats": {
      "total_parameters": 16,
      "parameters_with_annotations": 0
    },
    "error_count": 0,
    "isCompiled": true,
    "errors": []
  },
  "deployer_c2beb1.py": {
    "stats": {
      "total_parameters": 160,
      "parameters_with_annotations": 0
    },
    "error_count": 0,
    "isCompiled": true,
    "errors": []
  },
  "deposits_09e7ec.py": {
    "stats": {
      "total_parameters": 84,
      "parameters_with_annotations": 0
    },
    "error_count": 0,
    "isCompiled": true,
    "errors": []
  },
  "dict_import_export_tests_cc9da9.py": {
    "stats": {
      "total_parameters": 25,
      "parameters_with_annotations": 0
    },
    "error_count": 4,
    "isCompiled": false,
    "errors": [
      "dict_import_export_tests_cc9da9.py:23: error: Library stubs not installed for \"yaml\"  [import-untyped]",
      "dict_import_export_tests_cc9da9.py:23: note: Hint: \"python3 -m pip install types-PyYAML\"",
      "dict_import_export_tests_cc9da9.py:23: note: (or run \"mypy --install-types\" to install all missing stub packages)",
      "dict_import_export_tests_cc9da9.py:23: note: See https://mypy.readthedocs.io/en/stable/running_mypy.html#missing-imports",
      "Found 1 error in 1 file (checked 1 source file)"
    ]
  },
  "diff_011ffc.py": {
    "stats": {
      "total_parameters": 93,
      "parameters_with_annotations": 0
    },
    "error_count": 0,
    "isCompiled": true,
    "errors": []
  },
  "driver_94aaee.py": {
    "stats": {
      "total_parameters": 27,
      "parameters_with_annotations": 0
    },
    "error_count": 1,
    "isCompiled": false,
    "errors": [
      "driver_94aaee.py:26: error: No parent module -- cannot perform relative import",
      "Found 1 error in 1 file (errors prevented further checking)"
    ]
  },
  "dynamic_params_5296db.py": {
    "stats": {
      "total_parameters": 17,
      "parameters_with_annotations": 0
    },
    "error_count": 0,
    "isCompiled": true,
    "errors": []
  },
  "encoder_8f05c7.py": {
    "stats": {
      "total_parameters": 76,
      "parameters_with_annotations": 0
    },
    "error_count": 5,
    "isCompiled": false,
    "errors": [
      "encoder_8f05c7.py:15: error: Library stubs not installed for \"requests\"  [import-untyped]",
      "encoder_8f05c7.py:15: note: Hint: \"python3 -m pip install types-requests\"",
      "encoder_8f05c7.py:15: note: (or run \"mypy --install-types\" to install all missing stub packages)",
      "encoder_8f05c7.py:15: note: See https://mypy.readthedocs.io/en/stable/running_mypy.html#missing-imports",
      "encoder_8f05c7.py:17: error: Relative import climbs too many namespaces  [misc]",
      "Found 2 errors in 1 file (checked 1 source file)"
    ]
  },
  "errors_7ed27c.py": {
    "stats": {
      "total_parameters": 159,
      "parameters_with_annotations": 0
    },
    "error_count": 0,
    "isCompiled": true,
    "errors": []
  },
  "escalate_8b7ec7.py": {
    "stats": {
      "total_parameters": 18,
      "parameters_with_annotations": 0
    },
    "error_count": 0,
    "isCompiled": true,
    "errors": []
  },
  "ewmh_1d4730.py": {
    "stats": {
      "total_parameters": 84,
      "parameters_with_annotations": 0
    },
    "error_count": 0,
    "isCompiled": true,
    "errors": []
  },
  "exceptions_667b5e.py": {
    "stats": {
      "total_parameters": 18,
      "parameters_with_annotations": 0
    },
    "error_count": 0,
    "isCompiled": true,
    "errors": []
  },
  "execution_payload_94f3fe.py": {
    "stats": {
      "total_parameters": 41,
      "parameters_with_annotations": 0
    },
    "error_count": 0,
    "isCompiled": true,
    "errors": []
  },
  "expected_catalog_04b2bc.py": {
    "stats": {
      "total_parameters": 26,
      "parameters_with_annotations": 0
    },
    "error_count": 0,
    "isCompiled": true,
    "errors": []
  },
  "extract_d1f231.py": {
    "stats": {
      "total_parameters": 49,
      "parameters_with_annotations": 0
    },
    "error_count": 0,
    "isCompiled": true,
    "errors": []
  },
  "fan_63b94a.py": {
    "stats": {
      "total_parameters": 90,
      "parameters_with_annotations": 0
    },
    "error_count": 0,
    "isCompiled": true,
    "errors": []
  },
  "fan_f7fc07.py": {
    "stats": {
      "total_parameters": 23,
      "parameters_with_annotations": 0
    },
    "error_count": 0,
    "isCompiled": true,
    "errors": []
  },
  "faustdocs_7d8e30.py": {
    "stats": {
      "total_parameters": 23,
      "parameters_with_annotations": 0
    },
    "error_count": 4,
    "isCompiled": false,
    "errors": [
      "faustdocs_7d8e30.py:2: error: Library stubs not installed for \"docutils\"  [import-untyped]",
      "faustdocs_7d8e30.py:2: note: Hint: \"python3 -m pip install types-docutils\"",
      "faustdocs_7d8e30.py:2: note: (or run \"mypy --install-types\" to install all missing stub packages)",
      "faustdocs_7d8e30.py:2: note: See https://mypy.readthedocs.io/en/stable/running_mypy.html#missing-imports",
      "Found 1 error in 1 file (checked 1 source file)"
    ]
  },
  "featureflags_544034.py": {
    "stats": {
      "total_parameters": 12,
      "parameters_with_annotations": 0
    },
    "error_count": 0,
    "isCompiled": true,
    "errors": []
  },
  "fields_fc8b25.py": {
    "stats": {
      "total_parameters": 22,
      "parameters_with_annotations": 0
    },
    "error_count": 0,
    "isCompiled": true,
    "errors": []
  },
  "fields_fcc951.py": {
    "stats": {
      "total_parameters": 27,
      "parameters_with_annotations": 0
    },
    "error_count": 1,
    "isCompiled": false,
    "errors": [
      "fields_fcc951.py:82: error: Relative import climbs too many namespaces  [misc]",
      "Found 1 error in 1 file (checked 1 source file)"
    ]
  },
  "file_name_dac33e.py": {
    "stats": {
      "total_parameters": 20,
      "parameters_with_annotations": 0
    },
    "error_count": 0,
    "isCompiled": true,
    "errors": []
  },
  "filters_ba549f.py": {
    "stats": {
      "total_parameters": 99,
      "parameters_with_annotations": 0
    },
    "error_count": 0,
    "isCompiled": true,
    "errors": []
  },
  "fix_operator_2f0209.py": {
    "stats": {
      "total_parameters": 38,
      "parameters_with_annotations": 0
    },
    "error_count": 0,
    "isCompiled": true,
    "errors": []
  },
  "fixtures_25b262.py": {
    "stats": {
      "total_parameters": 7,
      "parameters_with_annotations": 0
    },
    "error_count": 0,
    "isCompiled": true,
    "errors": []
  },
  "fixtures_82d048.py": {
    "stats": {
      "total_parameters": 13,
      "parameters_with_annotations": 0
    },
    "error_count": 0,
    "isCompiled": true,
    "errors": []
  },
  "fork_transition_eab473.py": {
    "stats": {
      "total_parameters": 61,
      "parameters_with_annotations": 0
    },
    "error_count": 0,
    "isCompiled": true,
    "errors": []
  },
  "function_707600.py": {
    "stats": {
      "total_parameters": 74,
      "parameters_with_annotations": 0
    },
    "error_count": 0,
    "isCompiled": true,
    "errors": []
  },
  "functions_b12404.py": {
    "stats": {
      "total_parameters": 38,
      "parameters_with_annotations": 0
    },
    "error_count": 0,
    "isCompiled": true,
    "errors": []
  },
  "gen_49c34e.py": {
    "stats": {
      "total_parameters": 11,
      "parameters_with_annotations": 0
    },
    "error_count": 0,
    "isCompiled": true,
    "errors": []
  },
  "groupby_241e8f.py": {
    "stats": {
      "total_parameters": 226,
      "parameters_with_annotations": 0
    },
    "error_count": 0,
    "isCompiled": true,
    "errors": []
  },
  "guess_8066e7.py": {
    "stats": {
      "total_parameters": 28,
      "parameters_with_annotations": 0
    },
    "error_count": 1,
    "isCompiled": false,
    "errors": [
      "guess_8066e7.py:6: error: No parent module -- cannot perform relative import",
      "Found 1 error in 1 file (errors prevented further checking)"
    ]
  },
  "handlers_facbc6.py": {
    "stats": {
      "total_parameters": 38,
      "parameters_with_annotations": 0
    },
    "error_count": 0,
    "isCompiled": true,
    "errors": []
  },
  "heartbeat_3ab523.py": {
    "stats": {
      "total_parameters": 14,
      "parameters_with_annotations": 0
    },
    "error_count": 0,
    "isCompiled": true,
    "errors": []
  },
  "helpers_4932dc.py": {
    "stats": {
      "total_parameters": 65,
      "parameters_with_annotations": 0
    },
    "error_count": 0,
    "isCompiled": true,
    "errors": []
  },
  "html_1d1577.py": {
    "stats": {
      "total_parameters": 51,
      "parameters_with_annotations": 0
    },
    "error_count": 0,
    "isCompiled": true,
    "errors": []
  },
  "http_adapters_298d8d.py": {
    "stats": {
      "total_parameters": 35,
      "parameters_with_annotations": 0
    },
    "error_count": 1,
    "isCompiled": false,
    "errors": [
      "http_adapters_298d8d.py:14: error: No parent module -- cannot perform relative import",
      "Found 1 error in 1 file (errors prevented further checking)"
    ]
  },
  "http_cookies_a8fd56.py": {
    "stats": {
      "total_parameters": 100,
      "parameters_with_annotations": 0
    },
    "error_count": 0,
    "isCompiled": true,
    "errors": []
  },
  "http_models_d4e52a.py": {
    "stats": {
      "total_parameters": 88,
      "parameters_with_annotations": 0
    },
    "error_count": 0,
    "isCompiled": true,
    "errors": []
  },
  "http_sessions_1ab9ee.py": {
    "stats": {
      "total_parameters": 71,
      "parameters_with_annotations": 0
    },
    "error_count": 1,
    "isCompiled": false,
    "errors": [
      "http_sessions_1ab9ee.py:12: error: Module \"collections\" does not explicitly export attribute \"Mapping\"  [attr-defined]",
      "Found 1 error in 1 file (checked 1 source file)"
    ]
  },
  "image_processing_3ab1ef.py": {
    "stats": {
      "total_parameters": 10,
      "parameters_with_annotations": 0
    },
    "error_count": 0,
    "isCompiled": true,
    "errors": []
  },
  "import_export_tests_dc500f.py": {
    "stats": {
      "total_parameters": 58,
      "parameters_with_annotations": 0
    },
    "error_count": 0,
    "isCompiled": true,
    "errors": []
  },
  "imports_c4205d.py": {
    "stats": {
      "total_parameters": 62,
      "parameters_with_annotations": 0
    },
    "error_count": 0,
    "isCompiled": true,
    "errors": []
  },
  "indexing_engines_bfb33a.py": {
    "stats": {
      "total_parameters": 34,
      "parameters_with_annotations": 0
    },
    "error_count": 0,
    "isCompiled": true,
    "errors": []
  },
  "indicators_960952.py": {
    "stats": {
      "total_parameters": 120,
      "parameters_with_annotations": 0
    },
    "error_count": 0,
    "isCompiled": true,
    "errors": []
  },
  "instance_410c65.py": {
    "stats": {
      "total_parameters": 151,
      "parameters_with_annotations": 0
    },
    "error_count": 0,
    "isCompiled": true,
    "errors": []
  },
  "instrumentations_examples_d8ae97.py": {
    "stats": {
      "total_parameters": 39,
      "parameters_with_annotations": 0
    },
    "error_count": 0,
    "isCompiled": true,
    "errors": []
  },
  "isa_18_2_b9e836.py": {
    "stats": {
      "total_parameters": 14,
      "parameters_with_annotations": 0
    },
    "error_count": 0,
    "isCompiled": true,
    "errors": []
  },
  "iterable_71c277.py": {
    "stats": {
      "total_parameters": 137,
      "parameters_with_annotations": 0
    },
    "error_count": 0,
    "isCompiled": true,
    "errors": []
  },
  "jedi_handler_dbc20a.py": {
    "stats": {
      "total_parameters": 20,
      "parameters_with_annotations": 0
    },
    "error_count": 0,
    "isCompiled": true,
    "errors": []
  },
  "join_merge_5c5786.py": {
    "stats": {
      "total_parameters": 125,
      "parameters_with_annotations": 0
    },
    "error_count": 0,
    "isCompiled": true,
    "errors": []
  },
  "joinquant_follower_7b86fd.py": {
    "stats": {
      "total_parameters": 24,
      "parameters_with_annotations": 0
    },
    "error_count": 0,
    "isCompiled": true,
    "errors": []
  },
  "jsonserver_34dd2d.py": {
    "stats": {
      "total_parameters": 33,
      "parameters_with_annotations": 0
    },
    "error_count": 10,
    "isCompiled": false,
    "errors": [
      "jsonserver_34dd2d.py:26: error: Library stubs not installed for \"ujson\"  [import-untyped]",
      "jsonserver_34dd2d.py:26: note: Hint: \"python3 -m pip install types-ujson\"",
      "jsonserver_34dd2d.py:26: note: (or run \"mypy --install-types\" to install all missing stub packages)",
      "jsonserver_34dd2d.py:26: note: See https://mypy.readthedocs.io/en/stable/running_mypy.html#missing-imports",
      "jsonserver_34dd2d.py:249: error: All conditional function variants must have identical signatures  [misc]",
      "jsonserver_34dd2d.py:249: note: Original:",
      "jsonserver_34dd2d.py:249: note:     def _isprocessrunning(self: Checker, timeout: Any = ...) -> Any",
      "jsonserver_34dd2d.py:249: note: Redefinition:",
      "jsonserver_34dd2d.py:249: note:     def _isprocessrunning(self: Checker) -> Any",
      "jsonserver_34dd2d.py:377: error: \"JSONServer\" has no attribute \"logger\"  [attr-defined]",
      "Found 3 errors in 1 file (checked 1 source file)"
    ]
  },
  "klass_d2a9d4.py": {
    "stats": {
      "total_parameters": 54,
      "parameters_with_annotations": 0
    },
    "error_count": 0,
    "isCompiled": true,
    "errors": []
  },
  "lazy_a1ea35.py": {
    "stats": {
      "total_parameters": 25,
      "parameters_with_annotations": 0
    },
    "error_count": 0,
    "isCompiled": true,
    "errors": []
  },
  "lazy_value_18eb7d.py": {
    "stats": {
      "total_parameters": 20,
      "parameters_with_annotations": 0
    },
    "error_count": 0,
    "isCompiled": true,
    "errors": []
  },
  "light_250268.py": {
    "stats": {
      "total_parameters": 13,
      "parameters_with_annotations": 0
    },
    "error_count": 0,
    "isCompiled": true,
    "errors": []
  },
  "light_7346d9.py": {
    "stats": {
      "total_parameters": 43,
      "parameters_with_annotations": 0
    },
    "error_count": 0,
    "isCompiled": true,
    "errors": []
  },
  "light_client_9189e8.py": {
    "stats": {
      "total_parameters": 74,
      "parameters_with_annotations": 0
    },
    "error_count": 0,
    "isCompiled": true,
    "errors": []
  },
  "light_client_data_collection_12f9fe.py": {
    "stats": {
      "total_parameters": 87,
      "parameters_with_annotations": 0
    },
    "error_count": 0,
    "isCompiled": true,
    "errors": []
  },
  "light_client_sync_2b8d7f.py": {
    "stats": {
      "total_parameters": 34,
      "parameters_with_annotations": 0
    },
    "error_count": 0,
    "isCompiled": true,
    "errors": []
  },
  "light_f6e8bb.py": {
    "stats": {
      "total_parameters": 39,
      "parameters_with_annotations": 0
    },
    "error_count": 3,
    "isCompiled": false,
    "errors": [
      "light_f6e8bb.py:42: error: Relative import climbs too many namespaces  [misc]",
      "light_f6e8bb.py:43: error: Relative import climbs too many namespaces  [misc]",
      "light_f6e8bb.py:144: note: By default the bodies of untyped functions are not checked, consider using --check-untyped-defs  [annotation-unchecked]",
      "Found 2 errors in 1 file (checked 1 source file)"
    ]
  },
  "line_ranges_basic_766e5e.py": {
    "stats": {
      "total_parameters": 58,
      "parameters_with_annotations": 0
    },
    "error_count": 16,
    "isCompiled": false,
    "errors": [
      "line_ranges_basic_766e5e.py:21: error: Name \"decor\" is not defined  [name-defined]",
      "line_ranges_basic_766e5e.py:27: error: Name \"condition\" is not defined  [name-defined]",
      "line_ranges_basic_766e5e.py:28: error: Name \"something\" is not defined  [name-defined]",
      "line_ranges_basic_766e5e.py:29: error: Name \"then_something\" is not defined  [name-defined]",
      "line_ranges_basic_766e5e.py:30: error: Name \"something_else\" is not defined  [name-defined]",
      "line_ranges_basic_766e5e.py:31: error: Name \"then_something_else\" is not defined  [name-defined]",
      "line_ranges_basic_766e5e.py:33: error: Name \"unformatted\" is not defined  [name-defined]",
      "line_ranges_basic_766e5e.py:35: error: Name \"unformatted\" is not defined  [name-defined]",
      "line_ranges_basic_766e5e.py:87: error: Name \"decor\" is not defined  [name-defined]",
      "line_ranges_basic_766e5e.py:93: error: Name \"condition\" is not defined  [name-defined]",
      "line_ranges_basic_766e5e.py:94: error: Name \"something\" is not defined  [name-defined]",
      "line_ranges_basic_766e5e.py:95: error: Name \"then_something\" is not defined  [name-defined]",
      "line_ranges_basic_766e5e.py:96: error: Name \"something_else\" is not defined  [name-defined]",
      "line_ranges_basic_766e5e.py:97: error: Name \"then_something_else\" is not defined  [name-defined]",
      "line_ranges_basic_766e5e.py:99: error: Name \"unformatted\" is not defined  [name-defined]",
      "line_ranges_basic_766e5e.py:101: error: Name \"unformatted\" is not defined  [name-defined]",
      "Found 16 errors in 1 file (checked 1 source file)"
    ]
  },
  "line_ranges_exceeding_end_de8e88.py": {
    "stats": {
      "total_parameters": 56,
      "parameters_with_annotations": 0
    },
    "error_count": 0,
    "isCompiled": true,
    "errors": []
  },
  "linter_43a04e.py": {
    "stats": {
      "total_parameters": 76,
      "parameters_with_annotations": 0
    },
    "error_count": 0,
    "isCompiled": true,
    "errors": []
  },
  "lock_0a8494.py": {
    "stats": {
      "total_parameters": 13,
      "parameters_with_annotations": 0
    },
    "error_count": 0,
    "isCompiled": true,
    "errors": []
  },
  "logger_f99b27.py": {
    "stats": {
      "total_parameters": 9,
      "parameters_with_annotations": 0
    },
    "error_count": 0,
    "isCompiled": true,
    "errors": []
  },
  "main_be1d12.py": {
    "stats": {
      "total_parameters": 27,
      "parameters_with_annotations": 0
    },
    "error_count": 1,
    "isCompiled": false,
    "errors": [
      "main_be1d12.py:14: error: No parent module -- cannot perform relative import",
      "Found 1 error in 1 file (errors prevented further checking)"
    ]
  },
  "makedoc_4357c2.py": {
    "stats": {
      "total_parameters": 39,
      "parameters_with_annotations": 0
    },
    "error_count": 5,
    "isCompiled": false,
    "errors": [
      "makedoc_4357c2.py:4: error: Library stubs not installed for \"yaml\"  [import-untyped]",
      "makedoc_4357c2.py:4: note: Hint: \"python3 -m pip install types-PyYAML\"",
      "makedoc_4357c2.py:4: note: (or run \"mypy --install-types\" to install all missing stub packages)",
      "makedoc_4357c2.py:4: note: See https://mypy.readthedocs.io/en/stable/running_mypy.html#missing-imports",
      "makedoc_4357c2.py:451: error: \"str\" has no attribute \"decode\"; maybe \"encode\"?  [attr-defined]",
      "Found 2 errors in 1 file (checked 1 source file)"
    ]
  },
  "matplotlib_5964e7.py": {
    "stats": {
      "total_parameters": 161,
      "parameters_with_annotations": 0
    },
    "error_count": 1,
    "isCompiled": false,
    "errors": [
      "matplotlib_5964e7.py:22: error: Module \"matplotlib.axes._base\" has no attribute \"_process_plot_format\"  [attr-defined]",
      "Found 1 error in 1 file (checked 1 source file)"
    ]
  },
  "mccabe_5703d2.py": {
    "stats": {
      "total_parameters": 68,
      "parameters_with_annotations": 0
    },
    "error_count": 0,
    "isCompiled": true,
    "errors": []
  },
  "media_player_468e90.py": {
    "stats": {
      "total_parameters": 48,
      "parameters_with_annotations": 0
    },
    "error_count": 0,
    "isCompiled": true,
    "errors": []
  },
  "media_player_4a0667.py": {
    "stats": {
      "total_parameters": 16,
      "parameters_with_annotations": 0
    },
    "error_count": 2,
    "isCompiled": false,
    "errors": [
      "media_player_4a0667.py:73: error: Need type annotation for \"_attr_source_list\" (hint: \"_attr_source_list: list[<type>] = ...\")  [var-annotated]",
      "media_player_4a0667.py:223: error: Incompatible types in assignment (expression has type \"None\", variable has type \"str\")  [assignment]",
      "Found 2 errors in 1 file (checked 1 source file)"
    ]
  },
  "media_player_846062.py": {
    "stats": {
      "total_parameters": 13,
      "parameters_with_annotations": 0
    },
    "error_count": 0,
    "isCompiled": true,
    "errors": []
  },
  "media_player_b0f7c2.py": {
    "stats": {
      "total_parameters": 61,
      "parameters_with_annotations": 0
    },
    "error_count": 1,
    "isCompiled": false,
    "errors": [
      "media_player_b0f7c2.py:754: error: Module has no attribute \"timeout\"  [attr-defined]",
      "Found 1 error in 1 file (checked 1 source file)"
    ]
  },
  "messages_0d6d46.py": {
    "stats": {
      "total_parameters": 56,
      "parameters_with_annotations": 0
    },
    "error_count": 0,
    "isCompiled": true,
    "errors": []
  },
  "messages_bf1e5c.py": {
    "stats": {
      "total_parameters": 122,
      "parameters_with_annotations": 0
    },
    "error_count": 0,
    "isCompiled": true,
    "errors": []
  },
  "methods_fdfe44.py": {
    "stats": {
      "total_parameters": 150,
      "parameters_with_annotations": 0
    },
    "error_count": 0,
    "isCompiled": true,
    "errors": []
  },
  "metrics_b562d7.py": {
    "stats": {
      "total_parameters": 60,
      "parameters_with_annotations": 0
    },
    "error_count": 0,
    "isCompiled": true,
    "errors": []
  },
  "minserver_4f13e8.py": {
    "stats": {
      "total_parameters": 23,
      "parameters_with_annotations": 0
    },
    "error_count": 5,
    "isCompiled": false,
    "errors": [
      "minserver_4f13e8.py:19: error: Library stubs not installed for \"ujson\"  [import-untyped]",
      "minserver_4f13e8.py:19: note: Hint: \"python3 -m pip install types-ujson\"",
      "minserver_4f13e8.py:19: note: (or run \"mypy --install-types\" to install all missing stub packages)",
      "minserver_4f13e8.py:19: note: See https://mypy.readthedocs.io/en/stable/running_mypy.html#missing-imports",
      "minserver_4f13e8.py:250: error: \"JSONServer\" has no attribute \"logger\"  [attr-defined]",
      "Found 2 errors in 1 file (checked 1 source file)"
    ]
  },
  "missing_a60b28.py": {
    "stats": {
      "total_parameters": 35,
      "parameters_with_annotations": 0
    },
    "error_count": 0,
    "isCompiled": true,
    "errors": []
  },
  "module_b33ece.py": {
    "stats": {
      "total_parameters": 31,
      "parameters_with_annotations": 0
    },
    "error_count": 0,
    "isCompiled": true,
    "errors": []
  },
  "multi_operations_ddfaff.py": {
    "stats": {
      "total_parameters": 62,
      "parameters_with_annotations": 0
    },
    "error_count": 0,
    "isCompiled": true,
    "errors": []
  },
  "multiindex_object_2ee917.py": {
    "stats": {
      "total_parameters": 71,
      "parameters_with_annotations": 0
    },
    "error_count": 0,
    "isCompiled": true,
    "errors": []
  },
  "normalizer_c4fa95.py": {
    "stats": {
      "total_parameters": 61,
      "parameters_with_annotations": 0
    },
    "error_count": 0,
    "isCompiled": true,
    "errors": []
  },
  "openapi_a5fc11.py": {
    "stats": {
      "total_parameters": 22,
      "parameters_with_annotations": 0
    },
    "error_count": 0,
    "isCompiled": true,
    "errors": []
  },
  "package_302a40.py": {
    "stats": {
      "total_parameters": 290,
      "parameters_with_annotations": 0
    },
    "error_count": 8,
    "isCompiled": false,
    "errors": [
      "package_302a40.py:8: error: Library stubs not installed for \"six\"  [import-untyped]",
      "package_302a40.py:8: note: Hint: \"python3 -m pip install types-six\"",
      "package_302a40.py:12: error: Library stubs not installed for \"yaml\"  [import-untyped]",
      "package_302a40.py:13: error: Library stubs not installed for \"yaml.scanner\"  [import-untyped]",
      "package_302a40.py:13: note: Hint: \"python3 -m pip install types-PyYAML\"",
      "package_302a40.py:13: note: (or run \"mypy --install-types\" to install all missing stub packages)",
      "package_302a40.py:13: note: See https://mypy.readthedocs.io/en/stable/running_mypy.html#missing-imports",
      "package_302a40.py:14: error: Library stubs not installed for \"yaml.nodes\"  [import-untyped]",
      "Found 4 errors in 1 file (checked 1 source file)"
    ]
  },
  "param_cbed36.py": {
    "stats": {
      "total_parameters": 19,
      "parameters_with_annotations": 0
    },
    "error_count": 0,
    "isCompiled": true,
    "errors": []
  },
  "parse_7b93d1.py": {
    "stats": {
      "total_parameters": 29,
      "parameters_with_annotations": 0
    },
    "error_count": 1,
    "isCompiled": false,
    "errors": [
      "parse_7b93d1.py:14: error: No parent module -- cannot perform relative import",
      "Found 1 error in 1 file (errors prevented further checking)"
    ]
  },
  "parser_c026a4.py": {
    "stats": {
      "total_parameters": 35,
      "parameters_with_annotations": 0
    },
    "error_count": 0,
    "isCompiled": true,
    "errors": []
  },
  "parser_deb8f1.py": {
    "stats": {
      "total_parameters": 21,
      "parameters_with_annotations": 0
    },
    "error_count": 0,
    "isCompiled": true,
    "errors": []
  },
  "parser_utils_3b717f.py": {
    "stats": {
      "total_parameters": 32,
      "parameters_with_annotations": 0
    },
    "error_count": 0,
    "isCompiled": true,
    "errors": []
  },
  "patchers_000251.py": {
    "stats": {
      "total_parameters": 22,
      "parameters_with_annotations": 0
    },
    "error_count": 2,
    "isCompiled": false,
    "errors": [
      "patchers_000251.py:51: error: Need type annotation for \"_devices\" (hint: \"_devices: list[<type>] = ...\")  [var-annotated]",
      "patchers_000251.py:65: error: Need type annotation for \"_devices\" (hint: \"_devices: list[<type>] = ...\")  [var-annotated]",
      "Found 2 errors in 1 file (checked 1 source file)"
    ]
  },
  "pd_extractors_601e06.py": {
    "stats": {
      "total_parameters": 46,
      "parameters_with_annotations": 0
    },
    "error_count": 0,
    "isCompiled": true,
    "errors": []
  },
  "pep8_82e145.py": {
    "stats": {
      "total_parameters": 59,
      "parameters_with_annotations": 0
    },
    "error_count": 0,
    "isCompiled": true,
    "errors": []
  },
  "pep_570_5b7cab.py": {
    "stats": {
      "total_parameters": 6,
      "parameters_with_annotations": 0
    },
    "error_count": 0,
    "isCompiled": true,
    "errors": []
  },
  "pipeline_2e0d3e.py": {
    "stats": {
      "total_parameters": 76,
      "parameters_with_annotations": 0
    },
    "error_count": 4,
    "isCompiled": false,
    "errors": [
      "pipeline_2e0d3e.py:5: error: Library stubs not installed for \"yaml\"  [import-untyped]",
      "pipeline_2e0d3e.py:5: note: Hint: \"python3 -m pip install types-PyYAML\"",
      "pipeline_2e0d3e.py:5: note: (or run \"mypy --install-types\" to install all missing stub packages)",
      "pipeline_2e0d3e.py:5: note: See https://mypy.readthedocs.io/en/stable/running_mypy.html#missing-imports",
      "Found 1 error in 1 file (checked 1 source file)"
    ]
  },
  "player_035866.py": {
    "stats": {
      "total_parameters": 77,
      "parameters_with_annotations": 0
    },
    "error_count": 1,
    "isCompiled": false,
    "errors": [
      "player_035866.py:17: error: No parent module -- cannot perform relative import",
      "Found 1 error in 1 file (errors prevented further checking)"
    ]
  },
  "pong_48dbec.py": {
    "stats": {
      "total_parameters": 60,
      "parameters_with_annotations": 0
    },
    "error_count": 6,
    "isCompiled": false,
    "errors": [
      "pong_48dbec.py:1: error: Name \"__pragma__\" is not defined  [name-defined]",
      "pong_48dbec.py:3: error: Name \"__pragma__\" is not defined  [name-defined]",
      "pong_48dbec.py:5: error: Name \"__pragma__\" is not defined  [name-defined]",
      "pong_48dbec.py:15: error: \"int\" has no attribute \"onkeydown\"  [attr-defined]",
      "pong_48dbec.py:48: error: Name \"__pragma__\" is not defined  [name-defined]",
      "pong_48dbec.py:57: error: Name \"__pragma__\" is not defined  [name-defined]",
      "Found 6 errors in 1 file (checked 1 source file)"
    ]
  },
  "pool_9fd38f.py": {
    "stats": {
      "total_parameters": 26,
      "parameters_with_annotations": 0
    },
    "error_count": 1,
    "isCompiled": false,
    "errors": [
      "pool_9fd38f.py:5: error: No parent module -- cannot perform relative import",
      "Found 1 error in 1 file (errors prevented further checking)"
    ]
  },
  "poolmanager_263b1b.py": {
    "stats": {
      "total_parameters": 50,
      "parameters_with_annotations": 0
    },
    "error_count": 9,
    "isCompiled": false,
    "errors": [
      "poolmanager_263b1b.py:6: error: Relative import climbs too many namespaces  [misc]",
      "poolmanager_263b1b.py:7: error: Relative import climbs too many namespaces  [misc]",
      "poolmanager_263b1b.py:9: error: Relative import climbs too many namespaces  [misc]",
      "poolmanager_263b1b.py:10: error: Relative import climbs too many namespaces  [misc]",
      "poolmanager_263b1b.py:11: error: Relative import climbs too many namespaces  [misc]",
      "poolmanager_263b1b.py:12: error: Relative import climbs too many namespaces  [misc]",
      "poolmanager_263b1b.py:13: error: Relative import climbs too many namespaces  [misc]",
      "poolmanager_263b1b.py:14: error: Relative import climbs too many namespaces  [misc]",
      "poolmanager_263b1b.py:56: error: List or tuple literal expected as the second argument to \"namedtuple()\"  [misc]",
      "Found 9 errors in 1 file (checked 1 source file)"
    ]
  },
  "poolmanager_9d2f2e.py": {
    "stats": {
      "total_parameters": 54,
      "parameters_with_annotations": 0
    },
    "error_count": 9,
    "isCompiled": false,
    "errors": [
      "poolmanager_9d2f2e.py:6: error: Relative import climbs too many namespaces  [misc]",
      "poolmanager_9d2f2e.py:7: error: Relative import climbs too many namespaces  [misc]",
      "poolmanager_9d2f2e.py:9: error: Relative import climbs too many namespaces  [misc]",
      "poolmanager_9d2f2e.py:10: error: Relative import climbs too many namespaces  [misc]",
      "poolmanager_9d2f2e.py:11: error: Relative import climbs too many namespaces  [misc]",
      "poolmanager_9d2f2e.py:12: error: Relative import climbs too many namespaces  [misc]",
      "poolmanager_9d2f2e.py:13: error: Relative import climbs too many namespaces  [misc]",
      "poolmanager_9d2f2e.py:14: error: Relative import climbs too many namespaces  [misc]",
      "poolmanager_9d2f2e.py:56: error: List or tuple literal expected as the second argument to \"namedtuple()\"  [misc]",
      "Found 9 errors in 1 file (checked 1 source file)"
    ]
  },
  "prefix_7be09c.py": {
    "stats": {
      "total_parameters": 12,
      "parameters_with_annotations": 0
    },
    "error_count": 0,
    "isCompiled": true,
    "errors": []
  },
  "project_2d0af1.py": {
    "stats": {
      "total_parameters": 33,
      "parameters_with_annotations": 0
    },
    "error_count": 0,
    "isCompiled": true,
    "errors": []
  },
  "pycodestyle_b15d51.py": {
    "stats": {
      "total_parameters": 214,
      "parameters_with_annotations": 0
    },
    "error_count": 3,
    "isCompiled": false,
    "errors": [
      "pycodestyle_b15d51.py:88: error: Incompatible types in assignment (expression has type \"None\", variable has type \"str\")  [assignment]",
      "pycodestyle_b15d51.py:109: error: Unsupported left operand type for + (\"Sequence[str]\")  [operator]",
      "pycodestyle_b15d51.py:161: error: Need type annotation for \"_checks\"  [var-annotated]",
      "Found 3 errors in 1 file (checked 1 source file)"
    ]
  },
  "pyopenssl_014c19.py": {
    "stats": {
      "total_parameters": 60,
      "parameters_with_annotations": 0
    },
    "error_count": 1,
    "isCompiled": false,
    "errors": [
      "pyopenssl_014c19.py:64: error: No parent module -- cannot perform relative import",
      "Found 1 error in 1 file (errors prevented further checking)"
    ]
  },
  "pysteroids_ffbac0.py": {
    "stats": {
      "total_parameters": 36,
      "parameters_with_annotations": 0
    },
    "error_count": 1,
    "isCompiled": false,
    "errors": [
      "pysteroids_ffbac0.py:347: error: Name \"document\" is not defined  [name-defined]",
      "Found 1 error in 1 file (checked 1 source file)"
    ]
  },
  "pystone_d804b9.py": {
    "stats": {
      "total_parameters": 25,
      "parameters_with_annotations": 0
    },
    "error_count": 0,
    "isCompiled": true,
    "errors": []
  },
  "pystone_orig_03dfcb.py": {
    "stats": {
      "total_parameters": 26,
      "parameters_with_annotations": 0
    },
    "error_count": 1,
    "isCompiled": false,
    "errors": [
      "pystone_orig_03dfcb.py:37: error: Module \"time\" has no attribute \"clock\"  [attr-defined]",
      "Found 1 error in 1 file (checked 1 source file)"
    ]
  },
  "python_lint_handler_d8f325.py": {
    "stats": {
      "total_parameters": 34,
      "parameters_with_annotations": 0
    },
    "error_count": 0,
    "isCompiled": true,
    "errors": []
  },
  "pytree_2ac25d.py": {
    "stats": {
      "total_parameters": 127,
      "parameters_with_annotations": 0
    },
    "error_count": 2,
    "isCompiled": false,
    "errors": [
      "pytree_2ac25d.py:21: error: Need type annotation for \"_type_reprs\" (hint: \"_type_reprs: dict[<type>, <type>] = ...\")  [var-annotated]",
      "pytree_2ac25d.py:65: error: Incompatible types in assignment (expression has type \"None\", base class \"object\" defined the type as \"Callable[[], int]\")  [assignment]",
      "Found 2 errors in 1 file (checked 1 source file)"
    ]
  },
  "random_033806.py": {
    "stats": {
      "total_parameters": 37,
      "parameters_with_annotations": 0
    },
    "error_count": 0,
    "isCompiled": true,
    "errors": []
  },
  "randomized_block_tests_8fb192.py": {
    "stats": {
      "total_parameters": 111,
      "parameters_with_annotations": 0
    },
    "error_count": 0,
    "isCompiled": true,
    "errors": []
  },
  "red_test_90d8dd.py": {
    "stats": {
      "total_parameters": 45,
      "parameters_with_annotations": 0
    },
    "error_count": 0,
    "isCompiled": true,
    "errors": []
  },
  "ref_resolver_4b8223.py": {
    "stats": {
      "total_parameters": 55,
      "parameters_with_annotations": 0
    },
    "error_count": 7,
    "isCompiled": false,
    "errors": [
      "ref_resolver_4b8223.py:6: error: Library stubs not installed for \"requests\"  [import-untyped]",
      "ref_resolver_4b8223.py:6: note: Hint: \"python3 -m pip install types-requests\"",
      "ref_resolver_4b8223.py:6: note: (or run \"mypy --install-types\" to install all missing stub packages)",
      "ref_resolver_4b8223.py:6: note: See https://mypy.readthedocs.io/en/stable/running_mypy.html#missing-imports",
      "ref_resolver_4b8223.py:8: error: Library stubs not installed for \"yaml\"  [import-untyped]",
      "ref_resolver_4b8223.py:8: note: Hint: \"python3 -m pip install types-PyYAML\"",
      "ref_resolver_4b8223.py:19: error: Name \"unicode\" is not defined  [name-defined]",
      "Found 3 errors in 1 file (checked 1 source file)"
    ]
  },
  "refactor_3077ca.py": {
    "stats": {
      "total_parameters": 89,
      "parameters_with_annotations": 0
    },
    "error_count": 3,
    "isCompiled": false,
    "errors": [
      "refactor_3077ca.py:28: error: No parent module -- cannot perform relative import",
      "refactor_3077ca.py:29: error: No parent module -- cannot perform relative import",
      "refactor_3077ca.py:30: error: No parent module -- cannot perform relative import",
      "Found 3 errors in 1 file (errors prevented further checking)"
    ]
  },
  "references_c4be98.py": {
    "stats": {
      "total_parameters": 36,
      "parameters_with_annotations": 0
    },
    "error_count": 0,
    "isCompiled": true,
    "errors": []
  },
  "regex_202471.py": {
    "stats": {
      "total_parameters": 39,
      "parameters_with_annotations": 0
    },
    "error_count": 0,
    "isCompiled": true,
    "errors": []
  },
  "regions_ce690d.py": {
    "stats": {
      "total_parameters": 40,
      "parameters_with_annotations": 0
    },
    "error_count": 1,
    "isCompiled": false,
    "errors": [
      "regions_ce690d.py:26: error: Need type annotation for \"DEFAULT_SERVICE_DATA\"  [var-annotated]",
      "Found 1 error in 1 file (checked 1 source file)"
    ]
  },
  "reject_06c37d.py": {
    "stats": {
      "total_parameters": 14,
      "parameters_with_annotations": 0
    },
    "error_count": 0,
    "isCompiled": true,
    "errors": []
  },
  "rekognition_c54474.py": {
    "stats": {
      "total_parameters": 15,
      "parameters_with_annotations": 0
    },
    "error_count": 0,
    "isCompiled": true,
    "errors": []
  },
  "remote_939ae3.py": {
    "stats": {
      "total_parameters": 17,
      "parameters_with_annotations": 0
    },
    "error_count": 0,
    "isCompiled": true,
    "errors": []
  },
  "remote_ip_c6c5d8.py": {
    "stats": {
      "total_parameters": 14,
      "parameters_with_annotations": 0
    },
    "error_count": 0,
    "isCompiled": true,
    "errors": []
  },
  "remoteclient_c4932f.py": {
    "stats": {
      "total_parameters": 32,
      "parameters_with_annotations": 0
    },
    "error_count": 4,
    "isCompiled": false,
    "errors": [
      "remoteclient_c4932f.py:2: error: Library stubs not installed for \"requests\"  [import-untyped]",
      "remoteclient_c4932f.py:2: note: Hint: \"python3 -m pip install types-requests\"",
      "remoteclient_c4932f.py:2: note: (or run \"mypy --install-types\" to install all missing stub packages)",
      "remoteclient_c4932f.py:2: note: See https://mypy.readthedocs.io/en/stable/running_mypy.html#missing-imports",
      "Found 1 error in 1 file (checked 1 source file)"
    ]
  },
  "reporter_4f7bfa.py": {
    "stats": {
      "total_parameters": 14,
      "parameters_with_annotations": 0
    },
    "error_count": 0,
    "isCompiled": true,
    "errors": []
  },
  "reporter_7fc9be.py": {
    "stats": {
      "total_parameters": 14,
      "parameters_with_annotations": 0
    },
    "error_count": 0,
    "isCompiled": true,
    "errors": []
  },
  "request_4f1f32.py": {
    "stats": {
      "total_parameters": 26,
      "parameters_with_annotations": 0
    },
    "error_count": 0,
    "isCompiled": true,
    "errors": []
  },
  "response_365c37.py": {
    "stats": {
      "total_parameters": 56,
      "parameters_with_annotations": 0
    },
    "error_count": 4,
    "isCompiled": false,
    "errors": [
      "response_365c37.py:11: error: Relative import climbs too many namespaces  [misc]",
      "response_365c37.py:12: error: Relative import climbs too many namespaces  [misc]",
      "response_365c37.py:13: error: Relative import climbs too many namespaces  [misc]",
      "response_365c37.py:14: error: Relative import climbs too many namespaces  [misc]",
      "Found 4 errors in 1 file (checked 1 source file)"
    ]
  },
  "response_563505.py": {
    "stats": {
      "total_parameters": 49,
      "parameters_with_annotations": 0
    },
    "error_count": 4,
    "isCompiled": false,
    "errors": [
      "response_563505.py:11: error: Relative import climbs too many namespaces  [misc]",
      "response_563505.py:12: error: Relative import climbs too many namespaces  [misc]",
      "response_563505.py:13: error: Relative import climbs too many namespaces  [misc]",
      "response_563505.py:14: error: Relative import climbs too many namespaces  [misc]",
      "Found 4 errors in 1 file (checked 1 source file)"
    ]
  },
  "retry_71dc8b.py": {
    "stats": {
      "total_parameters": 47,
      "parameters_with_annotations": 0
    },
    "error_count": 3,
    "isCompiled": false,
    "errors": [
      "retry_71dc8b.py:9: error: Relative import climbs too many namespaces  [misc]",
      "retry_71dc8b.py:17: error: Relative import climbs too many namespaces  [misc]",
      "retry_71dc8b.py:419: error: \"type[Retry]\" has no attribute \"DEFAULT\"  [attr-defined]",
      "Found 3 errors in 1 file (checked 1 source file)"
    ]
  },
  "rewards_039ecf.py": {
    "stats": {
      "total_parameters": 76,
      "parameters_with_annotations": 0
    },
    "error_count": 0,
    "isCompiled": true,
    "errors": []
  },
  "ricequant_follower_c10508.py": {
    "stats": {
      "total_parameters": 21,
      "parameters_with_annotations": 0
    },
    "error_count": 0,
    "isCompiled": true,
    "errors": []
  },
  "rolling_129721.py": {
    "stats": {
      "total_parameters": 148,
      "parameters_with_annotations": 0
    },
    "error_count": 3,
    "isCompiled": false,
    "errors": [
      "rolling_129721.py:164: error: List item 0 has incompatible type \"str\"; expected \"tuple[str, dict[str, int]]\"  [list-item]",
      "rolling_129721.py:164: error: List item 1 has incompatible type \"str\"; expected \"tuple[str, dict[str, int]]\"  [list-item]",
      "rolling_129721.py:164: error: List item 2 has incompatible type \"str\"; expected \"tuple[str, dict[str, int]]\"  [list-item]",
      "Found 3 errors in 1 file (checked 1 source file)"
    ]
  },
  "scheduler_tests_223cad.py": {
    "stats": {
      "total_parameters": 21,
      "parameters_with_annotations": 0
    },
    "error_count": 0,
    "isCompiled": true,
    "errors": []
  },
  "securetransport_9efd99.py": {
    "stats": {
      "total_parameters": 77,
      "parameters_with_annotations": 0
    },
    "error_count": 1,
    "isCompiled": false,
    "errors": [
      "securetransport_9efd99.py:39: error: No parent module -- cannot perform relative import",
      "Found 1 error in 1 file (errors prevented further checking)"
    ]
  },
  "sensor_1533dd.py": {
    "stats": {
      "total_parameters": 18,
      "parameters_with_annotations": 0
    },
    "error_count": 0,
    "isCompiled": true,
    "errors": []
  },
  "sensor_51937f.py": {
    "stats": {
      "total_parameters": 25,
      "parameters_with_annotations": 0
    },
    "error_count": 0,
    "isCompiled": true,
    "errors": []
  },
  "sensor_653267.py": {
    "stats": {
      "total_parameters": 14,
      "parameters_with_annotations": 0
    },
    "error_count": 0,
    "isCompiled": true,
    "errors": []
  },
  "sensor_687ec5.py": {
    "stats": {
      "total_parameters": 25,
      "parameters_with_annotations": 0
    },
    "error_count": 0,
    "isCompiled": true,
    "errors": []
  },
  "sensor_7457a0.py": {
    "stats": {
      "total_parameters": 11,
      "parameters_with_annotations": 0
    },
    "error_count": 0,
    "isCompiled": true,
    "errors": []
  },
  "sensor_912d78.py": {
    "stats": {
      "total_parameters": 11,
      "parameters_with_annotations": 0
    },
    "error_count": 1,
    "isCompiled": false,
    "errors": [
      "sensor_912d78.py:13: error: No parent module -- cannot perform relative import",
      "Found 1 error in 1 file (errors prevented further checking)"
    ]
  },
  "sensor_c9d852.py": {
    "stats": {
      "total_parameters": 16,
      "parameters_with_annotations": 0
    },
    "error_count": 0,
    "isCompiled": true,
    "errors": []
  },
  "sensor_cc9362.py": {
    "stats": {
      "total_parameters": 11,
      "parameters_with_annotations": 0
    },
    "error_count": 1,
    "isCompiled": false,
    "errors": [
      "sensor_cc9362.py:12: error: No parent module -- cannot perform relative import",
      "Found 1 error in 1 file (errors prevented further checking)"
    ]
  },
  "sensor_device_4e1fbf.py": {
    "stats": {
      "total_parameters": 11,
      "parameters_with_annotations": 0
    },
    "error_count": 1,
    "isCompiled": false,
    "errors": [
      "sensor_device_4e1fbf.py:6: error: Relative import climbs too many namespaces  [misc]",
      "Found 1 error in 1 file (checked 1 source file)"
    ]
  },
  "sensor_e47032.py": {
    "stats": {
      "total_parameters": 16,
      "parameters_with_annotations": 0
    },
    "error_count": 0,
    "isCompiled": true,
    "errors": []
  },
  "sensor_e842c4.py": {
    "stats": {
      "total_parameters": 35,
      "parameters_with_annotations": 0
    },
    "error_count": 1,
    "isCompiled": false,
    "errors": [
      "sensor_e842c4.py:51: error: No parent module -- cannot perform relative import",
      "Found 1 error in 1 file (errors prevented further checking)"
    ]
  },
  "server_b7a3d9.py": {
    "stats": {
      "total_parameters": 23,
      "parameters_with_annotations": 0
    },
    "error_count": 0,
    "isCompiled": true,
    "errors": []
  },
  "shard_block_395422.py": {
    "stats": {
      "total_parameters": 21,
      "parameters_with_annotations": 0
    },
    "error_count": 0,
    "isCompiled": true,
    "errors": []
  },
  "shipment_test_10d843.py": {
    "stats": {
      "total_parameters": 16,
      "parameters_with_annotations": 0
    },
    "error_count": 6,
    "isCompiled": false,
    "errors": [
      "shipment_test_10d843.py:132: error: \"CommandArgs\" has no attribute \"transcom\"  [attr-defined]",
      "shipment_test_10d843.py:132: error: \"CommandArgs\" has no attribute \"inst\"  [attr-defined]",
      "shipment_test_10d843.py:146: error: \"CommandArgs\" has no attribute \"blind\"  [attr-defined]",
      "shipment_test_10d843.py:150: error: \"CommandArgs\" has no attribute \"unattended\"  [attr-defined]",
      "shipment_test_10d843.py:255: error: \"CommandArgs\" has no attribute \"fcall\"  [attr-defined]",
      "shipment_test_10d843.py:317: error: \"CommandArgs\" has no attribute \"unattended\"  [attr-defined]",
      "Found 6 errors in 1 file (checked 1 source file)"
    ]
  },
  "show_0b8fd6.py": {
    "stats": {
      "total_parameters": 17,
      "parameters_with_annotations": 0
    },
    "error_count": 0,
    "isCompiled": true,
    "errors": []
  },
  "signature_02ba12.py": {
    "stats": {
      "total_parameters": 38,
      "parameters_with_annotations": 0
    },
    "error_count": 0,
    "isCompiled": true,
    "errors": []
  },
  "simulationresult_ec673f.py": {
    "stats": {
      "total_parameters": 10,
      "parameters_with_annotations": 0
    },
    "error_count": 0,
    "isCompiled": true,
    "errors": []
  },
  "six_36a467.py": {
    "stats": {
      "total_parameters": 96,
      "parameters_with_annotations": 0
    },
    "error_count": 10,
    "isCompiled": false,
    "errors": [
      "six_36a467.py:136: error: Need type annotation for \"_moved_attributes\" (hint: \"_moved_attributes: list[<type>] = ...\")  [var-annotated]",
      "six_36a467.py:528: error: Incompatible redefinition (redefinition with type \"Callable[[Any], Any]\", original type overloaded function)  [misc]",
      "six_36a467.py:536: error: All conditional function variants must have identical signatures  [misc]",
      "six_36a467.py:536: note: Original:",
      "six_36a467.py:536: note:     def callable(object, /) -> TypeIs[Callable[..., object]]",
      "six_36a467.py:536: note: Redefinition:",
      "six_36a467.py:536: note:     def callable(obj: Any) -> Any",
      "six_36a467.py:867: error: Need type annotation for \"__path__\" (hint: \"__path__: list[<type>] = ...\")  [var-annotated]",
      "six_36a467.py:881: error: \"MetaPathFinderProtocol\" has no attribute \"name\"  [attr-defined]",
      "six_36a467.py:886: error: Argument 1 to \"append\" of \"list\" has incompatible type \"_SixMetaPathImporter\"; expected \"MetaPathFinderProtocol\"  [arg-type]",
      "Found 6 errors in 1 file (checked 1 source file)"
    ]
  },
  "six_75db7b.py": {
    "stats": {
      "total_parameters": 96,
      "parameters_with_annotations": 0
    },
    "error_count": 10,
    "isCompiled": false,
    "errors": [
      "six_75db7b.py:127: error: Need type annotation for \"_moved_attributes\" (hint: \"_moved_attributes: list[<type>] = ...\")  [var-annotated]",
      "six_75db7b.py:518: error: Incompatible redefinition (redefinition with type \"Callable[[Any], Any]\", original type overloaded function)  [misc]",
      "six_75db7b.py:527: error: All conditional function variants must have identical signatures  [misc]",
      "six_75db7b.py:527: note: Original:",
      "six_75db7b.py:527: note:     def callable(object, /) -> TypeIs[Callable[..., object]]",
      "six_75db7b.py:527: note: Redefinition:",
      "six_75db7b.py:527: note:     def callable(obj: Any) -> Any",
      "six_75db7b.py:876: error: Need type annotation for \"__path__\" (hint: \"__path__: list[<type>] = ...\")  [var-annotated]",
      "six_75db7b.py:891: error: \"MetaPathFinderProtocol\" has no attribute \"name\"  [attr-defined]",
      "six_75db7b.py:898: error: Argument 1 to \"append\" of \"list\" has incompatible type \"_SixMetaPathImporter\"; expected \"MetaPathFinderProtocol\"  [arg-type]",
      "Found 6 errors in 1 file (checked 1 source file)"
    ]
  },
  "sourcemaps_0942d0.py": {
    "stats": {
      "total_parameters": 27,
      "parameters_with_annotations": 0
    },
    "error_count": 0,
    "isCompiled": true,
    "errors": []
  },
  "sparse_a2c123.py": {
    "stats": {
      "total_parameters": 75,
      "parameters_with_annotations": 0
    },
    "error_count": 0,
    "isCompiled": true,
    "errors": []
  },
  "sphere_97cb66.py": {
    "stats": {
      "total_parameters": 338,
      "parameters_with_annotations": 0
    },
    "error_count": 1,
    "isCompiled": false,
    "errors": [
      "sphere_97cb66.py:43: error: Need type annotation for \"metrics\" (hint: \"metrics: dict[<type>, <type>] = ...\")  [var-annotated]",
      "Found 1 error in 1 file (checked 1 source file)"
    ]
  },
  "ssl__3d74a8.py": {
    "stats": {
      "total_parameters": 42,
      "parameters_with_annotations": 0
    },
    "error_count": 5,
    "isCompiled": false,
    "errors": [
      "ssl__3d74a8.py:10: error: Relative import climbs too many namespaces  [misc]",
      "ssl__3d74a8.py:11: error: Relative import climbs too many namespaces  [misc]",
      "ssl__3d74a8.py:53: error: Incompatible types in assignment (expression has type \"int\", variable has type \"Options\")  [assignment]",
      "ssl__3d74a8.py:54: error: Incompatible types in assignment (expression has type \"int\", variable has type \"Options\")  [assignment]",
      "ssl__3d74a8.py:91: error: Incompatible import of \"SSLContext\" (imported name has type \"type[SSLContext]\", local name has type \"object\")  [assignment]",
      "Found 5 errors in 1 file (checked 1 source file)"
    ]
  },
  "stack_621148.py": {
    "stats": {
      "total_parameters": 14,
      "parameters_with_annotations": 0
    },
    "error_count": 0,
    "isCompiled": true,
    "errors": []
  },
  "stdlib_4fd1ea.py": {
    "stats": {
      "total_parameters": 178,
      "parameters_with_annotations": 0
    },
    "error_count": 0,
    "isCompiled": true,
    "errors": []
  },
  "storage_ecdafa.py": {
    "stats": {
      "total_parameters": 9,
      "parameters_with_annotations": 0
    },
    "error_count": 0,
    "isCompiled": true,
    "errors": []
  },
  "stream_info_00b540.py": {
    "stats": {
      "total_parameters": 28,
      "parameters_with_annotations": 0
    },
    "error_count": 0,
    "isCompiled": true,
    "errors": []
  },
  "strings_7e2259.py": {
    "stats": {
      "total_parameters": 134,
      "parameters_with_annotations": 0
    },
    "error_count": 3,
    "isCompiled": false,
    "errors": [
      "strings_7e2259.py:217: error: Incompatible types in assignment (expression has type \"tuple[list[str], list[bool]]\", base class \"Dtypes\" defined the type as \"list[str]\")  [assignment]",
      "strings_7e2259.py:228: error: Incompatible types in assignment (expression has type \"tuple[list[str], list[bool]]\", base class \"Dtypes\" defined the type as \"list[str]\")  [assignment]",
      "strings_7e2259.py:243: error: Incompatible types in assignment (expression has type \"tuple[list[str], list[bool]]\", base class \"Dtypes\" defined the type as \"list[str]\")  [assignment]",
      "Found 3 errors in 1 file (checked 1 source file)"
    ]
  },
  "strings_c18fe4.py": {
    "stats": {
      "total_parameters": 22,
      "parameters_with_annotations": 0
    },
    "error_count": 0,
    "isCompiled": true,
    "errors": []
  },
  "sublime_b6199e.py": {
    "stats": {
      "total_parameters": 30,
      "parameters_with_annotations": 0
    },
    "error_count": 1,
    "isCompiled": false,
    "errors": [
      "sublime_b6199e.py:12: error: No parent module -- cannot perform relative import",
      "Found 1 error in 1 file (errors prevented further checking)"
    ]
  },
  "swagger_c55f37.py": {
    "stats": {
      "total_parameters": 22,
      "parameters_with_annotations": 0
    },
    "error_count": 0,
    "isCompiled": true,
    "errors": []
  },
  "switch_10de32.py": {
    "stats": {
      "total_parameters": 10,
      "parameters_with_annotations": 0
    },
    "error_count": 1,
    "isCompiled": false,
    "errors": [
      "switch_10de32.py:13: error: No parent module -- cannot perform relative import",
      "Found 1 error in 1 file (errors prevented further checking)"
    ]
  },
  "switch_1b5725.py": {
    "stats": {
      "total_parameters": 39,
      "parameters_with_annotations": 0
    },
    "error_count": 0,
    "isCompiled": true,
    "errors": []
  },
  "switch_67758e.py": {
    "stats": {
      "total_parameters": 21,
      "parameters_with_annotations": 0
    },
    "error_count": 0,
    "isCompiled": true,
    "errors": []
  },
  "switch_71a6f5.py": {
    "stats": {
      "total_parameters": 10,
      "parameters_with_annotations": 0
    },
    "error_count": 1,
    "isCompiled": false,
    "errors": [
      "switch_71a6f5.py:14: error: No parent module -- cannot perform relative import",
      "Found 1 error in 1 file (errors prevented further checking)"
    ]
  },
  "switch_8d0b59.py": {
    "stats": {
      "total_parameters": 16,
      "parameters_with_annotations": 0
    },
    "error_count": 0,
    "isCompiled": true,
    "errors": []
  },
  "switch_a299a8.py": {
    "stats": {
      "total_parameters": 14,
      "parameters_with_annotations": 0
    },
    "error_count": 1,
    "isCompiled": false,
    "errors": [
      "switch_a299a8.py:10: error: No parent module -- cannot perform relative import",
      "Found 1 error in 1 file (errors prevented further checking)"
    ]
  },
  "switch_c85c80.py": {
    "stats": {
      "total_parameters": 15,
      "parameters_with_annotations": 0
    },
    "error_count": 0,
    "isCompiled": true,
    "errors": []
  },
  "sync_backend_1b9465.py": {
    "stats": {
      "total_parameters": 27,
      "parameters_with_annotations": 0
    },
    "error_count": 3,
    "isCompiled": false,
    "errors": [
      "sync_backend_1b9465.py:4: error: Relative import climbs too many namespaces  [misc]",
      "sync_backend_1b9465.py:5: error: Relative import climbs too many namespaces  [misc]",
      "sync_backend_1b9465.py:6: error: Relative import climbs too many namespaces  [misc]",
      "Found 3 errors in 1 file (checked 1 source file)"
    ]
  },
  "sync_committee_b34f1b.py": {
    "stats": {
      "total_parameters": 45,
      "parameters_with_annotations": 0
    },
    "error_count": 0,
    "isCompiled": true,
    "errors": []
  },
  "syntax_tree_78a1cf.py": {
    "stats": {
      "total_parameters": 55,
      "parameters_with_annotations": 0
    },
    "error_count": 0,
    "isCompiled": true,
    "errors": []
  },
  "tcpclient_test_1d9a53.py": {
    "stats": {
      "total_parameters": 64,
      "parameters_with_annotations": 0
    },
    "error_count": 0,
    "isCompiled": true,
    "errors": []
  },
  "test_accessor_fe2995.py": {
    "stats": {
      "total_parameters": 32,
      "parameters_with_annotations": 0
    },
    "error_count": 0,
    "isCompiled": true,
    "errors": []
  },
  "test_actor_a36a25.py": {
    "stats": {
      "total_parameters": 11,
      "parameters_with_annotations": 0
    },
    "error_count": 0,
    "isCompiled": true,
    "errors": []
  },
  "test_aggregate_1eee57.py": {
    "stats": {
      "total_parameters": 101,
      "parameters_with_annotations": 0
    },
    "error_count": 0,
    "isCompiled": true,
    "errors": []
  },
  "test_aiokafka_784fbc.py": {
    "stats": {
      "total_parameters": 147,
      "parameters_with_annotations": 0
    },
    "error_count": 1,
    "isCompiled": false,
    "errors": [
      "test_aiokafka_784fbc.py:465: error: Incompatible types in assignment (expression has type \"None\", base class \"test_verify_event_path_base\" defined the type as \"int\")  [assignment]",
      "Found 1 error in 1 file (checked 1 source file)"
    ]
  },
  "test_alerts_3e2087.py": {
    "stats": {
      "total_parameters": 29,
      "parameters_with_annotations": 0
    },
    "error_count": 0,
    "isCompiled": true,
    "errors": []
  },
  "test_align_09e7a1.py": {
    "stats": {
      "total_parameters": 9,
      "parameters_with_annotations": 0
    },
    "error_count": 0,
    "isCompiled": true,
    "errors": []
  },
  "test_analytics_c6af0b.py": {
    "stats": {
      "total_parameters": 45,
      "parameters_with_annotations": 0
    },
    "error_count": 0,
    "isCompiled": true,
    "errors": []
  },
  "test_api_0e252b.py": {
    "stats": {
      "total_parameters": 66,
      "parameters_with_annotations": 0
    },
    "error_count": 0,
    "isCompiled": true,
    "errors": []
  },
  "test_api_125d2c.py": {
    "stats": {
      "total_parameters": 33,
      "parameters_with_annotations": 0
    },
    "error_count": 0,
    "isCompiled": true,
    "errors": []
  },
  "test_api_6f44ac.py": {
    "stats": {
      "total_parameters": 14,
      "parameters_with_annotations": 0
    },
    "error_count": 0,
    "isCompiled": true,
    "errors": []
  },
  "test_api_8216ac.py": {
    "stats": {
      "total_parameters": 19,
      "parameters_with_annotations": 0
    },
    "error_count": 0,
    "isCompiled": true,
    "errors": []
  },
  "test_api_917878.py": {
    "stats": {
      "total_parameters": 77,
      "parameters_with_annotations": 0
    },
    "error_count": 2,
    "isCompiled": false,
    "errors": [
      "test_api_917878.py:29: error: Module has no attribute \"pypy_version_info\"  [attr-defined]",
      "test_api_917878.py:35: error: Name \"WindowsError\" is not defined  [name-defined]",
      "Found 2 errors in 1 file (checked 1 source file)"
    ]
  },
  "test_app_95245f.py": {
    "stats": {
      "total_parameters": 381,
      "parameters_with_annotations": 0
    },
    "error_count": 4,
    "isCompiled": false,
    "errors": [
      "test_app_95245f.py:15: error: Library stubs not installed for \"six\"  [import-untyped]",
      "test_app_95245f.py:15: note: Hint: \"python3 -m pip install types-six\"",
      "test_app_95245f.py:15: note: (or run \"mypy --install-types\" to install all missing stub packages)",
      "test_app_95245f.py:15: note: See https://mypy.readthedocs.io/en/stable/running_mypy.html#missing-imports",
      "Found 1 error in 1 file (checked 1 source file)"
    ]
  },
  "test_app_9a2346.py": {
    "stats": {
      "total_parameters": 25,
      "parameters_with_annotations": 0
    },
    "error_count": 0,
    "isCompiled": true,
    "errors": []
  },
  "test_app_e3d659.py": {
    "stats": {
      "total_parameters": 111,
      "parameters_with_annotations": 0
    },
    "error_count": 6,
    "isCompiled": false,
    "errors": [
      "test_app_e3d659.py:9: error: Library stubs not installed for \"pytz\"  [import-untyped]",
      "test_app_e3d659.py:9: note: Hint: \"python3 -m pip install types-pytz\"",
      "test_app_e3d659.py:9: note: (or run \"mypy --install-types\" to install all missing stub packages)",
      "test_app_e3d659.py:9: note: See https://mypy.readthedocs.io/en/stable/running_mypy.html#missing-imports",
      "test_app_e3d659.py:686: error: Function \"test_app_e3d659.test_settings.App\" is not valid as a type  [valid-type]",
      "test_app_e3d659.py:686: note: Perhaps you need \"Callable[...]\" or a callback protocol?",
      "Found 2 errors in 1 file (checked 1 source file)"
    ]
  },
  "test_appgraph_6f35e2.py": {
    "stats": {
      "total_parameters": 95,
      "parameters_with_annotations": 0
    },
    "error_count": 0,
    "isCompiled": true,
    "errors": []
  },
  "test_arithmetic_e20900.py": {
    "stats": {
      "total_parameters": 166,
      "parameters_with_annotations": 0
    },
    "error_count": 0,
    "isCompiled": true,
    "errors": []
  },
  "test_arithmetic_ef3dfe.py": {
    "stats": {
      "total_parameters": 98,
      "parameters_with_annotations": 0
    },
    "error_count": 0,
    "isCompiled": true,
    "errors": []
  },
  "test_arithmetic_f016de.py": {
    "stats": {
      "total_parameters": 29,
      "parameters_with_annotations": 0
    },
    "error_count": 0,
    "isCompiled": true,
    "errors": []
  },
  "test_arrays_9fefe1.py": {
    "stats": {
      "total_parameters": 100,
      "parameters_with_annotations": 0
    },
    "error_count": 0,
    "isCompiled": true,
    "errors": []
  },
  "test_assert_frame_equal_d9bb56.py": {
    "stats": {
      "total_parameters": 32,
      "parameters_with_annotations": 0
    },
    "error_count": 0,
    "isCompiled": true,
    "errors": []
  },
  "test_awsclient_21d219.py": {
    "stats": {
      "total_parameters": 53,
      "parameters_with_annotations": 0
    },
    "error_count": 0,
    "isCompiled": true,
    "errors": []
  },
  "test_bar_9978a0.py": {
    "stats": {
      "total_parameters": 40,
      "parameters_with_annotations": 0
    },
    "error_count": 0,
    "isCompiled": true,
    "errors": []
  },
  "test_base_299dbf.py": {
    "stats": {
      "total_parameters": 34,
      "parameters_with_annotations": 0
    },
    "error_count": 0,
    "isCompiled": true,
    "errors": []
  },
  "test_base_397a75.py": {
    "stats": {
      "total_parameters": 59,
      "parameters_with_annotations": 0
    },
    "error_count": 0,
    "isCompiled": true,
    "errors": []
  },
  "test_base_3a84cb.py": {
    "stats": {
      "total_parameters": 246,
      "parameters_with_annotations": 0
    },
    "error_count": 0,
    "isCompiled": true,
    "errors": []
  },
  "test_base_621fba.py": {
    "stats": {
      "total_parameters": 57,
      "parameters_with_annotations": 0
    },
    "error_count": 1,
    "isCompiled": false,
    "errors": [
      "test_base_621fba.py:16: error: No parent module -- cannot perform relative import",
      "Found 1 error in 1 file (errors prevented further checking)"
    ]
  },
  "test_base_f26fe7.py": {
    "stats": {
      "total_parameters": 77,
      "parameters_with_annotations": 0
    },
    "error_count": 2,
    "isCompiled": false,
    "errors": [
      "test_base_f26fe7.py:54: error: Unexpected keyword argument \"serializer\" for \"__init_subclass__\" of \"object\"  [call-arg]",
      "/opt/miniconda3/envs/ppmlenv/lib/python3.10/site-packages/mypy/typeshed/stdlib/builtins.pyi:135: note: \"__init_subclass__\" of \"object\" defined here",
      "Found 1 error in 1 file (checked 1 source file)"
    ]
  },
  "test_base_fc0d64.py": {
    "stats": {
      "total_parameters": 76,
      "parameters_with_annotations": 0
    },
    "error_count": 0,
    "isCompiled": true,
    "errors": []
  },
  "test_base_indexer_9339e3.py": {
    "stats": {
      "total_parameters": 61,
      "parameters_with_annotations": 0
    },
    "error_count": 0,
    "isCompiled": true,
    "errors": []
  },
  "test_base_worker_f71266.py": {
    "stats": {
      "total_parameters": 35,
      "parameters_with_annotations": 0
    },
    "error_count": 29,
    "isCompiled": false,
    "errors": [
      "test_base_worker_f71266.py:609: note: By default the bodies of untyped functions are not checked, consider using --check-untyped-defs  [annotation-unchecked]",
      "test_base_worker_f71266.py:704: note: By default the bodies of untyped functions are not checked, consider using --check-untyped-defs  [annotation-unchecked]",
      "test_base_worker_f71266.py:709: note: By default the bodies of untyped functions are not checked, consider using --check-untyped-defs  [annotation-unchecked]",
      "test_base_worker_f71266.py:973: note: By default the bodies of untyped functions are not checked, consider using --check-untyped-defs  [annotation-unchecked]",
      "test_base_worker_f71266.py:974: note: By default the bodies of untyped functions are not checked, consider using --check-untyped-defs  [annotation-unchecked]",
      "test_base_worker_f71266.py:1007: note: By default the bodies of untyped functions are not checked, consider using --check-untyped-defs  [annotation-unchecked]",
      "test_base_worker_f71266.py:1036: note: By default the bodies of untyped functions are not checked, consider using --check-untyped-defs  [annotation-unchecked]",
      "test_base_worker_f71266.py:1054: note: By default the bodies of untyped functions are not checked, consider using --check-untyped-defs  [annotation-unchecked]",
      "test_base_worker_f71266.py:1055: note: By default the bodies of untyped functions are not checked, consider using --check-untyped-defs  [annotation-unchecked]",
      "test_base_worker_f71266.py:1094: note: By default the bodies of untyped functions are not checked, consider using --check-untyped-defs  [annotation-unchecked]",
      "test_base_worker_f71266.py:1095: note: By default the bodies of untyped functions are not checked, consider using --check-untyped-defs  [annotation-unchecked]",
      "test_base_worker_f71266.py:1099: note: By default the bodies of untyped functions are not checked, consider using --check-untyped-defs  [annotation-unchecked]",
      "test_base_worker_f71266.py:1140: note: By default the bodies of untyped functions are not checked, consider using --check-untyped-defs  [annotation-unchecked]",
      "test_base_worker_f71266.py:1194: note: By default the bodies of untyped functions are not checked, consider using --check-untyped-defs  [annotation-unchecked]",
      "test_base_worker_f71266.py:1195: note: By default the bodies of untyped functions are not checked, consider using --check-untyped-defs  [annotation-unchecked]",
      "test_base_worker_f71266.py:1225: note: By default the bodies of untyped functions are not checked, consider using --check-untyped-defs  [annotation-unchecked]",
      "test_base_worker_f71266.py:1226: note: By default the bodies of untyped functions are not checked, consider using --check-untyped-defs  [annotation-unchecked]",
      "test_base_worker_f71266.py:1262: note: By default the bodies of untyped functions are not checked, consider using --check-untyped-defs  [annotation-unchecked]",
      "test_base_worker_f71266.py:1349: note: By default the bodies of untyped functions are not checked, consider using --check-untyped-defs  [annotation-unchecked]",
      "test_base_worker_f71266.py:1350: note: By default the bodies of untyped functions are not checked, consider using --check-untyped-defs  [annotation-unchecked]",
      "test_base_worker_f71266.py:1474: note: By default the bodies of untyped functions are not checked, consider using --check-untyped-defs  [annotation-unchecked]",
      "test_base_worker_f71266.py:1475: note: By default the bodies of untyped functions are not checked, consider using --check-untyped-defs  [annotation-unchecked]",
      "test_base_worker_f71266.py:1478: note: By default the bodies of untyped functions are not checked, consider using --check-untyped-defs  [annotation-unchecked]",
      "test_base_worker_f71266.py:1479: note: By default the bodies of untyped functions are not checked, consider using --check-untyped-defs  [annotation-unchecked]",
      "test_base_worker_f71266.py:1857: error: Cannot assign to a method  [method-assign]",
      "test_base_worker_f71266.py:1860: error: \"Callable[[], Any]\" has no attribute \"assert_awaited_once\"  [attr-defined]",
      "test_base_worker_f71266.py:1861: error: \"Callable[[], Any]\" has no attribute \"call_args\"  [attr-defined]",
      "test_base_worker_f71266.py:2028: note: By default the bodies of untyped functions are not checked, consider using --check-untyped-defs  [annotation-unchecked]",
      "test_base_worker_f71266.py:2029: note: By default the bodies of untyped functions are not checked, consider using --check-untyped-defs  [annotation-unchecked]",
      "Found 3 errors in 1 file (checked 1 source file)"
    ]
  },
  "test_blackouts_53e928.py": {
    "stats": {
      "total_parameters": 27,
      "parameters_with_annotations": 0
    },
    "error_count": 0,
    "isCompiled": true,
    "errors": []
  },
  "test_blocks_31cb5c.py": {
    "stats": {
      "total_parameters": 27,
      "parameters_with_annotations": 0
    },
    "error_count": 0,
    "isCompiled": true,
    "errors": []
  },
  "test_boxplot_method_abfc5c.py": {
    "stats": {
      "total_parameters": 109,
      "parameters_with_annotations": 0
    },
    "error_count": 0,
    "isCompiled": true,
    "errors": []
  },
  "test_btanalysis_4aed6c.py": {
    "stats": {
      "total_parameters": 40,
      "parameters_with_annotations": 0
    },
    "error_count": 0,
    "isCompiled": true,
    "errors": []
  },
  "test_business_hour_6b0e7b.py": {
    "stats": {
      "total_parameters": 94,
      "parameters_with_annotations": 0
    },
    "error_count": 0,
    "isCompiled": true,
    "errors": []
  },
  "test_bybit_c7e0f9.py": {
    "stats": {
      "total_parameters": 17,
      "parameters_with_annotations": 0
    },
    "error_count": 0,
    "isCompiled": true,
    "errors": []
  },
  "test_case_e8713f.py": {
    "stats": {
      "total_parameters": 28,
      "parameters_with_annotations": 0
    },
    "error_count": 0,
    "isCompiled": true,
    "errors": []
  },
  "test_cat_c39959.py": {
    "stats": {
      "total_parameters": 20,
      "parameters_with_annotations": 0
    },
    "error_count": 0,
    "isCompiled": true,
    "errors": []
  },
  "test_catalog_230917.py": {
    "stats": {
      "total_parameters": 108,
      "parameters_with_annotations": 0
    },
    "error_count": 4,
    "isCompiled": false,
    "errors": [
      "test_catalog_230917.py:2: error: Library stubs not installed for \"yaml\"  [import-untyped]",
      "test_catalog_230917.py:2: note: Hint: \"python3 -m pip install types-PyYAML\"",
      "test_catalog_230917.py:2: note: (or run \"mypy --install-types\" to install all missing stub packages)",
      "test_catalog_230917.py:2: note: See https://mypy.readthedocs.io/en/stable/running_mypy.html#missing-imports",
      "Found 1 error in 1 file (checked 1 source file)"
    ]
  },
  "test_category_67f90a.py": {
    "stats": {
      "total_parameters": 34,
      "parameters_with_annotations": 0
    },
    "error_count": 0,
    "isCompiled": true,
    "errors": []
  },
  "test_cli_3a2b0d.py": {
    "stats": {
      "total_parameters": 185,
      "parameters_with_annotations": 0
    },
    "error_count": 0,
    "isCompiled": true,
    "errors": []
  },
  "test_clip_1e0363.py": {
    "stats": {
      "total_parameters": 20,
      "parameters_with_annotations": 0
    },
    "error_count": 0,
    "isCompiled": true,
    "errors": []
  },
  "test_clipboard_d0a3e6.py": {
    "stats": {
      "total_parameters": 45,
      "parameters_with_annotations": 0
    },
    "error_count": 0,
    "isCompiled": true,
    "errors": []
  },
  "test_clique_consensus_e99cfa.py": {
    "stats": {
      "total_parameters": 29,
      "parameters_with_annotations": 0
    },
    "error_count": 0,
    "isCompiled": true,
    "errors": []
  },
  "test_cloud_storage_1d2f60.py": {
    "stats": {
      "total_parameters": 130,
      "parameters_with_annotations": 0
    },
    "error_count": 0,
    "isCompiled": true,
    "errors": []
  },
  "test_code_d994fc.py": {
    "stats": {
      "total_parameters": 46,
      "parameters_with_annotations": 0
    },
    "error_count": 1,
    "isCompiled": false,
    "errors": [
      "test_code_d994fc.py:11: error: No parent module -- cannot perform relative import",
      "Found 1 error in 1 file (errors prevented further checking)"
    ]
  },
  "test_coercion_64efed.py": {
    "stats": {
      "total_parameters": 171,
      "parameters_with_annotations": 0
    },
    "error_count": 0,
    "isCompiled": true,
    "errors": []
  },
  "test_collections_4d5e21.py": {
    "stats": {
      "total_parameters": 15,
      "parameters_with_annotations": 0
    },
    "error_count": 0,
    "isCompiled": true,
    "errors": []
  },
  "test_commands_20db9a.py": {
    "stats": {
      "total_parameters": 71,
      "parameters_with_annotations": 0
    },
    "error_count": 0,
    "isCompiled": true,
    "errors": []
  },
  "test_common_27891c.py": {
    "stats": {
      "total_parameters": 64,
      "parameters_with_annotations": 0
    },
    "error_count": 0,
    "isCompiled": true,
    "errors": []
  },
  "test_common_basic_a8eb4c.py": {
    "stats": {
      "total_parameters": 61,
      "parameters_with_annotations": 0
    },
    "error_count": 0,
    "isCompiled": true,
    "errors": []
  },
  "test_compression_088712.py": {
    "stats": {
      "total_parameters": 28,
      "parameters_with_annotations": 0
    },
    "error_count": 0,
    "isCompiled": true,
    "errors": []
  },
  "test_compression_21f3e4.py": {
    "stats": {
      "total_parameters": 29,
      "parameters_with_annotations": 0
    },
    "error_count": 0,
    "isCompiled": true,
    "errors": []
  },
  "test_compression_7a6a44.py": {
    "stats": {
      "total_parameters": 13,
      "parameters_with_annotations": 0
    },
    "error_count": 0,
    "isCompiled": true,
    "errors": []
  },
  "test_configuration_798036.py": {
    "stats": {
      "total_parameters": 131,
      "parameters_with_annotations": 0
    },
    "error_count": 0,
    "isCompiled": true,
    "errors": []
  },
  "test_construction_01d413.py": {
    "stats": {
      "total_parameters": 16,
      "parameters_with_annotations": 0
    },
    "error_count": 0,
    "isCompiled": true,
    "errors": []
  },
  "test_constructors_02070a.py": {
    "stats": {
      "total_parameters": 19,
      "parameters_with_annotations": 0
    },
    "error_count": 0,
    "isCompiled": true,
    "errors": []
  },
  "test_constructors_111932.py": {
    "stats": {
      "total_parameters": 17,
      "parameters_with_annotations": 0
    },
    "error_count": 0,
    "isCompiled": true,
    "errors": []
  },
  "test_constructors_22c366.py": {
    "stats": {
      "total_parameters": 88,
      "parameters_with_annotations": 0
    },
    "error_count": 5,
    "isCompiled": false,
    "errors": [
      "test_constructors_22c366.py:12: error: Library stubs not installed for \"dateutil\"  [import-untyped]",
      "test_constructors_22c366.py:13: error: Library stubs not installed for \"dateutil.tz\"  [import-untyped]",
      "test_constructors_22c366.py:13: note: Hint: \"python3 -m pip install types-python-dateutil\"",
      "test_constructors_22c366.py:13: note: (or run \"mypy --install-types\" to install all missing stub packages)",
      "test_constructors_22c366.py:13: note: See https://mypy.readthedocs.io/en/stable/running_mypy.html#missing-imports",
      "Found 2 errors in 1 file (checked 1 source file)"
    ]
  },
  "test_constructors_4c47aa.py": {
    "stats": {
      "total_parameters": 70,
      "parameters_with_annotations": 0
    },
    "error_count": 0,
    "isCompiled": true,
    "errors": []
  },
  "test_constructors_cc4293.py": {
    "stats": {
      "total_parameters": 22,
      "parameters_with_annotations": 0
    },
    "error_count": 0,
    "isCompiled": true,
    "errors": []
  },
  "test_constructors_e8ae8e.py": {
    "stats": {
      "total_parameters": 91,
      "parameters_with_annotations": 0
    },
    "error_count": 5,
    "isCompiled": false,
    "errors": [
      "test_constructors_e8ae8e.py:10: error: Library stubs not installed for \"dateutil.tz\"  [import-untyped]",
      "test_constructors_e8ae8e.py:10: note: Hint: \"python3 -m pip install types-python-dateutil\"",
      "test_constructors_e8ae8e.py:10: note: (or run \"mypy --install-types\" to install all missing stub packages)",
      "test_constructors_e8ae8e.py:10: note: See https://mypy.readthedocs.io/en/stable/running_mypy.html#missing-imports",
      "test_constructors_e8ae8e.py:10: error: Library stubs not installed for \"dateutil\"  [import-untyped]",
      "Found 2 errors in 1 file (checked 1 source file)"
    ]
  },
  "test_consumer_4478ae.py": {
    "stats": {
      "total_parameters": 91,
      "parameters_with_annotations": 0
    },
    "error_count": 2,
    "isCompiled": false,
    "errors": [
      "test_consumer_4478ae.py:373: error: Missing return statement  [empty-body]",
      "test_consumer_4478ae.py:389: error: Need type annotation for \"current_assignment\" (hint: \"current_assignment: set[<type>] = ...\")  [var-annotated]",
      "Found 2 errors in 1 file (checked 1 source file)"
    ]
  },
  "test_contract_call_6ddf95.py": {
    "stats": {
      "total_parameters": 14,
      "parameters_with_annotations": 0
    },
    "error_count": 0,
    "isCompiled": true,
    "errors": []
  },
  "test_conversion_928a39.py": {
    "stats": {
      "total_parameters": 63,
      "parameters_with_annotations": 0
    },
    "error_count": 0,
    "isCompiled": true,
    "errors": []
  },
  "test_convert_dtypes_c20223.py": {
    "stats": {
      "total_parameters": 19,
      "parameters_with_annotations": 0
    },
    "error_count": 0,
    "isCompiled": true,
    "errors": []
  },
  "test_converter_703ec2.py": {
    "stats": {
      "total_parameters": 32,
      "parameters_with_annotations": 0
    },
    "error_count": 0,
    "isCompiled": true,
    "errors": []
  },
  "test_converter_f508e6.py": {
    "stats": {
      "total_parameters": 31,
      "parameters_with_annotations": 0
    },
    "error_count": 0,
    "isCompiled": true,
    "errors": []
  },
  "test_converter_orderflow_7dad6d.py": {
    "stats": {
      "total_parameters": 27,
      "parameters_with_annotations": 0
    },
    "error_count": 0,
    "isCompiled": true,
    "errors": []
  },
  "test_coop_settle_fd62d3.py": {
    "stats": {
      "total_parameters": 18,
      "parameters_with_annotations": 0
    },
    "error_count": 0,
    "isCompiled": true,
    "errors": []
  },
  "test_core_08030e.py": {
    "stats": {
      "total_parameters": 16,
      "parameters_with_annotations": 0
    },
    "error_count": 0,
    "isCompiled": true,
    "errors": []
  },
  "test_cumulative_8df6e0.py": {
    "stats": {
      "total_parameters": 40,
      "parameters_with_annotations": 0
    },
    "error_count": 0,
    "isCompiled": true,
    "errors": []
  },
  "test_cut_a5ac0a.py": {
    "stats": {
      "total_parameters": 51,
      "parameters_with_annotations": 0
    },
    "error_count": 0,
    "isCompiled": true,
    "errors": []
  },
  "test_datahandler_39fafd.py": {
    "stats": {
      "total_parameters": 49,
      "parameters_with_annotations": 0
    },
    "error_count": 0,
    "isCompiled": true,
    "errors": []
  },
  "test_date_a04db1.py": {
    "stats": {
      "total_parameters": 120,
      "parameters_with_annotations": 0
    },
    "error_count": 1,
    "isCompiled": false,
    "errors": [
      "test_date_a04db1.py:11: error: No parent module -- cannot perform relative import",
      "Found 1 error in 1 file (errors prevented further checking)"
    ]
  },
  "test_datetime64_b94434.py": {
    "stats": {
      "total_parameters": 222,
      "parameters_with_annotations": 0
    },
    "error_count": 0,
    "isCompiled": true,
    "errors": []
  },
  "test_datetimelike_0b6f81.py": {
    "stats": {
      "total_parameters": 137,
      "parameters_with_annotations": 0
    },
    "error_count": 0,
    "isCompiled": true,
    "errors": []
  },
  "test_datetimelike_db9f17.py": {
    "stats": {
      "total_parameters": 158,
      "parameters_with_annotations": 0
    },
    "error_count": 0,
    "isCompiled": true,
    "errors": []
  },
  "test_datetimes_630624.py": {
    "stats": {
      "total_parameters": 100,
      "parameters_with_annotations": 0
    },
    "error_count": 0,
    "isCompiled": true,
    "errors": []
  },
  "test_decorators_98d50d.py": {
    "stats": {
      "total_parameters": 27,
      "parameters_with_annotations": 0
    },
    "error_count": 0,
    "isCompiled": true,
    "errors": []
  },
  "test_deposit_93dc29.py": {
    "stats": {
      "total_parameters": 21,
      "parameters_with_annotations": 0
    },
    "error_count": 0,
    "isCompiled": true,
    "errors": []
  },
  "test_deposit_transition_1d40b5.py": {
    "stats": {
      "total_parameters": 30,
      "parameters_with_annotations": 0
    },
    "error_count": 0,
    "isCompiled": true,
    "errors": []
  },
  "test_deps_61aa2a.py": {
    "stats": {
      "total_parameters": 64,
      "parameters_with_annotations": 0
    },
    "error_count": 0,
    "isCompiled": true,
    "errors": []
  },
  "test_discovery_ability_c49e14.py": {
    "stats": {
      "total_parameters": 12,
      "parameters_with_annotations": 0
    },
    "error_count": 0,
    "isCompiled": true,
    "errors": []
  },
  "test_drop_537b51.py": {
    "stats": {
      "total_parameters": 16,
      "parameters_with_annotations": 0
    },
    "error_count": 0,
    "isCompiled": true,
    "errors": []
  },
  "test_drop_duplicates_d918e0.py": {
    "stats": {
      "total_parameters": 15,
      "parameters_with_annotations": 0
    },
    "error_count": 0,
    "isCompiled": true,
    "errors": []
  },
  "test_drop_duplicates_ed341e.py": {
    "stats": {
      "total_parameters": 10,
      "parameters_with_annotations": 0
    },
    "error_count": 0,
    "isCompiled": true,
    "errors": []
  },
  "test_dst_22fce9.py": {
    "stats": {
      "total_parameters": 26,
      "parameters_with_annotations": 0
    },
    "error_count": 0,
    "isCompiled": true,
    "errors": []
  },
  "test_dtypes_1ace40.py": {
    "stats": {
      "total_parameters": 17,
      "parameters_with_annotations": 0
    },
    "error_count": 0,
    "isCompiled": true,
    "errors": []
  },
  "test_dtypes_basic_4a9ebb.py": {
    "stats": {
      "total_parameters": 55,
      "parameters_with_annotations": 0
    },
    "error_count": 0,
    "isCompiled": true,
    "errors": []
  },
  "test_dtypes_c6ad71.py": {
    "stats": {
      "total_parameters": 180,
      "parameters_with_annotations": 0
    },
    "error_count": 0,
    "isCompiled": true,
    "errors": []
  },
  "test_dtypes_e2af21.py": {
    "stats": {
      "total_parameters": 13,
      "parameters_with_annotations": 0
    },
    "error_count": 0,
    "isCompiled": true,
    "errors": []
  },
  "test_edge_d080a8.py": {
    "stats": {
      "total_parameters": 44,
      "parameters_with_annotations": 0
    },
    "error_count": 0,
    "isCompiled": true,
    "errors": []
  },
  "test_encoding_3fd477.py": {
    "stats": {
      "total_parameters": 34,
      "parameters_with_annotations": 0
    },
    "error_count": 0,
    "isCompiled": true,
    "errors": []
  },
  "test_encoding_e05f99.py": {
    "stats": {
      "total_parameters": 35,
      "parameters_with_annotations": 0
    },
    "error_count": 0,
    "isCompiled": true,
    "errors": []
  },
  "test_env_var_deprecations_894c4e.py": {
    "stats": {
      "total_parameters": 19,
      "parameters_with_annotations": 0
    },
    "error_count": 0,
    "isCompiled": true,
    "errors": []
  },
  "test_eth1_chaindb_433a8a.py": {
    "stats": {
      "total_parameters": 55,
      "parameters_with_annotations": 0
    },
    "error_count": 0,
    "isCompiled": true,
    "errors": []
  },
  "test_eval_6a919b.py": {
    "stats": {
      "total_parameters": 320,
      "parameters_with_annotations": 0
    },
    "error_count": 0,
    "isCompiled": true,
    "errors": []
  },
  "test_events_5e747c.py": {
    "stats": {
      "total_parameters": 6,
      "parameters_with_annotations": 0
    },
    "error_count": 0,
    "isCompiled": true,
    "errors": []
  },
  "test_ex_ante_5d86c9.py": {
    "stats": {
      "total_parameters": 23,
      "parameters_with_annotations": 0
    },
    "error_count": 0,
    "isCompiled": true,
    "errors": []
  },
  "test_exchange_2ba68d.py": {
    "stats": {
      "total_parameters": 556,
      "parameters_with_annotations": 0
    },
    "error_count": 7,
    "isCompiled": false,
    "errors": [
      "test_exchange_2ba68d.py:404: error: Incompatible types in assignment (expression has type \"dict[str, dict[str, None]]\", target has type \"str\")  [assignment]",
      "test_exchange_2ba68d.py:415: error: Incompatible types in assignment (expression has type \"dict[str, object]\", target has type \"str\")  [assignment]",
      "test_exchange_2ba68d.py:432: error: Incompatible types in assignment (expression has type \"dict[str, object]\", target has type \"str\")  [assignment]",
      "test_exchange_2ba68d.py:448: error: Incompatible types in assignment (expression has type \"dict[str, dict[str, int | None]]\", target has type \"str\")  [assignment]",
      "test_exchange_2ba68d.py:461: error: Incompatible types in assignment (expression has type \"dict[str, dict[str, int]]\", target has type \"str\")  [assignment]",
      "test_exchange_2ba68d.py:529: error: Incompatible types in assignment (expression has type \"dict[str, dict[str, float]]\", target has type \"str\")  [assignment]",
      "test_exchange_2ba68d.py:546: error: Incompatible types in assignment (expression has type \"float\", target has type \"str\")  [assignment]",
      "Found 7 errors in 1 file (checked 1 source file)"
    ]
  },
  "test_exchange_utils_066f92.py": {
    "stats": {
      "total_parameters": 18,
      "parameters_with_annotations": 0
    },
    "error_count": 0,
    "isCompiled": true,
    "errors": []
  },
  "test_expanding_5d3564.py": {
    "stats": {
      "total_parameters": 59,
      "parameters_with_annotations": 0
    },
    "error_count": 0,
    "isCompiled": true,
    "errors": []
  },
  "test_extension_socket_server_334931.py": {
    "stats": {
      "total_parameters": 31,
      "parameters_with_annotations": 0
    },
    "error_count": 0,
    "isCompiled": true,
    "errors": []
  },
  "test_feather_09566a.py": {
    "stats": {
      "total_parameters": 34,
      "parameters_with_annotations": 0
    },
    "error_count": 0,
    "isCompiled": true,
    "errors": []
  },
  "test_features_a57fa5.py": {
    "stats": {
      "total_parameters": 85,
      "parameters_with_annotations": 0
    },
    "error_count": 4,
    "isCompiled": false,
    "errors": [
      "test_features_a57fa5.py:10: error: Library stubs not installed for \"requests\"  [import-untyped]",
      "test_features_a57fa5.py:10: note: Hint: \"python3 -m pip install types-requests\"",
      "test_features_a57fa5.py:10: note: (or run \"mypy --install-types\" to install all missing stub packages)",
      "test_features_a57fa5.py:10: note: See https://mypy.readthedocs.io/en/stable/running_mypy.html#missing-imports",
      "Found 1 error in 1 file (checked 1 source file)"
    ]
  },
  "test_file_buffer_url_2ebfea.py": {
    "stats": {
      "total_parameters": 40,
      "parameters_with_annotations": 0
    },
    "error_count": 0,
    "isCompiled": true,
    "errors": []
  },
  "test_fillna_057fac.py": {
    "stats": {
      "total_parameters": 59,
      "parameters_with_annotations": 0
    },
    "error_count": 0,
    "isCompiled": true,
    "errors": []
  },
  "test_filter_rewriting_c801f7.py": {
    "stats": {
      "total_parameters": 65,
      "parameters_with_annotations": 0
    },
    "error_count": 0,
    "isCompiled": true,
    "errors": []
  },
  "test_finality_a16bde.py": {
    "stats": {
      "total_parameters": 16,
      "parameters_with_annotations": 0
    },
    "error_count": 0,
    "isCompiled": true,
    "errors": []
  },
  "test_find_replace_bc2ab9.py": {
    "stats": {
      "total_parameters": 64,
      "parameters_with_annotations": 0
    },
    "error_count": 0,
    "isCompiled": true,
    "errors": []
  },
  "test_first_valid_index_e77512.py": {
    "stats": {
      "total_parameters": 13,
      "parameters_with_annotations": 0
    },
    "error_count": 0,
    "isCompiled": true,
    "errors": []
  },
  "test_floats_b22095.py": {
    "stats": {
      "total_parameters": 48,
      "parameters_with_annotations": 0
    },
    "error_count": 0,
    "isCompiled": true,
    "errors": []
  },
  "test_format_57a8f1.py": {
    "stats": {
      "total_parameters": 56,
      "parameters_with_annotations": 0
    },
    "error_count": 0,
    "isCompiled": true,
    "errors": []
  },
  "test_format_849ee9.py": {
    "stats": {
      "total_parameters": 144,
      "parameters_with_annotations": 0
    },
    "error_count": 0,
    "isCompiled": true,
    "errors": []
  },
  "test_formats_c7732b.py": {
    "stats": {
      "total_parameters": 18,
      "parameters_with_annotations": 0
    },
    "error_count": 5,
    "isCompiled": false,
    "errors": [
      "test_formats_c7732b.py:6: error: Library stubs not installed for \"dateutil.tz\"  [import-untyped]",
      "test_formats_c7732b.py:6: note: Hint: \"python3 -m pip install types-python-dateutil\"",
      "test_formats_c7732b.py:6: note: (or run \"mypy --install-types\" to install all missing stub packages)",
      "test_formats_c7732b.py:6: note: See https://mypy.readthedocs.io/en/stable/running_mypy.html#missing-imports",
      "test_formats_c7732b.py:6: error: Library stubs not installed for \"dateutil\"  [import-untyped]",
      "Found 2 errors in 1 file (checked 1 source file)"
    ]
  },
  "test_frame_60c296.py": {
    "stats": {
      "total_parameters": 290,
      "parameters_with_annotations": 0
    },
    "error_count": 0,
    "isCompiled": true,
    "errors": []
  },
  "test_frame_apply_391b73.py": {
    "stats": {
      "total_parameters": 139,
      "parameters_with_annotations": 0
    },
    "error_count": 0,
    "isCompiled": true,
    "errors": []
  },
  "test_frame_color_e225c0.py": {
    "stats": {
      "total_parameters": 90,
      "parameters_with_annotations": 0
    },
    "error_count": 0,
    "isCompiled": true,
    "errors": []
  },
  "test_frame_plot_matplotlib_9669ca.py": {
    "stats": {
      "total_parameters": 49,
      "parameters_with_annotations": 0
    },
    "error_count": 0,
    "isCompiled": true,
    "errors": []
  },
  "test_frame_plot_plotly_91dfd7.py": {
    "stats": {
      "total_parameters": 37,
      "parameters_with_annotations": 0
    },
    "error_count": 0,
    "isCompiled": true,
    "errors": []
  },
  "test_frame_subplots_be5b29.py": {
    "stats": {
      "total_parameters": 73,
      "parameters_with_annotations": 0
    },
    "error_count": 0,
    "isCompiled": true,
    "errors": []
  },
  "test_freqai_datakitchen_145f2f.py": {
    "stats": {
      "total_parameters": 29,
      "parameters_with_annotations": 0
    },
    "error_count": 0,
    "isCompiled": true,
    "errors": []
  },
  "test_freqtradebot_64c23d.py": {
    "stats": {
      "total_parameters": 716,
      "parameters_with_annotations": 0
    },
    "error_count": 0,
    "isCompiled": true,
    "errors": []
  },
  "test_freshness_adc6ea.py": {
    "stats": {
      "total_parameters": 45,
      "parameters_with_annotations": 0
    },
    "error_count": 0,
    "isCompiled": true,
    "errors": []
  },
  "test_from_dtype_806539.py": {
    "stats": {
      "total_parameters": 22,
      "parameters_with_annotations": 0
    },
    "error_count": 0,
    "isCompiled": true,
    "errors": []
  },
  "test_generic_42794f.py": {
    "stats": {
      "total_parameters": 89,
      "parameters_with_annotations": 0
    },
    "error_count": 0,
    "isCompiled": true,
    "errors": []
  },
  "test_generic_7cde9d.py": {
    "stats": {
      "total_parameters": 56,
      "parameters_with_annotations": 0
    },
    "error_count": 0,
    "isCompiled": true,
    "errors": []
  },
  "test_generic_ae8d8a.py": {
    "stats": {
      "total_parameters": 17,
      "parameters_with_annotations": 0
    },
    "error_count": 0,
    "isCompiled": true,
    "errors": []
  },
  "test_graph_selection_f68296.py": {
    "stats": {
      "total_parameters": 17,
      "parameters_with_annotations": 0
    },
    "error_count": 0,
    "isCompiled": true,
    "errors": []
  },
  "test_groupby_1fa427.py": {
    "stats": {
      "total_parameters": 139,
      "parameters_with_annotations": 0
    },
    "error_count": 0,
    "isCompiled": true,
    "errors": []
  },
  "test_groupby_86d3bc.py": {
    "stats": {
      "total_parameters": 122,
      "parameters_with_annotations": 0
    },
    "error_count": 0,
    "isCompiled": true,
    "errors": []
  },
  "test_groupby_dropna_4126e9.py": {
    "stats": {
      "total_parameters": 58,
      "parameters_with_annotations": 0
    },
    "error_count": 0,
    "isCompiled": true,
    "errors": []
  },
  "test_hashtable_89c8a4.py": {
    "stats": {
      "total_parameters": 114,
      "parameters_with_annotations": 0
    },
    "error_count": 0,
    "isCompiled": true,
    "errors": []
  },
  "test_hist_box_by_07b6c3.py": {
    "stats": {
      "total_parameters": 64,
      "parameters_with_annotations": 0
    },
    "error_count": 0,
    "isCompiled": true,
    "errors": []
  },
  "test_hist_method_862ac9.py": {
    "stats": {
      "total_parameters": 140,
      "parameters_with_annotations": 0
    },
    "error_count": 0,
    "isCompiled": true,
    "errors": []
  },
  "test_hooks_5c2427.py": {
    "stats": {
      "total_parameters": 20,
      "parameters_with_annotations": 0
    },
    "error_count": 0,
    "isCompiled": true,
    "errors": []
  },
  "test_html_cda654.py": {
    "stats": {
      "total_parameters": 252,
      "parameters_with_annotations": 0
    },
    "error_count": 0,
    "isCompiled": true,
    "errors": []
  },
  "test_hyperopt_ac1e12.py": {
    "stats": {
      "total_parameters": 87,
      "parameters_with_annotations": 0
    },
    "error_count": 0,
    "isCompiled": true,
    "errors": []
  },
  "test_iloc_211b3a.py": {
    "stats": {
      "total_parameters": 106,
      "parameters_with_annotations": 0
    },
    "error_count": 0,
    "isCompiled": true,
    "errors": []
  },
  "test_img_util_826a0b.py": {
    "stats": {
      "total_parameters": 5,
      "parameters_with_annotations": 0
    },
    "error_count": 0,
    "isCompiled": true,
    "errors": []
  },
  "test_include_router_defaults_overrides_afc221.py": {
    "stats": {
      "total_parameters": 8,
      "parameters_with_annotations": 0
    },
    "error_count": 0,
    "isCompiled": true,
    "errors": []
  },
  "test_incremental_merge_exclude_columns_c80032.py": {
    "stats": {
      "total_parameters": 15,
      "parameters_with_annotations": 0
    },
    "error_count": 0,
    "isCompiled": true,
    "errors": []
  },
  "test_incremental_on_schema_change_ffcc97.py": {
    "stats": {
      "total_parameters": 22,
      "parameters_with_annotations": 0
    },
    "error_count": 0,
    "isCompiled": true,
    "errors": []
  },
  "test_incremental_predicates_b8a35a.py": {
    "stats": {
      "total_parameters": 22,
      "parameters_with_annotations": 0
    },
    "error_count": 0,
    "isCompiled": true,
    "errors": []
  },
  "test_incremental_schema_fd049d.py": {
    "stats": {
      "total_parameters": 24,
      "parameters_with_annotations": 0
    },
    "error_count": 0,
    "isCompiled": true,
    "errors": []
  },
  "test_incremental_unique_id_a93cab.py": {
    "stats": {
      "total_parameters": 42,
      "parameters_with_annotations": 0
    },
    "error_count": 0,
    "isCompiled": true,
    "errors": []
  },
  "test_index_503dc5.py": {
    "stats": {
      "total_parameters": 22,
      "parameters_with_annotations": 0
    },
    "error_count": 0,
    "isCompiled": true,
    "errors": []
  },
  "test_index_new_74deaa.py": {
    "stats": {
      "total_parameters": 68,
      "parameters_with_annotations": 0
    },
    "error_count": 0,
    "isCompiled": true,
    "errors": []
  },
  "test_indexing_235f4f.py": {
    "stats": {
      "total_parameters": 81,
      "parameters_with_annotations": 0
    },
    "error_count": 0,
    "isCompiled": true,
    "errors": []
  },
  "test_indexing_36b06e.py": {
    "stats": {
      "total_parameters": 69,
      "parameters_with_annotations": 0
    },
    "error_count": 0,
    "isCompiled": true,
    "errors": []
  },
  "test_indexing_3e5a66.py": {
    "stats": {
      "total_parameters": 16,
      "parameters_with_annotations": 0
    },
    "error_count": 0,
    "isCompiled": true,
    "errors": []
  },
  "test_indexing_8b3a8e.py": {
    "stats": {
      "total_parameters": 95,
      "parameters_with_annotations": 0
    },
    "error_count": 0,
    "isCompiled": true,
    "errors": []
  },
  "test_indexing_b72bb8.py": {
    "stats": {
      "total_parameters": 83,
      "parameters_with_annotations": 0
    },
    "error_count": 0,
    "isCompiled": true,
    "errors": []
  },
  "test_indexing_e492e0.py": {
    "stats": {
      "total_parameters": 66,
      "parameters_with_annotations": 0
    },
    "error_count": 0,
    "isCompiled": true,
    "errors": []
  },
  "test_indexing_f4eafd.py": {
    "stats": {
      "total_parameters": 37,
      "parameters_with_annotations": 0
    },
    "error_count": 0,
    "isCompiled": true,
    "errors": []
  },
  "test_indexing_slow_364644.py": {
    "stats": {
      "total_parameters": 14,
      "parameters_with_annotations": 0
    },
    "error_count": 0,
    "isCompiled": true,
    "errors": []
  },
  "test_indices_7db737.py": {
    "stats": {
      "total_parameters": 20,
      "parameters_with_annotations": 0
    },
    "error_count": 0,
    "isCompiled": true,
    "errors": []
  },
  "test_inference_83c9ac.py": {
    "stats": {
      "total_parameters": 219,
      "parameters_with_annotations": 0
    },
    "error_count": 0,
    "isCompiled": true,
    "errors": []
  },
  "test_info_8bfc42.py": {
    "stats": {
      "total_parameters": 19,
      "parameters_with_annotations": 0
    },
    "error_count": 0,
    "isCompiled": true,
    "errors": []
  },
  "test_init_873ad0.py": {
    "stats": {
      "total_parameters": 90,
      "parameters_with_annotations": 0
    },
    "error_count": 4,
    "isCompiled": false,
    "errors": [
      "test_init_873ad0.py:8: error: Library stubs not installed for \"yaml\"  [import-untyped]",
      "test_init_873ad0.py:8: note: Hint: \"python3 -m pip install types-PyYAML\"",
      "test_init_873ad0.py:8: note: (or run \"mypy --install-types\" to install all missing stub packages)",
      "test_init_873ad0.py:8: note: See https://mypy.readthedocs.io/en/stable/running_mypy.html#missing-imports",
      "Found 1 error in 1 file (checked 1 source file)"
    ]
  },
  "test_inquisitor_e1b111.py": {
    "stats": {
      "total_parameters": 18,
      "parameters_with_annotations": 0
    },
    "error_count": 0,
    "isCompiled": true,
    "errors": []
  },
  "test_integration_ae2f32.py": {
    "stats": {
      "total_parameters": 43,
      "parameters_with_annotations": 0
    },
    "error_count": 0,
    "isCompiled": true,
    "errors": []
  },
  "test_interface_94cb57.py": {
    "stats": {
      "total_parameters": 73,
      "parameters_with_annotations": 0
    },
    "error_count": 0,
    "isCompiled": true,
    "errors": []
  },
  "test_internet_73cc51.py": {
    "stats": {
      "total_parameters": 175,
      "parameters_with_annotations": 0
    },
    "error_count": 1,
    "isCompiled": false,
    "errors": [
      "test_internet_73cc51.py:18: error: No parent module -- cannot perform relative import",
      "Found 1 error in 1 file (errors prevented further checking)"
    ]
  },
  "test_interrupt_6915cc.py": {
    "stats": {
      "total_parameters": 20,
      "parameters_with_annotations": 0
    },
    "error_count": 0,
    "isCompiled": true,
    "errors": []
  },
  "test_interval_0c80e1.py": {
    "stats": {
      "total_parameters": 21,
      "parameters_with_annotations": 0
    },
    "error_count": 0,
    "isCompiled": true,
    "errors": []
  },
  "test_interval_3fb811.py": {
    "stats": {
      "total_parameters": 76,
      "parameters_with_annotations": 0
    },
    "error_count": 0,
    "isCompiled": true,
    "errors": []
  },
  "test_interval_aba39a.py": {
    "stats": {
      "total_parameters": 17,
      "parameters_with_annotations": 0
    },
    "error_count": 0,
    "isCompiled": true,
    "errors": []
  },
  "test_interval_e04786.py": {
    "stats": {
      "total_parameters": 67,
      "parameters_with_annotations": 0
    },
    "error_count": 0,
    "isCompiled": true,
    "errors": []
  },
  "test_interval_range_6fec67.py": {
    "stats": {
      "total_parameters": 42,
      "parameters_with_annotations": 0
    },
    "error_count": 0,
    "isCompiled": true,
    "errors": []
  },
  "test_interval_tree_05bf63.py": {
    "stats": {
      "total_parameters": 39,
      "parameters_with_annotations": 0
    },
    "error_count": 0,
    "isCompiled": true,
    "errors": []
  },
  "test_invalid_arg_f69c9f.py": {
    "stats": {
      "total_parameters": 35,
      "parameters_with_annotations": 0
    },
    "error_count": 0,
    "isCompiled": true,
    "errors": []
  },
  "test_ipython_b46143.py": {
    "stats": {
      "total_parameters": 102,
      "parameters_with_annotations": 0
    },
    "error_count": 0,
    "isCompiled": true,
    "errors": []
  },
  "test_isa_18_2_e8d887.py": {
    "stats": {
      "total_parameters": 15,
      "parameters_with_annotations": 0
    },
    "error_count": 0,
    "isCompiled": true,
    "errors": []
  },
  "test_isin_243dba.py": {
    "stats": {
      "total_parameters": 29,
      "parameters_with_annotations": 0
    },
    "error_count": 0,
    "isCompiled": true,
    "errors": []
  },
  "test_join_48601a.py": {
    "stats": {
      "total_parameters": 96,
      "parameters_with_annotations": 0
    },
    "error_count": 0,
    "isCompiled": true,
    "errors": []
  },
  "test_join_ff276c.py": {
    "stats": {
      "total_parameters": 15,
      "parameters_with_annotations": 0
    },
    "error_count": 0,
    "isCompiled": true,
    "errors": []
  },
  "test_json_7e4832.py": {
    "stats": {
      "total_parameters": 128,
      "parameters_with_annotations": 0
    },
    "error_count": 0,
    "isCompiled": true,
    "errors": []
  },
  "test_json_table_schema_ext_dtype_03d9d8.py": {
    "stats": {
      "total_parameters": 32,
      "parameters_with_annotations": 0
    },
    "error_count": 0,
    "isCompiled": true,
    "errors": []
  },
  "test_jupyter_69b856.py": {
    "stats": {
      "total_parameters": 41,
      "parameters_with_annotations": 0
    },
    "error_count": 0,
    "isCompiled": true,
    "errors": []
  },
  "test_kedro_data_catalog_4cfadd.py": {
    "stats": {
      "total_parameters": 183,
      "parameters_with_annotations": 0
    },
    "error_count": 0,
    "isCompiled": true,
    "errors": []
  },
  "test_kraken_f9036a.py": {
    "stats": {
      "total_parameters": 25,
      "parameters_with_annotations": 0
    },
    "error_count": 0,
    "isCompiled": true,
    "errors": []
  },
  "test_layers_95be9f.py": {
    "stats": {
      "total_parameters": 13,
      "parameters_with_annotations": 0
    },
    "error_count": 0,
    "isCompiled": true,
    "errors": []
  },
  "test_liboffsets_a4381d.py": {
    "stats": {
      "total_parameters": 30,
      "parameters_with_annotations": 0
    },
    "error_count": 0,
    "isCompiled": true,
    "errors": []
  },
  "test_libsparse_7cdef7.py": {
    "stats": {
      "total_parameters": 43,
      "parameters_with_annotations": 0
    },
    "error_count": 0,
    "isCompiled": true,
    "errors": []
  },
  "test_loc_3f3aec.py": {
    "stats": {
      "total_parameters": 315,
      "parameters_with_annotations": 0
    },
    "error_count": 4,
    "isCompiled": false,
    "errors": [
      "test_loc_3f3aec.py:13: error: Library stubs not installed for \"dateutil.tz\"  [import-untyped]",
      "test_loc_3f3aec.py:13: note: Hint: \"python3 -m pip install types-python-dateutil\"",
      "test_loc_3f3aec.py:13: note: (or run \"mypy --install-types\" to install all missing stub packages)",
      "test_loc_3f3aec.py:13: note: See https://mypy.readthedocs.io/en/stable/running_mypy.html#missing-imports",
      "Found 1 error in 1 file (checked 1 source file)"
    ]
  },
  "test_local_0cfc7f.py": {
    "stats": {
      "total_parameters": 49,
      "parameters_with_annotations": 0
    },
    "error_count": 5,
    "isCompiled": false,
    "errors": [
      "test_local_0cfc7f.py:13: error: Library stubs not installed for \"requests\"  [import-untyped]",
      "test_local_0cfc7f.py:15: error: Library stubs not installed for \"requests.adapters\"  [import-untyped]",
      "test_local_0cfc7f.py:15: note: Hint: \"python3 -m pip install types-requests\"",
      "test_local_0cfc7f.py:15: note: (or run \"mypy --install-types\" to install all missing stub packages)",
      "test_local_0cfc7f.py:15: note: See https://mypy.readthedocs.io/en/stable/running_mypy.html#missing-imports",
      "Found 2 errors in 1 file (checked 1 source file)"
    ]
  },
  "test_logging_8b4caf.py": {
    "stats": {
      "total_parameters": 10,
      "parameters_with_annotations": 0
    },
    "error_count": 0,
    "isCompiled": true,
    "errors": []
  },
  "test_logical_ops_b270a9.py": {
    "stats": {
      "total_parameters": 18,
      "parameters_with_annotations": 0
    },
    "error_count": 0,
    "isCompiled": true,
    "errors": []
  },
  "test_london_5cebb4.py": {
    "stats": {
      "total_parameters": 30,
      "parameters_with_annotations": 0
    },
    "error_count": 0,
    "isCompiled": true,
    "errors": []
  },
  "test_manifest_b9e428.py": {
    "stats": {
      "total_parameters": 127,
      "parameters_with_annotations": 0
    },
    "error_count": 3,
    "isCompiled": false,
    "errors": [
      "test_manifest_b9e428.py:1071: error: Need type annotation for \"_macros\" (hint: \"_macros: list[<type>] = ...\")  [var-annotated]",
      "test_manifest_b9e428.py:1072: error: Need type annotation for \"_nodes\" (hint: \"_nodes: list[<type>] = ...\")  [var-annotated]",
      "test_manifest_b9e428.py:1073: error: Need type annotation for \"_docs\" (hint: \"_docs: list[<type>] = ...\")  [var-annotated]",
      "Found 3 errors in 1 file (checked 1 source file)"
    ]
  },
  "test_melt_711512.py": {
    "stats": {
      "total_parameters": 82,
      "parameters_with_annotations": 0
    },
    "error_count": 0,
    "isCompiled": true,
    "errors": []
  },
  "test_memory_dataset_822706.py": {
    "stats": {
      "total_parameters": 58,
      "parameters_with_annotations": 0
    },
    "error_count": 0,
    "isCompiled": true,
    "errors": []
  },
  "test_merge_asof_031054.py": {
    "stats": {
      "total_parameters": 143,
      "parameters_with_annotations": 0
    },
    "error_count": 0,
    "isCompiled": true,
    "errors": []
  },
  "test_merge_d90586.py": {
    "stats": {
      "total_parameters": 229,
      "parameters_with_annotations": 0
    },
    "error_count": 0,
    "isCompiled": true,
    "errors": []
  },
  "test_merge_index_as_string_675720.py": {
    "stats": {
      "total_parameters": 23,
      "parameters_with_annotations": 0
    },
    "error_count": 0,
    "isCompiled": true,
    "errors": []
  },
  "test_merge_ordered_3a00fd.py": {
    "stats": {
      "total_parameters": 33,
      "parameters_with_annotations": 0
    },
    "error_count": 0,
    "isCompiled": true,
    "errors": []
  },
  "test_message_object_cf66b4.py": {
    "stats": {
      "total_parameters": 8,
      "parameters_with_annotations": 0
    },
    "error_count": 0,
    "isCompiled": true,
    "errors": []
  },
  "test_micropkg_package_607bd9.py": {
    "stats": {
      "total_parameters": 82,
      "parameters_with_annotations": 0
    },
    "error_count": 4,
    "isCompiled": false,
    "errors": [
      "test_micropkg_package_607bd9.py:6: error: Library stubs not installed for \"toml\"  [import-untyped]",
      "test_micropkg_package_607bd9.py:6: note: Hint: \"python3 -m pip install types-toml\"",
      "test_micropkg_package_607bd9.py:6: note: (or run \"mypy --install-types\" to install all missing stub packages)",
      "test_micropkg_package_607bd9.py:6: note: See https://mypy.readthedocs.io/en/stable/running_mypy.html#missing-imports",
      "Found 1 error in 1 file (checked 1 source file)"
    ]
  },
  "test_micropkg_pull_c2e238.py": {
    "stats": {
      "total_parameters": 136,
      "parameters_with_annotations": 0
    },
    "error_count": 6,
    "isCompiled": false,
    "errors": [
      "test_micropkg_pull_c2e238.py:9: error: Library stubs not installed for \"toml\"  [import-untyped]",
      "test_micropkg_pull_c2e238.py:9: note: Hint: \"python3 -m pip install types-toml\"",
      "test_micropkg_pull_c2e238.py:9: note: (or run \"mypy --install-types\" to install all missing stub packages)",
      "test_micropkg_pull_c2e238.py:9: note: See https://mypy.readthedocs.io/en/stable/running_mypy.html#missing-imports",
      "test_micropkg_pull_c2e238.py:10: error: Library stubs not installed for \"yaml\"  [import-untyped]",
      "test_micropkg_pull_c2e238.py:10: note: Hint: \"python3 -m pip install types-PyYAML\"",
      "Found 2 errors in 1 file (checked 1 source file)"
    ]
  },
  "test_micropkg_requirements_fd73d6.py": {
    "stats": {
      "total_parameters": 51,
      "parameters_with_annotations": 0
    },
    "error_count": 0,
    "isCompiled": true,
    "errors": []
  },
  "test_model_hooks_850fc8.py": {
    "stats": {
      "total_parameters": 63,
      "parameters_with_annotations": 0
    },
    "error_count": 0,
    "isCompiled": true,
    "errors": []
  },
  "test_moments_consistency_ewm_56b6c2.py": {
    "stats": {
      "total_parameters": 40,
      "parameters_with_annotations": 0
    },
    "error_count": 0,
    "isCompiled": true,
    "errors": []
  },
  "test_moments_consistency_rolling_0c7eb0.py": {
    "stats": {
      "total_parameters": 33,
      "parameters_with_annotations": 0
    },
    "error_count": 0,
    "isCompiled": true,
    "errors": []
  },
  "test_monitor_31e01e.py": {
    "stats": {
      "total_parameters": 68,
      "parameters_with_annotations": 0
    },
    "error_count": 0,
    "isCompiled": true,
    "errors": []
  },
  "test_multi_209bc7.py": {
    "stats": {
      "total_parameters": 60,
      "parameters_with_annotations": 0
    },
    "error_count": 0,
    "isCompiled": true,
    "errors": []
  },
  "test_na_values_e137af.py": {
    "stats": {
      "total_parameters": 61,
      "parameters_with_annotations": 0
    },
    "error_count": 0,
    "isCompiled": true,
    "errors": []
  },
  "test_nanops_cc7886.py": {
    "stats": {
      "total_parameters": 230,
      "parameters_with_annotations": 0
    },
    "error_count": 0,
    "isCompiled": true,
    "errors": []
  },
  "test_network_2464cc.py": {
    "stats": {
      "total_parameters": 76,
      "parameters_with_annotations": 0
    },
    "error_count": 0,
    "isCompiled": true,
    "errors": []
  },
  "test_notifications_endpoint_08d1aa.py": {
    "stats": {
      "total_parameters": 15,
      "parameters_with_annotations": 0
    },
    "error_count": 0,
    "isCompiled": true,
    "errors": []
  },
  "test_nth_cbbcbb.py": {
    "stats": {
      "total_parameters": 42,
      "parameters_with_annotations": 0
    },
    "error_count": 0,
    "isCompiled": true,
    "errors": []
  },
  "test_numba_246dfa.py": {
    "stats": {
      "total_parameters": 50,
      "parameters_with_annotations": 0
    },
    "error_count": 0,
    "isCompiled": true,
    "errors": []
  },
  "test_numba_a7df98.py": {
    "stats": {
      "total_parameters": 21,
      "parameters_with_annotations": 0
    },
    "error_count": 0,
    "isCompiled": true,
    "errors": []
  },
  "test_numba_b10ee7.py": {
    "stats": {
      "total_parameters": 47,
      "parameters_with_annotations": 0
    },
    "error_count": 0,
    "isCompiled": true,
    "errors": []
  },
  "test_numba_c3554f.py": {
    "stats": {
      "total_parameters": 104,
      "parameters_with_annotations": 0
    },
    "error_count": 0,
    "isCompiled": true,
    "errors": []
  },
  "test_numeric_6b9cc4.py": {
    "stats": {
      "total_parameters": 74,
      "parameters_with_annotations": 0
    },
    "error_count": 1,
    "isCompiled": false,
    "errors": [
      "test_numeric_6b9cc4.py:10: error: No parent module -- cannot perform relative import",
      "Found 1 error in 1 file (errors prevented further checking)"
    ]
  },
  "test_numeric_only_37163c.py": {
    "stats": {
      "total_parameters": 31,
      "parameters_with_annotations": 0
    },
    "error_count": 0,
    "isCompiled": true,
    "errors": []
  },
  "test_objects_7b7ddb.py": {
    "stats": {
      "total_parameters": 24,
      "parameters_with_annotations": 0
    },
    "error_count": 0,
    "isCompiled": true,
    "errors": []
  },
  "test_odswriter_dd1643.py": {
    "stats": {
      "total_parameters": 11,
      "parameters_with_annotations": 0
    },
    "error_count": 0,
    "isCompiled": true,
    "errors": []
  },
  "test_offsets_595cf3.py": {
    "stats": {
      "total_parameters": 111,
      "parameters_with_annotations": 0
    },
    "error_count": 0,
    "isCompiled": true,
    "errors": []
  },
  "test_okx_8bd74b.py": {
    "stats": {
      "total_parameters": 42,
      "parameters_with_annotations": 0
    },
    "error_count": 0,
    "isCompiled": true,
    "errors": []
  },
  "test_old_base_c9845a.py": {
    "stats": {
      "total_parameters": 105,
      "parameters_with_annotations": 0
    },
    "error_count": 0,
    "isCompiled": true,
    "errors": []
  },
  "test_on_attestation_3db217.py": {
    "stats": {
      "total_parameters": 31,
      "parameters_with_annotations": 0
    },
    "error_count": 0,
    "isCompiled": true,
    "errors": []
  },
  "test_opcodes_be536f.py": {
    "stats": {
      "total_parameters": 79,
      "parameters_with_annotations": 0
    },
    "error_count": 0,
    "isCompiled": true,
    "errors": []
  },
  "test_openpyxl_05fcc3.py": {
    "stats": {
      "total_parameters": 50,
      "parameters_with_annotations": 0
    },
    "error_count": 0,
    "isCompiled": true,
    "errors": []
  },
  "test_operations_088d14.py": {
    "stats": {
      "total_parameters": 48,
      "parameters_with_annotations": 0
    },
    "error_count": 0,
    "isCompiled": true,
    "errors": []
  },
  "test_ops_on_diff_frames_1c24fd.py": {
    "stats": {
      "total_parameters": 105,
      "parameters_with_annotations": 0
    },
    "error_count": 0,
    "isCompiled": true,
    "errors": []
  },
  "test_overlaps_cda380.py": {
    "stats": {
      "total_parameters": 16,
      "parameters_with_annotations": 0
    },
    "error_count": 0,
    "isCompiled": true,
    "errors": []
  },
  "test_package_4421e1.py": {
    "stats": {
      "total_parameters": 49,
      "parameters_with_annotations": 0
    },
    "error_count": 0,
    "isCompiled": true,
    "errors": []
  },
  "test_package_7fd20e.py": {
    "stats": {
      "total_parameters": 198,
      "parameters_with_annotations": 0
    },
    "error_count": 1,
    "isCompiled": false,
    "errors": [
      "test_package_7fd20e.py:28: error: First argument to namedtuple() should be \"FakePipCall\", not \"FakePipEntry\"  [name-match]",
      "Found 1 error in 1 file (checked 1 source file)"
    ]
  },
  "test_pairlist_c95c81.py": {
    "stats": {
      "total_parameters": 209,
      "parameters_with_annotations": 0
    },
    "error_count": 0,
    "isCompiled": true,
    "errors": []
  },
  "test_pairwise_9290e6.py": {
    "stats": {
      "total_parameters": 38,
      "parameters_with_annotations": 0
    },
    "error_count": 0,
    "isCompiled": true,
    "errors": []
  },
  "test_pandas_efa602.py": {
    "stats": {
      "total_parameters": 267,
      "parameters_with_annotations": 0
    },
    "error_count": 0,
    "isCompiled": true,
    "errors": []
  },
  "test_parquet_afc973.py": {
    "stats": {
      "total_parameters": 237,
      "parameters_with_annotations": 0
    },
    "error_count": 4,
    "isCompiled": false,
    "errors": [
      "test_parquet_afc973.py:1011: error: Library stubs not installed for \"pytz\"  [import-untyped]",
      "test_parquet_afc973.py:1011: note: Hint: \"python3 -m pip install types-pytz\"",
      "test_parquet_afc973.py:1011: note: (or run \"mypy --install-types\" to install all missing stub packages)",
      "test_parquet_afc973.py:1011: note: See https://mypy.readthedocs.io/en/stable/running_mypy.html#missing-imports",
      "Found 1 error in 1 file (checked 1 source file)"
    ]
  },
  "test_parse_89178c.py": {
    "stats": {
      "total_parameters": 11,
      "parameters_with_annotations": 0
    },
    "error_count": 0,
    "isCompiled": true,
    "errors": []
  },
  "test_parse_dates_206fdc.py": {
    "stats": {
      "total_parameters": 59,
      "parameters_with_annotations": 0
    },
    "error_count": 0,
    "isCompiled": true,
    "errors": []
  },
  "test_parsing_6c11a6.py": {
    "stats": {
      "total_parameters": 36,
      "parameters_with_annotations": 0
    },
    "error_count": 4,
    "isCompiled": false,
    "errors": [
      "test_parsing_6c11a6.py:8: error: Library stubs not installed for \"dateutil.parser\"  [import-untyped]",
      "test_parsing_6c11a6.py:8: note: Hint: \"python3 -m pip install types-python-dateutil\"",
      "test_parsing_6c11a6.py:8: note: (or run \"mypy --install-types\" to install all missing stub packages)",
      "test_parsing_6c11a6.py:8: note: See https://mypy.readthedocs.io/en/stable/running_mypy.html#missing-imports",
      "Found 1 error in 1 file (checked 1 source file)"
    ]
  },
  "test_partial_86bf04.py": {
    "stats": {
      "total_parameters": 37,
      "parameters_with_annotations": 0
    },
    "error_count": 0,
    "isCompiled": true,
    "errors": []
  },
  "test_partial_parsing_719695.py": {
    "stats": {
      "total_parameters": 58,
      "parameters_with_annotations": 0
    },
    "error_count": 4,
    "isCompiled": false,
    "errors": [
      "test_partial_parsing_719695.py:7: error: Library stubs not installed for \"yaml\"  [import-untyped]",
      "test_partial_parsing_719695.py:7: note: Hint: \"python3 -m pip install types-PyYAML\"",
      "test_partial_parsing_719695.py:7: note: (or run \"mypy --install-types\" to install all missing stub packages)",
      "test_partial_parsing_719695.py:7: note: See https://mypy.readthedocs.io/en/stable/running_mypy.html#missing-imports",
      "Found 1 error in 1 file (checked 1 source file)"
    ]
  },
  "test_patching_0f4c9f.py": {
    "stats": {
      "total_parameters": 11,
      "parameters_with_annotations": 0
    },
    "error_count": 0,
    "isCompiled": true,
    "errors": []
  },
  "test_period_c61bbd.py": {
    "stats": {
      "total_parameters": 88,
      "parameters_with_annotations": 0
    },
    "error_count": 0,
    "isCompiled": true,
    "errors": []
  },
  "test_period_index_9381a7.py": {
    "stats": {
      "total_parameters": 132,
      "parameters_with_annotations": 0
    },
    "error_count": 4,
    "isCompiled": false,
    "errors": [
      "test_period_index_9381a7.py:9: error: Library stubs not installed for \"dateutil\"  [import-untyped]",
      "test_period_index_9381a7.py:9: note: Hint: \"python3 -m pip install types-python-dateutil\"",
      "test_period_index_9381a7.py:9: note: (or run \"mypy --install-types\" to install all missing stub packages)",
      "test_period_index_9381a7.py:9: note: See https://mypy.readthedocs.io/en/stable/running_mypy.html#missing-imports",
      "Found 1 error in 1 file (checked 1 source file)"
    ]
  },
  "test_persistence_02086c.py": {
    "stats": {
      "total_parameters": 127,
      "parameters_with_annotations": 0
    },
    "error_count": 0,
    "isCompiled": true,
    "errors": []
  },
  "test_pipeline_0fd84d.py": {
    "stats": {
      "total_parameters": 30,
      "parameters_with_annotations": 0
    },
    "error_count": 0,
    "isCompiled": true,
    "errors": []
  },
  "test_pipeline_ab4ea1.py": {
    "stats": {
      "total_parameters": 109,
      "parameters_with_annotations": 0
    },
    "error_count": 4,
    "isCompiled": false,
    "errors": [
      "test_pipeline_ab4ea1.py:5: error: Library stubs not installed for \"yaml\"  [import-untyped]",
      "test_pipeline_ab4ea1.py:5: note: Hint: \"python3 -m pip install types-PyYAML\"",
      "test_pipeline_ab4ea1.py:5: note: (or run \"mypy --install-types\" to install all missing stub packages)",
      "test_pipeline_ab4ea1.py:5: note: See https://mypy.readthedocs.io/en/stable/running_mypy.html#missing-imports",
      "Found 1 error in 1 file (checked 1 source file)"
    ]
  },
  "test_pivot_62e6c1.py": {
    "stats": {
      "total_parameters": 186,
      "parameters_with_annotations": 0
    },
    "error_count": 0,
    "isCompiled": true,
    "errors": []
  },
  "test_planner_aec317.py": {
    "stats": {
      "total_parameters": 177,
      "parameters_with_annotations": 0
    },
    "error_count": 0,
    "isCompiled": true,
    "errors": []
  },
  "test_previous_version_state_eb5537.py": {
    "stats": {
      "total_parameters": 36,
      "parameters_with_annotations": 0
    },
    "error_count": 0,
    "isCompiled": true,
    "errors": []
  },
  "test_process_block_header_67cc9f.py": {
    "stats": {
      "total_parameters": 19,
      "parameters_with_annotations": 0
    },
    "error_count": 0,
    "isCompiled": true,
    "errors": []
  },
  "test_process_custody_slashing_e5de54.py": {
    "stats": {
      "total_parameters": 24,
      "parameters_with_annotations": 0
    },
    "error_count": 0,
    "isCompiled": true,
    "errors": []
  },
  "test_process_execution_payload_bd0176.py": {
    "stats": {
      "total_parameters": 36,
      "parameters_with_annotations": 0
    },
    "error_count": 0,
    "isCompiled": true,
    "errors": []
  },
  "test_process_execution_payload_f9e9ad.py": {
    "stats": {
      "total_parameters": 82,
      "parameters_with_annotations": 0
    },
    "error_count": 0,
    "isCompiled": true,
    "errors": []
  },
  "test_process_inactivity_updates_23d95d.py": {
    "stats": {
      "total_parameters": 55,
      "parameters_with_annotations": 0
    },
    "error_count": 0,
    "isCompiled": true,
    "errors": []
  },
  "test_process_justification_and_finalization_fc33da.py": {
    "stats": {
      "total_parameters": 51,
      "parameters_with_annotations": 0
    },
    "error_count": 0,
    "isCompiled": true,
    "errors": []
  },
  "test_process_pending_consolidations_a9c6ec.py": {
    "stats": {
      "total_parameters": 37,
      "parameters_with_annotations": 0
    },
    "error_count": 0,
    "isCompiled": true,
    "errors": []
  },
  "test_process_sync_aggregate_c588af.py": {
    "stats": {
      "total_parameters": 63,
      "parameters_with_annotations": 0
    },
    "error_count": 0,
    "isCompiled": true,
    "errors": []
  },
  "test_process_voluntary_exit_d70212.py": {
    "stats": {
      "total_parameters": 17,
      "parameters_with_annotations": 0
    },
    "error_count": 0,
    "isCompiled": true,
    "errors": []
  },
  "test_process_withdrawal_request_9f973e.py": {
    "stats": {
      "total_parameters": 67,
      "parameters_with_annotations": 0
    },
    "error_count": 0,
    "isCompiled": true,
    "errors": []
  },
  "test_profile_dir_8b1317.py": {
    "stats": {
      "total_parameters": 27,
      "parameters_with_annotations": 0
    },
    "error_count": 4,
    "isCompiled": false,
    "errors": [
      "test_profile_dir_8b1317.py:7: error: Library stubs not installed for \"yaml\"  [import-untyped]",
      "test_profile_dir_8b1317.py:7: note: Hint: \"python3 -m pip install types-PyYAML\"",
      "test_profile_dir_8b1317.py:7: note: (or run \"mypy --install-types\" to install all missing stub packages)",
      "test_profile_dir_8b1317.py:7: note: See https://mypy.readthedocs.io/en/stable/running_mypy.html#missing-imports",
      "Found 1 error in 1 file (checked 1 source file)"
    ]
  },
  "test_project_1f989e.py": {
    "stats": {
      "total_parameters": 28,
      "parameters_with_annotations": 0
    },
    "error_count": 0,
    "isCompiled": true,
    "errors": []
  },
  "test_prometheus_2a91bc.py": {
    "stats": {
      "total_parameters": 43,
      "parameters_with_annotations": 0
    },
    "error_count": 0,
    "isCompiled": true,
    "errors": []
  },
  "test_qcut_5ee678.py": {
    "stats": {
      "total_parameters": 26,
      "parameters_with_annotations": 0
    },
    "error_count": 0,
    "isCompiled": true,
    "errors": []
  },
  "test_quantile_94afc3.py": {
    "stats": {
      "total_parameters": 101,
      "parameters_with_annotations": 0
    },
    "error_count": 0,
    "isCompiled": true,
    "errors": []
  },
  "test_query_eval_130e95.py": {
    "stats": {
      "total_parameters": 292,
      "parameters_with_annotations": 0
    },
    "error_count": 0,
    "isCompiled": true,
    "errors": []
  },
  "test_raises_891508.py": {
    "stats": {
      "total_parameters": 63,
      "parameters_with_annotations": 0
    },
    "error_count": 0,
    "isCompiled": true,
    "errors": []
  },
  "test_range_fc6fe9.py": {
    "stats": {
      "total_parameters": 85,
      "parameters_with_annotations": 0
    },
    "error_count": 0,
    "isCompiled": true,
    "errors": []
  },
  "test_rank_19ec93.py": {
    "stats": {
      "total_parameters": 49,
      "parameters_with_annotations": 0
    },
    "error_count": 0,
    "isCompiled": true,
    "errors": []
  },
  "test_rank_c4ccb1.py": {
    "stats": {
      "total_parameters": 58,
      "parameters_with_annotations": 0
    },
    "error_count": 0,
    "isCompiled": true,
    "errors": []
  },
  "test_rank_d0371a.py": {
    "stats": {
      "total_parameters": 38,
      "parameters_with_annotations": 0
    },
    "error_count": 0,
    "isCompiled": true,
    "errors": []
  },
  "test_read_fwf_ec1bf4.py": {
    "stats": {
      "total_parameters": 24,
      "parameters_with_annotations": 0
    },
    "error_count": 0,
    "isCompiled": true,
    "errors": []
  },
  "test_recovery_2d8e5e.py": {
    "stats": {
      "total_parameters": 22,
      "parameters_with_annotations": 0
    },
    "error_count": 0,
    "isCompiled": true,
    "errors": []
  },
  "test_reductions_08a693.py": {
    "stats": {
      "total_parameters": 179,
      "parameters_with_annotations": 0
    },
    "error_count": 0,
    "isCompiled": true,
    "errors": []
  },
  "test_reductions_ebf449.py": {
    "stats": {
      "total_parameters": 46,
      "parameters_with_annotations": 0
    },
    "error_count": 0,
    "isCompiled": true,
    "errors": []
  },
  "test_registry_31caeb.py": {
    "stats": {
      "total_parameters": 19,
      "parameters_with_annotations": 0
    },
    "error_count": 0,
    "isCompiled": true,
    "errors": []
  },
  "test_registry_c9200e.py": {
    "stats": {
      "total_parameters": 14,
      "parameters_with_annotations": 0
    },
    "error_count": 0,
    "isCompiled": true,
    "errors": []
  },
  "test_reindex_54a65d.py": {
    "stats": {
      "total_parameters": 87,
      "parameters_with_annotations": 0
    },
    "error_count": 0,
    "isCompiled": true,
    "errors": []
  },
  "test_remotepairlist_e175cd.py": {
    "stats": {
      "total_parameters": 28,
      "parameters_with_annotations": 0
    },
    "error_count": 4,
    "isCompiled": false,
    "errors": [
      "test_remotepairlist_e175cd.py:5: error: Library stubs not installed for \"requests\"  [import-untyped]",
      "test_remotepairlist_e175cd.py:5: note: Hint: \"python3 -m pip install types-requests\"",
      "test_remotepairlist_e175cd.py:5: note: (or run \"mypy --install-types\" to install all missing stub packages)",
      "test_remotepairlist_e175cd.py:5: note: See https://mypy.readthedocs.io/en/stable/running_mypy.html#missing-imports",
      "Found 1 error in 1 file (checked 1 source file)"
    ]
  },
  "test_replace_ac1a27.py": {
    "stats": {
      "total_parameters": 146,
      "parameters_with_annotations": 0
    },
    "error_count": 0,
    "isCompiled": true,
    "errors": []
  },
  "test_replace_fc3342.py": {
    "stats": {
      "total_parameters": 80,
      "parameters_with_annotations": 0
    },
    "error_count": 0,
    "isCompiled": true,
    "errors": []
  },
  "test_resample_api_f0cdf1.py": {
    "stats": {
      "total_parameters": 97,
      "parameters_with_annotations": 0
    },
    "error_count": 0,
    "isCompiled": true,
    "errors": []
  },
  "test_rest_client_6dfb62.py": {
    "stats": {
      "total_parameters": 15,
      "parameters_with_annotations": 0
    },
    "error_count": 4,
    "isCompiled": false,
    "errors": [
      "test_rest_client_6dfb62.py:5: error: Library stubs not installed for \"requests.exceptions\"  [import-untyped]",
      "test_rest_client_6dfb62.py:5: note: Hint: \"python3 -m pip install types-requests\"",
      "test_rest_client_6dfb62.py:5: note: (or run \"mypy --install-types\" to install all missing stub packages)",
      "test_rest_client_6dfb62.py:5: note: See https://mypy.readthedocs.io/en/stable/running_mypy.html#missing-imports",
      "Found 1 error in 1 file (checked 1 source file)"
    ]
  },
  "test_rewards_83728f.py": {
    "stats": {
      "total_parameters": 17,
      "parameters_with_annotations": 0
    },
    "error_count": 0,
    "isCompiled": true,
    "errors": []
  },
  "test_rolling_741e1f.py": {
    "stats": {
      "total_parameters": 131,
      "parameters_with_annotations": 0
    },
    "error_count": 0,
    "isCompiled": true,
    "errors": []
  },
  "test_rolling_functions_251098.py": {
    "stats": {
      "total_parameters": 51,
      "parameters_with_annotations": 0
    },
    "error_count": 0,
    "isCompiled": true,
    "errors": []
  },
  "test_round_0a4ab4.py": {
    "stats": {
      "total_parameters": 42,
      "parameters_with_annotations": 0
    },
    "error_count": 0,
    "isCompiled": true,
    "errors": []
  },
  "test_round_faa621.py": {
    "stats": {
      "total_parameters": 25,
      "parameters_with_annotations": 0
    },
    "error_count": 0,
    "isCompiled": true,
    "errors": []
  },
  "test_round_trip_b8b484.py": {
    "stats": {
      "total_parameters": 48,
      "parameters_with_annotations": 0
    },
    "error_count": 0,
    "isCompiled": true,
    "errors": []
  },
  "test_rpc_0215ce.py": {
    "stats": {
      "total_parameters": 103,
      "parameters_with_annotations": 0
    },
    "error_count": 0,
    "isCompiled": true,
    "errors": []
  },
  "test_run_operations_c6edf5.py": {
    "stats": {
      "total_parameters": 30,
      "parameters_with_annotations": 0
    },
    "error_count": 4,
    "isCompiled": false,
    "errors": [
      "test_run_operations_c6edf5.py:4: error: Library stubs not installed for \"yaml\"  [import-untyped]",
      "test_run_operations_c6edf5.py:4: note: Hint: \"python3 -m pip install types-PyYAML\"",
      "test_run_operations_c6edf5.py:4: note: (or run \"mypy --install-types\" to install all missing stub packages)",
      "test_run_operations_c6edf5.py:4: note: See https://mypy.readthedocs.io/en/stable/running_mypy.html#missing-imports",
      "Found 1 error in 1 file (checked 1 source file)"
    ]
  },
  "test_runner_4222e5.py": {
    "stats": {
      "total_parameters": 85,
      "parameters_with_annotations": 0
    },
    "error_count": 0,
    "isCompiled": true,
    "errors": []
  },
  "test_samplers_341888.py": {
    "stats": {
      "total_parameters": 11,
      "parameters_with_annotations": 0
    },
    "error_count": 0,
    "isCompiled": true,
    "errors": []
  },
  "test_sas7bdat_0ac638.py": {
    "stats": {
      "total_parameters": 46,
      "parameters_with_annotations": 0
    },
    "error_count": 0,
    "isCompiled": true,
    "errors": []
  },
  "test_scalar_compat_34fd8d.py": {
    "stats": {
      "total_parameters": 59,
      "parameters_with_annotations": 0
    },
    "error_count": 0,
    "isCompiled": true,
    "errors": []
  },
  "test_selection_expansion_cb0b69.py": {
    "stats": {
      "total_parameters": 74,
      "parameters_with_annotations": 0
    },
    "error_count": 0,
    "isCompiled": true,
    "errors": []
  },
  "test_selectors_267ea0.py": {
    "stats": {
      "total_parameters": 18,
      "parameters_with_annotations": 0
    },
    "error_count": 0,
    "isCompiled": true,
    "errors": []
  },
  "test_series_5f79c1.py": {
    "stats": {
      "total_parameters": 150,
      "parameters_with_annotations": 0
    },
    "error_count": 0,
    "isCompiled": true,
    "errors": []
  },
  "test_series_apply_554287.py": {
    "stats": {
      "total_parameters": 77,
      "parameters_with_annotations": 0
    },
    "error_count": 0,
    "isCompiled": true,
    "errors": []
  },
  "test_session_hook_manager_b0d853.py": {
    "stats": {
      "total_parameters": 22,
      "parameters_with_annotations": 0
    },
    "error_count": 0,
    "isCompiled": true,
    "errors": []
  },
  "test_set_index_3c0de8.py": {
    "stats": {
      "total_parameters": 80,
      "parameters_with_annotations": 0
    },
    "error_count": 0,
    "isCompiled": true,
    "errors": []
  },
  "test_setitem_31620d.py": {
    "stats": {
      "total_parameters": 258,
      "parameters_with_annotations": 0
    },
    "error_count": 0,
    "isCompiled": true,
    "errors": []
  },
  "test_setitem_a50d5b.py": {
    "stats": {
      "total_parameters": 40,
      "parameters_with_annotations": 0
    },
    "error_count": 0,
    "isCompiled": true,
    "errors": []
  },
  "test_setops_3892f2.py": {
    "stats": {
      "total_parameters": 41,
      "parameters_with_annotations": 0
    },
    "error_count": 0,
    "isCompiled": true,
    "errors": []
  },
  "test_setops_5584ad.py": {
    "stats": {
      "total_parameters": 126,
      "parameters_with_annotations": 0
    },
    "error_count": 0,
    "isCompiled": true,
    "errors": []
  },
  "test_setops_9f3297.py": {
    "stats": {
      "total_parameters": 60,
      "parameters_with_annotations": 0
    },
    "error_count": 0,
    "isCompiled": true,
    "errors": []
  },
  "test_setops_dfaf2d.py": {
    "stats": {
      "total_parameters": 32,
      "parameters_with_annotations": 0
    },
    "error_count": 0,
    "isCompiled": true,
    "errors": []
  },
  "test_sets_73d779.py": {
    "stats": {
      "total_parameters": 32,
      "parameters_with_annotations": 0
    },
    "error_count": 0,
    "isCompiled": true,
    "errors": []
  },
  "test_simple_source_67978c.py": {
    "stats": {
      "total_parameters": 32,
      "parameters_with_annotations": 0
    },
    "error_count": 4,
    "isCompiled": false,
    "errors": [
      "test_simple_source_67978c.py:4: error: Library stubs not installed for \"yaml\"  [import-untyped]",
      "test_simple_source_67978c.py:4: note: Hint: \"python3 -m pip install types-PyYAML\"",
      "test_simple_source_67978c.py:4: note: (or run \"mypy --install-types\" to install all missing stub packages)",
      "test_simple_source_67978c.py:4: note: See https://mypy.readthedocs.io/en/stable/running_mypy.html#missing-imports",
      "Found 1 error in 1 file (checked 1 source file)"
    ]
  },
  "test_sliceaware_classifier_1e31e5.py": {
    "stats": {
      "total_parameters": 12,
      "parameters_with_annotations": 0
    },
    "error_count": 0,
    "isCompiled": true,
    "errors": []
  },
  "test_sort_index_15410c.py": {
    "stats": {
      "total_parameters": 61,
      "parameters_with_annotations": 0
    },
    "error_count": 0,
    "isCompiled": true,
    "errors": []
  },
  "test_sort_index_efa5b2.py": {
    "stats": {
      "total_parameters": 39,
      "parameters_with_annotations": 0
    },
    "error_count": 0,
    "isCompiled": true,
    "errors": []
  },
  "test_sort_values_87e12b.py": {
    "stats": {
      "total_parameters": 66,
      "parameters_with_annotations": 0
    },
    "error_count": 0,
    "isCompiled": true,
    "errors": []
  },
  "test_sort_values_bf73ae.py": {
    "stats": {
      "total_parameters": 15,
      "parameters_with_annotations": 0
    },
    "error_count": 0,
    "isCompiled": true,
    "errors": []
  },
  "test_sorting_c07df0.py": {
    "stats": {
      "total_parameters": 49,
      "parameters_with_annotations": 0
    },
    "error_count": 0,
    "isCompiled": true,
    "errors": []
  },
  "test_stack_b5f4bd.py": {
    "stats": {
      "total_parameters": 23,
      "parameters_with_annotations": 0
    },
    "error_count": 0,
    "isCompiled": true,
    "errors": []
  },
  "test_stack_unstack_b54311.py": {
    "stats": {
      "total_parameters": 204,
      "parameters_with_annotations": 0
    },
    "error_count": 0,
    "isCompiled": true,
    "errors": []
  },
  "test_stat_reductions_69f5b2.py": {
    "stats": {
      "total_parameters": 25,
      "parameters_with_annotations": 0
    },
    "error_count": 0,
    "isCompiled": true,
    "errors": []
  },
  "test_stateful_cf2044.py": {
    "stats": {
      "total_parameters": 178,
      "parameters_with_annotations": 0
    },
    "error_count": 0,
    "isCompiled": true,
    "errors": []
  },
  "test_statsd_afaa78.py": {
    "stats": {
      "total_parameters": 32,
      "parameters_with_annotations": 0
    },
    "error_count": 0,
    "isCompiled": true,
    "errors": []
  },
  "test_steps_cf24e2.py": {
    "stats": {
      "total_parameters": 26,
      "parameters_with_annotations": 0
    },
    "error_count": 0,
    "isCompiled": true,
    "errors": []
  },
  "test_stoploss_on_exchange_98cce5.py": {
    "stats": {
      "total_parameters": 100,
      "parameters_with_annotations": 0
    },
    "error_count": 0,
    "isCompiled": true,
    "errors": []
  },
  "test_store_f376cd.py": {
    "stats": {
      "total_parameters": 69,
      "parameters_with_annotations": 0
    },
    "error_count": 0,
    "isCompiled": true,
    "errors": []
  },
  "test_strategy_helpers_2175ad.py": {
    "stats": {
      "total_parameters": 13,
      "parameters_with_annotations": 0
    },
    "error_count": 0,
    "isCompiled": true,
    "errors": []
  },
  "test_strategy_state_127381.py": {
    "stats": {
      "total_parameters": 50,
      "parameters_with_annotations": 0
    },
    "error_count": 0,
    "isCompiled": true,
    "errors": []
  },
  "test_strings_4cd98f.py": {
    "stats": {
      "total_parameters": 77,
      "parameters_with_annotations": 0
    },
    "error_count": 0,
    "isCompiled": true,
    "errors": []
  },
  "test_style_33489e.py": {
    "stats": {
      "total_parameters": 163,
      "parameters_with_annotations": 0
    },
    "error_count": 0,
    "isCompiled": true,
    "errors": []
  },
  "test_style_48cf89.py": {
    "stats": {
      "total_parameters": 25,
      "parameters_with_annotations": 0
    },
    "error_count": 0,
    "isCompiled": true,
    "errors": []
  },
  "test_subclass_cc44d0.py": {
    "stats": {
      "total_parameters": 12,
      "parameters_with_annotations": 0
    },
    "error_count": 0,
    "isCompiled": true,
    "errors": []
  },
  "test_table_5469d2.py": {
    "stats": {
      "total_parameters": 26,
      "parameters_with_annotations": 0
    },
    "error_count": 0,
    "isCompiled": true,
    "errors": []
  },
  "test_tables_ba47a0.py": {
    "stats": {
      "total_parameters": 14,
      "parameters_with_annotations": 0
    },
    "error_count": 0,
    "isCompiled": true,
    "errors": []
  },
  "test_tags_ccc8b0.py": {
    "stats": {
      "total_parameters": 15,
      "parameters_with_annotations": 0
    },
    "error_count": 0,
    "isCompiled": true,
    "errors": []
  },
  "test_targetstate_85ad01.py": {
    "stats": {
      "total_parameters": 11,
      "parameters_with_annotations": 0
    },
    "error_count": 0,
    "isCompiled": true,
    "errors": []
  },
  "test_task_e78dda.py": {
    "stats": {
      "total_parameters": 18,
      "parameters_with_annotations": 0
    },
    "error_count": 0,
    "isCompiled": true,
    "errors": []
  },
  "test_timedelta64_f628bf.py": {
    "stats": {
      "total_parameters": 202,
      "parameters_with_annotations": 0
    },
    "error_count": 0,
    "isCompiled": true,
    "errors": []
  },
  "test_timedelta_range_f3b73d.py": {
    "stats": {
      "total_parameters": 23,
      "parameters_with_annotations": 0
    },
    "error_count": 0,
    "isCompiled": true,
    "errors": []
  },
  "test_timestamp_a9efbe.py": {
    "stats": {
      "total_parameters": 124,
      "parameters_with_annotations": 0
    },
    "error_count": 4,
    "isCompiled": false,
    "errors": [
      "test_timestamp_a9efbe.py:14: error: Library stubs not installed for \"dateutil.tz\"  [import-untyped]",
      "test_timestamp_a9efbe.py:14: note: Hint: \"python3 -m pip install types-python-dateutil\"",
      "test_timestamp_a9efbe.py:14: note: (or run \"mypy --install-types\" to install all missing stub packages)",
      "test_timestamp_a9efbe.py:14: note: See https://mypy.readthedocs.io/en/stable/running_mypy.html#missing-imports",
      "Found 1 error in 1 file (checked 1 source file)"
    ]
  },
  "test_to_csv_2a1c22.py": {
    "stats": {
      "total_parameters": 56,
      "parameters_with_annotations": 0
    },
    "error_count": 0,
    "isCompiled": true,
    "errors": []
  },
  "test_to_csv_c73ed7.py": {
    "stats": {
      "total_parameters": 22,
      "parameters_with_annotations": 0
    },
    "error_count": 0,
    "isCompiled": true,
    "errors": []
  },
  "test_to_csv_e7f2e8.py": {
    "stats": {
      "total_parameters": 143,
      "parameters_with_annotations": 0
    },
    "error_count": 0,
    "isCompiled": true,
    "errors": []
  },
  "test_to_datetime_ac3e83.py": {
    "stats": {
      "total_parameters": 490,
      "parameters_with_annotations": 0
    },
    "error_count": 4,
    "isCompiled": false,
    "errors": [
      "test_to_datetime_ac3e83.py:15: error: Library stubs not installed for \"dateutil.parser\"  [import-untyped]",
      "test_to_datetime_ac3e83.py:15: note: Hint: \"python3 -m pip install types-python-dateutil\"",
      "test_to_datetime_ac3e83.py:15: note: (or run \"mypy --install-types\" to install all missing stub packages)",
      "test_to_datetime_ac3e83.py:15: note: See https://mypy.readthedocs.io/en/stable/running_mypy.html#missing-imports",
      "Found 1 error in 1 file (checked 1 source file)"
    ]
  },
  "test_to_html_24b1e4.py": {
    "stats": {
      "total_parameters": 133,
      "parameters_with_annotations": 0
    },
    "error_count": 0,
    "isCompiled": true,
    "errors": []
  },
  "test_to_latex_4e44c5.py": {
    "stats": {
      "total_parameters": 124,
      "parameters_with_annotations": 0
    },
    "error_count": 0,
    "isCompiled": true,
    "errors": []
  },
  "test_to_numeric_199e51.py": {
    "stats": {
      "total_parameters": 91,
      "parameters_with_annotations": 0
    },
    "error_count": 0,
    "isCompiled": true,
    "errors": []
  },
  "test_tone_convert_a42800.py": {
    "stats": {
      "total_parameters": 65,
      "parameters_with_annotations": 0
    },
    "error_count": 0,
    "isCompiled": true,
    "errors": []
  },
  "test_transform_0bcea9.py": {
    "stats": {
      "total_parameters": 94,
      "parameters_with_annotations": 0
    },
    "error_count": 0,
    "isCompiled": true,
    "errors": []
  },
  "test_transformation_24b2f2.py": {
    "stats": {
      "total_parameters": 7,
      "parameters_with_annotations": 0
    },
    "error_count": 0,
    "isCompiled": true,
    "errors": []
  },
  "test_transition_77bcb3.py": {
    "stats": {
      "total_parameters": 80,
      "parameters_with_annotations": 0
    },
    "error_count": 0,
    "isCompiled": true,
    "errors": []
  },
  "test_truncate_a84f32.py": {
    "stats": {
      "total_parameters": 17,
      "parameters_with_annotations": 0
    },
    "error_count": 0,
    "isCompiled": true,
    "errors": []
  },
  "test_tz_localize_a90669.py": {
    "stats": {
      "total_parameters": 42,
      "parameters_with_annotations": 0
    },
    "error_count": 5,
    "isCompiled": false,
    "errors": [
      "test_tz_localize_a90669.py:8: error: Library stubs not installed for \"dateutil.tz\"  [import-untyped]",
      "test_tz_localize_a90669.py:8: note: Hint: \"python3 -m pip install types-python-dateutil\"",
      "test_tz_localize_a90669.py:8: note: (or run \"mypy --install-types\" to install all missing stub packages)",
      "test_tz_localize_a90669.py:8: note: See https://mypy.readthedocs.io/en/stable/running_mypy.html#missing-imports",
      "test_tz_localize_a90669.py:8: error: Library stubs not installed for \"dateutil\"  [import-untyped]",
      "Found 2 errors in 1 file (checked 1 source file)"
    ]
  },
  "test_tz_localize_ae2d56.py": {
    "stats": {
      "total_parameters": 38,
      "parameters_with_annotations": 0
    },
    "error_count": 4,
    "isCompiled": false,
    "errors": [
      "test_tz_localize_ae2d56.py:5: error: Library stubs not installed for \"dateutil.tz\"  [import-untyped]",
      "test_tz_localize_ae2d56.py:5: note: Hint: \"python3 -m pip install types-python-dateutil\"",
      "test_tz_localize_ae2d56.py:5: note: (or run \"mypy --install-types\" to install all missing stub packages)",
      "test_tz_localize_ae2d56.py:5: note: See https://mypy.readthedocs.io/en/stable/running_mypy.html#missing-imports",
      "Found 1 error in 1 file (checked 1 source file)"
    ]
  },
  "test_ufunc_8b843e.py": {
    "stats": {
      "total_parameters": 60,
      "parameters_with_annotations": 0
    },
    "error_count": 0,
    "isCompiled": true,
    "errors": []
  },
  "test_ujson_e78381.py": {
    "stats": {
      "total_parameters": 150,
      "parameters_with_annotations": 0
    },
    "error_count": 4,
    "isCompiled": false,
    "errors": [
      "test_ujson_e78381.py:10: error: Library stubs not installed for \"dateutil\"  [import-untyped]",
      "test_ujson_e78381.py:10: note: Hint: \"python3 -m pip install types-python-dateutil\"",
      "test_ujson_e78381.py:10: note: (or run \"mypy --install-types\" to install all missing stub packages)",
      "test_ujson_e78381.py:10: note: See https://mypy.readthedocs.io/en/stable/running_mypy.html#missing-imports",
      "Found 1 error in 1 file (checked 1 source file)"
    ]
  },
  "test_union_categoricals_f7953f.py": {
    "stats": {
      "total_parameters": 28,
      "parameters_with_annotations": 0
    },
    "error_count": 0,
    "isCompiled": true,
    "errors": []
  },
  "test_update_2ec5bf.py": {
    "stats": {
      "total_parameters": 16,
      "parameters_with_annotations": 0
    },
    "error_count": 0,
    "isCompiled": true,
    "errors": []
  },
  "test_url_1ceabd.py": {
    "stats": {
      "total_parameters": 18,
      "parameters_with_annotations": 0
    },
    "error_count": 0,
    "isCompiled": true,
    "errors": []
  },
  "test_usecols_basic_f18d3b.py": {
    "stats": {
      "total_parameters": 53,
      "parameters_with_annotations": 0
    },
    "error_count": 0,
    "isCompiled": true,
    "errors": []
  },
  "test_utils_014a22.py": {
    "stats": {
      "total_parameters": 116,
      "parameters_with_annotations": 0
    },
    "error_count": 0,
    "isCompiled": true,
    "errors": []
  },
  "test_utils_f58fb9.py": {
    "stats": {
      "total_parameters": 30,
      "parameters_with_annotations": 0
    },
    "error_count": 6,
    "isCompiled": false,
    "errors": [
      "test_utils_f58fb9.py:8: error: Library stubs not installed for \"six\"  [import-untyped]",
      "test_utils_f58fb9.py:8: note: Hint: \"python3 -m pip install types-six\"",
      "test_utils_f58fb9.py:8: note: (or run \"mypy --install-types\" to install all missing stub packages)",
      "test_utils_f58fb9.py:8: note: See https://mypy.readthedocs.io/en/stable/running_mypy.html#missing-imports",
      "test_utils_f58fb9.py:12: error: Library stubs not installed for \"dateutil\"  [import-untyped]",
      "test_utils_f58fb9.py:12: note: Hint: \"python3 -m pip install types-python-dateutil\"",
      "Found 2 errors in 1 file (checked 1 source file)"
    ]
  },
  "test_validate_docstrings_1ce531.py": {
    "stats": {
      "total_parameters": 50,
      "parameters_with_annotations": 0
    },
    "error_count": 0,
    "isCompiled": true,
    "errors": []
  },
  "test_validator_417f9a.py": {
    "stats": {
      "total_parameters": 34,
      "parameters_with_annotations": 0
    },
    "error_count": 0,
    "isCompiled": true,
    "errors": []
  },
  "test_validator_unittest_4d4a84.py": {
    "stats": {
      "total_parameters": 66,
      "parameters_with_annotations": 0
    },
    "error_count": 0,
    "isCompiled": true,
    "errors": []
  },
  "test_value_counts_77b3d1.py": {
    "stats": {
      "total_parameters": 122,
      "parameters_with_annotations": 0
    },
    "error_count": 0,
    "isCompiled": true,
    "errors": []
  },
  "test_wallets_fe5a94.py": {
    "stats": {
      "total_parameters": 48,
      "parameters_with_annotations": 0
    },
    "error_count": 0,
    "isCompiled": true,
    "errors": []
  },
  "test_websockets_059343.py": {
    "stats": {
      "total_parameters": 43,
      "parameters_with_annotations": 0
    },
    "error_count": 0,
    "isCompiled": true,
    "errors": []
  },
  "test_week_31892f.py": {
    "stats": {
      "total_parameters": 30,
      "parameters_with_annotations": 0
    },
    "error_count": 0,
    "isCompiled": true,
    "errors": []
  },
  "test_win_type_fcca97.py": {
    "stats": {
      "total_parameters": 41,
      "parameters_with_annotations": 0
    },
    "error_count": 0,
    "isCompiled": true,
    "errors": []
  },
  "test_wrappers_62b3f0.py": {
    "stats": {
      "total_parameters": 77,
      "parameters_with_annotations": 0
    },
    "error_count": 0,
    "isCompiled": true,
    "errors": []
  },
  "test_xs_1bb8c5.py": {
    "stats": {
      "total_parameters": 48,
      "parameters_with_annotations": 0
    },
    "error_count": 0,
    "isCompiled": true,
    "errors": []
  },
  "test_zrouting_59f6cb.py": {
    "stats": {
      "total_parameters": 31,
      "parameters_with_annotations": 0
    },
    "error_count": 0,
    "isCompiled": true,
    "errors": []
  },
  "thread_78e150.py": {
    "stats": {
      "total_parameters": 11,
      "parameters_with_annotations": 0
    },
    "error_count": 6,
    "isCompiled": false,
    "errors": [
      "thread_78e150.py:5: error: Library stubs not installed for \"requests.exceptions\"  [import-untyped]",
      "thread_78e150.py:5: note: Hint: \"python3 -m pip install types-requests\"",
      "thread_78e150.py:5: note: (or run \"mypy --install-types\" to install all missing stub packages)",
      "thread_78e150.py:5: note: See https://mypy.readthedocs.io/en/stable/running_mypy.html#missing-imports",
      "thread_78e150.py:5: error: Library stubs not installed for \"requests\"  [import-untyped]",
      "thread_78e150.py:7: error: Relative import climbs too many namespaces  [misc]",
      "Found 3 errors in 1 file (checked 1 source file)"
    ]
  },
  "tokenize_4942d9.py": {
    "stats": {
      "total_parameters": 22,
      "parameters_with_annotations": 0
    },
    "error_count": 1,
    "isCompiled": false,
    "errors": [
      "tokenize_4942d9.py:36: error: No parent module -- cannot perform relative import",
      "Found 1 error in 1 file (errors prevented further checking)"
    ]
  },
  "transports_16d522.py": {
    "stats": {
      "total_parameters": 29,
      "parameters_with_annotations": 0
    },
    "error_count": 6,
    "isCompiled": false,
    "errors": [
      "transports_16d522.py:3: error: Library stubs not installed for \"requests\"  [import-untyped]",
      "transports_16d522.py:3: note: Hint: \"python3 -m pip install types-requests\"",
      "transports_16d522.py:3: note: (or run \"mypy --install-types\" to install all missing stub packages)",
      "transports_16d522.py:3: note: See https://mypy.readthedocs.io/en/stable/running_mypy.html#missing-imports",
      "transports_16d522.py:9: error: Name \"http.cookiejar.CookiePolicy\" is not defined  [name-defined]",
      "transports_16d522.py:30: error: Incompatible types in assignment (expression has type \"list[str]\", base class \"BaseTransport\" defined the type as \"None\")  [assignment]",
      "Found 3 errors in 1 file (checked 1 source file)"
    ]
  },
  "tts_37e6e2.py": {
    "stats": {
      "total_parameters": 21,
      "parameters_with_annotations": 0
    },
    "error_count": 4,
    "isCompiled": false,
    "errors": [
      "tts_37e6e2.py:6: error: Library stubs not installed for \"requests.exceptions\"  [import-untyped]",
      "tts_37e6e2.py:6: note: Hint: \"python3 -m pip install types-requests\"",
      "tts_37e6e2.py:6: note: (or run \"mypy --install-types\" to install all missing stub packages)",
      "tts_37e6e2.py:6: note: See https://mypy.readthedocs.io/en/stable/running_mypy.html#missing-imports",
      "Found 1 error in 1 file (checked 1 source file)"
    ]
  },
  "tts_59d132.py": {
    "stats": {
      "total_parameters": 16,
      "parameters_with_annotations": 0
    },
    "error_count": 0,
    "isCompiled": true,
    "errors": []
  },
  "type_var_a00119.py": {
    "stats": {
      "total_parameters": 25,
      "parameters_with_annotations": 0
    },
    "error_count": 0,
    "isCompiled": true,
    "errors": []
  },
  "typeshed_1ff9b7.py": {
    "stats": {
      "total_parameters": 33,
      "parameters_with_annotations": 0
    },
    "error_count": 0,
    "isCompiled": true,
    "errors": []
  },
  "typing_fe369a.py": {
    "stats": {
      "total_parameters": 72,
      "parameters_with_annotations": 0
    },
    "error_count": 0,
    "isCompiled": true,
    "errors": []
  },
  "ui_89cc2d.py": {
    "stats": {
      "total_parameters": 53,
      "parameters_with_annotations": 0
    },
    "error_count": 1,
    "isCompiled": false,
    "errors": [
      "ui_89cc2d.py:17: error: No parent module -- cannot perform relative import",
      "Found 1 error in 1 file (errors prevented further checking)"
    ]
  },
  "url_77bbe4.py": {
    "stats": {
      "total_parameters": 17,
      "parameters_with_annotations": 0
    },
    "error_count": 2,
    "isCompiled": false,
    "errors": [
      "url_77bbe4.py:4: error: Relative import climbs too many namespaces  [misc]",
      "url_77bbe4.py:12: error: List or tuple literal expected as the second argument to \"namedtuple()\"  [misc]",
      "Found 2 errors in 1 file (checked 1 source file)"
    ]
  },
  "util_c87ff9.py": {
    "stats": {
      "total_parameters": 18,
      "parameters_with_annotations": 0
    },
    "error_count": 0,
    "isCompiled": true,
    "errors": []
  },
  "utils_0e78a9.py": {
    "stats": {
      "total_parameters": 29,
      "parameters_with_annotations": 0
    },
    "error_count": 0,
    "isCompiled": true,
    "errors": []
  },
  "utils_eb1e68.py": {
    "stats": {
      "total_parameters": 32,
      "parameters_with_annotations": 0
    },
    "error_count": 0,
    "isCompiled": true,
    "errors": []
  },
  "vacuum_4633b7.py": {
    "stats": {
      "total_parameters": 13,
      "parameters_with_annotations": 0
    },
    "error_count": 0,
    "isCompiled": true,
    "errors": []
  },
  "vagrant_71cd9c.py": {
    "stats": {
      "total_parameters": 45,
      "parameters_with_annotations": 0
    },
    "error_count": 0,
    "isCompiled": true,
    "errors": []
  },
  "validate_a55939.py": {
    "stats": {
      "total_parameters": 16,
      "parameters_with_annotations": 0
    },
    "error_count": 4,
    "isCompiled": false,
    "errors": [
      "validate_a55939.py:3: error: Library stubs not installed for \"yaml\"  [import-untyped]",
      "validate_a55939.py:3: note: Hint: \"python3 -m pip install types-PyYAML\"",
      "validate_a55939.py:3: note: (or run \"mypy --install-types\" to install all missing stub packages)",
      "validate_a55939.py:3: note: See https://mypy.readthedocs.io/en/stable/running_mypy.html#missing-imports",
      "Found 1 error in 1 file (checked 1 source file)"
    ]
  },
  "value_05eb19.py": {
    "stats": {
      "total_parameters": 128,
      "parameters_with_annotations": 0
    },
    "error_count": 0,
    "isCompiled": true,
    "errors": []
  },
  "variables_c92b2f.py": {
    "stats": {
      "total_parameters": 26,
      "parameters_with_annotations": 0
    },
    "error_count": 0,
    "isCompiled": true,
    "errors": []
  },
  "violations_cd5822.py": {
    "stats": {
      "total_parameters": 27,
      "parameters_with_annotations": 0
    },
    "error_count": 1,
    "isCompiled": false,
    "errors": [
      "violations_cd5822.py:95: error: Need type annotation for \"groups\" (hint: \"groups: list[<type>] = ...\")  [var-annotated]",
      "Found 1 error in 1 file (checked 1 source file)"
    ]
  },
  "voluntary_exits_96290c.py": {
    "stats": {
      "total_parameters": 22,
      "parameters_with_annotations": 0
    },
    "error_count": 0,
    "isCompiled": true,
    "errors": []
  },
  "webtrader_b07629.py": {
    "stats": {
      "total_parameters": 50,
      "parameters_with_annotations": 0
    },
    "error_count": 5,
    "isCompiled": false,
    "errors": [
      "webtrader_b07629.py:9: error: Library stubs not installed for \"requests\"  [import-untyped]",
      "webtrader_b07629.py:10: error: Library stubs not installed for \"requests.exceptions\"  [import-untyped]",
      "webtrader_b07629.py:10: note: Hint: \"python3 -m pip install types-requests\"",
      "webtrader_b07629.py:10: note: (or run \"mypy --install-types\" to install all missing stub packages)",
      "webtrader_b07629.py:10: note: See https://mypy.readthedocs.io/en/stable/running_mypy.html#missing-imports",
      "Found 2 errors in 1 file (checked 1 source file)"
    ]
  },
  "withdrawals_7e4651.py": {
    "stats": {
      "total_parameters": 61,
      "parameters_with_annotations": 0
    },
    "error_count": 0,
    "isCompiled": true,
    "errors": []
  },
  "xqtrader_85cb19.py": {
    "stats": {
      "total_parameters": 45,
      "parameters_with_annotations": 0
    },
    "error_count": 4,
    "isCompiled": false,
    "errors": [
      "xqtrader_85cb19.py:8: error: Library stubs not installed for \"requests\"  [import-untyped]",
      "xqtrader_85cb19.py:8: note: Hint: \"python3 -m pip install types-requests\"",
      "xqtrader_85cb19.py:8: note: (or run \"mypy --install-types\" to install all missing stub packages)",
      "xqtrader_85cb19.py:8: note: See https://mypy.readthedocs.io/en/stable/running_mypy.html#missing-imports",
      "Found 1 error in 1 file (checked 1 source file)"
    ]
  },
  "yh_clienttrader_6b6d1f.py": {
    "stats": {
      "total_parameters": 11,
      "parameters_with_annotations": 0
    },
    "error_count": 0,
    "isCompiled": true,
    "errors": []
  }
}