{
    "accessories_b90bda.py": {
        "stats": {
            "total_parameters": 57,
            "parameters_with_annotations": 37
        },
        "error_count": 0,
        "isCompiled": true,
        "errors": []
    },
    "accessor_9a03f0.py": {
        "stats": {
            "total_parameters": 178,
            "parameters_with_annotations": 45
        },
        "error_count": 0,
        "isCompiled": true,
        "errors": []
    },
    "aiokafka_d62f1d.py": {
        "stats": {
            "total_parameters": 93,
            "parameters_with_annotations": 46
        },
        "error_count": 8,
        "isCompiled": false,
        "errors": [
            "aiokafka_d62f1d.py:783: error: Incompatible default for argument \"timeout\" (default has type \"None\", argument has type \"float\")  [assignment]",
            "aiokafka_d62f1d.py:783: note: PEP 484 prohibits implicit Optional. Accordingly, mypy has changed its default to no_implicit_optional=True",
            "aiokafka_d62f1d.py:783: note: Use https://github.com/hauntsaninja/no_implicit_optional to automatically upgrade your codebase",
            "aiokafka_d62f1d.py:784: error: Incompatible default for argument \"max_records\" (default has type \"None\", argument has type \"int\")  [assignment]",
            "aiokafka_d62f1d.py:784: note: PEP 484 prohibits implicit Optional. Accordingly, mypy has changed its default to no_implicit_optional=True",
            "aiokafka_d62f1d.py:784: note: Use https://github.com/hauntsaninja/no_implicit_optional to automatically upgrade your codebase",
            "aiokafka_d62f1d.py:861: error: Cannot determine type of \"partitioner\"  [has-type]",
            "aiokafka_d62f1d.py:1015: error: Incompatible types in assignment (expression has type \"float | None\", variable has type \"int | None\")  [assignment]",
            "Found 4 errors in 1 file (checked 1 source file)"
        ]
    },
    "algorithms_faa87b.py": {
        "stats": {
            "total_parameters": 70,
            "parameters_with_annotations": 70
        },
        "error_count": 2,
        "isCompiled": false,
        "errors": [
            "algorithms_faa87b.py:1323: error: \"int\" has no attribute \"is_integer\"  [attr-defined]",
            "algorithms_faa87b.py:1667: error: Argument 1 to \"len\" has incompatible type \"Callable[[Any], Any] | dict[Any, Any] | Any\"; expected \"Sized\"  [arg-type]",
            "Found 2 errors in 1 file (checked 1 source file)"
        ]
    },
    "api_cbdcbd.py": {
        "stats": {
            "total_parameters": 49,
            "parameters_with_annotations": 49
        },
        "error_count": 1,
        "isCompiled": false,
        "errors": [
            "api_cbdcbd.py:150: error: Module has no attribute \"timeout\"  [attr-defined]",
            "Found 1 error in 1 file (checked 1 source file)"
        ]
    },
    "api_tests_78614f.py": {
        "stats": {
            "total_parameters": 94,
            "parameters_with_annotations": 93
        },
        "error_count": 0,
        "isCompiled": true,
        "errors": []
    },
    "api_test_5baf5c.py": {
        "stats": {
            "total_parameters": 172,
            "parameters_with_annotations": 171
        },
        "error_count": 0,
        "isCompiled": true,
        "errors": []
    },
    "appgraph_e5732d.py": {
        "stats": {
            "total_parameters": 126,
            "parameters_with_annotations": 91
        },
        "error_count": 0,
        "isCompiled": true,
        "errors": []
    },
    "applications_c5af27.py": {
        "stats": {
            "total_parameters": 54,
            "parameters_with_annotations": 40
        },
        "error_count": 2,
        "isCompiled": false,
        "errors": [
            "applications_c5af27.py:131: error: ParamSpec must have \"*args\" typed as \"P.args\" and \"**kwargs\" typed as \"P.kwargs\"  [valid-type]",
            "applications_c5af27.py:294: error: Argument \"dispatch\" to \"add_middleware\" of \"Starlette\" has incompatible type \"Callable[[Any, Callable[[Any], Awaitable[Any]]], Awaitable[Any]]\"; expected <nothing>  [arg-type]",
            "Found 2 errors in 1 file (checked 1 source file)"
        ]
    },
    "app_c89ec6.py": {
        "stats": {
            "total_parameters": 103,
            "parameters_with_annotations": 40
        },
        "error_count": 0,
        "isCompiled": true,
        "errors": []
    },
    "app_e5f00c.py": {
        "stats": {
            "total_parameters": 44,
            "parameters_with_annotations": 44
        },
        "error_count": 0,
        "isCompiled": true,
        "errors": []
    },
    "asserters_700def.py": {
        "stats": {
            "total_parameters": 129,
            "parameters_with_annotations": 129
        },
        "error_count": 13,
        "isCompiled": false,
        "errors": [
            "asserters_700def.py:122: error: Argument \"check_dtype\" to \"assert_frame_equal\" has incompatible type \"bool | Literal['equiv']\"; expected \"bool\"  [arg-type]",
            "asserters_700def.py:290: error: Name \"cast\" is not defined  [name-defined]",
            "asserters_700def.py:290: note: Did you forget to import it from \"typing\"? (Suggestion: \"from typing import cast\")",
            "asserters_700def.py:332: error: Name \"cast\" is not defined  [name-defined]",
            "asserters_700def.py:332: note: Did you forget to import it from \"typing\"? (Suggestion: \"from typing import cast\")",
            "asserters_700def.py:792: error: Name \"cast\" is not defined  [name-defined]",
            "asserters_700def.py:792: note: Did you forget to import it from \"typing\"? (Suggestion: \"from typing import cast\")",
            "asserters_700def.py:796: error: Name \"cast\" is not defined  [name-defined]",
            "asserters_700def.py:796: note: Did you forget to import it from \"typing\"? (Suggestion: \"from typing import cast\")",
            "asserters_700def.py:1035: error: Argument \"check_dtype\" to \"assert_extension_array_equal\" has incompatible type \"bool | Literal['equiv']\"; expected \"bool\"  [arg-type]",
            "asserters_700def.py:1092: error: Argument \"check_dtype\" to \"assert_extension_array_equal\" has incompatible type \"bool | Literal['equiv']\"; expected \"bool\"  [arg-type]",
            "asserters_700def.py:1102: error: Argument \"check_dtype\" to \"assert_extension_array_equal\" has incompatible type \"bool | Literal['equiv']\"; expected \"bool\"  [arg-type]",
            "asserters_700def.py:1111: error: Argument \"check_dtype\" to \"assert_extension_array_equal\" has incompatible type \"bool | Literal['equiv']\"; expected \"bool\"  [arg-type]",
            "Found 9 errors in 1 file (checked 1 source file)"
        ]
    },
    "attention_module_7f6559.py": {
        "stats": {
            "total_parameters": 94,
            "parameters_with_annotations": 78
        },
        "error_count": 1,
        "isCompiled": false,
        "errors": [
            "attention_module_7f6559.py:242: error: Incompatible return value type (got \"tuple[Tensor, Tensor | None]\", expected \"tuple[Tensor, Tensor]\")  [return-value]",
            "Found 1 error in 1 file (checked 1 source file)"
        ]
    },
    "auth_d8f17e.py": {
        "stats": {
            "total_parameters": 55,
            "parameters_with_annotations": 40
        },
        "error_count": 2,
        "isCompiled": false,
        "errors": [
            "auth_d8f17e.py:182: error: Incompatible types in assignment (expression has type \"set[str]\", variable has type \"list[str]\")  [assignment]",
            "auth_d8f17e.py:185: error: Unsupported left operand type for - (\"list[str]\")  [operator]",
            "Found 2 errors in 1 file (checked 1 source file)"
        ]
    },
    "awsclient_860c67.py": {
        "stats": {
            "total_parameters": 417,
            "parameters_with_annotations": 293
        },
        "error_count": 2,
        "isCompiled": false,
        "errors": [
            "awsclient_860c67.py:603: error: \"Exception\" has no attribute \"response\"  [attr-defined]",
            "awsclient_860c67.py:626: error: \"Exception\" has no attribute \"response\"  [attr-defined]",
            "Found 2 errors in 1 file (checked 1 source file)"
        ]
    },
    "base_6106b5.py": {
        "stats": {
            "total_parameters": 160,
            "parameters_with_annotations": 57
        },
        "error_count": 15,
        "isCompiled": false,
        "errors": [
            "base_6106b5.py:523: error: Cannot determine type of \"on_before_configured\"  [has-type]",
            "base_6106b5.py:524: error: Cannot determine type of \"on_configured\"  [has-type]",
            "base_6106b5.py:526: error: Cannot determine type of \"on_after_configured\"  [has-type]",
            "base_6106b5.py:528: error: Cannot determine type of \"on_partitions_assigned\"  [has-type]",
            "base_6106b5.py:530: error: Cannot determine type of \"on_partitions_revoked\"  [has-type]",
            "base_6106b5.py:531: error: Cannot determine type of \"on_worker_init\"  [has-type]",
            "base_6106b5.py:533: error: Cannot determine type of \"on_rebalance_complete\"  [has-type]",
            "base_6106b5.py:535: error: Cannot determine type of \"on_before_shutdown\"  [has-type]",
            "base_6106b5.py:537: error: Cannot determine type of \"on_produce_message\"  [has-type]",
            "base_6106b5.py:660: error: Cannot determine type of \"finalized\"  [has-type]",
            "base_6106b5.py:660: error: Cannot determine type of \"configured\"  [has-type]",
            "base_6106b5.py:662: error: Cannot determine type of \"configured\"  [has-type]",
            "base_6106b5.py:675: error: Cannot determine type of \"finalized\"  [has-type]",
            "base_6106b5.py:1348: error: Function \"fun\" could always be true in boolean context  [truthy-function]",
            "base_6106b5.py:1766: error: Unsupported target for indexed assignment (\"Mapping[str, Any]\")  [index]",
            "Found 15 errors in 1 file (checked 1 source file)"
        ]
    },
    "base_6a0ea7.py": {
        "stats": {
            "total_parameters": 70,
            "parameters_with_annotations": 47
        },
        "error_count": 0,
        "isCompiled": true,
        "errors": []
    },
    "base_949c11.py": {
        "stats": {
            "total_parameters": 159,
            "parameters_with_annotations": 111
        },
        "error_count": 0,
        "isCompiled": true,
        "errors": []
    },
    "base_9c14fc.py": {
        "stats": {
            "total_parameters": 114,
            "parameters_with_annotations": 58
        },
        "error_count": 0,
        "isCompiled": true,
        "errors": []
    },
    "base_b5c467.py": {
        "stats": {
            "total_parameters": 87,
            "parameters_with_annotations": 56
        },
        "error_count": 0,
        "isCompiled": true,
        "errors": []
    },
    "base_bb93b4.py": {
        "stats": {
            "total_parameters": 128,
            "parameters_with_annotations": 75
        },
        "error_count": 0,
        "isCompiled": true,
        "errors": []
    },
    "base_tests_a1e90e.py": {
        "stats": {
            "total_parameters": 119,
            "parameters_with_annotations": 94
        },
        "error_count": 0,
        "isCompiled": true,
        "errors": []
    },
    "beam_search_b3623d.py": {
        "stats": {
            "total_parameters": 131,
            "parameters_with_annotations": 97
        },
        "error_count": 1,
        "isCompiled": false,
        "errors": [
            "beam_search_b3623d.py:596: error: Incompatible types in assignment (expression has type \"int | float\", variable has type \"int\")  [assignment]",
            "Found 1 error in 1 file (checked 1 source file)"
        ]
    },
    "blocks_3a122c.py": {
        "stats": {
            "total_parameters": 211,
            "parameters_with_annotations": 126
        },
        "error_count": 72,
        "isCompiled": false,
        "errors": [
            "blocks_3a122c.py:127: error: Name \"TYPE_CHECKING\" is not defined  [name-defined]",
            "blocks_3a122c.py:158: error: Name \"final\" is not defined  [name-defined]",
            "blocks_3a122c.py:170: error: Name \"final\" is not defined  [name-defined]",
            "blocks_3a122c.py:175: error: Name \"final\" is not defined  [name-defined]",
            "blocks_3a122c.py:180: error: Name \"final\" is not defined  [name-defined]",
            "blocks_3a122c.py:186: error: Name \"final\" is not defined  [name-defined]",
            "blocks_3a122c.py:191: error: Name \"final\" is not defined  [name-defined]",
            "blocks_3a122c.py:202: error: Decorators on top of @property are not supported  [misc]",
            "blocks_3a122c.py:202: error: Name \"final\" is not defined  [name-defined]",
            "blocks_3a122c.py:210: error: Name \"final\" is not defined  [name-defined]",
            "blocks_3a122c.py:214: error: Name \"final\" is not defined  [name-defined]",
            "blocks_3a122c.py:220: error: Name \"final\" is not defined  [name-defined]",
            "blocks_3a122c.py:233: error: Trying to assign name \"_mgr_locs\" that is not in \"__slots__\" of type \"blocks_3a122c.Block\"  [misc]",
            "blocks_3a122c.py:235: error: Name \"final\" is not defined  [name-defined]",
            "blocks_3a122c.py:253: error: Name \"final\" is not defined  [name-defined]",
            "blocks_3a122c.py:269: error: Name \"final\" is not defined  [name-defined]",
            "blocks_3a122c.py:281: error: Name \"final\" is not defined  [name-defined]",
            "blocks_3a122c.py:285: error: Name \"final\" is not defined  [name-defined]",
            "blocks_3a122c.py:296: error: Name \"final\" is not defined  [name-defined]",
            "blocks_3a122c.py:311: error: Name \"final\" is not defined  [name-defined]",
            "blocks_3a122c.py:324: error: Name \"final\" is not defined  [name-defined]",
            "blocks_3a122c.py:330: error: Name \"final\" is not defined  [name-defined]",
            "blocks_3a122c.py:348: error: Name \"final\" is not defined  [name-defined]",
            "blocks_3a122c.py:359: error: Name \"final\" is not defined  [name-defined]",
            "blocks_3a122c.py:375: error: Name \"final\" is not defined  [name-defined]",
            "blocks_3a122c.py:397: error: Name \"final\" is not defined  [name-defined]",
            "blocks_3a122c.py:411: error: Name \"final\" is not defined  [name-defined]",
            "blocks_3a122c.py:437: error: Name \"final\" is not defined  [name-defined]",
            "blocks_3a122c.py:495: error: Name \"final\" is not defined  [name-defined]",
            "blocks_3a122c.py:581: error: Name \"final\" is not defined  [name-defined]",
            "blocks_3a122c.py:586: error: Name \"final\" is not defined  [name-defined]",
            "blocks_3a122c.py:632: error: Name \"final\" is not defined  [name-defined]",
            "blocks_3a122c.py:647: error: Name \"final\" is not defined  [name-defined]",
            "blocks_3a122c.py:668: error: Name \"final\" is not defined  [name-defined]",
            "blocks_3a122c.py:682: error: Name \"final\" is not defined  [name-defined]",
            "blocks_3a122c.py:748: error: Name \"final\" is not defined  [name-defined]",
            "blocks_3a122c.py:796: error: Name \"final\" is not defined  [name-defined]",
            "blocks_3a122c.py:826: error: Name \"cast\" is not defined  [name-defined]",
            "blocks_3a122c.py:826: note: Did you forget to import it from \"typing\"? (Suggestion: \"from typing import cast\")",
            "blocks_3a122c.py:882: error: Name \"final\" is not defined  [name-defined]",
            "blocks_3a122c.py:995: error: Name \"final\" is not defined  [name-defined]",
            "blocks_3a122c.py:1089: error: Name \"cast\" is not defined  [name-defined]",
            "blocks_3a122c.py:1089: note: Did you forget to import it from \"typing\"? (Suggestion: \"from typing import cast\")",
            "blocks_3a122c.py:1109: error: Name \"cast\" is not defined  [name-defined]",
            "blocks_3a122c.py:1109: note: Did you forget to import it from \"typing\"? (Suggestion: \"from typing import cast\")",
            "blocks_3a122c.py:1139: error: Name \"cast\" is not defined  [name-defined]",
            "blocks_3a122c.py:1139: note: Did you forget to import it from \"typing\"? (Suggestion: \"from typing import cast\")",
            "blocks_3a122c.py:1156: error: Name \"cast\" is not defined  [name-defined]",
            "blocks_3a122c.py:1156: note: Did you forget to import it from \"typing\"? (Suggestion: \"from typing import cast\")",
            "blocks_3a122c.py:1205: error: Name \"cast\" is not defined  [name-defined]",
            "blocks_3a122c.py:1205: note: Did you forget to import it from \"typing\"? (Suggestion: \"from typing import cast\")",
            "blocks_3a122c.py:1308: error: Name \"cast\" is not defined  [name-defined]",
            "blocks_3a122c.py:1308: note: Did you forget to import it from \"typing\"? (Suggestion: \"from typing import cast\")",
            "blocks_3a122c.py:1319: error: Name \"final\" is not defined  [name-defined]",
            "blocks_3a122c.py:1357: error: Name \"final\" is not defined  [name-defined]",
            "blocks_3a122c.py:1381: error: Name \"cast\" is not defined  [name-defined]",
            "blocks_3a122c.py:1381: note: Did you forget to import it from \"typing\"? (Suggestion: \"from typing import cast\")",
            "blocks_3a122c.py:1385: error: Name \"final\" is not defined  [name-defined]",
            "blocks_3a122c.py:1411: error: Name \"final\" is not defined  [name-defined]",
            "blocks_3a122c.py:1445: error: Name \"cast\" is not defined  [name-defined]",
            "blocks_3a122c.py:1445: note: Did you forget to import it from \"typing\"? (Suggestion: \"from typing import cast\")",
            "blocks_3a122c.py:1496: error: Name \"final\" is not defined  [name-defined]",
            "blocks_3a122c.py:1504: error: Name \"final\" is not defined  [name-defined]",
            "blocks_3a122c.py:1534: error: Name \"final\" is not defined  [name-defined]",
            "blocks_3a122c.py:1580: error: Name \"final\" is not defined  [name-defined]",
            "blocks_3a122c.py:1620: error: Name \"final\" is not defined  [name-defined]",
            "blocks_3a122c.py:1630: error: Name \"final\" is not defined  [name-defined]",
            "blocks_3a122c.py:1635: error: Name \"final\" is not defined  [name-defined]",
            "blocks_3a122c.py:1642: error: Name \"final\" is not defined  [name-defined]",
            "blocks_3a122c.py:1797: error: Name \"final\" is not defined  [name-defined]",
            "blocks_3a122c.py:1992: error: Name \"cast\" is not defined  [name-defined]",
            "blocks_3a122c.py:1992: note: Did you forget to import it from \"typing\"? (Suggestion: \"from typing import cast\")",
            "Found 62 errors in 1 file (checked 1 source file)"
        ]
    },
    "btanalysis_7decb4.py": {
        "stats": {
            "total_parameters": 50,
            "parameters_with_annotations": 50
        },
        "error_count": 1,
        "isCompiled": false,
        "errors": [
            "btanalysis_7decb4.py:150: error: Item \"str\" of \"Path | str\" has no attribute \"open\"  [union-attr]",
            "Found 1 error in 1 file (checked 1 source file)"
        ]
    },
    "cache_83a043.py": {
        "stats": {
            "total_parameters": 84,
            "parameters_with_annotations": 82
        },
        "error_count": 2,
        "isCompiled": false,
        "errors": [
            "cache_83a043.py:611: error: \"Callable[ParamT, ReturnT]\" has no attribute \"cache_info\"  [attr-defined]",
            "cache_83a043.py:612: error: \"Callable[ParamT, ReturnT]\" has no attribute \"cache_clear\"  [attr-defined]",
            "Found 2 errors in 1 file (checked 1 source file)"
        ]
    },
    "call_824067.py": {
        "stats": {
            "total_parameters": 68,
            "parameters_with_annotations": 50
        },
        "error_count": 0,
        "isCompiled": true,
        "errors": []
    },
    "channels_8e6ab8.py": {
        "stats": {
            "total_parameters": 77,
            "parameters_with_annotations": 44
        },
        "error_count": 5,
        "isCompiled": false,
        "errors": [
            "channels_8e6ab8.py:390: error: Missing return statement  [empty-body]",
            "channels_8e6ab8.py:434: error: Missing return statement  [return]",
            "channels_8e6ab8.py:444: error: Missing return statement  [return]",
            "channels_8e6ab8.py:454: error: Missing return statement  [empty-body]",
            "channels_8e6ab8.py:502: error: Missing return statement  [return]",
            "Found 5 errors in 1 file (checked 1 source file)"
        ]
    },
    "channel_43e477.py": {
        "stats": {
            "total_parameters": 494,
            "parameters_with_annotations": 446
        },
        "error_count": 20,
        "isCompiled": false,
        "errors": [
            "channel_43e477.py:551: error: Argument \"signature\" to \"is_valid_signature\" has incompatible type \"bytes | None\"; expected \"bytes\"  [arg-type]",
            "channel_43e477.py:675: error: \"type[ChannelState]\" has no attribute \"STATE_CLOSING\"  [attr-defined]",
            "channel_43e477.py:876: error: Incompatible types in assignment (expression has type \"BalanceProofUnsignedState\", variable has type \"BalanceProofSignedState | None\")  [assignment]",
            "channel_43e477.py:883: error: \"type[ChannelState]\" has no attribute \"STATE_CLOSING\"  [attr-defined]",
            "channel_43e477.py:899: error: \"type[ChannelState]\" has no attribute \"STATE_CLOSING\"  [attr-defined]",
            "channel_43e477.py:964: error: Incompatible types in assignment (expression has type \"BalanceProofUnsignedState\", variable has type \"BalanceProofSignedState | None\")  [assignment]",
            "channel_43e477.py:1144: error: Name \"EventInvalidReceivedWithdrawRequest\" is not defined  [name-defined]",
            "channel_43e477.py:1222: error: Name \"ContractSendChannelWithdraw\" is not defined  [name-defined]",
            "channel_43e477.py:1275: error: Need type annotation for \"recipient_metadata\" (hint: \"recipient_metadata: Dict[<type>, <type>] = ...\")  [var-annotated]",
            "channel_43e477.py:1380: error: \"type[ChannelState]\" has no attribute \"STATE_CLOSING\"  [attr-defined]",
            "channel_43e477.py:1386: error: Name \"block_number\" is not defined  [name-defined]",
            "channel_43e477.py:1404: error: Dispatch type \"ContractReceiveChannelSettled\" must be subtype of fallback function first argument \"StateChange\"  [misc]",
            "channel_43e477.py:1409: error: \"ContractReceiveChannelSettled\" has no attribute \"block_number\"  [attr-defined]",
            "channel_43e477.py:1421: error: \"ContractReceiveChannelSettled\" has no attribute \"block_number\"  [attr-defined]",
            "channel_43e477.py:1428: error: \"ContractReceiveChannelSettled\" has no attribute \"block_number\"  [attr-defined]",
            "channel_43e477.py:1454: error: Dispatch type \"ContractReceiveChannelDeposit\" must be subtype of fallback function first argument \"StateChange\"  [misc]",
            "channel_43e477.py:1467: error: Dispatch type \"ContractReceiveChannelWithdraw\" must be subtype of fallback function first argument \"StateChange\"  [misc]",
            "channel_43e477.py:1485: error: Dispatch type \"ContractReceiveChannelBatchUnlock\" must be subtype of fallback function first argument \"StateChange\"  [misc]",
            "channel_43e477.py:1493: error: \"ContractReceiveChannelBatchUnlock\" has no attribute \"sender\"  [attr-defined]",
            "channel_43e477.py:1495: error: \"ContractReceiveChannelBatchUnlock\" has no attribute \"sender\"  [attr-defined]",
            "Found 20 errors in 1 file (checked 1 source file)"
        ]
    },
    "classification_92cb06.py": {
        "stats": {
            "total_parameters": 63,
            "parameters_with_annotations": 63
        },
        "error_count": 0,
        "isCompiled": true,
        "errors": []
    },
    "client_1e3c0a.py": {
        "stats": {
            "total_parameters": 55,
            "parameters_with_annotations": 41
        },
        "error_count": 0,
        "isCompiled": true,
        "errors": []
    },
    "common_4a17c0.py": {
        "stats": {
            "total_parameters": 41,
            "parameters_with_annotations": 41
        },
        "error_count": 4,
        "isCompiled": false,
        "errors": [
            "common_4a17c0.py:116: error: Incompatible types in assignment (expression has type \"str\", target has type \"bool\")  [assignment]",
            "common_4a17c0.py:136: error: Incompatible types in assignment (expression has type \"str\", target has type \"float\")  [assignment]",
            "common_4a17c0.py:246: error: Incompatible types in assignment (expression has type \"float\", target has type \"str\")  [assignment]",
            "common_4a17c0.py:272: error: Incompatible types in assignment (expression has type \"Any | Literal[True]\", target has type \"str\")  [assignment]",
            "Found 4 errors in 1 file (checked 1 source file)"
        ]
    },
    "compilation_283ca2.py": {
        "stats": {
            "total_parameters": 83,
            "parameters_with_annotations": 58
        },
        "error_count": 0,
        "isCompiled": true,
        "errors": []
    },
    "confluent_3b2473.py": {
        "stats": {
            "total_parameters": 58,
            "parameters_with_annotations": 36
        },
        "error_count": 2,
        "isCompiled": false,
        "errors": [
            "confluent_3b2473.py:440: error: Unexpected keyword argument \"timeout\"  [call-arg]",
            "confluent_3b2473.py:441: error: Unexpected keyword argument \"timeout\"  [call-arg]",
            "Found 2 errors in 1 file (checked 1 source file)"
        ]
    },
    "construction_4e8f89.py": {
        "stats": {
            "total_parameters": 60,
            "parameters_with_annotations": 60
        },
        "error_count": 1,
        "isCompiled": false,
        "errors": [
            "construction_4e8f89.py:76: error: Name \"TYPE_CHECKING\" is not defined  [name-defined]",
            "Found 1 error in 1 file (checked 1 source file)"
        ]
    },
    "consumer_fa3d87.py": {
        "stats": {
            "total_parameters": 100,
            "parameters_with_annotations": 52
        },
        "error_count": 3,
        "isCompiled": false,
        "errors": [
            "consumer_fa3d87.py:447: error: Need type annotation for \"randomly_assigned_topics\" (hint: \"randomly_assigned_topics: Set[<type>] = ...\")  [var-annotated]",
            "consumer_fa3d87.py:743: error: Unexpected keyword argument \"loop\" for \"wait_for\"  [call-arg]",
            "D:\\python3.8\\lib\\site-packages\\mypy\\typeshed\\stdlib\\asyncio\\tasks.pyi:252: note: \"wait_for\" defined here",
            "Found 2 errors in 1 file (checked 1 source file)"
        ]
    },
    "context_config_b7e80b.py": {
        "stats": {
            "total_parameters": 93,
            "parameters_with_annotations": 64
        },
        "error_count": 1,
        "isCompiled": false,
        "errors": [
            "context_config_b7e80b.py:33: error: Missing return statement  [empty-body]",
            "Found 1 error in 1 file (checked 1 source file)"
        ]
    },
    "coordinator_e4c72e.py": {
        "stats": {
            "total_parameters": 53,
            "parameters_with_annotations": 36
        },
        "error_count": 0,
        "isCompiled": true,
        "errors": []
    },
    "cover_ccbdb1.py": {
        "stats": {
            "total_parameters": 134,
            "parameters_with_annotations": 66
        },
        "error_count": 5,
        "isCompiled": false,
        "errors": [
            "cover_ccbdb1.py:586: error: Cannot determine type of \"_attr_unique_id\"  [has-type]",
            "cover_ccbdb1.py:622: error: Cannot determine type of \"_attr_unique_id\"  [has-type]",
            "cover_ccbdb1.py:720: error: Cannot determine type of \"_attr_unique_id\"  [has-type]",
            "cover_ccbdb1.py:778: error: Cannot determine type of \"_attr_unique_id\"  [has-type]",
            "cover_ccbdb1.py:833: error: Cannot determine type of \"_attr_unique_id\"  [has-type]",
            "Found 5 errors in 1 file (checked 1 source file)"
        ]
    },
    "create_user_36a545.py": {
        "stats": {
            "total_parameters": 40,
            "parameters_with_annotations": 40
        },
        "error_count": 0,
        "isCompiled": true,
        "errors": []
    },
    "create_user_5beae0.py": {
        "stats": {
            "total_parameters": 39,
            "parameters_with_annotations": 39
        },
        "error_count": 0,
        "isCompiled": true,
        "errors": []
    },
    "custom_profile_fields_ccef17.py": {
        "stats": {
            "total_parameters": 36,
            "parameters_with_annotations": 36
        },
        "error_count": 0,
        "isCompiled": true,
        "errors": []
    },
    "dataclasses_a27d2a.py": {
        "stats": {
            "total_parameters": 43,
            "parameters_with_annotations": 36
        },
        "error_count": 36,
        "isCompiled": false,
        "errors": [
            "dataclasses_a27d2a.py:52: error: Name \"_T\" is not defined  [name-defined]",
            "dataclasses_a27d2a.py:52: error: Name \"DataclassClassOrWrapper\" is not defined  [name-defined]",
            "dataclasses_a27d2a.py:58: error: Name \"_T\" is not defined  [name-defined]",
            "dataclasses_a27d2a.py:70: error: Name \"DataclassClassOrWrapper\" is not defined  [name-defined]",
            "dataclasses_a27d2a.py:111: error: Name \"_T\" is not defined  [name-defined]",
            "dataclasses_a27d2a.py:123: error: Name \"_T\" is not defined  [name-defined]",
            "dataclasses_a27d2a.py:123: error: Name \"DataclassClassOrWrapper\" is not defined  [name-defined]",
            "dataclasses_a27d2a.py:132: error: Name \"_T\" is not defined  [name-defined]",
            "dataclasses_a27d2a.py:132: error: Name \"DataclassClassOrWrapper\" is not defined  [name-defined]",
            "dataclasses_a27d2a.py:148: error: No overload variant of \"dataclass\" matches argument types \"type[Any]\", \"bool\", \"bool\", \"bool\", \"bool\", \"bool\", \"bool\", \"bool\"  [call-overload]",
            "dataclasses_a27d2a.py:148: note: Possible overload variants:",
            "dataclasses_a27d2a.py:148: note:     def dataclass(None, /) -> Callable[[type[_T]], type[_T]]",
            "dataclasses_a27d2a.py:148: note:     def [_T] dataclass(type[_T], /) -> type[_T]",
            "dataclasses_a27d2a.py:148: note:     def dataclass(*, init: bool = ..., repr: bool = ..., eq: bool = ..., order: bool = ..., unsafe_hash: bool = ..., frozen: bool = ..., match_args: bool = ..., kw_only: bool = ..., slots: bool = ...) -> Callable[[type[_T]], type[_T]]",
            "dataclasses_a27d2a.py:176: error: Name \"DataclassT\" is not defined  [name-defined]",
            "dataclasses_a27d2a.py:188: error: Name \"Dataclass\" is not defined  [name-defined]",
            "dataclasses_a27d2a.py:212: error: Name \"Dataclass\" is not defined  [name-defined]",
            "dataclasses_a27d2a.py:225: error: Name \"Dataclass\" is not defined  [name-defined]",
            "dataclasses_a27d2a.py:226: error: Item \"type\" of \"Any | type[object] | None\" has no attribute \"extra\"  [union-attr]",
            "dataclasses_a27d2a.py:226: error: Item \"None\" of \"Any | type[object] | None\" has no attribute \"extra\"  [union-attr]",
            "dataclasses_a27d2a.py:228: error: Item \"type\" of \"Any | type[object] | None\" has no attribute \"extra\"  [union-attr]",
            "dataclasses_a27d2a.py:228: error: Item \"None\" of \"Any | type[object] | None\" has no attribute \"extra\"  [union-attr]",
            "dataclasses_a27d2a.py:242: error: Name \"Dataclass\" is not defined  [name-defined]",
            "dataclasses_a27d2a.py:243: error: Item \"type\" of \"Any | type[object] | None\" has no attribute \"post_init_call\"  [union-attr]",
            "dataclasses_a27d2a.py:243: error: Item \"None\" of \"Any | type[object] | None\" has no attribute \"post_init_call\"  [union-attr]",
            "dataclasses_a27d2a.py:251: error: Item \"type\" of \"Any | type[object] | None\" has no attribute \"post_init_call\"  [union-attr]",
            "dataclasses_a27d2a.py:251: error: Item \"None\" of \"Any | type[object] | None\" has no attribute \"post_init_call\"  [union-attr]",
            "dataclasses_a27d2a.py:259: error: Name \"Dataclass\" is not defined  [name-defined]",
            "dataclasses_a27d2a.py:302: error: Name \"Dataclass\" is not defined  [name-defined]",
            "dataclasses_a27d2a.py:306: error: Name \"Dataclass\" is not defined  [name-defined]",
            "dataclasses_a27d2a.py:306: error: Name \"DataclassT\" is not defined  [name-defined]",
            "dataclasses_a27d2a.py:323: error: Name \"BaseModel\" is not defined  [name-defined]",
            "dataclasses_a27d2a.py:346: error: Name \"BaseModel\" is not defined  [name-defined]",
            "dataclasses_a27d2a.py:360: error: Name \"Dataclass\" is not defined  [name-defined]",
            "dataclasses_a27d2a.py:369: error: Name \"Dataclass\" is not defined  [name-defined]",
            "dataclasses_a27d2a.py:391: error: Name \"Dataclass\" is not defined  [name-defined]",
            "Found 32 errors in 1 file (checked 1 source file)"
        ]
    },
    "datadog_c5ba7b.py": {
        "stats": {
            "total_parameters": 131,
            "parameters_with_annotations": 93
        },
        "error_count": 0,
        "isCompiled": true,
        "errors": []
    },
    "dataprovider_a0d211.py": {
        "stats": {
            "total_parameters": 85,
            "parameters_with_annotations": 58
        },
        "error_count": 0,
        "isCompiled": true,
        "errors": []
    },
    "datastructures_0a7b11.py": {
        "stats": {
            "total_parameters": 142,
            "parameters_with_annotations": 54
        },
        "error_count": 8,
        "isCompiled": false,
        "errors": [
            "datastructures_0a7b11.py:233: error: Signature of \"__getitem__\" incompatible with supertype \"Sequence\"  [override]",
            "datastructures_0a7b11.py:233: note:      Superclass:",
            "datastructures_0a7b11.py:233: note:          @overload",
            "datastructures_0a7b11.py:233: note:          def __getitem__(self, int, /) -> str",
            "datastructures_0a7b11.py:233: note:          @overload",
            "datastructures_0a7b11.py:233: note:          def __getitem__(self, slice, /) -> Sequence[str]",
            "datastructures_0a7b11.py:233: note:      Subclass:",
            "datastructures_0a7b11.py:233: note:          def __getitem__(self, int | slice, /) -> str | list[str]",
            "Found 1 error in 1 file (checked 1 source file)"
        ]
    },
    "data_catalog_8d7fcf.py": {
        "stats": {
            "total_parameters": 59,
            "parameters_with_annotations": 36
        },
        "error_count": 0,
        "isCompiled": true,
        "errors": []
    },
    "debug_info_f902e5.py": {
        "stats": {
            "total_parameters": 36,
            "parameters_with_annotations": 36
        },
        "error_count": 3,
        "isCompiled": false,
        "errors": [
            "debug_info_f902e5.py:99: error: Name \"TYPE_CHECKING\" is not defined  [name-defined]",
            "debug_info_f902e5.py:154: error: Module has no attribute \"UTC\"  [attr-defined]",
            "debug_info_f902e5.py:173: error: Module has no attribute \"UTC\"  [attr-defined]",
            "Found 3 errors in 1 file (checked 1 source file)"
        ]
    },
    "dockerutils_6badca.py": {
        "stats": {
            "total_parameters": 55,
            "parameters_with_annotations": 42
        },
        "error_count": 1,
        "isCompiled": false,
        "errors": [
            "dockerutils_6badca.py:553: error: Incompatible types in assignment (expression has type \"None\", variable has type \"str\")  [assignment]",
            "Found 1 error in 1 file (checked 1 source file)"
        ]
    },
    "email_mirror_590460.py": {
        "stats": {
            "total_parameters": 52,
            "parameters_with_annotations": 49
        },
        "error_count": 5,
        "isCompiled": false,
        "errors": [
            "email_mirror_590460.py:226: error: Name \"get_system_bot\" is not defined  [name-defined]",
            "email_mirror_590460.py:350: error: Argument 3 to \"sub\" has incompatible type \"str | None\"; expected \"str\"  [arg-type]",
            "email_mirror_590460.py:446: error: Name \"get_system_bot\" is not defined  [name-defined]",
            "email_mirror_590460.py:566: error: Method \"key\" is marked as an override, but no base method was found with this name  [misc]",
            "email_mirror_590460.py:570: error: Method \"rules\" is marked as an override, but no base method was found with this name  [misc]",
            "Found 5 errors in 1 file (checked 1 source file)"
        ]
    },
    "evaluators_b911b8.py": {
        "stats": {
            "total_parameters": 124,
            "parameters_with_annotations": 124
        },
        "error_count": 0,
        "isCompiled": true,
        "errors": []
    },
    "event_schema_4d75fe.py": {
        "stats": {
            "total_parameters": 67,
            "parameters_with_annotations": 67
        },
        "error_count": 0,
        "isCompiled": true,
        "errors": []
    },
    "ewm_ef0fa0.py": {
        "stats": {
            "total_parameters": 93,
            "parameters_with_annotations": 72
        },
        "error_count": 2,
        "isCompiled": false,
        "errors": [
            "ewm_ef0fa0.py:331: note: \"__init__\" of \"ExponentialMovingWindow\" defined here",
            "ewm_ef0fa0.py:908: error: Unexpected keyword argument \"_grouper\" for \"__init__\" of \"ExponentialMovingWindow\"  [call-arg]",
            "Found 1 error in 1 file (checked 1 source file)"
        ]
    },
    "excel_26f18f.py": {
        "stats": {
            "total_parameters": 105,
            "parameters_with_annotations": 64
        },
        "error_count": 5,
        "isCompiled": false,
        "errors": [
            "excel_26f18f.py:228: error: Dict entry 0 has incompatible type \"str\": \"dict[str, bool | str | None]\"; expected \"str\": \"dict[str, str | bool | float | None]\"  [dict-item]",
            "excel_26f18f.py:229: error: Dict entry 1 has incompatible type \"str\": \"dict[str, dict[str, str | None]]\"; expected \"str\": \"dict[str, str | bool | float | None]\"  [dict-item]",
            "excel_26f18f.py:230: error: Dict entry 2 has incompatible type \"str\": \"dict[str, str]\"; expected \"str\": \"dict[str, str | bool | float | None]\"  [dict-item]",
            "excel_26f18f.py:232: error: Dict entry 4 has incompatible type \"str\": \"dict[str, str | None]\"; expected \"str\": \"dict[str, str | bool | float | None]\"  [dict-item]",
            "excel_26f18f.py:548: error: Name \"columns\" is not defined  [name-defined]",
            "Found 5 errors in 1 file (checked 1 source file)"
        ]
    },
    "exceptions_c3abb4.py": {
        "stats": {
            "total_parameters": 62,
            "parameters_with_annotations": 40
        },
        "error_count": 0,
        "isCompiled": true,
        "errors": []
    },
    "exposed_entities_a550ba.py": {
        "stats": {
            "total_parameters": 77,
            "parameters_with_annotations": 60
        },
        "error_count": 2,
        "isCompiled": false,
        "errors": [
            "exposed_entities_a550ba.py:96: error: Name \"TypedDict\" is not defined  [name-defined]",
            "exposed_entities_a550ba.py:383: error: Incompatible return value type (got \"dict[str, dict[str, dict[str, Any]]]\", expected \"SerializedExposedEntities\")  [return-value]",
            "Found 2 errors in 1 file (checked 1 source file)"
        ]
    },
    "factory_7a7586.py": {
        "stats": {
            "total_parameters": 65,
            "parameters_with_annotations": 46
        },
        "error_count": 0,
        "isCompiled": true,
        "errors": []
    },
    "fields_c8e6d9.py": {
        "stats": {
            "total_parameters": 84,
            "parameters_with_annotations": 51
        },
        "error_count": 1,
        "isCompiled": false,
        "errors": [
            "fields_c8e6d9.py:999: error: Item \"None\" of \"ModelField | None\" has no attribute \"type_\"  [union-attr]",
            "Found 1 error in 1 file (checked 1 source file)"
        ]
    },
    "flow_engine_887be2.py": {
        "stats": {
            "total_parameters": 74,
            "parameters_with_annotations": 47
        },
        "error_count": 17,
        "isCompiled": false,
        "errors": [
            "flow_engine_887be2.py:330: error: Item \"None\" of \"Any | None\" has no attribute \"id\"  [union-attr]",
            "flow_engine_887be2.py:444: error: Incompatible types in assignment (expression has type \"BaseException\", variable has type \"Exception | type[Any]\")  [assignment]",
            "flow_engine_887be2.py:644: error: \"Logger\" has no attribute \"extra\"  [attr-defined]",
            "flow_engine_887be2.py:768: error: Item \"None\" of \"Any | None\" has no attribute \"name\"  [union-attr]",
            "flow_engine_887be2.py:770: error: Incompatible types in \"yield\" (actual type \"FlowRunEngine[P, R]\", expected type \"None\")  [misc]",
            "flow_engine_887be2.py:788: error: Incompatible return value type (got \"Coroutine[Any, Any, None]\", expected \"R | Coroutine[Any, Any, R]\")  [return-value]",
            "flow_engine_887be2.py:899: error: Item \"None\" of \"Any | None\" has no attribute \"id\"  [union-attr]",
            "flow_engine_887be2.py:1004: error: Incompatible types in assignment (expression has type \"BaseException\", variable has type \"Exception | type[Any]\")  [assignment]",
            "flow_engine_887be2.py:1187: error: \"Logger\" has no attribute \"extra\"  [attr-defined]",
            "flow_engine_887be2.py:1301: error: Item \"None\" of \"Any | None\" has no attribute \"name\"  [union-attr]",
            "flow_engine_887be2.py:1319: error: Incompatible return value type (got \"R\", expected \"Coroutine[Any, Any, R]\")  [return-value]",
            "flow_engine_887be2.py:1365: error: Value of type \"Coroutine[Any, Any, R]\" must be used  [unused-coroutine]",
            "flow_engine_887be2.py:1365: note: Are you missing an await?",
            "flow_engine_887be2.py:1404: error: Argument 1 to \"handle_success\" of \"FlowRunEngine\" has incompatible type \"None\"; expected \"R\"  [arg-type]",
            "flow_engine_887be2.py:1407: error: No return value expected  [return-value]",
            "flow_engine_887be2.py:1442: error: Argument 1 to \"handle_success\" of \"AsyncFlowRunEngine\" has incompatible type \"None\"; expected \"R\"  [arg-type]",
            "flow_engine_887be2.py:1596: error: \"BaseContext\" has no attribute \"Process\"  [attr-defined]",
            "Found 16 errors in 1 file (checked 1 source file)"
        ]
    },
    "format_84da8c.py": {
        "stats": {
            "total_parameters": 199,
            "parameters_with_annotations": 141
        },
        "error_count": 7,
        "isCompiled": false,
        "errors": [
            "format_84da8c.py:840: error: No overload variant of \"__add__\" of \"list\" matches argument type \"str\"  [operator]",
            "format_84da8c.py:840: note: Possible overload variants:",
            "format_84da8c.py:840: note:     def __add__(self, list[str], /) -> list[str]",
            "format_84da8c.py:840: note:     def [_S] __add__(self, list[_S], /) -> list[_S | str]",
            "format_84da8c.py:1139: error: Argument \"leading_space\" to \"_GenericArrayFormatter\" has incompatible type \"bool | None\"; expected \"bool\"  [arg-type]",
            "format_84da8c.py:1369: error: Incompatible types in assignment (expression has type \"None\", variable has type \"partial[str]\")  [assignment]",
            "format_84da8c.py:1371: error: Incompatible types in assignment (expression has type \"Callable[[Any], Any]\", variable has type \"partial[str]\")  [assignment]",
            "Found 4 errors in 1 file (checked 1 source file)"
        ]
    },
    "frame_manager_271dac.py": {
        "stats": {
            "total_parameters": 88,
            "parameters_with_annotations": 48
        },
        "error_count": 5,
        "isCompiled": false,
        "errors": [
            "frame_manager_271dac.py:707: error: Item \"None\" of \"dict[str, Any] | None\" has no attribute \"get\"  [union-attr]",
            "frame_manager_271dac.py:708: error: Item \"None\" of \"dict[str, Any] | None\" has no attribute \"get\"  [union-attr]",
            "frame_manager_271dac.py:715: error: Item \"None\" of \"dict[str, Any] | None\" has no attribute \"get\"  [union-attr]",
            "frame_manager_271dac.py:716: error: Item \"None\" of \"dict[str, Any] | None\" has no attribute \"get\"  [union-attr]",
            "frame_manager_271dac.py:717: error: Item \"None\" of \"dict[str, Any] | None\" has no attribute \"get\"  [union-attr]",
            "Found 5 errors in 1 file (checked 1 source file)"
        ]
    },
    "from_params_test_811442.py": {
        "stats": {
            "total_parameters": 213,
            "parameters_with_annotations": 98
        },
        "error_count": 11,
        "isCompiled": false,
        "errors": [
            "from_params_test_811442.py:325: error: \"type[object]\" has no attribute \"from_params\"  [attr-defined]",
            "from_params_test_811442.py:634: error: Incompatible types in assignment (expression has type \"dict[str, Any]\", variable has type \"None\")  [assignment]",
            "from_params_test_811442.py:647: error: Argument 1 to \"len\" has incompatible type \"None\"; expected \"Sized\"  [arg-type]",
            "from_params_test_811442.py:648: error: Value of type \"None\" is not indexable  [index]",
            "from_params_test_811442.py:649: error: Value of type \"None\" is not indexable  [index]",
            "from_params_test_811442.py:664: error: Incompatible types in assignment (expression has type \"str\", variable has type \"None\")  [assignment]",
            "from_params_test_811442.py:670: error: Incompatible types in assignment (expression has type \"str\", variable has type \"None\")  [assignment]",
            "from_params_test_811442.py:927: error: Incompatible default for argument \"b\" (default has type \"None\", argument has type \"str\")  [assignment]",
            "from_params_test_811442.py:927: note: PEP 484 prohibits implicit Optional. Accordingly, mypy has changed its default to no_implicit_optional=True",
            "from_params_test_811442.py:927: note: Use https://github.com/hauntsaninja/no_implicit_optional to automatically upgrade your codebase",
            "from_params_test_811442.py:963: error: \"Foo\" has no attribute \"c\"  [attr-defined]",
            "Found 9 errors in 1 file (checked 1 source file)"
        ]
    },
    "generic_8a9e7c.py": {
        "stats": {
            "total_parameters": 181,
            "parameters_with_annotations": 128
        },
        "error_count": 118,
        "isCompiled": false,
        "errors": [
            "generic_8a9e7c.py:44: error: Name \"Series\" is not defined  [name-defined]",
            "generic_8a9e7c.py:68: error: Name \"Series\" is not defined  [name-defined]",
            "generic_8a9e7c.py:68: error: Name \"DataFrame\" is not defined  [name-defined]",
            "generic_8a9e7c.py:71: error: Name \"Series\" is not defined  [name-defined]",
            "generic_8a9e7c.py:71: error: Name \"DataFrame\" is not defined  [name-defined]",
            "generic_8a9e7c.py:74: error: Name \"Series\" is not defined  [name-defined]",
            "generic_8a9e7c.py:74: error: Name \"DataFrame\" is not defined  [name-defined]",
            "generic_8a9e7c.py:77: error: Name \"Series\" is not defined  [name-defined]",
            "generic_8a9e7c.py:77: error: Name \"DataFrame\" is not defined  [name-defined]",
            "generic_8a9e7c.py:120: error: Name \"Series\" is not defined  [name-defined]",
            "generic_8a9e7c.py:136: error: Name \"Series\" is not defined  [name-defined]",
            "generic_8a9e7c.py:159: error: Name \"scol\" is not defined  [name-defined]",
            "generic_8a9e7c.py:166: error: Name \"scol\" is not defined  [name-defined]",
            "generic_8a9e7c.py:203: error: Name \"Series\" is not defined  [name-defined]",
            "generic_8a9e7c.py:206: error: Name \"Series\" is not defined  [name-defined]",
            "generic_8a9e7c.py:238: error: Name \"DataFrame\" is not defined  [name-defined]",
            "generic_8a9e7c.py:240: error: Name \"Series\" is not defined  [name-defined]",
            "generic_8a9e7c.py:244: error: Name \"validate_arguments_and_invoke_function\" is not defined  [name-defined]",
            "generic_8a9e7c.py:248: error: Name \"Scalar\" is not defined  [name-defined]",
            "generic_8a9e7c.py:248: error: Name \"Series\" is not defined  [name-defined]",
            "generic_8a9e7c.py:249: error: Name \"validate_axis\" is not defined  [name-defined]",
            "generic_8a9e7c.py:260: error: Name \"Scalar\" is not defined  [name-defined]",
            "generic_8a9e7c.py:260: error: Name \"Series\" is not defined  [name-defined]",
            "generic_8a9e7c.py:261: error: Name \"validate_axis\" is not defined  [name-defined]",
            "generic_8a9e7c.py:274: error: Name \"Scalar\" is not defined  [name-defined]",
            "generic_8a9e7c.py:274: error: Name \"Series\" is not defined  [name-defined]",
            "generic_8a9e7c.py:275: error: Name \"validate_axis\" is not defined  [name-defined]",
            "generic_8a9e7c.py:295: error: Name \"Scalar\" is not defined  [name-defined]",
            "generic_8a9e7c.py:295: error: Name \"Series\" is not defined  [name-defined]",
            "generic_8a9e7c.py:296: error: Name \"validate_axis\" is not defined  [name-defined]",
            "generic_8a9e7c.py:307: error: Name \"Scalar\" is not defined  [name-defined]",
            "generic_8a9e7c.py:307: error: Name \"Series\" is not defined  [name-defined]",
            "generic_8a9e7c.py:308: error: Name \"validate_axis\" is not defined  [name-defined]",
            "generic_8a9e7c.py:320: error: Name \"Scalar\" is not defined  [name-defined]",
            "generic_8a9e7c.py:320: error: Name \"Series\" is not defined  [name-defined]",
            "generic_8a9e7c.py:321: error: Name \"validate_axis\" is not defined  [name-defined]",
            "generic_8a9e7c.py:328: error: Name \"Scalar\" is not defined  [name-defined]",
            "generic_8a9e7c.py:328: error: Name \"Series\" is not defined  [name-defined]",
            "generic_8a9e7c.py:329: error: Name \"validate_axis\" is not defined  [name-defined]",
            "generic_8a9e7c.py:336: error: Name \"Scalar\" is not defined  [name-defined]",
            "generic_8a9e7c.py:336: error: Name \"Series\" is not defined  [name-defined]",
            "generic_8a9e7c.py:339: error: Name \"Scalar\" is not defined  [name-defined]",
            "generic_8a9e7c.py:339: error: Name \"Series\" is not defined  [name-defined]",
            "generic_8a9e7c.py:341: error: Name \"validate_axis\" is not defined  [name-defined]",
            "generic_8a9e7c.py:352: error: Name \"Scalar\" is not defined  [name-defined]",
            "generic_8a9e7c.py:352: error: Name \"Series\" is not defined  [name-defined]",
            "generic_8a9e7c.py:354: error: Name \"validate_axis\" is not defined  [name-defined]",
            "generic_8a9e7c.py:365: error: Name \"Scalar\" is not defined  [name-defined]",
            "generic_8a9e7c.py:365: error: Name \"Series\" is not defined  [name-defined]",
            "generic_8a9e7c.py:366: error: Name \"validate_axis\" is not defined  [name-defined]",
            "generic_8a9e7c.py:378: error: Name \"Scalar\" is not defined  [name-defined]",
            "generic_8a9e7c.py:378: error: Name \"Series\" is not defined  [name-defined]",
            "generic_8a9e7c.py:380: error: Name \"validate_axis\" is not defined  [name-defined]",
            "generic_8a9e7c.py:401: error: Name \"DataFrame\" is not defined  [name-defined]",
            "generic_8a9e7c.py:401: error: Name \"Series\" is not defined  [name-defined]",
            "generic_8a9e7c.py:417: error: Name \"DataFrameGroupBy\" is not defined  [name-defined]",
            "generic_8a9e7c.py:417: error: Name \"SeriesGroupBy\" is not defined  [name-defined]",
            "generic_8a9e7c.py:419: error: Name \"DataFrame\" is not defined  [name-defined]",
            "generic_8a9e7c.py:421: error: Name \"Series\" is not defined  [name-defined]",
            "generic_8a9e7c.py:424: error: Name \"Series\" is not defined  [name-defined]",
            "generic_8a9e7c.py:428: error: Name \"Series\" is not defined  [name-defined]",
            "generic_8a9e7c.py:434: error: Name \"DataFrame\" is not defined  [name-defined]",
            "generic_8a9e7c.py:436: error: Name \"Series\" is not defined  [name-defined]",
            "generic_8a9e7c.py:439: error: Name \"Series\" is not defined  [name-defined]",
            "generic_8a9e7c.py:443: error: Name \"Series\" is not defined  [name-defined]",
            "generic_8a9e7c.py:453: error: Name \"validate_axis\" is not defined  [name-defined]",
            "generic_8a9e7c.py:456: error: Name \"DataFrame\" is not defined  [name-defined]",
            "generic_8a9e7c.py:458: error: Name \"Series\" is not defined  [name-defined]",
            "generic_8a9e7c.py:464: error: Name \"DataFrame\" is not defined  [name-defined]",
            "generic_8a9e7c.py:466: error: Name \"Series\" is not defined  [name-defined]",
            "generic_8a9e7c.py:472: error: Name \"Scalar\" is not defined  [name-defined]",
            "generic_8a9e7c.py:477: error: Name \"sql_conf\" is not defined  [name-defined]",
            "generic_8a9e7c.py:477: error: Name \"SPARK_CONF_ARROW_ENABLED\" is not defined  [name-defined]",
            "generic_8a9e7c.py:487: error: Name \"Scalar\" is not defined  [name-defined]",
            "generic_8a9e7c.py:505: error: Name \"Rolling\" is not defined  [name-defined]",
            "generic_8a9e7c.py:506: error: Name \"Rolling\" is not defined  [name-defined]",
            "generic_8a9e7c.py:508: error: Name \"Expanding\" is not defined  [name-defined]",
            "generic_8a9e7c.py:509: error: Name \"Expanding\" is not defined  [name-defined]",
            "generic_8a9e7c.py:517: error: Name \"Scalar\" is not defined  [name-defined]",
            "generic_8a9e7c.py:517: error: Name \"DataFrame\" is not defined  [name-defined]",
            "generic_8a9e7c.py:517: error: Name \"Series\" is not defined  [name-defined]",
            "generic_8a9e7c.py:520: error: Name \"validate_axis\" is not defined  [name-defined]",
            "generic_8a9e7c.py:521: error: Name \"DataFrame\" is not defined  [name-defined]",
            "generic_8a9e7c.py:530: error: Name \"Series\" is not defined  [name-defined]",
            "generic_8a9e7c.py:541: error: Function \"generic_8a9e7c.Frame.bool\" is not valid as a type  [valid-type]",
            "generic_8a9e7c.py:541: note: Perhaps you need \"Callable[...]\" or a callback protocol?",
            "generic_8a9e7c.py:542: error: Name \"DataFrame\" is not defined  [name-defined]",
            "generic_8a9e7c.py:542: error: Name \"Series\" is not defined  [name-defined]",
            "generic_8a9e7c.py:544: error: Name \"validate_axis\" is not defined  [name-defined]",
            "generic_8a9e7c.py:553: error: Name \"Series\" is not defined  [name-defined]",
            "generic_8a9e7c.py:558: error: Name \"DataFrame\" is not defined  [name-defined]",
            "generic_8a9e7c.py:571: error: Name \"validate_arguments_and_invoke_function\" is not defined  [name-defined]",
            "generic_8a9e7c.py:573: error: Function \"generic_8a9e7c.Frame.bool\" is not valid as a type  [valid-type]",
            "generic_8a9e7c.py:573: note: Perhaps you need \"Callable[...]\" or a callback protocol?",
            "generic_8a9e7c.py:573: error: Name \"DataFrame\" is not defined  [name-defined]",
            "generic_8a9e7c.py:573: error: Name \"Series\" is not defined  [name-defined]",
            "generic_8a9e7c.py:576: error: Function \"generic_8a9e7c.Frame.bool\" is not valid as a type  [valid-type]",
            "generic_8a9e7c.py:576: note: Perhaps you need \"Callable[...]\" or a callback protocol?",
            "generic_8a9e7c.py:576: error: Name \"DataFrame\" is not defined  [name-defined]",
            "generic_8a9e7c.py:576: error: Name \"Series\" is not defined  [name-defined]",
            "generic_8a9e7c.py:580: error: Function \"generic_8a9e7c.Frame.bool\" is not valid as a type  [valid-type]",
            "generic_8a9e7c.py:580: note: Perhaps you need \"Callable[...]\" or a callback protocol?",
            "generic_8a9e7c.py:580: error: Name \"DataFrame\" is not defined  [name-defined]",
            "generic_8a9e7c.py:580: error: Name \"Series\" is not defined  [name-defined]",
            "generic_8a9e7c.py:585: error: Name \"AtIndexer\" is not defined  [name-defined]",
            "generic_8a9e7c.py:586: error: Name \"AtIndexer\" is not defined  [name-defined]",
            "generic_8a9e7c.py:587: error: Name \"AtIndexer\" is not defined  [name-defined]",
            "generic_8a9e7c.py:590: error: Name \"iAtIndexer\" is not defined  [name-defined]",
            "generic_8a9e7c.py:591: error: Name \"iAtIndexer\" is not defined  [name-defined]",
            "generic_8a9e7c.py:592: error: Name \"iAtIndexer\" is not defined  [name-defined]",
            "generic_8a9e7c.py:595: error: Name \"iLocIndexer\" is not defined  [name-defined]",
            "generic_8a9e7c.py:596: error: Name \"iLocIndexer\" is not defined  [name-defined]",
            "generic_8a9e7c.py:597: error: Name \"iLocIndexer\" is not defined  [name-defined]",
            "generic_8a9e7c.py:600: error: Name \"LocIndexer\" is not defined  [name-defined]",
            "generic_8a9e7c.py:601: error: Name \"LocIndexer\" is not defined  [name-defined]",
            "generic_8a9e7c.py:602: error: Name \"LocIndexer\" is not defined  [name-defined]",
            "generic_8a9e7c.py:604: error: Function \"generic_8a9e7c.Frame.bool\" is not valid as a type  [valid-type]",
            "generic_8a9e7c.py:604: note: Perhaps you need \"Callable[...]\" or a callback protocol?",
            "Found 113 errors in 1 file (checked 1 source file)"
        ]
    },
    "generic_a07530.py": {
        "stats": {
            "total_parameters": 189,
            "parameters_with_annotations": 131
        },
        "error_count": 0,
        "isCompiled": true,
        "errors": []
    },
    "git_90c119.py": {
        "stats": {
            "total_parameters": 50,
            "parameters_with_annotations": 50
        },
        "error_count": 0,
        "isCompiled": true,
        "errors": []
    },
    "groupby_7dd4b2.py": {
        "stats": {
            "total_parameters": 177,
            "parameters_with_annotations": 115
        },
        "error_count": 33,
        "isCompiled": false,
        "errors": [
            "groupby_7dd4b2.py:152: error: Argument 3 to \"_spark_groupby\" of \"GroupBy\" has incompatible type \"list[Any]\"; expected \"tuple[Any, ...]\"  [arg-type]",
            "groupby_7dd4b2.py:301: error: \"GroupBy\" has no attribute \"_groupkeys_scols\"; maybe \"_groupkeys\"?  [attr-defined]",
            "groupby_7dd4b2.py:390: error: Name \"cast\" is not defined  [name-defined]",
            "groupby_7dd4b2.py:390: note: Did you forget to import it from \"typing\"? (Suggestion: \"from typing import cast\")",
            "groupby_7dd4b2.py:391: error: Name \"cast\" is not defined  [name-defined]",
            "groupby_7dd4b2.py:391: note: Did you forget to import it from \"typing\"? (Suggestion: \"from typing import cast\")",
            "groupby_7dd4b2.py:396: error: Name \"cast\" is not defined  [name-defined]",
            "groupby_7dd4b2.py:396: note: Did you forget to import it from \"typing\"? (Suggestion: \"from typing import cast\")",
            "groupby_7dd4b2.py:410: error: Name \"cast\" is not defined  [name-defined]",
            "groupby_7dd4b2.py:410: note: Did you forget to import it from \"typing\"? (Suggestion: \"from typing import cast\")",
            "groupby_7dd4b2.py:411: error: Name \"cast\" is not defined  [name-defined]",
            "groupby_7dd4b2.py:411: note: Did you forget to import it from \"typing\"? (Suggestion: \"from typing import cast\")",
            "groupby_7dd4b2.py:414: error: Name \"cast\" is not defined  [name-defined]",
            "groupby_7dd4b2.py:414: note: Did you forget to import it from \"typing\"? (Suggestion: \"from typing import cast\")",
            "groupby_7dd4b2.py:421: error: Name \"cast\" is not defined  [name-defined]",
            "groupby_7dd4b2.py:421: note: Did you forget to import it from \"typing\"? (Suggestion: \"from typing import cast\")",
            "groupby_7dd4b2.py:465: error: Name \"cast\" is not defined  [name-defined]",
            "groupby_7dd4b2.py:465: note: Did you forget to import it from \"typing\"? (Suggestion: \"from typing import cast\")",
            "groupby_7dd4b2.py:529: error: Incompatible return value type (got \"tuple[Any, list[tuple[str, ...]], list[Sequence[str]]]\", expected \"tuple[Any, list[tuple[str, ...]], list[str]]\")  [return-value]",
            "groupby_7dd4b2.py:564: error: \"GroupBy\" has no attribute \"_agg_columns_scols\"; maybe \"_agg_columns\" or \"_agg_columns_selected\"?  [attr-defined]",
            "groupby_7dd4b2.py:597: error: \"GroupBy\" has no attribute \"_agg_columns_scols\"; maybe \"_agg_columns\" or \"_agg_columns_selected\"?  [attr-defined]",
            "groupby_7dd4b2.py:724: error: Name \"cast\" is not defined  [name-defined]",
            "groupby_7dd4b2.py:724: note: Did you forget to import it from \"typing\"? (Suggestion: \"from typing import cast\")",
            "groupby_7dd4b2.py:730: error: Name \"cast\" is not defined  [name-defined]",
            "groupby_7dd4b2.py:730: note: Did you forget to import it from \"typing\"? (Suggestion: \"from typing import cast\")",
            "groupby_7dd4b2.py:780: error: \"GroupBy\" has no attribute \"_agg_columns_scols\"; maybe \"_agg_columns\" or \"_agg_columns_selected\"?  [attr-defined]",
            "groupby_7dd4b2.py:805: error: \"GroupBy\" has no attribute \"_agg_columns_scols\"; maybe \"_agg_columns\" or \"_agg_columns_selected\"?  [attr-defined]",
            "groupby_7dd4b2.py:807: error: \"GroupBy\" has no attribute \"_groupkeys_scols\"; maybe \"_groupkeys\"?  [attr-defined]",
            "groupby_7dd4b2.py:970: error: Item \"None\" of \"list[tuple[Any, ...]] | None\" has no attribute \"__iter__\" (not iterable)  [union-attr]",
            "groupby_7dd4b2.py:977: error: Item \"tuple[Any, ...]\" of \"Any | tuple[Any, ...]\" has no attribute \"_column_label\"  [union-attr]",
            "groupby_7dd4b2.py:977: error: Item \"tuple[Any, ...]\" of \"Any | tuple[Any, ...]\" has no attribute \"_kdf\"  [union-attr]",
            "groupby_7dd4b2.py:982: error: Item \"None\" of \"list[tuple[Any, ...]] | None\" has no attribute \"__iter__\" (not iterable)  [union-attr]",
            "groupby_7dd4b2.py:987: error: Item \"None\" of \"list[tuple[Any, ...]] | None\" has no attribute \"__iter__\" (not iterable)  [union-attr]",
            "Found 23 errors in 1 file (checked 1 source file)"
        ]
    },
    "header_990b83.py": {
        "stats": {
            "total_parameters": 0,
            "parameters_with_annotations": 0
        },
        "error_count": 1,
        "isCompiled": false,
        "errors": [
            "header_990b83.py:294: error: invalid syntax; you likely need to run mypy using Python 3.10 or newer  [syntax]",
            "Found 1 error in 1 file (errors prevented further checking)"
        ]
    },
    "helpers_b607a0.py": {
        "stats": {
            "total_parameters": 51,
            "parameters_with_annotations": 50
        },
        "error_count": 0,
        "isCompiled": true,
        "errors": []
    },
    "helpers_e73aba.py": {
        "stats": {
            "total_parameters": 44,
            "parameters_with_annotations": 44
        },
        "error_count": 0,
        "isCompiled": true,
        "errors": []
    },
    "hist_13f59f.py": {
        "stats": {
            "total_parameters": 107,
            "parameters_with_annotations": 92
        },
        "error_count": 1,
        "isCompiled": false,
        "errors": [
            "hist_13f59f.py:93: error: Argument 2 to \"_calculate_bins\" of \"HistPlot\" has incompatible type \"int | Any | list[Any]\"; expected \"int\"  [arg-type]",
            "Found 1 error in 1 file (checked 1 source file)"
        ]
    },
    "hive_66cde7.py": {
        "stats": {
            "total_parameters": 88,
            "parameters_with_annotations": 66
        },
        "error_count": 1,
        "isCompiled": false,
        "errors": [
            "hive_66cde7.py:440: error: Missing return statement  [empty-body]",
            "Found 1 error in 1 file (checked 1 source file)"
        ]
    },
    "http1connection_0621ea.py": {
        "stats": {
            "total_parameters": 72,
            "parameters_with_annotations": 43
        },
        "error_count": 1,
        "isCompiled": false,
        "errors": [
            "http1connection_0621ea.py:151: error: invalid syntax; you likely need to run mypy using Python 3.10 or newer  [syntax]",
            "Found 1 error in 1 file (errors prevented further checking)"
        ]
    },
    "httpclient_e36adc.py": {
        "stats": {
            "total_parameters": 87,
            "parameters_with_annotations": 61
        },
        "error_count": 3,
        "isCompiled": false,
        "errors": [
            "httpclient_e36adc.py:304: error: Name \"cast\" is not defined  [name-defined]",
            "httpclient_e36adc.py:304: note: Did you forget to import it from \"typing\"? (Suggestion: \"from typing import cast\")",
            "httpclient_e36adc.py:509: error: Unsupported target for indexed assignment (\"dict[str, str] | Any | None\")  [index]",
            "Found 2 errors in 1 file (checked 1 source file)"
        ]
    },
    "indexing_b000ec.py": {
        "stats": {
            "total_parameters": 108,
            "parameters_with_annotations": 63
        },
        "error_count": 12,
        "isCompiled": false,
        "errors": [
            "indexing_b000ec.py:458: error: Incompatible types in assignment (expression has type \"list[Any] | None\", variable has type \"list[Any]\")  [assignment]",
            "indexing_b000ec.py:609: error: \"LocIndexerLike\" has no attribute \"_sequence_col\"  [attr-defined]",
            "indexing_b000ec.py:690: error: \"LocIndexerLike\" has no attribute \"_sequence_col\"  [attr-defined]",
            "indexing_b000ec.py:695: error: Argument 1 to \"len\" has incompatible type \"list[Any] | None\"; expected \"Sized\"  [arg-type]",
            "indexing_b000ec.py:709: error: Item \"None\" of \"list[Any] | None\" has no attribute \"__iter__\" (not iterable)  [union-attr]",
            "indexing_b000ec.py:1153: error: Value of type \"tuple[Any, ...] | None\" is not indexable  [index]",
            "indexing_b000ec.py:1158: error: Incompatible types in assignment (expression has type \"set[Any]\", variable has type \"list[tuple[Any, tuple[Any, ...] | None]] | None\")  [assignment]",
            "indexing_b000ec.py:1168: error: Incompatible types in assignment (expression has type \"tuple[Any | tuple[Any, ...] | None, ...]\", variable has type \"tuple[Any, tuple[Any, ...] | None]\")  [assignment]",
            "indexing_b000ec.py:1172: error: List comprehension has incompatible type List[tuple[Any, ...] | None]; expected List[tuple[Any, tuple[Any, ...] | None]]  [misc]",
            "indexing_b000ec.py:1178: error: Incompatible return value type (got \"tuple[list[tuple[Any, tuple[Any, ...] | None]], list[Any], list[Any], bool, Any]\", expected \"tuple[list[tuple[Any, ...]], list[Any] | None, Any, bool, tuple[Any, ...] | None]\")  [return-value]",
            "indexing_b000ec.py:1199: error: Incompatible return value type (got \"tuple[list[tuple[Any]], list[Any], None, bool, None]\", expected \"tuple[list[tuple[Any, ...]], list[Any] | None, list[Any] | None, bool, tuple[Any, ...] | None]\")  [return-value]",
            "indexing_b000ec.py:1306: error: Argument 2 to \"_get_from_multiindex_column\" of \"LocIndexer\" has incompatible type \"list[tuple[Any, ...]] | None\"; expected \"list[Any]\"  [arg-type]",
            "Found 12 errors in 1 file (checked 1 source file)"
        ]
    },
    "indexing_d02a25.py": {
        "stats": {
            "total_parameters": 190,
            "parameters_with_annotations": 122
        },
        "error_count": 1,
        "isCompiled": false,
        "errors": [
            "indexing_d02a25.py:1172: error: A function returning TypeVar should receive at least one argument containing the same TypeVar  [type-var]",
            "Found 1 error in 1 file (checked 1 source file)"
        ]
    },
    "initiator_fb22e8.py": {
        "stats": {
            "total_parameters": 44,
            "parameters_with_annotations": 44
        },
        "error_count": 0,
        "isCompiled": true,
        "errors": []
    },
    "initiator_manager_26765c.py": {
        "stats": {
            "total_parameters": 65,
            "parameters_with_annotations": 65
        },
        "error_count": 0,
        "isCompiled": true,
        "errors": []
    },
    "interval_941dbf.py": {
        "stats": {
            "total_parameters": 96,
            "parameters_with_annotations": 60
        },
        "error_count": 0,
        "isCompiled": true,
        "errors": []
    },
    "kedro_data_catalog_148318.py": {
        "stats": {
            "total_parameters": 86,
            "parameters_with_annotations": 50
        },
        "error_count": 0,
        "isCompiled": true,
        "errors": []
    },
    "linegen_ea8858.py": {
        "stats": {
            "total_parameters": 137,
            "parameters_with_annotations": 108
        },
        "error_count": 0,
        "isCompiled": true,
        "errors": []
    },
    "local_b588b6.py": {
        "stats": {
            "total_parameters": 72,
            "parameters_with_annotations": 52
        },
        "error_count": 20,
        "isCompiled": false,
        "errors": [
            "local_b588b6.py:75: error: Method \"get_public_upload_root_url\" is marked as an override, but no base method was found with this name  [misc]",
            "local_b588b6.py:79: error: Method \"generate_message_upload_path\" is marked as an override, but no base method was found with this name  [misc]",
            "local_b588b6.py:91: error: Method \"upload_message_attachment\" is marked as an override, but no base method was found with this name  [misc]",
            "local_b588b6.py:102: error: Method \"save_attachment_contents\" is marked as an override, but no base method was found with this name  [misc]",
            "local_b588b6.py:107: error: Method \"attachment_vips_source\" is marked as an override, but no base method was found with this name  [misc]",
            "local_b588b6.py:114: error: Method \"delete_message_attachment\" is marked as an override, but no base method was found with this name  [misc]",
            "local_b588b6.py:118: error: Method \"all_message_attachments\" is marked as an override, but no base method was found with this name  [misc]",
            "local_b588b6.py:139: error: Method \"get_avatar_url\" is marked as an override, but no base method was found with this name  [misc]",
            "local_b588b6.py:143: error: Method \"get_avatar_contents\" is marked as an override, but no base method was found with this name  [misc]",
            "local_b588b6.py:149: error: Method \"upload_single_avatar_image\" is marked as an override, but no base method was found with this name  [misc]",
            "local_b588b6.py:161: error: Method \"delete_avatar_image\" is marked as an override, but no base method was found with this name  [misc]",
            "local_b588b6.py:167: error: Method \"get_realm_icon_url\" is marked as an override, but no base method was found with this name  [misc]",
            "local_b588b6.py:171: error: Method \"upload_realm_icon_image\" is marked as an override, but no base method was found with this name  [misc]",
            "local_b588b6.py:182: error: Method \"get_realm_logo_url\" is marked as an override, but no base method was found with this name  [misc]",
            "local_b588b6.py:190: error: Method \"upload_realm_logo_image\" is marked as an override, but no base method was found with this name  [misc]",
            "local_b588b6.py:207: error: Method \"get_emoji_url\" is marked as an override, but no base method was found with this name  [misc]",
            "local_b588b6.py:225: error: Method \"upload_single_emoji_image\" is marked as an override, but no base method was found with this name  [misc]",
            "local_b588b6.py:231: error: Method \"get_export_tarball_url\" is marked as an override, but no base method was found with this name  [misc]",
            "local_b588b6.py:236: error: Method \"upload_export_tarball\" is marked as an override, but no base method was found with this name  [misc]",
            "local_b588b6.py:254: error: Method \"delete_export_tarball\" is marked as an override, but no base method was found with this name  [misc]",
            "Found 20 errors in 1 file (checked 1 source file)"
        ]
    },
    "log_67c6cb.py": {
        "stats": {
            "total_parameters": 62,
            "parameters_with_annotations": 48
        },
        "error_count": 1,
        "isCompiled": false,
        "errors": [
            "log_67c6cb.py:131: error: Argument \"object_ref\" to \"log_with_context\" of \"AbstractEventLogger\" has incompatible type \"str | Callable[..., str] | Literal[False] | None\"; expected \"str | None\"  [arg-type]",
            "Found 1 error in 1 file (checked 1 source file)"
        ]
    },
    "log_writer_c4397a.py": {
        "stats": {
            "total_parameters": 69,
            "parameters_with_annotations": 49
        },
        "error_count": 0,
        "isCompiled": true,
        "errors": []
    },
    "managers_6d6254.py": {
        "stats": {
            "total_parameters": 292,
            "parameters_with_annotations": 179
        },
        "error_count": 16,
        "isCompiled": false,
        "errors": [
            "managers_6d6254.py:706: error: Trying to assign name \"_is_consolidated\" that is not in \"__slots__\" of type \"managers_6d6254.BaseBlockManager\"  [misc]",
            "managers_6d6254.py:1148: error: Unsupported target for indexed assignment (\"Any | None\")  [index]",
            "managers_6d6254.py:1151: error: Unsupported target for indexed assignment (\"Any | None\")  [index]",
            "managers_6d6254.py:1479: error: Trying to assign name \"axes\" that is not in \"__slots__\" of type \"managers_6d6254.SingleBlockManager\"  [misc]",
            "managers_6d6254.py:1480: error: Trying to assign name \"blocks\" that is not in \"__slots__\" of type \"managers_6d6254.SingleBlockManager\"  [misc]",
            "managers_6d6254.py:1486: error: Argument 2 of \"from_blocks\" is incompatible with supertype \"BaseBlockManager\"; supertype defines the argument type as \"Sequence[Any]\"  [override]",
            "managers_6d6254.py:1486: note: This violates the Liskov substitution principle",
            "managers_6d6254.py:1486: note: See https://mypy.readthedocs.io/en/stable/common_issues.html#incompatible-overrides",
            "managers_6d6254.py:1536: error: Trying to assign name \"axes\" that is not in \"__slots__\" of type \"managers_6d6254.SingleBlockManager\"  [misc]",
            "managers_6d6254.py:1538: error: Trying to assign name \"blocks\" that is not in \"__slots__\" of type \"managers_6d6254.SingleBlockManager\"  [misc]",
            "managers_6d6254.py:1621: error: Trying to assign name \"blocks\" that is not in \"__slots__\" of type \"managers_6d6254.SingleBlockManager\"  [misc]",
            "managers_6d6254.py:1632: error: Trying to assign name \"blocks\" that is not in \"__slots__\" of type \"managers_6d6254.SingleBlockManager\"  [misc]",
            "managers_6d6254.py:1755: error: Name \"Iterable\" is not defined  [name-defined]",
            "managers_6d6254.py:1755: note: Did you forget to import it from \"typing\"? (Suggestion: \"from typing import Iterable\")",
            "managers_6d6254.py:1766: error: Name \"Iterable\" is not defined  [name-defined]",
            "managers_6d6254.py:1766: note: Did you forget to import it from \"typing\"? (Suggestion: \"from typing import Iterable\")",
            "Found 12 errors in 1 file (checked 1 source file)"
        ]
    },
    "manifest_0eeebb.py": {
        "stats": {
            "total_parameters": 147,
            "parameters_with_annotations": 106
        },
        "error_count": 4,
        "isCompiled": false,
        "errors": [
            "manifest_0eeebb.py:638: error: Item \"None\" of \"Any | None\" has no attribute \"get_macro_id\"  [union-attr]",
            "manifest_0eeebb.py:731: error: Item \"None\" of \"Any | None\" has no attribute \"get_macro\"  [union-attr]",
            "manifest_0eeebb.py:1354: error: \"Expr\" has no attribute \"name\"  [attr-defined]",
            "manifest_0eeebb.py:1356: error: \"Expr\" has no attribute \"value\"  [attr-defined]",
            "Found 4 errors in 1 file (checked 1 source file)"
        ]
    },
    "manifest_47c52e.py": {
        "stats": {
            "total_parameters": 339,
            "parameters_with_annotations": 211
        },
        "error_count": 3,
        "isCompiled": false,
        "errors": [
            "manifest_47c52e.py:1534: error: Argument 1 of \"__reduce_ex__\" is incompatible with supertype \"object\"; supertype defines the argument type as \"SupportsIndex\"  [override]",
            "manifest_47c52e.py:1534: note: This violates the Liskov substitution principle",
            "manifest_47c52e.py:1534: note: See https://mypy.readthedocs.io/en/stable/common_issues.html#incompatible-overrides",
            "Found 1 error in 1 file (checked 1 source file)"
        ]
    },
    "mediation_fee_f1a080.py": {
        "stats": {
            "total_parameters": 47,
            "parameters_with_annotations": 41
        },
        "error_count": 0,
        "isCompiled": true,
        "errors": []
    },
    "mediator_edd547.py": {
        "stats": {
            "total_parameters": 123,
            "parameters_with_annotations": 123
        },
        "error_count": 1,
        "isCompiled": false,
        "errors": [
            "mediator_edd547.py:630: error: Incompatible types in assignment (expression has type \"Any | None\", variable has type \"bool\")  [assignment]",
            "Found 1 error in 1 file (checked 1 source file)"
        ]
    },
    "merge_f40757.py": {
        "stats": {
            "total_parameters": 175,
            "parameters_with_annotations": 148
        },
        "error_count": 23,
        "isCompiled": false,
        "errors": [
            "merge_f40757.py:250: error: No overload variant of \"set\" matches argument type \"Hashable\"  [call-overload]",
            "merge_f40757.py:250: note: Possible overload variants:",
            "merge_f40757.py:250: note:     def [_T] __init__(self) -> set[_T]",
            "merge_f40757.py:250: note:     def [_T] __init__(self, Iterable[_T], /) -> set[_T]",
            "merge_f40757.py:257: error: No overload variant of \"set\" matches argument type \"Hashable\"  [call-overload]",
            "merge_f40757.py:257: note: Possible overload variants:",
            "merge_f40757.py:257: note:     def [_T] __init__(self) -> set[_T]",
            "merge_f40757.py:257: note:     def [_T] __init__(self, Iterable[_T], /) -> set[_T]",
            "merge_f40757.py:1537: error: Argument 1 to \"len\" has incompatible type \"Hashable\"; expected \"Sized\"  [arg-type]",
            "merge_f40757.py:1537: error: Argument 1 to \"len\" has incompatible type \"Hashable | Sequence[Hashable] | None\"; expected \"Sized\"  [arg-type]",
            "merge_f40757.py:1540: error: Unsupported left operand type for + (\"Hashable\")  [operator]",
            "merge_f40757.py:1541: error: Unsupported left operand type for + (\"Hashable\")  [operator]",
            "merge_f40757.py:1541: error: Unsupported left operand type for + (\"Sequence[Hashable]\")  [operator]",
            "merge_f40757.py:1541: error: Unsupported left operand type for + (\"None\")  [operator]",
            "merge_f40757.py:1541: note: Left operand is of type \"Hashable | Sequence[Hashable] | None\"",
            "merge_f40757.py:1602: error: Unsupported operand types for < (\"timedelta\" and \"int\")  [operator]",
            "merge_f40757.py:1602: note: Left operand is of type \"int | timedelta\"",
            "merge_f40757.py:1657: error: Item \"int\" of \"int | timedelta | None\" has no attribute \"as_unit\"  [union-attr]",
            "merge_f40757.py:1657: error: Item \"timedelta\" of \"int | timedelta | None\" has no attribute \"as_unit\"  [union-attr]",
            "merge_f40757.py:1657: error: Item \"None\" of \"int | timedelta | None\" has no attribute \"as_unit\"  [union-attr]",
            "merge_f40757.py:1659: error: Item \"int\" of \"int | timedelta | None\" has no attribute \"_value\"  [union-attr]",
            "merge_f40757.py:1659: error: Item \"timedelta\" of \"int | timedelta | None\" has no attribute \"_value\"  [union-attr]",
            "merge_f40757.py:1659: error: Item \"None\" of \"int | timedelta | None\" has no attribute \"_value\"  [union-attr]",
            "Found 15 errors in 1 file (checked 1 source file)"
        ]
    },
    "message_6587fb.py": {
        "stats": {
            "total_parameters": 97,
            "parameters_with_annotations": 97
        },
        "error_count": 16,
        "isCompiled": false,
        "errors": [
            "message_6587fb.py:59: error: Unexpected keyword argument \"total\" for \"__init_subclass__\" of \"object\"  [call-arg]",
            "message_6587fb.py:59: error: Name \"TypedDict\" is not defined  [name-defined]",
            "message_6587fb.py:68: error: Name \"TypedDict\" is not defined  [name-defined]",
            "message_6587fb.py:73: error: Name \"TypedDict\" is not defined  [name-defined]",
            "message_6587fb.py:77: error: Name \"TypedDict\" is not defined  [name-defined]",
            "message_6587fb.py:81: error: Name \"TypedDict\" is not defined  [name-defined]",
            "message_6587fb.py:91: error: Name \"TypedDict\" is not defined  [name-defined]",
            "message_6587fb.py:97: error: Name \"TypedDict\" is not defined  [name-defined]",
            "message_6587fb.py:104: error: Name \"TypedDict\" is not defined  [name-defined]",
            "message_6587fb.py:109: error: Name \"TypedDict\" is not defined  [name-defined]",
            "D:\\python3.8\\lib\\site-packages\\mypy\\typeshed\\stdlib\\builtins.pyi:114: note: \"__init_subclass__\" of \"object\" defined here",
            "message_6587fb.py:727: error: Incompatible types in assignment (expression has type \"dict[str, object]\", variable has type \"RawUnreadMessagesResult\")  [assignment]",
            "message_6587fb.py:787: error: Incompatible types in assignment (expression has type \"dict[str, Any]\", target has type \"RawUnreadStreamDict\")  [assignment]",
            "message_6587fb.py:800: error: Incompatible types in assignment (expression has type \"dict[str, Any]\", target has type \"RawUnreadDirectMessageDict\")  [assignment]",
            "message_6587fb.py:806: error: Incompatible types in assignment (expression has type \"dict[str, str]\", target has type \"RawUnreadDirectMessageGroupDict\")  [assignment]",
            "message_6587fb.py:935: error: Incompatible types in assignment (expression has type \"dict[str, Any]\", variable has type \"UnreadMessagesResult\")  [assignment]",
            "Found 15 errors in 1 file (checked 1 source file)"
        ]
    },
    "message_cache_dbda93.py": {
        "stats": {
            "total_parameters": 49,
            "parameters_with_annotations": 49
        },
        "error_count": 1,
        "isCompiled": false,
        "errors": [
            "message_cache_dbda93.py:291: error: Argument 2 to \"sew_messages_and_reactions\" has incompatible type \"list[dict[str, Any]]\"; expected \"Iterable[RawReactionRow]\"  [arg-type]",
            "Found 1 error in 1 file (checked 1 source file)"
        ]
    },
    "message_edit_6be856.py": {
        "stats": {
            "total_parameters": 61,
            "parameters_with_annotations": 61
        },
        "error_count": 0,
        "isCompiled": true,
        "errors": []
    },
    "message_send_b7048c.py": {
        "stats": {
            "total_parameters": 156,
            "parameters_with_annotations": 156
        },
        "error_count": 3,
        "isCompiled": false,
        "errors": [
            "message_send_b7048c.py:203: error: Name \"TypedDict\" is not defined  [name-defined]",
            "message_send_b7048c.py:874: error: Name \"TypedDict\" is not defined  [name-defined]",
            "message_send_b7048c.py:884: error: Incompatible types in assignment (expression has type \"dict[str, Any]\", variable has type \"UserData\")  [assignment]",
            "Found 3 errors in 1 file (checked 1 source file)"
        ]
    },
    "_arrow_string_mixins_7654a8.py": {
        "stats": {
            "total_parameters": 82,
            "parameters_with_annotations": 46
        },
        "error_count": 0,
        "isCompiled": true,
        "errors": []
    },
    "_client_5a9e7d.py": {
        "stats": {
            "total_parameters": 0,
            "parameters_with_annotations": 0
        },
        "error_count": 1,
        "isCompiled": false,
        "errors": [
            "_client_5a9e7d.py:1: error: unexpected indent  [syntax]",
            "Found 1 error in 1 file (errors prevented further checking)"
        ]
    },
    "_compat_bfcdb3.py": {
        "stats": {
            "total_parameters": 56,
            "parameters_with_annotations": 47
        },
        "error_count": 30,
        "isCompiled": false,
        "errors": [
            "_compat_bfcdb3.py:427: error: All conditional function variants must have identical signatures  [misc]",
            "_compat_bfcdb3.py:427: note: Original:",
            "_compat_bfcdb3.py:427: note:     def _normalize_errors(errors: Sequence[Any]) -> list[dict[str, Any]]",
            "_compat_bfcdb3.py:427: note: Redefinition:",
            "_compat_bfcdb3.py:427: note:     def _normalize_errors(errors: Any) -> list[dict[str, Any]]",
            "_compat_bfcdb3.py:441: error: All conditional function variants must have identical signatures  [misc]",
            "_compat_bfcdb3.py:441: note: Original:",
            "_compat_bfcdb3.py:441: note:     def _model_rebuild(model: type[Any]) -> None",
            "_compat_bfcdb3.py:441: note: Redefinition:",
            "_compat_bfcdb3.py:441: note:     def _model_rebuild(model: Any) -> None",
            "_compat_bfcdb3.py:452: error: All conditional function variants must have identical signatures  [misc]",
            "_compat_bfcdb3.py:452: note: Original:",
            "_compat_bfcdb3.py:452: note:     def get_schema_from_model_field(*, field: ModelField, schema_generator: Any, model_name_map: Any, field_mapping: Mapping[Any, dict[str, Any]], separate_input_output_schemas: bool = ...) -> dict[str, Any]",
            "_compat_bfcdb3.py:452: note: Redefinition:",
            "_compat_bfcdb3.py:452: note:     def get_schema_from_model_field(*, field: ModelField, schema_generator: Any, model_name_map: Any, field_mapping: Any, separate_input_output_schemas: bool = ...) -> dict[str, Any]",
            "_compat_bfcdb3.py:468: error: All conditional function variants must have identical signatures  [misc]",
            "_compat_bfcdb3.py:468: note: Original:",
            "_compat_bfcdb3.py:468: note:     def get_definitions(*, fields: Sequence[ModelField], schema_generator: Any, model_name_map: Any, separate_input_output_schemas: bool = ...) -> tuple[dict[tuple[ModelField, Literal['validation', 'serialization']], Any], dict[str, dict[str, Any]]]",
            "_compat_bfcdb3.py:468: note: Redefinition:",
            "_compat_bfcdb3.py:468: note:     def get_definitions(*, fields: Any, schema_generator: Any, model_name_map: Any, separate_input_output_schemas: bool = ...) -> tuple[dict[tuple[ModelField, Literal['validation', 'serialization']], Any], dict[str, dict[str, Any]]]",
            "_compat_bfcdb3.py:504: error: All conditional function variants must have identical signatures  [misc]",
            "_compat_bfcdb3.py:504: note: Original:",
            "_compat_bfcdb3.py:504: note:     def get_missing_field_error(loc: tuple[Any, ...]) -> dict[str, Any]",
            "_compat_bfcdb3.py:504: note: Redefinition:",
            "_compat_bfcdb3.py:504: note:     def get_missing_field_error(loc: tuple[str, ...]) -> dict[str, Any]",
            "_compat_bfcdb3.py:517: error: All conditional function variants must have identical signatures  [misc]",
            "_compat_bfcdb3.py:517: note: Original:",
            "_compat_bfcdb3.py:517: note:     def get_model_fields(model: type[Any]) -> list[ModelField]",
            "_compat_bfcdb3.py:517: note: Redefinition:",
            "_compat_bfcdb3.py:517: note:     def get_model_fields(model: Any) -> list[ModelField]",
            "Found 6 errors in 1 file (checked 1 source file)"
        ]
    },
    "_misc_3826f1.py": {
        "stats": {
            "total_parameters": 59,
            "parameters_with_annotations": 51
        },
        "error_count": 0,
        "isCompiled": true,
        "errors": []
    },
    "_models_dd672f.py": {
        "stats": {
            "total_parameters": 142,
            "parameters_with_annotations": 60
        },
        "error_count": 12,
        "isCompiled": false,
        "errors": [
            "_models_dd672f.py:339: error: Argument 1 of \"__contains__\" is incompatible with supertype \"Mapping\"; supertype defines the argument type as \"object\"  [override]",
            "_models_dd672f.py:339: note: This violates the Liskov substitution principle",
            "_models_dd672f.py:339: note: See https://mypy.readthedocs.io/en/stable/common_issues.html#incompatible-overrides",
            "_models_dd672f.py:339: error: Argument 1 of \"__contains__\" is incompatible with supertype \"Container\"; supertype defines the argument type as \"object\"  [override]",
            "_models_dd672f.py:1066: error: Signature of \"get\" incompatible with supertype \"Mapping\"  [override]",
            "_models_dd672f.py:1066: note:      Superclass:",
            "_models_dd672f.py:1066: note:          @overload",
            "_models_dd672f.py:1066: note:          def get(self, str, /) -> str | None",
            "_models_dd672f.py:1066: note:          @overload",
            "_models_dd672f.py:1066: note:          def [_T] get(self, str, /, default: str | _T) -> str | _T",
            "_models_dd672f.py:1066: note:      Subclass:",
            "_models_dd672f.py:1066: note:          def get(self, name: str, default: Any = ..., domain: str | None = ..., path: str | None = ...) -> str | None",
            "Found 3 errors in 1 file (checked 1 source file)"
        ]
    },
    "_parser_ad554d.py": {
        "stats": {
            "total_parameters": 78,
            "parameters_with_annotations": 70
        },
        "error_count": 1,
        "isCompiled": false,
        "errors": [
            "_parser_ad554d.py:55: error: Invalid type argument value for \"IO\"  [type-var]",
            "Found 1 error in 1 file (checked 1 source file)"
        ]
    },
    "__init___4ea406.py": {
        "stats": {
            "total_parameters": 73,
            "parameters_with_annotations": 52
        },
        "error_count": 1,
        "isCompiled": false,
        "errors": [
            "__init___4ea406.py:319: error: Invalid index type \"str | None\" for \"dict[str, Panel]\"; expected type \"str\"  [index]",
            "Found 1 error in 1 file (checked 1 source file)"
        ]
    },
    "__init___7dd003.py": {
        "stats": {
            "total_parameters": 64,
            "parameters_with_annotations": 64
        },
        "error_count": 0,
        "isCompiled": true,
        "errors": []
    },
    "__init___ee7b0d.py": {
        "stats": {
            "total_parameters": 36,
            "parameters_with_annotations": 36
        },
        "error_count": 0,
        "isCompiled": true,
        "errors": []
    }
}