{
    "accessories_b90bda.py": {
        "stats": {
            "total_parameters": 57,
            "parameters_with_annotations": 37
        },
        "error_count": 0,
        "isCompiled": true,
        "errors": []
    },
    "accessor_9a03f0.py": {
        "stats": {
            "total_parameters": 10,
            "parameters_with_annotations": 10
        },
        "error_count": 0,
        "isCompiled": true,
        "errors": []
    },
    "aiokafka_d62f1d.py": {
        "stats": {
            "total_parameters": 92,
            "parameters_with_annotations": 46
        },
        "error_count": 10,
        "isCompiled": false,
        "errors": [
            "aiokafka_d62f1d.py:217: error: Incompatible default for argument \"config\" (default has type \"None\", argument has type \"Mapping[str, Any]\")  [assignment]",
            "aiokafka_d62f1d.py:217: note: PEP 484 prohibits implicit Optional. Accordingly, mypy has changed its default to no_implicit_optional=True",
            "aiokafka_d62f1d.py:217: note: Use https://github.com/hauntsaninja/no_implicit_optional to automatically upgrade your codebase",
            "aiokafka_d62f1d.py:837: error: Incompatible default for argument \"config\" (default has type \"None\", argument has type \"Mapping[str, Any]\")  [assignment]",
            "aiokafka_d62f1d.py:837: note: PEP 484 prohibits implicit Optional. Accordingly, mypy has changed its default to no_implicit_optional=True",
            "aiokafka_d62f1d.py:837: note: Use https://github.com/hauntsaninja/no_implicit_optional to automatically upgrade your codebase",
            "aiokafka_d62f1d.py:897: error: Cannot determine type of \"partitioner\"  [has-type]",
            "aiokafka_d62f1d.py:1200: error: Incompatible default for argument \"config\" (default has type \"None\", argument has type \"Mapping[str, Any]\")  [assignment]",
            "aiokafka_d62f1d.py:1200: note: PEP 484 prohibits implicit Optional. Accordingly, mypy has changed its default to no_implicit_optional=True",
            "aiokafka_d62f1d.py:1200: note: Use https://github.com/hauntsaninja/no_implicit_optional to automatically upgrade your codebase",
            "Found 4 errors in 1 file (checked 1 source file)"
        ]
    },
    "algorithms_faa87b.py": {
        "stats": {
            "total_parameters": 70,
            "parameters_with_annotations": 68
        },
        "error_count": 2,
        "isCompiled": false,
        "errors": [
            "algorithms_faa87b.py:1297: error: \"int\" has no attribute \"is_integer\"  [attr-defined]",
            "algorithms_faa87b.py:1586: error: Argument 1 to \"len\" has incompatible type \"Callable[[Any], Any] | dict[Any, Any] | Any\"; expected \"Sized\"  [arg-type]",
            "Found 2 errors in 1 file (checked 1 source file)"
        ]
    },
    "api_cbdcbd.py": {
        "stats": {
            "total_parameters": 49,
            "parameters_with_annotations": 49
        },
        "error_count": 1,
        "isCompiled": false,
        "errors": [
            "api_cbdcbd.py:151: error: Module has no attribute \"timeout\"  [attr-defined]",
            "Found 1 error in 1 file (checked 1 source file)"
        ]
    },
    "api_tests_78614f.py": {
        "stats": {
            "total_parameters": 94,
            "parameters_with_annotations": 94
        },
        "error_count": 0,
        "isCompiled": true,
        "errors": []
    },
    "api_test_5baf5c.py": {
        "stats": {
            "total_parameters": 172,
            "parameters_with_annotations": 172
        },
        "error_count": 0,
        "isCompiled": true,
        "errors": []
    },
    "appgraph_e5732d.py": {
        "stats": {
            "total_parameters": 126,
            "parameters_with_annotations": 91
        },
        "error_count": 0,
        "isCompiled": true,
        "errors": []
    },
    "applications_c5af27.py": {
        "stats": {
            "total_parameters": 54,
            "parameters_with_annotations": 40
        },
        "error_count": 1,
        "isCompiled": false,
        "errors": [
            "applications_c5af27.py:246: error: Argument \"dispatch\" to \"add_middleware\" of \"Starlette\" has incompatible type \"Callable[..., Any]\"; expected <nothing>  [arg-type]",
            "Found 1 error in 1 file (checked 1 source file)"
        ]
    },
    "app_c89ec6.py": {
        "stats": {
            "total_parameters": 103,
            "parameters_with_annotations": 40
        },
        "error_count": 3,
        "isCompiled": false,
        "errors": [
            "app_c89ec6.py:94: error: Incompatible default for argument \"sample_rate\" (default has type \"None\", argument has type \"float\")  [assignment]",
            "app_c89ec6.py:94: note: PEP 484 prohibits implicit Optional. Accordingly, mypy has changed its default to no_implicit_optional=True",
            "app_c89ec6.py:94: note: Use https://github.com/hauntsaninja/no_implicit_optional to automatically upgrade your codebase",
            "Found 1 error in 1 file (checked 1 source file)"
        ]
    },
    "app_e5f00c.py": {
        "stats": {
            "total_parameters": 44,
            "parameters_with_annotations": 44
        },
        "error_count": 0,
        "isCompiled": true,
        "errors": []
    },
    "asserters_700def.py": {
        "stats": {
            "total_parameters": 129,
            "parameters_with_annotations": 129
        },
        "error_count": 5,
        "isCompiled": false,
        "errors": [
            "asserters_700def.py:112: error: Argument \"check_dtype\" to \"assert_series_equal\" has incompatible type \"bool | Literal['equiv']\"; expected \"bool\"  [arg-type]",
            "asserters_700def.py:489: error: Argument \"exact\" to \"assert_index_equal\" has incompatible type \"bool | str\"; expected \"bool | Literal['equiv']\"  [arg-type]",
            "asserters_700def.py:501: error: Argument \"exact\" to \"assert_index_equal\" has incompatible type \"bool | str\"; expected \"bool | Literal['equiv']\"  [arg-type]",
            "asserters_700def.py:506: error: Argument \"exact\" to \"assert_index_equal\" has incompatible type \"bool | str\"; expected \"bool | Literal['equiv']\"  [arg-type]",
            "asserters_700def.py:1307: error: Argument \"check_dtype\" to \"assert_series_equal\" has incompatible type \"bool | Literal['equiv']\"; expected \"bool\"  [arg-type]",
            "Found 5 errors in 1 file (checked 1 source file)"
        ]
    },
    "attention_module_7f6559.py": {
        "stats": {
            "total_parameters": 94,
            "parameters_with_annotations": 78
        },
        "error_count": 2,
        "isCompiled": false,
        "errors": [
            "attention_module_7f6559.py:243: error: Incompatible return value type (got \"tuple[Any, Tensor | None]\", expected \"tuple[Tensor, Tensor]\")  [return-value]",
            "attention_module_7f6559.py:354: error: Incompatible types in assignment (expression has type \"None\", variable has type \"Tensor\")  [assignment]",
            "Found 2 errors in 1 file (checked 1 source file)"
        ]
    },
    "auth_d8f17e.py": {
        "stats": {
            "total_parameters": 55,
            "parameters_with_annotations": 40
        },
        "error_count": 0,
        "isCompiled": true,
        "errors": []
    },
    "awsclient_860c67.py": {
        "stats": {
            "total_parameters": 417,
            "parameters_with_annotations": 293
        },
        "error_count": 1,
        "isCompiled": false,
        "errors": [
            "awsclient_860c67.py:563: error: \"Exception\" has no attribute \"response\"  [attr-defined]",
            "Found 1 error in 1 file (checked 1 source file)"
        ]
    },
    "base_6106b5.py": {
        "stats": {
            "total_parameters": 160,
            "parameters_with_annotations": 57
        },
        "error_count": 18,
        "isCompiled": false,
        "errors": [
            "base_6106b5.py:497: error: Incompatible types in assignment (expression has type \"MutableSequence[Any]\", variable has type \"list[Any]\")  [assignment]",
            "base_6106b5.py:523: error: Cannot determine type of \"on_before_configured\"  [has-type]",
            "base_6106b5.py:524: error: Cannot determine type of \"on_configured\"  [has-type]",
            "base_6106b5.py:526: error: Cannot determine type of \"on_after_configured\"  [has-type]",
            "base_6106b5.py:528: error: Cannot determine type of \"on_partitions_assigned\"  [has-type]",
            "base_6106b5.py:530: error: Cannot determine type of \"on_partitions_revoked\"  [has-type]",
            "base_6106b5.py:531: error: Cannot determine type of \"on_worker_init\"  [has-type]",
            "base_6106b5.py:533: error: Cannot determine type of \"on_rebalance_complete\"  [has-type]",
            "base_6106b5.py:535: error: Cannot determine type of \"on_before_shutdown\"  [has-type]",
            "base_6106b5.py:537: error: Cannot determine type of \"on_produce_message\"  [has-type]",
            "base_6106b5.py:660: error: Cannot determine type of \"finalized\"  [has-type]",
            "base_6106b5.py:660: error: Cannot determine type of \"configured\"  [has-type]",
            "base_6106b5.py:662: error: Cannot determine type of \"configured\"  [has-type]",
            "base_6106b5.py:675: error: Cannot determine type of \"finalized\"  [has-type]",
            "base_6106b5.py:757: error: Incompatible default for argument \"pattern\" (default has type \"None\", argument has type \"str | Pattern[Any]\")  [assignment]",
            "base_6106b5.py:757: note: PEP 484 prohibits implicit Optional. Accordingly, mypy has changed its default to no_implicit_optional=True",
            "base_6106b5.py:757: note: Use https://github.com/hauntsaninja/no_implicit_optional to automatically upgrade your codebase",
            "base_6106b5.py:1341: error: Function \"fun\" could always be true in boolean context  [truthy-function]",
            "Found 16 errors in 1 file (checked 1 source file)"
        ]
    },
    "base_6a0ea7.py": {
        "stats": {
            "total_parameters": 70,
            "parameters_with_annotations": 47
        },
        "error_count": 0,
        "isCompiled": true,
        "errors": []
    },
    "base_949c11.py": {
        "stats": {
            "total_parameters": 159,
            "parameters_with_annotations": 111
        },
        "error_count": 0,
        "isCompiled": true,
        "errors": []
    },
    "base_9c14fc.py": {
        "stats": {
            "total_parameters": 114,
            "parameters_with_annotations": 58
        },
        "error_count": 0,
        "isCompiled": true,
        "errors": []
    },
    "base_b5c467.py": {
        "stats": {
            "total_parameters": 87,
            "parameters_with_annotations": 56
        },
        "error_count": 0,
        "isCompiled": true,
        "errors": []
    },
    "base_bb93b4.py": {
        "stats": {
            "total_parameters": 128,
            "parameters_with_annotations": 77
        },
        "error_count": 0,
        "isCompiled": true,
        "errors": []
    },
    "base_tests_a1e90e.py": {
        "stats": {
            "total_parameters": 119,
            "parameters_with_annotations": 94
        },
        "error_count": 0,
        "isCompiled": true,
        "errors": []
    },
    "beam_search_b3623d.py": {
        "stats": {
            "total_parameters": 131,
            "parameters_with_annotations": 97
        },
        "error_count": 1,
        "isCompiled": false,
        "errors": [
            "beam_search_b3623d.py:596: error: Incompatible types in assignment (expression has type \"int | float\", variable has type \"int\")  [assignment]",
            "Found 1 error in 1 file (checked 1 source file)"
        ]
    },
    "blocks_3a122c.py": {
        "stats": {
            "total_parameters": 211,
            "parameters_with_annotations": 126
        },
        "error_count": 1,
        "isCompiled": false,
        "errors": [
            "blocks_3a122c.py:230: error: Trying to assign name \"_mgr_locs\" that is not in \"__slots__\" of type \"blocks_3a122c.Block\"  [misc]",
            "Found 1 error in 1 file (checked 1 source file)"
        ]
    },
    "btanalysis_7decb4.py": {
        "stats": {
            "total_parameters": 50,
            "parameters_with_annotations": 50
        },
        "error_count": 2,
        "isCompiled": false,
        "errors": [
            "btanalysis_7decb4.py:150: error: Item \"str\" of \"Path | str\" has no attribute \"open\"  [union-attr]",
            "btanalysis_7decb4.py:197: error: Incompatible types in assignment (expression has type \"str\", variable has type \"Literal['metadata', 'strategy']\")  [assignment]",
            "Found 2 errors in 1 file (checked 1 source file)"
        ]
    },
    "cache_83a043.py": {
        "stats": {
            "total_parameters": 84,
            "parameters_with_annotations": 82
        },
        "error_count": 0,
        "isCompiled": true,
        "errors": []
    },
    "call_824067.py": {
        "stats": {
            "total_parameters": 68,
            "parameters_with_annotations": 50
        },
        "error_count": 0,
        "isCompiled": true,
        "errors": []
    },
    "channels_8e6ab8.py": {
        "stats": {
            "total_parameters": 67,
            "parameters_with_annotations": 34
        },
        "error_count": 0,
        "isCompiled": true,
        "errors": []
    },
    "channel_43e477.py": {
        "stats": {
            "total_parameters": 274,
            "parameters_with_annotations": 274
        },
        "error_count": 9,
        "isCompiled": false,
        "errors": [
            "channel_43e477.py:158: error: Name \"ChannelUsability\" is not defined  [name-defined]",
            "channel_43e477.py:165: error: Name \"ChannelUsability\" is not defined  [name-defined]",
            "channel_43e477.py:173: error: Name \"ChannelUsability\" is not defined  [name-defined]",
            "channel_43e477.py:175: error: Name \"ChannelUsability\" is not defined  [name-defined]",
            "channel_43e477.py:177: error: Name \"ChannelUsability\" is not defined  [name-defined]",
            "channel_43e477.py:179: error: Name \"ChannelUsability\" is not defined  [name-defined]",
            "channel_43e477.py:181: error: Name \"ChannelUsability\" is not defined  [name-defined]",
            "channel_43e477.py:183: error: Name \"ChannelUsability\" is not defined  [name-defined]",
            "channel_43e477.py:184: error: Name \"ChannelUsability\" is not defined  [name-defined]",
            "Found 9 errors in 1 file (checked 1 source file)"
        ]
    },
    "classification_92cb06.py": {
        "stats": {
            "total_parameters": 63,
            "parameters_with_annotations": 63
        },
        "error_count": 0,
        "isCompiled": true,
        "errors": []
    },
    "client_1e3c0a.py": {
        "stats": {
            "total_parameters": 55,
            "parameters_with_annotations": 41
        },
        "error_count": 0,
        "isCompiled": true,
        "errors": []
    },
    "common_4a17c0.py": {
        "stats": {
            "total_parameters": 41,
            "parameters_with_annotations": 41
        },
        "error_count": 4,
        "isCompiled": false,
        "errors": [
            "common_4a17c0.py:110: error: Incompatible types in assignment (expression has type \"str\", target has type \"bool\")  [assignment]",
            "common_4a17c0.py:128: error: Incompatible types in assignment (expression has type \"str\", target has type \"float\")  [assignment]",
            "common_4a17c0.py:232: error: Incompatible types in assignment (expression has type \"float\", target has type \"str\")  [assignment]",
            "common_4a17c0.py:258: error: Incompatible types in assignment (expression has type \"Any | Literal[True]\", target has type \"str\")  [assignment]",
            "Found 4 errors in 1 file (checked 1 source file)"
        ]
    },
    "compilation_283ca2.py": {
        "stats": {
            "total_parameters": 86,
            "parameters_with_annotations": 61
        },
        "error_count": 0,
        "isCompiled": true,
        "errors": []
    },
    "confluent_3b2473.py": {
        "stats": {
            "total_parameters": 58,
            "parameters_with_annotations": 36
        },
        "error_count": 2,
        "isCompiled": false,
        "errors": [
            "confluent_3b2473.py:438: error: Unexpected keyword argument \"timeout\"  [call-arg]",
            "confluent_3b2473.py:439: error: Unexpected keyword argument \"timeout\"  [call-arg]",
            "Found 2 errors in 1 file (checked 1 source file)"
        ]
    },
    "construction_4e8f89.py": {
        "stats": {
            "total_parameters": 60,
            "parameters_with_annotations": 60
        },
        "error_count": 1,
        "isCompiled": false,
        "errors": [
            "construction_4e8f89.py:765: error: Argument 1 to \"_list_of_series_to_arrays\" has incompatible type \"Sequence[Any]\"; expected \"list[Any]\"  [arg-type]",
            "Found 1 error in 1 file (checked 1 source file)"
        ]
    },
    "consumer_fa3d87.py": {
        "stats": {
            "total_parameters": 0,
            "parameters_with_annotations": 0
        },
        "error_count": 1,
        "isCompiled": false,
        "errors": [
            "consumer_fa3d87.py:488: error: invalid syntax; you likely need to run mypy using Python 3.10 or newer  [syntax]",
            "Found 1 error in 1 file (errors prevented further checking)"
        ]
    },
    "context_config_b7e80b.py": {
        "stats": {
            "total_parameters": 93,
            "parameters_with_annotations": 64
        },
        "error_count": 1,
        "isCompiled": false,
        "errors": [
            "context_config_b7e80b.py:33: error: Missing return statement  [empty-body]",
            "Found 1 error in 1 file (checked 1 source file)"
        ]
    },
    "coordinator_e4c72e.py": {
        "stats": {
            "total_parameters": 53,
            "parameters_with_annotations": 36
        },
        "error_count": 0,
        "isCompiled": true,
        "errors": []
    },
    "cover_ccbdb1.py": {
        "stats": {
            "total_parameters": 134,
            "parameters_with_annotations": 66
        },
        "error_count": 5,
        "isCompiled": false,
        "errors": [
            "cover_ccbdb1.py:598: error: Cannot determine type of \"_attr_unique_id\"  [has-type]",
            "cover_ccbdb1.py:635: error: Cannot determine type of \"_attr_unique_id\"  [has-type]",
            "cover_ccbdb1.py:743: error: Cannot determine type of \"_attr_unique_id\"  [has-type]",
            "cover_ccbdb1.py:807: error: Cannot determine type of \"_attr_unique_id\"  [has-type]",
            "cover_ccbdb1.py:863: error: Cannot determine type of \"_attr_unique_id\"  [has-type]",
            "Found 5 errors in 1 file (checked 1 source file)"
        ]
    },
    "create_user_36a545.py": {
        "stats": {
            "total_parameters": 40,
            "parameters_with_annotations": 40
        },
        "error_count": 0,
        "isCompiled": true,
        "errors": []
    },
    "create_user_5beae0.py": {
        "stats": {
            "total_parameters": 39,
            "parameters_with_annotations": 39
        },
        "error_count": 0,
        "isCompiled": true,
        "errors": []
    },
    "custom_profile_fields_ccef17.py": {
        "stats": {
            "total_parameters": 36,
            "parameters_with_annotations": 36
        },
        "error_count": 0,
        "isCompiled": true,
        "errors": []
    },
    "dataclasses_a27d2a.py": {
        "stats": {
            "total_parameters": 47,
            "parameters_with_annotations": 38
        },
        "error_count": 6,
        "isCompiled": false,
        "errors": [
            "dataclasses_a27d2a.py:220: error: No overload variant of \"dataclass\" matches argument types \"type[Any]\", \"bool\", \"bool\", \"bool\", \"Any\", \"bool\", \"bool\", \"bool\"  [call-overload]",
            "dataclasses_a27d2a.py:220: note: Possible overload variants:",
            "dataclasses_a27d2a.py:220: note:     def dataclass(None, /) -> Callable[[type[_T]], type[_T]]",
            "dataclasses_a27d2a.py:220: note:     def [_T] dataclass(type[_T], /) -> type[_T]",
            "dataclasses_a27d2a.py:220: note:     def dataclass(*, init: bool = ..., repr: bool = ..., eq: bool = ..., order: bool = ..., unsafe_hash: bool = ..., frozen: bool = ..., match_args: bool = ..., kw_only: bool = ..., slots: bool = ...) -> Callable[[type[_T]], type[_T]]",
            "dataclasses_a27d2a.py:495: error: Argument 1 to \"_get_validators\" has incompatible type \"type[Dataclass] | DataclassProxy\"; expected \"type[Any]\"  [arg-type]",
            "Found 2 errors in 1 file (checked 1 source file)"
        ]
    },
    "datadog_c5ba7b.py": {
        "stats": {
            "total_parameters": 131,
            "parameters_with_annotations": 93
        },
        "error_count": 0,
        "isCompiled": true,
        "errors": []
    },
    "dataprovider_a0d211.py": {
        "stats": {
            "total_parameters": 85,
            "parameters_with_annotations": 58
        },
        "error_count": 0,
        "isCompiled": true,
        "errors": []
    },
    "datastructures_0a7b11.py": {
        "stats": {
            "total_parameters": 142,
            "parameters_with_annotations": 54
        },
        "error_count": 15,
        "isCompiled": false,
        "errors": [
            "datastructures_0a7b11.py:229: error: Signature of \"__getitem__\" incompatible with supertype \"Sequence\"  [override]",
            "datastructures_0a7b11.py:229: note:      Superclass:",
            "datastructures_0a7b11.py:229: note:          @overload",
            "datastructures_0a7b11.py:229: note:          def __getitem__(self, int, /) -> str",
            "datastructures_0a7b11.py:229: note:          @overload",
            "datastructures_0a7b11.py:229: note:          def __getitem__(self, slice, /) -> Sequence[str]",
            "datastructures_0a7b11.py:229: note:      Subclass:",
            "datastructures_0a7b11.py:229: note:          def __getitem__(self, int | slice, /) -> str | list[str]",
            "datastructures_0a7b11.py:291: error: Argument 1 of \"__contains__\" is incompatible with supertype \"Mapping\"; supertype defines the argument type as \"object\"  [override]",
            "datastructures_0a7b11.py:291: note: This violates the Liskov substitution principle",
            "datastructures_0a7b11.py:291: note: See https://mypy.readthedocs.io/en/stable/common_issues.html#incompatible-overrides",
            "datastructures_0a7b11.py:291: error: Argument 1 of \"__contains__\" is incompatible with supertype \"Container\"; supertype defines the argument type as \"object\"  [override]",
            "datastructures_0a7b11.py:504: error: Return type \"list[str]\" of \"keys\" incompatible with return type \"KeysView[str]\" in supertype \"Mapping\"  [override]",
            "datastructures_0a7b11.py:507: error: Return type \"list[str]\" of \"values\" incompatible with return type \"ValuesView[str]\" in supertype \"Mapping\"  [override]",
            "datastructures_0a7b11.py:510: error: Return type \"list[tuple[str, str]]\" of \"items\" incompatible with return type \"ItemsView[str, str]\" in supertype \"Mapping\"  [override]",
            "Found 6 errors in 1 file (checked 1 source file)"
        ]
    },
    "data_catalog_8d7fcf.py": {
        "stats": {
            "total_parameters": 59,
            "parameters_with_annotations": 36
        },
        "error_count": 1,
        "isCompiled": false,
        "errors": [
            "data_catalog_8d7fcf.py:186: error: Item \"None\" of \"Any | None\" has no attribute \"list_patterns\"  [union-attr]",
            "Found 1 error in 1 file (checked 1 source file)"
        ]
    },
    "debug_info_f902e5.py": {
        "stats": {
            "total_parameters": 36,
            "parameters_with_annotations": 36
        },
        "error_count": 2,
        "isCompiled": false,
        "errors": [
            "debug_info_f902e5.py:160: error: Module has no attribute \"UTC\"  [attr-defined]",
            "debug_info_f902e5.py:179: error: Module has no attribute \"UTC\"  [attr-defined]",
            "Found 2 errors in 1 file (checked 1 source file)"
        ]
    },
    "dockerutils_6badca.py": {
        "stats": {
            "total_parameters": 55,
            "parameters_with_annotations": 42
        },
        "error_count": 1,
        "isCompiled": false,
        "errors": [
            "dockerutils_6badca.py:253: error: Argument 1 to \"__exit__\" of \"TemporaryDirectory\" has incompatible type \"BaseException | None\"; expected \"type[BaseException] | None\"  [arg-type]",
            "Found 1 error in 1 file (checked 1 source file)"
        ]
    },
    "email_mirror_590460.py": {
        "stats": {
            "total_parameters": 52,
            "parameters_with_annotations": 49
        },
        "error_count": 5,
        "isCompiled": false,
        "errors": [
            "email_mirror_590460.py:59: error: Unexpected \"...\"  [misc]",
            "email_mirror_590460.py:59: error: \"Match\" expects 1 type argument, but 2 given  [type-arg]",
            "email_mirror_590460.py:350: error: Argument 3 to \"sub\" has incompatible type \"str | None\"; expected \"str\"  [arg-type]",
            "email_mirror_590460.py:566: error: Method \"key\" is marked as an override, but no base method was found with this name  [misc]",
            "email_mirror_590460.py:570: error: Method \"rules\" is marked as an override, but no base method was found with this name  [misc]",
            "Found 5 errors in 1 file (checked 1 source file)"
        ]
    },
    "evaluators_b911b8.py": {
        "stats": {
            "total_parameters": 124,
            "parameters_with_annotations": 124
        },
        "error_count": 0,
        "isCompiled": true,
        "errors": []
    },
    "event_schema_4d75fe.py": {
        "stats": {
            "total_parameters": 67,
            "parameters_with_annotations": 67
        },
        "error_count": 0,
        "isCompiled": true,
        "errors": []
    },
    "ewm_ef0fa0.py": {
        "stats": {
            "total_parameters": 93,
            "parameters_with_annotations": 72
        },
        "error_count": 2,
        "isCompiled": false,
        "errors": [
            "ewm_ef0fa0.py:334: note: \"__init__\" of \"ExponentialMovingWindow\" defined here",
            "ewm_ef0fa0.py:911: error: Unexpected keyword argument \"_grouper\" for \"__init__\" of \"ExponentialMovingWindow\"  [call-arg]",
            "Found 1 error in 1 file (checked 1 source file)"
        ]
    },
    "excel_26f18f.py": {
        "stats": {
            "total_parameters": 105,
            "parameters_with_annotations": 64
        },
        "error_count": 8,
        "isCompiled": false,
        "errors": [
            "excel_26f18f.py:235: error: Dict entry 0 has incompatible type \"str\": \"dict[str, bool | str | None]\"; expected \"str\": \"dict[str, str | None]\"  [dict-item]",
            "excel_26f18f.py:236: error: Dict entry 1 has incompatible type \"str\": \"dict[str, dict[str, str | None]]\"; expected \"str\": \"dict[str, str | None]\"  [dict-item]",
            "excel_26f18f.py:237: error: Dict entry 2 has incompatible type \"str\": \"dict[str, str]\"; expected \"str\": \"dict[str, str | None]\"  [dict-item]",
            "excel_26f18f.py:238: error: Dict entry 3 has incompatible type \"str\": \"dict[str, bool | float | str | None]\"; expected \"str\": \"dict[str, str | None]\"  [dict-item]",
            "excel_26f18f.py:254: error: Argument 1 to \"remove_none\" has incompatible type \"dict[str, dict[str, str | None]]\"; expected \"dict[str, str | dict[str, Any] | None]\"  [arg-type]",
            "excel_26f18f.py:254: note: \"Dict\" is invariant -- see https://mypy.readthedocs.io/en/stable/common_issues.html#variance",
            "excel_26f18f.py:254: note: Consider using \"Mapping\" instead, which is covariant in the value type",
            "excel_26f18f.py:373: error: Dict entry 0 has incompatible type \"str\": \"str | None\"; expected \"str\": \"str\"  [dict-item]",
            "Found 6 errors in 1 file (checked 1 source file)"
        ]
    },
    "exceptions_c3abb4.py": {
        "stats": {
            "total_parameters": 62,
            "parameters_with_annotations": 40
        },
        "error_count": 0,
        "isCompiled": true,
        "errors": []
    },
    "exposed_entities_a550ba.py": {
        "stats": {
            "total_parameters": 77,
            "parameters_with_annotations": 60
        },
        "error_count": 0,
        "isCompiled": true,
        "errors": []
    },
    "factory_7a7586.py": {
        "stats": {
            "total_parameters": 65,
            "parameters_with_annotations": 46
        },
        "error_count": 0,
        "isCompiled": true,
        "errors": []
    },
    "fields_c8e6d9.py": {
        "stats": {
            "total_parameters": 84,
            "parameters_with_annotations": 51
        },
        "error_count": 0,
        "isCompiled": true,
        "errors": []
    },
    "flow_engine_887be2.py": {
        "stats": {
            "total_parameters": 74,
            "parameters_with_annotations": 47
        },
        "error_count": 16,
        "isCompiled": false,
        "errors": [
            "flow_engine_887be2.py:325: error: Item \"None\" of \"Any | None\" has no attribute \"id\"  [union-attr]",
            "flow_engine_887be2.py:432: error: Incompatible types in assignment (expression has type \"BaseException\", variable has type \"Exception | type[Any]\")  [assignment]",
            "flow_engine_887be2.py:607: error: \"Logger\" has no attribute \"extra\"  [attr-defined]",
            "flow_engine_887be2.py:714: error: Item \"None\" of \"Any | None\" has no attribute \"name\"  [union-attr]",
            "flow_engine_887be2.py:730: error: Incompatible return value type (got \"Coroutine[Any, Any, None]\", expected \"R | Coroutine[Any, Any, R]\")  [return-value]",
            "flow_engine_887be2.py:829: error: Item \"None\" of \"Any | None\" has no attribute \"id\"  [union-attr]",
            "flow_engine_887be2.py:930: error: Incompatible types in assignment (expression has type \"BaseException\", variable has type \"Exception | type[Any]\")  [assignment]",
            "flow_engine_887be2.py:1099: error: \"Logger\" has no attribute \"extra\"  [attr-defined]",
            "flow_engine_887be2.py:1209: error: Item \"None\" of \"Any | None\" has no attribute \"name\"  [union-attr]",
            "flow_engine_887be2.py:1222: error: Incompatible return value type (got \"R\", expected \"Coroutine[Any, Any, R]\")  [return-value]",
            "flow_engine_887be2.py:1268: error: Value of type \"Coroutine[Any, Any, R]\" must be used  [unused-coroutine]",
            "flow_engine_887be2.py:1268: note: Are you missing an await?",
            "flow_engine_887be2.py:1307: error: Argument 1 to \"handle_success\" of \"FlowRunEngine\" has incompatible type \"None\"; expected \"R\"  [arg-type]",
            "flow_engine_887be2.py:1310: error: No return value expected  [return-value]",
            "flow_engine_887be2.py:1345: error: Argument 1 to \"handle_success\" of \"AsyncFlowRunEngine\" has incompatible type \"None\"; expected \"R\"  [arg-type]",
            "flow_engine_887be2.py:1479: error: \"BaseContext\" has no attribute \"Process\"  [attr-defined]",
            "Found 15 errors in 1 file (checked 1 source file)"
        ]
    },
    "format_84da8c.py": {
        "stats": {
            "total_parameters": 199,
            "parameters_with_annotations": 141
        },
        "error_count": 34,
        "isCompiled": false,
        "errors": [
            "format_84da8c.py:237: error: Name \"cast\" is not defined  [name-defined]",
            "format_84da8c.py:237: note: Did you forget to import it from \"typing\"? (Suggestion: \"from typing import cast\")",
            "format_84da8c.py:241: error: Value of type variable \"SupportsRichComparisonT\" of \"min\" cannot be \"int | None\"  [type-var]",
            "format_84da8c.py:246: error: Unsupported operand types for // (\"None\" and \"int\")  [operator]",
            "format_84da8c.py:246: note: Left operand is of type \"int | None\"",
            "format_84da8c.py:329: error: Name \"cast\" is not defined  [name-defined]",
            "format_84da8c.py:329: note: Did you forget to import it from \"typing\"? (Suggestion: \"from typing import cast\")",
            "format_84da8c.py:330: error: Unsupported operand types for - (\"None\" and \"int\")  [operator]",
            "format_84da8c.py:330: note: Left operand is of type \"int | None\"",
            "format_84da8c.py:338: error: Unsupported operand types for + (\"None\" and \"int\")  [operator]",
            "format_84da8c.py:338: note: Left operand is of type \"int | None\"",
            "format_84da8c.py:339: error: Unsupported operand types for + (\"None\" and \"int\")  [operator]",
            "format_84da8c.py:339: note: Left operand is of type \"int | None\"",
            "format_84da8c.py:686: error: Name \"cast\" is not defined  [name-defined]",
            "format_84da8c.py:686: note: Did you forget to import it from \"typing\"? (Suggestion: \"from typing import cast\")",
            "format_84da8c.py:704: error: Name \"cast\" is not defined  [name-defined]",
            "format_84da8c.py:704: note: Did you forget to import it from \"typing\"? (Suggestion: \"from typing import cast\")",
            "format_84da8c.py:725: error: Name \"cast\" is not defined  [name-defined]",
            "format_84da8c.py:725: note: Did you forget to import it from \"typing\"? (Suggestion: \"from typing import cast\")",
            "format_84da8c.py:726: error: Argument 1 to \"len\" has incompatible type \"bool | list[str]\"; expected \"Sized\"  [arg-type]",
            "format_84da8c.py:728: error: Argument 1 to \"len\" has incompatible type \"bool | list[str]\"; expected \"Sized\"  [arg-type]",
            "format_84da8c.py:731: error: Item \"bool\" of \"bool | list[str]\" has no attribute \"__iter__\" (not iterable)  [union-attr]",
            "format_84da8c.py:771: error: Name \"cast\" is not defined  [name-defined]",
            "format_84da8c.py:771: note: Did you forget to import it from \"typing\"? (Suggestion: \"from typing import cast\")",
            "format_84da8c.py:806: error: Name \"cast\" is not defined  [name-defined]",
            "format_84da8c.py:806: note: Did you forget to import it from \"typing\"? (Suggestion: \"from typing import cast\")",
            "format_84da8c.py:809: error: Argument 1 to \"_get_formatter\" of \"DataFrameFormatter\" has incompatible type \"str\"; expected \"int\"  [arg-type]",
            "format_84da8c.py:1106: error: Name \"cast\" is not defined  [name-defined]",
            "format_84da8c.py:1106: note: Did you forget to import it from \"typing\"? (Suggestion: \"from typing import cast\")",
            "format_84da8c.py:1109: error: Name \"cast\" is not defined  [name-defined]",
            "format_84da8c.py:1109: note: Did you forget to import it from \"typing\"? (Suggestion: \"from typing import cast\")",
            "format_84da8c.py:1112: error: Name \"cast\" is not defined  [name-defined]",
            "format_84da8c.py:1112: note: Did you forget to import it from \"typing\"? (Suggestion: \"from typing import cast\")",
            "format_84da8c.py:1140: error: Argument \"leading_space\" to \"_GenericArrayFormatter\" has incompatible type \"bool | None\"; expected \"bool\"  [arg-type]",
            "Found 20 errors in 1 file (checked 1 source file)"
        ]
    },
    "frame_manager_271dac.py": {
        "stats": {
            "total_parameters": 0,
            "parameters_with_annotations": 0
        },
        "error_count": 1,
        "isCompiled": false,
        "errors": [
            "frame_manager_271dac.py:868: error: invalid syntax; you likely need to run mypy using Python 3.10 or newer  [syntax]",
            "Found 1 error in 1 file (errors prevented further checking)"
        ]
    },
    "from_params_test_811442.py": {
        "stats": {
            "total_parameters": 213,
            "parameters_with_annotations": 98
        },
        "error_count": 6,
        "isCompiled": false,
        "errors": [
            "from_params_test_811442.py:336: error: \"type[object]\" has no attribute \"from_params\"  [attr-defined]",
            "from_params_test_811442.py:655: error: Incompatible types in assignment (expression has type \"int\", variable has type \"None\")  [assignment]",
            "from_params_test_811442.py:657: error: Incompatible types in assignment (expression has type \"dict[str, Any]\", variable has type \"None\")  [assignment]",
            "from_params_test_811442.py:688: error: Incompatible types in assignment (expression has type \"str\", variable has type \"None\")  [assignment]",
            "from_params_test_811442.py:694: error: Incompatible types in assignment (expression has type \"str\", variable has type \"None\")  [assignment]",
            "from_params_test_811442.py:700: error: Incompatible types in assignment (expression has type \"str\", variable has type \"None\")  [assignment]",
            "Found 6 errors in 1 file (checked 1 source file)"
        ]
    },
    "generic_8a9e7c.py": {
        "stats": {
            "total_parameters": 182,
            "parameters_with_annotations": 129
        },
        "error_count": 10,
        "isCompiled": false,
        "errors": [
            "generic_8a9e7c.py:887: error: Function \"generic_8a9e7c.Frame.bool\" is not valid as a type  [valid-type]",
            "generic_8a9e7c.py:887: note: Perhaps you need \"Callable[...]\" or a callback protocol?",
            "generic_8a9e7c.py:941: error: Function \"generic_8a9e7c.Frame.bool\" is not valid as a type  [valid-type]",
            "generic_8a9e7c.py:941: note: Perhaps you need \"Callable[...]\" or a callback protocol?",
            "generic_8a9e7c.py:946: error: Function \"generic_8a9e7c.Frame.bool\" is not valid as a type  [valid-type]",
            "generic_8a9e7c.py:946: note: Perhaps you need \"Callable[...]\" or a callback protocol?",
            "generic_8a9e7c.py:954: error: Function \"generic_8a9e7c.Frame.bool\" is not valid as a type  [valid-type]",
            "generic_8a9e7c.py:954: note: Perhaps you need \"Callable[...]\" or a callback protocol?",
            "generic_8a9e7c.py:978: error: Function \"generic_8a9e7c.Frame.bool\" is not valid as a type  [valid-type]",
            "generic_8a9e7c.py:978: note: Perhaps you need \"Callable[...]\" or a callback protocol?",
            "Found 5 errors in 1 file (checked 1 source file)"
        ]
    },
    "generic_a07530.py": {
        "stats": {
            "total_parameters": 189,
            "parameters_with_annotations": 132
        },
        "error_count": 4,
        "isCompiled": false,
        "errors": [
            "generic_a07530.py:243: error: Argument 1 to \"_python_agg_general\" of \"SeriesGroupBy\" has incompatible type \"Callable[..., Any] | None\"; expected \"Callable[..., Any]\"  [arg-type]",
            "generic_a07530.py:886: error: Argument 1 to \"_python_agg_general\" of \"DataFrameGroupBy\" has incompatible type \"str | Sequence[Any] | dict[Any, Any] | Callable[..., Any] | None\"; expected \"Callable[..., Any]\"  [arg-type]",
            "generic_a07530.py:888: error: Argument 1 to \"_aggregate_frame\" of \"DataFrameGroupBy\" has incompatible type \"str | Sequence[Any] | dict[Any, Any] | Callable[..., Any] | None\"; expected \"Callable[..., Any]\"  [arg-type]",
            "generic_a07530.py:896: error: Argument 1 to \"_aggregate_frame\" of \"DataFrameGroupBy\" has incompatible type \"str | Sequence[Any] | dict[Any, Any] | Callable[..., Any] | None\"; expected \"Callable[..., Any]\"  [arg-type]",
            "Found 4 errors in 1 file (checked 1 source file)"
        ]
    },
    "git_90c119.py": {
        "stats": {
            "total_parameters": 50,
            "parameters_with_annotations": 50
        },
        "error_count": 0,
        "isCompiled": true,
        "errors": []
    },
    "groupby_7dd4b2.py": {
        "stats": {
            "total_parameters": 179,
            "parameters_with_annotations": 115
        },
        "error_count": 2,
        "isCompiled": false,
        "errors": [
            "groupby_7dd4b2.py:176: error: Argument 3 to \"_spark_groupby\" of \"GroupBy\" has incompatible type \"list[Any]\"; expected \"tuple[Any, ...]\"  [arg-type]",
            "groupby_7dd4b2.py:1419: error: List comprehension has incompatible type List[tuple[Any, ...]]; expected List[tuple[Any, Any]]  [misc]",
            "Found 2 errors in 1 file (checked 1 source file)"
        ]
    },
    "header_990b83.py": {
        "stats": {
            "total_parameters": 0,
            "parameters_with_annotations": 0
        },
        "error_count": 1,
        "isCompiled": false,
        "errors": [
            "header_990b83.py:295: error: invalid syntax; you likely need to run mypy using Python 3.10 or newer  [syntax]",
            "Found 1 error in 1 file (errors prevented further checking)"
        ]
    },
    "helpers_b607a0.py": {
        "stats": {
            "total_parameters": 51,
            "parameters_with_annotations": 50
        },
        "error_count": 0,
        "isCompiled": true,
        "errors": []
    },
    "helpers_e73aba.py": {
        "stats": {
            "total_parameters": 44,
            "parameters_with_annotations": 44
        },
        "error_count": 0,
        "isCompiled": true,
        "errors": []
    },
    "hist_13f59f.py": {
        "stats": {
            "total_parameters": 107,
            "parameters_with_annotations": 92
        },
        "error_count": 0,
        "isCompiled": true,
        "errors": []
    },
    "hive_66cde7.py": {
        "stats": {
            "total_parameters": 88,
            "parameters_with_annotations": 66
        },
        "error_count": 1,
        "isCompiled": false,
        "errors": [
            "hive_66cde7.py:437: error: Missing return statement  [empty-body]",
            "Found 1 error in 1 file (checked 1 source file)"
        ]
    },
    "http1connection_0621ea.py": {
        "stats": {
            "total_parameters": 72,
            "parameters_with_annotations": 39
        },
        "error_count": 0,
        "isCompiled": true,
        "errors": []
    },
    "httpclient_e36adc.py": {
        "stats": {
            "total_parameters": 87,
            "parameters_with_annotations": 61
        },
        "error_count": 1,
        "isCompiled": false,
        "errors": [
            "httpclient_e36adc.py:307: error: invalid syntax; you likely need to run mypy using Python 3.10 or newer  [syntax]",
            "Found 1 error in 1 file (errors prevented further checking)"
        ]
    },
    "indexing_b000ec.py": {
        "stats": {
            "total_parameters": 108,
            "parameters_with_annotations": 63
        },
        "error_count": 7,
        "isCompiled": false,
        "errors": [
            "indexing_b000ec.py:458: error: Incompatible types in assignment (expression has type \"list[Any] | None\", variable has type \"list[Any]\")  [assignment]",
            "indexing_b000ec.py:609: error: \"LocIndexerLike\" has no attribute \"_sequence_col\"  [attr-defined]",
            "indexing_b000ec.py:690: error: \"LocIndexerLike\" has no attribute \"_sequence_col\"  [attr-defined]",
            "indexing_b000ec.py:695: error: Argument 1 to \"len\" has incompatible type \"list[Any] | None\"; expected \"Sized\"  [arg-type]",
            "indexing_b000ec.py:709: error: Item \"None\" of \"list[Any] | None\" has no attribute \"__iter__\" (not iterable)  [union-attr]",
            "indexing_b000ec.py:1165: error: Incompatible types in assignment (expression has type \"set[Any]\", variable has type \"list[tuple[Any, ...]] | None\")  [assignment]",
            "indexing_b000ec.py:1179: error: List comprehension has incompatible type List[Any | None]; expected List[tuple[Any, ...]]  [misc]",
            "Found 7 errors in 1 file (checked 1 source file)"
        ]
    },
    "indexing_d02a25.py": {
        "stats": {
            "total_parameters": 190,
            "parameters_with_annotations": 122
        },
        "error_count": 1,
        "isCompiled": false,
        "errors": [
            "indexing_d02a25.py:1129: error: A function returning TypeVar should receive at least one argument containing the same TypeVar  [type-var]",
            "Found 1 error in 1 file (checked 1 source file)"
        ]
    },
    "initiator_fb22e8.py": {
        "stats": {
            "total_parameters": 44,
            "parameters_with_annotations": 44
        },
        "error_count": 0,
        "isCompiled": true,
        "errors": []
    },
    "initiator_manager_26765c.py": {
        "stats": {
            "total_parameters": 65,
            "parameters_with_annotations": 65
        },
        "error_count": 0,
        "isCompiled": true,
        "errors": []
    },
    "interval_941dbf.py": {
        "stats": {
            "total_parameters": 96,
            "parameters_with_annotations": 64
        },
        "error_count": 0,
        "isCompiled": true,
        "errors": []
    },
    "kedro_data_catalog_148318.py": {
        "stats": {
            "total_parameters": 86,
            "parameters_with_annotations": 50
        },
        "error_count": 0,
        "isCompiled": true,
        "errors": []
    },
    "linegen_ea8858.py": {
        "stats": {
            "total_parameters": 137,
            "parameters_with_annotations": 109
        },
        "error_count": 0,
        "isCompiled": true,
        "errors": []
    },
    "local_b588b6.py": {
        "stats": {
            "total_parameters": 72,
            "parameters_with_annotations": 52
        },
        "error_count": 20,
        "isCompiled": false,
        "errors": [
            "local_b588b6.py:74: error: Method \"get_public_upload_root_url\" is marked as an override, but no base method was found with this name  [misc]",
            "local_b588b6.py:78: error: Method \"generate_message_upload_path\" is marked as an override, but no base method was found with this name  [misc]",
            "local_b588b6.py:90: error: Method \"upload_message_attachment\" is marked as an override, but no base method was found with this name  [misc]",
            "local_b588b6.py:101: error: Method \"save_attachment_contents\" is marked as an override, but no base method was found with this name  [misc]",
            "local_b588b6.py:106: error: Method \"attachment_vips_source\" is marked as an override, but no base method was found with this name  [misc]",
            "local_b588b6.py:113: error: Method \"delete_message_attachment\" is marked as an override, but no base method was found with this name  [misc]",
            "local_b588b6.py:117: error: Method \"all_message_attachments\" is marked as an override, but no base method was found with this name  [misc]",
            "local_b588b6.py:138: error: Method \"get_avatar_url\" is marked as an override, but no base method was found with this name  [misc]",
            "local_b588b6.py:142: error: Method \"get_avatar_contents\" is marked as an override, but no base method was found with this name  [misc]",
            "local_b588b6.py:148: error: Method \"upload_single_avatar_image\" is marked as an override, but no base method was found with this name  [misc]",
            "local_b588b6.py:160: error: Method \"delete_avatar_image\" is marked as an override, but no base method was found with this name  [misc]",
            "local_b588b6.py:166: error: Method \"get_realm_icon_url\" is marked as an override, but no base method was found with this name  [misc]",
            "local_b588b6.py:170: error: Method \"upload_realm_icon_image\" is marked as an override, but no base method was found with this name  [misc]",
            "local_b588b6.py:181: error: Method \"get_realm_logo_url\" is marked as an override, but no base method was found with this name  [misc]",
            "local_b588b6.py:189: error: Method \"upload_realm_logo_image\" is marked as an override, but no base method was found with this name  [misc]",
            "local_b588b6.py:206: error: Method \"get_emoji_url\" is marked as an override, but no base method was found with this name  [misc]",
            "local_b588b6.py:224: error: Method \"upload_single_emoji_image\" is marked as an override, but no base method was found with this name  [misc]",
            "local_b588b6.py:230: error: Method \"get_export_tarball_url\" is marked as an override, but no base method was found with this name  [misc]",
            "local_b588b6.py:235: error: Method \"upload_export_tarball\" is marked as an override, but no base method was found with this name  [misc]",
            "local_b588b6.py:253: error: Method \"delete_export_tarball\" is marked as an override, but no base method was found with this name  [misc]",
            "Found 20 errors in 1 file (checked 1 source file)"
        ]
    },
    "log_67c6cb.py": {
        "stats": {
            "total_parameters": 62,
            "parameters_with_annotations": 48
        },
        "error_count": 0,
        "isCompiled": true,
        "errors": []
    },
    "log_writer_c4397a.py": {
        "stats": {
            "total_parameters": 69,
            "parameters_with_annotations": 49
        },
        "error_count": 0,
        "isCompiled": true,
        "errors": []
    },
    "managers_6d6254.py": {
        "stats": {
            "total_parameters": 293,
            "parameters_with_annotations": 179
        },
        "error_count": 12,
        "isCompiled": false,
        "errors": [
            "managers_6d6254.py:737: error: Trying to assign name \"_is_consolidated\" that is not in \"__slots__\" of type \"managers_6d6254.BaseBlockManager\"  [misc]",
            "managers_6d6254.py:888: error: Argument 1 to \"enumerate\" has incompatible type \"slice | Any\"; expected \"Iterable[Any]\"  [arg-type]",
            "managers_6d6254.py:1255: error: Unsupported target for indexed assignment (\"Any | None\")  [index]",
            "managers_6d6254.py:1258: error: Unsupported target for indexed assignment (\"Any | None\")  [index]",
            "managers_6d6254.py:1620: error: Trying to assign name \"axes\" that is not in \"__slots__\" of type \"managers_6d6254.SingleBlockManager\"  [misc]",
            "managers_6d6254.py:1621: error: Trying to assign name \"blocks\" that is not in \"__slots__\" of type \"managers_6d6254.SingleBlockManager\"  [misc]",
            "managers_6d6254.py:1681: error: Trying to assign name \"axes\" that is not in \"__slots__\" of type \"managers_6d6254.SingleBlockManager\"  [misc]",
            "managers_6d6254.py:1683: error: Trying to assign name \"blocks\" that is not in \"__slots__\" of type \"managers_6d6254.SingleBlockManager\"  [misc]",
            "managers_6d6254.py:1771: error: Trying to assign name \"blocks\" that is not in \"__slots__\" of type \"managers_6d6254.SingleBlockManager\"  [misc]",
            "managers_6d6254.py:1786: error: Trying to assign name \"blocks\" that is not in \"__slots__\" of type \"managers_6d6254.SingleBlockManager\"  [misc]",
            "managers_6d6254.py:1927: error: Name \"Iterable\" is not defined  [name-defined]",
            "managers_6d6254.py:1927: note: Did you forget to import it from \"typing\"? (Suggestion: \"from typing import Iterable\")",
            "Found 11 errors in 1 file (checked 1 source file)"
        ]
    },
    "manifest_0eeebb.py": {
        "stats": {
            "total_parameters": 0,
            "parameters_with_annotations": 0
        },
        "error_count": 1,
        "isCompiled": false,
        "errors": [
            "manifest_0eeebb.py:364: error: invalid syntax; you likely need to run mypy using Python 3.10 or newer  [syntax]",
            "Found 1 error in 1 file (errors prevented further checking)"
        ]
    },
    "manifest_47c52e.py": {
        "stats": {
            "total_parameters": 339,
            "parameters_with_annotations": 211
        },
        "error_count": 11,
        "isCompiled": false,
        "errors": [
            "manifest_47c52e.py:551: error: Incompatible return value type (got \"tuple[Mapping[Any, list[Any]], Mapping[Any, list[Any]]]\", expected \"tuple[dict[str, list[str]], dict[str, list[str]]]\")  [return-value]",
            "manifest_47c52e.py:563: error: Incompatible return value type (got \"Mapping[Any, list[Any]]\", expected \"dict[str, list[str]]\")  [return-value]",
            "manifest_47c52e.py:809: error: Argument 1 to \"_build_macros_by_name\" of \"MacroMethods\" has incompatible type \"list[Any]\"; expected \"Mapping[str, Any]\"  [arg-type]",
            "manifest_47c52e.py:828: error: Argument 1 to \"_build_macros_by_package\" of \"MacroMethods\" has incompatible type \"list[Any]\"; expected \"Mapping[str, Any]\"  [arg-type]",
            "manifest_47c52e.py:867: error: Incompatible types in assignment (expression has type \"MutableMapping[str, Any]\", base class \"MacroMethods\" defined the type as \"list[Any]\")  [assignment]",
            "manifest_47c52e.py:1013: error: Incompatible types in assignment (expression has type \"MacroCandidate | None\", variable has type \"MaterializationCandidate | None\")  [assignment]",
            "manifest_47c52e.py:1031: error: Incompatible types in assignment (expression has type \"MacroCandidate | None\", variable has type \"MaterializationCandidate | None\")  [assignment]",
            "manifest_47c52e.py:1627: error: Argument 1 of \"__reduce_ex__\" is incompatible with supertype \"object\"; supertype defines the argument type as \"SupportsIndex\"  [override]",
            "manifest_47c52e.py:1627: note: This violates the Liskov substitution principle",
            "manifest_47c52e.py:1627: note: See https://mypy.readthedocs.io/en/stable/common_issues.html#incompatible-overrides",
            "manifest_47c52e.py:1676: error: Incompatible types in assignment (expression has type \"Mapping[str, Any]\", variable has type \"list[Any]\")  [assignment]",
            "Found 9 errors in 1 file (checked 1 source file)"
        ]
    },
    "mediation_fee_f1a080.py": {
        "stats": {
            "total_parameters": 47,
            "parameters_with_annotations": 41
        },
        "error_count": 0,
        "isCompiled": true,
        "errors": []
    },
    "mediator_edd547.py": {
        "stats": {
            "total_parameters": 123,
            "parameters_with_annotations": 123
        },
        "error_count": 3,
        "isCompiled": false,
        "errors": [
            "mediator_edd547.py:334: error: Name \"cast\" is not defined  [name-defined]",
            "mediator_edd547.py:334: note: Did you forget to import it from \"typing\"? (Suggestion: \"from typing import cast\")",
            "mediator_edd547.py:1486: error: Name \"typecheck\" is not defined  [name-defined]",
            "Found 2 errors in 1 file (checked 1 source file)"
        ]
    },
    "merge_f40757.py": {
        "stats": {
            "total_parameters": 199,
            "parameters_with_annotations": 172
        },
        "error_count": 11,
        "isCompiled": false,
        "errors": [
            "merge_f40757.py:1586: error: List item 0 has incompatible type \"Sequence[str]\"; expected \"str\"  [list-item]",
            "merge_f40757.py:1588: error: List item 0 has incompatible type \"str | Sequence[str] | None\"; expected \"str\"  [list-item]",
            "merge_f40757.py:1590: error: Argument 1 to \"len\" has incompatible type \"str | Sequence[str] | None\"; expected \"Sized\"  [arg-type]",
            "merge_f40757.py:1593: error: Unsupported left operand type for + (\"Sequence[str]\")  [operator]",
            "merge_f40757.py:1594: error: Unsupported left operand type for + (\"Sequence[str]\")  [operator]",
            "merge_f40757.py:1594: error: Unsupported left operand type for + (\"None\")  [operator]",
            "merge_f40757.py:1594: note: Left operand is of type \"str | Sequence[str] | None\"",
            "merge_f40757.py:1594: error: Unsupported operand types for + (\"str\" and \"list[Any]\")  [operator]",
            "merge_f40757.py:1596: error: Incompatible return value type (got \"tuple[Any, str | Any | list[Any]]\", expected \"tuple[list[Any], list[Any]]\")  [return-value]",
            "merge_f40757.py:1749: error: \"None\" not callable  [misc]",
            "merge_f40757.py:1759: error: \"None\" not callable  [misc]",
            "Found 10 errors in 1 file (checked 1 source file)"
        ]
    },
    "message_6587fb.py": {
        "stats": {
            "total_parameters": 97,
            "parameters_with_annotations": 97
        },
        "error_count": 0,
        "isCompiled": true,
        "errors": []
    },
    "message_cache_dbda93.py": {
        "stats": {
            "total_parameters": 49,
            "parameters_with_annotations": 49
        },
        "error_count": 0,
        "isCompiled": true,
        "errors": []
    },
    "message_edit_6be856.py": {
        "stats": {
            "total_parameters": 61,
            "parameters_with_annotations": 61
        },
        "error_count": 0,
        "isCompiled": true,
        "errors": []
    },
    "message_send_b7048c.py": {
        "stats": {
            "total_parameters": 156,
            "parameters_with_annotations": 156
        },
        "error_count": 0,
        "isCompiled": true,
        "errors": []
    },
    "_arrow_string_mixins_7654a8.py": {
        "stats": {
            "total_parameters": 82,
            "parameters_with_annotations": 46
        },
        "error_count": 0,
        "isCompiled": true,
        "errors": []
    },
    "_client_5a9e7d.py": {
        "stats": {
            "total_parameters": 0,
            "parameters_with_annotations": 0
        },
        "error_count": 1,
        "isCompiled": false,
        "errors": [
            "_client_5a9e7d.py:1: error: unexpected indent  [syntax]",
            "Found 1 error in 1 file (errors prevented further checking)"
        ]
    },
    "_compat_bfcdb3.py": {
        "stats": {
            "total_parameters": 56,
            "parameters_with_annotations": 47
        },
        "error_count": 5,
        "isCompiled": false,
        "errors": [
            "_compat_bfcdb3.py:431: error: All conditional function variants must have identical signatures  [misc]",
            "_compat_bfcdb3.py:431: note: Original:",
            "_compat_bfcdb3.py:431: note:     def _normalize_errors(errors: Sequence[Any]) -> list[dict[str, Any]]",
            "_compat_bfcdb3.py:431: note: Redefinition:",
            "_compat_bfcdb3.py:431: note:     def _normalize_errors(errors: Any) -> list[dict[str, Any]]",
            "Found 1 error in 1 file (checked 1 source file)"
        ]
    },
    "_misc_3826f1.py": {
        "stats": {
            "total_parameters": 59,
            "parameters_with_annotations": 51
        },
        "error_count": 0,
        "isCompiled": true,
        "errors": []
    },
    "_models_dd672f.py": {
        "stats": {
            "total_parameters": 142,
            "parameters_with_annotations": 60
        },
        "error_count": 12,
        "isCompiled": false,
        "errors": [
            "_models_dd672f.py:346: error: Argument 1 of \"__contains__\" is incompatible with supertype \"Mapping\"; supertype defines the argument type as \"object\"  [override]",
            "_models_dd672f.py:346: note: This violates the Liskov substitution principle",
            "_models_dd672f.py:346: note: See https://mypy.readthedocs.io/en/stable/common_issues.html#incompatible-overrides",
            "_models_dd672f.py:346: error: Argument 1 of \"__contains__\" is incompatible with supertype \"Container\"; supertype defines the argument type as \"object\"  [override]",
            "_models_dd672f.py:1143: error: Signature of \"get\" incompatible with supertype \"Mapping\"  [override]",
            "_models_dd672f.py:1143: note:      Superclass:",
            "_models_dd672f.py:1143: note:          @overload",
            "_models_dd672f.py:1143: note:          def get(self, str, /) -> str | None",
            "_models_dd672f.py:1143: note:          @overload",
            "_models_dd672f.py:1143: note:          def [_T] get(self, str, /, default: str | _T) -> str | _T",
            "_models_dd672f.py:1143: note:      Subclass:",
            "_models_dd672f.py:1143: note:          def get(self, name: str, default: str | None = ..., domain: str | None = ..., path: str | None = ...) -> str | None",
            "Found 3 errors in 1 file (checked 1 source file)"
        ]
    },
    "_parser_ad554d.py": {
        "stats": {
            "total_parameters": 78,
            "parameters_with_annotations": 70
        },
        "error_count": 5,
        "isCompiled": false,
        "errors": [
            "_parser_ad554d.py:326: error: Too many values to unpack (2 expected, 3 provided)  [misc]",
            "_parser_ad554d.py:327: error: Cannot determine type of \"key\"  [has-type]",
            "_parser_ad554d.py:328: error: Cannot determine type of \"key\"  [has-type]",
            "_parser_ad554d.py:334: error: Cannot determine type of \"key\"  [has-type]",
            "_parser_ad554d.py:351: error: Cannot determine type of \"key\"  [has-type]",
            "Found 5 errors in 1 file (checked 1 source file)"
        ]
    },
    "__init___4ea406.py": {
        "stats": {
            "total_parameters": 73,
            "parameters_with_annotations": 52
        },
        "error_count": 2,
        "isCompiled": false,
        "errors": [
            "__init___4ea406.py:278: error: Incompatible return value type (got \"dict[str, bool | str | dict[str, Any] | None]\", expected \"PanelRespons\")  [return-value]",
            "__init___4ea406.py:844: error: Name \"TypedDict\" is not defined  [name-defined]",
            "Found 2 errors in 1 file (checked 1 source file)"
        ]
    },
    "__init___7dd003.py": {
        "stats": {
            "total_parameters": 64,
            "parameters_with_annotations": 64
        },
        "error_count": 0,
        "isCompiled": true,
        "errors": []
    },
    "__init___ee7b0d.py": {
        "stats": {
            "total_parameters": 36,
            "parameters_with_annotations": 36
        },
        "error_count": 0,
        "isCompiled": true,
        "errors": []
    }
}