{
    "accessories_b90bda.py": {
        "stats": {
            "total_parameters": 57,
            "parameters_with_annotations": 37
        },
        "error_count": 0,
        "isCompiled": true,
        "errors": []
    },
    "accessor_9a03f0.py": {
        "stats": {
            "total_parameters": 22,
            "parameters_with_annotations": 20
        },
        "error_count": 0,
        "isCompiled": true,
        "errors": []
    },
    "aiokafka_d62f1d.py": {
        "stats": {
            "total_parameters": 93,
            "parameters_with_annotations": 46
        },
        "error_count": 5,
        "isCompiled": false,
        "errors": [
            "aiokafka_d62f1d.py:871: error: Cannot determine type of \"partitioner\"  [has-type]",
            "aiokafka_d62f1d.py:1025: error: Incompatible types in assignment (expression has type \"float | None\", variable has type \"int | None\")  [assignment]",
            "aiokafka_d62f1d.py:1044: error: Incompatible default for argument \"transactional_id\" (default has type \"None\", argument has type \"str\")  [assignment]",
            "aiokafka_d62f1d.py:1044: note: PEP 484 prohibits implicit Optional. Accordingly, mypy has changed its default to no_implicit_optional=True",
            "aiokafka_d62f1d.py:1044: note: Use https://github.com/hauntsaninja/no_implicit_optional to automatically upgrade your codebase",
            "Found 3 errors in 1 file (checked 1 source file)"
        ]
    },
    "algorithms_faa87b.py": {
        "stats": {
            "total_parameters": 70,
            "parameters_with_annotations": 70
        },
        "error_count": 6,
        "isCompiled": false,
        "errors": [
            "algorithms_faa87b.py:1319: error: \"int\" has no attribute \"is_integer\"  [attr-defined]",
            "algorithms_faa87b.py:1663: error: Argument 1 to \"len\" has incompatible type \"Mapping[Any, Any] | Callable[[Any], Any]\"; expected \"Sized\"  [arg-type]",
            "algorithms_faa87b.py:1674: error: Item \"Mapping[Any, Any]\" of \"Mapping[Any, Any] | Any | Callable[[Any], Any]\" has no attribute \"index\"  [union-attr]",
            "algorithms_faa87b.py:1674: error: Item \"function\" of \"Mapping[Any, Any] | Any | Callable[[Any], Any]\" has no attribute \"index\"  [union-attr]",
            "algorithms_faa87b.py:1675: error: Item \"Mapping[Any, Any]\" of \"Mapping[Any, Any] | Any | Callable[[Any], Any]\" has no attribute \"_values\"  [union-attr]",
            "algorithms_faa87b.py:1675: error: Item \"function\" of \"Mapping[Any, Any] | Any | Callable[[Any], Any]\" has no attribute \"_values\"  [union-attr]",
            "Found 6 errors in 1 file (checked 1 source file)"
        ]
    },
    "api_cbdcbd.py": {
        "stats": {
            "total_parameters": 49,
            "parameters_with_annotations": 49
        },
        "error_count": 1,
        "isCompiled": false,
        "errors": [
            "api_cbdcbd.py:150: error: Module has no attribute \"timeout\"  [attr-defined]",
            "Found 1 error in 1 file (checked 1 source file)"
        ]
    },
    "api_tests_78614f.py": {
        "stats": {
            "total_parameters": 95,
            "parameters_with_annotations": 94
        },
        "error_count": 0,
        "isCompiled": true,
        "errors": []
    },
    "api_test_5baf5c.py": {
        "stats": {
            "total_parameters": 172,
            "parameters_with_annotations": 172
        },
        "error_count": 0,
        "isCompiled": true,
        "errors": []
    },
    "appgraph_e5732d.py": {
        "stats": {
            "total_parameters": 126,
            "parameters_with_annotations": 91
        },
        "error_count": 0,
        "isCompiled": true,
        "errors": []
    },
    "applications_c5af27.py": {
        "stats": {
            "total_parameters": 54,
            "parameters_with_annotations": 40
        },
        "error_count": 1,
        "isCompiled": false,
        "errors": [
            "applications_c5af27.py:246: error: Argument \"dispatch\" to \"add_middleware\" of \"Starlette\" has incompatible type \"Callable[..., Any]\"; expected <nothing>  [arg-type]",
            "Found 1 error in 1 file (checked 1 source file)"
        ]
    },
    "app_c89ec6.py": {
        "stats": {
            "total_parameters": 103,
            "parameters_with_annotations": 40
        },
        "error_count": 3,
        "isCompiled": false,
        "errors": [
            "app_c89ec6.py:236: error: Incompatible default for argument \"pattern\" (default has type \"None\", argument has type \"str | Pattern[Any]\")  [assignment]",
            "app_c89ec6.py:236: note: PEP 484 prohibits implicit Optional. Accordingly, mypy has changed its default to no_implicit_optional=True",
            "app_c89ec6.py:236: note: Use https://github.com/hauntsaninja/no_implicit_optional to automatically upgrade your codebase",
            "Found 1 error in 1 file (checked 1 source file)"
        ]
    },
    "app_e5f00c.py": {
        "stats": {
            "total_parameters": 44,
            "parameters_with_annotations": 44
        },
        "error_count": 0,
        "isCompiled": true,
        "errors": []
    },
    "asserters_700def.py": {
        "stats": {
            "total_parameters": 129,
            "parameters_with_annotations": 129
        },
        "error_count": 5,
        "isCompiled": false,
        "errors": [
            "asserters_700def.py:113: error: Argument \"check_dtype\" to \"assert_series_equal\" has incompatible type \"bool | Literal['equiv']\"; expected \"bool\"  [arg-type]",
            "asserters_700def.py:449: error: Argument \"exact\" to \"assert_index_equal\" has incompatible type \"bool | str\"; expected \"bool | Literal['equiv']\"  [arg-type]",
            "asserters_700def.py:460: error: Argument \"exact\" to \"assert_index_equal\" has incompatible type \"bool | str\"; expected \"bool | Literal['equiv']\"  [arg-type]",
            "asserters_700def.py:465: error: Argument \"exact\" to \"assert_index_equal\" has incompatible type \"bool | str\"; expected \"bool | Literal['equiv']\"  [arg-type]",
            "asserters_700def.py:1068: error: Argument \"check_dtype\" to \"assert_series_equal\" has incompatible type \"bool | Literal['equiv']\"; expected \"bool\"  [arg-type]",
            "Found 5 errors in 1 file (checked 1 source file)"
        ]
    },
    "attention_module_7f6559.py": {
        "stats": {
            "total_parameters": 94,
            "parameters_with_annotations": 78
        },
        "error_count": 2,
        "isCompiled": false,
        "errors": [
            "attention_module_7f6559.py:245: error: Incompatible return value type (got \"tuple[Any, Tensor | None]\", expected \"tuple[Tensor, Tensor]\")  [return-value]",
            "attention_module_7f6559.py:358: error: Incompatible types in assignment (expression has type \"None\", variable has type \"Tensor\")  [assignment]",
            "Found 2 errors in 1 file (checked 1 source file)"
        ]
    },
    "auth_d8f17e.py": {
        "stats": {
            "total_parameters": 55,
            "parameters_with_annotations": 40
        },
        "error_count": 2,
        "isCompiled": false,
        "errors": [
            "auth_d8f17e.py:183: error: Incompatible types in assignment (expression has type \"set[str]\", variable has type \"list[str]\")  [assignment]",
            "auth_d8f17e.py:186: error: Unsupported left operand type for - (\"list[str]\")  [operator]",
            "Found 2 errors in 1 file (checked 1 source file)"
        ]
    },
    "awsclient_860c67.py": {
        "stats": {
            "total_parameters": 417,
            "parameters_with_annotations": 293
        },
        "error_count": 0,
        "isCompiled": true,
        "errors": []
    },
    "base_6106b5.py": {
        "stats": {
            "total_parameters": 160,
            "parameters_with_annotations": 57
        },
        "error_count": 14,
        "isCompiled": false,
        "errors": [
            "base_6106b5.py:523: error: Cannot determine type of \"on_before_configured\"  [has-type]",
            "base_6106b5.py:524: error: Cannot determine type of \"on_configured\"  [has-type]",
            "base_6106b5.py:526: error: Cannot determine type of \"on_after_configured\"  [has-type]",
            "base_6106b5.py:528: error: Cannot determine type of \"on_partitions_assigned\"  [has-type]",
            "base_6106b5.py:530: error: Cannot determine type of \"on_partitions_revoked\"  [has-type]",
            "base_6106b5.py:531: error: Cannot determine type of \"on_worker_init\"  [has-type]",
            "base_6106b5.py:533: error: Cannot determine type of \"on_rebalance_complete\"  [has-type]",
            "base_6106b5.py:535: error: Cannot determine type of \"on_before_shutdown\"  [has-type]",
            "base_6106b5.py:537: error: Cannot determine type of \"on_produce_message\"  [has-type]",
            "base_6106b5.py:660: error: Cannot determine type of \"finalized\"  [has-type]",
            "base_6106b5.py:660: error: Cannot determine type of \"configured\"  [has-type]",
            "base_6106b5.py:662: error: Cannot determine type of \"configured\"  [has-type]",
            "base_6106b5.py:675: error: Cannot determine type of \"finalized\"  [has-type]",
            "base_6106b5.py:1350: error: Function \"fun\" could always be true in boolean context  [truthy-function]",
            "Found 14 errors in 1 file (checked 1 source file)"
        ]
    },
    "base_6a0ea7.py": {
        "stats": {
            "total_parameters": 70,
            "parameters_with_annotations": 47
        },
        "error_count": 0,
        "isCompiled": true,
        "errors": []
    },
    "base_949c11.py": {
        "stats": {
            "total_parameters": 159,
            "parameters_with_annotations": 111
        },
        "error_count": 0,
        "isCompiled": true,
        "errors": []
    },
    "base_9c14fc.py": {
        "stats": {
            "total_parameters": 114,
            "parameters_with_annotations": 58
        },
        "error_count": 0,
        "isCompiled": true,
        "errors": []
    },
    "base_b5c467.py": {
        "stats": {
            "total_parameters": 87,
            "parameters_with_annotations": 56
        },
        "error_count": 0,
        "isCompiled": true,
        "errors": []
    },
    "base_bb93b4.py": {
        "stats": {
            "total_parameters": 128,
            "parameters_with_annotations": 77
        },
        "error_count": 0,
        "isCompiled": true,
        "errors": []
    },
    "base_tests_a1e90e.py": {
        "stats": {
            "total_parameters": 119,
            "parameters_with_annotations": 94
        },
        "error_count": 0,
        "isCompiled": true,
        "errors": []
    },
    "beam_search_b3623d.py": {
        "stats": {
            "total_parameters": 131,
            "parameters_with_annotations": 97
        },
        "error_count": 1,
        "isCompiled": false,
        "errors": [
            "beam_search_b3623d.py:596: error: Incompatible types in assignment (expression has type \"int | float\", variable has type \"int\")  [assignment]",
            "Found 1 error in 1 file (checked 1 source file)"
        ]
    },
    "blocks_3a122c.py": {
        "stats": {
            "total_parameters": 211,
            "parameters_with_annotations": 126
        },
        "error_count": 1,
        "isCompiled": false,
        "errors": [
            "blocks_3a122c.py:233: error: Trying to assign name \"_mgr_locs\" that is not in \"__slots__\" of type \"blocks_3a122c.Block\"  [misc]",
            "Found 1 error in 1 file (checked 1 source file)"
        ]
    },
    "btanalysis_7decb4.py": {
        "stats": {
            "total_parameters": 50,
            "parameters_with_annotations": 50
        },
        "error_count": 2,
        "isCompiled": false,
        "errors": [
            "btanalysis_7decb4.py:149: error: Item \"str\" of \"Path | str\" has no attribute \"open\"  [union-attr]",
            "btanalysis_7decb4.py:196: error: Incompatible types in assignment (expression has type \"str\", variable has type \"Literal['metadata', 'strategy']\")  [assignment]",
            "Found 2 errors in 1 file (checked 1 source file)"
        ]
    },
    "cache_83a043.py": {
        "stats": {
            "total_parameters": 84,
            "parameters_with_annotations": 82
        },
        "error_count": 0,
        "isCompiled": true,
        "errors": []
    },
    "call_824067.py": {
        "stats": {
            "total_parameters": 68,
            "parameters_with_annotations": 50
        },
        "error_count": 0,
        "isCompiled": true,
        "errors": []
    },
    "channels_8e6ab8.py": {
        "stats": {
            "total_parameters": 77,
            "parameters_with_annotations": 44
        },
        "error_count": 0,
        "isCompiled": true,
        "errors": []
    },
    "channel_43e477.py": {
        "stats": {
            "total_parameters": 274,
            "parameters_with_annotations": 274
        },
        "error_count": 0,
        "isCompiled": true,
        "errors": []
    },
    "classification_92cb06.py": {
        "stats": {
            "total_parameters": 0,
            "parameters_with_annotations": 0
        },
        "error_count": 1,
        "isCompiled": false,
        "errors": [
            "classification_92cb06.py:538: error: invalid syntax; you likely need to run mypy using Python 3.10 or newer  [syntax]",
            "Found 1 error in 1 file (errors prevented further checking)"
        ]
    },
    "client_1e3c0a.py": {
        "stats": {
            "total_parameters": 55,
            "parameters_with_annotations": 41
        },
        "error_count": 0,
        "isCompiled": true,
        "errors": []
    },
    "common_4a17c0.py": {
        "stats": {
            "total_parameters": 41,
            "parameters_with_annotations": 41
        },
        "error_count": 4,
        "isCompiled": false,
        "errors": [
            "common_4a17c0.py:113: error: Incompatible types in assignment (expression has type \"str\", target has type \"bool\")  [assignment]",
            "common_4a17c0.py:131: error: Incompatible types in assignment (expression has type \"str\", target has type \"float\")  [assignment]",
            "common_4a17c0.py:235: error: Incompatible types in assignment (expression has type \"float\", target has type \"str\")  [assignment]",
            "common_4a17c0.py:259: error: Incompatible types in assignment (expression has type \"Any | Literal[True]\", target has type \"str\")  [assignment]",
            "Found 4 errors in 1 file (checked 1 source file)"
        ]
    },
    "compilation_283ca2.py": {
        "stats": {
            "total_parameters": 83,
            "parameters_with_annotations": 58
        },
        "error_count": 0,
        "isCompiled": true,
        "errors": []
    },
    "confluent_3b2473.py": {
        "stats": {
            "total_parameters": 58,
            "parameters_with_annotations": 36
        },
        "error_count": 0,
        "isCompiled": true,
        "errors": []
    },
    "construction_4e8f89.py": {
        "stats": {
            "total_parameters": 60,
            "parameters_with_annotations": 60
        },
        "error_count": 0,
        "isCompiled": true,
        "errors": []
    },
    "consumer_fa3d87.py": {
        "stats": {
            "total_parameters": 0,
            "parameters_with_annotations": 0
        },
        "error_count": 1,
        "isCompiled": false,
        "errors": [
            "consumer_fa3d87.py:473: error: invalid syntax; you likely need to run mypy using Python 3.10 or newer  [syntax]",
            "Found 1 error in 1 file (errors prevented further checking)"
        ]
    },
    "context_config_b7e80b.py": {
        "stats": {
            "total_parameters": 93,
            "parameters_with_annotations": 64
        },
        "error_count": 1,
        "isCompiled": false,
        "errors": [
            "context_config_b7e80b.py:33: error: Missing return statement  [empty-body]",
            "Found 1 error in 1 file (checked 1 source file)"
        ]
    },
    "coordinator_e4c72e.py": {
        "stats": {
            "total_parameters": 53,
            "parameters_with_annotations": 36
        },
        "error_count": 0,
        "isCompiled": true,
        "errors": []
    },
    "cover_ccbdb1.py": {
        "stats": {
            "total_parameters": 134,
            "parameters_with_annotations": 66
        },
        "error_count": 5,
        "isCompiled": false,
        "errors": [
            "cover_ccbdb1.py:596: error: Cannot determine type of \"_attr_unique_id\"  [has-type]",
            "cover_ccbdb1.py:633: error: Cannot determine type of \"_attr_unique_id\"  [has-type]",
            "cover_ccbdb1.py:741: error: Cannot determine type of \"_attr_unique_id\"  [has-type]",
            "cover_ccbdb1.py:805: error: Cannot determine type of \"_attr_unique_id\"  [has-type]",
            "cover_ccbdb1.py:861: error: Cannot determine type of \"_attr_unique_id\"  [has-type]",
            "Found 5 errors in 1 file (checked 1 source file)"
        ]
    },
    "create_user_36a545.py": {
        "stats": {
            "total_parameters": 40,
            "parameters_with_annotations": 40
        },
        "error_count": 0,
        "isCompiled": true,
        "errors": []
    },
    "create_user_5beae0.py": {
        "stats": {
            "total_parameters": 39,
            "parameters_with_annotations": 39
        },
        "error_count": 0,
        "isCompiled": true,
        "errors": []
    },
    "custom_profile_fields_ccef17.py": {
        "stats": {
            "total_parameters": 36,
            "parameters_with_annotations": 36
        },
        "error_count": 0,
        "isCompiled": true,
        "errors": []
    },
    "dataclasses_a27d2a.py": {
        "stats": {
            "total_parameters": 47,
            "parameters_with_annotations": 37
        },
        "error_count": 6,
        "isCompiled": false,
        "errors": [
            "dataclasses_a27d2a.py:57: error: Name \"TYPE_CHECKING\" is not defined  [name-defined]",
            "dataclasses_a27d2a.py:213: error: No overload variant of \"dataclass\" matches argument types \"type[Any]\", \"bool\", \"bool\", \"bool\", \"bool\", \"bool\", \"bool\", \"bool\"  [call-overload]",
            "dataclasses_a27d2a.py:213: note: Possible overload variants:",
            "dataclasses_a27d2a.py:213: note:     def dataclass(None, /) -> Callable[[type[_T]], type[_T]]",
            "dataclasses_a27d2a.py:213: note:     def [_T] dataclass(type[_T], /) -> type[_T]",
            "dataclasses_a27d2a.py:213: note:     def dataclass(*, init: bool = ..., repr: bool = ..., eq: bool = ..., order: bool = ..., unsafe_hash: bool = ..., frozen: bool = ..., match_args: bool = ..., kw_only: bool = ..., slots: bool = ...) -> Callable[[type[_T]], type[_T]]",
            "Found 2 errors in 1 file (checked 1 source file)"
        ]
    },
    "datadog_c5ba7b.py": {
        "stats": {
            "total_parameters": 131,
            "parameters_with_annotations": 93
        },
        "error_count": 0,
        "isCompiled": true,
        "errors": []
    },
    "dataprovider_a0d211.py": {
        "stats": {
            "total_parameters": 85,
            "parameters_with_annotations": 58
        },
        "error_count": 0,
        "isCompiled": true,
        "errors": []
    },
    "datastructures_0a7b11.py": {
        "stats": {
            "total_parameters": 142,
            "parameters_with_annotations": 54
        },
        "error_count": 11,
        "isCompiled": false,
        "errors": [
            "datastructures_0a7b11.py:233: error: Signature of \"__getitem__\" incompatible with supertype \"Sequence\"  [override]",
            "datastructures_0a7b11.py:233: note:      Superclass:",
            "datastructures_0a7b11.py:233: note:          @overload",
            "datastructures_0a7b11.py:233: note:          def __getitem__(self, int, /) -> str",
            "datastructures_0a7b11.py:233: note:          @overload",
            "datastructures_0a7b11.py:233: note:          def __getitem__(self, slice, /) -> Sequence[str]",
            "datastructures_0a7b11.py:233: note:      Subclass:",
            "datastructures_0a7b11.py:233: note:          def __getitem__(self, int | slice, /) -> str | list[str]",
            "datastructures_0a7b11.py:513: error: Return type \"list[str]\" of \"keys\" incompatible with return type \"KeysView[str]\" in supertype \"Mapping\"  [override]",
            "datastructures_0a7b11.py:516: error: Return type \"list[str]\" of \"values\" incompatible with return type \"ValuesView[str]\" in supertype \"Mapping\"  [override]",
            "datastructures_0a7b11.py:519: error: Return type \"list[tuple[str, str]]\" of \"items\" incompatible with return type \"ItemsView[str, str]\" in supertype \"Mapping\"  [override]",
            "Found 4 errors in 1 file (checked 1 source file)"
        ]
    },
    "data_catalog_8d7fcf.py": {
        "stats": {
            "total_parameters": 59,
            "parameters_with_annotations": 36
        },
        "error_count": 1,
        "isCompiled": false,
        "errors": [
            "data_catalog_8d7fcf.py:517: error: Argument 1 to \"_FrozenDatasets\" has incompatible type \"_FrozenDatasets | None\"; expected \"_FrozenDatasets | dict[str, Any]\"  [arg-type]",
            "Found 1 error in 1 file (checked 1 source file)"
        ]
    },
    "debug_info_f902e5.py": {
        "stats": {
            "total_parameters": 36,
            "parameters_with_annotations": 36
        },
        "error_count": 2,
        "isCompiled": false,
        "errors": [
            "debug_info_f902e5.py:152: error: Module has no attribute \"UTC\"  [attr-defined]",
            "debug_info_f902e5.py:170: error: Module has no attribute \"UTC\"  [attr-defined]",
            "Found 2 errors in 1 file (checked 1 source file)"
        ]
    },
    "dockerutils_6badca.py": {
        "stats": {
            "total_parameters": 55,
            "parameters_with_annotations": 42
        },
        "error_count": 0,
        "isCompiled": true,
        "errors": []
    },
    "email_mirror_590460.py": {
        "stats": {
            "total_parameters": 52,
            "parameters_with_annotations": 49
        },
        "error_count": 5,
        "isCompiled": false,
        "errors": [
            "email_mirror_590460.py:226: error: Name \"get_system_bot\" is not defined  [name-defined]",
            "email_mirror_590460.py:350: error: Argument 3 to \"sub\" has incompatible type \"str | None\"; expected \"str\"  [arg-type]",
            "email_mirror_590460.py:446: error: Name \"get_system_bot\" is not defined  [name-defined]",
            "email_mirror_590460.py:567: error: Method \"key\" is marked as an override, but no base method was found with this name  [misc]",
            "email_mirror_590460.py:571: error: Method \"rules\" is marked as an override, but no base method was found with this name  [misc]",
            "Found 5 errors in 1 file (checked 1 source file)"
        ]
    },
    "evaluators_b911b8.py": {
        "stats": {
            "total_parameters": 124,
            "parameters_with_annotations": 124
        },
        "error_count": 0,
        "isCompiled": true,
        "errors": []
    },
    "event_schema_4d75fe.py": {
        "stats": {
            "total_parameters": 67,
            "parameters_with_annotations": 67
        },
        "error_count": 0,
        "isCompiled": true,
        "errors": []
    },
    "ewm_ef0fa0.py": {
        "stats": {
            "total_parameters": 93,
            "parameters_with_annotations": 72
        },
        "error_count": 3,
        "isCompiled": false,
        "errors": [
            "ewm_ef0fa0.py:57: error: Name \"TYPE_CHECKING\" is not defined  [name-defined]",
            "ewm_ef0fa0.py:331: note: \"__init__\" of \"ExponentialMovingWindow\" defined here",
            "ewm_ef0fa0.py:907: error: Unexpected keyword argument \"_grouper\" for \"__init__\" of \"ExponentialMovingWindow\"  [call-arg]",
            "Found 2 errors in 1 file (checked 1 source file)"
        ]
    },
    "excel_26f18f.py": {
        "stats": {
            "total_parameters": 105,
            "parameters_with_annotations": 64
        },
        "error_count": 2,
        "isCompiled": false,
        "errors": [
            "excel_26f18f.py:254: error: Incompatible return value type (got \"dict[str, object]\", expected \"dict[str, dict[str, str]]\")  [return-value]",
            "excel_26f18f.py:371: error: Dict entry 0 has incompatible type \"str\": \"str | None\"; expected \"str\": \"str\"  [dict-item]",
            "Found 2 errors in 1 file (checked 1 source file)"
        ]
    },
    "exceptions_c3abb4.py": {
        "stats": {
            "total_parameters": 62,
            "parameters_with_annotations": 40
        },
        "error_count": 0,
        "isCompiled": true,
        "errors": []
    },
    "exposed_entities_a550ba.py": {
        "stats": {
            "total_parameters": 77,
            "parameters_with_annotations": 60
        },
        "error_count": 2,
        "isCompiled": false,
        "errors": [
            "exposed_entities_a550ba.py:96: error: Name \"TypedDict\" is not defined  [name-defined]",
            "exposed_entities_a550ba.py:383: error: Incompatible return value type (got \"dict[str, dict[str, dict[str, Any]]]\", expected \"SerializedExposedEntities\")  [return-value]",
            "Found 2 errors in 1 file (checked 1 source file)"
        ]
    },
    "factory_7a7586.py": {
        "stats": {
            "total_parameters": 65,
            "parameters_with_annotations": 46
        },
        "error_count": 0,
        "isCompiled": true,
        "errors": []
    },
    "fields_c8e6d9.py": {
        "stats": {
            "total_parameters": 84,
            "parameters_with_annotations": 51
        },
        "error_count": 0,
        "isCompiled": true,
        "errors": []
    },
    "flow_engine_887be2.py": {
        "stats": {
            "total_parameters": 74,
            "parameters_with_annotations": 47
        },
        "error_count": 17,
        "isCompiled": false,
        "errors": [
            "flow_engine_887be2.py:329: error: Item \"None\" of \"Any | None\" has no attribute \"id\"  [union-attr]",
            "flow_engine_887be2.py:441: error: Incompatible types in assignment (expression has type \"BaseException\", variable has type \"Exception | type[Any]\")  [assignment]",
            "flow_engine_887be2.py:617: error: \"Logger\" has no attribute \"extra\"  [attr-defined]",
            "flow_engine_887be2.py:724: error: Item \"None\" of \"Any | None\" has no attribute \"name\"  [union-attr]",
            "flow_engine_887be2.py:740: error: Incompatible return value type (got \"Coroutine[Any, Any, None]\", expected \"R | Coroutine[Any, Any, R]\")  [return-value]",
            "flow_engine_887be2.py:839: error: Item \"None\" of \"Any | None\" has no attribute \"id\"  [union-attr]",
            "flow_engine_887be2.py:853: error: Incompatible types in assignment (expression has type \"R | type[Any]\", variable has type \"R | Awaitable[R]\")  [assignment]",
            "flow_engine_887be2.py:941: error: Incompatible types in assignment (expression has type \"BaseException\", variable has type \"Exception | type[Any]\")  [assignment]",
            "flow_engine_887be2.py:1111: error: \"Logger\" has no attribute \"extra\"  [attr-defined]",
            "flow_engine_887be2.py:1221: error: Item \"None\" of \"Any | None\" has no attribute \"name\"  [union-attr]",
            "flow_engine_887be2.py:1234: error: Incompatible return value type (got \"R\", expected \"Coroutine[Any, Any, R]\")  [return-value]",
            "flow_engine_887be2.py:1280: error: Value of type \"Coroutine[Any, Any, R]\" must be used  [unused-coroutine]",
            "flow_engine_887be2.py:1280: note: Are you missing an await?",
            "flow_engine_887be2.py:1319: error: Argument 1 to \"handle_success\" of \"FlowRunEngine\" has incompatible type \"None\"; expected \"R\"  [arg-type]",
            "flow_engine_887be2.py:1322: error: No return value expected  [return-value]",
            "flow_engine_887be2.py:1357: error: Argument 1 to \"handle_success\" of \"AsyncFlowRunEngine\" has incompatible type \"None\"; expected \"R\"  [arg-type]",
            "flow_engine_887be2.py:1492: error: \"BaseContext\" has no attribute \"Process\"  [attr-defined]",
            "Found 16 errors in 1 file (checked 1 source file)"
        ]
    },
    "format_84da8c.py": {
        "stats": {
            "total_parameters": 199,
            "parameters_with_annotations": 141
        },
        "error_count": 4,
        "isCompiled": false,
        "errors": [
            "format_84da8c.py:1357: error: Argument 2 to \"format_complex_with_na_rep\" has incompatible type \"Callable[[float], str]\"; expected \"Callable[[complex], str]\"  [arg-type]",
            "format_84da8c.py:1378: error: Incompatible types in assignment (expression has type \"Callable[[Any], Any]\", variable has type \"partial[str]\")  [assignment]",
            "format_84da8c.py:1471: error: Argument \"leading_space\" to \"format_array\" has incompatible type \"bool | None\"; expected \"bool\"  [arg-type]",
            "format_84da8c.py:1629: error: Incompatible return value type (got \"str | float\", expected \"str\")  [return-value]",
            "Found 4 errors in 1 file (checked 1 source file)"
        ]
    },
    "frame_manager_271dac.py": {
        "stats": {
            "total_parameters": 88,
            "parameters_with_annotations": 48
        },
        "error_count": 5,
        "isCompiled": false,
        "errors": [
            "frame_manager_271dac.py:717: error: Item \"None\" of \"dict[str, Any] | None\" has no attribute \"get\"  [union-attr]",
            "frame_manager_271dac.py:718: error: Item \"None\" of \"dict[str, Any] | None\" has no attribute \"get\"  [union-attr]",
            "frame_manager_271dac.py:726: error: Item \"None\" of \"dict[str, Any] | None\" has no attribute \"get\"  [union-attr]",
            "frame_manager_271dac.py:727: error: Item \"None\" of \"dict[str, Any] | None\" has no attribute \"get\"  [union-attr]",
            "frame_manager_271dac.py:728: error: Item \"None\" of \"dict[str, Any] | None\" has no attribute \"get\"  [union-attr]",
            "Found 5 errors in 1 file (checked 1 source file)"
        ]
    },
    "from_params_test_811442.py": {
        "stats": {
            "total_parameters": 213,
            "parameters_with_annotations": 98
        },
        "error_count": 7,
        "isCompiled": false,
        "errors": [
            "from_params_test_811442.py:329: error: \"type[object]\" has no attribute \"from_params\"  [attr-defined]",
            "from_params_test_811442.py:639: error: Incompatible types in assignment (expression has type \"int\", variable has type \"None\")  [assignment]",
            "from_params_test_811442.py:640: error: Incompatible types in assignment (expression has type \"int\", variable has type \"None\")  [assignment]",
            "from_params_test_811442.py:641: error: Incompatible types in assignment (expression has type \"dict[str, Any]\", variable has type \"None\")  [assignment]",
            "from_params_test_811442.py:669: error: Incompatible types in assignment (expression has type \"str\", variable has type \"None\")  [assignment]",
            "from_params_test_811442.py:675: error: Incompatible types in assignment (expression has type \"str\", variable has type \"None\")  [assignment]",
            "from_params_test_811442.py:681: error: Incompatible types in assignment (expression has type \"str\", variable has type \"None\")  [assignment]",
            "Found 7 errors in 1 file (checked 1 source file)"
        ]
    },
    "generic_8a9e7c.py": {
        "stats": {
            "total_parameters": 170,
            "parameters_with_annotations": 124
        },
        "error_count": 50,
        "isCompiled": false,
        "errors": [
            "generic_8a9e7c.py:272: error: Incompatible default for argument \"axis\" (default has type \"None\", argument has type \"int | str\")  [assignment]",
            "generic_8a9e7c.py:272: note: PEP 484 prohibits implicit Optional. Accordingly, mypy has changed its default to no_implicit_optional=True",
            "generic_8a9e7c.py:272: note: Use https://github.com/hauntsaninja/no_implicit_optional to automatically upgrade your codebase",
            "generic_8a9e7c.py:293: error: Incompatible default for argument \"axis\" (default has type \"None\", argument has type \"int | str\")  [assignment]",
            "generic_8a9e7c.py:293: note: PEP 484 prohibits implicit Optional. Accordingly, mypy has changed its default to no_implicit_optional=True",
            "generic_8a9e7c.py:293: note: Use https://github.com/hauntsaninja/no_implicit_optional to automatically upgrade your codebase",
            "generic_8a9e7c.py:316: error: Incompatible default for argument \"axis\" (default has type \"None\", argument has type \"int | str\")  [assignment]",
            "generic_8a9e7c.py:316: note: PEP 484 prohibits implicit Optional. Accordingly, mypy has changed its default to no_implicit_optional=True",
            "generic_8a9e7c.py:316: note: Use https://github.com/hauntsaninja/no_implicit_optional to automatically upgrade your codebase",
            "generic_8a9e7c.py:351: error: Incompatible default for argument \"axis\" (default has type \"None\", argument has type \"int | str\")  [assignment]",
            "generic_8a9e7c.py:351: note: PEP 484 prohibits implicit Optional. Accordingly, mypy has changed its default to no_implicit_optional=True",
            "generic_8a9e7c.py:351: note: Use https://github.com/hauntsaninja/no_implicit_optional to automatically upgrade your codebase",
            "generic_8a9e7c.py:372: error: Incompatible default for argument \"axis\" (default has type \"None\", argument has type \"int | str\")  [assignment]",
            "generic_8a9e7c.py:372: note: PEP 484 prohibits implicit Optional. Accordingly, mypy has changed its default to no_implicit_optional=True",
            "generic_8a9e7c.py:372: note: Use https://github.com/hauntsaninja/no_implicit_optional to automatically upgrade your codebase",
            "generic_8a9e7c.py:395: error: Incompatible default for argument \"axis\" (default has type \"None\", argument has type \"int | str\")  [assignment]",
            "generic_8a9e7c.py:395: note: PEP 484 prohibits implicit Optional. Accordingly, mypy has changed its default to no_implicit_optional=True",
            "generic_8a9e7c.py:395: note: Use https://github.com/hauntsaninja/no_implicit_optional to automatically upgrade your codebase",
            "generic_8a9e7c.py:407: error: Incompatible default for argument \"axis\" (default has type \"None\", argument has type \"int | str\")  [assignment]",
            "generic_8a9e7c.py:407: note: PEP 484 prohibits implicit Optional. Accordingly, mypy has changed its default to no_implicit_optional=True",
            "generic_8a9e7c.py:407: note: Use https://github.com/hauntsaninja/no_implicit_optional to automatically upgrade your codebase",
            "generic_8a9e7c.py:419: error: Incompatible default for argument \"axis\" (default has type \"None\", argument has type \"int | str\")  [assignment]",
            "generic_8a9e7c.py:419: note: PEP 484 prohibits implicit Optional. Accordingly, mypy has changed its default to no_implicit_optional=True",
            "generic_8a9e7c.py:419: note: Use https://github.com/hauntsaninja/no_implicit_optional to automatically upgrade your codebase",
            "generic_8a9e7c.py:424: error: Incompatible default for argument \"axis\" (default has type \"None\", argument has type \"int | str\")  [assignment]",
            "generic_8a9e7c.py:424: note: PEP 484 prohibits implicit Optional. Accordingly, mypy has changed its default to no_implicit_optional=True",
            "generic_8a9e7c.py:424: note: Use https://github.com/hauntsaninja/no_implicit_optional to automatically upgrade your codebase",
            "generic_8a9e7c.py:449: error: Incompatible default for argument \"axis\" (default has type \"None\", argument has type \"int | str\")  [assignment]",
            "generic_8a9e7c.py:449: note: PEP 484 prohibits implicit Optional. Accordingly, mypy has changed its default to no_implicit_optional=True",
            "generic_8a9e7c.py:449: note: Use https://github.com/hauntsaninja/no_implicit_optional to automatically upgrade your codebase",
            "generic_8a9e7c.py:474: error: Incompatible default for argument \"axis\" (default has type \"None\", argument has type \"int | str\")  [assignment]",
            "generic_8a9e7c.py:474: note: PEP 484 prohibits implicit Optional. Accordingly, mypy has changed its default to no_implicit_optional=True",
            "generic_8a9e7c.py:474: note: Use https://github.com/hauntsaninja/no_implicit_optional to automatically upgrade your codebase",
            "generic_8a9e7c.py:497: error: Incompatible default for argument \"axis\" (default has type \"None\", argument has type \"int | str\")  [assignment]",
            "generic_8a9e7c.py:497: note: PEP 484 prohibits implicit Optional. Accordingly, mypy has changed its default to no_implicit_optional=True",
            "generic_8a9e7c.py:497: note: Use https://github.com/hauntsaninja/no_implicit_optional to automatically upgrade your codebase",
            "generic_8a9e7c.py:692: error: Argument 1 to \"len\" has incompatible type \"Frame\"; expected \"Sized\"  [arg-type]",
            "generic_8a9e7c.py:696: error: Function \"generic_8a9e7c.Frame.bool\" is not valid as a type  [valid-type]",
            "generic_8a9e7c.py:696: note: Perhaps you need \"Callable[...]\" or a callback protocol?",
            "generic_8a9e7c.py:701: error: \"Frame\" has no attribute \"index\"  [attr-defined]",
            "generic_8a9e7c.py:735: error: Function \"generic_8a9e7c.Frame.bool\" is not valid as a type  [valid-type]",
            "generic_8a9e7c.py:735: note: Perhaps you need \"Callable[...]\" or a callback protocol?",
            "generic_8a9e7c.py:738: error: Function \"generic_8a9e7c.Frame.bool\" is not valid as a type  [valid-type]",
            "generic_8a9e7c.py:738: note: Perhaps you need \"Callable[...]\" or a callback protocol?",
            "generic_8a9e7c.py:743: error: Function \"generic_8a9e7c.Frame.bool\" is not valid as a type  [valid-type]",
            "generic_8a9e7c.py:743: note: Perhaps you need \"Callable[...]\" or a callback protocol?",
            "generic_8a9e7c.py:772: error: Function \"generic_8a9e7c.Frame.bool\" is not valid as a type  [valid-type]",
            "generic_8a9e7c.py:772: note: Perhaps you need \"Callable[...]\" or a callback protocol?",
            "generic_8a9e7c.py:791: error: Function \"generic_8a9e7c.Frame.bool\" is not valid as a type  [valid-type]",
            "generic_8a9e7c.py:791: note: Perhaps you need \"Callable[...]\" or a callback protocol?",
            "Found 20 errors in 1 file (checked 1 source file)"
        ]
    },
    "generic_a07530.py": {
        "stats": {
            "total_parameters": 189,
            "parameters_with_annotations": 132
        },
        "error_count": 6,
        "isCompiled": false,
        "errors": [
            "generic_a07530.py:225: error: Argument 1 to \"_python_agg_general\" of \"SeriesGroupBy\" has incompatible type \"Callable[..., Any] | None\"; expected \"Callable[..., Any]\"  [arg-type]",
            "generic_a07530.py:840: error: Argument 1 to \"_python_agg_general\" of \"DataFrameGroupBy\" has incompatible type \"Callable[..., Any] | str | list[Any] | dict[Any, Any] | None\"; expected \"Callable[..., Any]\"  [arg-type]",
            "generic_a07530.py:842: error: Argument 1 to \"_aggregate_frame\" of \"DataFrameGroupBy\" has incompatible type \"Callable[..., Any] | str | list[Any] | dict[Any, Any] | None\"; expected \"Callable[..., Any]\"  [arg-type]",
            "generic_a07530.py:850: error: Argument 1 to \"_aggregate_frame\" of \"DataFrameGroupBy\" has incompatible type \"Callable[..., Any] | str | list[Any] | dict[Any, Any] | None\"; expected \"Callable[..., Any]\"  [arg-type]",
            "generic_a07530.py:1103: error: \"str\" not callable  [operator]",
            "generic_a07530.py:1104: error: \"str\" not callable  [operator]",
            "Found 6 errors in 1 file (checked 1 source file)"
        ]
    },
    "git_90c119.py": {
        "stats": {
            "total_parameters": 50,
            "parameters_with_annotations": 50
        },
        "error_count": 0,
        "isCompiled": true,
        "errors": []
    },
    "groupby_7dd4b2.py": {
        "stats": {
            "total_parameters": 176,
            "parameters_with_annotations": 112
        },
        "error_count": 32,
        "isCompiled": false,
        "errors": [
            "groupby_7dd4b2.py:158: error: Argument 3 to \"_spark_groupby\" of \"GroupBy\" has incompatible type \"list[Any]\"; expected \"tuple[Any, ...]\"  [arg-type]",
            "groupby_7dd4b2.py:356: error: Argument 2 to \"isinstance\" has incompatible type \"<typing special form>\"; expected \"_ClassInfo\"  [arg-type]",
            "groupby_7dd4b2.py:405: error: Name \"cast\" is not defined  [name-defined]",
            "groupby_7dd4b2.py:405: note: Did you forget to import it from \"typing\"? (Suggestion: \"from typing import cast\")",
            "groupby_7dd4b2.py:406: error: Name \"cast\" is not defined  [name-defined]",
            "groupby_7dd4b2.py:406: note: Did you forget to import it from \"typing\"? (Suggestion: \"from typing import cast\")",
            "groupby_7dd4b2.py:411: error: Name \"cast\" is not defined  [name-defined]",
            "groupby_7dd4b2.py:411: note: Did you forget to import it from \"typing\"? (Suggestion: \"from typing import cast\")",
            "groupby_7dd4b2.py:425: error: Name \"cast\" is not defined  [name-defined]",
            "groupby_7dd4b2.py:425: note: Did you forget to import it from \"typing\"? (Suggestion: \"from typing import cast\")",
            "groupby_7dd4b2.py:426: error: Name \"cast\" is not defined  [name-defined]",
            "groupby_7dd4b2.py:426: note: Did you forget to import it from \"typing\"? (Suggestion: \"from typing import cast\")",
            "groupby_7dd4b2.py:429: error: Name \"cast\" is not defined  [name-defined]",
            "groupby_7dd4b2.py:429: note: Did you forget to import it from \"typing\"? (Suggestion: \"from typing import cast\")",
            "groupby_7dd4b2.py:436: error: Name \"cast\" is not defined  [name-defined]",
            "groupby_7dd4b2.py:436: note: Did you forget to import it from \"typing\"? (Suggestion: \"from typing import cast\")",
            "groupby_7dd4b2.py:481: error: Name \"cast\" is not defined  [name-defined]",
            "groupby_7dd4b2.py:481: note: Did you forget to import it from \"typing\"? (Suggestion: \"from typing import cast\")",
            "groupby_7dd4b2.py:493: error: Argument 2 to \"isinstance\" has incompatible type \"<typing special form>\"; expected \"_ClassInfo\"  [arg-type]",
            "groupby_7dd4b2.py:543: error: List comprehension has incompatible type List[Sequence[str]]; expected List[str]  [misc]",
            "groupby_7dd4b2.py:547: error: Name \"pyspark\" is not defined  [name-defined]",
            "groupby_7dd4b2.py:705: error: Argument 2 to \"isinstance\" has incompatible type \"<typing special form>\"; expected \"_ClassInfo\"  [arg-type]",
            "groupby_7dd4b2.py:745: error: Name \"cast\" is not defined  [name-defined]",
            "groupby_7dd4b2.py:745: note: Did you forget to import it from \"typing\"? (Suggestion: \"from typing import cast\")",
            "groupby_7dd4b2.py:751: error: Name \"cast\" is not defined  [name-defined]",
            "groupby_7dd4b2.py:751: note: Did you forget to import it from \"typing\"? (Suggestion: \"from typing import cast\")",
            "groupby_7dd4b2.py:991: error: Item \"None\" of \"list[Any] | None\" has no attribute \"__iter__\" (not iterable)  [union-attr]",
            "groupby_7dd4b2.py:998: error: Item \"tuple[Any, ...]\" of \"Any | tuple[Any, ...]\" has no attribute \"_column_label\"  [union-attr]",
            "groupby_7dd4b2.py:998: error: Item \"tuple[Any, ...]\" of \"Any | tuple[Any, ...]\" has no attribute \"_kdf\"  [union-attr]",
            "groupby_7dd4b2.py:1008: error: Item \"None\" of \"list[Any] | None\" has no attribute \"__iter__\" (not iterable)  [union-attr]",
            "groupby_7dd4b2.py:1015: error: \"None\" not callable  [misc]",
            "groupby_7dd4b2.py:1125: error: \"None\" not callable  [misc]",
            "Found 22 errors in 1 file (checked 1 source file)"
        ]
    },
    "header_990b83.py": {
        "stats": {
            "total_parameters": 0,
            "parameters_with_annotations": 0
        },
        "error_count": 1,
        "isCompiled": false,
        "errors": [
            "header_990b83.py:295: error: invalid syntax; you likely need to run mypy using Python 3.10 or newer  [syntax]",
            "Found 1 error in 1 file (errors prevented further checking)"
        ]
    },
    "helpers_b607a0.py": {
        "stats": {
            "total_parameters": 51,
            "parameters_with_annotations": 50
        },
        "error_count": 0,
        "isCompiled": true,
        "errors": []
    },
    "helpers_e73aba.py": {
        "stats": {
            "total_parameters": 44,
            "parameters_with_annotations": 44
        },
        "error_count": 0,
        "isCompiled": true,
        "errors": []
    },
    "hist_13f59f.py": {
        "stats": {
            "total_parameters": 107,
            "parameters_with_annotations": 92
        },
        "error_count": 3,
        "isCompiled": false,
        "errors": [
            "hist_13f59f.py:149: error: Argument 1 to \"len\" has incompatible type \"int | Any | list[Any]\"; expected \"Sized\"  [arg-type]",
            "hist_13f59f.py:151: error: Argument 1 to \"len\" has incompatible type \"int | Any | list[Any]\"; expected \"Sized\"  [arg-type]",
            "hist_13f59f.py:212: error: Name \"final\" is not defined  [name-defined]",
            "Found 3 errors in 1 file (checked 1 source file)"
        ]
    },
    "hive_66cde7.py": {
        "stats": {
            "total_parameters": 88,
            "parameters_with_annotations": 66
        },
        "error_count": 1,
        "isCompiled": false,
        "errors": [
            "hive_66cde7.py:436: error: Missing return statement  [empty-body]",
            "Found 1 error in 1 file (checked 1 source file)"
        ]
    },
    "http1connection_0621ea.py": {
        "stats": {
            "total_parameters": 72,
            "parameters_with_annotations": 43
        },
        "error_count": 1,
        "isCompiled": false,
        "errors": [
            "http1connection_0621ea.py:150: error: invalid syntax; you likely need to run mypy using Python 3.10 or newer  [syntax]",
            "Found 1 error in 1 file (errors prevented further checking)"
        ]
    },
    "httpclient_e36adc.py": {
        "stats": {
            "total_parameters": 87,
            "parameters_with_annotations": 61
        },
        "error_count": 3,
        "isCompiled": false,
        "errors": [
            "httpclient_e36adc.py:313: error: Name \"cast\" is not defined  [name-defined]",
            "httpclient_e36adc.py:313: note: Did you forget to import it from \"typing\"? (Suggestion: \"from typing import cast\")",
            "httpclient_e36adc.py:520: error: Unsupported target for indexed assignment (\"dict[str, str] | Any | None\")  [index]",
            "Found 2 errors in 1 file (checked 1 source file)"
        ]
    },
    "indexing_b000ec.py": {
        "stats": {
            "total_parameters": 108,
            "parameters_with_annotations": 63
        },
        "error_count": 12,
        "isCompiled": false,
        "errors": [
            "indexing_b000ec.py:481: error: Incompatible types in assignment (expression has type \"list[Any] | None\", variable has type \"list[Any]\")  [assignment]",
            "indexing_b000ec.py:631: error: \"LocIndexerLike\" has no attribute \"_sequence_col\"  [attr-defined]",
            "indexing_b000ec.py:712: error: \"LocIndexerLike\" has no attribute \"_sequence_col\"  [attr-defined]",
            "indexing_b000ec.py:717: error: Argument 1 to \"len\" has incompatible type \"list[Any] | None\"; expected \"Sized\"  [arg-type]",
            "indexing_b000ec.py:731: error: Item \"None\" of \"list[Any] | None\" has no attribute \"__iter__\" (not iterable)  [union-attr]",
            "indexing_b000ec.py:1176: error: Value of type \"tuple[Any, ...] | None\" is not indexable  [index]",
            "indexing_b000ec.py:1181: error: Incompatible types in assignment (expression has type \"set[Any]\", variable has type \"list[tuple[Any, tuple[Any, ...] | None]] | None\")  [assignment]",
            "indexing_b000ec.py:1191: error: Incompatible types in assignment (expression has type \"tuple[Any | tuple[Any, ...] | None, ...]\", variable has type \"tuple[Any, tuple[Any, ...] | None]\")  [assignment]",
            "indexing_b000ec.py:1195: error: List comprehension has incompatible type List[tuple[Any, ...] | None]; expected List[tuple[Any, tuple[Any, ...] | None]]  [misc]",
            "indexing_b000ec.py:1201: error: Incompatible return value type (got \"tuple[list[tuple[Any, tuple[Any, ...] | None]], list[Any], list[Any], bool, Any]\", expected \"tuple[list[tuple[Any, ...]], list[Any] | None, Any, bool, tuple[Any, ...] | None]\")  [return-value]",
            "indexing_b000ec.py:1222: error: Incompatible return value type (got \"tuple[list[tuple[Any]], list[Any], None, bool, None]\", expected \"tuple[list[tuple[Any, ...]], list[Any] | None, list[Any] | None, bool, tuple[Any, ...] | None]\")  [return-value]",
            "indexing_b000ec.py:1329: error: Argument 2 to \"_get_from_multiindex_column\" of \"LocIndexer\" has incompatible type \"list[tuple[Any, ...]] | None\"; expected \"list[tuple[Any, ...]]\"  [arg-type]",
            "Found 12 errors in 1 file (checked 1 source file)"
        ]
    },
    "indexing_d02a25.py": {
        "stats": {
            "total_parameters": 190,
            "parameters_with_annotations": 122
        },
        "error_count": 2,
        "isCompiled": false,
        "errors": [
            "indexing_d02a25.py:1744: error: A function returning TypeVar should receive at least one argument containing the same TypeVar  [type-var]",
            "indexing_d02a25.py:2250: error: Incompatible types in assignment (expression has type \"range\", variable has type \"list[Any]\")  [assignment]",
            "Found 2 errors in 1 file (checked 1 source file)"
        ]
    },
    "initiator_fb22e8.py": {
        "stats": {
            "total_parameters": 44,
            "parameters_with_annotations": 44
        },
        "error_count": 0,
        "isCompiled": true,
        "errors": []
    },
    "initiator_manager_26765c.py": {
        "stats": {
            "total_parameters": 65,
            "parameters_with_annotations": 65
        },
        "error_count": 0,
        "isCompiled": true,
        "errors": []
    },
    "interval_941dbf.py": {
        "stats": {
            "total_parameters": 96,
            "parameters_with_annotations": 64
        },
        "error_count": 0,
        "isCompiled": true,
        "errors": []
    },
    "kedro_data_catalog_148318.py": {
        "stats": {
            "total_parameters": 86,
            "parameters_with_annotations": 50
        },
        "error_count": 0,
        "isCompiled": true,
        "errors": []
    },
    "linegen_ea8858.py": {
        "stats": {
            "total_parameters": 137,
            "parameters_with_annotations": 107
        },
        "error_count": 0,
        "isCompiled": true,
        "errors": []
    },
    "local_b588b6.py": {
        "stats": {
            "total_parameters": 72,
            "parameters_with_annotations": 52
        },
        "error_count": 20,
        "isCompiled": false,
        "errors": [
            "local_b588b6.py:72: error: Method \"get_public_upload_root_url\" is marked as an override, but no base method was found with this name  [misc]",
            "local_b588b6.py:76: error: Method \"generate_message_upload_path\" is marked as an override, but no base method was found with this name  [misc]",
            "local_b588b6.py:88: error: Method \"upload_message_attachment\" is marked as an override, but no base method was found with this name  [misc]",
            "local_b588b6.py:99: error: Method \"save_attachment_contents\" is marked as an override, but no base method was found with this name  [misc]",
            "local_b588b6.py:104: error: Method \"attachment_vips_source\" is marked as an override, but no base method was found with this name  [misc]",
            "local_b588b6.py:111: error: Method \"delete_message_attachment\" is marked as an override, but no base method was found with this name  [misc]",
            "local_b588b6.py:115: error: Method \"all_message_attachments\" is marked as an override, but no base method was found with this name  [misc]",
            "local_b588b6.py:136: error: Method \"get_avatar_url\" is marked as an override, but no base method was found with this name  [misc]",
            "local_b588b6.py:140: error: Method \"get_avatar_contents\" is marked as an override, but no base method was found with this name  [misc]",
            "local_b588b6.py:146: error: Method \"upload_single_avatar_image\" is marked as an override, but no base method was found with this name  [misc]",
            "local_b588b6.py:158: error: Method \"delete_avatar_image\" is marked as an override, but no base method was found with this name  [misc]",
            "local_b588b6.py:164: error: Method \"get_realm_icon_url\" is marked as an override, but no base method was found with this name  [misc]",
            "local_b588b6.py:168: error: Method \"upload_realm_icon_image\" is marked as an override, but no base method was found with this name  [misc]",
            "local_b588b6.py:182: error: Method \"get_realm_logo_url\" is marked as an override, but no base method was found with this name  [misc]",
            "local_b588b6.py:190: error: Method \"upload_realm_logo_image\" is marked as an override, but no base method was found with this name  [misc]",
            "local_b588b6.py:211: error: Method \"get_emoji_url\" is marked as an override, but no base method was found with this name  [misc]",
            "local_b588b6.py:229: error: Method \"upload_single_emoji_image\" is marked as an override, but no base method was found with this name  [misc]",
            "local_b588b6.py:239: error: Method \"get_export_tarball_url\" is marked as an override, but no base method was found with this name  [misc]",
            "local_b588b6.py:244: error: Method \"upload_export_tarball\" is marked as an override, but no base method was found with this name  [misc]",
            "local_b588b6.py:262: error: Method \"delete_export_tarball\" is marked as an override, but no base method was found with this name  [misc]",
            "Found 20 errors in 1 file (checked 1 source file)"
        ]
    },
    "log_67c6cb.py": {
        "stats": {
            "total_parameters": 62,
            "parameters_with_annotations": 48
        },
        "error_count": 0,
        "isCompiled": true,
        "errors": []
    },
    "log_writer_c4397a.py": {
        "stats": {
            "total_parameters": 69,
            "parameters_with_annotations": 49
        },
        "error_count": 0,
        "isCompiled": true,
        "errors": []
    },
    "managers_6d6254.py": {
        "stats": {
            "total_parameters": 292,
            "parameters_with_annotations": 179
        },
        "error_count": 25,
        "isCompiled": false,
        "errors": [
            "managers_6d6254.py:725: error: Item \"None\" of \"Any | None\" has no attribute \"copy\"  [union-attr]",
            "managers_6d6254.py:746: error: Trying to assign name \"_is_consolidated\" that is not in \"__slots__\" of type \"managers_6d6254.BaseBlockManager\"  [misc]",
            "managers_6d6254.py:858: error: Need type annotation for \"ml\"  [var-annotated]",
            "managers_6d6254.py:858: error: Argument 1 to \"enumerate\" has incompatible type \"object\"; expected \"Iterable[<nothing>]\"  [arg-type]",
            "managers_6d6254.py:997: error: Argument 1 of \"from_blocks\" is incompatible with supertype \"BaseBlockManager\"; supertype defines the argument type as \"Sequence[Any]\"  [override]",
            "managers_6d6254.py:997: note: This violates the Liskov substitution principle",
            "managers_6d6254.py:997: note: See https://mypy.readthedocs.io/en/stable/common_issues.html#incompatible-overrides",
            "managers_6d6254.py:1162: error: Unsupported target for indexed assignment (\"Any | None\")  [index]",
            "managers_6d6254.py:1163: error: Unsupported target for indexed assignment (\"Any | None\")  [index]",
            "managers_6d6254.py:1174: error: Unsupported target for indexed assignment (\"Any | None\")  [index]",
            "managers_6d6254.py:1175: error: Unsupported target for indexed assignment (\"Any | None\")  [index]",
            "managers_6d6254.py:1209: error: Unsupported target for indexed assignment (\"Any | None\")  [index]",
            "managers_6d6254.py:1212: error: Unsupported target for indexed assignment (\"Any | None\")  [index]",
            "managers_6d6254.py:1213: error: Unsupported target for indexed assignment (\"Any | None\")  [index]",
            "managers_6d6254.py:1576: error: Trying to assign name \"axes\" that is not in \"__slots__\" of type \"managers_6d6254.SingleBlockManager\"  [misc]",
            "managers_6d6254.py:1577: error: Trying to assign name \"blocks\" that is not in \"__slots__\" of type \"managers_6d6254.SingleBlockManager\"  [misc]",
            "managers_6d6254.py:1582: error: Argument 1 of \"from_blocks\" is incompatible with supertype \"BaseBlockManager\"; supertype defines the argument type as \"Sequence[Any]\"  [override]",
            "managers_6d6254.py:1582: note: This violates the Liskov substitution principle",
            "managers_6d6254.py:1582: note: See https://mypy.readthedocs.io/en/stable/common_issues.html#incompatible-overrides",
            "managers_6d6254.py:1637: error: Trying to assign name \"axes\" that is not in \"__slots__\" of type \"managers_6d6254.SingleBlockManager\"  [misc]",
            "managers_6d6254.py:1639: error: Trying to assign name \"blocks\" that is not in \"__slots__\" of type \"managers_6d6254.SingleBlockManager\"  [misc]",
            "managers_6d6254.py:1661: error: Cannot override writeable attribute with read-only property  [override]",
            "managers_6d6254.py:1665: error: Cannot override writeable attribute with read-only property  [override]",
            "managers_6d6254.py:1727: error: Trying to assign name \"blocks\" that is not in \"__slots__\" of type \"managers_6d6254.SingleBlockManager\"  [misc]",
            "managers_6d6254.py:1742: error: Trying to assign name \"blocks\" that is not in \"__slots__\" of type \"managers_6d6254.SingleBlockManager\"  [misc]",
            "Found 21 errors in 1 file (checked 1 source file)"
        ]
    },
    "manifest_0eeebb.py": {
        "stats": {
            "total_parameters": 147,
            "parameters_with_annotations": 106
        },
        "error_count": 4,
        "isCompiled": false,
        "errors": [
            "manifest_0eeebb.py:708: error: Item \"None\" of \"Any | None\" has no attribute \"get_macro_id\"  [union-attr]",
            "manifest_0eeebb.py:806: error: Item \"None\" of \"Any | None\" has no attribute \"get_macro\"  [union-attr]",
            "manifest_0eeebb.py:1460: error: \"Expr\" has no attribute \"name\"  [attr-defined]",
            "manifest_0eeebb.py:1462: error: \"Expr\" has no attribute \"value\"  [attr-defined]",
            "Found 4 errors in 1 file (checked 1 source file)"
        ]
    },
    "manifest_47c52e.py": {
        "stats": {
            "total_parameters": 339,
            "parameters_with_annotations": 211
        },
        "error_count": 3,
        "isCompiled": false,
        "errors": [
            "manifest_47c52e.py:1548: error: Argument 1 of \"__reduce_ex__\" is incompatible with supertype \"object\"; supertype defines the argument type as \"SupportsIndex\"  [override]",
            "manifest_47c52e.py:1548: note: This violates the Liskov substitution principle",
            "manifest_47c52e.py:1548: note: See https://mypy.readthedocs.io/en/stable/common_issues.html#incompatible-overrides",
            "Found 1 error in 1 file (checked 1 source file)"
        ]
    },
    "mediation_fee_f1a080.py": {
        "stats": {
            "total_parameters": 47,
            "parameters_with_annotations": 41
        },
        "error_count": 0,
        "isCompiled": true,
        "errors": []
    },
    "mediator_edd547.py": {
        "stats": {
            "total_parameters": 123,
            "parameters_with_annotations": 123
        },
        "error_count": 0,
        "isCompiled": true,
        "errors": []
    },
    "merge_f40757.py": {
        "stats": {
            "total_parameters": 175,
            "parameters_with_annotations": 148
        },
        "error_count": 20,
        "isCompiled": false,
        "errors": [
            "merge_f40757.py:97: error: Name \"TYPE_CHECKING\" is not defined  [name-defined]",
            "merge_f40757.py:467: error: Incompatible types in assignment (expression has type \"list[Any] | None\", variable has type \"Sequence[Hashable | Any]\")  [assignment]",
            "merge_f40757.py:1644: error: Argument 1 to \"len\" has incompatible type \"list[Any] | None\"; expected \"Sized\"  [arg-type]",
            "merge_f40757.py:1647: error: Argument 1 to \"len\" has incompatible type \"list[Any] | None\"; expected \"Sized\"  [arg-type]",
            "merge_f40757.py:1666: error: Value of type \"list[Any] | None\" is not indexable  [index]",
            "merge_f40757.py:1679: error: Value of type \"list[Any] | None\" is not indexable  [index]",
            "merge_f40757.py:1708: error: Argument 1 to \"len\" has incompatible type \"Any | list[Any] | None\"; expected \"Sized\"  [arg-type]",
            "merge_f40757.py:1711: error: Argument 1 to \"list\" has incompatible type \"list[Any] | None\"; expected \"Iterable[Any]\"  [arg-type]",
            "merge_f40757.py:1711: note: Left operand is of type \"Any | list[Any]\"",
            "merge_f40757.py:1712: error: Unsupported left operand type for + (\"None\")  [operator]",
            "merge_f40757.py:1712: error: Argument 1 to \"list\" has incompatible type \"list[Any] | None\"; expected \"Iterable[Any]\"  [arg-type]",
            "merge_f40757.py:1712: note: Left operand is of type \"Any | list[Any] | None\"",
            "merge_f40757.py:1773: error: Unsupported operand types for < (\"timedelta\" and \"int\")  [operator]",
            "merge_f40757.py:1773: note: Left operand is of type \"int | timedelta\"",
            "merge_f40757.py:1828: error: Item \"int\" of \"int | timedelta | None\" has no attribute \"as_unit\"  [union-attr]",
            "merge_f40757.py:1828: error: Item \"timedelta\" of \"int | timedelta | None\" has no attribute \"as_unit\"  [union-attr]",
            "merge_f40757.py:1828: error: Item \"None\" of \"int | timedelta | None\" has no attribute \"as_unit\"  [union-attr]",
            "merge_f40757.py:1829: error: Item \"int\" of \"int | timedelta | None\" has no attribute \"_value\"  [union-attr]",
            "merge_f40757.py:1829: error: Item \"timedelta\" of \"int | timedelta | None\" has no attribute \"_value\"  [union-attr]",
            "merge_f40757.py:1829: error: Item \"None\" of \"int | timedelta | None\" has no attribute \"_value\"  [union-attr]",
            "Found 17 errors in 1 file (checked 1 source file)"
        ]
    },
    "message_6587fb.py": {
        "stats": {
            "total_parameters": 97,
            "parameters_with_annotations": 97
        },
        "error_count": 0,
        "isCompiled": true,
        "errors": []
    },
    "message_cache_dbda93.py": {
        "stats": {
            "total_parameters": 49,
            "parameters_with_annotations": 49
        },
        "error_count": 0,
        "isCompiled": true,
        "errors": []
    },
    "message_edit_6be856.py": {
        "stats": {
            "total_parameters": 61,
            "parameters_with_annotations": 61
        },
        "error_count": 0,
        "isCompiled": true,
        "errors": []
    },
    "message_send_b7048c.py": {
        "stats": {
            "total_parameters": 156,
            "parameters_with_annotations": 156
        },
        "error_count": 0,
        "isCompiled": true,
        "errors": []
    },
    "_arrow_string_mixins_7654a8.py": {
        "stats": {
            "total_parameters": 82,
            "parameters_with_annotations": 46
        },
        "error_count": 0,
        "isCompiled": true,
        "errors": []
    },
    "_client_5a9e7d.py": {
        "stats": {
            "total_parameters": 0,
            "parameters_with_annotations": 0
        },
        "error_count": 1,
        "isCompiled": false,
        "errors": [
            "_client_5a9e7d.py:1: error: unexpected indent  [syntax]",
            "Found 1 error in 1 file (errors prevented further checking)"
        ]
    },
    "_compat_bfcdb3.py": {
        "stats": {
            "total_parameters": 56,
            "parameters_with_annotations": 47
        },
        "error_count": 15,
        "isCompiled": false,
        "errors": [
            "_compat_bfcdb3.py:443: error: All conditional function variants must have identical signatures  [misc]",
            "_compat_bfcdb3.py:443: note: Original:",
            "_compat_bfcdb3.py:443: note:     def _model_dump(model: Any, mode: Literal['json', 'python'] = ..., **kwargs: Any) -> Any",
            "_compat_bfcdb3.py:443: note: Redefinition:",
            "_compat_bfcdb3.py:443: note:     def _model_dump(model: Any, mode: str = ..., **kwargs: Any) -> Any",
            "_compat_bfcdb3.py:464: error: All conditional function variants must have identical signatures  [misc]",
            "_compat_bfcdb3.py:464: note: Original:",
            "_compat_bfcdb3.py:464: note:     def get_compat_model_name_map(fields: list[ModelField]) -> Any",
            "_compat_bfcdb3.py:464: note: Redefinition:",
            "_compat_bfcdb3.py:464: note:     def get_compat_model_name_map(fields: Sequence[ModelField]) -> Any",
            "_compat_bfcdb3.py:511: error: All conditional function variants must have identical signatures  [misc]",
            "_compat_bfcdb3.py:511: note: Original:",
            "_compat_bfcdb3.py:511: note:     def create_body_model(*, fields: list[ModelField], model_name: str) -> type[Any]",
            "_compat_bfcdb3.py:511: note: Redefinition:",
            "_compat_bfcdb3.py:511: note:     def create_body_model(*, fields: Sequence[ModelField], model_name: str) -> type[Any]",
            "Found 3 errors in 1 file (checked 1 source file)"
        ]
    },
    "_misc_3826f1.py": {
        "stats": {
            "total_parameters": 59,
            "parameters_with_annotations": 51
        },
        "error_count": 0,
        "isCompiled": true,
        "errors": []
    },
    "_models_dd672f.py": {
        "stats": {
            "total_parameters": 142,
            "parameters_with_annotations": 60
        },
        "error_count": 28,
        "isCompiled": false,
        "errors": [
            "_models_dd672f.py:270: error: Signature of \"update\" incompatible with supertype \"MutableMapping\"  [override]",
            "_models_dd672f.py:270: note:      Superclass:",
            "_models_dd672f.py:270: note:          @overload",
            "_models_dd672f.py:270: note:          def update(self, SupportsKeysAndGetItem[str, str], /, **kwargs: str) -> None",
            "_models_dd672f.py:270: note:          @overload",
            "_models_dd672f.py:270: note:          def update(self, Iterable[tuple[str, str]], /, **kwargs: str) -> None",
            "_models_dd672f.py:270: note:          @overload",
            "_models_dd672f.py:270: note:          def update(self, **kwargs: str) -> None",
            "_models_dd672f.py:270: note:      Subclass:",
            "_models_dd672f.py:270: note:          def update(self, headers: Headers | Mapping[Any, Any] | Iterable[tuple[Any, Any]] | None = ...) -> None",
            "_models_dd672f.py:1067: error: Signature of \"get\" incompatible with supertype \"Mapping\"  [override]",
            "_models_dd672f.py:1067: note:      Superclass:",
            "_models_dd672f.py:1067: note:          @overload",
            "_models_dd672f.py:1067: note:          def get(self, str, /) -> str | None",
            "_models_dd672f.py:1067: note:          @overload",
            "_models_dd672f.py:1067: note:          def [_T] get(self, str, /, default: str | _T) -> str | _T",
            "_models_dd672f.py:1067: note:      Subclass:",
            "_models_dd672f.py:1067: note:          def get(self, name: str, default: Any = ..., domain: str | None = ..., path: str | None = ...) -> str | None",
            "_models_dd672f.py:1115: error: Signature of \"update\" incompatible with supertype \"MutableMapping\"  [override]",
            "_models_dd672f.py:1115: note:      Superclass:",
            "_models_dd672f.py:1115: note:          @overload",
            "_models_dd672f.py:1115: note:          def update(self, SupportsKeysAndGetItem[str, str], /, **kwargs: str) -> None",
            "_models_dd672f.py:1115: note:          @overload",
            "_models_dd672f.py:1115: note:          def update(self, Iterable[tuple[str, str]], /, **kwargs: str) -> None",
            "_models_dd672f.py:1115: note:          @overload",
            "_models_dd672f.py:1115: note:          def update(self, **kwargs: str) -> None",
            "_models_dd672f.py:1115: note:      Subclass:",
            "_models_dd672f.py:1115: note:          def update(self, cookies: Any | None = ...) -> None",
            "Found 3 errors in 1 file (checked 1 source file)"
        ]
    },
    "_parser_ad554d.py": {
        "stats": {
            "total_parameters": 78,
            "parameters_with_annotations": 70
        },
        "error_count": 0,
        "isCompiled": true,
        "errors": []
    },
    "__init___4ea406.py": {
        "stats": {
            "total_parameters": 0,
            "parameters_with_annotations": 0
        },
        "error_count": 1,
        "isCompiled": false,
        "errors": [
            "__init___4ea406.py:475: error: invalid syntax; you likely need to run mypy using Python 3.10 or newer  [syntax]",
            "Found 1 error in 1 file (errors prevented further checking)"
        ]
    },
    "__init___7dd003.py": {
        "stats": {
            "total_parameters": 64,
            "parameters_with_annotations": 64
        },
        "error_count": 0,
        "isCompiled": true,
        "errors": []
    },
    "__init___ee7b0d.py": {
        "stats": {
            "total_parameters": 36,
            "parameters_with_annotations": 36
        },
        "error_count": 0,
        "isCompiled": true,
        "errors": []
    }
}