{
    "accessories_b90bda.py": {
        "stats": {
            "total_parameters": 57,
            "parameters_with_annotations": 37
        },
        "error_count": 0,
        "isCompiled": true,
        "errors": []
    },
    "accessor_9a03f0.py": {
        "stats": {
            "total_parameters": 10,
            "parameters_with_annotations": 10
        },
        "error_count": 0,
        "isCompiled": true,
        "errors": []
    },
    "aiokafka_d62f1d.py": {
        "stats": {
            "total_parameters": 93,
            "parameters_with_annotations": 46
        },
        "error_count": 1,
        "isCompiled": false,
        "errors": [
            "aiokafka_d62f1d.py:861: error: Cannot determine type of \"partitioner\"  [has-type]",
            "Found 1 error in 1 file (checked 1 source file)"
        ]
    },
    "algorithms_faa87b.py": {
        "stats": {
            "total_parameters": 70,
            "parameters_with_annotations": 70
        },
        "error_count": 2,
        "isCompiled": false,
        "errors": [
            "algorithms_faa87b.py:1334: error: \"int\" has no attribute \"is_integer\"  [attr-defined]",
            "algorithms_faa87b.py:1678: error: Argument 1 to \"len\" has incompatible type \"Callable[[Any], Any] | Mapping[Any, Any] | Any\"; expected \"Sized\"  [arg-type]",
            "Found 2 errors in 1 file (checked 1 source file)"
        ]
    },
    "api_cbdcbd.py": {
        "stats": {
            "total_parameters": 49,
            "parameters_with_annotations": 49
        },
        "error_count": 1,
        "isCompiled": false,
        "errors": [
            "api_cbdcbd.py:145: error: Module has no attribute \"timeout\"  [attr-defined]",
            "Found 1 error in 1 file (checked 1 source file)"
        ]
    },
    "api_tests_78614f.py": {
        "stats": {
            "total_parameters": 94,
            "parameters_with_annotations": 93
        },
        "error_count": 0,
        "isCompiled": true,
        "errors": []
    },
    "api_test_5baf5c.py": {
        "stats": {
            "total_parameters": 172,
            "parameters_with_annotations": 171
        },
        "error_count": 0,
        "isCompiled": true,
        "errors": []
    },
    "appgraph_e5732d.py": {
        "stats": {
            "total_parameters": 126,
            "parameters_with_annotations": 91
        },
        "error_count": 0,
        "isCompiled": true,
        "errors": []
    },
    "applications_c5af27.py": {
        "stats": {
            "total_parameters": 54,
            "parameters_with_annotations": 40
        },
        "error_count": 1,
        "isCompiled": false,
        "errors": [
            "applications_c5af27.py:125: error: ParamSpec must have \"*args\" typed as \"P.args\" and \"**kwargs\" typed as \"P.kwargs\"  [valid-type]",
            "Found 1 error in 1 file (checked 1 source file)"
        ]
    },
    "app_c89ec6.py": {
        "stats": {
            "total_parameters": 103,
            "parameters_with_annotations": 40
        },
        "error_count": 0,
        "isCompiled": true,
        "errors": []
    },
    "app_e5f00c.py": {
        "stats": {
            "total_parameters": 44,
            "parameters_with_annotations": 44
        },
        "error_count": 0,
        "isCompiled": true,
        "errors": []
    },
    "asserters_700def.py": {
        "stats": {
            "total_parameters": 129,
            "parameters_with_annotations": 129
        },
        "error_count": 13,
        "isCompiled": false,
        "errors": [
            "asserters_700def.py:122: error: Argument \"check_dtype\" to \"assert_frame_equal\" has incompatible type \"bool | Literal['equiv']\"; expected \"bool\"  [arg-type]",
            "asserters_700def.py:292: error: Name \"cast\" is not defined  [name-defined]",
            "asserters_700def.py:292: note: Did you forget to import it from \"typing\"? (Suggestion: \"from typing import cast\")",
            "asserters_700def.py:334: error: Name \"cast\" is not defined  [name-defined]",
            "asserters_700def.py:334: note: Did you forget to import it from \"typing\"? (Suggestion: \"from typing import cast\")",
            "asserters_700def.py:796: error: Name \"cast\" is not defined  [name-defined]",
            "asserters_700def.py:796: note: Did you forget to import it from \"typing\"? (Suggestion: \"from typing import cast\")",
            "asserters_700def.py:800: error: Name \"cast\" is not defined  [name-defined]",
            "asserters_700def.py:800: note: Did you forget to import it from \"typing\"? (Suggestion: \"from typing import cast\")",
            "asserters_700def.py:1034: error: Argument \"check_dtype\" to \"assert_extension_array_equal\" has incompatible type \"bool | Literal['equiv']\"; expected \"bool\"  [arg-type]",
            "asserters_700def.py:1091: error: Argument \"check_dtype\" to \"assert_extension_array_equal\" has incompatible type \"bool | Literal['equiv']\"; expected \"bool\"  [arg-type]",
            "asserters_700def.py:1101: error: Argument \"check_dtype\" to \"assert_extension_array_equal\" has incompatible type \"bool | Literal['equiv']\"; expected \"bool\"  [arg-type]",
            "asserters_700def.py:1110: error: Argument \"check_dtype\" to \"assert_extension_array_equal\" has incompatible type \"bool | Literal['equiv']\"; expected \"bool\"  [arg-type]",
            "Found 9 errors in 1 file (checked 1 source file)"
        ]
    },
    "attention_module_7f6559.py": {
        "stats": {
            "total_parameters": 94,
            "parameters_with_annotations": 78
        },
        "error_count": 2,
        "isCompiled": false,
        "errors": [
            "attention_module_7f6559.py:244: error: Incompatible return value type (got \"tuple[Any, Tensor | None]\", expected \"tuple[Tensor, Tensor]\")  [return-value]",
            "attention_module_7f6559.py:356: error: Incompatible types in assignment (expression has type \"None\", variable has type \"Tensor\")  [assignment]",
            "Found 2 errors in 1 file (checked 1 source file)"
        ]
    },
    "auth_d8f17e.py": {
        "stats": {
            "total_parameters": 55,
            "parameters_with_annotations": 40
        },
        "error_count": 0,
        "isCompiled": true,
        "errors": []
    },
    "awsclient_860c67.py": {
        "stats": {
            "total_parameters": 417,
            "parameters_with_annotations": 293
        },
        "error_count": 0,
        "isCompiled": true,
        "errors": []
    },
    "base_6106b5.py": {
        "stats": {
            "total_parameters": 160,
            "parameters_with_annotations": 57
        },
        "error_count": 16,
        "isCompiled": false,
        "errors": [
            "base_6106b5.py:497: error: Incompatible types in assignment (expression has type \"MutableSequence[Any]\", variable has type \"list[Any]\")  [assignment]",
            "base_6106b5.py:523: error: Cannot determine type of \"on_before_configured\"  [has-type]",
            "base_6106b5.py:524: error: Cannot determine type of \"on_configured\"  [has-type]",
            "base_6106b5.py:526: error: Cannot determine type of \"on_after_configured\"  [has-type]",
            "base_6106b5.py:528: error: Cannot determine type of \"on_partitions_assigned\"  [has-type]",
            "base_6106b5.py:530: error: Cannot determine type of \"on_partitions_revoked\"  [has-type]",
            "base_6106b5.py:531: error: Cannot determine type of \"on_worker_init\"  [has-type]",
            "base_6106b5.py:533: error: Cannot determine type of \"on_rebalance_complete\"  [has-type]",
            "base_6106b5.py:535: error: Cannot determine type of \"on_before_shutdown\"  [has-type]",
            "base_6106b5.py:537: error: Cannot determine type of \"on_produce_message\"  [has-type]",
            "base_6106b5.py:660: error: Cannot determine type of \"finalized\"  [has-type]",
            "base_6106b5.py:660: error: Cannot determine type of \"configured\"  [has-type]",
            "base_6106b5.py:662: error: Cannot determine type of \"configured\"  [has-type]",
            "base_6106b5.py:675: error: Cannot determine type of \"finalized\"  [has-type]",
            "base_6106b5.py:1344: error: Function \"fun\" could always be true in boolean context  [truthy-function]",
            "base_6106b5.py:1747: error: Unsupported target for indexed assignment (\"Mapping[str, Any]\")  [index]",
            "Found 16 errors in 1 file (checked 1 source file)"
        ]
    },
    "base_6a0ea7.py": {
        "stats": {
            "total_parameters": 70,
            "parameters_with_annotations": 47
        },
        "error_count": 0,
        "isCompiled": true,
        "errors": []
    },
    "base_949c11.py": {
        "stats": {
            "total_parameters": 159,
            "parameters_with_annotations": 111
        },
        "error_count": 0,
        "isCompiled": true,
        "errors": []
    },
    "base_9c14fc.py": {
        "stats": {
            "total_parameters": 114,
            "parameters_with_annotations": 58
        },
        "error_count": 0,
        "isCompiled": true,
        "errors": []
    },
    "base_b5c467.py": {
        "stats": {
            "total_parameters": 87,
            "parameters_with_annotations": 56
        },
        "error_count": 0,
        "isCompiled": true,
        "errors": []
    },
    "base_bb93b4.py": {
        "stats": {
            "total_parameters": 128,
            "parameters_with_annotations": 76
        },
        "error_count": 0,
        "isCompiled": true,
        "errors": []
    },
    "base_tests_a1e90e.py": {
        "stats": {
            "total_parameters": 119,
            "parameters_with_annotations": 94
        },
        "error_count": 0,
        "isCompiled": true,
        "errors": []
    },
    "beam_search_b3623d.py": {
        "stats": {
            "total_parameters": 131,
            "parameters_with_annotations": 97
        },
        "error_count": 1,
        "isCompiled": false,
        "errors": [
            "beam_search_b3623d.py:598: error: Incompatible types in assignment (expression has type \"int | float\", variable has type \"int\")  [assignment]",
            "Found 1 error in 1 file (checked 1 source file)"
        ]
    },
    "blocks_3a122c.py": {
        "stats": {
            "total_parameters": 211,
            "parameters_with_annotations": 126
        },
        "error_count": 22,
        "isCompiled": false,
        "errors": [
            "blocks_3a122c.py:201: error: Decorators on top of @property are not supported  [misc]",
            "blocks_3a122c.py:232: error: Trying to assign name \"_mgr_locs\" that is not in \"__slots__\" of type \"blocks_3a122c.Block\"  [misc]",
            "blocks_3a122c.py:644: error: Name \"cast\" is not defined  [name-defined]",
            "blocks_3a122c.py:644: note: Did you forget to import it from \"typing\"? (Suggestion: \"from typing import cast\")",
            "blocks_3a122c.py:787: error: Name \"cast\" is not defined  [name-defined]",
            "blocks_3a122c.py:787: note: Did you forget to import it from \"typing\"? (Suggestion: \"from typing import cast\")",
            "blocks_3a122c.py:804: error: Name \"cast\" is not defined  [name-defined]",
            "blocks_3a122c.py:804: note: Did you forget to import it from \"typing\"? (Suggestion: \"from typing import cast\")",
            "blocks_3a122c.py:819: error: Name \"cast\" is not defined  [name-defined]",
            "blocks_3a122c.py:819: note: Did you forget to import it from \"typing\"? (Suggestion: \"from typing import cast\")",
            "blocks_3a122c.py:831: error: Name \"cast\" is not defined  [name-defined]",
            "blocks_3a122c.py:831: note: Did you forget to import it from \"typing\"? (Suggestion: \"from typing import cast\")",
            "blocks_3a122c.py:861: error: Name \"cast\" is not defined  [name-defined]",
            "blocks_3a122c.py:861: note: Did you forget to import it from \"typing\"? (Suggestion: \"from typing import cast\")",
            "blocks_3a122c.py:946: error: Name \"cast\" is not defined  [name-defined]",
            "blocks_3a122c.py:946: note: Did you forget to import it from \"typing\"? (Suggestion: \"from typing import cast\")",
            "blocks_3a122c.py:1009: error: Name \"cast\" is not defined  [name-defined]",
            "blocks_3a122c.py:1009: note: Did you forget to import it from \"typing\"? (Suggestion: \"from typing import cast\")",
            "blocks_3a122c.py:1039: error: Name \"cast\" is not defined  [name-defined]",
            "blocks_3a122c.py:1039: note: Did you forget to import it from \"typing\"? (Suggestion: \"from typing import cast\")",
            "blocks_3a122c.py:1528: error: Name \"cast\" is not defined  [name-defined]",
            "blocks_3a122c.py:1528: note: Did you forget to import it from \"typing\"? (Suggestion: \"from typing import cast\")",
            "Found 12 errors in 1 file (checked 1 source file)"
        ]
    },
    "btanalysis_7decb4.py": {
        "stats": {
            "total_parameters": 50,
            "parameters_with_annotations": 50
        },
        "error_count": 1,
        "isCompiled": false,
        "errors": [
            "btanalysis_7decb4.py:197: error: Incompatible types in assignment (expression has type \"str\", variable has type \"Literal['metadata', 'strategy']\")  [assignment]",
            "Found 1 error in 1 file (checked 1 source file)"
        ]
    },
    "cache_83a043.py": {
        "stats": {
            "total_parameters": 84,
            "parameters_with_annotations": 82
        },
        "error_count": 73,
        "isCompiled": false,
        "errors": [
            "cache_83a043.py:29: error: Name \"TypeVar\" is not defined  [name-defined]",
            "cache_83a043.py:29: note: Did you forget to import it from \"typing\"? (Suggestion: \"from typing import TypeVar\")",
            "cache_83a043.py:118: error: Variable \"cache_83a043.ReturnT\" is not valid as a type  [valid-type]",
            "cache_83a043.py:118: note: See https://mypy.readthedocs.io/en/stable/common_issues.html#variables-vs-type-aliases",
            "cache_83a043.py:125: error: Variable \"cache_83a043.ReturnT\" is not valid as a type  [valid-type]",
            "cache_83a043.py:125: note: See https://mypy.readthedocs.io/en/stable/common_issues.html#variables-vs-type-aliases",
            "cache_83a043.py:127: error: Variable \"cache_83a043.ReturnT\" is not valid as a type  [valid-type]",
            "cache_83a043.py:127: note: See https://mypy.readthedocs.io/en/stable/common_issues.html#variables-vs-type-aliases",
            "cache_83a043.py:308: error: Name \"TypeVar\" is not defined  [name-defined]",
            "cache_83a043.py:308: note: Did you forget to import it from \"typing\"? (Suggestion: \"from typing import TypeVar\")",
            "cache_83a043.py:311: error: Name \"TypeVar\" is not defined  [name-defined]",
            "cache_83a043.py:311: note: Did you forget to import it from \"typing\"? (Suggestion: \"from typing import TypeVar\")",
            "cache_83a043.py:315: error: Name \"TypeVar\" is not defined  [name-defined]",
            "cache_83a043.py:315: note: Did you forget to import it from \"typing\"? (Suggestion: \"from typing import TypeVar\")",
            "cache_83a043.py:319: error: Name \"TypeVar\" is not defined  [name-defined]",
            "cache_83a043.py:319: note: Did you forget to import it from \"typing\"? (Suggestion: \"from typing import TypeVar\")",
            "cache_83a043.py:323: error: Variable \"cache_83a043.ObjKT\" is not valid as a type  [valid-type]",
            "cache_83a043.py:323: note: See https://mypy.readthedocs.io/en/stable/common_issues.html#variables-vs-type-aliases",
            "cache_83a043.py:324: error: Variable \"cache_83a043.ObjKT\" is not valid as a type  [valid-type]",
            "cache_83a043.py:324: note: See https://mypy.readthedocs.io/en/stable/common_issues.html#variables-vs-type-aliases",
            "cache_83a043.py:324: error: Variable \"cache_83a043.ItemT\" is not valid as a type  [valid-type]",
            "cache_83a043.py:325: error: Variable \"cache_83a043.ObjKT\" is not valid as a type  [valid-type]",
            "cache_83a043.py:325: note: See https://mypy.readthedocs.io/en/stable/common_issues.html#variables-vs-type-aliases",
            "cache_83a043.py:327: error: Variable \"cache_83a043.CompressedItemT\" is not valid as a type  [valid-type]",
            "cache_83a043.py:327: note: See https://mypy.readthedocs.io/en/stable/common_issues.html#variables-vs-type-aliases",
            "cache_83a043.py:327: error: Variable \"cache_83a043.CacheItemT\" is not valid as a type  [valid-type]",
            "cache_83a043.py:328: error: Variable \"cache_83a043.CacheItemT\" is not valid as a type  [valid-type]",
            "cache_83a043.py:328: note: See https://mypy.readthedocs.io/en/stable/common_issues.html#variables-vs-type-aliases",
            "cache_83a043.py:328: error: Variable \"cache_83a043.CompressedItemT\" is not valid as a type  [valid-type]",
            "cache_83a043.py:329: error: Variable \"cache_83a043.ItemT\" is not valid as a type  [valid-type]",
            "cache_83a043.py:329: note: See https://mypy.readthedocs.io/en/stable/common_issues.html#variables-vs-type-aliases",
            "cache_83a043.py:329: error: Variable \"cache_83a043.ObjKT\" is not valid as a type  [valid-type]",
            "cache_83a043.py:330: error: Variable \"cache_83a043.ItemT\" is not valid as a type  [valid-type]",
            "cache_83a043.py:330: note: See https://mypy.readthedocs.io/en/stable/common_issues.html#variables-vs-type-aliases",
            "cache_83a043.py:330: error: Variable \"cache_83a043.CacheItemT\" is not valid as a type  [valid-type]",
            "cache_83a043.py:331: error: Variable \"cache_83a043.ObjKT\" is not valid as a type  [valid-type]",
            "cache_83a043.py:331: note: See https://mypy.readthedocs.io/en/stable/common_issues.html#variables-vs-type-aliases",
            "cache_83a043.py:331: error: Variable \"cache_83a043.CacheItemT\" is not valid as a type  [valid-type]",
            "cache_83a043.py:336: error: Variable \"cache_83a043.ObjKT\" is not valid as a type  [valid-type]",
            "cache_83a043.py:336: note: See https://mypy.readthedocs.io/en/stable/common_issues.html#variables-vs-type-aliases",
            "cache_83a043.py:340: error: Variable \"cache_83a043.CompressedItemT\" is not valid as a type  [valid-type]",
            "cache_83a043.py:340: note: See https://mypy.readthedocs.io/en/stable/common_issues.html#variables-vs-type-aliases",
            "cache_83a043.py:344: error: Variable \"cache_83a043.CacheItemT\" is not valid as a type  [valid-type]",
            "cache_83a043.py:344: note: See https://mypy.readthedocs.io/en/stable/common_issues.html#variables-vs-type-aliases",
            "cache_83a043.py:355: error: Variable \"cache_83a043.CompressedItemT\" is not valid as a type  [valid-type]",
            "cache_83a043.py:355: note: See https://mypy.readthedocs.io/en/stable/common_issues.html#variables-vs-type-aliases",
            "cache_83a043.py:371: error: Variable \"cache_83a043.ObjKT\" is not valid as a type  [valid-type]",
            "cache_83a043.py:371: note: See https://mypy.readthedocs.io/en/stable/common_issues.html#variables-vs-type-aliases",
            "cache_83a043.py:372: error: Variable \"cache_83a043.ObjKT\" is not valid as a type  [valid-type]",
            "cache_83a043.py:372: note: See https://mypy.readthedocs.io/en/stable/common_issues.html#variables-vs-type-aliases",
            "cache_83a043.py:372: error: Variable \"cache_83a043.ItemT\" is not valid as a type  [valid-type]",
            "cache_83a043.py:373: error: Variable \"cache_83a043.ObjKT\" is not valid as a type  [valid-type]",
            "cache_83a043.py:373: note: See https://mypy.readthedocs.io/en/stable/common_issues.html#variables-vs-type-aliases",
            "cache_83a043.py:375: error: Variable \"cache_83a043.ItemT\" is not valid as a type  [valid-type]",
            "cache_83a043.py:375: note: See https://mypy.readthedocs.io/en/stable/common_issues.html#variables-vs-type-aliases",
            "cache_83a043.py:375: error: Variable \"cache_83a043.ObjKT\" is not valid as a type  [valid-type]",
            "cache_83a043.py:376: error: Variable \"cache_83a043.ObjKT\" is not valid as a type  [valid-type]",
            "cache_83a043.py:376: note: See https://mypy.readthedocs.io/en/stable/common_issues.html#variables-vs-type-aliases",
            "cache_83a043.py:376: error: Variable \"cache_83a043.ItemT\" is not valid as a type  [valid-type]",
            "cache_83a043.py:690: error: Free type variable expected in Generic[...]  [misc]",
            "cache_83a043.py:692: error: Variable \"cache_83a043.ReturnT\" is not valid as a type  [valid-type]",
            "cache_83a043.py:692: note: See https://mypy.readthedocs.io/en/stable/common_issues.html#variables-vs-type-aliases",
            "cache_83a043.py:697: error: \"Callable[ParamT, ReturnT?]\" has no attribute \"cache_info\"  [attr-defined]",
            "cache_83a043.py:698: error: \"Callable[ParamT, ReturnT?]\" has no attribute \"cache_clear\"  [attr-defined]",
            "cache_83a043.py:700: error: Variable \"cache_83a043.ReturnT\" is not valid as a type  [valid-type]",
            "cache_83a043.py:700: note: See https://mypy.readthedocs.io/en/stable/common_issues.html#variables-vs-type-aliases",
            "cache_83a043.py:730: error: Variable \"cache_83a043.ReturnT\" is not valid as a type  [valid-type]",
            "cache_83a043.py:730: note: See https://mypy.readthedocs.io/en/stable/common_issues.html#variables-vs-type-aliases",
            "cache_83a043.py:741: error: Variable \"cache_83a043.ReturnT\" is not valid as a type  [valid-type]",
            "cache_83a043.py:741: note: See https://mypy.readthedocs.io/en/stable/common_issues.html#variables-vs-type-aliases",
            "cache_83a043.py:742: error: Variable \"cache_83a043.ReturnT\" is not valid as a type  [valid-type]",
            "cache_83a043.py:742: note: See https://mypy.readthedocs.io/en/stable/common_issues.html#variables-vs-type-aliases",
            "cache_83a043.py:743: error: Argument 1 to \"IgnoreUnhashableLruCacheWrapper\" has incompatible type \"Callable[ParamT, ReturnT?]\"; expected \"Callable[[ParamT, ReturnT?], ReturnT?]\"  [arg-type]",
            "Found 43 errors in 1 file (checked 1 source file)"
        ]
    },
    "call_824067.py": {
        "stats": {
            "total_parameters": 68,
            "parameters_with_annotations": 50
        },
        "error_count": 0,
        "isCompiled": true,
        "errors": []
    },
    "channels_8e6ab8.py": {
        "stats": {
            "total_parameters": 77,
            "parameters_with_annotations": 44
        },
        "error_count": 0,
        "isCompiled": true,
        "errors": []
    },
    "channel_43e477.py": {
        "stats": {
            "total_parameters": 274,
            "parameters_with_annotations": 274
        },
        "error_count": 0,
        "isCompiled": true,
        "errors": []
    },
    "classification_92cb06.py": {
        "stats": {
            "total_parameters": 63,
            "parameters_with_annotations": 63
        },
        "error_count": 0,
        "isCompiled": true,
        "errors": []
    },
    "client_1e3c0a.py": {
        "stats": {
            "total_parameters": 55,
            "parameters_with_annotations": 41
        },
        "error_count": 0,
        "isCompiled": true,
        "errors": []
    },
    "common_4a17c0.py": {
        "stats": {
            "total_parameters": 41,
            "parameters_with_annotations": 41
        },
        "error_count": 4,
        "isCompiled": false,
        "errors": [
            "common_4a17c0.py:109: error: Incompatible types in assignment (expression has type \"str\", target has type \"bool\")  [assignment]",
            "common_4a17c0.py:125: error: Incompatible types in assignment (expression has type \"str\", target has type \"float\")  [assignment]",
            "common_4a17c0.py:217: error: Incompatible types in assignment (expression has type \"float\", target has type \"str\")  [assignment]",
            "common_4a17c0.py:241: error: Incompatible types in assignment (expression has type \"Any | Literal[True]\", target has type \"str\")  [assignment]",
            "Found 4 errors in 1 file (checked 1 source file)"
        ]
    },
    "compilation_283ca2.py": {
        "stats": {
            "total_parameters": 83,
            "parameters_with_annotations": 58
        },
        "error_count": 0,
        "isCompiled": true,
        "errors": []
    },
    "confluent_3b2473.py": {
        "stats": {
            "total_parameters": 58,
            "parameters_with_annotations": 36
        },
        "error_count": 3,
        "isCompiled": false,
        "errors": [
            "confluent_3b2473.py:441: error: Unexpected keyword argument \"timeout\"  [call-arg]",
            "confluent_3b2473.py:442: error: Unexpected keyword argument \"timeout\"  [call-arg]",
            "confluent_3b2473.py:537: error: Argument 3 to \"send\" of \"Producer\" has incompatible type \"bytes | None\"; expected \"bytes\"  [arg-type]",
            "Found 3 errors in 1 file (checked 1 source file)"
        ]
    },
    "construction_4e8f89.py": {
        "stats": {
            "total_parameters": 60,
            "parameters_with_annotations": 60
        },
        "error_count": 1,
        "isCompiled": false,
        "errors": [
            "construction_4e8f89.py:79: error: Name \"TYPE_CHECKING\" is not defined  [name-defined]",
            "Found 1 error in 1 file (checked 1 source file)"
        ]
    },
    "consumer_fa3d87.py": {
        "stats": {
            "total_parameters": 0,
            "parameters_with_annotations": 0
        },
        "error_count": 1,
        "isCompiled": false,
        "errors": [
            "consumer_fa3d87.py:482: error: invalid syntax; you likely need to run mypy using Python 3.10 or newer  [syntax]",
            "Found 1 error in 1 file (errors prevented further checking)"
        ]
    },
    "context_config_b7e80b.py": {
        "stats": {
            "total_parameters": 93,
            "parameters_with_annotations": 64
        },
        "error_count": 1,
        "isCompiled": false,
        "errors": [
            "context_config_b7e80b.py:33: error: Missing return statement  [empty-body]",
            "Found 1 error in 1 file (checked 1 source file)"
        ]
    },
    "coordinator_e4c72e.py": {
        "stats": {
            "total_parameters": 53,
            "parameters_with_annotations": 36
        },
        "error_count": 0,
        "isCompiled": true,
        "errors": []
    },
    "cover_ccbdb1.py": {
        "stats": {
            "total_parameters": 134,
            "parameters_with_annotations": 66
        },
        "error_count": 5,
        "isCompiled": false,
        "errors": [
            "cover_ccbdb1.py:594: error: Cannot determine type of \"_attr_unique_id\"  [has-type]",
            "cover_ccbdb1.py:630: error: Cannot determine type of \"_attr_unique_id\"  [has-type]",
            "cover_ccbdb1.py:735: error: Cannot determine type of \"_attr_unique_id\"  [has-type]",
            "cover_ccbdb1.py:798: error: Cannot determine type of \"_attr_unique_id\"  [has-type]",
            "cover_ccbdb1.py:853: error: Cannot determine type of \"_attr_unique_id\"  [has-type]",
            "Found 5 errors in 1 file (checked 1 source file)"
        ]
    },
    "create_user_36a545.py": {
        "stats": {
            "total_parameters": 40,
            "parameters_with_annotations": 40
        },
        "error_count": 0,
        "isCompiled": true,
        "errors": []
    },
    "create_user_5beae0.py": {
        "stats": {
            "total_parameters": 39,
            "parameters_with_annotations": 39
        },
        "error_count": 0,
        "isCompiled": true,
        "errors": []
    },
    "custom_profile_fields_ccef17.py": {
        "stats": {
            "total_parameters": 36,
            "parameters_with_annotations": 36
        },
        "error_count": 0,
        "isCompiled": true,
        "errors": []
    },
    "dataclasses_a27d2a.py": {
        "stats": {
            "total_parameters": 47,
            "parameters_with_annotations": 37
        },
        "error_count": 4,
        "isCompiled": false,
        "errors": [
            "D:\\Research\\Harmonizing_ml_results\\ManyTypes4py_benchmarks\\Human_annotations_detailed_analysis\\o3_mini_outputs\\o3_mini_twenty_percent_typed_output\\dataclasses_a27d2a.py: error: INTERNAL ERROR -- Please try using mypy master on GitHub:",
            "https://mypy.readthedocs.io/en/stable/common_issues.html#using-a-development-mypy-build",
            "If this issue continues with mypy master, please report a bug at https://github.com/python/mypy/issues",
            "version: 1.4.1",
            "D:\\Research\\Harmonizing_ml_results\\ManyTypes4py_benchmarks\\Human_annotations_detailed_analysis\\o3_mini_outputs\\o3_mini_twenty_percent_typed_output\\dataclasses_a27d2a.py: : note: please use --show-traceback to print a traceback when reporting a bug"
        ]
    },
    "datadog_c5ba7b.py": {
        "stats": {
            "total_parameters": 131,
            "parameters_with_annotations": 93
        },
        "error_count": 0,
        "isCompiled": true,
        "errors": []
    },
    "dataprovider_a0d211.py": {
        "stats": {
            "total_parameters": 85,
            "parameters_with_annotations": 58
        },
        "error_count": 0,
        "isCompiled": true,
        "errors": []
    },
    "datastructures_0a7b11.py": {
        "stats": {
            "total_parameters": 142,
            "parameters_with_annotations": 54
        },
        "error_count": 11,
        "isCompiled": false,
        "errors": [
            "datastructures_0a7b11.py:233: error: Signature of \"__getitem__\" incompatible with supertype \"Sequence\"  [override]",
            "datastructures_0a7b11.py:233: note:      Superclass:",
            "datastructures_0a7b11.py:233: note:          @overload",
            "datastructures_0a7b11.py:233: note:          def __getitem__(self, int, /) -> str",
            "datastructures_0a7b11.py:233: note:          @overload",
            "datastructures_0a7b11.py:233: note:          def __getitem__(self, slice, /) -> Sequence[str]",
            "datastructures_0a7b11.py:233: note:      Subclass:",
            "datastructures_0a7b11.py:233: note:          def __getitem__(self, int | slice, /) -> str | list[str]",
            "datastructures_0a7b11.py:515: error: Return type \"list[str]\" of \"keys\" incompatible with return type \"KeysView[str]\" in supertype \"Mapping\"  [override]",
            "datastructures_0a7b11.py:518: error: Return type \"list[str]\" of \"values\" incompatible with return type \"ValuesView[str]\" in supertype \"Mapping\"  [override]",
            "datastructures_0a7b11.py:521: error: Return type \"list[tuple[str, str]]\" of \"items\" incompatible with return type \"ItemsView[str, str]\" in supertype \"Mapping\"  [override]",
            "Found 4 errors in 1 file (checked 1 source file)"
        ]
    },
    "data_catalog_8d7fcf.py": {
        "stats": {
            "total_parameters": 59,
            "parameters_with_annotations": 36
        },
        "error_count": 0,
        "isCompiled": true,
        "errors": []
    },
    "debug_info_f902e5.py": {
        "stats": {
            "total_parameters": 36,
            "parameters_with_annotations": 36
        },
        "error_count": 2,
        "isCompiled": false,
        "errors": [
            "debug_info_f902e5.py:157: error: Module has no attribute \"UTC\"  [attr-defined]",
            "debug_info_f902e5.py:176: error: Module has no attribute \"UTC\"  [attr-defined]",
            "Found 2 errors in 1 file (checked 1 source file)"
        ]
    },
    "dockerutils_6badca.py": {
        "stats": {
            "total_parameters": 55,
            "parameters_with_annotations": 42
        },
        "error_count": 1,
        "isCompiled": false,
        "errors": [
            "dockerutils_6badca.py:255: error: Argument 1 to \"__exit__\" of \"TemporaryDirectory\" has incompatible type \"BaseException | None\"; expected \"type[BaseException] | None\"  [arg-type]",
            "Found 1 error in 1 file (checked 1 source file)"
        ]
    },
    "email_mirror_590460.py": {
        "stats": {
            "total_parameters": 52,
            "parameters_with_annotations": 49
        },
        "error_count": 3,
        "isCompiled": false,
        "errors": [
            "email_mirror_590460.py:349: error: Argument 3 to \"sub\" has incompatible type \"str | None\"; expected \"str\"  [arg-type]",
            "email_mirror_590460.py:563: error: Method \"key\" is marked as an override, but no base method was found with this name  [misc]",
            "email_mirror_590460.py:567: error: Method \"rules\" is marked as an override, but no base method was found with this name  [misc]",
            "Found 3 errors in 1 file (checked 1 source file)"
        ]
    },
    "evaluators_b911b8.py": {
        "stats": {
            "total_parameters": 124,
            "parameters_with_annotations": 124
        },
        "error_count": 0,
        "isCompiled": true,
        "errors": []
    },
    "event_schema_4d75fe.py": {
        "stats": {
            "total_parameters": 67,
            "parameters_with_annotations": 67
        },
        "error_count": 0,
        "isCompiled": true,
        "errors": []
    },
    "ewm_ef0fa0.py": {
        "stats": {
            "total_parameters": 93,
            "parameters_with_annotations": 72
        },
        "error_count": 2,
        "isCompiled": false,
        "errors": [
            "ewm_ef0fa0.py:331: note: \"__init__\" of \"ExponentialMovingWindow\" defined here",
            "ewm_ef0fa0.py:914: error: Unexpected keyword argument \"_grouper\" for \"__init__\" of \"ExponentialMovingWindow\"  [call-arg]",
            "Found 1 error in 1 file (checked 1 source file)"
        ]
    },
    "excel_26f18f.py": {
        "stats": {
            "total_parameters": 105,
            "parameters_with_annotations": 64
        },
        "error_count": 9,
        "isCompiled": false,
        "errors": [
            "excel_26f18f.py:101: error: Function \"css_converter\" could always be true in boolean context  [truthy-function]",
            "excel_26f18f.py:191: error: Too few arguments  [call-arg]",
            "excel_26f18f.py:191: note: \"compute_css\" is considered instance variable, to make it class variable use ClassVar[...]",
            "excel_26f18f.py:225: error: Argument 1 has incompatible type \"str | frozenset[tuple[str, str]]\"; expected \"str\"  [arg-type]",
            "excel_26f18f.py:230: error: Dict entry 0 has incompatible type \"str\": \"dict[str, bool | str | None]\"; expected \"str\": \"dict[str, str | None]\"  [dict-item]",
            "excel_26f18f.py:231: error: Dict entry 1 has incompatible type \"str\": \"dict[str, dict[str, str | None]]\"; expected \"str\": \"dict[str, str | None]\"  [dict-item]",
            "excel_26f18f.py:232: error: Dict entry 2 has incompatible type \"str\": \"dict[str, str | None] | None\"; expected \"str\": \"dict[str, str | None]\"  [dict-item]",
            "excel_26f18f.py:233: error: Dict entry 3 has incompatible type \"str\": \"dict[str, bool | float | str | None]\"; expected \"str\": \"dict[str, str | None]\"  [dict-item]",
            "excel_26f18f.py:250: error: Incompatible return value type (got \"dict[str, dict[str, str | None]]\", expected \"dict[str, dict[str, str]]\")  [return-value]",
            "Found 8 errors in 1 file (checked 1 source file)"
        ]
    },
    "exceptions_c3abb4.py": {
        "stats": {
            "total_parameters": 62,
            "parameters_with_annotations": 40
        },
        "error_count": 0,
        "isCompiled": true,
        "errors": []
    },
    "exposed_entities_a550ba.py": {
        "stats": {
            "total_parameters": 77,
            "parameters_with_annotations": 60
        },
        "error_count": 0,
        "isCompiled": true,
        "errors": []
    },
    "factory_7a7586.py": {
        "stats": {
            "total_parameters": 65,
            "parameters_with_annotations": 46
        },
        "error_count": 7,
        "isCompiled": false,
        "errors": [
            "factory_7a7586.py:98: error: Value of type \"tuple[object, ...] | Mapping[str, object] | None\" is not indexable  [index]",
            "factory_7a7586.py:98: error: Item \"object\" of \"object | Any\" has no attribute \"name\"  [union-attr]",
            "factory_7a7586.py:98: error: Invalid index type \"int\" for \"tuple[object, ...] | Mapping[str, object] | None\"; expected type \"str\"  [index]",
            "factory_7a7586.py:104: error: Invalid index type \"slice\" for \"tuple[object, ...] | Mapping[str, object] | None\"; expected type \"str\"  [index]",
            "factory_7a7586.py:104: error: Value of type \"tuple[object, ...] | Mapping[str, object] | None\" is not indexable  [index]",
            "factory_7a7586.py:104: error: Unsupported left operand type for + (\"object\")  [operator]",
            "factory_7a7586.py:104: note: Left operand is of type \"object | Any\"",
            "Found 6 errors in 1 file (checked 1 source file)"
        ]
    },
    "fields_c8e6d9.py": {
        "stats": {
            "total_parameters": 84,
            "parameters_with_annotations": 51
        },
        "error_count": 0,
        "isCompiled": true,
        "errors": []
    },
    "flow_engine_887be2.py": {
        "stats": {
            "total_parameters": 74,
            "parameters_with_annotations": 47
        },
        "error_count": 14,
        "isCompiled": false,
        "errors": [
            "flow_engine_887be2.py:325: error: Item \"None\" of \"Any | None\" has no attribute \"id\"  [union-attr]",
            "flow_engine_887be2.py:639: error: \"Logger\" has no attribute \"extra\"  [attr-defined]",
            "flow_engine_887be2.py:717: error: Argument 1 to \"handle_crash\" of \"FlowRunEngine\" has incompatible type \"BaseException\"; expected \"Exception\"  [arg-type]",
            "flow_engine_887be2.py:763: error: Item \"None\" of \"Any | None\" has no attribute \"name\"  [union-attr]",
            "flow_engine_887be2.py:783: error: Incompatible return value type (got \"Coroutine[Any, Any, None]\", expected \"R | Coroutine[Any, Any, R]\")  [return-value]",
            "flow_engine_887be2.py:894: error: Item \"None\" of \"Any | None\" has no attribute \"id\"  [union-attr]",
            "flow_engine_887be2.py:1182: error: \"Logger\" has no attribute \"extra\"  [attr-defined]",
            "flow_engine_887be2.py:1259: error: Argument 1 to \"handle_crash\" of \"AsyncFlowRunEngine\" has incompatible type \"BaseException\"; expected \"Exception\"  [arg-type]",
            "flow_engine_887be2.py:1295: error: Item \"None\" of \"Any | None\" has no attribute \"name\"  [union-attr]",
            "flow_engine_887be2.py:1313: error: Incompatible return value type (got \"R\", expected \"Coroutine[Any, Any, R]\")  [return-value]",
            "flow_engine_887be2.py:1359: error: Value of type \"Coroutine[Any, Any, R]\" must be used  [unused-coroutine]",
            "flow_engine_887be2.py:1359: note: Are you missing an await?",
            "flow_engine_887be2.py:1401: error: No return value expected  [return-value]",
            "flow_engine_887be2.py:1592: error: \"BaseContext\" has no attribute \"Process\"  [attr-defined]",
            "Found 13 errors in 1 file (checked 1 source file)"
        ]
    },
    "format_84da8c.py": {
        "stats": {
            "total_parameters": 199,
            "parameters_with_annotations": 141
        },
        "error_count": 8,
        "isCompiled": false,
        "errors": [
            "format_84da8c.py:51: error: Name \"TYPE_CHECKING\" is not defined  [name-defined]",
            "format_84da8c.py:158: error: Name \"Literal\" is not defined  [name-defined]",
            "format_84da8c.py:158: error: Name \"truncate\" is not defined  [name-defined]",
            "format_84da8c.py:173: error: Name \"Literal\" is not defined  [name-defined]",
            "format_84da8c.py:749: error: List item 0 has incompatible type \"Sequence[str]\"; expected \"str\"  [list-item]",
            "format_84da8c.py:749: error: Unsupported operand types for + (\"str\" and \"list[str]\")  [operator]",
            "format_84da8c.py:777: error: List comprehension has incompatible type List[tuple[str, ...]]; expected List[list[str]]  [misc]",
            "format_84da8c.py:1091: error: Argument \"leading_space\" to \"_GenericArrayFormatter\" has incompatible type \"bool | None\"; expected \"bool\"  [arg-type]",
            "Found 8 errors in 1 file (checked 1 source file)"
        ]
    },
    "frame_manager_271dac.py": {
        "stats": {
            "total_parameters": 88,
            "parameters_with_annotations": 48
        },
        "error_count": 6,
        "isCompiled": false,
        "errors": [
            "frame_manager_271dac.py:679: error: \"Awaitable[None]\" has no attribute \"set_exception\"  [attr-defined]",
            "frame_manager_271dac.py:717: error: Item \"None\" of \"dict[str, Any] | None\" has no attribute \"get\"  [union-attr]",
            "frame_manager_271dac.py:718: error: Item \"None\" of \"dict[str, Any] | None\" has no attribute \"get\"  [union-attr]",
            "frame_manager_271dac.py:726: error: Item \"None\" of \"dict[str, Any] | None\" has no attribute \"get\"  [union-attr]",
            "frame_manager_271dac.py:727: error: Item \"None\" of \"dict[str, Any] | None\" has no attribute \"get\"  [union-attr]",
            "frame_manager_271dac.py:728: error: Item \"None\" of \"dict[str, Any] | None\" has no attribute \"get\"  [union-attr]",
            "Found 6 errors in 1 file (checked 1 source file)"
        ]
    },
    "from_params_test_811442.py": {
        "stats": {
            "total_parameters": 213,
            "parameters_with_annotations": 98
        },
        "error_count": 1,
        "isCompiled": false,
        "errors": [
            "from_params_test_811442.py:337: error: \"type[object]\" has no attribute \"from_params\"  [attr-defined]",
            "Found 1 error in 1 file (checked 1 source file)"
        ]
    },
    "generic_8a9e7c.py": {
        "stats": {
            "total_parameters": 134,
            "parameters_with_annotations": 87
        },
        "error_count": 10,
        "isCompiled": false,
        "errors": [
            "generic_8a9e7c.py:519: error: Function \"generic_8a9e7c.Frame.bool\" is not valid as a type  [valid-type]",
            "generic_8a9e7c.py:519: note: Perhaps you need \"Callable[...]\" or a callback protocol?",
            "generic_8a9e7c.py:557: error: Function \"generic_8a9e7c.Frame.bool\" is not valid as a type  [valid-type]",
            "generic_8a9e7c.py:557: note: Perhaps you need \"Callable[...]\" or a callback protocol?",
            "generic_8a9e7c.py:560: error: Function \"generic_8a9e7c.Frame.bool\" is not valid as a type  [valid-type]",
            "generic_8a9e7c.py:560: note: Perhaps you need \"Callable[...]\" or a callback protocol?",
            "generic_8a9e7c.py:565: error: Function \"generic_8a9e7c.Frame.bool\" is not valid as a type  [valid-type]",
            "generic_8a9e7c.py:565: note: Perhaps you need \"Callable[...]\" or a callback protocol?",
            "generic_8a9e7c.py:586: error: Function \"generic_8a9e7c.Frame.bool\" is not valid as a type  [valid-type]",
            "generic_8a9e7c.py:586: note: Perhaps you need \"Callable[...]\" or a callback protocol?",
            "Found 5 errors in 1 file (checked 1 source file)"
        ]
    },
    "generic_a07530.py": {
        "stats": {
            "total_parameters": 0,
            "parameters_with_annotations": 0
        },
        "error_count": 1,
        "isCompiled": false,
        "errors": [
            "generic_a07530.py:574: error: invalid syntax; you likely need to run mypy using Python 3.10 or newer  [syntax]",
            "Found 1 error in 1 file (errors prevented further checking)"
        ]
    },
    "git_90c119.py": {
        "stats": {
            "total_parameters": 50,
            "parameters_with_annotations": 50
        },
        "error_count": 0,
        "isCompiled": true,
        "errors": []
    },
    "groupby_7dd4b2.py": {
        "stats": {
            "total_parameters": 176,
            "parameters_with_annotations": 112
        },
        "error_count": 5,
        "isCompiled": false,
        "errors": [
            "groupby_7dd4b2.py:155: error: Incompatible types in assignment (expression has type \"OrderedDict[Any, list[Any]]\", variable has type \"str | list[str] | dict[Any, str | list[str]] | None\")  [assignment]",
            "groupby_7dd4b2.py:205: error: Argument 1 to \"len\" has incompatible type \"Iterable[Any]\"; expected \"Sized\"  [arg-type]",
            "groupby_7dd4b2.py:243: error: Argument 1 to \"len\" has incompatible type \"Iterable[Any]\"; expected \"Sized\"  [arg-type]",
            "groupby_7dd4b2.py:1420: error: Item \"None\" of \"list[Any] | None\" has no attribute \"__iter__\" (not iterable)  [union-attr]",
            "groupby_7dd4b2.py:1738: error: List comprehension has incompatible type List[tuple[Any, ...]]; expected List[tuple[Any, Any]]  [misc]",
            "Found 5 errors in 1 file (checked 1 source file)"
        ]
    },
    "header_990b83.py": {
        "stats": {
            "total_parameters": 0,
            "parameters_with_annotations": 0
        },
        "error_count": 1,
        "isCompiled": false,
        "errors": [
            "header_990b83.py:294: error: invalid syntax; you likely need to run mypy using Python 3.10 or newer  [syntax]",
            "Found 1 error in 1 file (errors prevented further checking)"
        ]
    },
    "helpers_b607a0.py": {
        "stats": {
            "total_parameters": 51,
            "parameters_with_annotations": 50
        },
        "error_count": 0,
        "isCompiled": true,
        "errors": []
    },
    "helpers_e73aba.py": {
        "stats": {
            "total_parameters": 44,
            "parameters_with_annotations": 44
        },
        "error_count": 0,
        "isCompiled": true,
        "errors": []
    },
    "hist_13f59f.py": {
        "stats": {
            "total_parameters": 107,
            "parameters_with_annotations": 92
        },
        "error_count": 5,
        "isCompiled": false,
        "errors": [
            "hist_13f59f.py:94: error: Argument 2 to \"_calculate_bins\" of \"HistPlot\" has incompatible type \"int | Any | list[int]\"; expected \"int\"  [arg-type]",
            "hist_13f59f.py:198: error: No overload variant of \"__getitem__\" of \"list\" matches argument type \"tuple[slice, int]\"  [call-overload]",
            "hist_13f59f.py:198: note: Possible overload variants:",
            "hist_13f59f.py:198: note:     def __getitem__(self, SupportsIndex, /) -> float",
            "hist_13f59f.py:198: note:     def __getitem__(self, slice, /) -> list[float]",
            "Found 2 errors in 1 file (checked 1 source file)"
        ]
    },
    "hive_66cde7.py": {
        "stats": {
            "total_parameters": 88,
            "parameters_with_annotations": 66
        },
        "error_count": 1,
        "isCompiled": false,
        "errors": [
            "hive_66cde7.py:437: error: Missing return statement  [empty-body]",
            "Found 1 error in 1 file (checked 1 source file)"
        ]
    },
    "http1connection_0621ea.py": {
        "stats": {
            "total_parameters": 72,
            "parameters_with_annotations": 43
        },
        "error_count": 0,
        "isCompiled": true,
        "errors": []
    },
    "httpclient_e36adc.py": {
        "stats": {
            "total_parameters": 87,
            "parameters_with_annotations": 61
        },
        "error_count": 1,
        "isCompiled": false,
        "errors": [
            "httpclient_e36adc.py:296: error: invalid syntax; you likely need to run mypy using Python 3.10 or newer  [syntax]",
            "Found 1 error in 1 file (errors prevented further checking)"
        ]
    },
    "indexing_b000ec.py": {
        "stats": {
            "total_parameters": 108,
            "parameters_with_annotations": 63
        },
        "error_count": 22,
        "isCompiled": false,
        "errors": [
            "indexing_b000ec.py:150: error: Argument 2 to \"isinstance\" has incompatible type \"Any | str\"; expected \"_ClassInfo\"  [arg-type]",
            "indexing_b000ec.py:290: error: Argument 2 to \"isinstance\" has incompatible type \"Any | str\"; expected \"_ClassInfo\"  [arg-type]",
            "indexing_b000ec.py:317: error: Argument 2 to \"isinstance\" has incompatible type \"Any | str\"; expected \"_ClassInfo\"  [arg-type]",
            "indexing_b000ec.py:331: error: Incompatible types in assignment (expression has type \"list[Any] | None\", variable has type \"list[Any]\")  [assignment]",
            "indexing_b000ec.py:429: error: Argument 2 to \"isinstance\" has incompatible type \"Any | str\"; expected \"_ClassInfo\"  [arg-type]",
            "indexing_b000ec.py:432: error: Argument 2 to \"isinstance\" has incompatible type \"Any | str\"; expected \"_ClassInfo\"  [arg-type]",
            "indexing_b000ec.py:446: error: Argument 2 to \"isinstance\" has incompatible type \"Any | str\"; expected \"_ClassInfo\"  [arg-type]",
            "indexing_b000ec.py:448: error: Argument 2 to \"isinstance\" has incompatible type \"Any | str\"; expected \"_ClassInfo\"  [arg-type]",
            "indexing_b000ec.py:453: error: Argument 2 to \"isinstance\" has incompatible type \"Any | str\"; expected \"_ClassInfo\"  [arg-type]",
            "indexing_b000ec.py:457: error: Argument 2 to \"isinstance\" has incompatible type \"Any | str\"; expected \"_ClassInfo\"  [arg-type]",
            "indexing_b000ec.py:482: error: \"LocIndexerLike\" has no attribute \"_sequence_col\"  [attr-defined]",
            "indexing_b000ec.py:521: error: Argument 2 to \"isinstance\" has incompatible type \"Any | str\"; expected \"_ClassInfo\"  [arg-type]",
            "indexing_b000ec.py:524: error: Argument 2 to \"isinstance\" has incompatible type \"Any | str\"; expected \"_ClassInfo\"  [arg-type]",
            "indexing_b000ec.py:533: error: Argument 2 to \"isinstance\" has incompatible type \"Any | str\"; expected \"_ClassInfo\"  [arg-type]",
            "indexing_b000ec.py:535: error: Argument 2 to \"isinstance\" has incompatible type \"Any | str\"; expected \"_ClassInfo\"  [arg-type]",
            "indexing_b000ec.py:539: error: Argument 2 to \"isinstance\" has incompatible type \"Any | str\"; expected \"_ClassInfo\"  [arg-type]",
            "indexing_b000ec.py:543: error: Argument 2 to \"isinstance\" has incompatible type \"Any | str\"; expected \"_ClassInfo\"  [arg-type]",
            "indexing_b000ec.py:563: error: \"LocIndexerLike\" has no attribute \"_sequence_col\"  [attr-defined]",
            "indexing_b000ec.py:568: error: Argument 1 to \"len\" has incompatible type \"list[Any] | None\"; expected \"Sized\"  [arg-type]",
            "indexing_b000ec.py:582: error: Item \"None\" of \"list[Any] | None\" has no attribute \"__iter__\" (not iterable)  [union-attr]",
            "indexing_b000ec.py:868: error: Incompatible return value type (got \"tuple[list[tuple[Any]], list[Any], None, bool, None]\", expected \"tuple[list[tuple[Any, ...]], list[Any] | None, list[Any] | None, bool, tuple[Any, ...] | None]\")  [return-value]",
            "indexing_b000ec.py:984: error: Argument 2 to \"_get_from_multiindex_column\" of \"LocIndexer\" has incompatible type \"list[Any] | None\"; expected \"list[Any]\"  [arg-type]",
            "Found 22 errors in 1 file (checked 1 source file)"
        ]
    },
    "indexing_d02a25.py": {
        "stats": {
            "total_parameters": 187,
            "parameters_with_annotations": 120
        },
        "error_count": 0,
        "isCompiled": true,
        "errors": []
    },
    "initiator_fb22e8.py": {
        "stats": {
            "total_parameters": 44,
            "parameters_with_annotations": 44
        },
        "error_count": 0,
        "isCompiled": true,
        "errors": []
    },
    "initiator_manager_26765c.py": {
        "stats": {
            "total_parameters": 65,
            "parameters_with_annotations": 65
        },
        "error_count": 0,
        "isCompiled": true,
        "errors": []
    },
    "interval_941dbf.py": {
        "stats": {
            "total_parameters": 96,
            "parameters_with_annotations": 60
        },
        "error_count": 0,
        "isCompiled": true,
        "errors": []
    },
    "kedro_data_catalog_148318.py": {
        "stats": {
            "total_parameters": 86,
            "parameters_with_annotations": 50
        },
        "error_count": 0,
        "isCompiled": true,
        "errors": []
    },
    "linegen_ea8858.py": {
        "stats": {
            "total_parameters": 137,
            "parameters_with_annotations": 106
        },
        "error_count": 0,
        "isCompiled": true,
        "errors": []
    },
    "local_b588b6.py": {
        "stats": {
            "total_parameters": 72,
            "parameters_with_annotations": 52
        },
        "error_count": 20,
        "isCompiled": false,
        "errors": [
            "local_b588b6.py:75: error: Method \"get_public_upload_root_url\" is marked as an override, but no base method was found with this name  [misc]",
            "local_b588b6.py:79: error: Method \"generate_message_upload_path\" is marked as an override, but no base method was found with this name  [misc]",
            "local_b588b6.py:91: error: Method \"upload_message_attachment\" is marked as an override, but no base method was found with this name  [misc]",
            "local_b588b6.py:102: error: Method \"save_attachment_contents\" is marked as an override, but no base method was found with this name  [misc]",
            "local_b588b6.py:107: error: Method \"attachment_vips_source\" is marked as an override, but no base method was found with this name  [misc]",
            "local_b588b6.py:114: error: Method \"delete_message_attachment\" is marked as an override, but no base method was found with this name  [misc]",
            "local_b588b6.py:118: error: Method \"all_message_attachments\" is marked as an override, but no base method was found with this name  [misc]",
            "local_b588b6.py:139: error: Method \"get_avatar_url\" is marked as an override, but no base method was found with this name  [misc]",
            "local_b588b6.py:143: error: Method \"get_avatar_contents\" is marked as an override, but no base method was found with this name  [misc]",
            "local_b588b6.py:149: error: Method \"upload_single_avatar_image\" is marked as an override, but no base method was found with this name  [misc]",
            "local_b588b6.py:161: error: Method \"delete_avatar_image\" is marked as an override, but no base method was found with this name  [misc]",
            "local_b588b6.py:167: error: Method \"get_realm_icon_url\" is marked as an override, but no base method was found with this name  [misc]",
            "local_b588b6.py:171: error: Method \"upload_realm_icon_image\" is marked as an override, but no base method was found with this name  [misc]",
            "local_b588b6.py:185: error: Method \"get_realm_logo_url\" is marked as an override, but no base method was found with this name  [misc]",
            "local_b588b6.py:193: error: Method \"upload_realm_logo_image\" is marked as an override, but no base method was found with this name  [misc]",
            "local_b588b6.py:214: error: Method \"get_emoji_url\" is marked as an override, but no base method was found with this name  [misc]",
            "local_b588b6.py:232: error: Method \"upload_single_emoji_image\" is marked as an override, but no base method was found with this name  [misc]",
            "local_b588b6.py:238: error: Method \"get_export_tarball_url\" is marked as an override, but no base method was found with this name  [misc]",
            "local_b588b6.py:243: error: Method \"upload_export_tarball\" is marked as an override, but no base method was found with this name  [misc]",
            "local_b588b6.py:261: error: Method \"delete_export_tarball\" is marked as an override, but no base method was found with this name  [misc]",
            "Found 20 errors in 1 file (checked 1 source file)"
        ]
    },
    "log_67c6cb.py": {
        "stats": {
            "total_parameters": 62,
            "parameters_with_annotations": 48
        },
        "error_count": 1,
        "isCompiled": false,
        "errors": [
            "log_67c6cb.py:22: error: Name \"TYPE_CHECKING\" is not defined  [name-defined]",
            "Found 1 error in 1 file (checked 1 source file)"
        ]
    },
    "log_writer_c4397a.py": {
        "stats": {
            "total_parameters": 69,
            "parameters_with_annotations": 49
        },
        "error_count": 0,
        "isCompiled": true,
        "errors": []
    },
    "managers_6d6254.py": {
        "stats": {
            "total_parameters": 292,
            "parameters_with_annotations": 179
        },
        "error_count": 15,
        "isCompiled": false,
        "errors": [
            "managers_6d6254.py:733: error: Trying to assign name \"_is_consolidated\" that is not in \"__slots__\" of type \"managers_6d6254.BaseBlockManager\"  [misc]",
            "managers_6d6254.py:882: error: Argument 1 to \"enumerate\" has incompatible type \"slice | Any\"; expected \"Iterable[Any]\"  [arg-type]",
            "managers_6d6254.py:1252: error: Unsupported target for indexed assignment (\"Any | None\")  [index]",
            "managers_6d6254.py:1255: error: Unsupported target for indexed assignment (\"Any | None\")  [index]",
            "managers_6d6254.py:1571: error: Argument 1 to \"_consolidate\" has incompatible type \"tuple[Any, ...]\"; expected \"list[Any]\"  [arg-type]",
            "managers_6d6254.py:1614: error: Trying to assign name \"axes\" that is not in \"__slots__\" of type \"managers_6d6254.SingleBlockManager\"  [misc]",
            "managers_6d6254.py:1615: error: Trying to assign name \"blocks\" that is not in \"__slots__\" of type \"managers_6d6254.SingleBlockManager\"  [misc]",
            "managers_6d6254.py:1621: error: Argument 2 of \"from_blocks\" is incompatible with supertype \"BaseBlockManager\"; supertype defines the argument type as \"Sequence[Any]\"  [override]",
            "managers_6d6254.py:1621: note: This violates the Liskov substitution principle",
            "managers_6d6254.py:1621: note: See https://mypy.readthedocs.io/en/stable/common_issues.html#incompatible-overrides",
            "managers_6d6254.py:1675: error: Trying to assign name \"axes\" that is not in \"__slots__\" of type \"managers_6d6254.SingleBlockManager\"  [misc]",
            "managers_6d6254.py:1677: error: Trying to assign name \"blocks\" that is not in \"__slots__\" of type \"managers_6d6254.SingleBlockManager\"  [misc]",
            "managers_6d6254.py:1765: error: Trying to assign name \"blocks\" that is not in \"__slots__\" of type \"managers_6d6254.SingleBlockManager\"  [misc]",
            "managers_6d6254.py:1780: error: Trying to assign name \"blocks\" that is not in \"__slots__\" of type \"managers_6d6254.SingleBlockManager\"  [misc]",
            "managers_6d6254.py:1892: error: Argument 1 to \"_stack_arrays\" has incompatible type \"Iterator[tuple[int, Any]]\"; expected \"Sequence[tuple[int, Any]]\"  [arg-type]",
            "Found 13 errors in 1 file (checked 1 source file)"
        ]
    },
    "manifest_0eeebb.py": {
        "stats": {
            "total_parameters": 0,
            "parameters_with_annotations": 0
        },
        "error_count": 1,
        "isCompiled": false,
        "errors": [
            "manifest_0eeebb.py:332: error: invalid syntax; you likely need to run mypy using Python 3.10 or newer  [syntax]",
            "Found 1 error in 1 file (errors prevented further checking)"
        ]
    },
    "manifest_47c52e.py": {
        "stats": {
            "total_parameters": 339,
            "parameters_with_annotations": 211
        },
        "error_count": 6,
        "isCompiled": false,
        "errors": [
            "manifest_47c52e.py:518: error: Unexpected type declaration  [misc]",
            "manifest_47c52e.py:921: error: Incompatible types in assignment (expression has type \"MacroCandidate | None\", variable has type \"MaterializationCandidate | None\")  [assignment]",
            "manifest_47c52e.py:934: error: Incompatible types in assignment (expression has type \"MacroCandidate | None\", variable has type \"MaterializationCandidate | None\")  [assignment]",
            "manifest_47c52e.py:1493: error: Argument 1 of \"__reduce_ex__\" is incompatible with supertype \"object\"; supertype defines the argument type as \"SupportsIndex\"  [override]",
            "manifest_47c52e.py:1493: note: This violates the Liskov substitution principle",
            "manifest_47c52e.py:1493: note: See https://mypy.readthedocs.io/en/stable/common_issues.html#incompatible-overrides",
            "Found 4 errors in 1 file (checked 1 source file)"
        ]
    },
    "mediation_fee_f1a080.py": {
        "stats": {
            "total_parameters": 47,
            "parameters_with_annotations": 41
        },
        "error_count": 0,
        "isCompiled": true,
        "errors": []
    },
    "mediator_edd547.py": {
        "stats": {
            "total_parameters": 123,
            "parameters_with_annotations": 123
        },
        "error_count": 0,
        "isCompiled": true,
        "errors": []
    },
    "merge_f40757.py": {
        "stats": {
            "total_parameters": 0,
            "parameters_with_annotations": 0
        },
        "error_count": 1,
        "isCompiled": false,
        "errors": [
            "merge_f40757.py:453: error: invalid syntax; you likely need to run mypy using Python 3.10 or newer  [syntax]",
            "Found 1 error in 1 file (errors prevented further checking)"
        ]
    },
    "message_6587fb.py": {
        "stats": {
            "total_parameters": 97,
            "parameters_with_annotations": 97
        },
        "error_count": 0,
        "isCompiled": true,
        "errors": []
    },
    "message_cache_dbda93.py": {
        "stats": {
            "total_parameters": 49,
            "parameters_with_annotations": 49
        },
        "error_count": 1,
        "isCompiled": false,
        "errors": [
            "message_cache_dbda93.py:472: error: Argument 1 to \"build_dict_from_raw_db_row\" of \"ReactionDict\" has incompatible type \"dict[str, Any]\"; expected \"RawReactionRow\"  [arg-type]",
            "Found 1 error in 1 file (checked 1 source file)"
        ]
    },
    "message_edit_6be856.py": {
        "stats": {
            "total_parameters": 61,
            "parameters_with_annotations": 61
        },
        "error_count": 0,
        "isCompiled": true,
        "errors": []
    },
    "message_send_b7048c.py": {
        "stats": {
            "total_parameters": 156,
            "parameters_with_annotations": 155
        },
        "error_count": 0,
        "isCompiled": true,
        "errors": []
    },
    "_arrow_string_mixins_7654a8.py": {
        "stats": {
            "total_parameters": 82,
            "parameters_with_annotations": 46
        },
        "error_count": 0,
        "isCompiled": true,
        "errors": []
    },
    "_client_5a9e7d.py": {
        "stats": {
            "total_parameters": 0,
            "parameters_with_annotations": 0
        },
        "error_count": 1,
        "isCompiled": false,
        "errors": [
            "_client_5a9e7d.py:1: error: unexpected indent  [syntax]",
            "Found 1 error in 1 file (errors prevented further checking)"
        ]
    },
    "_compat_bfcdb3.py": {
        "stats": {
            "total_parameters": 56,
            "parameters_with_annotations": 47
        },
        "error_count": 5,
        "isCompiled": false,
        "errors": [
            "_compat_bfcdb3.py:443: error: All conditional function variants must have identical signatures  [misc]",
            "_compat_bfcdb3.py:443: note: Original:",
            "_compat_bfcdb3.py:443: note:     def _model_dump(model: Any, mode: Literal['json', 'python'] = ..., **kwargs: Any) -> Any",
            "_compat_bfcdb3.py:443: note: Redefinition:",
            "_compat_bfcdb3.py:443: note:     def _model_dump(model: Any, mode: str = ..., **kwargs: Any) -> Any",
            "Found 1 error in 1 file (checked 1 source file)"
        ]
    },
    "_misc_3826f1.py": {
        "stats": {
            "total_parameters": 59,
            "parameters_with_annotations": 51
        },
        "error_count": 0,
        "isCompiled": true,
        "errors": []
    },
    "_models_dd672f.py": {
        "stats": {
            "total_parameters": 142,
            "parameters_with_annotations": 60
        },
        "error_count": 29,
        "isCompiled": false,
        "errors": [
            "_models_dd672f.py:165: error: Unpacking a string is disallowed  [misc]",
            "_models_dd672f.py:276: error: Signature of \"update\" incompatible with supertype \"MutableMapping\"  [override]",
            "_models_dd672f.py:276: note:      Superclass:",
            "_models_dd672f.py:276: note:          @overload",
            "_models_dd672f.py:276: note:          def update(self, SupportsKeysAndGetItem[str, str], /, **kwargs: str) -> None",
            "_models_dd672f.py:276: note:          @overload",
            "_models_dd672f.py:276: note:          def update(self, Iterable[tuple[str, str]], /, **kwargs: str) -> None",
            "_models_dd672f.py:276: note:          @overload",
            "_models_dd672f.py:276: note:          def update(self, **kwargs: str) -> None",
            "_models_dd672f.py:276: note:      Subclass:",
            "_models_dd672f.py:276: note:          def update(self, headers: Headers | Mapping[Any, Any] | Iterable[tuple[Any, Any]] | None = ...) -> None",
            "_models_dd672f.py:1094: error: Signature of \"get\" incompatible with supertype \"Mapping\"  [override]",
            "_models_dd672f.py:1094: note:      Superclass:",
            "_models_dd672f.py:1094: note:          @overload",
            "_models_dd672f.py:1094: note:          def get(self, str, /) -> str | None",
            "_models_dd672f.py:1094: note:          @overload",
            "_models_dd672f.py:1094: note:          def [_T] get(self, str, /, default: str | _T) -> str | _T",
            "_models_dd672f.py:1094: note:      Subclass:",
            "_models_dd672f.py:1094: note:          def get(self, name: str, default: str | None = ..., domain: str | None = ..., path: str | None = ...) -> str | None",
            "_models_dd672f.py:1153: error: Signature of \"update\" incompatible with supertype \"MutableMapping\"  [override]",
            "_models_dd672f.py:1153: note:      Superclass:",
            "_models_dd672f.py:1153: note:          @overload",
            "_models_dd672f.py:1153: note:          def update(self, SupportsKeysAndGetItem[str, str], /, **kwargs: str) -> None",
            "_models_dd672f.py:1153: note:          @overload",
            "_models_dd672f.py:1153: note:          def update(self, Iterable[tuple[str, str]], /, **kwargs: str) -> None",
            "_models_dd672f.py:1153: note:          @overload",
            "_models_dd672f.py:1153: note:          def update(self, **kwargs: str) -> None",
            "_models_dd672f.py:1153: note:      Subclass:",
            "_models_dd672f.py:1153: note:          def update(self, cookies: Any | None = ...) -> None",
            "Found 4 errors in 1 file (checked 1 source file)"
        ]
    },
    "_parser_ad554d.py": {
        "stats": {
            "total_parameters": 78,
            "parameters_with_annotations": 70
        },
        "error_count": 5,
        "isCompiled": false,
        "errors": [
            "_parser_ad554d.py:322: error: Too many values to unpack (2 expected, 3 provided)  [misc]",
            "_parser_ad554d.py:323: error: Cannot determine type of \"key\"  [has-type]",
            "_parser_ad554d.py:324: error: Cannot determine type of \"key\"  [has-type]",
            "_parser_ad554d.py:330: error: Cannot determine type of \"key\"  [has-type]",
            "_parser_ad554d.py:341: error: Cannot determine type of \"key\"  [has-type]",
            "Found 5 errors in 1 file (checked 1 source file)"
        ]
    },
    "__init___4ea406.py": {
        "stats": {
            "total_parameters": 0,
            "parameters_with_annotations": 0
        },
        "error_count": 1,
        "isCompiled": false,
        "errors": [
            "__init___4ea406.py:476: error: invalid syntax; you likely need to run mypy using Python 3.10 or newer  [syntax]",
            "Found 1 error in 1 file (errors prevented further checking)"
        ]
    },
    "__init___7dd003.py": {
        "stats": {
            "total_parameters": 64,
            "parameters_with_annotations": 64
        },
        "error_count": 0,
        "isCompiled": true,
        "errors": []
    },
    "__init___ee7b0d.py": {
        "stats": {
            "total_parameters": 36,
            "parameters_with_annotations": 36
        },
        "error_count": 0,
        "isCompiled": true,
        "errors": []
    }
}