{
    "accessories_b90bda.py": {
        "stats": {
            "total_parameters": 57,
            "parameters_with_annotations": 37
        },
        "error_count": 0,
        "isCompiled": true,
        "errors": []
    },
    "accessor_9a03f0.py": {
        "stats": {
            "total_parameters": 171,
            "parameters_with_annotations": 119
        },
        "error_count": 46,
        "isCompiled": false,
        "errors": [
            "accessor_9a03f0.py:276: error: Name \"forbid_nonstring_types\" is not defined  [name-defined]",
            "accessor_9a03f0.py:364: error: Name \"forbid_nonstring_types\" is not defined  [name-defined]",
            "accessor_9a03f0.py:389: error: Name \"forbid_nonstring_types\" is not defined  [name-defined]",
            "accessor_9a03f0.py:407: error: Name \"forbid_nonstring_types\" is not defined  [name-defined]",
            "accessor_9a03f0.py:423: error: Name \"forbid_nonstring_types\" is not defined  [name-defined]",
            "accessor_9a03f0.py:436: error: Name \"forbid_nonstring_types\" is not defined  [name-defined]",
            "accessor_9a03f0.py:441: error: Name \"forbid_nonstring_types\" is not defined  [name-defined]",
            "accessor_9a03f0.py:460: error: Name \"forbid_nonstring_types\" is not defined  [name-defined]",
            "accessor_9a03f0.py:465: error: Name \"forbid_nonstring_types\" is not defined  [name-defined]",
            "accessor_9a03f0.py:470: error: Name \"forbid_nonstring_types\" is not defined  [name-defined]",
            "accessor_9a03f0.py:506: error: Name \"forbid_nonstring_types\" is not defined  [name-defined]",
            "accessor_9a03f0.py:511: error: Name \"forbid_nonstring_types\" is not defined  [name-defined]",
            "accessor_9a03f0.py:530: error: Name \"forbid_nonstring_types\" is not defined  [name-defined]",
            "accessor_9a03f0.py:535: error: Name \"forbid_nonstring_types\" is not defined  [name-defined]",
            "accessor_9a03f0.py:540: error: Name \"forbid_nonstring_types\" is not defined  [name-defined]",
            "accessor_9a03f0.py:544: error: Name \"forbid_nonstring_types\" is not defined  [name-defined]",
            "accessor_9a03f0.py:557: error: Name \"forbid_nonstring_types\" is not defined  [name-defined]",
            "accessor_9a03f0.py:573: error: Name \"forbid_nonstring_types\" is not defined  [name-defined]",
            "accessor_9a03f0.py:579: error: Name \"forbid_nonstring_types\" is not defined  [name-defined]",
            "accessor_9a03f0.py:585: error: Name \"forbid_nonstring_types\" is not defined  [name-defined]",
            "accessor_9a03f0.py:591: error: Name \"forbid_nonstring_types\" is not defined  [name-defined]",
            "accessor_9a03f0.py:597: error: Name \"forbid_nonstring_types\" is not defined  [name-defined]",
            "accessor_9a03f0.py:603: error: Name \"forbid_nonstring_types\" is not defined  [name-defined]",
            "accessor_9a03f0.py:608: error: Name \"forbid_nonstring_types\" is not defined  [name-defined]",
            "accessor_9a03f0.py:640: error: Name \"forbid_nonstring_types\" is not defined  [name-defined]",
            "accessor_9a03f0.py:664: error: Name \"forbid_nonstring_types\" is not defined  [name-defined]",
            "accessor_9a03f0.py:670: error: Name \"forbid_nonstring_types\" is not defined  [name-defined]",
            "accessor_9a03f0.py:675: error: Name \"forbid_nonstring_types\" is not defined  [name-defined]",
            "accessor_9a03f0.py:685: error: Name \"forbid_nonstring_types\" is not defined  [name-defined]",
            "accessor_9a03f0.py:695: error: Name \"forbid_nonstring_types\" is not defined  [name-defined]",
            "accessor_9a03f0.py:700: error: Name \"forbid_nonstring_types\" is not defined  [name-defined]",
            "accessor_9a03f0.py:703: error: Name \"DataFrame\" is not defined  [name-defined]",
            "accessor_9a03f0.py:738: error: Name \"forbid_nonstring_types\" is not defined  [name-defined]",
            "accessor_9a03f0.py:739: error: Name \"DataFrame\" is not defined  [name-defined]",
            "accessor_9a03f0.py:754: error: Name \"forbid_nonstring_types\" is not defined  [name-defined]",
            "accessor_9a03f0.py:769: error: Name \"forbid_nonstring_types\" is not defined  [name-defined]",
            "accessor_9a03f0.py:777: error: Name \"forbid_nonstring_types\" is not defined  [name-defined]",
            "accessor_9a03f0.py:795: error: Name \"forbid_nonstring_types\" is not defined  [name-defined]",
            "accessor_9a03f0.py:811: error: Name \"forbid_nonstring_types\" is not defined  [name-defined]",
            "accessor_9a03f0.py:832: error: Name \"forbid_nonstring_types\" is not defined  [name-defined]",
            "accessor_9a03f0.py:838: error: Name \"forbid_nonstring_types\" is not defined  [name-defined]",
            "accessor_9a03f0.py:844: error: Name \"forbid_nonstring_types\" is not defined  [name-defined]",
            "accessor_9a03f0.py:850: error: Name \"forbid_nonstring_types\" is not defined  [name-defined]",
            "accessor_9a03f0.py:856: error: Name \"forbid_nonstring_types\" is not defined  [name-defined]",
            "accessor_9a03f0.py:862: error: Name \"forbid_nonstring_types\" is not defined  [name-defined]",
            "accessor_9a03f0.py:919: error: Name \"DataFrame\" is not defined  [name-defined]",
            "Found 46 errors in 1 file (checked 1 source file)"
        ]
    },
    "aiokafka_d62f1d.py": {
        "stats": {
            "total_parameters": 93,
            "parameters_with_annotations": 46
        },
        "error_count": 10,
        "isCompiled": false,
        "errors": [
            "aiokafka_d62f1d.py:220: error: Incompatible default for argument \"config\" (default has type \"None\", argument has type \"Mapping[str, Any]\")  [assignment]",
            "aiokafka_d62f1d.py:220: note: PEP 484 prohibits implicit Optional. Accordingly, mypy has changed its default to no_implicit_optional=True",
            "aiokafka_d62f1d.py:220: note: Use https://github.com/hauntsaninja/no_implicit_optional to automatically upgrade your codebase",
            "aiokafka_d62f1d.py:840: error: Incompatible default for argument \"config\" (default has type \"None\", argument has type \"Mapping[str, Any]\")  [assignment]",
            "aiokafka_d62f1d.py:840: note: PEP 484 prohibits implicit Optional. Accordingly, mypy has changed its default to no_implicit_optional=True",
            "aiokafka_d62f1d.py:840: note: Use https://github.com/hauntsaninja/no_implicit_optional to automatically upgrade your codebase",
            "aiokafka_d62f1d.py:900: error: Cannot determine type of \"partitioner\"  [has-type]",
            "aiokafka_d62f1d.py:991: error: Incompatible default for argument \"config\" (default has type \"None\", argument has type \"Mapping[str, Any]\")  [assignment]",
            "aiokafka_d62f1d.py:991: note: PEP 484 prohibits implicit Optional. Accordingly, mypy has changed its default to no_implicit_optional=True",
            "aiokafka_d62f1d.py:991: note: Use https://github.com/hauntsaninja/no_implicit_optional to automatically upgrade your codebase",
            "Found 4 errors in 1 file (checked 1 source file)"
        ]
    },
    "algorithms_faa87b.py": {
        "stats": {
            "total_parameters": 70,
            "parameters_with_annotations": 70
        },
        "error_count": 21,
        "isCompiled": false,
        "errors": [
            "algorithms_faa87b.py:954: error: Name \"Literal\" is not defined  [name-defined]",
            "algorithms_faa87b.py:954: error: Name \"first\" is not defined  [name-defined]",
            "algorithms_faa87b.py:954: error: Name \"last\" is not defined  [name-defined]",
            "algorithms_faa87b.py:1028: error: Name \"Literal\" is not defined  [name-defined]",
            "algorithms_faa87b.py:1028: error: Name \"average\" is not defined  [name-defined]",
            "algorithms_faa87b.py:1028: error: Name \"first\" is not defined  [name-defined]",
            "algorithms_faa87b.py:1028: error: Name \"dense\" is not defined  [name-defined]",
            "algorithms_faa87b.py:1029: error: Name \"Literal\" is not defined  [name-defined]",
            "algorithms_faa87b.py:1029: error: Name \"keep\" is not defined  [name-defined]",
            "algorithms_faa87b.py:1029: error: Name \"top\" is not defined  [name-defined]",
            "algorithms_faa87b.py:1216: error: Name \"Literal\" is not defined  [name-defined]",
            "algorithms_faa87b.py:1216: error: Name \"left\" is not defined  [name-defined]",
            "algorithms_faa87b.py:1216: error: Name \"right\" is not defined  [name-defined]",
            "algorithms_faa87b.py:1327: error: \"int\" has no attribute \"is_integer\"  [attr-defined]",
            "algorithms_faa87b.py:1609: error: Name \"Literal\" is not defined  [name-defined]",
            "algorithms_faa87b.py:1609: error: Name \"ignore\" is not defined  [name-defined]",
            "algorithms_faa87b.py:1642: error: Argument 1 to \"len\" has incompatible type \"Callable[[Any], Any] | Mapping[Any, Any] | Any\"; expected \"Sized\"  [arg-type]",
            "algorithms_faa87b.py:1647: error: Argument 2 to \"isinstance\" has incompatible type \"str\"; expected \"_ClassInfo\"  [arg-type]",
            "algorithms_faa87b.py:1649: error: Value of type \"Callable[[Any], Any] | Mapping[Any, Any] | Any\" is not indexable  [index]",
            "algorithms_faa87b.py:1649: error: Item \"function\" of \"Callable[[Any], Any] | Mapping[Any, Any] | Any\" has no attribute \"index\"  [union-attr]",
            "algorithms_faa87b.py:1649: error: Item \"Mapping[Any, Any]\" of \"Callable[[Any], Any] | Mapping[Any, Any] | Any\" has no attribute \"index\"  [union-attr]",
            "Found 21 errors in 1 file (checked 1 source file)"
        ]
    },
    "api_cbdcbd.py": {
        "stats": {
            "total_parameters": 49,
            "parameters_with_annotations": 49
        },
        "error_count": 1,
        "isCompiled": false,
        "errors": [
            "api_cbdcbd.py:150: error: Module has no attribute \"timeout\"  [attr-defined]",
            "Found 1 error in 1 file (checked 1 source file)"
        ]
    },
    "api_tests_78614f.py": {
        "stats": {
            "total_parameters": 94,
            "parameters_with_annotations": 94
        },
        "error_count": 0,
        "isCompiled": true,
        "errors": []
    },
    "api_test_5baf5c.py": {
        "stats": {
            "total_parameters": 172,
            "parameters_with_annotations": 172
        },
        "error_count": 0,
        "isCompiled": true,
        "errors": []
    },
    "appgraph_e5732d.py": {
        "stats": {
            "total_parameters": 126,
            "parameters_with_annotations": 91
        },
        "error_count": 0,
        "isCompiled": true,
        "errors": []
    },
    "applications_c5af27.py": {
        "stats": {
            "total_parameters": 54,
            "parameters_with_annotations": 40
        },
        "error_count": 1,
        "isCompiled": false,
        "errors": [
            "applications_c5af27.py:246: error: Argument \"dispatch\" to \"add_middleware\" of \"Starlette\" has incompatible type \"Callable[..., Any]\"; expected <nothing>  [arg-type]",
            "Found 1 error in 1 file (checked 1 source file)"
        ]
    },
    "app_c89ec6.py": {
        "stats": {
            "total_parameters": 103,
            "parameters_with_annotations": 40
        },
        "error_count": 0,
        "isCompiled": true,
        "errors": []
    },
    "app_e5f00c.py": {
        "stats": {
            "total_parameters": 44,
            "parameters_with_annotations": 44
        },
        "error_count": 0,
        "isCompiled": true,
        "errors": []
    },
    "asserters_700def.py": {
        "stats": {
            "total_parameters": 129,
            "parameters_with_annotations": 129
        },
        "error_count": 5,
        "isCompiled": false,
        "errors": [
            "asserters_700def.py:115: error: Argument \"check_dtype\" to \"assert_series_equal\" has incompatible type \"bool | Literal['equiv']\"; expected \"bool\"  [arg-type]",
            "asserters_700def.py:126: error: Argument \"check_dtype\" to \"assert_frame_equal\" has incompatible type \"bool | Literal['equiv']\"; expected \"bool\"  [arg-type]",
            "asserters_700def.py:492: error: Argument \"exact\" to \"assert_index_equal\" has incompatible type \"bool | str\"; expected \"bool | Literal['equiv']\"  [arg-type]",
            "asserters_700def.py:504: error: Argument \"exact\" to \"assert_index_equal\" has incompatible type \"bool | str\"; expected \"bool | Literal['equiv']\"  [arg-type]",
            "asserters_700def.py:509: error: Argument \"exact\" to \"assert_index_equal\" has incompatible type \"bool | str\"; expected \"bool | Literal['equiv']\"  [arg-type]",
            "Found 5 errors in 1 file (checked 1 source file)"
        ]
    },
    "attention_module_7f6559.py": {
        "stats": {
            "total_parameters": 94,
            "parameters_with_annotations": 78
        },
        "error_count": 2,
        "isCompiled": false,
        "errors": [
            "attention_module_7f6559.py:245: error: Incompatible return value type (got \"tuple[Any, Tensor | None]\", expected \"tuple[Tensor, Tensor]\")  [return-value]",
            "attention_module_7f6559.py:358: error: Incompatible types in assignment (expression has type \"None\", variable has type \"Tensor\")  [assignment]",
            "Found 2 errors in 1 file (checked 1 source file)"
        ]
    },
    "auth_d8f17e.py": {
        "stats": {
            "total_parameters": 55,
            "parameters_with_annotations": 40
        },
        "error_count": 0,
        "isCompiled": true,
        "errors": []
    },
    "awsclient_860c67.py": {
        "stats": {
            "total_parameters": 417,
            "parameters_with_annotations": 293
        },
        "error_count": 1,
        "isCompiled": false,
        "errors": [
            "awsclient_860c67.py:925: error: keyword argument repeated  [syntax]",
            "Found 1 error in 1 file (errors prevented further checking)"
        ]
    },
    "base_6106b5.py": {
        "stats": {
            "total_parameters": 160,
            "parameters_with_annotations": 57
        },
        "error_count": 17,
        "isCompiled": false,
        "errors": [
            "base_6106b5.py:523: error: Cannot determine type of \"on_before_configured\"  [has-type]",
            "base_6106b5.py:524: error: Cannot determine type of \"on_configured\"  [has-type]",
            "base_6106b5.py:526: error: Cannot determine type of \"on_after_configured\"  [has-type]",
            "base_6106b5.py:528: error: Cannot determine type of \"on_partitions_assigned\"  [has-type]",
            "base_6106b5.py:530: error: Cannot determine type of \"on_partitions_revoked\"  [has-type]",
            "base_6106b5.py:531: error: Cannot determine type of \"on_worker_init\"  [has-type]",
            "base_6106b5.py:533: error: Cannot determine type of \"on_rebalance_complete\"  [has-type]",
            "base_6106b5.py:535: error: Cannot determine type of \"on_before_shutdown\"  [has-type]",
            "base_6106b5.py:537: error: Cannot determine type of \"on_produce_message\"  [has-type]",
            "base_6106b5.py:660: error: Cannot determine type of \"finalized\"  [has-type]",
            "base_6106b5.py:660: error: Cannot determine type of \"configured\"  [has-type]",
            "base_6106b5.py:662: error: Cannot determine type of \"configured\"  [has-type]",
            "base_6106b5.py:675: error: Cannot determine type of \"finalized\"  [has-type]",
            "base_6106b5.py:757: error: Incompatible default for argument \"pattern\" (default has type \"None\", argument has type \"str | Pattern[Any]\")  [assignment]",
            "base_6106b5.py:757: note: PEP 484 prohibits implicit Optional. Accordingly, mypy has changed its default to no_implicit_optional=True",
            "base_6106b5.py:757: note: Use https://github.com/hauntsaninja/no_implicit_optional to automatically upgrade your codebase",
            "base_6106b5.py:1341: error: Function \"fun\" could always be true in boolean context  [truthy-function]",
            "Found 15 errors in 1 file (checked 1 source file)"
        ]
    },
    "base_6a0ea7.py": {
        "stats": {
            "total_parameters": 70,
            "parameters_with_annotations": 47
        },
        "error_count": 0,
        "isCompiled": true,
        "errors": []
    },
    "base_949c11.py": {
        "stats": {
            "total_parameters": 159,
            "parameters_with_annotations": 111
        },
        "error_count": 0,
        "isCompiled": true,
        "errors": []
    },
    "base_9c14fc.py": {
        "stats": {
            "total_parameters": 114,
            "parameters_with_annotations": 58
        },
        "error_count": 0,
        "isCompiled": true,
        "errors": []
    },
    "base_b5c467.py": {
        "stats": {
            "total_parameters": 87,
            "parameters_with_annotations": 56
        },
        "error_count": 0,
        "isCompiled": true,
        "errors": []
    },
    "base_bb93b4.py": {
        "stats": {
            "total_parameters": 128,
            "parameters_with_annotations": 77
        },
        "error_count": 0,
        "isCompiled": true,
        "errors": []
    },
    "base_tests_a1e90e.py": {
        "stats": {
            "total_parameters": 119,
            "parameters_with_annotations": 94
        },
        "error_count": 0,
        "isCompiled": true,
        "errors": []
    },
    "beam_search_b3623d.py": {
        "stats": {
            "total_parameters": 131,
            "parameters_with_annotations": 97
        },
        "error_count": 1,
        "isCompiled": false,
        "errors": [
            "beam_search_b3623d.py:595: error: Incompatible types in assignment (expression has type \"int | float\", variable has type \"int\")  [assignment]",
            "Found 1 error in 1 file (checked 1 source file)"
        ]
    },
    "blocks_3a122c.py": {
        "stats": {
            "total_parameters": 211,
            "parameters_with_annotations": 126
        },
        "error_count": 2,
        "isCompiled": false,
        "errors": [
            "blocks_3a122c.py:197: error: Decorators on top of @property are not supported  [misc]",
            "blocks_3a122c.py:228: error: Trying to assign name \"_mgr_locs\" that is not in \"__slots__\" of type \"blocks_3a122c.Block\"  [misc]",
            "Found 2 errors in 1 file (checked 1 source file)"
        ]
    },
    "btanalysis_7decb4.py": {
        "stats": {
            "total_parameters": 50,
            "parameters_with_annotations": 50
        },
        "error_count": 1,
        "isCompiled": false,
        "errors": [
            "btanalysis_7decb4.py:150: error: Item \"str\" of \"Path | str\" has no attribute \"open\"  [union-attr]",
            "Found 1 error in 1 file (checked 1 source file)"
        ]
    },
    "cache_83a043.py": {
        "stats": {
            "total_parameters": 84,
            "parameters_with_annotations": 82
        },
        "error_count": 3,
        "isCompiled": false,
        "errors": [
            "cache_83a043.py:676: error: \"Callable[ParamT, ReturnT]\" has no attribute \"cache_info\"  [attr-defined]",
            "cache_83a043.py:677: error: \"Callable[ParamT, ReturnT]\" has no attribute \"cache_clear\"  [attr-defined]",
            "cache_83a043.py:717: error: Incompatible types in assignment (expression has type \"Callable[[Callable[..., _T]], _lru_cache_wrapper[_T]]\", variable has type \"Callable[[Callable[ParamT, ReturnT]], Callable[ParamT, ReturnT]]\")  [assignment]",
            "Found 3 errors in 1 file (checked 1 source file)"
        ]
    },
    "call_824067.py": {
        "stats": {
            "total_parameters": 68,
            "parameters_with_annotations": 50
        },
        "error_count": 0,
        "isCompiled": true,
        "errors": []
    },
    "channels_8e6ab8.py": {
        "stats": {
            "total_parameters": 77,
            "parameters_with_annotations": 44
        },
        "error_count": 0,
        "isCompiled": true,
        "errors": []
    },
    "channel_43e477.py": {
        "stats": {
            "total_parameters": 274,
            "parameters_with_annotations": 274
        },
        "error_count": 0,
        "isCompiled": true,
        "errors": []
    },
    "classification_92cb06.py": {
        "stats": {
            "total_parameters": 63,
            "parameters_with_annotations": 63
        },
        "error_count": 0,
        "isCompiled": true,
        "errors": []
    },
    "client_1e3c0a.py": {
        "stats": {
            "total_parameters": 55,
            "parameters_with_annotations": 41
        },
        "error_count": 0,
        "isCompiled": true,
        "errors": []
    },
    "common_4a17c0.py": {
        "stats": {
            "total_parameters": 41,
            "parameters_with_annotations": 41
        },
        "error_count": 4,
        "isCompiled": false,
        "errors": [
            "common_4a17c0.py:110: error: Incompatible types in assignment (expression has type \"str\", target has type \"bool\")  [assignment]",
            "common_4a17c0.py:130: error: Incompatible types in assignment (expression has type \"str\", target has type \"float\")  [assignment]",
            "common_4a17c0.py:224: error: Incompatible types in assignment (expression has type \"float\", target has type \"str\")  [assignment]",
            "common_4a17c0.py:248: error: Incompatible types in assignment (expression has type \"Any | Literal[True]\", target has type \"str\")  [assignment]",
            "Found 4 errors in 1 file (checked 1 source file)"
        ]
    },
    "compilation_283ca2.py": {
        "stats": {
            "total_parameters": 83,
            "parameters_with_annotations": 58
        },
        "error_count": 0,
        "isCompiled": true,
        "errors": []
    },
    "confluent_3b2473.py": {
        "stats": {
            "total_parameters": 58,
            "parameters_with_annotations": 36
        },
        "error_count": 0,
        "isCompiled": true,
        "errors": []
    },
    "construction_4e8f89.py": {
        "stats": {
            "total_parameters": 60,
            "parameters_with_annotations": 60
        },
        "error_count": 0,
        "isCompiled": true,
        "errors": []
    },
    "consumer_fa3d87.py": {
        "stats": {
            "total_parameters": 0,
            "parameters_with_annotations": 0
        },
        "error_count": 1,
        "isCompiled": false,
        "errors": [
            "consumer_fa3d87.py:477: error: invalid syntax; you likely need to run mypy using Python 3.10 or newer  [syntax]",
            "Found 1 error in 1 file (errors prevented further checking)"
        ]
    },
    "context_config_b7e80b.py": {
        "stats": {
            "total_parameters": 93,
            "parameters_with_annotations": 64
        },
        "error_count": 1,
        "isCompiled": false,
        "errors": [
            "context_config_b7e80b.py:33: error: Missing return statement  [empty-body]",
            "Found 1 error in 1 file (checked 1 source file)"
        ]
    },
    "coordinator_e4c72e.py": {
        "stats": {
            "total_parameters": 53,
            "parameters_with_annotations": 36
        },
        "error_count": 0,
        "isCompiled": true,
        "errors": []
    },
    "cover_ccbdb1.py": {
        "stats": {
            "total_parameters": 134,
            "parameters_with_annotations": 66
        },
        "error_count": 5,
        "isCompiled": false,
        "errors": [
            "cover_ccbdb1.py:592: error: Cannot determine type of \"_attr_unique_id\"  [has-type]",
            "cover_ccbdb1.py:629: error: Cannot determine type of \"_attr_unique_id\"  [has-type]",
            "cover_ccbdb1.py:737: error: Cannot determine type of \"_attr_unique_id\"  [has-type]",
            "cover_ccbdb1.py:801: error: Cannot determine type of \"_attr_unique_id\"  [has-type]",
            "cover_ccbdb1.py:857: error: Cannot determine type of \"_attr_unique_id\"  [has-type]",
            "Found 5 errors in 1 file (checked 1 source file)"
        ]
    },
    "create_user_36a545.py": {
        "stats": {
            "total_parameters": 40,
            "parameters_with_annotations": 40
        },
        "error_count": 0,
        "isCompiled": true,
        "errors": []
    },
    "create_user_5beae0.py": {
        "stats": {
            "total_parameters": 39,
            "parameters_with_annotations": 39
        },
        "error_count": 0,
        "isCompiled": true,
        "errors": []
    },
    "custom_profile_fields_ccef17.py": {
        "stats": {
            "total_parameters": 36,
            "parameters_with_annotations": 36
        },
        "error_count": 0,
        "isCompiled": true,
        "errors": []
    },
    "dataclasses_a27d2a.py": {
        "stats": {
            "total_parameters": 47,
            "parameters_with_annotations": 39
        },
        "error_count": 5,
        "isCompiled": false,
        "errors": [
            "dataclasses_a27d2a.py:226: error: No overload variant of \"dataclass\" matches argument types \"type[_T]\", \"bool\", \"bool\", \"bool\", \"bool\", \"bool\", \"bool\", \"bool\"  [call-overload]",
            "dataclasses_a27d2a.py:226: note: Possible overload variants:",
            "dataclasses_a27d2a.py:226: note:     def dataclass(None, /) -> Callable[[type[_T]], type[_T]]",
            "dataclasses_a27d2a.py:226: note:     def [_T] dataclass(type[_T], /) -> type[_T]",
            "dataclasses_a27d2a.py:226: note:     def dataclass(*, init: bool = ..., repr: bool = ..., eq: bool = ..., order: bool = ..., unsafe_hash: bool = ..., frozen: bool = ..., match_args: bool = ..., kw_only: bool = ..., slots: bool = ...) -> Callable[[type[_T]], type[_T]]",
            "Found 1 error in 1 file (checked 1 source file)"
        ]
    },
    "datadog_c5ba7b.py": {
        "stats": {
            "total_parameters": 131,
            "parameters_with_annotations": 93
        },
        "error_count": 0,
        "isCompiled": true,
        "errors": []
    },
    "dataprovider_a0d211.py": {
        "stats": {
            "total_parameters": 85,
            "parameters_with_annotations": 58
        },
        "error_count": 0,
        "isCompiled": true,
        "errors": []
    },
    "datastructures_0a7b11.py": {
        "stats": {
            "total_parameters": 140,
            "parameters_with_annotations": 52
        },
        "error_count": 11,
        "isCompiled": false,
        "errors": [
            "datastructures_0a7b11.py:230: error: Signature of \"__getitem__\" incompatible with supertype \"Sequence\"  [override]",
            "datastructures_0a7b11.py:230: note:      Superclass:",
            "datastructures_0a7b11.py:230: note:          @overload",
            "datastructures_0a7b11.py:230: note:          def __getitem__(self, int, /) -> str",
            "datastructures_0a7b11.py:230: note:          @overload",
            "datastructures_0a7b11.py:230: note:          def __getitem__(self, slice, /) -> Sequence[str]",
            "datastructures_0a7b11.py:230: note:      Subclass:",
            "datastructures_0a7b11.py:230: note:          def __getitem__(self, int, /) -> str",
            "datastructures_0a7b11.py:502: error: Return type \"list[str]\" of \"keys\" incompatible with return type \"KeysView[str]\" in supertype \"Mapping\"  [override]",
            "datastructures_0a7b11.py:505: error: Return type \"list[str]\" of \"values\" incompatible with return type \"ValuesView[str]\" in supertype \"Mapping\"  [override]",
            "datastructures_0a7b11.py:508: error: Return type \"list[tuple[str, str]]\" of \"items\" incompatible with return type \"ItemsView[str, str]\" in supertype \"Mapping\"  [override]",
            "Found 4 errors in 1 file (checked 1 source file)"
        ]
    },
    "data_catalog_8d7fcf.py": {
        "stats": {
            "total_parameters": 59,
            "parameters_with_annotations": 36
        },
        "error_count": 0,
        "isCompiled": true,
        "errors": []
    },
    "debug_info_f902e5.py": {
        "stats": {
            "total_parameters": 36,
            "parameters_with_annotations": 36
        },
        "error_count": 2,
        "isCompiled": false,
        "errors": [
            "debug_info_f902e5.py:157: error: Module has no attribute \"UTC\"  [attr-defined]",
            "debug_info_f902e5.py:176: error: Module has no attribute \"UTC\"  [attr-defined]",
            "Found 2 errors in 1 file (checked 1 source file)"
        ]
    },
    "dockerutils_6badca.py": {
        "stats": {
            "total_parameters": 55,
            "parameters_with_annotations": 42
        },
        "error_count": 1,
        "isCompiled": false,
        "errors": [
            "dockerutils_6badca.py:256: error: Argument 1 to \"__exit__\" of \"TemporaryDirectory\" has incompatible type \"BaseException | None\"; expected \"type[BaseException] | None\"  [arg-type]",
            "Found 1 error in 1 file (checked 1 source file)"
        ]
    },
    "email_mirror_590460.py": {
        "stats": {
            "total_parameters": 52,
            "parameters_with_annotations": 49
        },
        "error_count": 3,
        "isCompiled": false,
        "errors": [
            "email_mirror_590460.py:353: error: Argument 3 to \"sub\" has incompatible type \"str | None\"; expected \"str\"  [arg-type]",
            "email_mirror_590460.py:570: error: Method \"key\" is marked as an override, but no base method was found with this name  [misc]",
            "email_mirror_590460.py:574: error: Method \"rules\" is marked as an override, but no base method was found with this name  [misc]",
            "Found 3 errors in 1 file (checked 1 source file)"
        ]
    },
    "evaluators_b911b8.py": {
        "stats": {
            "total_parameters": 124,
            "parameters_with_annotations": 124
        },
        "error_count": 0,
        "isCompiled": true,
        "errors": []
    },
    "event_schema_4d75fe.py": {
        "stats": {
            "total_parameters": 67,
            "parameters_with_annotations": 67
        },
        "error_count": 0,
        "isCompiled": true,
        "errors": []
    },
    "ewm_ef0fa0.py": {
        "stats": {
            "total_parameters": 93,
            "parameters_with_annotations": 72
        },
        "error_count": 5,
        "isCompiled": false,
        "errors": [
            "ewm_ef0fa0.py:57: error: Name \"TYPE_CHECKING\" is not defined  [name-defined]",
            "ewm_ef0fa0.py:331: note: \"__init__\" of \"ExponentialMovingWindow\" defined here",
            "ewm_ef0fa0.py:458: error: Argument \"engine\" to \"OnlineExponentialMovingWindow\" has incompatible type \"str | None\"; expected \"str\"  [arg-type]",
            "ewm_ef0fa0.py:910: error: Unexpected keyword argument \"_grouper\" for \"__init__\" of \"ExponentialMovingWindow\"  [call-arg]",
            "ewm_ef0fa0.py:962: error: Argument \"min_periods\" to \"__init__\" of \"ExponentialMovingWindow\" has incompatible type \"int | None\"; expected \"int\"  [arg-type]",
            "Found 4 errors in 1 file (checked 1 source file)"
        ]
    },
    "excel_26f18f.py": {
        "stats": {
            "total_parameters": 105,
            "parameters_with_annotations": 64
        },
        "error_count": 6,
        "isCompiled": false,
        "errors": [
            "excel_26f18f.py:101: error: Function \"css_converter\" could always be true in boolean context  [truthy-function]",
            "excel_26f18f.py:230: error: Dict entry 0 has incompatible type \"str\": \"dict[str, bool | str | None]\"; expected \"str\": \"dict[str, str | None]\"  [dict-item]",
            "excel_26f18f.py:231: error: Dict entry 1 has incompatible type \"str\": \"dict[str, dict[str, str | None]]\"; expected \"str\": \"dict[str, str | None]\"  [dict-item]",
            "excel_26f18f.py:232: error: Dict entry 2 has incompatible type \"str\": \"dict[str, str] | None\"; expected \"str\": \"dict[str, str | None]\"  [dict-item]",
            "excel_26f18f.py:233: error: Dict entry 3 has incompatible type \"str\": \"dict[str, bool | float | str | None]\"; expected \"str\": \"dict[str, str | None]\"  [dict-item]",
            "excel_26f18f.py:368: error: Dict entry 0 has incompatible type \"str\": \"str | None\"; expected \"str\": \"str\"  [dict-item]",
            "Found 6 errors in 1 file (checked 1 source file)"
        ]
    },
    "exceptions_c3abb4.py": {
        "stats": {
            "total_parameters": 62,
            "parameters_with_annotations": 40
        },
        "error_count": 0,
        "isCompiled": true,
        "errors": []
    },
    "exposed_entities_a550ba.py": {
        "stats": {
            "total_parameters": 77,
            "parameters_with_annotations": 60
        },
        "error_count": 2,
        "isCompiled": false,
        "errors": [
            "exposed_entities_a550ba.py:96: error: Name \"TypedDict\" is not defined  [name-defined]",
            "exposed_entities_a550ba.py:383: error: Incompatible return value type (got \"dict[str, dict[str, dict[str, Any]]]\", expected \"SerializedExposedEntities\")  [return-value]",
            "Found 2 errors in 1 file (checked 1 source file)"
        ]
    },
    "factory_7a7586.py": {
        "stats": {
            "total_parameters": 65,
            "parameters_with_annotations": 46
        },
        "error_count": 0,
        "isCompiled": true,
        "errors": []
    },
    "fields_c8e6d9.py": {
        "stats": {
            "total_parameters": 84,
            "parameters_with_annotations": 51
        },
        "error_count": 1,
        "isCompiled": false,
        "errors": [
            "fields_c8e6d9.py:417: error: invalid syntax; you likely need to run mypy using Python 3.10 or newer  [syntax]",
            "Found 1 error in 1 file (errors prevented further checking)"
        ]
    },
    "flow_engine_887be2.py": {
        "stats": {
            "total_parameters": 74,
            "parameters_with_annotations": 47
        },
        "error_count": 15,
        "isCompiled": false,
        "errors": [
            "flow_engine_887be2.py:324: error: Item \"None\" of \"Any | None\" has no attribute \"id\"  [union-attr]",
            "flow_engine_887be2.py:635: error: \"Logger\" has no attribute \"extra\"  [attr-defined]",
            "flow_engine_887be2.py:713: error: Argument 1 to \"handle_crash\" of \"FlowRunEngine\" has incompatible type \"BaseException\"; expected \"Exception\"  [arg-type]",
            "flow_engine_887be2.py:753: error: Item \"None\" of \"Any | None\" has no attribute \"name\"  [union-attr]",
            "flow_engine_887be2.py:773: error: Incompatible return value type (got \"Coroutine[Any, Any, None]\", expected \"R | Coroutine[Any, Any, R]\")  [return-value]",
            "flow_engine_887be2.py:884: error: Item \"None\" of \"Any | None\" has no attribute \"id\"  [union-attr]",
            "flow_engine_887be2.py:1167: error: \"Logger\" has no attribute \"extra\"  [attr-defined]",
            "flow_engine_887be2.py:1245: error: Argument 1 to \"handle_crash\" of \"AsyncFlowRunEngine\" has incompatible type \"BaseException\"; expected \"Exception\"  [arg-type]",
            "flow_engine_887be2.py:1283: error: Item \"None\" of \"Any | None\" has no attribute \"name\"  [union-attr]",
            "flow_engine_887be2.py:1301: error: Incompatible return value type (got \"R\", expected \"Coroutine[Any, Any, R]\")  [return-value]",
            "flow_engine_887be2.py:1347: error: Value of type \"Coroutine[Any, Any, R]\" must be used  [unused-coroutine]",
            "flow_engine_887be2.py:1347: note: Are you missing an await?",
            "flow_engine_887be2.py:1386: error: Argument 1 to \"handle_success\" of \"FlowRunEngine\" has incompatible type \"None\"; expected \"R\"  [arg-type]",
            "flow_engine_887be2.py:1389: error: No return value expected  [return-value]",
            "flow_engine_887be2.py:1424: error: Argument 1 to \"handle_success\" of \"AsyncFlowRunEngine\" has incompatible type \"None\"; expected \"R\"  [arg-type]",
            "Found 14 errors in 1 file (checked 1 source file)"
        ]
    },
    "format_84da8c.py": {
        "stats": {
            "total_parameters": 199,
            "parameters_with_annotations": 141
        },
        "error_count": 68,
        "isCompiled": false,
        "errors": [
            "format_84da8c.py:76: error: Name \"TYPE_CHECKING\" is not defined  [name-defined]",
            "format_84da8c.py:98: error: Name \"Final\" is not defined  [name-defined]",
            "format_84da8c.py:168: error: Name \"Final\" is not defined  [name-defined]",
            "format_84da8c.py:225: error: Name \"cast\" is not defined  [name-defined]",
            "format_84da8c.py:225: note: Did you forget to import it from \"typing\"? (Suggestion: \"from typing import cast\")",
            "format_84da8c.py:229: error: Value of type variable \"SupportsRichComparisonT\" of \"min\" cannot be \"int | None\"  [type-var]",
            "format_84da8c.py:234: error: Unsupported operand types for // (\"None\" and \"int\")  [operator]",
            "format_84da8c.py:234: note: Left operand is of type \"int | None\"",
            "format_84da8c.py:317: error: Name \"cast\" is not defined  [name-defined]",
            "format_84da8c.py:317: note: Did you forget to import it from \"typing\"? (Suggestion: \"from typing import cast\")",
            "format_84da8c.py:318: error: Unsupported operand types for - (\"None\" and \"int\")  [operator]",
            "format_84da8c.py:318: note: Left operand is of type \"int | None\"",
            "format_84da8c.py:326: error: Unsupported operand types for + (\"None\" and \"int\")  [operator]",
            "format_84da8c.py:326: note: Left operand is of type \"int | None\"",
            "format_84da8c.py:327: error: Unsupported operand types for + (\"None\" and \"int\")  [operator]",
            "format_84da8c.py:327: note: Left operand is of type \"int | None\"",
            "format_84da8c.py:343: error: Name \"Any\" is not defined  [name-defined]",
            "format_84da8c.py:343: note: Did you forget to import it from \"typing\"? (Suggestion: \"from typing import Any\")",
            "format_84da8c.py:376: error: Name \"Any\" is not defined  [name-defined]",
            "format_84da8c.py:376: note: Did you forget to import it from \"typing\"? (Suggestion: \"from typing import Any\")",
            "format_84da8c.py:674: error: Name \"cast\" is not defined  [name-defined]",
            "format_84da8c.py:674: note: Did you forget to import it from \"typing\"? (Suggestion: \"from typing import cast\")",
            "format_84da8c.py:692: error: Name \"cast\" is not defined  [name-defined]",
            "format_84da8c.py:692: note: Did you forget to import it from \"typing\"? (Suggestion: \"from typing import cast\")",
            "format_84da8c.py:713: error: Name \"cast\" is not defined  [name-defined]",
            "format_84da8c.py:713: note: Did you forget to import it from \"typing\"? (Suggestion: \"from typing import cast\")",
            "format_84da8c.py:714: error: Argument 1 to \"len\" has incompatible type \"bool | list[str]\"; expected \"Sized\"  [arg-type]",
            "format_84da8c.py:716: error: Argument 1 to \"len\" has incompatible type \"bool | list[str]\"; expected \"Sized\"  [arg-type]",
            "format_84da8c.py:719: error: Item \"bool\" of \"bool | list[str]\" has no attribute \"__iter__\" (not iterable)  [union-attr]",
            "format_84da8c.py:759: error: Name \"cast\" is not defined  [name-defined]",
            "format_84da8c.py:759: note: Did you forget to import it from \"typing\"? (Suggestion: \"from typing import cast\")",
            "format_84da8c.py:760: error: Invalid index type \"int | Hashable\" for \"list[Any] | tuple[Any, ...]\"; expected type \"SupportsIndex\"  [index]",
            "format_84da8c.py:1052: error: Function \"builtins.any\" is not valid as a type  [valid-type]",
            "format_84da8c.py:1052: note: Perhaps you meant \"typing.Any\" instead of \"any\"?",
            "format_84da8c.py:1089: error: Name \"cast\" is not defined  [name-defined]",
            "format_84da8c.py:1089: note: Did you forget to import it from \"typing\"? (Suggestion: \"from typing import cast\")",
            "format_84da8c.py:1092: error: Name \"cast\" is not defined  [name-defined]",
            "format_84da8c.py:1092: note: Did you forget to import it from \"typing\"? (Suggestion: \"from typing import cast\")",
            "format_84da8c.py:1095: error: Name \"cast\" is not defined  [name-defined]",
            "format_84da8c.py:1095: note: Did you forget to import it from \"typing\"? (Suggestion: \"from typing import cast\")",
            "format_84da8c.py:1123: error: Argument \"leading_space\" to \"_GenericArrayFormatter\" has incompatible type \"bool | None\"; expected \"bool\"  [arg-type]",
            "format_84da8c.py:1134: error: Function \"builtins.any\" is not valid as a type  [valid-type]",
            "format_84da8c.py:1134: note: Perhaps you meant \"typing.Any\" instead of \"any\"?",
            "format_84da8c.py:1138: error: Function \"builtins.any\" is not valid as a type  [valid-type]",
            "format_84da8c.py:1138: note: Perhaps you meant \"typing.Any\" instead of \"any\"?",
            "format_84da8c.py:1139: error: Function \"builtins.any\" is not valid as a type  [valid-type]",
            "format_84da8c.py:1139: note: Perhaps you meant \"typing.Any\" instead of \"any\"?",
            "format_84da8c.py:1187: error: Function \"builtins.any\" is not valid as a type  [valid-type]",
            "format_84da8c.py:1187: note: Perhaps you meant \"typing.Any\" instead of \"any\"?",
            "format_84da8c.py:1242: error: Function \"builtins.any\" is not valid as a type  [valid-type]",
            "format_84da8c.py:1242: note: Perhaps you meant \"typing.Any\" instead of \"any\"?",
            "format_84da8c.py:1398: error: any? has no attribute \"__iter__\" (not iterable)  [attr-defined]",
            "format_84da8c.py:1507: error: Function \"builtins.any\" is not valid as a type  [valid-type]",
            "format_84da8c.py:1507: note: Perhaps you meant \"typing.Any\" instead of \"any\"?",
            "format_84da8c.py:1528: error: Function \"builtins.any\" is not valid as a type  [valid-type]",
            "format_84da8c.py:1528: note: Perhaps you meant \"typing.Any\" instead of \"any\"?",
            "format_84da8c.py:1573: error: Function \"builtins.any\" is not valid as a type  [valid-type]",
            "format_84da8c.py:1573: note: Perhaps you meant \"typing.Any\" instead of \"any\"?",
            "format_84da8c.py:1580: error: Function \"builtins.any\" is not valid as a type  [valid-type]",
            "format_84da8c.py:1580: note: Perhaps you meant \"typing.Any\" instead of \"any\"?",
            "format_84da8c.py:1582: error: Incompatible return value type (got \"str | float\", expected \"str\")  [return-value]",
            "format_84da8c.py:1709: error: Function \"builtins.any\" is not valid as a type  [valid-type]",
            "format_84da8c.py:1709: note: Perhaps you meant \"typing.Any\" instead of \"any\"?",
            "format_84da8c.py:1757: error: Name \"Any\" is not defined  [name-defined]",
            "format_84da8c.py:1757: note: Did you forget to import it from \"typing\"? (Suggestion: \"from typing import Any\")",
            "format_84da8c.py:1784: error: Function \"builtins.any\" is not valid as a type  [valid-type]",
            "format_84da8c.py:1784: note: Perhaps you meant \"typing.Any\" instead of \"any\"?",
            "format_84da8c.py:1787: error: any? has no attribute \"write\"  [attr-defined]",
            "Found 40 errors in 1 file (checked 1 source file)"
        ]
    },
    "frame_manager_271dac.py": {
        "stats": {
            "total_parameters": 0,
            "parameters_with_annotations": 0
        },
        "error_count": 1,
        "isCompiled": false,
        "errors": [
            "frame_manager_271dac.py:868: error: invalid syntax; you likely need to run mypy using Python 3.10 or newer  [syntax]",
            "Found 1 error in 1 file (errors prevented further checking)"
        ]
    },
    "from_params_test_811442.py": {
        "stats": {
            "total_parameters": 213,
            "parameters_with_annotations": 98
        },
        "error_count": 7,
        "isCompiled": false,
        "errors": [
            "from_params_test_811442.py:328: error: \"type[object]\" has no attribute \"from_params\"  [attr-defined]",
            "from_params_test_811442.py:632: error: Incompatible types in assignment (expression has type \"int\", variable has type \"None\")  [assignment]",
            "from_params_test_811442.py:633: error: Incompatible types in assignment (expression has type \"str\", variable has type \"None\")  [assignment]",
            "from_params_test_811442.py:634: error: Incompatible types in assignment (expression has type \"dict[str, Any]\", variable has type \"None\")  [assignment]",
            "from_params_test_811442.py:662: error: Incompatible types in assignment (expression has type \"str\", variable has type \"None\")  [assignment]",
            "from_params_test_811442.py:668: error: Incompatible types in assignment (expression has type \"str\", variable has type \"None\")  [assignment]",
            "from_params_test_811442.py:674: error: Incompatible types in assignment (expression has type \"str\", variable has type \"None\")  [assignment]",
            "Found 7 errors in 1 file (checked 1 source file)"
        ]
    },
    "generic_8a9e7c.py": {
        "stats": {
            "total_parameters": 155,
            "parameters_with_annotations": 117
        },
        "error_count": 76,
        "isCompiled": false,
        "errors": [
            "generic_8a9e7c.py:74: error: \"Frame\" has no attribute \"to_pandas\"  [attr-defined]",
            "generic_8a9e7c.py:103: error: \"Frame\" has no attribute \"to_pandas\"  [attr-defined]",
            "generic_8a9e7c.py:112: error: \"Frame\" has no attribute \"to_pandas\"  [attr-defined]",
            "generic_8a9e7c.py:129: error: \"Frame\" has no attribute \"_internal\"  [attr-defined]",
            "generic_8a9e7c.py:135: error: \"Frame\" has no attribute \"_internal\"  [attr-defined]",
            "generic_8a9e7c.py:146: error: \"Frame\" has no attribute \"_internal\"  [attr-defined]",
            "generic_8a9e7c.py:257: error: \"Frame\" has no attribute \"_to_internal_pandas\"  [attr-defined]",
            "generic_8a9e7c.py:261: error: Incompatible default for argument \"axis\" (default has type \"None\", argument has type \"int | str\")  [assignment]",
            "generic_8a9e7c.py:261: note: PEP 484 prohibits implicit Optional. Accordingly, mypy has changed its default to no_implicit_optional=True",
            "generic_8a9e7c.py:261: note: Use https://github.com/hauntsaninja/no_implicit_optional to automatically upgrade your codebase",
            "generic_8a9e7c.py:279: error: \"Frame\" has no attribute \"_reduce_for_stat_function\"  [attr-defined]",
            "generic_8a9e7c.py:284: error: Incompatible default for argument \"axis\" (default has type \"None\", argument has type \"int | str\")  [assignment]",
            "generic_8a9e7c.py:284: note: PEP 484 prohibits implicit Optional. Accordingly, mypy has changed its default to no_implicit_optional=True",
            "generic_8a9e7c.py:284: note: Use https://github.com/hauntsaninja/no_implicit_optional to automatically upgrade your codebase",
            "generic_8a9e7c.py:304: error: \"Frame\" has no attribute \"_reduce_for_stat_function\"  [attr-defined]",
            "generic_8a9e7c.py:309: error: Incompatible default for argument \"axis\" (default has type \"None\", argument has type \"int | str\")  [assignment]",
            "generic_8a9e7c.py:309: note: PEP 484 prohibits implicit Optional. Accordingly, mypy has changed its default to no_implicit_optional=True",
            "generic_8a9e7c.py:309: note: Use https://github.com/hauntsaninja/no_implicit_optional to automatically upgrade your codebase",
            "generic_8a9e7c.py:342: error: \"Frame\" has no attribute \"_reduce_for_stat_function\"  [attr-defined]",
            "generic_8a9e7c.py:349: error: Incompatible default for argument \"axis\" (default has type \"None\", argument has type \"int | str\")  [assignment]",
            "generic_8a9e7c.py:349: note: PEP 484 prohibits implicit Optional. Accordingly, mypy has changed its default to no_implicit_optional=True",
            "generic_8a9e7c.py:349: note: Use https://github.com/hauntsaninja/no_implicit_optional to automatically upgrade your codebase",
            "generic_8a9e7c.py:367: error: \"Frame\" has no attribute \"_reduce_for_stat_function\"  [attr-defined]",
            "generic_8a9e7c.py:372: error: Incompatible default for argument \"axis\" (default has type \"None\", argument has type \"int | str\")  [assignment]",
            "generic_8a9e7c.py:372: note: PEP 484 prohibits implicit Optional. Accordingly, mypy has changed its default to no_implicit_optional=True",
            "generic_8a9e7c.py:372: note: Use https://github.com/hauntsaninja/no_implicit_optional to automatically upgrade your codebase",
            "generic_8a9e7c.py:390: error: \"Frame\" has no attribute \"_reduce_for_stat_function\"  [attr-defined]",
            "generic_8a9e7c.py:397: error: Incompatible default for argument \"axis\" (default has type \"None\", argument has type \"int | str\")  [assignment]",
            "generic_8a9e7c.py:397: note: PEP 484 prohibits implicit Optional. Accordingly, mypy has changed its default to no_implicit_optional=True",
            "generic_8a9e7c.py:397: note: Use https://github.com/hauntsaninja/no_implicit_optional to automatically upgrade your codebase",
            "generic_8a9e7c.py:406: error: \"Frame\" has no attribute \"_reduce_for_stat_function\"  [attr-defined]",
            "generic_8a9e7c.py:411: error: Incompatible default for argument \"axis\" (default has type \"None\", argument has type \"int | str\")  [assignment]",
            "generic_8a9e7c.py:411: note: PEP 484 prohibits implicit Optional. Accordingly, mypy has changed its default to no_implicit_optional=True",
            "generic_8a9e7c.py:411: note: Use https://github.com/hauntsaninja/no_implicit_optional to automatically upgrade your codebase",
            "generic_8a9e7c.py:420: error: \"Frame\" has no attribute \"_reduce_for_stat_function\"  [attr-defined]",
            "generic_8a9e7c.py:425: error: Incompatible default for argument \"axis\" (default has type \"None\", argument has type \"int | str\")  [assignment]",
            "generic_8a9e7c.py:425: note: PEP 484 prohibits implicit Optional. Accordingly, mypy has changed its default to no_implicit_optional=True",
            "generic_8a9e7c.py:425: note: Use https://github.com/hauntsaninja/no_implicit_optional to automatically upgrade your codebase",
            "generic_8a9e7c.py:427: error: \"Frame\" has no attribute \"_reduce_for_stat_function\"  [attr-defined]",
            "generic_8a9e7c.py:432: error: Incompatible default for argument \"axis\" (default has type \"None\", argument has type \"int | str\")  [assignment]",
            "generic_8a9e7c.py:432: note: PEP 484 prohibits implicit Optional. Accordingly, mypy has changed its default to no_implicit_optional=True",
            "generic_8a9e7c.py:432: note: Use https://github.com/hauntsaninja/no_implicit_optional to automatically upgrade your codebase",
            "generic_8a9e7c.py:455: error: \"Frame\" has no attribute \"_reduce_for_stat_function\"  [attr-defined]",
            "generic_8a9e7c.py:460: error: Incompatible default for argument \"axis\" (default has type \"None\", argument has type \"int | str\")  [assignment]",
            "generic_8a9e7c.py:460: note: PEP 484 prohibits implicit Optional. Accordingly, mypy has changed its default to no_implicit_optional=True",
            "generic_8a9e7c.py:460: note: Use https://github.com/hauntsaninja/no_implicit_optional to automatically upgrade your codebase",
            "generic_8a9e7c.py:483: error: \"Frame\" has no attribute \"_reduce_for_stat_function\"  [attr-defined]",
            "generic_8a9e7c.py:488: error: Incompatible default for argument \"axis\" (default has type \"None\", argument has type \"int | str\")  [assignment]",
            "generic_8a9e7c.py:488: note: PEP 484 prohibits implicit Optional. Accordingly, mypy has changed its default to no_implicit_optional=True",
            "generic_8a9e7c.py:488: note: Use https://github.com/hauntsaninja/no_implicit_optional to automatically upgrade your codebase",
            "generic_8a9e7c.py:508: error: \"Frame\" has no attribute \"_reduce_for_stat_function\"  [attr-defined]",
            "generic_8a9e7c.py:513: error: Incompatible default for argument \"axis\" (default has type \"None\", argument has type \"int | str\")  [assignment]",
            "generic_8a9e7c.py:513: note: PEP 484 prohibits implicit Optional. Accordingly, mypy has changed its default to no_implicit_optional=True",
            "generic_8a9e7c.py:513: note: Use https://github.com/hauntsaninja/no_implicit_optional to automatically upgrade your codebase",
            "generic_8a9e7c.py:539: error: \"Frame\" has no attribute \"_reduce_for_stat_function\"  [attr-defined]",
            "generic_8a9e7c.py:545: error: \"Frame\" has no attribute \"_internal\"  [attr-defined]",
            "generic_8a9e7c.py:565: error: \"Frame\" has no attribute \"_apply_series_op\"  [attr-defined]",
            "generic_8a9e7c.py:627: error: \"Frame\" has no attribute \"_internal\"  [attr-defined]",
            "generic_8a9e7c.py:636: error: \"Frame\" has no attribute \"_internal\"  [attr-defined]",
            "generic_8a9e7c.py:637: error: \"Frame\" has no attribute \"_internal\"  [attr-defined]",
            "generic_8a9e7c.py:655: error: \"Frame\" has no attribute \"_internal\"  [attr-defined]",
            "generic_8a9e7c.py:663: error: \"Frame\" has no attribute \"_internal\"  [attr-defined]",
            "generic_8a9e7c.py:664: error: \"Frame\" has no attribute \"_internal\"  [attr-defined]",
            "generic_8a9e7c.py:686: error: Value of type \"Frame\" is not indexable  [index]",
            "generic_8a9e7c.py:711: error: \"Frame\" has no attribute \"head\"  [attr-defined]",
            "generic_8a9e7c.py:716: error: Function \"generic_8a9e7c.Frame.bool\" is not valid as a type  [valid-type]",
            "generic_8a9e7c.py:716: note: Perhaps you need \"Callable[...]\" or a callback protocol?",
            "generic_8a9e7c.py:721: error: \"Frame\" has no attribute \"index\"  [attr-defined]",
            "generic_8a9e7c.py:726: error: \"Frame\" has no attribute \"copy\"  [attr-defined]",
            "generic_8a9e7c.py:751: error: \"Frame\" has no attribute \"_to_internal_pandas\"  [attr-defined]",
            "generic_8a9e7c.py:757: error: Function \"generic_8a9e7c.Frame.bool\" is not valid as a type  [valid-type]",
            "generic_8a9e7c.py:757: note: Perhaps you need \"Callable[...]\" or a callback protocol?",
            "generic_8a9e7c.py:764: error: Function \"generic_8a9e7c.Frame.bool\" is not valid as a type  [valid-type]",
            "generic_8a9e7c.py:764: note: Perhaps you need \"Callable[...]\" or a callback protocol?",
            "generic_8a9e7c.py:794: error: Function \"generic_8a9e7c.Frame.bool\" is not valid as a type  [valid-type]",
            "generic_8a9e7c.py:794: note: Perhaps you need \"Callable[...]\" or a callback protocol?",
            "Found 48 errors in 1 file (checked 1 source file)"
        ]
    },
    "generic_a07530.py": {
        "stats": {
            "total_parameters": 178,
            "parameters_with_annotations": 125
        },
        "error_count": 0,
        "isCompiled": true,
        "errors": []
    },
    "git_90c119.py": {
        "stats": {
            "total_parameters": 50,
            "parameters_with_annotations": 50
        },
        "error_count": 0,
        "isCompiled": true,
        "errors": []
    },
    "groupby_7dd4b2.py": {
        "stats": {
            "total_parameters": 179,
            "parameters_with_annotations": 115
        },
        "error_count": 28,
        "isCompiled": false,
        "errors": [
            "groupby_7dd4b2.py:132: error: Argument 3 to \"_spark_groupby\" of \"GroupBy\" has incompatible type \"list[Any]\"; expected \"tuple[Any, ...]\"  [arg-type]",
            "groupby_7dd4b2.py:330: error: Argument 2 to \"isinstance\" has incompatible type \"<typing special form>\"; expected \"_ClassInfo\"  [arg-type]",
            "groupby_7dd4b2.py:378: error: Name \"cast\" is not defined  [name-defined]",
            "groupby_7dd4b2.py:378: note: Did you forget to import it from \"typing\"? (Suggestion: \"from typing import cast\")",
            "groupby_7dd4b2.py:379: error: Name \"cast\" is not defined  [name-defined]",
            "groupby_7dd4b2.py:379: note: Did you forget to import it from \"typing\"? (Suggestion: \"from typing import cast\")",
            "groupby_7dd4b2.py:384: error: Name \"cast\" is not defined  [name-defined]",
            "groupby_7dd4b2.py:384: note: Did you forget to import it from \"typing\"? (Suggestion: \"from typing import cast\")",
            "groupby_7dd4b2.py:398: error: Name \"cast\" is not defined  [name-defined]",
            "groupby_7dd4b2.py:398: note: Did you forget to import it from \"typing\"? (Suggestion: \"from typing import cast\")",
            "groupby_7dd4b2.py:399: error: Name \"cast\" is not defined  [name-defined]",
            "groupby_7dd4b2.py:399: note: Did you forget to import it from \"typing\"? (Suggestion: \"from typing import cast\")",
            "groupby_7dd4b2.py:402: error: Name \"cast\" is not defined  [name-defined]",
            "groupby_7dd4b2.py:402: note: Did you forget to import it from \"typing\"? (Suggestion: \"from typing import cast\")",
            "groupby_7dd4b2.py:407: error: Name \"cast\" is not defined  [name-defined]",
            "groupby_7dd4b2.py:407: note: Did you forget to import it from \"typing\"? (Suggestion: \"from typing import cast\")",
            "groupby_7dd4b2.py:451: error: Name \"cast\" is not defined  [name-defined]",
            "groupby_7dd4b2.py:451: note: Did you forget to import it from \"typing\"? (Suggestion: \"from typing import cast\")",
            "groupby_7dd4b2.py:463: error: Argument 2 to \"isinstance\" has incompatible type \"<typing special form>\"; expected \"_ClassInfo\"  [arg-type]",
            "groupby_7dd4b2.py:684: error: Argument 2 to \"isinstance\" has incompatible type \"<typing special form>\"; expected \"_ClassInfo\"  [arg-type]",
            "groupby_7dd4b2.py:727: error: Name \"cast\" is not defined  [name-defined]",
            "groupby_7dd4b2.py:727: note: Did you forget to import it from \"typing\"? (Suggestion: \"from typing import cast\")",
            "groupby_7dd4b2.py:733: error: Name \"cast\" is not defined  [name-defined]",
            "groupby_7dd4b2.py:733: note: Did you forget to import it from \"typing\"? (Suggestion: \"from typing import cast\")",
            "groupby_7dd4b2.py:980: error: Item \"None\" of \"list[tuple[Any, ...]] | None\" has no attribute \"__iter__\" (not iterable)  [union-attr]",
            "groupby_7dd4b2.py:997: error: Item \"None\" of \"list[tuple[Any, ...]] | None\" has no attribute \"__iter__\" (not iterable)  [union-attr]",
            "groupby_7dd4b2.py:1004: error: \"None\" not callable  [misc]",
            "groupby_7dd4b2.py:1108: error: \"None\" not callable  [misc]",
            "Found 18 errors in 1 file (checked 1 source file)"
        ]
    },
    "header_990b83.py": {
        "stats": {
            "total_parameters": 88,
            "parameters_with_annotations": 61
        },
        "error_count": 0,
        "isCompiled": true,
        "errors": []
    },
    "helpers_b607a0.py": {
        "stats": {
            "total_parameters": 51,
            "parameters_with_annotations": 50
        },
        "error_count": 0,
        "isCompiled": true,
        "errors": []
    },
    "helpers_e73aba.py": {
        "stats": {
            "total_parameters": 44,
            "parameters_with_annotations": 44
        },
        "error_count": 0,
        "isCompiled": true,
        "errors": []
    },
    "hist_13f59f.py": {
        "stats": {
            "total_parameters": 107,
            "parameters_with_annotations": 92
        },
        "error_count": 3,
        "isCompiled": false,
        "errors": [
            "hist_13f59f.py:93: error: Argument 2 to \"_calculate_bins\" of \"HistPlot\" has incompatible type \"int | Any | list[Any]\"; expected \"int\"  [arg-type]",
            "hist_13f59f.py:95: error: Argument 2 to \"_calculate_bins\" of \"HistPlot\" has incompatible type \"int | Any | list[Any]\"; expected \"int\"  [arg-type]",
            "hist_13f59f.py:487: error: Argument \"bins\" to \"_grouped_hist\" has incompatible type \"int | Any | list[Any]\"; expected \"int\"  [arg-type]",
            "Found 3 errors in 1 file (checked 1 source file)"
        ]
    },
    "hive_66cde7.py": {
        "stats": {
            "total_parameters": 88,
            "parameters_with_annotations": 66
        },
        "error_count": 1,
        "isCompiled": false,
        "errors": [
            "hive_66cde7.py:436: error: Missing return statement  [empty-body]",
            "Found 1 error in 1 file (checked 1 source file)"
        ]
    },
    "http1connection_0621ea.py": {
        "stats": {
            "total_parameters": 72,
            "parameters_with_annotations": 43
        },
        "error_count": 0,
        "isCompiled": true,
        "errors": []
    },
    "httpclient_e36adc.py": {
        "stats": {
            "total_parameters": 87,
            "parameters_with_annotations": 61
        },
        "error_count": 1,
        "isCompiled": false,
        "errors": [
            "httpclient_e36adc.py:179: error: invalid syntax; you likely need to run mypy using Python 3.10 or newer  [syntax]",
            "Found 1 error in 1 file (errors prevented further checking)"
        ]
    },
    "indexing_b000ec.py": {
        "stats": {
            "total_parameters": 108,
            "parameters_with_annotations": 63
        },
        "error_count": 9,
        "isCompiled": false,
        "errors": [
            "indexing_b000ec.py:457: error: Incompatible types in assignment (expression has type \"list[Any] | None\", variable has type \"list[Any]\")  [assignment]",
            "indexing_b000ec.py:608: error: \"LocIndexerLike\" has no attribute \"_sequence_col\"  [attr-defined]",
            "indexing_b000ec.py:689: error: \"LocIndexerLike\" has no attribute \"_sequence_col\"  [attr-defined]",
            "indexing_b000ec.py:694: error: Argument 1 to \"len\" has incompatible type \"list[Any] | None\"; expected \"Sized\"  [arg-type]",
            "indexing_b000ec.py:708: error: Item \"None\" of \"list[Any] | None\" has no attribute \"__iter__\" (not iterable)  [union-attr]",
            "indexing_b000ec.py:1159: error: Incompatible types in assignment (expression has type \"set[Any]\", variable has type \"list[tuple[Any, ...]] | None\")  [assignment]",
            "indexing_b000ec.py:1173: error: List comprehension has incompatible type List[Any | None]; expected List[tuple[Any, ...]]  [misc]",
            "indexing_b000ec.py:1200: error: Incompatible return value type (got \"tuple[list[tuple[Any]], list[Any], None, bool, None]\", expected \"tuple[list[tuple[Any, ...]], list[Any] | None, list[Any] | None, bool, tuple[Any, ...] | None]\")  [return-value]",
            "indexing_b000ec.py:1307: error: Argument 2 to \"_get_from_multiindex_column\" of \"LocIndexer\" has incompatible type \"list[tuple[Any, ...]] | None\"; expected \"list[tuple[Any, ...]]\"  [arg-type]",
            "Found 9 errors in 1 file (checked 1 source file)"
        ]
    },
    "indexing_d02a25.py": {
        "stats": {
            "total_parameters": 190,
            "parameters_with_annotations": 122
        },
        "error_count": 1,
        "isCompiled": false,
        "errors": [
            "indexing_d02a25.py:2216: error: Incompatible types in assignment (expression has type \"range\", variable has type \"list[Any]\")  [assignment]",
            "Found 1 error in 1 file (checked 1 source file)"
        ]
    },
    "initiator_fb22e8.py": {
        "stats": {
            "total_parameters": 44,
            "parameters_with_annotations": 44
        },
        "error_count": 0,
        "isCompiled": true,
        "errors": []
    },
    "initiator_manager_26765c.py": {
        "stats": {
            "total_parameters": 65,
            "parameters_with_annotations": 65
        },
        "error_count": 0,
        "isCompiled": true,
        "errors": []
    },
    "interval_941dbf.py": {
        "stats": {
            "total_parameters": 96,
            "parameters_with_annotations": 64
        },
        "error_count": 0,
        "isCompiled": true,
        "errors": []
    },
    "kedro_data_catalog_148318.py": {
        "stats": {
            "total_parameters": 86,
            "parameters_with_annotations": 50
        },
        "error_count": 0,
        "isCompiled": true,
        "errors": []
    },
    "linegen_ea8858.py": {
        "stats": {
            "total_parameters": 137,
            "parameters_with_annotations": 109
        },
        "error_count": 0,
        "isCompiled": true,
        "errors": []
    },
    "local_b588b6.py": {
        "stats": {
            "total_parameters": 72,
            "parameters_with_annotations": 52
        },
        "error_count": 20,
        "isCompiled": false,
        "errors": [
            "local_b588b6.py:74: error: Method \"get_public_upload_root_url\" is marked as an override, but no base method was found with this name  [misc]",
            "local_b588b6.py:78: error: Method \"generate_message_upload_path\" is marked as an override, but no base method was found with this name  [misc]",
            "local_b588b6.py:90: error: Method \"upload_message_attachment\" is marked as an override, but no base method was found with this name  [misc]",
            "local_b588b6.py:101: error: Method \"save_attachment_contents\" is marked as an override, but no base method was found with this name  [misc]",
            "local_b588b6.py:106: error: Method \"attachment_vips_source\" is marked as an override, but no base method was found with this name  [misc]",
            "local_b588b6.py:113: error: Method \"delete_message_attachment\" is marked as an override, but no base method was found with this name  [misc]",
            "local_b588b6.py:117: error: Method \"all_message_attachments\" is marked as an override, but no base method was found with this name  [misc]",
            "local_b588b6.py:138: error: Method \"get_avatar_url\" is marked as an override, but no base method was found with this name  [misc]",
            "local_b588b6.py:142: error: Method \"get_avatar_contents\" is marked as an override, but no base method was found with this name  [misc]",
            "local_b588b6.py:148: error: Method \"upload_single_avatar_image\" is marked as an override, but no base method was found with this name  [misc]",
            "local_b588b6.py:160: error: Method \"delete_avatar_image\" is marked as an override, but no base method was found with this name  [misc]",
            "local_b588b6.py:166: error: Method \"get_realm_icon_url\" is marked as an override, but no base method was found with this name  [misc]",
            "local_b588b6.py:170: error: Method \"upload_realm_icon_image\" is marked as an override, but no base method was found with this name  [misc]",
            "local_b588b6.py:181: error: Method \"get_realm_logo_url\" is marked as an override, but no base method was found with this name  [misc]",
            "local_b588b6.py:189: error: Method \"upload_realm_logo_image\" is marked as an override, but no base method was found with this name  [misc]",
            "local_b588b6.py:206: error: Method \"get_emoji_url\" is marked as an override, but no base method was found with this name  [misc]",
            "local_b588b6.py:224: error: Method \"upload_single_emoji_image\" is marked as an override, but no base method was found with this name  [misc]",
            "local_b588b6.py:230: error: Method \"get_export_tarball_url\" is marked as an override, but no base method was found with this name  [misc]",
            "local_b588b6.py:235: error: Method \"upload_export_tarball\" is marked as an override, but no base method was found with this name  [misc]",
            "local_b588b6.py:253: error: Method \"delete_export_tarball\" is marked as an override, but no base method was found with this name  [misc]",
            "Found 20 errors in 1 file (checked 1 source file)"
        ]
    },
    "log_67c6cb.py": {
        "stats": {
            "total_parameters": 62,
            "parameters_with_annotations": 48
        },
        "error_count": 0,
        "isCompiled": true,
        "errors": []
    },
    "log_writer_c4397a.py": {
        "stats": {
            "total_parameters": 69,
            "parameters_with_annotations": 46
        },
        "error_count": 0,
        "isCompiled": true,
        "errors": []
    },
    "managers_6d6254.py": {
        "stats": {
            "total_parameters": 292,
            "parameters_with_annotations": 179
        },
        "error_count": 13,
        "isCompiled": false,
        "errors": [
            "managers_6d6254.py:736: error: Trying to assign name \"_is_consolidated\" that is not in \"__slots__\" of type \"managers_6d6254.BaseBlockManager\"  [misc]",
            "managers_6d6254.py:851: error: Argument 1 to \"enumerate\" has incompatible type \"slice | Any\"; expected \"Iterable[Any]\"  [arg-type]",
            "managers_6d6254.py:1203: error: Unsupported target for indexed assignment (\"Any | None\")  [index]",
            "managers_6d6254.py:1206: error: Unsupported target for indexed assignment (\"Any | None\")  [index]",
            "managers_6d6254.py:1568: error: Trying to assign name \"axes\" that is not in \"__slots__\" of type \"managers_6d6254.SingleBlockManager\"  [misc]",
            "managers_6d6254.py:1569: error: Trying to assign name \"blocks\" that is not in \"__slots__\" of type \"managers_6d6254.SingleBlockManager\"  [misc]",
            "managers_6d6254.py:1629: error: Trying to assign name \"axes\" that is not in \"__slots__\" of type \"managers_6d6254.SingleBlockManager\"  [misc]",
            "managers_6d6254.py:1631: error: Trying to assign name \"blocks\" that is not in \"__slots__\" of type \"managers_6d6254.SingleBlockManager\"  [misc]",
            "managers_6d6254.py:1662: error: Argument 1 to \"len\" has incompatible type \"Any | slice | list[int]\"; expected \"Sized\"  [arg-type]",
            "managers_6d6254.py:1662: error: Item \"slice\" of \"Any | slice | list[int]\" has no attribute \"all\"  [union-attr]",
            "managers_6d6254.py:1662: error: Item \"list[int]\" of \"Any | slice | list[int]\" has no attribute \"all\"  [union-attr]",
            "managers_6d6254.py:1719: error: Trying to assign name \"blocks\" that is not in \"__slots__\" of type \"managers_6d6254.SingleBlockManager\"  [misc]",
            "managers_6d6254.py:1734: error: Trying to assign name \"blocks\" that is not in \"__slots__\" of type \"managers_6d6254.SingleBlockManager\"  [misc]",
            "Found 13 errors in 1 file (checked 1 source file)"
        ]
    },
    "manifest_0eeebb.py": {
        "stats": {
            "total_parameters": 147,
            "parameters_with_annotations": 106
        },
        "error_count": 3,
        "isCompiled": false,
        "errors": [
            "manifest_0eeebb.py:808: error: Item \"None\" of \"Any | None\" has no attribute \"get_macro_id\"  [union-attr]",
            "manifest_0eeebb.py:1558: error: \"Expr\" has no attribute \"name\"  [attr-defined]",
            "manifest_0eeebb.py:1560: error: \"Expr\" has no attribute \"value\"  [attr-defined]",
            "Found 3 errors in 1 file (checked 1 source file)"
        ]
    },
    "manifest_47c52e.py": {
        "stats": {
            "total_parameters": 339,
            "parameters_with_annotations": 211
        },
        "error_count": 3,
        "isCompiled": false,
        "errors": [
            "manifest_47c52e.py:1625: error: Argument 1 of \"__reduce_ex__\" is incompatible with supertype \"object\"; supertype defines the argument type as \"SupportsIndex\"  [override]",
            "manifest_47c52e.py:1625: note: This violates the Liskov substitution principle",
            "manifest_47c52e.py:1625: note: See https://mypy.readthedocs.io/en/stable/common_issues.html#incompatible-overrides",
            "Found 1 error in 1 file (checked 1 source file)"
        ]
    },
    "mediation_fee_f1a080.py": {
        "stats": {
            "total_parameters": 47,
            "parameters_with_annotations": 41
        },
        "error_count": 0,
        "isCompiled": true,
        "errors": []
    },
    "mediator_edd547.py": {
        "stats": {
            "total_parameters": 123,
            "parameters_with_annotations": 123
        },
        "error_count": 0,
        "isCompiled": true,
        "errors": []
    },
    "merge_f40757.py": {
        "stats": {
            "total_parameters": 0,
            "parameters_with_annotations": 0
        },
        "error_count": 1,
        "isCompiled": false,
        "errors": [
            "merge_f40757.py:450: error: invalid syntax; you likely need to run mypy using Python 3.10 or newer  [syntax]",
            "Found 1 error in 1 file (errors prevented further checking)"
        ]
    },
    "message_6587fb.py": {
        "stats": {
            "total_parameters": 97,
            "parameters_with_annotations": 97
        },
        "error_count": 0,
        "isCompiled": true,
        "errors": []
    },
    "message_cache_dbda93.py": {
        "stats": {
            "total_parameters": 49,
            "parameters_with_annotations": 49
        },
        "error_count": 0,
        "isCompiled": true,
        "errors": []
    },
    "message_edit_6be856.py": {
        "stats": {
            "total_parameters": 61,
            "parameters_with_annotations": 61
        },
        "error_count": 0,
        "isCompiled": true,
        "errors": []
    },
    "message_send_b7048c.py": {
        "stats": {
            "total_parameters": 156,
            "parameters_with_annotations": 155
        },
        "error_count": 3,
        "isCompiled": false,
        "errors": [
            "message_send_b7048c.py:203: error: Name \"TypedDict\" is not defined  [name-defined]",
            "message_send_b7048c.py:1067: error: Name \"TypedDict\" is not defined  [name-defined]",
            "message_send_b7048c.py:1082: error: Incompatible types in assignment (expression has type \"dict[str, object]\", variable has type \"UserData\")  [assignment]",
            "Found 3 errors in 1 file (checked 1 source file)"
        ]
    },
    "_arrow_string_mixins_7654a8.py": {
        "stats": {
            "total_parameters": 82,
            "parameters_with_annotations": 46
        },
        "error_count": 0,
        "isCompiled": true,
        "errors": []
    },
    "_client_5a9e7d.py": {
        "stats": {
            "total_parameters": 0,
            "parameters_with_annotations": 0
        },
        "error_count": 1,
        "isCompiled": false,
        "errors": [
            "_client_5a9e7d.py:1: error: unexpected indent  [syntax]",
            "Found 1 error in 1 file (errors prevented further checking)"
        ]
    },
    "_compat_bfcdb3.py": {
        "stats": {
            "total_parameters": 56,
            "parameters_with_annotations": 47
        },
        "error_count": 5,
        "isCompiled": false,
        "errors": [
            "_compat_bfcdb3.py:470: error: All conditional function variants must have identical signatures  [misc]",
            "_compat_bfcdb3.py:470: note: Original:",
            "_compat_bfcdb3.py:470: note:     def get_compat_model_name_map(fields: Sequence[ModelField]) -> Any",
            "_compat_bfcdb3.py:470: note: Redefinition:",
            "_compat_bfcdb3.py:470: note:     def get_compat_model_name_map(fields: list[ModelField]) -> Any",
            "Found 1 error in 1 file (checked 1 source file)"
        ]
    },
    "_misc_3826f1.py": {
        "stats": {
            "total_parameters": 59,
            "parameters_with_annotations": 51
        },
        "error_count": 0,
        "isCompiled": true,
        "errors": []
    },
    "_models_dd672f.py": {
        "stats": {
            "total_parameters": 142,
            "parameters_with_annotations": 60
        },
        "error_count": 12,
        "isCompiled": false,
        "errors": [
            "_models_dd672f.py:332: error: Argument 1 of \"__contains__\" is incompatible with supertype \"Mapping\"; supertype defines the argument type as \"object\"  [override]",
            "_models_dd672f.py:332: note: This violates the Liskov substitution principle",
            "_models_dd672f.py:332: note: See https://mypy.readthedocs.io/en/stable/common_issues.html#incompatible-overrides",
            "_models_dd672f.py:332: error: Argument 1 of \"__contains__\" is incompatible with supertype \"Container\"; supertype defines the argument type as \"object\"  [override]",
            "_models_dd672f.py:1036: error: Signature of \"get\" incompatible with supertype \"Mapping\"  [override]",
            "_models_dd672f.py:1036: note:      Superclass:",
            "_models_dd672f.py:1036: note:          @overload",
            "_models_dd672f.py:1036: note:          def get(self, str, /) -> str | None",
            "_models_dd672f.py:1036: note:          @overload",
            "_models_dd672f.py:1036: note:          def [_T] get(self, str, /, default: str | _T) -> str | _T",
            "_models_dd672f.py:1036: note:      Subclass:",
            "_models_dd672f.py:1036: note:          def get(self, name: str, default: str | None = ..., domain: str | None = ..., path: str | None = ...) -> str | None",
            "Found 3 errors in 1 file (checked 1 source file)"
        ]
    },
    "_parser_ad554d.py": {
        "stats": {
            "total_parameters": 78,
            "parameters_with_annotations": 70
        },
        "error_count": 3,
        "isCompiled": false,
        "errors": [
            "_parser_ad554d.py:329: error: Too many values to unpack (2 expected, 3 provided)  [misc]",
            "_parser_ad554d.py:344: error: Cannot determine type of \"value\"  [has-type]",
            "_parser_ad554d.py:346: error: Cannot determine type of \"value\"  [has-type]",
            "Found 3 errors in 1 file (checked 1 source file)"
        ]
    },
    "__init___4ea406.py": {
        "stats": {
            "total_parameters": 0,
            "parameters_with_annotations": 0
        },
        "error_count": 1,
        "isCompiled": false,
        "errors": [
            "__init___4ea406.py:474: error: invalid syntax; you likely need to run mypy using Python 3.10 or newer  [syntax]",
            "Found 1 error in 1 file (errors prevented further checking)"
        ]
    },
    "__init___7dd003.py": {
        "stats": {
            "total_parameters": 64,
            "parameters_with_annotations": 64
        },
        "error_count": 0,
        "isCompiled": true,
        "errors": []
    },
    "__init___ee7b0d.py": {
        "stats": {
            "total_parameters": 36,
            "parameters_with_annotations": 36
        },
        "error_count": 0,
        "isCompiled": true,
        "errors": []
    }
}