{
    "accessories_b90bda.py": {
        "stats": {
            "total_parameters": 57,
            "parameters_with_annotations": 37
        },
        "error_count": 0,
        "isCompiled": true,
        "errors": []
    },
    "accessor_9a03f0.py": {
        "stats": {
            "total_parameters": 10,
            "parameters_with_annotations": 10
        },
        "error_count": 0,
        "isCompiled": true,
        "errors": []
    },
    "aiokafka_d62f1d.py": {
        "stats": {
            "total_parameters": 0,
            "parameters_with_annotations": 0
        },
        "error_count": 1,
        "isCompiled": false,
        "errors": [
            "aiokafka_d62f1d.py:944: error: invalid syntax; you likely need to run mypy using Python 3.10 or newer  [syntax]",
            "Found 1 error in 1 file (errors prevented further checking)"
        ]
    },
    "algorithms_faa87b.py": {
        "stats": {
            "total_parameters": 70,
            "parameters_with_annotations": 68
        },
        "error_count": 2,
        "isCompiled": false,
        "errors": [
            "algorithms_faa87b.py:1020: error: \"int\" has no attribute \"is_integer\"  [attr-defined]",
            "algorithms_faa87b.py:1265: error: Argument 1 to \"len\" has incompatible type \"Callable[[Any], Any] | Mapping[Any, Any] | Any\"; expected \"Sized\"  [arg-type]",
            "Found 2 errors in 1 file (checked 1 source file)"
        ]
    },
    "api_cbdcbd.py": {
        "stats": {
            "total_parameters": 49,
            "parameters_with_annotations": 49
        },
        "error_count": 1,
        "isCompiled": false,
        "errors": [
            "api_cbdcbd.py:154: error: Module has no attribute \"timeout\"  [attr-defined]",
            "Found 1 error in 1 file (checked 1 source file)"
        ]
    },
    "api_tests_78614f.py": {
        "stats": {
            "total_parameters": 95,
            "parameters_with_annotations": 95
        },
        "error_count": 0,
        "isCompiled": true,
        "errors": []
    },
    "api_test_5baf5c.py": {
        "stats": {
            "total_parameters": 172,
            "parameters_with_annotations": 172
        },
        "error_count": 0,
        "isCompiled": true,
        "errors": []
    },
    "appgraph_e5732d.py": {
        "stats": {
            "total_parameters": 126,
            "parameters_with_annotations": 91
        },
        "error_count": 0,
        "isCompiled": true,
        "errors": []
    },
    "applications_c5af27.py": {
        "stats": {
            "total_parameters": 54,
            "parameters_with_annotations": 40
        },
        "error_count": 0,
        "isCompiled": true,
        "errors": []
    },
    "app_c89ec6.py": {
        "stats": {
            "total_parameters": 103,
            "parameters_with_annotations": 40
        },
        "error_count": 1,
        "isCompiled": false,
        "errors": [
            "app_c89ec6.py:236: error: Incompatible default for argument \"pattern\" (default has type \"None\", argument has type \"str | Pattern[Any]\")  [assignment]",
            "app_c89ec6.py:236: note: PEP 484 prohibits implicit Optional. Accordingly, mypy has changed its default to no_implicit_optional=True",
            "app_c89ec6.py:236: note: Use https://github.com/hauntsaninja/no_implicit_optional to automatically upgrade your codebase",
            "Found 1 error in 1 file (checked 1 source file)"
        ]
    },
    "app_e5f00c.py": {
        "stats": {
            "total_parameters": 44,
            "parameters_with_annotations": 44
        },
        "error_count": 0,
        "isCompiled": true,
        "errors": []
    },
    "asserters_700def.py": {
        "stats": {
            "total_parameters": 129,
            "parameters_with_annotations": 129
        },
        "error_count": 0,
        "isCompiled": true,
        "errors": []
    },
    "attention_module_7f6559.py": {
        "stats": {
            "total_parameters": 94,
            "parameters_with_annotations": 78
        },
        "error_count": 2,
        "isCompiled": false,
        "errors": [
            "attention_module_7f6559.py:223: error: Incompatible return value type (got \"tuple[Tensor, Tensor | None]\", expected \"tuple[Tensor, Tensor]\")  [return-value]",
            "attention_module_7f6559.py:305: error: Incompatible types in assignment (expression has type \"None\", variable has type \"Tensor\")  [assignment]",
            "Found 2 errors in 1 file (checked 1 source file)"
        ]
    },
    "auth_d8f17e.py": {
        "stats": {
            "total_parameters": 55,
            "parameters_with_annotations": 40
        },
        "error_count": 0,
        "isCompiled": true,
        "errors": []
    },
    "awsclient_860c67.py": {
        "stats": {
            "total_parameters": 417,
            "parameters_with_annotations": 293
        },
        "error_count": 1,
        "isCompiled": false,
        "errors": [
            "awsclient_860c67.py:1223: error: Incompatible return value type (got \"dict[str, Any]\", expected \"LogEventsResponse\")  [return-value]",
            "Found 1 error in 1 file (checked 1 source file)"
        ]
    },
    "base_6106b5.py": {
        "stats": {
            "total_parameters": 160,
            "parameters_with_annotations": 57
        },
        "error_count": 16,
        "isCompiled": false,
        "errors": [
            "base_6106b5.py:406: error: Cannot determine type of \"on_before_configured\"  [has-type]",
            "base_6106b5.py:407: error: Cannot determine type of \"on_configured\"  [has-type]",
            "base_6106b5.py:409: error: Cannot determine type of \"on_after_configured\"  [has-type]",
            "base_6106b5.py:411: error: Cannot determine type of \"on_partitions_assigned\"  [has-type]",
            "base_6106b5.py:413: error: Cannot determine type of \"on_partitions_revoked\"  [has-type]",
            "base_6106b5.py:414: error: Cannot determine type of \"on_worker_init\"  [has-type]",
            "base_6106b5.py:416: error: Cannot determine type of \"on_rebalance_complete\"  [has-type]",
            "base_6106b5.py:418: error: Cannot determine type of \"on_before_shutdown\"  [has-type]",
            "base_6106b5.py:420: error: Cannot determine type of \"on_produce_message\"  [has-type]",
            "base_6106b5.py:489: error: Cannot determine type of \"finalized\"  [has-type]",
            "base_6106b5.py:489: error: Cannot determine type of \"configured\"  [has-type]",
            "base_6106b5.py:491: error: Cannot determine type of \"configured\"  [has-type]",
            "base_6106b5.py:496: error: Cannot determine type of \"finalized\"  [has-type]",
            "base_6106b5.py:570: error: Incompatible default for argument \"pattern\" (default has type \"None\", argument has type \"str | Pattern[Any]\")  [assignment]",
            "base_6106b5.py:570: note: PEP 484 prohibits implicit Optional. Accordingly, mypy has changed its default to no_implicit_optional=True",
            "base_6106b5.py:570: note: Use https://github.com/hauntsaninja/no_implicit_optional to automatically upgrade your codebase",
            "base_6106b5.py:947: error: Function \"fun\" could always be true in boolean context  [truthy-function]",
            "base_6106b5.py:1262: error: Argument 1 to \"_prepare_compat_settings\" of \"App\" has incompatible type \"Mapping[str, Any]\"; expected \"MutableMapping[Any, Any]\"  [arg-type]",
            "Found 16 errors in 1 file (checked 1 source file)"
        ]
    },
    "base_6a0ea7.py": {
        "stats": {
            "total_parameters": 70,
            "parameters_with_annotations": 47
        },
        "error_count": 0,
        "isCompiled": true,
        "errors": []
    },
    "base_949c11.py": {
        "stats": {
            "total_parameters": 159,
            "parameters_with_annotations": 111
        },
        "error_count": 0,
        "isCompiled": true,
        "errors": []
    },
    "base_9c14fc.py": {
        "stats": {
            "total_parameters": 114,
            "parameters_with_annotations": 58
        },
        "error_count": 0,
        "isCompiled": true,
        "errors": []
    },
    "base_b5c467.py": {
        "stats": {
            "total_parameters": 87,
            "parameters_with_annotations": 56
        },
        "error_count": 0,
        "isCompiled": true,
        "errors": []
    },
    "base_bb93b4.py": {
        "stats": {
            "total_parameters": 128,
            "parameters_with_annotations": 77
        },
        "error_count": 4,
        "isCompiled": false,
        "errors": [
            "base_bb93b4.py:45: error: Name \"Literal\" is not defined  [name-defined]",
            "base_bb93b4.py:45: error: Name \"left\" is not defined  [name-defined]",
            "base_bb93b4.py:45: error: Name \"right\" is not defined  [name-defined]",
            "base_bb93b4.py:45: error: Name \"both\" is not defined  [name-defined]",
            "Found 4 errors in 1 file (checked 1 source file)"
        ]
    },
    "base_tests_a1e90e.py": {
        "stats": {
            "total_parameters": 122,
            "parameters_with_annotations": 97
        },
        "error_count": 1,
        "isCompiled": false,
        "errors": [
            "base_tests_a1e90e.py:86: error: Name \"patch\" is not defined  [name-defined]",
            "Found 1 error in 1 file (checked 1 source file)"
        ]
    },
    "beam_search_b3623d.py": {
        "stats": {
            "total_parameters": 131,
            "parameters_with_annotations": 97
        },
        "error_count": 2,
        "isCompiled": false,
        "errors": [
            "beam_search_b3623d.py:395: error: Incompatible types in assignment (expression has type \"int | float\", variable has type \"int\")  [assignment]",
            "beam_search_b3623d.py:455: error: Incompatible types in assignment (expression has type \"int | float\", variable has type \"int\")  [assignment]",
            "Found 2 errors in 1 file (checked 1 source file)"
        ]
    },
    "blocks_3a122c.py": {
        "stats": {
            "total_parameters": 211,
            "parameters_with_annotations": 126
        },
        "error_count": 54,
        "isCompiled": false,
        "errors": [
            "blocks_3a122c.py:110: error: Name \"final\" is not defined  [name-defined]",
            "blocks_3a122c.py:120: error: Name \"final\" is not defined  [name-defined]",
            "blocks_3a122c.py:125: error: Name \"final\" is not defined  [name-defined]",
            "blocks_3a122c.py:130: error: Name \"final\" is not defined  [name-defined]",
            "blocks_3a122c.py:136: error: Name \"final\" is not defined  [name-defined]",
            "blocks_3a122c.py:141: error: Name \"final\" is not defined  [name-defined]",
            "blocks_3a122c.py:152: error: Decorators on top of @property are not supported  [misc]",
            "blocks_3a122c.py:152: error: Name \"final\" is not defined  [name-defined]",
            "blocks_3a122c.py:160: error: Name \"final\" is not defined  [name-defined]",
            "blocks_3a122c.py:164: error: Name \"final\" is not defined  [name-defined]",
            "blocks_3a122c.py:170: error: Name \"final\" is not defined  [name-defined]",
            "blocks_3a122c.py:183: error: Trying to assign name \"_mgr_locs\" that is not in \"__slots__\" of type \"blocks_3a122c.Block\"  [misc]",
            "blocks_3a122c.py:185: error: Name \"final\" is not defined  [name-defined]",
            "blocks_3a122c.py:202: error: Name \"final\" is not defined  [name-defined]",
            "blocks_3a122c.py:214: error: Name \"final\" is not defined  [name-defined]",
            "blocks_3a122c.py:224: error: Name \"final\" is not defined  [name-defined]",
            "blocks_3a122c.py:228: error: Name \"final\" is not defined  [name-defined]",
            "blocks_3a122c.py:238: error: Name \"final\" is not defined  [name-defined]",
            "blocks_3a122c.py:248: error: Name \"final\" is not defined  [name-defined]",
            "blocks_3a122c.py:260: error: Name \"final\" is not defined  [name-defined]",
            "blocks_3a122c.py:266: error: Name \"final\" is not defined  [name-defined]",
            "blocks_3a122c.py:276: error: Name \"final\" is not defined  [name-defined]",
            "blocks_3a122c.py:286: error: Name \"final\" is not defined  [name-defined]",
            "blocks_3a122c.py:297: error: Name \"final\" is not defined  [name-defined]",
            "blocks_3a122c.py:313: error: Name \"final\" is not defined  [name-defined]",
            "blocks_3a122c.py:325: error: Name \"final\" is not defined  [name-defined]",
            "blocks_3a122c.py:340: error: Name \"final\" is not defined  [name-defined]",
            "blocks_3a122c.py:380: error: Name \"final\" is not defined  [name-defined]",
            "blocks_3a122c.py:450: error: Name \"final\" is not defined  [name-defined]",
            "blocks_3a122c.py:455: error: Name \"final\" is not defined  [name-defined]",
            "blocks_3a122c.py:481: error: Name \"final\" is not defined  [name-defined]",
            "blocks_3a122c.py:495: error: Name \"final\" is not defined  [name-defined]",
            "blocks_3a122c.py:515: error: Name \"final\" is not defined  [name-defined]",
            "blocks_3a122c.py:529: error: Name \"final\" is not defined  [name-defined]",
            "blocks_3a122c.py:573: error: Name \"final\" is not defined  [name-defined]",
            "blocks_3a122c.py:593: error: Name \"final\" is not defined  [name-defined]",
            "blocks_3a122c.py:650: error: Name \"final\" is not defined  [name-defined]",
            "blocks_3a122c.py:712: error: Name \"final\" is not defined  [name-defined]",
            "blocks_3a122c.py:919: error: Name \"final\" is not defined  [name-defined]",
            "blocks_3a122c.py:924: error: Name \"Index\" is not defined  [name-defined]",
            "blocks_3a122c.py:953: error: Name \"final\" is not defined  [name-defined]",
            "blocks_3a122c.py:973: error: Name \"final\" is not defined  [name-defined]",
            "blocks_3a122c.py:976: error: Name \"Index\" is not defined  [name-defined]",
            "blocks_3a122c.py:985: error: Name \"final\" is not defined  [name-defined]",
            "blocks_3a122c.py:1039: error: Name \"final\" is not defined  [name-defined]",
            "blocks_3a122c.py:1044: error: Name \"final\" is not defined  [name-defined]",
            "blocks_3a122c.py:1068: error: Name \"final\" is not defined  [name-defined]",
            "blocks_3a122c.py:1109: error: Name \"final\" is not defined  [name-defined]",
            "blocks_3a122c.py:1149: error: Name \"final\" is not defined  [name-defined]",
            "blocks_3a122c.py:1159: error: Name \"final\" is not defined  [name-defined]",
            "blocks_3a122c.py:1164: error: Name \"final\" is not defined  [name-defined]",
            "blocks_3a122c.py:1171: error: Name \"final\" is not defined  [name-defined]",
            "blocks_3a122c.py:1313: error: Name \"final\" is not defined  [name-defined]",
            "blocks_3a122c.py:1369: error: Name \"NDArrayBackedExtensionArray\" is not defined  [name-defined]",
            "Found 54 errors in 1 file (checked 1 source file)"
        ]
    },
    "btanalysis_7decb4.py": {
        "stats": {
            "total_parameters": 50,
            "parameters_with_annotations": 50
        },
        "error_count": 1,
        "isCompiled": false,
        "errors": [
            "btanalysis_7decb4.py:150: error: Item \"str\" of \"Path | str\" has no attribute \"open\"  [union-attr]",
            "Found 1 error in 1 file (checked 1 source file)"
        ]
    },
    "cache_83a043.py": {
        "stats": {
            "total_parameters": 84,
            "parameters_with_annotations": 82
        },
        "error_count": 0,
        "isCompiled": true,
        "errors": []
    },
    "call_824067.py": {
        "stats": {
            "total_parameters": 68,
            "parameters_with_annotations": 50
        },
        "error_count": 0,
        "isCompiled": true,
        "errors": []
    },
    "channels_8e6ab8.py": {
        "stats": {
            "total_parameters": 77,
            "parameters_with_annotations": 44
        },
        "error_count": 0,
        "isCompiled": true,
        "errors": []
    },
    "channel_43e477.py": {
        "stats": {
            "total_parameters": 274,
            "parameters_with_annotations": 274
        },
        "error_count": 0,
        "isCompiled": true,
        "errors": []
    },
    "classification_92cb06.py": {
        "stats": {
            "total_parameters": 63,
            "parameters_with_annotations": 63
        },
        "error_count": 0,
        "isCompiled": true,
        "errors": []
    },
    "client_1e3c0a.py": {
        "stats": {
            "total_parameters": 55,
            "parameters_with_annotations": 41
        },
        "error_count": 0,
        "isCompiled": true,
        "errors": []
    },
    "common_4a17c0.py": {
        "stats": {
            "total_parameters": 41,
            "parameters_with_annotations": 41
        },
        "error_count": 4,
        "isCompiled": false,
        "errors": [
            "common_4a17c0.py:103: error: Incompatible types in assignment (expression has type \"str\", target has type \"bool\")  [assignment]",
            "common_4a17c0.py:117: error: Incompatible types in assignment (expression has type \"str\", target has type \"float\")  [assignment]",
            "common_4a17c0.py:202: error: Incompatible types in assignment (expression has type \"float\", target has type \"str\")  [assignment]",
            "common_4a17c0.py:224: error: Incompatible types in assignment (expression has type \"Any | Literal[True]\", target has type \"str\")  [assignment]",
            "Found 4 errors in 1 file (checked 1 source file)"
        ]
    },
    "compilation_283ca2.py": {
        "stats": {
            "total_parameters": 83,
            "parameters_with_annotations": 58
        },
        "error_count": 0,
        "isCompiled": true,
        "errors": []
    },
    "confluent_3b2473.py": {
        "stats": {
            "total_parameters": 58,
            "parameters_with_annotations": 36
        },
        "error_count": 2,
        "isCompiled": false,
        "errors": [
            "confluent_3b2473.py:418: error: Unexpected keyword argument \"timeout\"  [call-arg]",
            "confluent_3b2473.py:419: error: Unexpected keyword argument \"timeout\"  [call-arg]",
            "Found 2 errors in 1 file (checked 1 source file)"
        ]
    },
    "construction_4e8f89.py": {
        "stats": {
            "total_parameters": 60,
            "parameters_with_annotations": 60
        },
        "error_count": 0,
        "isCompiled": true,
        "errors": []
    },
    "consumer_fa3d87.py": {
        "stats": {
            "total_parameters": 0,
            "parameters_with_annotations": 0
        },
        "error_count": 1,
        "isCompiled": false,
        "errors": [
            "consumer_fa3d87.py:459: error: invalid syntax; you likely need to run mypy using Python 3.10 or newer  [syntax]",
            "Found 1 error in 1 file (errors prevented further checking)"
        ]
    },
    "context_config_b7e80b.py": {
        "stats": {
            "total_parameters": 93,
            "parameters_with_annotations": 64
        },
        "error_count": 1,
        "isCompiled": false,
        "errors": [
            "context_config_b7e80b.py:33: error: Missing return statement  [empty-body]",
            "Found 1 error in 1 file (checked 1 source file)"
        ]
    },
    "coordinator_e4c72e.py": {
        "stats": {
            "total_parameters": 53,
            "parameters_with_annotations": 36
        },
        "error_count": 0,
        "isCompiled": true,
        "errors": []
    },
    "cover_ccbdb1.py": {
        "stats": {
            "total_parameters": 134,
            "parameters_with_annotations": 66
        },
        "error_count": 5,
        "isCompiled": false,
        "errors": [
            "cover_ccbdb1.py:591: error: Cannot determine type of \"_attr_unique_id\"  [has-type]",
            "cover_ccbdb1.py:628: error: Cannot determine type of \"_attr_unique_id\"  [has-type]",
            "cover_ccbdb1.py:728: error: Cannot determine type of \"_attr_unique_id\"  [has-type]",
            "cover_ccbdb1.py:787: error: Cannot determine type of \"_attr_unique_id\"  [has-type]",
            "cover_ccbdb1.py:843: error: Cannot determine type of \"_attr_unique_id\"  [has-type]",
            "Found 5 errors in 1 file (checked 1 source file)"
        ]
    },
    "create_user_36a545.py": {
        "stats": {
            "total_parameters": 40,
            "parameters_with_annotations": 40
        },
        "error_count": 0,
        "isCompiled": true,
        "errors": []
    },
    "create_user_5beae0.py": {
        "stats": {
            "total_parameters": 39,
            "parameters_with_annotations": 39
        },
        "error_count": 0,
        "isCompiled": true,
        "errors": []
    },
    "custom_profile_fields_ccef17.py": {
        "stats": {
            "total_parameters": 36,
            "parameters_with_annotations": 36
        },
        "error_count": 3,
        "isCompiled": false,
        "errors": [
            "custom_profile_fields_ccef17.py:160: error: Dict entry 0 has incompatible type \"str\": \"int | str | list[int] | None\"; expected \"str\": \"int | str | None\"  [dict-item]",
            "custom_profile_fields_ccef17.py:160: error: Dict entry 1 has incompatible type \"str\": \"int | str | list[int] | None\"; expected \"str\": \"int | str | None\"  [dict-item]",
            "custom_profile_fields_ccef17.py:162: error: Incompatible types in assignment (expression has type \"int | str | list[int] | None\", target has type \"int | str | None\")  [assignment]",
            "Found 3 errors in 1 file (checked 1 source file)"
        ]
    },
    "dataclasses_a27d2a.py": {
        "stats": {
            "total_parameters": 47,
            "parameters_with_annotations": 39
        },
        "error_count": 1,
        "isCompiled": false,
        "errors": [
            "D:\\Research\\Harmonizing_ml_results\\ManyTypes4py_benchmarks\\Human_annotations_detailed_analysis\\o3_mini_outputs\\o3_mini_fully_percent_typed_output\\dataclasses_a27d2a.py: error: INTERNAL ERROR -- Please try using mypy master on GitHub:",
            "https://mypy.readthedocs.io/en/stable/common_issues.html#using-a-development-mypy-build",
            "If this issue continues with mypy master, please report a bug at https://github.com/python/mypy/issues",
            "version: 1.4.1",
            "D:\\Research\\Harmonizing_ml_results\\ManyTypes4py_benchmarks\\Human_annotations_detailed_analysis\\o3_mini_outputs\\o3_mini_fully_percent_typed_output\\dataclasses_a27d2a.py: : note: please use --show-traceback to print a traceback when reporting a bug"
        ]
    },
    "datadog_c5ba7b.py": {
        "stats": {
            "total_parameters": 131,
            "parameters_with_annotations": 93
        },
        "error_count": 0,
        "isCompiled": true,
        "errors": []
    },
    "dataprovider_a0d211.py": {
        "stats": {
            "total_parameters": 85,
            "parameters_with_annotations": 58
        },
        "error_count": 0,
        "isCompiled": true,
        "errors": []
    },
    "datastructures_0a7b11.py": {
        "stats": {
            "total_parameters": 142,
            "parameters_with_annotations": 54
        },
        "error_count": 4,
        "isCompiled": false,
        "errors": [
            "datastructures_0a7b11.py:229: error: Signature of \"__getitem__\" incompatible with supertype \"Sequence\"  [override]",
            "datastructures_0a7b11.py:229: note:      Superclass:",
            "datastructures_0a7b11.py:229: note:          @overload",
            "datastructures_0a7b11.py:229: note:          def __getitem__(self, int, /) -> str",
            "datastructures_0a7b11.py:229: note:          @overload",
            "datastructures_0a7b11.py:229: note:          def __getitem__(self, slice, /) -> Sequence[str]",
            "datastructures_0a7b11.py:229: note:      Subclass:",
            "datastructures_0a7b11.py:229: note:          def __getitem__(self, int | slice, /) -> str | list[str]",
            "datastructures_0a7b11.py:507: error: Return type \"list[str]\" of \"keys\" incompatible with return type \"KeysView[str]\" in supertype \"Mapping\"  [override]",
            "datastructures_0a7b11.py:510: error: Return type \"list[str]\" of \"values\" incompatible with return type \"ValuesView[str]\" in supertype \"Mapping\"  [override]",
            "datastructures_0a7b11.py:513: error: Return type \"list[tuple[str, str]]\" of \"items\" incompatible with return type \"ItemsView[str, str]\" in supertype \"Mapping\"  [override]",
            "Found 4 errors in 1 file (checked 1 source file)"
        ]
    },
    "data_catalog_8d7fcf.py": {
        "stats": {
            "total_parameters": 59,
            "parameters_with_annotations": 36
        },
        "error_count": 0,
        "isCompiled": true,
        "errors": []
    },
    "debug_info_f902e5.py": {
        "stats": {
            "total_parameters": 36,
            "parameters_with_annotations": 36
        },
        "error_count": 2,
        "isCompiled": false,
        "errors": [
            "debug_info_f902e5.py:140: error: Module has no attribute \"UTC\"  [attr-defined]",
            "debug_info_f902e5.py:159: error: Module has no attribute \"UTC\"  [attr-defined]",
            "Found 2 errors in 1 file (checked 1 source file)"
        ]
    },
    "dockerutils_6badca.py": {
        "stats": {
            "total_parameters": 55,
            "parameters_with_annotations": 42
        },
        "error_count": 4,
        "isCompiled": false,
        "errors": [
            "dockerutils_6badca.py:23: error: Name \"TYPE_CHECKING\" is not defined  [name-defined]",
            "dockerutils_6badca.py:99: error: Name \"TYPE_CHECKING\" is not defined  [name-defined]",
            "dockerutils_6badca.py:245: error: Argument 1 to \"__exit__\" of \"TemporaryDirectory\" has incompatible type \"BaseException | None\"; expected \"type[BaseException] | None\"  [arg-type]",
            "dockerutils_6badca.py:509: error: Incompatible types in assignment (expression has type \"None\", variable has type \"str\")  [assignment]",
            "Found 4 errors in 1 file (checked 1 source file)"
        ]
    },
    "email_mirror_590460.py": {
        "stats": {
            "total_parameters": 52,
            "parameters_with_annotations": 49
        },
        "error_count": 5,
        "isCompiled": false,
        "errors": [
            "email_mirror_590460.py:225: error: Name \"get_system_bot\" is not defined  [name-defined]",
            "email_mirror_590460.py:351: error: Argument 3 to \"sub\" has incompatible type \"str | None\"; expected \"str\"  [arg-type]",
            "email_mirror_590460.py:447: error: Name \"get_system_bot\" is not defined  [name-defined]",
            "email_mirror_590460.py:565: error: Method \"key\" is marked as an override, but no base method was found with this name  [misc]",
            "email_mirror_590460.py:569: error: Method \"rules\" is marked as an override, but no base method was found with this name  [misc]",
            "Found 5 errors in 1 file (checked 1 source file)"
        ]
    },
    "evaluators_b911b8.py": {
        "stats": {
            "total_parameters": 124,
            "parameters_with_annotations": 124
        },
        "error_count": 0,
        "isCompiled": true,
        "errors": []
    },
    "event_schema_4d75fe.py": {
        "stats": {
            "total_parameters": 67,
            "parameters_with_annotations": 67
        },
        "error_count": 0,
        "isCompiled": true,
        "errors": []
    },
    "ewm_ef0fa0.py": {
        "stats": {
            "total_parameters": 93,
            "parameters_with_annotations": 72
        },
        "error_count": 2,
        "isCompiled": false,
        "errors": [
            "ewm_ef0fa0.py:57: error: Name \"TYPE_CHECKING\" is not defined  [name-defined]",
            "ewm_ef0fa0.py:324: note: \"__init__\" of \"ExponentialMovingWindow\" defined here",
            "ewm_ef0fa0.py:899: error: Unexpected keyword argument \"_grouper\" for \"__init__\" of \"ExponentialMovingWindow\"  [call-arg]",
            "Found 2 errors in 1 file (checked 1 source file)"
        ]
    },
    "excel_26f18f.py": {
        "stats": {
            "total_parameters": 105,
            "parameters_with_annotations": 64
        },
        "error_count": 8,
        "isCompiled": false,
        "errors": [
            "excel_26f18f.py:151: error: Too few arguments  [call-arg]",
            "excel_26f18f.py:151: note: \"compute_css\" is considered instance variable, to make it class variable use ClassVar[...]",
            "excel_26f18f.py:151: error: Incompatible types in assignment (expression has type \"Mapping[str, str]\", variable has type \"dict[str, str] | None\")  [assignment]",
            "excel_26f18f.py:171: error: Dict entry 0 has incompatible type \"str\": \"dict[str, bool | str | None]\"; expected \"str\": \"dict[str, str | None]\"  [dict-item]",
            "excel_26f18f.py:172: error: Dict entry 1 has incompatible type \"str\": \"dict[str, dict[str, str | None]]\"; expected \"str\": \"dict[str, str | None]\"  [dict-item]",
            "excel_26f18f.py:173: error: Dict entry 2 has incompatible type \"str\": \"dict[str, str] | None\"; expected \"str\": \"dict[str, str | None]\"  [dict-item]",
            "excel_26f18f.py:174: error: Dict entry 3 has incompatible type \"str\": \"dict[str, bool | float | str | None]\"; expected \"str\": \"dict[str, str | None]\"  [dict-item]",
            "excel_26f18f.py:187: error: Argument 1 to \"remove_none\" has incompatible type \"dict[str, dict[str, str | None]]\"; expected \"dict[str, str | None]\"  [arg-type]",
            "excel_26f18f.py:284: error: Dict entry 0 has incompatible type \"str\": \"str | None\"; expected \"str\": \"str\"  [dict-item]",
            "Found 8 errors in 1 file (checked 1 source file)"
        ]
    },
    "exceptions_c3abb4.py": {
        "stats": {
            "total_parameters": 62,
            "parameters_with_annotations": 40
        },
        "error_count": 0,
        "isCompiled": true,
        "errors": []
    },
    "exposed_entities_a550ba.py": {
        "stats": {
            "total_parameters": 77,
            "parameters_with_annotations": 60
        },
        "error_count": 1,
        "isCompiled": false,
        "errors": [
            "exposed_entities_a550ba.py:334: error: Incompatible return value type (got \"dict[str, dict[str, dict[str, Any]]]\", expected \"SerializedExposedEntities\")  [return-value]",
            "Found 1 error in 1 file (checked 1 source file)"
        ]
    },
    "factory_7a7586.py": {
        "stats": {
            "total_parameters": 65,
            "parameters_with_annotations": 46
        },
        "error_count": 0,
        "isCompiled": true,
        "errors": []
    },
    "fields_c8e6d9.py": {
        "stats": {
            "total_parameters": 84,
            "parameters_with_annotations": 51
        },
        "error_count": 0,
        "isCompiled": true,
        "errors": []
    },
    "flow_engine_887be2.py": {
        "stats": {
            "total_parameters": 74,
            "parameters_with_annotations": 47
        },
        "error_count": 14,
        "isCompiled": false,
        "errors": [
            "flow_engine_887be2.py:320: error: Item \"None\" of \"Any | None\" has no attribute \"id\"  [union-attr]",
            "flow_engine_887be2.py:425: error: Incompatible types in assignment (expression has type \"BaseException\", variable has type \"Exception | type[Any]\")  [assignment]",
            "flow_engine_887be2.py:589: error: \"Logger\" has no attribute \"extra\"  [attr-defined]",
            "flow_engine_887be2.py:696: error: Item \"None\" of \"Any | None\" has no attribute \"name\"  [union-attr]",
            "flow_engine_887be2.py:812: error: Item \"None\" of \"Any | None\" has no attribute \"id\"  [union-attr]",
            "flow_engine_887be2.py:915: error: Incompatible types in assignment (expression has type \"BaseException\", variable has type \"Exception | type[Any]\")  [assignment]",
            "flow_engine_887be2.py:1077: error: \"Logger\" has no attribute \"extra\"  [attr-defined]",
            "flow_engine_887be2.py:1188: error: Item \"None\" of \"Any | None\" has no attribute \"name\"  [union-attr]",
            "flow_engine_887be2.py:1201: error: Incompatible return value type (got \"R\", expected \"Coroutine[Any, Any, R]\")  [return-value]",
            "flow_engine_887be2.py:1247: error: Value of type \"Coroutine[Any, Any, R]\" must be used  [unused-coroutine]",
            "flow_engine_887be2.py:1247: note: Are you missing an await?",
            "flow_engine_887be2.py:1286: error: Argument 1 to \"handle_success\" of \"FlowRunEngine\" has incompatible type \"None\"; expected \"R\"  [arg-type]",
            "flow_engine_887be2.py:1289: error: No return value expected  [return-value]",
            "flow_engine_887be2.py:1324: error: Argument 1 to \"handle_success\" of \"AsyncFlowRunEngine\" has incompatible type \"None\"; expected \"R\"  [arg-type]",
            "flow_engine_887be2.py:1459: error: \"BaseContext\" has no attribute \"Process\"  [attr-defined]",
            "Found 14 errors in 1 file (checked 1 source file)"
        ]
    },
    "format_84da8c.py": {
        "stats": {
            "total_parameters": 199,
            "parameters_with_annotations": 135
        },
        "error_count": 15,
        "isCompiled": false,
        "errors": [
            "format_84da8c.py:238: error: Name \"cast\" is not defined  [name-defined]",
            "format_84da8c.py:238: note: Did you forget to import it from \"typing\"? (Suggestion: \"from typing import cast\")",
            "format_84da8c.py:242: error: Value of type variable \"SupportsRichComparisonT\" of \"min\" cannot be \"int | None\"  [type-var]",
            "format_84da8c.py:247: error: Unsupported operand types for // (\"None\" and \"int\")  [operator]",
            "format_84da8c.py:247: note: Left operand is of type \"int | None\"",
            "format_84da8c.py:330: error: Name \"cast\" is not defined  [name-defined]",
            "format_84da8c.py:330: note: Did you forget to import it from \"typing\"? (Suggestion: \"from typing import cast\")",
            "format_84da8c.py:331: error: Unsupported operand types for - (\"None\" and \"int\")  [operator]",
            "format_84da8c.py:331: note: Left operand is of type \"int | None\"",
            "format_84da8c.py:339: error: Unsupported operand types for + (\"None\" and \"int\")  [operator]",
            "format_84da8c.py:339: note: Left operand is of type \"int | None\"",
            "format_84da8c.py:340: error: Unsupported operand types for + (\"None\" and \"int\")  [operator]",
            "format_84da8c.py:340: note: Left operand is of type \"int | None\"",
            "format_84da8c.py:687: error: Name \"cast\" is not defined  [name-defined]",
            "format_84da8c.py:687: note: Did you forget to import it from \"typing\"? (Suggestion: \"from typing import cast\")",
            "format_84da8c.py:705: error: Name \"cast\" is not defined  [name-defined]",
            "format_84da8c.py:705: note: Did you forget to import it from \"typing\"? (Suggestion: \"from typing import cast\")",
            "format_84da8c.py:726: error: Name \"cast\" is not defined  [name-defined]",
            "format_84da8c.py:726: note: Did you forget to import it from \"typing\"? (Suggestion: \"from typing import cast\")",
            "format_84da8c.py:772: error: Name \"cast\" is not defined  [name-defined]",
            "format_84da8c.py:772: note: Did you forget to import it from \"typing\"? (Suggestion: \"from typing import cast\")",
            "format_84da8c.py:773: error: Invalid index type \"str | int\" for \"list[Any] | tuple[Any, ...]\"; expected type \"SupportsIndex\"  [index]",
            "format_84da8c.py:1103: error: Name \"cast\" is not defined  [name-defined]",
            "format_84da8c.py:1103: note: Did you forget to import it from \"typing\"? (Suggestion: \"from typing import cast\")",
            "format_84da8c.py:1106: error: Name \"cast\" is not defined  [name-defined]",
            "format_84da8c.py:1106: note: Did you forget to import it from \"typing\"? (Suggestion: \"from typing import cast\")",
            "format_84da8c.py:1109: error: Name \"cast\" is not defined  [name-defined]",
            "format_84da8c.py:1109: note: Did you forget to import it from \"typing\"? (Suggestion: \"from typing import cast\")",
            "Found 15 errors in 1 file (checked 1 source file)"
        ]
    },
    "frame_manager_271dac.py": {
        "stats": {
            "total_parameters": 88,
            "parameters_with_annotations": 48
        },
        "error_count": 5,
        "isCompiled": false,
        "errors": [
            "frame_manager_271dac.py:715: error: Item \"None\" of \"dict[str, Any] | None\" has no attribute \"get\"  [union-attr]",
            "frame_manager_271dac.py:716: error: Item \"None\" of \"dict[str, Any] | None\" has no attribute \"get\"  [union-attr]",
            "frame_manager_271dac.py:724: error: Item \"None\" of \"dict[str, Any] | None\" has no attribute \"get\"  [union-attr]",
            "frame_manager_271dac.py:725: error: Item \"None\" of \"dict[str, Any] | None\" has no attribute \"get\"  [union-attr]",
            "frame_manager_271dac.py:726: error: Item \"None\" of \"dict[str, Any] | None\" has no attribute \"get\"  [union-attr]",
            "Found 5 errors in 1 file (checked 1 source file)"
        ]
    },
    "from_params_test_811442.py": {
        "stats": {
            "total_parameters": 213,
            "parameters_with_annotations": 98
        },
        "error_count": 8,
        "isCompiled": false,
        "errors": [
            "from_params_test_811442.py:318: error: \"type[object]\" has no attribute \"from_params\"  [attr-defined]",
            "from_params_test_811442.py:863: error: Incompatible default for argument \"b\" (default has type \"None\", argument has type \"str\")  [assignment]",
            "from_params_test_811442.py:863: note: PEP 484 prohibits implicit Optional. Accordingly, mypy has changed its default to no_implicit_optional=True",
            "from_params_test_811442.py:863: note: Use https://github.com/hauntsaninja/no_implicit_optional to automatically upgrade your codebase",
            "from_params_test_811442.py:891: error: Argument \"b\" to \"__init__\" of \"Foo\" has incompatible type \"str | None\"; expected \"str\"  [arg-type]",
            "from_params_test_811442.py:901: error: Incompatible default for argument \"c\" (default has type \"None\", argument has type \"str\")  [assignment]",
            "from_params_test_811442.py:901: note: PEP 484 prohibits implicit Optional. Accordingly, mypy has changed its default to no_implicit_optional=True",
            "from_params_test_811442.py:901: note: Use https://github.com/hauntsaninja/no_implicit_optional to automatically upgrade your codebase",
            "from_params_test_811442.py:905: error: Incompatible default for argument \"b\" (default has type \"None\", argument has type \"str\")  [assignment]",
            "from_params_test_811442.py:905: note: PEP 484 prohibits implicit Optional. Accordingly, mypy has changed its default to no_implicit_optional=True",
            "from_params_test_811442.py:905: note: Use https://github.com/hauntsaninja/no_implicit_optional to automatically upgrade your codebase",
            "from_params_test_811442.py:928: error: Incompatible default for argument \"b\" (default has type \"None\", argument has type \"str\")  [assignment]",
            "from_params_test_811442.py:928: note: PEP 484 prohibits implicit Optional. Accordingly, mypy has changed its default to no_implicit_optional=True",
            "from_params_test_811442.py:928: note: Use https://github.com/hauntsaninja/no_implicit_optional to automatically upgrade your codebase",
            "from_params_test_811442.py:948: error: Incompatible default for argument \"c\" (default has type \"None\", argument has type \"dict[str, str]\")  [assignment]",
            "from_params_test_811442.py:948: note: PEP 484 prohibits implicit Optional. Accordingly, mypy has changed its default to no_implicit_optional=True",
            "from_params_test_811442.py:948: note: Use https://github.com/hauntsaninja/no_implicit_optional to automatically upgrade your codebase",
            "from_params_test_811442.py:954: error: Incompatible default for argument \"b\" (default has type \"None\", argument has type \"str\")  [assignment]",
            "from_params_test_811442.py:954: note: PEP 484 prohibits implicit Optional. Accordingly, mypy has changed its default to no_implicit_optional=True",
            "from_params_test_811442.py:954: note: Use https://github.com/hauntsaninja/no_implicit_optional to automatically upgrade your codebase",
            "Found 8 errors in 1 file (checked 1 source file)"
        ]
    },
    "generic_8a9e7c.py": {
        "stats": {
            "total_parameters": 154,
            "parameters_with_annotations": 117
        },
        "error_count": 23,
        "isCompiled": false,
        "errors": [
            "generic_8a9e7c.py:67: error: \"Frame\" has no attribute \"to_pandas\"  [attr-defined]",
            "generic_8a9e7c.py:76: error: \"Frame\" has no attribute \"to_pandas\"  [attr-defined]",
            "generic_8a9e7c.py:237: error: \"Frame\" has no attribute \"_reduce_for_stat_function\"  [attr-defined]",
            "generic_8a9e7c.py:258: error: \"Frame\" has no attribute \"_reduce_for_stat_function\"  [attr-defined]",
            "generic_8a9e7c.py:283: error: \"Frame\" has no attribute \"_reduce_for_stat_function\"  [attr-defined]",
            "generic_8a9e7c.py:304: error: \"Frame\" has no attribute \"_reduce_for_stat_function\"  [attr-defined]",
            "generic_8a9e7c.py:323: error: \"Frame\" has no attribute \"_reduce_for_stat_function\"  [attr-defined]",
            "generic_8a9e7c.py:335: error: \"Frame\" has no attribute \"_reduce_for_stat_function\"  [attr-defined]",
            "generic_8a9e7c.py:345: error: \"Frame\" has no attribute \"_reduce_for_stat_function\"  [attr-defined]",
            "generic_8a9e7c.py:350: error: \"Frame\" has no attribute \"_reduce_for_stat_function\"  [attr-defined]",
            "generic_8a9e7c.py:370: error: \"Frame\" has no attribute \"_reduce_for_stat_function\"  [attr-defined]",
            "generic_8a9e7c.py:390: error: \"Frame\" has no attribute \"_reduce_for_stat_function\"  [attr-defined]",
            "generic_8a9e7c.py:408: error: \"Frame\" has no attribute \"_reduce_for_stat_function\"  [attr-defined]",
            "generic_8a9e7c.py:430: error: \"Frame\" has no attribute \"_reduce_for_stat_function\"  [attr-defined]",
            "generic_8a9e7c.py:452: error: \"Frame\" has no attribute \"_apply_series_op\"  [attr-defined]",
            "generic_8a9e7c.py:582: error: \"Frame\" has no attribute \"head\"  [attr-defined]",
            "generic_8a9e7c.py:587: error: Function \"generic_8a9e7c.Frame.bool\" is not valid as a type  [valid-type]",
            "generic_8a9e7c.py:587: note: Perhaps you need \"Callable[...]\" or a callback protocol?",
            "generic_8a9e7c.py:591: error: \"Frame\" has no attribute \"index\"  [attr-defined]",
            "generic_8a9e7c.py:596: error: \"Frame\" has no attribute \"copy\"  [attr-defined]",
            "generic_8a9e7c.py:616: error: \"Frame\" has no attribute \"_to_internal_pandas\"  [attr-defined]",
            "generic_8a9e7c.py:619: error: Function \"generic_8a9e7c.Frame.bool\" is not valid as a type  [valid-type]",
            "generic_8a9e7c.py:619: note: Perhaps you need \"Callable[...]\" or a callback protocol?",
            "generic_8a9e7c.py:624: error: Function \"generic_8a9e7c.Frame.bool\" is not valid as a type  [valid-type]",
            "generic_8a9e7c.py:624: note: Perhaps you need \"Callable[...]\" or a callback protocol?",
            "generic_8a9e7c.py:645: error: Function \"generic_8a9e7c.Frame.bool\" is not valid as a type  [valid-type]",
            "generic_8a9e7c.py:645: note: Perhaps you need \"Callable[...]\" or a callback protocol?",
            "Found 23 errors in 1 file (checked 1 source file)"
        ]
    },
    "generic_a07530.py": {
        "stats": {
            "total_parameters": 220,
            "parameters_with_annotations": 154
        },
        "error_count": 8,
        "isCompiled": false,
        "errors": [
            "generic_a07530.py:194: error: Argument 1 to \"_python_agg_general\" of \"SeriesGroupBy\" has incompatible type \"Callable[..., Any] | None\"; expected \"Callable[..., Any]\"  [arg-type]",
            "generic_a07530.py:621: error: Name \"cast\" is not defined  [name-defined]",
            "generic_a07530.py:621: note: Did you forget to import it from \"typing\"? (Suggestion: \"from typing import cast\")",
            "generic_a07530.py:631: error: Argument 1 to \"_python_agg_general\" of \"DataFrameGroupBy\" has incompatible type \"Callable[..., Any] | str | Sequence[Any] | dict[Any, Any] | None\"; expected \"Callable[..., Any]\"  [arg-type]",
            "generic_a07530.py:633: error: Argument 1 to \"_aggregate_frame\" of \"DataFrameGroupBy\" has incompatible type \"Callable[..., Any] | str | Sequence[Any] | dict[Any, Any] | None\"; expected \"Callable[..., Any]\"  [arg-type]",
            "generic_a07530.py:641: error: Argument 1 to \"_aggregate_frame\" of \"DataFrameGroupBy\" has incompatible type \"Callable[..., Any] | str | Sequence[Any] | dict[Any, Any] | None\"; expected \"Callable[..., Any]\"  [arg-type]",
            "generic_a07530.py:643: error: Name \"cast\" is not defined  [name-defined]",
            "generic_a07530.py:643: note: Did you forget to import it from \"typing\"? (Suggestion: \"from typing import cast\")",
            "generic_a07530.py:813: error: \"str\" not callable  [operator]",
            "generic_a07530.py:814: error: \"str\" not callable  [operator]",
            "Found 8 errors in 1 file (checked 1 source file)"
        ]
    },
    "git_90c119.py": {
        "stats": {
            "total_parameters": 50,
            "parameters_with_annotations": 50
        },
        "error_count": 0,
        "isCompiled": true,
        "errors": []
    },
    "groupby_7dd4b2.py": {
        "stats": {
            "total_parameters": 177,
            "parameters_with_annotations": 115
        },
        "error_count": 27,
        "isCompiled": false,
        "errors": [
            "groupby_7dd4b2.py:139: error: Argument 3 to \"_spark_groupby\" of \"GroupBy\" has incompatible type \"list[Any]\"; expected \"tuple[Any, ...]\"  [arg-type]",
            "groupby_7dd4b2.py:170: error: Item \"str\" of \"str | list[str] | dict[Any, str | list[str]]\" has no attribute \"values\"  [union-attr]",
            "groupby_7dd4b2.py:170: error: Item \"list[str]\" of \"str | list[str] | dict[Any, str | list[str]]\" has no attribute \"values\"  [union-attr]",
            "groupby_7dd4b2.py:174: error: Item \"str\" of \"str | list[str] | dict[Any, str | list[str]]\" has no attribute \"items\"  [union-attr]",
            "groupby_7dd4b2.py:174: error: Item \"list[str]\" of \"str | list[str] | dict[Any, str | list[str]]\" has no attribute \"items\"  [union-attr]",
            "groupby_7dd4b2.py:295: error: \"GroupBy\" has no attribute \"_groupkeys_scols\"; maybe \"_groupkeys\"?  [attr-defined]",
            "groupby_7dd4b2.py:336: error: Argument 2 to \"isinstance\" has incompatible type \"<typing special form>\"; expected \"_ClassInfo\"  [arg-type]",
            "groupby_7dd4b2.py:386: error: Name \"cast\" is not defined  [name-defined]",
            "groupby_7dd4b2.py:386: note: Did you forget to import it from \"typing\"? (Suggestion: \"from typing import cast\")",
            "groupby_7dd4b2.py:393: error: Name \"cast\" is not defined  [name-defined]",
            "groupby_7dd4b2.py:393: note: Did you forget to import it from \"typing\"? (Suggestion: \"from typing import cast\")",
            "groupby_7dd4b2.py:409: error: Name \"cast\" is not defined  [name-defined]",
            "groupby_7dd4b2.py:409: note: Did you forget to import it from \"typing\"? (Suggestion: \"from typing import cast\")",
            "groupby_7dd4b2.py:410: error: Name \"cast\" is not defined  [name-defined]",
            "groupby_7dd4b2.py:410: note: Did you forget to import it from \"typing\"? (Suggestion: \"from typing import cast\")",
            "groupby_7dd4b2.py:413: error: Name \"cast\" is not defined  [name-defined]",
            "groupby_7dd4b2.py:413: note: Did you forget to import it from \"typing\"? (Suggestion: \"from typing import cast\")",
            "groupby_7dd4b2.py:418: error: Name \"cast\" is not defined  [name-defined]",
            "groupby_7dd4b2.py:418: note: Did you forget to import it from \"typing\"? (Suggestion: \"from typing import cast\")",
            "groupby_7dd4b2.py:465: error: Name \"cast\" is not defined  [name-defined]",
            "groupby_7dd4b2.py:465: note: Did you forget to import it from \"typing\"? (Suggestion: \"from typing import cast\")",
            "groupby_7dd4b2.py:477: error: Argument 2 to \"isinstance\" has incompatible type \"<typing special form>\"; expected \"_ClassInfo\"  [arg-type]",
            "groupby_7dd4b2.py:567: error: \"GroupBy\" has no attribute \"_agg_columns_scols\"; maybe \"_agg_columns\" or \"_agg_columns_selected\"?  [attr-defined]",
            "groupby_7dd4b2.py:605: error: \"GroupBy\" has no attribute \"_agg_columns_scols\"; maybe \"_agg_columns\" or \"_agg_columns_selected\"?  [attr-defined]",
            "groupby_7dd4b2.py:700: error: Argument 2 to \"isinstance\" has incompatible type \"<typing special form>\"; expected \"_ClassInfo\"  [arg-type]",
            "groupby_7dd4b2.py:743: error: Name \"cast\" is not defined  [name-defined]",
            "groupby_7dd4b2.py:743: note: Did you forget to import it from \"typing\"? (Suggestion: \"from typing import cast\")",
            "groupby_7dd4b2.py:749: error: Name \"cast\" is not defined  [name-defined]",
            "groupby_7dd4b2.py:749: note: Did you forget to import it from \"typing\"? (Suggestion: \"from typing import cast\")",
            "groupby_7dd4b2.py:799: error: \"GroupBy\" has no attribute \"_agg_columns_scols\"; maybe \"_agg_columns\" or \"_agg_columns_selected\"?  [attr-defined]",
            "groupby_7dd4b2.py:829: error: \"GroupBy\" has no attribute \"_agg_columns_scols\"; maybe \"_agg_columns\" or \"_agg_columns_selected\"?  [attr-defined]",
            "groupby_7dd4b2.py:832: error: \"GroupBy\" has no attribute \"_groupkeys_scols\"; maybe \"_groupkeys\"?  [attr-defined]",
            "groupby_7dd4b2.py:1007: error: Item \"None\" of \"list[tuple[Any, ...]] | None\" has no attribute \"__iter__\" (not iterable)  [union-attr]",
            "groupby_7dd4b2.py:1025: error: Item \"None\" of \"list[tuple[Any, ...]] | None\" has no attribute \"__iter__\" (not iterable)  [union-attr]",
            "groupby_7dd4b2.py:1039: error: Incompatible return value type (got \"SeriesGroupBy\", expected \"DataFrameGroupBy\")  [return-value]",
            "groupby_7dd4b2.py:1352: error: List comprehension has incompatible type List[tuple[Any, ...]]; expected List[tuple[Any, Any]]  [misc]",
            "Found 27 errors in 1 file (checked 1 source file)"
        ]
    },
    "header_990b83.py": {
        "stats": {
            "total_parameters": 0,
            "parameters_with_annotations": 0
        },
        "error_count": 1,
        "isCompiled": false,
        "errors": [
            "header_990b83.py:295: error: invalid syntax; you likely need to run mypy using Python 3.10 or newer  [syntax]",
            "Found 1 error in 1 file (errors prevented further checking)"
        ]
    },
    "helpers_b607a0.py": {
        "stats": {
            "total_parameters": 51,
            "parameters_with_annotations": 50
        },
        "error_count": 0,
        "isCompiled": true,
        "errors": []
    },
    "helpers_e73aba.py": {
        "stats": {
            "total_parameters": 44,
            "parameters_with_annotations": 44
        },
        "error_count": 0,
        "isCompiled": true,
        "errors": []
    },
    "hist_13f59f.py": {
        "stats": {
            "total_parameters": 107,
            "parameters_with_annotations": 92
        },
        "error_count": 3,
        "isCompiled": false,
        "errors": [
            "hist_13f59f.py:96: error: Argument 2 to \"_calculate_bins\" of \"HistPlot\" has incompatible type \"int | Any | list[Any]\"; expected \"int\"  [arg-type]",
            "hist_13f59f.py:129: error: Argument 1 to \"len\" has incompatible type \"int | Any | list[Any]\"; expected \"Sized\"  [arg-type]",
            "hist_13f59f.py:131: error: Argument 1 to \"len\" has incompatible type \"int | Any | list[Any]\"; expected \"Sized\"  [arg-type]",
            "Found 3 errors in 1 file (checked 1 source file)"
        ]
    },
    "hive_66cde7.py": {
        "stats": {
            "total_parameters": 88,
            "parameters_with_annotations": 66
        },
        "error_count": 2,
        "isCompiled": false,
        "errors": [
            "hive_66cde7.py:227: error: Name \"parse\" is not defined  [name-defined]",
            "hive_66cde7.py:236: error: Name \"parse\" is not defined  [name-defined]",
            "Found 2 errors in 1 file (checked 1 source file)"
        ]
    },
    "http1connection_0621ea.py": {
        "stats": {
            "total_parameters": 0,
            "parameters_with_annotations": 0
        },
        "error_count": 1,
        "isCompiled": false,
        "errors": [
            "http1connection_0621ea.py:424: error: invalid syntax; you likely need to run mypy using Python 3.10 or newer  [syntax]",
            "Found 1 error in 1 file (errors prevented further checking)"
        ]
    },
    "httpclient_e36adc.py": {
        "stats": {
            "total_parameters": 87,
            "parameters_with_annotations": 61
        },
        "error_count": 2,
        "isCompiled": false,
        "errors": [
            "httpclient_e36adc.py:312: error: Name \"cast\" is not defined  [name-defined]",
            "httpclient_e36adc.py:312: note: Did you forget to import it from \"typing\"? (Suggestion: \"from typing import cast\")",
            "httpclient_e36adc.py:495: error: Unsupported target for indexed assignment (\"dict[str, str] | Any | None\")  [index]",
            "Found 2 errors in 1 file (checked 1 source file)"
        ]
    },
    "indexing_b000ec.py": {
        "stats": {
            "total_parameters": 108,
            "parameters_with_annotations": 63
        },
        "error_count": 7,
        "isCompiled": false,
        "errors": [
            "indexing_b000ec.py:319: error: Incompatible types in assignment (expression has type \"list[Any] | None\", variable has type \"list[Any]\")  [assignment]",
            "indexing_b000ec.py:347: error: List item 0 has incompatible type \"None\"; expected \"tuple[Any, ...]\"  [list-item]",
            "indexing_b000ec.py:445: error: \"LocIndexerLike\" has no attribute \"_sequence_col\"  [attr-defined]",
            "indexing_b000ec.py:511: error: \"LocIndexerLike\" has no attribute \"_sequence_col\"  [attr-defined]",
            "indexing_b000ec.py:515: error: Argument 1 to \"len\" has incompatible type \"list[Any] | None\"; expected \"Sized\"  [arg-type]",
            "indexing_b000ec.py:528: error: Item \"None\" of \"list[Any] | None\" has no attribute \"__iter__\" (not iterable)  [union-attr]",
            "indexing_b000ec.py:771: error: Incompatible return value type (got \"tuple[list[tuple[Any]], list[Any], None, bool, None]\", expected \"tuple[list[tuple[Any, ...]], list[Any] | None, list[Any] | None, bool, tuple[Any, ...] | None]\")  [return-value]",
            "Found 7 errors in 1 file (checked 1 source file)"
        ]
    },
    "indexing_d02a25.py": {
        "stats": {
            "total_parameters": 190,
            "parameters_with_annotations": 122
        },
        "error_count": 1,
        "isCompiled": false,
        "errors": [
            "indexing_d02a25.py:1884: error: Incompatible types in assignment (expression has type \"range\", variable has type \"list[Any]\")  [assignment]",
            "Found 1 error in 1 file (checked 1 source file)"
        ]
    },
    "initiator_fb22e8.py": {
        "stats": {
            "total_parameters": 44,
            "parameters_with_annotations": 44
        },
        "error_count": 0,
        "isCompiled": true,
        "errors": []
    },
    "initiator_manager_26765c.py": {
        "stats": {
            "total_parameters": 65,
            "parameters_with_annotations": 65
        },
        "error_count": 0,
        "isCompiled": true,
        "errors": []
    },
    "interval_941dbf.py": {
        "stats": {
            "total_parameters": 96,
            "parameters_with_annotations": 64
        },
        "error_count": 0,
        "isCompiled": true,
        "errors": []
    },
    "kedro_data_catalog_148318.py": {
        "stats": {
            "total_parameters": 86,
            "parameters_with_annotations": 50
        },
        "error_count": 0,
        "isCompiled": true,
        "errors": []
    },
    "linegen_ea8858.py": {
        "stats": {
            "total_parameters": 137,
            "parameters_with_annotations": 109
        },
        "error_count": 0,
        "isCompiled": true,
        "errors": []
    },
    "local_b588b6.py": {
        "stats": {
            "total_parameters": 72,
            "parameters_with_annotations": 52
        },
        "error_count": 20,
        "isCompiled": false,
        "errors": [
            "local_b588b6.py:74: error: Method \"get_public_upload_root_url\" is marked as an override, but no base method was found with this name  [misc]",
            "local_b588b6.py:78: error: Method \"generate_message_upload_path\" is marked as an override, but no base method was found with this name  [misc]",
            "local_b588b6.py:90: error: Method \"upload_message_attachment\" is marked as an override, but no base method was found with this name  [misc]",
            "local_b588b6.py:101: error: Method \"save_attachment_contents\" is marked as an override, but no base method was found with this name  [misc]",
            "local_b588b6.py:106: error: Method \"attachment_vips_source\" is marked as an override, but no base method was found with this name  [misc]",
            "local_b588b6.py:113: error: Method \"delete_message_attachment\" is marked as an override, but no base method was found with this name  [misc]",
            "local_b588b6.py:117: error: Method \"all_message_attachments\" is marked as an override, but no base method was found with this name  [misc]",
            "local_b588b6.py:138: error: Method \"get_avatar_url\" is marked as an override, but no base method was found with this name  [misc]",
            "local_b588b6.py:142: error: Method \"get_avatar_contents\" is marked as an override, but no base method was found with this name  [misc]",
            "local_b588b6.py:149: error: Method \"upload_single_avatar_image\" is marked as an override, but no base method was found with this name  [misc]",
            "local_b588b6.py:161: error: Method \"delete_avatar_image\" is marked as an override, but no base method was found with this name  [misc]",
            "local_b588b6.py:167: error: Method \"get_realm_icon_url\" is marked as an override, but no base method was found with this name  [misc]",
            "local_b588b6.py:171: error: Method \"upload_realm_icon_image\" is marked as an override, but no base method was found with this name  [misc]",
            "local_b588b6.py:182: error: Method \"get_realm_logo_url\" is marked as an override, but no base method was found with this name  [misc]",
            "local_b588b6.py:187: error: Method \"upload_realm_logo_image\" is marked as an override, but no base method was found with this name  [misc]",
            "local_b588b6.py:204: error: Method \"get_emoji_url\" is marked as an override, but no base method was found with this name  [misc]",
            "local_b588b6.py:222: error: Method \"upload_single_emoji_image\" is marked as an override, but no base method was found with this name  [misc]",
            "local_b588b6.py:228: error: Method \"get_export_tarball_url\" is marked as an override, but no base method was found with this name  [misc]",
            "local_b588b6.py:233: error: Method \"upload_export_tarball\" is marked as an override, but no base method was found with this name  [misc]",
            "local_b588b6.py:251: error: Method \"delete_export_tarball\" is marked as an override, but no base method was found with this name  [misc]",
            "Found 20 errors in 1 file (checked 1 source file)"
        ]
    },
    "log_67c6cb.py": {
        "stats": {
            "total_parameters": 62,
            "parameters_with_annotations": 48
        },
        "error_count": 0,
        "isCompiled": true,
        "errors": []
    },
    "log_writer_c4397a.py": {
        "stats": {
            "total_parameters": 69,
            "parameters_with_annotations": 49
        },
        "error_count": 0,
        "isCompiled": true,
        "errors": []
    },
    "managers_6d6254.py": {
        "stats": {
            "total_parameters": 292,
            "parameters_with_annotations": 178
        },
        "error_count": 10,
        "isCompiled": false,
        "errors": [
            "managers_6d6254.py:490: error: Trying to assign name \"_is_consolidated\" that is not in \"__slots__\" of type \"managers_6d6254.BaseBlockManager\"  [misc]",
            "managers_6d6254.py:896: error: Unsupported target for indexed assignment (\"Any | None\")  [index]",
            "managers_6d6254.py:898: error: Unsupported target for indexed assignment (\"Any | None\")  [index]",
            "managers_6d6254.py:1214: error: Trying to assign name \"axes\" that is not in \"__slots__\" of type \"managers_6d6254.SingleBlockManager\"  [misc]",
            "managers_6d6254.py:1215: error: Trying to assign name \"blocks\" that is not in \"__slots__\" of type \"managers_6d6254.SingleBlockManager\"  [misc]",
            "managers_6d6254.py:1271: error: Trying to assign name \"axes\" that is not in \"__slots__\" of type \"managers_6d6254.SingleBlockManager\"  [misc]",
            "managers_6d6254.py:1273: error: Trying to assign name \"blocks\" that is not in \"__slots__\" of type \"managers_6d6254.SingleBlockManager\"  [misc]",
            "managers_6d6254.py:1356: error: Trying to assign name \"blocks\" that is not in \"__slots__\" of type \"managers_6d6254.SingleBlockManager\"  [misc]",
            "managers_6d6254.py:1367: error: Trying to assign name \"blocks\" that is not in \"__slots__\" of type \"managers_6d6254.SingleBlockManager\"  [misc]",
            "managers_6d6254.py:1467: error: Argument 1 to \"_stack_arrays\" has incompatible type \"Iterator[tuple[int, Any]]\"; expected \"list[tuple[int, Any]]\"  [arg-type]",
            "Found 10 errors in 1 file (checked 1 source file)"
        ]
    },
    "manifest_0eeebb.py": {
        "stats": {
            "total_parameters": 147,
            "parameters_with_annotations": 106
        },
        "error_count": 4,
        "isCompiled": false,
        "errors": [
            "manifest_0eeebb.py:625: error: Item \"None\" of \"Any | None\" has no attribute \"get_macro_id\"  [union-attr]",
            "manifest_0eeebb.py:722: error: Item \"None\" of \"Any | None\" has no attribute \"get_macro\"  [union-attr]",
            "manifest_0eeebb.py:1341: error: \"Expr\" has no attribute \"name\"  [attr-defined]",
            "manifest_0eeebb.py:1343: error: \"Expr\" has no attribute \"value\"  [attr-defined]",
            "Found 4 errors in 1 file (checked 1 source file)"
        ]
    },
    "manifest_47c52e.py": {
        "stats": {
            "total_parameters": 339,
            "parameters_with_annotations": 211
        },
        "error_count": 5,
        "isCompiled": false,
        "errors": [
            "manifest_47c52e.py:739: error: Argument 1 to \"_build_macros_by_name\" of \"MacroMethods\" has incompatible type \"list[Any]\"; expected \"Mapping[str, Any]\"  [arg-type]",
            "manifest_47c52e.py:753: error: Argument 1 to \"_build_macros_by_package\" of \"MacroMethods\" has incompatible type \"list[Any]\"; expected \"Mapping[str, Any]\"  [arg-type]",
            "manifest_47c52e.py:789: error: Incompatible types in assignment (expression has type \"MutableMapping[str, Any]\", base class \"MacroMethods\" defined the type as \"list[Any]\")  [assignment]",
            "manifest_47c52e.py:1509: error: Argument 1 of \"__reduce_ex__\" is incompatible with supertype \"object\"; supertype defines the argument type as \"SupportsIndex\"  [override]",
            "manifest_47c52e.py:1509: note: This violates the Liskov substitution principle",
            "manifest_47c52e.py:1509: note: See https://mypy.readthedocs.io/en/stable/common_issues.html#incompatible-overrides",
            "manifest_47c52e.py:1558: error: Incompatible types in assignment (expression has type \"MutableMapping[str, Any]\", variable has type \"list[Any]\")  [assignment]",
            "Found 5 errors in 1 file (checked 1 source file)"
        ]
    },
    "mediation_fee_f1a080.py": {
        "stats": {
            "total_parameters": 47,
            "parameters_with_annotations": 41
        },
        "error_count": 0,
        "isCompiled": true,
        "errors": []
    },
    "mediator_edd547.py": {
        "stats": {
            "total_parameters": 123,
            "parameters_with_annotations": 123
        },
        "error_count": 0,
        "isCompiled": true,
        "errors": []
    },
    "merge_f40757.py": {
        "stats": {
            "total_parameters": 199,
            "parameters_with_annotations": 172
        },
        "error_count": 16,
        "isCompiled": false,
        "errors": [
            "merge_f40757.py:339: error: Name \"Literal\" is not defined  [name-defined]",
            "merge_f40757.py:362: error: Name \"Literal\" is not defined  [name-defined]",
            "merge_f40757.py:362: error: Name \"left_anti\" is not defined  [name-defined]",
            "merge_f40757.py:362: error: Name \"right_anti\" is not defined  [name-defined]",
            "merge_f40757.py:362: error: Name \"asof\" is not defined  [name-defined]",
            "merge_f40757.py:432: error: Name \"Literal\" is not defined  [name-defined]",
            "merge_f40757.py:432: error: Name \"left_anti\" is not defined  [name-defined]",
            "merge_f40757.py:432: error: Name \"right_anti\" is not defined  [name-defined]",
            "merge_f40757.py:432: error: Name \"asof\" is not defined  [name-defined]",
            "merge_f40757.py:433: error: Name \"Literal\" is not defined  [name-defined]",
            "merge_f40757.py:433: error: Name \"asof\" is not defined  [name-defined]",
            "merge_f40757.py:444: error: Name \"Literal\" is not defined  [name-defined]",
            "merge_f40757.py:1322: error: Name \"Literal\" is not defined  [name-defined]",
            "merge_f40757.py:1322: error: Name \"asof\" is not defined  [name-defined]",
            "merge_f40757.py:1387: error: Name \"Literal\" is not defined  [name-defined]",
            "merge_f40757.py:1387: error: Name \"asof\" is not defined  [name-defined]",
            "Found 16 errors in 1 file (checked 1 source file)"
        ]
    },
    "message_6587fb.py": {
        "stats": {
            "total_parameters": 97,
            "parameters_with_annotations": 97
        },
        "error_count": 0,
        "isCompiled": true,
        "errors": []
    },
    "message_cache_dbda93.py": {
        "stats": {
            "total_parameters": 49,
            "parameters_with_annotations": 49
        },
        "error_count": 0,
        "isCompiled": true,
        "errors": []
    },
    "message_edit_6be856.py": {
        "stats": {
            "total_parameters": 61,
            "parameters_with_annotations": 61
        },
        "error_count": 0,
        "isCompiled": true,
        "errors": []
    },
    "message_send_b7048c.py": {
        "stats": {
            "total_parameters": 156,
            "parameters_with_annotations": 156
        },
        "error_count": 0,
        "isCompiled": true,
        "errors": []
    },
    "meta_learners_cdb80e.py": {
        "stats": {
            "total_parameters": 58,
            "parameters_with_annotations": 58
        },
        "error_count": 0,
        "isCompiled": true,
        "errors": []
    },
    "mocks_d2ab6d.py": {
        "stats": {
            "total_parameters": 108,
            "parameters_with_annotations": 70
        },
        "error_count": 0,
        "isCompiled": true,
        "errors": []
    },
    "model_card_7b7f62.py": {
        "stats": {
            "total_parameters": 47,
            "parameters_with_annotations": 37
        },
        "error_count": 2,
        "isCompiled": false,
        "errors": [
            "model_card_7b7f62.py:34: error: Item \"None\" of \"str | None\" has no attribute \"split\"  [union-attr]",
            "model_card_7b7f62.py:526: error: Argument 1 to \"get_description\" has incompatible type \"Callable[..., Any]\"; expected \"type[Any]\"  [arg-type]",
            "Found 2 errors in 1 file (checked 1 source file)"
        ]
    },
    "monitor_7b218d.py": {
        "stats": {
            "total_parameters": 0,
            "parameters_with_annotations": 0
        },
        "error_count": 1,
        "isCompiled": false,
        "errors": [
            "monitor_7b218d.py:453: error: invalid syntax; you likely need to run mypy using Python 3.10 or newer  [syntax]",
            "Found 1 error in 1 file (errors prevented further checking)"
        ]
    },
    "multipart_07595c.py": {
        "stats": {
            "total_parameters": 80,
            "parameters_with_annotations": 43
        },
        "error_count": 4,
        "isCompiled": false,
        "errors": [
            "multipart_07595c.py:270: error: A function returning TypeVar should receive at least one argument containing the same TypeVar  [type-var]",
            "multipart_07595c.py:270: note: Consider using the upper bound \"BodyPartReader\" instead",
            "multipart_07595c.py:271: error: Incompatible return value type (got \"BodyPartReader\", expected \"Self\")  [return-value]",
            "multipart_07595c.py:529: error: A function returning TypeVar should receive at least one argument containing the same TypeVar  [type-var]",
            "multipart_07595c.py:529: note: Consider using the upper bound \"BodyPartReader\" instead",
            "multipart_07595c.py:530: error: Incompatible return value type (got \"MultipartReader\", expected \"Self\")  [return-value]",
            "Found 4 errors in 1 file (checked 1 source file)"
        ]
    },
    "mypy_a965ef.py": {
        "stats": {
            "total_parameters": 158,
            "parameters_with_annotations": 120
        },
        "error_count": 7,
        "isCompiled": false,
        "errors": [
            "mypy_a965ef.py:579: error: Argument 1 to \"error_extra_fields_on_root_model\" has incompatible type \"SemanticAnalyzerPluginInterface\"; expected \"CheckerPluginInterface\"  [arg-type]",
            "mypy_a965ef.py:655: error: Incompatible types in assignment (expression has type \"ProperType | None\", variable has type \"Type\")  [assignment]",
            "mypy_a965ef.py:703: error: Incompatible types in assignment (expression has type \"ProperType | None\", variable has type \"Type\")  [assignment]",
            "mypy_a965ef.py:756: error: Incompatible types in assignment (expression has type \"Type | None\", variable has type \"Type\")  [assignment]",
            "mypy_a965ef.py:1090: error: Argument 1 to \"append\" of \"list\" has incompatible type \"ArgKind\"; expected \"int\"  [arg-type]",
            "mypy_a965ef.py:1092: error: Argument 2 to \"CallableType\" has incompatible type \"list[int]\"; expected \"list[ArgKind]\"  [arg-type]",
            "mypy_a965ef.py:1092: error: Argument 5 to \"CallableType\" has incompatible type \"Type\"; expected \"Instance\"  [arg-type]",
            "Found 7 errors in 1 file (checked 1 source file)"
        ]
    },
    "nanops_961886.py": {
        "stats": {
            "total_parameters": 0,
            "parameters_with_annotations": 0
        },
        "error_count": 1,
        "isCompiled": false,
        "errors": [
            "nanops_961886.py:614: error: invalid syntax; you likely need to run mypy using Python 3.10 or newer  [syntax]",
            "Found 1 error in 1 file (errors prevented further checking)"
        ]
    },
    "netutil_1c2f9b.py": {
        "stats": {
            "total_parameters": 51,
            "parameters_with_annotations": 38
        },
        "error_count": 3,
        "isCompiled": false,
        "errors": [
            "netutil_1c2f9b.py:141: error: Module has no attribute \"SO_REUSEPORT\"  [attr-defined]",
            "netutil_1c2f9b.py:158: error: Incompatible types in assignment (expression has type \"tuple[object, ...]\", variable has type \"tuple[str, int] | tuple[str, int, int, int]\")  [assignment]",
            "netutil_1c2f9b.py:204: error: Module has no attribute \"AF_UNIX\"; maybe \"AF_IPX\"?  [attr-defined]",
            "Found 3 errors in 1 file (checked 1 source file)"
        ]
    },
    "network_7ec1c6.py": {
        "stats": {
            "total_parameters": 76,
            "parameters_with_annotations": 73
        },
        "error_count": 0,
        "isCompiled": true,
        "errors": []
    },
    "network_manager_8c67f5.py": {
        "stats": {
            "total_parameters": 82,
            "parameters_with_annotations": 45
        },
        "error_count": 2,
        "isCompiled": false,
        "errors": [
            "network_manager_8c67f5.py:236: error: Argument 5 to \"Response\" has incompatible type \"Any | None\"; expected \"bool\"  [arg-type]",
            "network_manager_8c67f5.py:237: error: Argument 6 to \"Response\" has incompatible type \"Any | None\"; expected \"bool\"  [arg-type]",
            "Found 2 errors in 1 file (checked 1 source file)"
        ]
    },
    "node_2d78d3.py": {
        "stats": {
            "total_parameters": 95,
            "parameters_with_annotations": 95
        },
        "error_count": 2,
        "isCompiled": false,
        "errors": [
            "node_2d78d3.py:482: error: Variable \"node_2d78d3.TokenNetworkStateChange\" is not valid as a type  [valid-type]",
            "node_2d78d3.py:482: note: See https://mypy.readthedocs.io/en/stable/common_issues.html#variables-vs-type-aliases",
            "node_2d78d3.py:485: error: TokenNetworkStateChange? has no attribute \"token_network_address\"  [attr-defined]",
            "Found 2 errors in 1 file (checked 1 source file)"
        ]
    },
    "objects_2ea8dd.py": {
        "stats": {
            "total_parameters": 60,
            "parameters_with_annotations": 49
        },
        "error_count": 0,
        "isCompiled": true,
        "errors": []
    },
    "object_array_68abb9.py": {
        "stats": {
            "total_parameters": 147,
            "parameters_with_annotations": 94
        },
        "error_count": 32,
        "isCompiled": false,
        "errors": [
            "object_array_68abb9.py:22: error: Name \"TYPE_CHECKING\" is not defined  [name-defined]",
            "object_array_68abb9.py:279: error: Argument 1 to \"_str_map\" of \"ObjectStringArrayMixin\" has incompatible type overloaded function; expected \"Callable[[object], object]\"  [arg-type]",
            "object_array_68abb9.py:306: error: Argument 1 to \"_str_map\" of \"ObjectStringArrayMixin\" has incompatible type \"Callable[[Iterable[str]], str]\"; expected \"Callable[[object], object]\"  [arg-type]",
            "object_array_68abb9.py:309: error: \"object\" has no attribute \"partition\"  [attr-defined]",
            "object_array_68abb9.py:313: error: \"object\" has no attribute \"rpartition\"  [attr-defined]",
            "object_array_68abb9.py:316: error: Argument 1 to \"_str_map\" of \"ObjectStringArrayMixin\" has incompatible type \"Callable[[Sized], int]\"; expected \"Callable[[object], object]\"  [arg-type]",
            "object_array_68abb9.py:325: error: Value of type \"object\" is not indexable  [index]",
            "object_array_68abb9.py:349: error: Argument 1 to \"_str_map\" of \"ObjectStringArrayMixin\" has incompatible type \"Callable[[str], str]\"; expected \"Callable[[object], object]\"  [arg-type]",
            "object_array_68abb9.py:390: error: \"object\" has no attribute \"translate\"  [attr-defined]",
            "object_array_68abb9.py:395: error: Argument 1 to \"wrap\" of \"TextWrapper\" has incompatible type \"object\"; expected \"str\"  [arg-type]",
            "object_array_68abb9.py:432: error: \"object\" has no attribute \"upper\"  [attr-defined]",
            "object_array_68abb9.py:435: error: Argument 1 to \"_str_map\" of \"ObjectStringArrayMixin\" has incompatible type \"Callable[[str], bool]\"; expected \"Callable[[object], object]\"  [arg-type]",
            "object_array_68abb9.py:438: error: Argument 1 to \"_str_map\" of \"ObjectStringArrayMixin\" has incompatible type \"Callable[[str], bool]\"; expected \"Callable[[object], object]\"  [arg-type]",
            "object_array_68abb9.py:441: error: Argument 1 to \"_str_map\" of \"ObjectStringArrayMixin\" has incompatible type \"Callable[[str], bool]\"; expected \"Callable[[object], object]\"  [arg-type]",
            "object_array_68abb9.py:444: error: Argument 1 to \"_str_map\" of \"ObjectStringArrayMixin\" has incompatible type \"Callable[[str], bool]\"; expected \"Callable[[object], object]\"  [arg-type]",
            "object_array_68abb9.py:447: error: Argument 1 to \"_str_map\" of \"ObjectStringArrayMixin\" has incompatible type \"Callable[[str], bool]\"; expected \"Callable[[object], object]\"  [arg-type]",
            "object_array_68abb9.py:450: error: Argument 1 to \"_str_map\" of \"ObjectStringArrayMixin\" has incompatible type \"Callable[[str], bool]\"; expected \"Callable[[object], object]\"  [arg-type]",
            "object_array_68abb9.py:453: error: Argument 1 to \"_str_map\" of \"ObjectStringArrayMixin\" has incompatible type \"Callable[[str], bool]\"; expected \"Callable[[object], object]\"  [arg-type]",
            "object_array_68abb9.py:456: error: Argument 1 to \"_str_map\" of \"ObjectStringArrayMixin\" has incompatible type \"Callable[[str], bool]\"; expected \"Callable[[object], object]\"  [arg-type]",
            "object_array_68abb9.py:459: error: Argument 1 to \"_str_map\" of \"ObjectStringArrayMixin\" has incompatible type \"Callable[[str], bool]\"; expected \"Callable[[object], object]\"  [arg-type]",
            "object_array_68abb9.py:462: error: Argument 1 to \"_str_map\" of \"ObjectStringArrayMixin\" has incompatible type \"Callable[[str], bool]\"; expected \"Callable[[object], object]\"  [arg-type]",
            "object_array_68abb9.py:465: error: Argument 1 to \"_str_map\" of \"ObjectStringArrayMixin\" has incompatible type \"Callable[[str], str]\"; expected \"Callable[[object], object]\"  [arg-type]",
            "object_array_68abb9.py:468: error: Argument 1 to \"_str_map\" of \"ObjectStringArrayMixin\" has incompatible type \"Callable[[str], str]\"; expected \"Callable[[object], object]\"  [arg-type]",
            "object_array_68abb9.py:471: error: Argument 1 to \"_str_map\" of \"ObjectStringArrayMixin\" has incompatible type \"Callable[[str], str]\"; expected \"Callable[[object], object]\"  [arg-type]",
            "object_array_68abb9.py:474: error: Argument 1 to \"_str_map\" of \"ObjectStringArrayMixin\" has incompatible type \"Callable[[str], str]\"; expected \"Callable[[object], object]\"  [arg-type]",
            "object_array_68abb9.py:477: error: Argument 1 to \"_str_map\" of \"ObjectStringArrayMixin\" has incompatible type \"Callable[[str], str]\"; expected \"Callable[[object], object]\"  [arg-type]",
            "object_array_68abb9.py:484: error: \"object\" has no attribute \"strip\"  [attr-defined]",
            "object_array_68abb9.py:487: error: \"object\" has no attribute \"lstrip\"  [attr-defined]",
            "object_array_68abb9.py:490: error: \"object\" has no attribute \"rstrip\"  [attr-defined]",
            "object_array_68abb9.py:493: error: \"object\" has no attribute \"removeprefix\"  [attr-defined]",
            "object_array_68abb9.py:496: error: \"object\" has no attribute \"removesuffix\"  [attr-defined]",
            "object_array_68abb9.py:506: error: Argument 1 to \"_str_map\" of \"ObjectStringArrayMixin\" has incompatible type \"Callable[[str], Any]\"; expected \"Callable[[object], object]\"  [arg-type]",
            "Found 32 errors in 1 file (checked 1 source file)"
        ]
    },
    "okx_558006.py": {
        "stats": {
            "total_parameters": 51,
            "parameters_with_annotations": 37
        },
        "error_count": 0,
        "isCompiled": true,
        "errors": []
    },
    "optimizers_03ae81.py": {
        "stats": {
            "total_parameters": 111,
            "parameters_with_annotations": 93
        },
        "error_count": 27,
        "isCompiled": false,
        "errors": [
            "optimizers_03ae81.py:47: error: Item \"Parameter\" of \"dict[str, Any] | Parameter\" has no attribute \"update\"  [union-attr]",
            "optimizers_03ae81.py:65: error: Item \"Tensor\" of \"Any | Tensor\" has no attribute \"append\"  [union-attr]",
            "optimizers_03ae81.py:65: error: Invalid index type \"str\" for \"dict[str, Any] | Parameter\"; expected type \"SupportsIndex | bool | int | slice | ellipsis | Tensor | _NestedSequence[bool | int | slice | ellipsis | Tensor | None] | tuple[SupportsIndex | bool | int | slice | ellipsis | Tensor | _NestedSequence[bool | int | slice | ellipsis | Tensor | None] | None, ...] | None\"  [index]",
            "optimizers_03ae81.py:65: note: Following member(s) of \"str\" have conflicts:",
            "optimizers_03ae81.py:65: note:     Expected:",
            "optimizers_03ae81.py:65: note:         def __contains__(self, object, /) -> bool",
            "optimizers_03ae81.py:65: note:     Got:",
            "optimizers_03ae81.py:65: note:         def __contains__(self, str, /) -> bool",
            "optimizers_03ae81.py:65: note:     Expected:",
            "optimizers_03ae81.py:65: note:         def __getitem__(self, int, /) -> bool | int | slice | ellipsis | Tensor | _NestedSequence[bool | int | slice | ellipsis | Tensor | None] | None",
            "optimizers_03ae81.py:65: note:     Got:",
            "optimizers_03ae81.py:65: note:         def __getitem__(self, SupportsIndex | slice, /) -> str",
            "optimizers_03ae81.py:65: note:     <2 more conflict(s) not shown>",
            "optimizers_03ae81.py:68: error: Item \"Tensor\" of \"Any | Tensor\" has no attribute \"append\"  [union-attr]",
            "optimizers_03ae81.py:68: error: Invalid index type \"str\" for \"dict[str, Any] | Parameter\"; expected type \"SupportsIndex | bool | int | slice | ellipsis | Tensor | _NestedSequence[bool | int | slice | ellipsis | Tensor | None] | tuple[SupportsIndex | bool | int | slice | ellipsis | Tensor | _NestedSequence[bool | int | slice | ellipsis | Tensor | None] | None, ...] | None\"  [index]",
            "optimizers_03ae81.py:68: note: Following member(s) of \"str\" have conflicts:",
            "optimizers_03ae81.py:68: note:     Expected:",
            "optimizers_03ae81.py:68: note:         def __contains__(self, object, /) -> bool",
            "optimizers_03ae81.py:68: note:     Got:",
            "optimizers_03ae81.py:68: note:         def __contains__(self, str, /) -> bool",
            "optimizers_03ae81.py:68: note:     Expected:",
            "optimizers_03ae81.py:68: note:         def __getitem__(self, int, /) -> bool | int | slice | ellipsis | Tensor | _NestedSequence[bool | int | slice | ellipsis | Tensor | None] | None",
            "optimizers_03ae81.py:68: note:     Got:",
            "optimizers_03ae81.py:68: note:         def __getitem__(self, SupportsIndex | slice, /) -> str",
            "optimizers_03ae81.py:68: note:     <2 more conflict(s) not shown>",
            "optimizers_03ae81.py:73: error: \"object\" has no attribute \"get\"  [attr-defined]",
            "optimizers_03ae81.py:76: error: Value of type \"object\" is not indexable  [index]",
            "optimizers_03ae81.py:80: error: \"object\" has no attribute \"items\"  [attr-defined]",
            "optimizers_03ae81.py:88: error: Incompatible types in assignment (expression has type \"list[object]\", variable has type \"list[dict[str, Any]] | list[Parameter]\")  [assignment]",
            "optimizers_03ae81.py:95: error: Item \"Parameter\" of \"dict[str, Any] | Parameter\" has no attribute \"items\"  [union-attr]",
            "optimizers_03ae81.py:197: error: Invalid index type \"str\" for \"Parameter\"; expected type \"SupportsIndex | bool | int | slice | ellipsis | Tensor | _NestedSequence[bool | int | slice | ellipsis | Tensor | None] | tuple[SupportsIndex | bool | int | slice | ellipsis | Tensor | _NestedSequence[bool | int | slice | ellipsis | Tensor | None] | None, ...] | None\"  [index]",
            "optimizers_03ae81.py:197: note: Following member(s) of \"str\" have conflicts:",
            "optimizers_03ae81.py:197: note:     Expected:",
            "optimizers_03ae81.py:197: note:         def __contains__(self, object, /) -> bool",
            "optimizers_03ae81.py:197: note:     Got:",
            "optimizers_03ae81.py:197: note:         def __contains__(self, str, /) -> bool",
            "optimizers_03ae81.py:197: note:     Expected:",
            "optimizers_03ae81.py:197: note:         def __getitem__(self, int, /) -> bool | int | slice | ellipsis | Tensor | _NestedSequence[bool | int | slice | ellipsis | Tensor | None] | None",
            "optimizers_03ae81.py:197: note:     Got:",
            "optimizers_03ae81.py:197: note:         def __getitem__(self, SupportsIndex | slice, /) -> str",
            "optimizers_03ae81.py:197: note:     <2 more conflict(s) not shown>",
            "optimizers_03ae81.py:201: error: Signature of \"step\" incompatible with supertype \"Optimizer\"  [override]",
            "optimizers_03ae81.py:201: note:      Superclass:",
            "optimizers_03ae81.py:201: note:          @overload",
            "optimizers_03ae81.py:201: note:          def step(self, closure: None = ...) -> None",
            "optimizers_03ae81.py:201: note:          @overload",
            "optimizers_03ae81.py:201: note:          def step(self, closure: Callable[[], float]) -> float",
            "optimizers_03ae81.py:201: note:      Subclass:",
            "optimizers_03ae81.py:201: note:          def step(self) -> None",
            "optimizers_03ae81.py:315: error: Unexpected keyword argument \"lr\" for \"__init__\" of \"Optimizer\"  [call-arg]",
            "D:\\python3.8\\lib\\site-packages\\torch\\optim\\optimizer.py:339: note: \"__init__\" of \"Optimizer\" defined here",
            "optimizers_03ae81.py:315: error: Unexpected keyword argument \"betas\" for \"__init__\" of \"Optimizer\"  [call-arg]",
            "D:\\python3.8\\lib\\site-packages\\torch\\optim\\optimizer.py:339: note: \"__init__\" of \"Optimizer\" defined here",
            "optimizers_03ae81.py:315: error: Unexpected keyword argument \"eps\" for \"__init__\" of \"Optimizer\"  [call-arg]",
            "D:\\python3.8\\lib\\site-packages\\torch\\optim\\optimizer.py:339: note: \"__init__\" of \"Optimizer\" defined here",
            "optimizers_03ae81.py:315: error: Unexpected keyword argument \"weight_decay\" for \"__init__\" of \"Optimizer\"  [call-arg]",
            "D:\\python3.8\\lib\\site-packages\\torch\\optim\\optimizer.py:339: note: \"__init__\" of \"Optimizer\" defined here",
            "optimizers_03ae81.py:315: error: Unexpected keyword argument \"correct_bias\" for \"__init__\" of \"Optimizer\"  [call-arg]",
            "D:\\python3.8\\lib\\site-packages\\torch\\optim\\optimizer.py:339: note: \"__init__\" of \"Optimizer\" defined here",
            "optimizers_03ae81.py:341: error: Unexpected keyword argument \"lr\" for \"__init__\" of \"Optimizer\"  [call-arg]",
            "D:\\python3.8\\lib\\site-packages\\torch\\optim\\optimizer.py:339: note: \"__init__\" of \"Optimizer\" defined here",
            "optimizers_03ae81.py:341: error: Unexpected keyword argument \"eps\" for \"__init__\" of \"Optimizer\"  [call-arg]",
            "D:\\python3.8\\lib\\site-packages\\torch\\optim\\optimizer.py:339: note: \"__init__\" of \"Optimizer\" defined here",
            "optimizers_03ae81.py:341: error: Unexpected keyword argument \"clip_threshold\" for \"__init__\" of \"Optimizer\"  [call-arg]",
            "D:\\python3.8\\lib\\site-packages\\torch\\optim\\optimizer.py:339: note: \"__init__\" of \"Optimizer\" defined here",
            "optimizers_03ae81.py:341: error: Unexpected keyword argument \"decay_rate\" for \"__init__\" of \"Optimizer\"  [call-arg]",
            "D:\\python3.8\\lib\\site-packages\\torch\\optim\\optimizer.py:339: note: \"__init__\" of \"Optimizer\" defined here",
            "optimizers_03ae81.py:341: error: Unexpected keyword argument \"beta1\" for \"__init__\" of \"Optimizer\"  [call-arg]",
            "D:\\python3.8\\lib\\site-packages\\torch\\optim\\optimizer.py:339: note: \"__init__\" of \"Optimizer\" defined here",
            "optimizers_03ae81.py:341: error: Unexpected keyword argument \"weight_decay\" for \"__init__\" of \"Optimizer\"  [call-arg]",
            "D:\\python3.8\\lib\\site-packages\\torch\\optim\\optimizer.py:339: note: \"__init__\" of \"Optimizer\" defined here",
            "optimizers_03ae81.py:341: error: Unexpected keyword argument \"scale_parameter\" for \"__init__\" of \"Optimizer\"  [call-arg]",
            "D:\\python3.8\\lib\\site-packages\\torch\\optim\\optimizer.py:339: note: \"__init__\" of \"Optimizer\" defined here",
            "optimizers_03ae81.py:341: error: Unexpected keyword argument \"relative_step\" for \"__init__\" of \"Optimizer\"  [call-arg]",
            "D:\\python3.8\\lib\\site-packages\\torch\\optim\\optimizer.py:339: note: \"__init__\" of \"Optimizer\" defined here",
            "optimizers_03ae81.py:341: error: Unexpected keyword argument \"warmup_init\" for \"__init__\" of \"Optimizer\"  [call-arg]",
            "D:\\python3.8\\lib\\site-packages\\torch\\optim\\optimizer.py:339: note: \"__init__\" of \"Optimizer\" defined here",
            "optimizers_03ae81.py:486: error: Signature of \"step\" incompatible with supertype \"Optimizer\"  [override]",
            "optimizers_03ae81.py:486: note:      Superclass:",
            "optimizers_03ae81.py:486: note:          @overload",
            "optimizers_03ae81.py:486: note:          def step(self, closure: None = ...) -> None",
            "optimizers_03ae81.py:486: note:          @overload",
            "optimizers_03ae81.py:486: note:          def step(self, closure: Callable[[], float]) -> float",
            "optimizers_03ae81.py:486: note:      Subclass:",
            "optimizers_03ae81.py:486: note:          def step(self, closure: Any | None = ...) -> Any | None",
            "Found 27 errors in 1 file (checked 1 source file)"
        ]
    },
    "optimize_reports_05f23c.py": {
        "stats": {
            "total_parameters": 37,
            "parameters_with_annotations": 37
        },
        "error_count": 0,
        "isCompiled": true,
        "errors": []
    },
    "options_fe74b9.py": {
        "stats": {
            "total_parameters": 90,
            "parameters_with_annotations": 58
        },
        "error_count": 14,
        "isCompiled": false,
        "errors": [
            "options_fe74b9.py:130: error: Unexpected type declaration  [misc]",
            "options_fe74b9.py:131: error: Unexpected type declaration  [misc]",
            "options_fe74b9.py:332: error: Argument 1 to \"len\" has incompatible type \"list[str] | None\"; expected \"Sized\"  [arg-type]",
            "options_fe74b9.py:334: error: Value of type \"list[str] | None\" is not indexable  [index]",
            "options_fe74b9.py:335: error: Value of type \"list[str] | None\" is not indexable  [index]",
            "options_fe74b9.py:337: error: Value of type \"list[str] | None\" is not indexable  [index]",
            "options_fe74b9.py:338: error: Value of type \"list[str] | None\" is not indexable  [index]",
            "options_fe74b9.py:340: error: Value of type \"list[str] | None\" is not indexable  [index]",
            "options_fe74b9.py:415: error: type? has no attribute \"__name__\"  [attr-defined]",
            "options_fe74b9.py:496: error: Unexpected type declaration  [misc]",
            "options_fe74b9.py:530: error: Variable \"type\" is not valid as a type  [valid-type]",
            "options_fe74b9.py:530: note: See https://mypy.readthedocs.io/en/stable/common_issues.html#variables-vs-type-aliases",
            "options_fe74b9.py:571: error: type? has no attribute \"__name__\"  [attr-defined]",
            "options_fe74b9.py:577: error: type? has no attribute \"__name__\"  [attr-defined]",
            "options_fe74b9.py:583: error: type? has no attribute \"__name__\"  [attr-defined]",
            "Found 14 errors in 1 file (checked 1 source file)"
        ]
    },
    "packager_d0d7be.py": {
        "stats": {
            "total_parameters": 190,
            "parameters_with_annotations": 122
        },
        "error_count": 0,
        "isCompiled": true,
        "errors": []
    },
    "params_226a6a.py": {
        "stats": {
            "total_parameters": 81,
            "parameters_with_annotations": 59
        },
        "error_count": 0,
        "isCompiled": true,
        "errors": []
    },
    "parquet_a441a6.py": {
        "stats": {
            "total_parameters": 63,
            "parameters_with_annotations": 55
        },
        "error_count": 1,
        "isCompiled": false,
        "errors": [
            "parquet_a441a6.py:246: error: Signature of \"write\" incompatible with supertype \"BaseImpl\"  [override]",
            "parquet_a441a6.py:246: note:      Superclass:",
            "parquet_a441a6.py:246: note:          def write(self, df: Any, path: Any | Any, compression: str | None, **kwargs: Any) -> None",
            "parquet_a441a6.py:246: note:      Subclass:",
            "parquet_a441a6.py:246: note:          def write(self, df: Any, path: Any | Any, compression: Literal['snappy', 'gzip', 'brotli'] | None = ..., index: bool | None = ..., partition_cols: list[str] | None = ..., storage_options: Any | None = ..., filesystem: Any = ..., **kwargs: Any) -> None",
            "Found 1 error in 1 file (checked 1 source file)"
        ]
    },
    "photonics_eb3fae.py": {
        "stats": {
            "total_parameters": 52,
            "parameters_with_annotations": 52
        },
        "error_count": 1,
        "isCompiled": false,
        "errors": [
            "photonics_eb3fae.py:485: error: \"float\" object is not iterable  [misc]",
            "Found 1 error in 1 file (checked 1 source file)"
        ]
    },
    "pivot_1f30db.py": {
        "stats": {
            "total_parameters": 77,
            "parameters_with_annotations": 77
        },
        "error_count": 8,
        "isCompiled": false,
        "errors": [
            "pivot_1f30db.py:38: error: Name \"TYPE_CHECKING\" is not defined  [name-defined]",
            "pivot_1f30db.py:324: error: \"str\" not callable  [operator]",
            "pivot_1f30db.py:371: error: Incompatible types in assignment (expression has type \"Hashable\", variable has type \"str | tuple[Any, ...]\")  [assignment]",
            "pivot_1f30db.py:428: error: Incompatible return value type (got \"Hashable\", expected \"str | tuple[Any, ...]\")  [return-value]",
            "pivot_1f30db.py:472: error: Invalid type comment or annotation  [valid-type]",
            "pivot_1f30db.py:472: note: Suggestion: use type[...] instead of type(...)",
            "pivot_1f30db.py:473: error: Invalid type comment or annotation  [valid-type]",
            "pivot_1f30db.py:473: note: Suggestion: use type[...] instead of type(...)",
            "pivot_1f30db.py:514: error: Name \"cast\" is not defined  [name-defined]",
            "pivot_1f30db.py:514: note: Did you forget to import it from \"typing\"? (Suggestion: \"from typing import cast\")",
            "pivot_1f30db.py:518: error: Name \"cast\" is not defined  [name-defined]",
            "pivot_1f30db.py:518: note: Error code \"name-defined\" not covered by \"type: ignore\" comment",
            "pivot_1f30db.py:518: note: Did you forget to import it from \"typing\"? (Suggestion: \"from typing import cast\")",
            "Found 8 errors in 1 file (checked 1 source file)"
        ]
    },
    "postgres_09c46c.py": {
        "stats": {
            "total_parameters": 51,
            "parameters_with_annotations": 35
        },
        "error_count": 1,
        "isCompiled": false,
        "errors": [
            "postgres_09c46c.py:71: error: Generator has incompatible item type \"tuple[str | Any, ...]\"; expected \"tuple[str, str]\"  [misc]",
            "Found 1 error in 1 file (checked 1 source file)"
        ]
    },
    "profile_77bd4f.py": {
        "stats": {
            "total_parameters": 48,
            "parameters_with_annotations": 38
        },
        "error_count": 0,
        "isCompiled": true,
        "errors": []
    },
    "prometheus_180961.py": {
        "stats": {
            "total_parameters": 81,
            "parameters_with_annotations": 57
        },
        "error_count": 0,
        "isCompiled": true,
        "errors": []
    },
    "python_f218d0.py": {
        "stats": {
            "total_parameters": 132,
            "parameters_with_annotations": 101
        },
        "error_count": 0,
        "isCompiled": true,
        "errors": []
    },
    "pytorch_seq2seq_wrapper_f81fef.py": {
        "stats": {
            "total_parameters": 59,
            "parameters_with_annotations": 48
        },
        "error_count": 0,
        "isCompiled": true,
        "errors": []
    },
    "pytorch_seq2vec_wrapper_ae605d.py": {
        "stats": {
            "total_parameters": 51,
            "parameters_with_annotations": 41
        },
        "error_count": 0,
        "isCompiled": true,
        "errors": []
    },
    "query_context_processor_356fe7.py": {
        "stats": {
            "total_parameters": 53,
            "parameters_with_annotations": 37
        },
        "error_count": 0,
        "isCompiled": true,
        "errors": []
    },
    "raiden_network_f4d23c.py": {
        "stats": {
            "total_parameters": 69,
            "parameters_with_annotations": 66
        },
        "error_count": 1,
        "isCompiled": false,
        "errors": [
            "raiden_network_f4d23c.py:10: error: Module \"pytest\" has no attribute \"MonkeyPatch\"  [attr-defined]",
            "Found 1 error in 1 file (checked 1 source file)"
        ]
    },
    "raiden_service_70320b.py": {
        "stats": {
            "total_parameters": 110,
            "parameters_with_annotations": 68
        },
        "error_count": 0,
        "isCompiled": true,
        "errors": []
    },
    "realm_settings_e9d618.py": {
        "stats": {
            "total_parameters": 58,
            "parameters_with_annotations": 58
        },
        "error_count": 1,
        "isCompiled": false,
        "errors": [
            "realm_settings_e9d618.py:845: error: Name \"optional_bytes_to_mib\" is not defined  [name-defined]",
            "Found 1 error in 1 file (checked 1 source file)"
        ]
    },
    "regression_5b5987.py": {
        "stats": {
            "total_parameters": 67,
            "parameters_with_annotations": 67
        },
        "error_count": 0,
        "isCompiled": true,
        "errors": []
    },
    "rest_51609c.py": {
        "stats": {
            "total_parameters": 134,
            "parameters_with_annotations": 89
        },
        "error_count": 2,
        "isCompiled": false,
        "errors": [
            "rest_51609c.py:992: error: Incompatible types in assignment (expression has type \"None\", variable has type \"dict[str, Any]\")  [assignment]",
            "rest_51609c.py:1012: error: Incompatible types in assignment (expression has type \"None\", variable has type \"dict[str, Any]\")  [assignment]",
            "Found 2 errors in 1 file (checked 1 source file)"
        ]
    },
    "retention_81eb85.py": {
        "stats": {
            "total_parameters": 42,
            "parameters_with_annotations": 42
        },
        "error_count": 0,
        "isCompiled": true,
        "errors": []
    },
    "routing_66b713.py": {
        "stats": {
            "total_parameters": 101,
            "parameters_with_annotations": 69
        },
        "error_count": 0,
        "isCompiled": true,
        "errors": []
    },
    "runner_7722d1.py": {
        "stats": {
            "total_parameters": 62,
            "parameters_with_annotations": 50
        },
        "error_count": 0,
        "isCompiled": true,
        "errors": []
    },
    "runner_ecb0c0.py": {
        "stats": {
            "total_parameters": 0,
            "parameters_with_annotations": 0
        },
        "error_count": 1,
        "isCompiled": false,
        "errors": [
            "runner_ecb0c0.py:1: error: unexpected indent  [syntax]",
            "Found 1 error in 1 file (errors prevented further checking)"
        ]
    },
    "run_b777ab.py": {
        "stats": {
            "total_parameters": 150,
            "parameters_with_annotations": 100
        },
        "error_count": 0,
        "isCompiled": true,
        "errors": []
    },
    "s3_48c5ab.py": {
        "stats": {
            "total_parameters": 104,
            "parameters_with_annotations": 79
        },
        "error_count": 1,
        "isCompiled": false,
        "errors": [
            "s3_48c5ab.py:365: error: Incompatible types in assignment (expression has type \"tuple[Any, ...]\", variable has type \"tuple[Any]\")  [assignment]",
            "Found 1 error in 1 file (checked 1 source file)"
        ]
    },
    "s3_e58a82.py": {
        "stats": {
            "total_parameters": 86,
            "parameters_with_annotations": 60
        },
        "error_count": 23,
        "isCompiled": false,
        "errors": [
            "s3_e58a82.py:192: error: Method \"get_public_upload_root_url\" is marked as an override, but no base method was found with this name  [misc]",
            "s3_e58a82.py:200: error: Method \"generate_message_upload_path\" is marked as an override, but no base method was found with this name  [misc]",
            "s3_e58a82.py:210: error: Method \"upload_message_attachment\" is marked as an override, but no base method was found with this name  [misc]",
            "s3_e58a82.py:229: error: Method \"save_attachment_contents\" is marked as an override, but no base method was found with this name  [misc]",
            "s3_e58a82.py:232: error: Invalid \"type: ignore\" comment  [syntax]",
            "s3_e58a82.py:233: error: \"object\" has no attribute \"__iter__\"; maybe \"__dir__\" or \"__str__\"? (not iterable)  [attr-defined]",
            "s3_e58a82.py:237: error: Method \"attachment_vips_source\" is marked as an override, but no base method was found with this name  [misc]",
            "s3_e58a82.py:249: error: Method \"delete_message_attachment\" is marked as an override, but no base method was found with this name  [misc]",
            "s3_e58a82.py:253: error: Method \"delete_message_attachments\" is marked as an override, but no base method was found with this name  [misc]",
            "s3_e58a82.py:259: error: Method \"all_message_attachments\" is marked as an override, but no base method was found with this name  [misc]",
            "s3_e58a82.py:279: error: Method \"get_avatar_url\" is marked as an override, but no base method was found with this name  [misc]",
            "s3_e58a82.py:283: error: Method \"get_avatar_contents\" is marked as an override, but no base method was found with this name  [misc]",
            "s3_e58a82.py:290: error: Method \"upload_single_avatar_image\" is marked as an override, but no base method was found with this name  [misc]",
            "s3_e58a82.py:311: error: Method \"delete_avatar_image\" is marked as an override, but no base method was found with this name  [misc]",
            "s3_e58a82.py:317: error: Method \"get_realm_icon_url\" is marked as an override, but no base method was found with this name  [misc]",
            "s3_e58a82.py:322: error: Method \"upload_realm_icon_image\" is marked as an override, but no base method was found with this name  [misc]",
            "s3_e58a82.py:346: error: Method \"get_realm_logo_url\" is marked as an override, but no base method was found with this name  [misc]",
            "s3_e58a82.py:352: error: Method \"upload_realm_logo_image\" is marked as an override, but no base method was found with this name  [misc]",
            "s3_e58a82.py:377: error: Method \"get_emoji_url\" is marked as an override, but no base method was found with this name  [misc]",
            "s3_e58a82.py:391: error: Method \"upload_single_emoji_image\" is marked as an override, but no base method was found with this name  [misc]",
            "s3_e58a82.py:404: error: Method \"get_export_tarball_url\" is marked as an override, but no base method was found with this name  [misc]",
            "s3_e58a82.py:442: error: Method \"upload_export_tarball\" is marked as an override, but no base method was found with this name  [misc]",
            "s3_e58a82.py:458: error: Method \"delete_export_tarball\" is marked as an override, but no base method was found with this name  [misc]",
            "Found 23 errors in 1 file (checked 1 source file)"
        ]
    },
    "sas7bdat_f3d8c2.py": {
        "stats": {
            "total_parameters": 70,
            "parameters_with_annotations": 42
        },
        "error_count": 10,
        "isCompiled": false,
        "errors": [
            "sas7bdat_f3d8c2.py:235: error: Value of type \"bytes | None\" is not indexable  [index]",
            "sas7bdat_f3d8c2.py:272: error: If x = b'abc' then f\"{x}\" or \"{}\".format(x) produces \"b'abc'\", not \"abc\". If this is desired behavior, use f\"{x!r}\" or \"{!r}\".format(x). Otherwise, decode the bytes  [str-bytes-safe]",
            "sas7bdat_f3d8c2.py:285: error: Unsupported left operand type for + (\"None\")  [operator]",
            "sas7bdat_f3d8c2.py:285: note: Left operand is of type \"bytes | None\"",
            "sas7bdat_f3d8c2.py:333: error: Argument 1 to \"len\" has incompatible type \"bytes | None\"; expected \"Sized\"  [arg-type]",
            "sas7bdat_f3d8c2.py:335: error: Argument 1 to \"len\" has incompatible type \"bytes | None\"; expected \"Sized\"  [arg-type]",
            "sas7bdat_f3d8c2.py:391: error: If x = b'abc' then f\"{x}\" or \"{}\".format(x) produces \"b'abc'\", not \"abc\". If this is desired behavior, use f\"{x!r}\" or \"{!r}\".format(x). Otherwise, decode the bytes  [str-bytes-safe]",
            "sas7bdat_f3d8c2.py:471: error: Incompatible types in assignment (expression has type \"str | bytes\", variable has type \"bytes\")  [assignment]",
            "sas7bdat_f3d8c2.py:585: error: Argument 1 to \"len\" has incompatible type \"bytes | None\"; expected \"Sized\"  [arg-type]",
            "sas7bdat_f3d8c2.py:587: error: Argument 1 to \"len\" has incompatible type \"bytes | None\"; expected \"Sized\"  [arg-type]",
            "sas7bdat_f3d8c2.py:590: error: Argument 1 to \"len\" has incompatible type \"bytes | None\"; expected \"Sized\"  [arg-type]",
            "Found 10 errors in 1 file (checked 1 source file)"
        ]
    },
    "schemas_d6d78d.py": {
        "stats": {
            "total_parameters": 61,
            "parameters_with_annotations": 43
        },
        "error_count": 0,
        "isCompiled": true,
        "errors": []
    },
    "schema_generic_tests_906d8a.py": {
        "stats": {
            "total_parameters": 69,
            "parameters_with_annotations": 51
        },
        "error_count": 0,
        "isCompiled": true,
        "errors": []
    },
    "schema_yaml_readers_9dabb0.py": {
        "stats": {
            "total_parameters": 97,
            "parameters_with_annotations": 58
        },
        "error_count": 0,
        "isCompiled": true,
        "errors": []
    },
    "screenshots_949c9a.py": {
        "stats": {
            "total_parameters": 0,
            "parameters_with_annotations": 0
        },
        "error_count": 1,
        "isCompiled": false,
        "errors": [
            "screenshots_949c9a.py:29: error: invalid syntax; you likely need to run mypy using Python 3.10 or newer  [syntax]",
            "Found 1 error in 1 file (errors prevented further checking)"
        ]
    },
    "sentiment_analysis_suite_5e67f5.py": {
        "stats": {
            "total_parameters": 54,
            "parameters_with_annotations": 40
        },
        "error_count": 0,
        "isCompiled": true,
        "errors": []
    },
    "smartcontracts_989d9a.py": {
        "stats": {
            "total_parameters": 65,
            "parameters_with_annotations": 65
        },
        "error_count": 0,
        "isCompiled": true,
        "errors": []
    },
    "sorting_f49b49.py": {
        "stats": {
            "total_parameters": 55,
            "parameters_with_annotations": 55
        },
        "error_count": 8,
        "isCompiled": false,
        "errors": [
            "sorting_f49b49.py:130: error: Unsupported target for indexed assignment (\"Sequence[Any]\")  [index]",
            "sorting_f49b49.py:154: error: No overload variant of \"__add__\" of \"list\" matches argument type \"Sequence[Any]\"  [operator]",
            "sorting_f49b49.py:154: note: Possible overload variants:",
            "sorting_f49b49.py:154: note:     def __add__(self, list[Any], /) -> list[Any]",
            "sorting_f49b49.py:154: note:     def [_S] __add__(self, list[_S], /) -> list[_S | Any]",
            "sorting_f49b49.py:234: error: Incompatible types in assignment (expression has type \"repeat[bool]\", variable has type \"bool | Sequence[bool] | None\")  [assignment]",
            "sorting_f49b49.py:236: error: Incompatible types in assignment (expression has type \"repeat[bool]\", variable has type \"bool | Sequence[bool] | None\")  [assignment]",
            "sorting_f49b49.py:238: error: Incompatible types in assignment (expression has type \"reversed[bool]\", variable has type \"bool | Sequence[bool] | None\")  [assignment]",
            "sorting_f49b49.py:242: error: Argument 2 to \"zip\" has incompatible type \"bool | Sequence[bool] | None\"; expected \"Iterable[bool]\"  [arg-type]",
            "sorting_f49b49.py:342: error: Unexpected keyword argument \"axis\"  [call-arg]",
            "sorting_f49b49.py:355: error: Unexpected keyword argument \"axis\"  [call-arg]",
            "Found 8 errors in 1 file (checked 1 source file)"
        ]
    },
    "specs_7c250e.py": {
        "stats": {
            "total_parameters": 58,
            "parameters_with_annotations": 46
        },
        "error_count": 0,
        "isCompiled": true,
        "errors": []
    },
    "splitters_9b6f18.py": {
        "stats": {
            "total_parameters": 90,
            "parameters_with_annotations": 90
        },
        "error_count": 0,
        "isCompiled": true,
        "errors": []
    },
    "sql_parse_fe229f.py": {
        "stats": {
            "total_parameters": 69,
            "parameters_with_annotations": 48
        },
        "error_count": 18,
        "isCompiled": false,
        "errors": [
            "sql_parse_fe229f.py:58: error: Name \"TYPE_CHECKING\" is not defined  [name-defined]",
            "sql_parse_fe229f.py:319: error: Item \"None\" of \"Any | None\" has no attribute \"__iter__\" (not iterable)  [union-attr]",
            "sql_parse_fe229f.py:321: error: Item \"None\" of \"Any | None\" has no attribute \"__iter__\" (not iterable)  [union-attr]",
            "sql_parse_fe229f.py:454: error: Incompatible default for argument \"method\" (default has type \"str\", argument has type \"CtasMethod\")  [assignment]",
            "sql_parse_fe229f.py:647: error: Incompatible types in assignment (expression has type \"str\", variable has type \"InsertRLSState\")  [assignment]",
            "sql_parse_fe229f.py:657: error: Incompatible types in assignment (expression has type \"str\", variable has type \"InsertRLSState\")  [assignment]",
            "sql_parse_fe229f.py:701: error: Incompatible types in assignment (expression has type \"str\", variable has type \"InsertRLSState\")  [assignment]",
            "sql_parse_fe229f.py:703: error: Incompatible types in assignment (expression has type \"str\", variable has type \"InsertRLSState\")  [assignment]",
            "sql_parse_fe229f.py:721: error: Incompatible types in assignment (expression has type \"str\", variable has type \"InsertRLSState\")  [assignment]",
            "sql_parse_fe229f.py:731: error: Incompatible types in assignment (expression has type \"str\", variable has type \"InsertRLSState\")  [assignment]",
            "sql_parse_fe229f.py:737: error: Incompatible types in assignment (expression has type \"str\", variable has type \"InsertRLSState\")  [assignment]",
            "sql_parse_fe229f.py:750: error: Incompatible types in assignment (expression has type \"str\", variable has type \"InsertRLSState\")  [assignment]",
            "sql_parse_fe229f.py:784: error: Incompatible types in assignment (expression has type \"str\", variable has type \"InsertRLSState\")  [assignment]",
            "sql_parse_fe229f.py:792: error: Incompatible types in assignment (expression has type \"str\", variable has type \"InsertRLSState\")  [assignment]",
            "sql_parse_fe229f.py:794: error: Incompatible types in assignment (expression has type \"str\", variable has type \"InsertRLSState\")  [assignment]",
            "sql_parse_fe229f.py:916: error: Incompatible types in assignment (expression has type \"type[TemplateData]\", variable has type \"type[Call]\")  [assignment]",
            "sql_parse_fe229f.py:917: error: Incompatible types in assignment (expression has type \"tuple[str]\", variable has type \"tuple[str, str, str, str, str]\")  [assignment]",
            "sql_parse_fe229f.py:918: error: \"Call\" has no attribute \"data\"  [attr-defined]",
            "Found 18 errors in 1 file (checked 1 source file)"
        ]
    },
    "states_8ed126.py": {
        "stats": {
            "total_parameters": 45,
            "parameters_with_annotations": 36
        },
        "error_count": 0,
        "isCompiled": true,
        "errors": []
    },
    "statsd_f3d723.py": {
        "stats": {
            "total_parameters": 83,
            "parameters_with_annotations": 59
        },
        "error_count": 0,
        "isCompiled": true,
        "errors": []
    },
    "streams_748e41.py": {
        "stats": {
            "total_parameters": 119,
            "parameters_with_annotations": 119
        },
        "error_count": 0,
        "isCompiled": true,
        "errors": []
    },
    "stubs_b63ee1.py": {
        "stats": {
            "total_parameters": 135,
            "parameters_with_annotations": 92
        },
        "error_count": 0,
        "isCompiled": true,
        "errors": []
    },
    "subscription_info_2fc87f.py": {
        "stats": {
            "total_parameters": 37,
            "parameters_with_annotations": 37
        },
        "error_count": 1,
        "isCompiled": false,
        "errors": [
            "subscription_info_2fc87f.py:600: error: Unsupported target for indexed assignment (\"Mapping[str, Any]\")  [index]",
            "Found 1 error in 1 file (checked 1 source file)"
        ]
    },
    "superset_factory_util_7e174c.py": {
        "stats": {
            "total_parameters": 46,
            "parameters_with_annotations": 46
        },
        "error_count": 0,
        "isCompiled": true,
        "errors": []
    },
    "tables_379478.py": {
        "stats": {
            "total_parameters": 143,
            "parameters_with_annotations": 74
        },
        "error_count": 0,
        "isCompiled": true,
        "errors": []
    },
    "task_engine_88162b.py": {
        "stats": {
            "total_parameters": 72,
            "parameters_with_annotations": 43
        },
        "error_count": 18,
        "isCompiled": false,
        "errors": [
            "task_engine_88162b.py:95: error: Name \"TYPE_CHECKING\" is not defined  [name-defined]",
            "task_engine_88162b.py:209: error: \"Logger\" has no attribute \"extra\"  [attr-defined]",
            "task_engine_88162b.py:211: error: Item \"None\" of \"Any | None\" has no attribute \"name\"  [union-attr]",
            "task_engine_88162b.py:213: error: Item \"None\" of \"Any | None\" has no attribute \"name\"  [union-attr]",
            "task_engine_88162b.py:456: error: Missing return statement  [return]",
            "task_engine_88162b.py:483: error: \"partial[None]\" has no attribute \"log_on_run\"  [attr-defined]",
            "task_engine_88162b.py:745: error: Item \"None\" of \"Any | None\" has no attribute \"name\"  [union-attr]",
            "task_engine_88162b.py:762: error: Item \"None\" of \"Any | None\" has no attribute \"tags\"  [union-attr]",
            "task_engine_88162b.py:763: error: Item \"None\" of \"Any | None\" has no attribute \"tags\"  [union-attr]",
            "task_engine_88162b.py:763: error: Item \"None\" of \"Any | None\" has no attribute \"id\"  [union-attr]",
            "task_engine_88162b.py:867: error: Item \"None\" of \"Any | None\" has no attribute \"start_time\"  [union-attr]",
            "task_engine_88162b.py:872: error: Item \"None\" of \"Any | None\" has no attribute \"flow_run_run_count\"  [union-attr]",
            "task_engine_88162b.py:931: error: Missing return statement  [return]",
            "task_engine_88162b.py:956: error: \"partial[None]\" has no attribute \"log_on_run\"  [attr-defined]",
            "task_engine_88162b.py:1215: error: Item \"None\" of \"Any | None\" has no attribute \"name\"  [union-attr]",
            "task_engine_88162b.py:1332: error: Argument 1 to \"handle_success\" of \"SyncTaskRunEngine\" has incompatible type \"None\"; expected \"R\"  [arg-type]",
            "task_engine_88162b.py:1335: error: No return value expected  [return-value]",
            "task_engine_88162b.py:1372: error: Argument 1 to \"handle_success\" of \"AsyncTaskRunEngine\" has incompatible type \"None\"; expected \"R\"  [arg-type]",
            "Found 18 errors in 1 file (checked 1 source file)"
        ]
    },
    "template_0e4e35.py": {
        "stats": {
            "total_parameters": 164,
            "parameters_with_annotations": 98
        },
        "error_count": 1,
        "isCompiled": false,
        "errors": [
            "template_0e4e35.py:245: error: invalid syntax; you likely need to run mypy using Python 3.10 or newer  [syntax]",
            "Found 1 error in 1 file (errors prevented further checking)"
        ]
    },
    "template_parser_ecf506.py": {
        "stats": {
            "total_parameters": 58,
            "parameters_with_annotations": 52
        },
        "error_count": 0,
        "isCompiled": true,
        "errors": []
    },
    "testclient_6e1da5.py": {
        "stats": {
            "total_parameters": 71,
            "parameters_with_annotations": 41
        },
        "error_count": 1,
        "isCompiled": false,
        "errors": [
            "testclient_6e1da5.py:95: error: Missing return statement  [return]",
            "Found 1 error in 1 file (checked 1 source file)"
        ]
    },
    "test_2a092a.py": {
        "stats": {
            "total_parameters": 76,
            "parameters_with_annotations": 46
        },
        "error_count": 0,
        "isCompiled": true,
        "errors": []
    },
    "test_callables_9ff673.py": {
        "stats": {
            "total_parameters": 164,
            "parameters_with_annotations": 100
        },
        "error_count": 4,
        "isCompiled": false,
        "errors": [
            "test_callables_9ff673.py:186: error: Incompatible default for argument \"x\" (default has type \"str\", argument has type \"Color\")  [assignment]",
            "test_callables_9ff673.py:519: error: Incompatible default for argument \"color\" (default has type \"str\", argument has type \"Color\")  [assignment]",
            "test_callables_9ff673.py:523: error: Incompatible default for argument \"color\" (default has type \"str\", argument has type \"Color\")  [assignment]",
            "test_callables_9ff673.py:527: error: Incompatible default for argument \"color\" (default has type \"str\", argument has type \"Color\")  [assignment]",
            "Found 4 errors in 1 file (checked 1 source file)"
        ]
    },
    "test_helpers_38220e.py": {
        "stats": {
            "total_parameters": 72,
            "parameters_with_annotations": 68
        },
        "error_count": 6,
        "isCompiled": false,
        "errors": [
            "test_helpers_38220e.py:74: error: \"tuple[_patch[MagicMock | AsyncMock], _patch[MagicMock | AsyncMock]]\" has no attribute \"__enter__\"  [attr-defined]",
            "test_helpers_38220e.py:74: error: \"tuple[_patch[MagicMock | AsyncMock], _patch[MagicMock | AsyncMock]]\" has no attribute \"__exit__\"  [attr-defined]",
            "test_helpers_38220e.py:235: error: Incompatible types in assignment (expression has type \"IO[str]\", variable has type \"TextIO\")  [assignment]",
            "test_helpers_38220e.py:401: error: Method \"get_host\" is marked as an override, but no base method was found with this name  [misc]",
            "test_helpers_38220e.py:595: error: \"tuple[_patch[Any], _patch[Any], _patch[Any]]\" has no attribute \"__enter__\"  [attr-defined]",
            "test_helpers_38220e.py:595: error: \"tuple[_patch[Any], _patch[Any], _patch[Any]]\" has no attribute \"__exit__\"  [attr-defined]",
            "Found 6 errors in 1 file (checked 1 source file)"
        ]
    },
    "test_http_parser_74f389.py": {
        "stats": {
            "total_parameters": 146,
            "parameters_with_annotations": 146
        },
        "error_count": 8,
        "isCompiled": false,
        "errors": [
            "test_http_parser_74f389.py:62: error: Name \"pytest.FixtureRequest\" is not defined  [name-defined]",
            "test_http_parser_74f389.py:75: error: Name \"pytest.FixtureRequest\" is not defined  [name-defined]",
            "test_http_parser_74f389.py:84: error: Name \"pytest.FixtureRequest\" is not defined  [name-defined]",
            "test_http_parser_74f389.py:98: error: Name \"pytest.FixtureRequest\" is not defined  [name-defined]",
            "test_http_parser_74f389.py:143: error: Name \"pytest.FixtureRequest\" is not defined  [name-defined]",
            "test_http_parser_74f389.py:167: error: Name \"pytest.FixtureRequest\" is not defined  [name-defined]",
            "test_http_parser_74f389.py:310: error: Name \"pytest.FixtureRequest\" is not defined  [name-defined]",
            "test_http_parser_74f389.py:866: error: Name \"pytest.FixtureRequest\" is not defined  [name-defined]",
            "Found 8 errors in 1 file (checked 1 source file)"
        ]
    },
    "test_settlement_0a3fe7.py": {
        "stats": {
            "total_parameters": 55,
            "parameters_with_annotations": 55
        },
        "error_count": 0,
        "isCompiled": true,
        "errors": []
    },
    "test_state_changes_e74ee9.py": {
        "stats": {
            "total_parameters": 189,
            "parameters_with_annotations": 121
        },
        "error_count": 63,
        "isCompiled": false,
        "errors": [
            "test_state_changes_e74ee9.py:412: error: \"InitiatorMixin\" has no attribute \"token_network_registry_address\"  [attr-defined]",
            "test_state_changes_e74ee9.py:415: error: \"InitiatorMixin\" has no attribute \"token_network_address\"  [attr-defined]",
            "test_state_changes_e74ee9.py:440: error: \"InitiatorMixin\" has no attribute \"transfer_order\"  [attr-defined]",
            "test_state_changes_e74ee9.py:446: error: \"InitiatorMixin\" has no attribute \"address_to_privkey\"  [attr-defined]",
            "test_state_changes_e74ee9.py:462: error: \"InitiatorMixin\" has no attribute \"event\"  [attr-defined]",
            "test_state_changes_e74ee9.py:478: error: \"InitiatorMixin\" has no attribute \"event\"  [attr-defined]",
            "test_state_changes_e74ee9.py:486: error: \"InitiatorMixin\" has no attribute \"event\"  [attr-defined]",
            "test_state_changes_e74ee9.py:497: error: \"InitiatorMixin\" has no attribute \"event\"  [attr-defined]",
            "test_state_changes_e74ee9.py:501: error: \"InitiatorMixin\" has no attribute \"event\"  [attr-defined]",
            "test_state_changes_e74ee9.py:505: error: \"InitiatorMixin\" has no attribute \"event\"  [attr-defined]",
            "test_state_changes_e74ee9.py:521: error: \"InitiatorMixin\" has no attribute \"event\"  [attr-defined]",
            "test_state_changes_e74ee9.py:535: error: \"InitiatorMixin\" has no attribute \"event\"  [attr-defined]",
            "test_state_changes_e74ee9.py:546: error: \"InitiatorMixin\" has no attribute \"event\"  [attr-defined]",
            "test_state_changes_e74ee9.py:551: error: \"InitiatorMixin\" has no attribute \"address_to_privkey\"  [attr-defined]",
            "test_state_changes_e74ee9.py:558: error: \"InitiatorMixin\" has no attribute \"event\"  [attr-defined]",
            "test_state_changes_e74ee9.py:572: error: \"InitiatorMixin\" has no attribute \"event\"  [attr-defined]",
            "test_state_changes_e74ee9.py:584: error: \"InitiatorMixin\" has no attribute \"event\"  [attr-defined]",
            "test_state_changes_e74ee9.py:596: error: \"InitiatorMixin\" has no attribute \"event\"  [attr-defined]",
            "test_state_changes_e74ee9.py:609: error: \"InitiatorMixin\" has no attribute \"event\"  [attr-defined]",
            "test_state_changes_e74ee9.py:616: error: \"TargetMixin\" has no attribute \"address_to_client\"  [attr-defined]",
            "test_state_changes_e74ee9.py:617: error: \"TargetMixin\" has no attribute \"replay_path\"  [attr-defined]",
            "test_state_changes_e74ee9.py:618: error: \"TargetMixin\" has no attribute \"transfer_order\"  [attr-defined]",
            "test_state_changes_e74ee9.py:623: error: \"TargetMixin\" has no attribute \"transfer_order\"  [attr-defined]",
            "test_state_changes_e74ee9.py:629: error: \"TargetMixin\" has no attribute \"address_to_client\"  [attr-defined]",
            "test_state_changes_e74ee9.py:630: error: \"dict[str, Any]\" has no attribute \"kwargs\"  [attr-defined]",
            "test_state_changes_e74ee9.py:638: error: \"dict[str, Any]\" has no attribute \"field\"  [attr-defined]",
            "test_state_changes_e74ee9.py:640: error: \"TargetMixin\" has no attribute \"event\"  [attr-defined]",
            "test_state_changes_e74ee9.py:645: error: \"TargetMixin\" has no attribute \"event\"  [attr-defined]",
            "test_state_changes_e74ee9.py:650: error: \"TargetMixin\" has no attribute \"address_to_client\"  [attr-defined]",
            "test_state_changes_e74ee9.py:662: error: \"TargetMixin\" has no attribute \"event\"  [attr-defined]",
            "test_state_changes_e74ee9.py:667: error: \"TargetMixin\" has no attribute \"address_to_client\"  [attr-defined]",
            "test_state_changes_e74ee9.py:675: error: \"TargetMixin\" has no attribute \"event\"  [attr-defined]",
            "test_state_changes_e74ee9.py:680: error: \"TargetMixin\" has no attribute \"event\"  [attr-defined]",
            "test_state_changes_e74ee9.py:686: error: \"TargetMixin\" has no attribute \"address_to_client\"  [attr-defined]",
            "test_state_changes_e74ee9.py:689: error: \"TargetMixin\" has no attribute \"event\"  [attr-defined]",
            "test_state_changes_e74ee9.py:698: error: \"TargetMixin\" has no attribute \"address_to_client\"  [attr-defined]",
            "test_state_changes_e74ee9.py:701: error: \"TargetMixin\" has no attribute \"event\"  [attr-defined]",
            "test_state_changes_e74ee9.py:710: error: \"TargetMixin\" has no attribute \"address_to_client\"  [attr-defined]",
            "test_state_changes_e74ee9.py:713: error: \"TargetMixin\" has no attribute \"event\"  [attr-defined]",
            "test_state_changes_e74ee9.py:722: error: \"TargetMixin\" has no attribute \"address_to_client\"  [attr-defined]",
            "test_state_changes_e74ee9.py:725: error: \"TargetMixin\" has no attribute \"event\"  [attr-defined]",
            "test_state_changes_e74ee9.py:735: error: \"TargetMixin\" has no attribute \"address_to_client\"  [attr-defined]",
            "test_state_changes_e74ee9.py:738: error: \"TargetMixin\" has no attribute \"event\"  [attr-defined]",
            "test_state_changes_e74ee9.py:743: error: \"TargetMixin\" has no attribute \"address_to_client\"  [attr-defined]",
            "test_state_changes_e74ee9.py:744: error: \"TargetMixin\" has no attribute \"transfer_order\"  [attr-defined]",
            "test_state_changes_e74ee9.py:745: error: \"TargetMixin\" has no attribute \"address_to_client\"  [attr-defined]",
            "test_state_changes_e74ee9.py:756: error: \"TargetMixin\" has no attribute \"event\"  [attr-defined]",
            "test_state_changes_e74ee9.py:757: error: \"TargetMixin\" has no attribute \"transfer_order\"  [attr-defined]",
            "test_state_changes_e74ee9.py:762: error: \"TargetMixin\" has no attribute \"address_to_client\"  [attr-defined]",
            "test_state_changes_e74ee9.py:763: error: \"TargetMixin\" has no attribute \"address_to_client\"  [attr-defined]",
            "test_state_changes_e74ee9.py:770: error: \"TargetMixin\" has no attribute \"event\"  [attr-defined]",
            "test_state_changes_e74ee9.py:775: error: \"TargetMixin\" has no attribute \"address_to_client\"  [attr-defined]",
            "test_state_changes_e74ee9.py:776: error: \"TargetMixin\" has no attribute \"address_to_client\"  [attr-defined]",
            "test_state_changes_e74ee9.py:784: error: \"TargetMixin\" has no attribute \"event\"  [attr-defined]",
            "test_state_changes_e74ee9.py:789: error: \"TargetMixin\" has no attribute \"address_to_client\"  [attr-defined]",
            "test_state_changes_e74ee9.py:790: error: \"TargetMixin\" has no attribute \"address_to_client\"  [attr-defined]",
            "test_state_changes_e74ee9.py:798: error: \"TargetMixin\" has no attribute \"event\"  [attr-defined]",
            "test_state_changes_e74ee9.py:946: error: \"MediatorMixin\" has no attribute \"event\"  [attr-defined]",
            "test_state_changes_e74ee9.py:950: error: \"MediatorMixin\" has no attribute \"event\"  [attr-defined]",
            "test_state_changes_e74ee9.py:953: error: \"MediatorMixin\" has no attribute \"event\"  [attr-defined]",
            "test_state_changes_e74ee9.py:1004: error: \"OnChainMixin\" has no attribute \"address_to_client\"  [attr-defined]",
            "test_state_changes_e74ee9.py:1012: error: \"OnChainMixin\" has no attribute \"new_channel_with_transaction\"  [attr-defined]",
            "test_state_changes_e74ee9.py:1021: error: \"OnChainMixin\" has no attribute \"address_to_client\"  [attr-defined]",
            "Found 63 errors in 1 file (checked 1 source file)"
        ]
    },
    "test_stress_590c48.py": {
        "stats": {
            "total_parameters": 46,
            "parameters_with_annotations": 46
        },
        "error_count": 0,
        "isCompiled": true,
        "errors": []
    },
    "test_template_ceacd4.py": {
        "stats": {
            "total_parameters": 14,
            "parameters_with_annotations": 14
        },
        "error_count": 6,
        "isCompiled": false,
        "errors": [
            "test_template_ceacd4.py:43: error: Module has no attribute \"helpers\"  [attr-defined]",
            "test_template_ceacd4.py:43: note: Error code \"attr-defined\" not covered by \"type: ignore\" comment",
            "test_template_ceacd4.py:45: error: Module has no attribute \"helpers\"  [attr-defined]",
            "test_template_ceacd4.py:45: note: Error code \"attr-defined\" not covered by \"type: ignore\" comment",
            "test_template_ceacd4.py:47: error: Module has no attribute \"helpers\"  [attr-defined]",
            "test_template_ceacd4.py:47: note: Error code \"attr-defined\" not covered by \"type: ignore\" comment",
            "test_template_ceacd4.py:56: error: Module has no attribute \"helpers\"  [attr-defined]",
            "test_template_ceacd4.py:56: note: Error code \"attr-defined\" not covered by \"type: ignore\" comment",
            "test_template_ceacd4.py:219: error: Name \"pytest.LogCaptureFixture\" is not defined  [name-defined]",
            "test_template_ceacd4.py:502: error: Name \"pytest.LogCaptureFixture\" is not defined  [name-defined]",
            "Found 6 errors in 1 file (checked 1 source file)"
        ]
    },
    "test_utils_121373.py": {
        "stats": {
            "total_parameters": 43,
            "parameters_with_annotations": 43
        },
        "error_count": 2,
        "isCompiled": false,
        "errors": [
            "test_utils_121373.py:107: error: Item \"None\" of \"list[list[str]] | None\" has no attribute \"__iter__\" (not iterable)  [union-attr]",
            "test_utils_121373.py:108: error: Item \"None\" of \"list[list[list[str]]] | None\" has no attribute \"__iter__\" (not iterable)  [union-attr]",
            "Found 2 errors in 1 file (checked 1 source file)"
        ]
    },
    "test_websocket_parser_3e2e83.py": {
        "stats": {
            "total_parameters": 84,
            "parameters_with_annotations": 82
        },
        "error_count": 0,
        "isCompiled": true,
        "errors": []
    },
    "token_network_3f385b.py": {
        "stats": {
            "total_parameters": 77,
            "parameters_with_annotations": 77
        },
        "error_count": 0,
        "isCompiled": true,
        "errors": []
    },
    "token_network_5df8c5.py": {
        "stats": {
            "total_parameters": 172,
            "parameters_with_annotations": 139
        },
        "error_count": 0,
        "isCompiled": true,
        "errors": []
    },
    "topic_6b7f8d.py": {
        "stats": {
            "total_parameters": 43,
            "parameters_with_annotations": 43
        },
        "error_count": 0,
        "isCompiled": true,
        "errors": []
    },
    "trainer_test_f0df2a.py": {
        "stats": {
            "total_parameters": 110,
            "parameters_with_annotations": 46
        },
        "error_count": 2,
        "isCompiled": false,
        "errors": [
            "trainer_test_f0df2a.py:1282: error: Item \"None\" of \"Tensor | None\" has no attribute \"is_sparse\"  [union-attr]",
            "trainer_test_f0df2a.py:1284: error: Item \"None\" of \"Tensor | None\" has no attribute \"coalesce\"  [union-attr]",
            "Found 2 errors in 1 file (checked 1 source file)"
        ]
    },
    "train_17392c.py": {
        "stats": {
            "total_parameters": 62,
            "parameters_with_annotations": 57
        },
        "error_count": 1,
        "isCompiled": false,
        "errors": [
            "train_17392c.py:223: error: Argument 1 to \"len\" has incompatible type \"Any | None\"; expected \"Sized\"  [arg-type]",
            "Found 1 error in 1 file (checked 1 source file)"
        ]
    },
    "transactions_635878.py": {
        "stats": {
            "total_parameters": 112,
            "parameters_with_annotations": 51
        },
        "error_count": 0,
        "isCompiled": true,
        "errors": []
    },
    "transformation_82baef.py": {
        "stats": {
            "total_parameters": 108,
            "parameters_with_annotations": 108
        },
        "error_count": 0,
        "isCompiled": true,
        "errors": []
    },
    "transport_58bb8a.py": {
        "stats": {
            "total_parameters": 90,
            "parameters_with_annotations": 47
        },
        "error_count": 0,
        "isCompiled": true,
        "errors": []
    },
    "users_e2ac2d.py": {
        "stats": {
            "total_parameters": 78,
            "parameters_with_annotations": 78
        },
        "error_count": 0,
        "isCompiled": true,
        "errors": []
    },
    "users_e38fbd.py": {
        "stats": {
            "total_parameters": 46,
            "parameters_with_annotations": 46
        },
        "error_count": 0,
        "isCompiled": true,
        "errors": []
    },
    "user_deposit_72a164.py": {
        "stats": {
            "total_parameters": 78,
            "parameters_with_annotations": 54
        },
        "error_count": 0,
        "isCompiled": true,
        "errors": []
    },
    "user_groups_977a0b.py": {
        "stats": {
            "total_parameters": 38,
            "parameters_with_annotations": 38
        },
        "error_count": 0,
        "isCompiled": true,
        "errors": []
    },
    "user_groups_e1e474.py": {
        "stats": {
            "total_parameters": 67,
            "parameters_with_annotations": 67
        },
        "error_count": 0,
        "isCompiled": true,
        "errors": []
    },
    "utils_1a8fd5.py": {
        "stats": {
            "total_parameters": 75,
            "parameters_with_annotations": 74
        },
        "error_count": 2,
        "isCompiled": false,
        "errors": [
            "utils_1a8fd5.py:168: error: Incompatible types in assignment (expression has type \"Any | None\", variable has type \"str\")  [assignment]",
            "utils_1a8fd5.py:172: error: Incompatible types in assignment (expression has type \"Any | None\", variable has type \"str\")  [assignment]",
            "Found 2 errors in 1 file (checked 1 source file)"
        ]
    },
    "utils_8f085b.py": {
        "stats": {
            "total_parameters": 45,
            "parameters_with_annotations": 45
        },
        "error_count": 0,
        "isCompiled": true,
        "errors": []
    },
    "utils_9c5ea6.py": {
        "stats": {
            "total_parameters": 40,
            "parameters_with_annotations": 40
        },
        "error_count": 0,
        "isCompiled": true,
        "errors": []
    },
    "util_04035d.py": {
        "stats": {
            "total_parameters": 135,
            "parameters_with_annotations": 133
        },
        "error_count": 33,
        "isCompiled": false,
        "errors": [
            "util_04035d.py:33: error: Incompatible types in assignment (expression has type \"Tensor\", variable has type \"BoolTensor\")  [assignment]",
            "util_04035d.py:159: error: Invalid index type \"int | float\" for \"Tensor\"; expected type \"SupportsIndex | bool | int | slice | ellipsis | Tensor | _NestedSequence[bool | int | slice | ellipsis | Tensor | None] | tuple[SupportsIndex | bool | int | slice | ellipsis | Tensor | _NestedSequence[bool | int | slice | ellipsis | Tensor | None] | None, ...] | None\"  [index]",
            "util_04035d.py:165: error: Argument 1 to \"append\" of \"list\" has incompatible type \"list[int | float]\"; expected \"list[int]\"  [arg-type]",
            "util_04035d.py:180: error: Argument 1 to \"append\" of \"list\" has incompatible type \"Tensor\"; expected \"BoolTensor\"  [arg-type]",
            "util_04035d.py:194: error: Incompatible return value type (got \"Tensor\", expected \"BoolTensor\")  [return-value]",
            "util_04035d.py:197: error: Incompatible return value type (got \"Tensor\", expected \"BoolTensor\")  [return-value]",
            "util_04035d.py:242: error: Incompatible types in assignment (expression has type \"Tensor\", variable has type \"FloatTensor | BoolTensor\")  [assignment]",
            "util_04035d.py:271: error: Incompatible types in assignment (expression has type \"Tensor\", variable has type \"FloatTensor | BoolTensor\")  [assignment]",
            "util_04035d.py:289: error: Incompatible return value type (got \"Tensor\", expected \"FloatTensor\")  [return-value]",
            "util_04035d.py:291: error: Incompatible return value type (got \"Tensor\", expected \"FloatTensor\")  [return-value]",
            "util_04035d.py:298: error: Incompatible return value type (got \"Tensor\", expected \"FloatTensor\")  [return-value]",
            "util_04035d.py:326: error: Incompatible return value type (got \"Tensor\", expected \"bool\")  [return-value]",
            "util_04035d.py:327: error: Incompatible return value type (got \"Tensor\", expected \"bool\")  [return-value]",
            "util_04035d.py:336: error: Name \"torch.Storage\" is not defined  [name-defined]",
            "util_04035d.py:337: error: Name \"torch.Storage\" is not defined  [name-defined]",
            "util_04035d.py:441: error: Argument 3 to \"_get_combination_and_multiply\" has incompatible type \"Tensor\"; expected \"Parameter\"  [arg-type]",
            "util_04035d.py:555: error: Incompatible types in assignment (expression has type \"Tensor\", variable has type \"LongTensor | None\")  [assignment]",
            "util_04035d.py:557: error: Argument 2 to \"index_select\" of \"TensorBase\" has incompatible type \"LongTensor | None\"; expected \"Tensor\"  [arg-type]",
            "util_04035d.py:566: error: Incompatible types in assignment (expression has type \"Tensor\", variable has type \"BoolTensor\")  [assignment]",
            "util_04035d.py:569: error: Incompatible types in assignment (expression has type \"Tensor\", variable has type \"BoolTensor\")  [assignment]",
            "util_04035d.py:584: error: Incompatible types in assignment (expression has type \"Tensor\", variable has type \"BoolTensor\")  [assignment]",
            "util_04035d.py:588: error: Incompatible types in assignment (expression has type \"Tensor\", variable has type \"BoolTensor\")  [assignment]",
            "util_04035d.py:619: error: Module has no attribute \"LongTensor\"  [attr-defined]",
            "util_04035d.py:658: error: Incompatible return value type (got \"tuple[Tensor, Tensor]\", expected \"tuple[Tensor, BoolTensor]\")  [return-value]",
            "util_04035d.py:802: error: Incompatible types in assignment (expression has type \"int\", variable has type \"Tensor | Module\")  [assignment]",
            "util_04035d.py:825: error: Incompatible types in assignment (expression has type \"Tensor\", variable has type \"int | LongTensor\")  [assignment]",
            "util_04035d.py:830: error: Incompatible types in assignment (expression has type \"Tensor\", variable has type \"FloatTensor\")  [assignment]",
            "util_04035d.py:831: error: Incompatible types in assignment (expression has type \"Tensor\", variable has type \"BoolTensor\")  [assignment]",
            "util_04035d.py:832: error: Item \"int\" of \"int | LongTensor\" has no attribute \"reshape\"  [union-attr]",
            "util_04035d.py:832: error: Incompatible types in assignment (expression has type \"Any | Tensor\", variable has type \"int | LongTensor\")  [assignment]",
            "util_04035d.py:833: error: Incompatible types in assignment (expression has type \"Tensor\", variable has type \"FloatTensor\")  [assignment]",
            "util_04035d.py:835: error: Name \"get_mask_from_sequence_lengths\" is not defined  [name-defined]",
            "util_04035d.py:842: error: Incompatible return value type (got \"tuple[Tensor, Any, Tensor]\", expected \"tuple[FloatTensor, BoolTensor, LongTensor]\")  [return-value]",
            "Found 33 errors in 1 file (checked 1 source file)"
        ]
    },
    "util_a0ec0a.py": {
        "stats": {
            "total_parameters": 40,
            "parameters_with_annotations": 40
        },
        "error_count": 2,
        "isCompiled": false,
        "errors": [
            "util_a0ec0a.py:524: error: Incompatible types in assignment (expression has type \"Tensor\", variable has type \"ByteTensor\")  [assignment]",
            "util_a0ec0a.py:526: error: Result type of & incompatible in assignment  [misc]",
            "Found 2 errors in 1 file (checked 1 source file)"
        ]
    },
    "util_e9973a.py": {
        "stats": {
            "total_parameters": 48,
            "parameters_with_annotations": 48
        },
        "error_count": 0,
        "isCompiled": true,
        "errors": []
    },
    "validator_71103e.py": {
        "stats": {
            "total_parameters": 41,
            "parameters_with_annotations": 41
        },
        "error_count": 0,
        "isCompiled": true,
        "errors": []
    },
    "vocabulary_89f8f0.py": {
        "stats": {
            "total_parameters": 124,
            "parameters_with_annotations": 91
        },
        "error_count": 0,
        "isCompiled": true,
        "errors": []
    },
    "waiting_fc6a47.py": {
        "stats": {
            "total_parameters": 114,
            "parameters_with_annotations": 101
        },
        "error_count": 2,
        "isCompiled": false,
        "errors": [
            "waiting_fc6a47.py:460: error: Unsupported target for indexed assignment (\"Mapping[Any, ChannelStateCondition]\")  [index]",
            "waiting_fc6a47.py:605: error: Argument 2 to \"isinstance\" has incompatible type \"Sequence[Any]\"; expected \"_ClassInfo\"  [arg-type]",
            "Found 2 errors in 1 file (checked 1 source file)"
        ]
    },
    "web_rtc_831f2f.py": {
        "stats": {
            "total_parameters": 97,
            "parameters_with_annotations": 52
        },
        "error_count": 0,
        "isCompiled": true,
        "errors": []
    },
    "wrappers_34ca66.py": {
        "stats": {
            "total_parameters": 137,
            "parameters_with_annotations": 66
        },
        "error_count": 0,
        "isCompiled": true,
        "errors": []
    },
    "xml_da8497.py": {
        "stats": {
            "total_parameters": 58,
            "parameters_with_annotations": 42
        },
        "error_count": 1,
        "isCompiled": false,
        "errors": [
            "xml_da8497.py:679: error: Incompatible types in assignment (expression has type \"_EtreeFrameParser\", variable has type \"_LxmlFrameParser\")  [assignment]",
            "Found 1 error in 1 file (checked 1 source file)"
        ]
    },
    "_arrow_string_mixins_7654a8.py": {
        "stats": {
            "total_parameters": 82,
            "parameters_with_annotations": 46
        },
        "error_count": 0,
        "isCompiled": true,
        "errors": []
    },
    "_client_5a9e7d.py": {
        "stats": {
            "total_parameters": 0,
            "parameters_with_annotations": 0
        },
        "error_count": 1,
        "isCompiled": false,
        "errors": [
            "_client_5a9e7d.py:1: error: unexpected indent  [syntax]",
            "Found 1 error in 1 file (errors prevented further checking)"
        ]
    },
    "_compat_bfcdb3.py": {
        "stats": {
            "total_parameters": 56,
            "parameters_with_annotations": 47
        },
        "error_count": 2,
        "isCompiled": false,
        "errors": [
            "_compat_bfcdb3.py:36: error: Dict entry 3 has incompatible type \"<typing special form>\": \"type[tuple[Any, ...]]\"; expected \"type[Any]\": \"type[Any]\"  [dict-item]",
            "_compat_bfcdb3.py:406: error: \"ModelField\" has no attribute \"shape\"  [attr-defined]",
            "Found 2 errors in 1 file (checked 1 source file)"
        ]
    },
    "_misc_3826f1.py": {
        "stats": {
            "total_parameters": 59,
            "parameters_with_annotations": 51
        },
        "error_count": 0,
        "isCompiled": true,
        "errors": []
    },
    "_models_dd672f.py": {
        "stats": {
            "total_parameters": 142,
            "parameters_with_annotations": 60
        },
        "error_count": 3,
        "isCompiled": false,
        "errors": [
            "_models_dd672f.py:267: error: Signature of \"update\" incompatible with supertype \"MutableMapping\"  [override]",
            "_models_dd672f.py:267: note:      Superclass:",
            "_models_dd672f.py:267: note:          @overload",
            "_models_dd672f.py:267: note:          def update(self, SupportsKeysAndGetItem[str, str], /, **kwargs: str) -> None",
            "_models_dd672f.py:267: note:          @overload",
            "_models_dd672f.py:267: note:          def update(self, Iterable[tuple[str, str]], /, **kwargs: str) -> None",
            "_models_dd672f.py:267: note:          @overload",
            "_models_dd672f.py:267: note:          def update(self, **kwargs: str) -> None",
            "_models_dd672f.py:267: note:      Subclass:",
            "_models_dd672f.py:267: note:          def update(self, headers: Any | None = ...) -> None",
            "_models_dd672f.py:962: error: Signature of \"get\" incompatible with supertype \"Mapping\"  [override]",
            "_models_dd672f.py:962: note:      Superclass:",
            "_models_dd672f.py:962: note:          @overload",
            "_models_dd672f.py:962: note:          def get(self, str, /) -> str | None",
            "_models_dd672f.py:962: note:          @overload",
            "_models_dd672f.py:962: note:          def [_T] get(self, str, /, default: str | _T) -> str | _T",
            "_models_dd672f.py:962: note:      Subclass:",
            "_models_dd672f.py:962: note:          def get(self, name: str, default: str | None = ..., domain: str | None = ..., path: str | None = ...) -> str | None",
            "_models_dd672f.py:1009: error: Signature of \"update\" incompatible with supertype \"MutableMapping\"  [override]",
            "_models_dd672f.py:1009: note:      Superclass:",
            "_models_dd672f.py:1009: note:          @overload",
            "_models_dd672f.py:1009: note:          def update(self, SupportsKeysAndGetItem[str, str], /, **kwargs: str) -> None",
            "_models_dd672f.py:1009: note:          @overload",
            "_models_dd672f.py:1009: note:          def update(self, Iterable[tuple[str, str]], /, **kwargs: str) -> None",
            "_models_dd672f.py:1009: note:          @overload",
            "_models_dd672f.py:1009: note:          def update(self, **kwargs: str) -> None",
            "_models_dd672f.py:1009: note:      Subclass:",
            "_models_dd672f.py:1009: note:          def update(self, cookies: Any | None = ...) -> None",
            "Found 3 errors in 1 file (checked 1 source file)"
        ]
    },
    "_parser_ad554d.py": {
        "stats": {
            "total_parameters": 78,
            "parameters_with_annotations": 70
        },
        "error_count": 0,
        "isCompiled": true,
        "errors": []
    },
    "__init___4ea406.py": {
        "stats": {
            "total_parameters": 0,
            "parameters_with_annotations": 0
        },
        "error_count": 1,
        "isCompiled": false,
        "errors": [
            "__init___4ea406.py:475: error: invalid syntax; you likely need to run mypy using Python 3.10 or newer  [syntax]",
            "Found 1 error in 1 file (errors prevented further checking)"
        ]
    },
    "__init___7dd003.py": {
        "stats": {
            "total_parameters": 64,
            "parameters_with_annotations": 64
        },
        "error_count": 0,
        "isCompiled": true,
        "errors": []
    },
    "__init___ee7b0d.py": {
        "stats": {
            "total_parameters": 36,
            "parameters_with_annotations": 36
        },
        "error_count": 0,
        "isCompiled": true,
        "errors": []
    }
}