{
    "accessories_b90bda.py": {
        "stats": {
            "total_parameters": 57,
            "parameters_with_annotations": 37
        },
        "error_count": 0,
        "isCompiled": true,
        "errors": []
    },
    "accessor_9a03f0.py": {
        "stats": {
            "total_parameters": 178,
            "parameters_with_annotations": 76
        },
        "error_count": 0,
        "isCompiled": true,
        "errors": []
    },
    "aiokafka_d62f1d.py": {
        "stats": {
            "total_parameters": 93,
            "parameters_with_annotations": 47
        },
        "error_count": 19,
        "isCompiled": false,
        "errors": [
            "aiokafka_d62f1d.py:216: error: Incompatible default for argument \"config\" (default has type \"None\", argument has type \"Mapping[str, Any]\")  [assignment]",
            "aiokafka_d62f1d.py:216: note: PEP 484 prohibits implicit Optional. Accordingly, mypy has changed its default to no_implicit_optional=True",
            "aiokafka_d62f1d.py:216: note: Use https://github.com/hauntsaninja/no_implicit_optional to automatically upgrade your codebase",
            "aiokafka_d62f1d.py:835: error: Incompatible default for argument \"config\" (default has type \"None\", argument has type \"Mapping[str, Any]\")  [assignment]",
            "aiokafka_d62f1d.py:835: note: PEP 484 prohibits implicit Optional. Accordingly, mypy has changed its default to no_implicit_optional=True",
            "aiokafka_d62f1d.py:835: note: Use https://github.com/hauntsaninja/no_implicit_optional to automatically upgrade your codebase",
            "aiokafka_d62f1d.py:895: error: Cannot determine type of \"partitioner\"  [has-type]",
            "aiokafka_d62f1d.py:986: error: Incompatible default for argument \"config\" (default has type \"None\", argument has type \"Mapping[str, Any]\")  [assignment]",
            "aiokafka_d62f1d.py:986: note: PEP 484 prohibits implicit Optional. Accordingly, mypy has changed its default to no_implicit_optional=True",
            "aiokafka_d62f1d.py:986: note: Use https://github.com/hauntsaninja/no_implicit_optional to automatically upgrade your codebase",
            "aiokafka_d62f1d.py:1037: error: Incompatible default for argument \"transactional_id\" (default has type \"None\", argument has type \"str\")  [assignment]",
            "aiokafka_d62f1d.py:1037: note: PEP 484 prohibits implicit Optional. Accordingly, mypy has changed its default to no_implicit_optional=True",
            "aiokafka_d62f1d.py:1037: note: Use https://github.com/hauntsaninja/no_implicit_optional to automatically upgrade your codebase",
            "aiokafka_d62f1d.py:1070: error: Incompatible default for argument \"transactional_id\" (default has type \"None\", argument has type \"str\")  [assignment]",
            "aiokafka_d62f1d.py:1070: note: PEP 484 prohibits implicit Optional. Accordingly, mypy has changed its default to no_implicit_optional=True",
            "aiokafka_d62f1d.py:1070: note: Use https://github.com/hauntsaninja/no_implicit_optional to automatically upgrade your codebase",
            "aiokafka_d62f1d.py:1199: error: Incompatible default for argument \"config\" (default has type \"None\", argument has type \"Mapping[str, Any]\")  [assignment]",
            "aiokafka_d62f1d.py:1199: note: PEP 484 prohibits implicit Optional. Accordingly, mypy has changed its default to no_implicit_optional=True",
            "aiokafka_d62f1d.py:1199: note: Use https://github.com/hauntsaninja/no_implicit_optional to automatically upgrade your codebase",
            "Found 7 errors in 1 file (checked 1 source file)"
        ]
    },
    "algorithms_faa87b.py": {
        "stats": {
            "total_parameters": 70,
            "parameters_with_annotations": 70
        },
        "error_count": 2,
        "isCompiled": false,
        "errors": [
            "algorithms_faa87b.py:1343: error: \"int\" has no attribute \"is_integer\"  [attr-defined]",
            "algorithms_faa87b.py:1686: error: Argument 1 to \"len\" has incompatible type \"Callable[[Any], Any] | dict[Any, Any] | Any\"; expected \"Sized\"  [arg-type]",
            "Found 2 errors in 1 file (checked 1 source file)"
        ]
    },
    "api_cbdcbd.py": {
        "stats": {
            "total_parameters": 49,
            "parameters_with_annotations": 49
        },
        "error_count": 1,
        "isCompiled": false,
        "errors": [
            "api_cbdcbd.py:150: error: Module has no attribute \"timeout\"  [attr-defined]",
            "Found 1 error in 1 file (checked 1 source file)"
        ]
    },
    "api_tests_78614f.py": {
        "stats": {
            "total_parameters": 94,
            "parameters_with_annotations": 94
        },
        "error_count": 0,
        "isCompiled": true,
        "errors": []
    },
    "api_test_5baf5c.py": {
        "stats": {
            "total_parameters": 172,
            "parameters_with_annotations": 172
        },
        "error_count": 0,
        "isCompiled": true,
        "errors": []
    },
    "appgraph_e5732d.py": {
        "stats": {
            "total_parameters": 126,
            "parameters_with_annotations": 91
        },
        "error_count": 0,
        "isCompiled": true,
        "errors": []
    },
    "applications_c5af27.py": {
        "stats": {
            "total_parameters": 54,
            "parameters_with_annotations": 40
        },
        "error_count": 1,
        "isCompiled": false,
        "errors": [
            "applications_c5af27.py:266: error: Argument \"dispatch\" to \"add_middleware\" of \"Starlette\" has incompatible type \"Callable[[Any, Callable[..., Any]], Awaitable[Any]]\"; expected <nothing>  [arg-type]",
            "Found 1 error in 1 file (checked 1 source file)"
        ]
    },
    "app_c89ec6.py": {
        "stats": {
            "total_parameters": 103,
            "parameters_with_annotations": 40
        },
        "error_count": 3,
        "isCompiled": false,
        "errors": [
            "app_c89ec6.py:96: error: Incompatible default for argument \"sample_rate\" (default has type \"None\", argument has type \"float\")  [assignment]",
            "app_c89ec6.py:96: note: PEP 484 prohibits implicit Optional. Accordingly, mypy has changed its default to no_implicit_optional=True",
            "app_c89ec6.py:96: note: Use https://github.com/hauntsaninja/no_implicit_optional to automatically upgrade your codebase",
            "Found 1 error in 1 file (checked 1 source file)"
        ]
    },
    "app_e5f00c.py": {
        "stats": {
            "total_parameters": 44,
            "parameters_with_annotations": 44
        },
        "error_count": 0,
        "isCompiled": true,
        "errors": []
    },
    "asserters_700def.py": {
        "stats": {
            "total_parameters": 129,
            "parameters_with_annotations": 129
        },
        "error_count": 1,
        "isCompiled": false,
        "errors": [
            "asserters_700def.py:1047: error: Argument \"check_dtype\" to \"assert_numpy_array_equal\" has incompatible type \"bool | Literal['equiv']\"; expected \"bool\"  [arg-type]",
            "Found 1 error in 1 file (checked 1 source file)"
        ]
    },
    "attention_module_7f6559.py": {
        "stats": {
            "total_parameters": 94,
            "parameters_with_annotations": 78
        },
        "error_count": 2,
        "isCompiled": false,
        "errors": [
            "attention_module_7f6559.py:247: error: Incompatible return value type (got \"tuple[Any, Tensor | None]\", expected \"tuple[Tensor, Tensor]\")  [return-value]",
            "attention_module_7f6559.py:360: error: Incompatible types in assignment (expression has type \"None\", variable has type \"Tensor\")  [assignment]",
            "Found 2 errors in 1 file (checked 1 source file)"
        ]
    },
    "auth_d8f17e.py": {
        "stats": {
            "total_parameters": 55,
            "parameters_with_annotations": 39
        },
        "error_count": 0,
        "isCompiled": true,
        "errors": []
    },
    "awsclient_860c67.py": {
        "stats": {
            "total_parameters": 417,
            "parameters_with_annotations": 293
        },
        "error_count": 0,
        "isCompiled": true,
        "errors": []
    },
    "base_6106b5.py": {
        "stats": {
            "total_parameters": 160,
            "parameters_with_annotations": 57
        },
        "error_count": 47,
        "isCompiled": false,
        "errors": [
            "base_6106b5.py:523: error: Cannot determine type of \"on_before_configured\"  [has-type]",
            "base_6106b5.py:524: error: Cannot determine type of \"on_configured\"  [has-type]",
            "base_6106b5.py:526: error: Cannot determine type of \"on_after_configured\"  [has-type]",
            "base_6106b5.py:528: error: Cannot determine type of \"on_partitions_assigned\"  [has-type]",
            "base_6106b5.py:530: error: Cannot determine type of \"on_partitions_revoked\"  [has-type]",
            "base_6106b5.py:531: error: Cannot determine type of \"on_worker_init\"  [has-type]",
            "base_6106b5.py:533: error: Cannot determine type of \"on_rebalance_complete\"  [has-type]",
            "base_6106b5.py:535: error: Cannot determine type of \"on_before_shutdown\"  [has-type]",
            "base_6106b5.py:537: error: Cannot determine type of \"on_produce_message\"  [has-type]",
            "base_6106b5.py:660: error: Cannot determine type of \"finalized\"  [has-type]",
            "base_6106b5.py:660: error: Cannot determine type of \"configured\"  [has-type]",
            "base_6106b5.py:662: error: Cannot determine type of \"configured\"  [has-type]",
            "base_6106b5.py:675: error: Cannot determine type of \"finalized\"  [has-type]",
            "base_6106b5.py:757: error: Incompatible default for argument \"pattern\" (default has type \"None\", argument has type \"str | Pattern[Any]\")  [assignment]",
            "base_6106b5.py:757: note: PEP 484 prohibits implicit Optional. Accordingly, mypy has changed its default to no_implicit_optional=True",
            "base_6106b5.py:757: note: Use https://github.com/hauntsaninja/no_implicit_optional to automatically upgrade your codebase",
            "base_6106b5.py:763: error: Incompatible default for argument \"partitions\" (default has type \"None\", argument has type \"int\")  [assignment]",
            "base_6106b5.py:763: note: PEP 484 prohibits implicit Optional. Accordingly, mypy has changed its default to no_implicit_optional=True",
            "base_6106b5.py:763: note: Use https://github.com/hauntsaninja/no_implicit_optional to automatically upgrade your codebase",
            "base_6106b5.py:765: error: Incompatible default for argument \"compacting\" (default has type \"None\", argument has type \"bool\")  [assignment]",
            "base_6106b5.py:765: note: PEP 484 prohibits implicit Optional. Accordingly, mypy has changed its default to no_implicit_optional=True",
            "base_6106b5.py:765: note: Use https://github.com/hauntsaninja/no_implicit_optional to automatically upgrade your codebase",
            "base_6106b5.py:766: error: Incompatible default for argument \"deleting\" (default has type \"None\", argument has type \"bool\")  [assignment]",
            "base_6106b5.py:766: note: PEP 484 prohibits implicit Optional. Accordingly, mypy has changed its default to no_implicit_optional=True",
            "base_6106b5.py:766: note: Use https://github.com/hauntsaninja/no_implicit_optional to automatically upgrade your codebase",
            "base_6106b5.py:767: error: Incompatible default for argument \"replicas\" (default has type \"None\", argument has type \"int\")  [assignment]",
            "base_6106b5.py:767: note: PEP 484 prohibits implicit Optional. Accordingly, mypy has changed its default to no_implicit_optional=True",
            "base_6106b5.py:767: note: Use https://github.com/hauntsaninja/no_implicit_optional to automatically upgrade your codebase",
            "base_6106b5.py:770: error: Incompatible default for argument \"config\" (default has type \"None\", argument has type \"Mapping[str, Any]\")  [assignment]",
            "base_6106b5.py:770: note: PEP 484 prohibits implicit Optional. Accordingly, mypy has changed its default to no_implicit_optional=True",
            "base_6106b5.py:770: note: Use https://github.com/hauntsaninja/no_implicit_optional to automatically upgrade your codebase",
            "base_6106b5.py:771: error: Incompatible default for argument \"maxsize\" (default has type \"None\", argument has type \"int\")  [assignment]",
            "base_6106b5.py:771: note: PEP 484 prohibits implicit Optional. Accordingly, mypy has changed its default to no_implicit_optional=True",
            "base_6106b5.py:771: note: Use https://github.com/hauntsaninja/no_implicit_optional to automatically upgrade your codebase",
            "base_6106b5.py:811: error: Incompatible default for argument \"maxsize\" (default has type \"None\", argument has type \"int\")  [assignment]",
            "base_6106b5.py:811: note: PEP 484 prohibits implicit Optional. Accordingly, mypy has changed its default to no_implicit_optional=True",
            "base_6106b5.py:811: note: Use https://github.com/hauntsaninja/no_implicit_optional to automatically upgrade your codebase",
            "base_6106b5.py:1351: error: Function \"fun\" could always be true in boolean context  [truthy-function]",
            "base_6106b5.py:1381: error: Incompatible default for argument \"partition\" (default has type \"None\", argument has type \"int\")  [assignment]",
            "base_6106b5.py:1381: note: PEP 484 prohibits implicit Optional. Accordingly, mypy has changed its default to no_implicit_optional=True",
            "base_6106b5.py:1381: note: Use https://github.com/hauntsaninja/no_implicit_optional to automatically upgrade your codebase",
            "base_6106b5.py:1382: error: Incompatible default for argument \"timestamp\" (default has type \"None\", argument has type \"float\")  [assignment]",
            "base_6106b5.py:1382: note: PEP 484 prohibits implicit Optional. Accordingly, mypy has changed its default to no_implicit_optional=True",
            "base_6106b5.py:1382: note: Use https://github.com/hauntsaninja/no_implicit_optional to automatically upgrade your codebase",
            "base_6106b5.py:1700: error: Incompatible default for argument \"maxsize\" (default has type \"None\", argument has type \"int\")  [assignment]",
            "base_6106b5.py:1700: note: PEP 484 prohibits implicit Optional. Accordingly, mypy has changed its default to no_implicit_optional=True",
            "base_6106b5.py:1700: note: Use https://github.com/hauntsaninja/no_implicit_optional to automatically upgrade your codebase",
            "Found 25 errors in 1 file (checked 1 source file)"
        ]
    },
    "base_6a0ea7.py": {
        "stats": {
            "total_parameters": 70,
            "parameters_with_annotations": 47
        },
        "error_count": 0,
        "isCompiled": true,
        "errors": []
    },
    "base_949c11.py": {
        "stats": {
            "total_parameters": 159,
            "parameters_with_annotations": 111
        },
        "error_count": 6,
        "isCompiled": false,
        "errors": [
            "base_949c11.py:34: error: Incompatible default for argument \"state\" (default has type \"None\", argument has type \"dict[Any, Any]\")  [assignment]",
            "base_949c11.py:34: note: PEP 484 prohibits implicit Optional. Accordingly, mypy has changed its default to no_implicit_optional=True",
            "base_949c11.py:34: note: Use https://github.com/hauntsaninja/no_implicit_optional to automatically upgrade your codebase",
            "base_949c11.py:184: error: Incompatible default for argument \"state\" (default has type \"None\", argument has type \"dict[Any, Any]\")  [assignment]",
            "base_949c11.py:184: note: PEP 484 prohibits implicit Optional. Accordingly, mypy has changed its default to no_implicit_optional=True",
            "base_949c11.py:184: note: Use https://github.com/hauntsaninja/no_implicit_optional to automatically upgrade your codebase",
            "Found 2 errors in 1 file (checked 1 source file)"
        ]
    },
    "base_9c14fc.py": {
        "stats": {
            "total_parameters": 114,
            "parameters_with_annotations": 58
        },
        "error_count": 2,
        "isCompiled": false,
        "errors": [
            "base_9c14fc.py:365: error: Incompatible types in assignment (expression has type \"MutableSet[tuple[Any, Any]] | None\", variable has type \"set[Any] | None\")  [assignment]",
            "base_9c14fc.py:399: error: Incompatible types in assignment (expression has type \"MutableSet[tuple[Any, Any]] | None\", variable has type \"set[Any] | None\")  [assignment]",
            "Found 2 errors in 1 file (checked 1 source file)"
        ]
    },
    "base_b5c467.py": {
        "stats": {
            "total_parameters": 87,
            "parameters_with_annotations": 56
        },
        "error_count": 0,
        "isCompiled": true,
        "errors": []
    },
    "base_bb93b4.py": {
        "stats": {
            "total_parameters": 128,
            "parameters_with_annotations": 77
        },
        "error_count": 0,
        "isCompiled": true,
        "errors": []
    },
    "base_tests_a1e90e.py": {
        "stats": {
            "total_parameters": 119,
            "parameters_with_annotations": 94
        },
        "error_count": 1,
        "isCompiled": false,
        "errors": [
            "base_tests_a1e90e.py:427: error: Argument \"json_\" to \"get_json_resp\" of \"SupersetTestCase\" has incompatible type \"dict[str, Any]\"; expected \"str | None\"  [arg-type]",
            "Found 1 error in 1 file (checked 1 source file)"
        ]
    },
    "beam_search_b3623d.py": {
        "stats": {
            "total_parameters": 131,
            "parameters_with_annotations": 97
        },
        "error_count": 1,
        "isCompiled": false,
        "errors": [
            "beam_search_b3623d.py:597: error: Incompatible types in assignment (expression has type \"int | float\", variable has type \"int\")  [assignment]",
            "Found 1 error in 1 file (checked 1 source file)"
        ]
    },
    "blocks_3a122c.py": {
        "stats": {
            "total_parameters": 212,
            "parameters_with_annotations": 126
        },
        "error_count": 73,
        "isCompiled": false,
        "errors": [
            "blocks_3a122c.py:151: error: Name \"final\" is not defined  [name-defined]",
            "blocks_3a122c.py:163: error: Name \"final\" is not defined  [name-defined]",
            "blocks_3a122c.py:168: error: Name \"final\" is not defined  [name-defined]",
            "blocks_3a122c.py:173: error: Name \"final\" is not defined  [name-defined]",
            "blocks_3a122c.py:179: error: Name \"final\" is not defined  [name-defined]",
            "blocks_3a122c.py:184: error: Name \"final\" is not defined  [name-defined]",
            "blocks_3a122c.py:195: error: Decorators on top of @property are not supported  [misc]",
            "blocks_3a122c.py:195: error: Name \"final\" is not defined  [name-defined]",
            "blocks_3a122c.py:203: error: Name \"final\" is not defined  [name-defined]",
            "blocks_3a122c.py:207: error: Name \"final\" is not defined  [name-defined]",
            "blocks_3a122c.py:213: error: Name \"final\" is not defined  [name-defined]",
            "blocks_3a122c.py:226: error: Trying to assign name \"_mgr_locs\" that is not in \"__slots__\" of type \"blocks_3a122c.Block\"  [misc]",
            "blocks_3a122c.py:228: error: Name \"final\" is not defined  [name-defined]",
            "blocks_3a122c.py:246: error: Name \"final\" is not defined  [name-defined]",
            "blocks_3a122c.py:258: error: Name \"final\" is not defined  [name-defined]",
            "blocks_3a122c.py:268: error: Name \"final\" is not defined  [name-defined]",
            "blocks_3a122c.py:272: error: Name \"final\" is not defined  [name-defined]",
            "blocks_3a122c.py:282: error: Name \"final\" is not defined  [name-defined]",
            "blocks_3a122c.py:291: error: Name \"final\" is not defined  [name-defined]",
            "blocks_3a122c.py:302: error: Name \"final\" is not defined  [name-defined]",
            "blocks_3a122c.py:308: error: Name \"final\" is not defined  [name-defined]",
            "blocks_3a122c.py:315: error: Name \"final\" is not defined  [name-defined]",
            "blocks_3a122c.py:325: error: Name \"final\" is not defined  [name-defined]",
            "blocks_3a122c.py:336: error: Name \"final\" is not defined  [name-defined]",
            "blocks_3a122c.py:352: error: Name \"final\" is not defined  [name-defined]",
            "blocks_3a122c.py:361: error: Name \"final\" is not defined  [name-defined]",
            "blocks_3a122c.py:370: error: Name \"final\" is not defined  [name-defined]",
            "blocks_3a122c.py:413: error: Name \"final\" is not defined  [name-defined]",
            "blocks_3a122c.py:482: error: Name \"final\" is not defined  [name-defined]",
            "blocks_3a122c.py:487: error: Name \"final\" is not defined  [name-defined]",
            "blocks_3a122c.py:513: error: Name \"final\" is not defined  [name-defined]",
            "blocks_3a122c.py:527: error: Name \"final\" is not defined  [name-defined]",
            "blocks_3a122c.py:544: error: Name \"final\" is not defined  [name-defined]",
            "blocks_3a122c.py:555: error: Name \"final\" is not defined  [name-defined]",
            "blocks_3a122c.py:599: error: Name \"final\" is not defined  [name-defined]",
            "blocks_3a122c.py:621: error: Name \"final\" is not defined  [name-defined]",
            "blocks_3a122c.py:642: error: Name \"cast\" is not defined  [name-defined]",
            "blocks_3a122c.py:642: note: Did you forget to import it from \"typing\"? (Suggestion: \"from typing import cast\")",
            "blocks_3a122c.py:682: error: Name \"final\" is not defined  [name-defined]",
            "blocks_3a122c.py:740: error: Name \"final\" is not defined  [name-defined]",
            "blocks_3a122c.py:786: error: Name \"cast\" is not defined  [name-defined]",
            "blocks_3a122c.py:786: note: Did you forget to import it from \"typing\"? (Suggestion: \"from typing import cast\")",
            "blocks_3a122c.py:803: error: Name \"cast\" is not defined  [name-defined]",
            "blocks_3a122c.py:803: note: Did you forget to import it from \"typing\"? (Suggestion: \"from typing import cast\")",
            "blocks_3a122c.py:818: error: Name \"cast\" is not defined  [name-defined]",
            "blocks_3a122c.py:818: note: Did you forget to import it from \"typing\"? (Suggestion: \"from typing import cast\")",
            "blocks_3a122c.py:830: error: Name \"cast\" is not defined  [name-defined]",
            "blocks_3a122c.py:830: note: Did you forget to import it from \"typing\"? (Suggestion: \"from typing import cast\")",
            "blocks_3a122c.py:862: error: Name \"cast\" is not defined  [name-defined]",
            "blocks_3a122c.py:862: note: Did you forget to import it from \"typing\"? (Suggestion: \"from typing import cast\")",
            "blocks_3a122c.py:864: error: Name \"cast\" is not defined  [name-defined]",
            "blocks_3a122c.py:864: note: Did you forget to import it from \"typing\"? (Suggestion: \"from typing import cast\")",
            "blocks_3a122c.py:946: error: Name \"cast\" is not defined  [name-defined]",
            "blocks_3a122c.py:946: note: Did you forget to import it from \"typing\"? (Suggestion: \"from typing import cast\")",
            "blocks_3a122c.py:956: error: Name \"final\" is not defined  [name-defined]",
            "blocks_3a122c.py:990: error: Name \"final\" is not defined  [name-defined]",
            "blocks_3a122c.py:1006: error: Name \"cast\" is not defined  [name-defined]",
            "blocks_3a122c.py:1006: note: Did you forget to import it from \"typing\"? (Suggestion: \"from typing import cast\")",
            "blocks_3a122c.py:1010: error: Name \"final\" is not defined  [name-defined]",
            "blocks_3a122c.py:1022: error: Name \"final\" is not defined  [name-defined]",
            "blocks_3a122c.py:1036: error: Name \"cast\" is not defined  [name-defined]",
            "blocks_3a122c.py:1036: note: Did you forget to import it from \"typing\"? (Suggestion: \"from typing import cast\")",
            "blocks_3a122c.py:1075: error: Name \"final\" is not defined  [name-defined]",
            "blocks_3a122c.py:1080: error: Name \"final\" is not defined  [name-defined]",
            "blocks_3a122c.py:1104: error: Name \"final\" is not defined  [name-defined]",
            "blocks_3a122c.py:1150: error: Name \"final\" is not defined  [name-defined]",
            "blocks_3a122c.py:1190: error: Name \"final\" is not defined  [name-defined]",
            "blocks_3a122c.py:1200: error: Name \"final\" is not defined  [name-defined]",
            "blocks_3a122c.py:1205: error: Name \"final\" is not defined  [name-defined]",
            "blocks_3a122c.py:1212: error: Name \"final\" is not defined  [name-defined]",
            "blocks_3a122c.py:1363: error: Name \"final\" is not defined  [name-defined]",
            "blocks_3a122c.py:1529: error: Name \"cast\" is not defined  [name-defined]",
            "blocks_3a122c.py:1529: note: Did you forget to import it from \"typing\"? (Suggestion: \"from typing import cast\")",
            "Found 62 errors in 1 file (checked 1 source file)"
        ]
    },
    "btanalysis_7decb4.py": {
        "stats": {
            "total_parameters": 50,
            "parameters_with_annotations": 50
        },
        "error_count": 2,
        "isCompiled": false,
        "errors": [
            "btanalysis_7decb4.py:150: error: Item \"str\" of \"Path | str\" has no attribute \"open\"  [union-attr]",
            "btanalysis_7decb4.py:197: error: Incompatible types in assignment (expression has type \"str\", variable has type \"Literal['metadata', 'strategy']\")  [assignment]",
            "Found 2 errors in 1 file (checked 1 source file)"
        ]
    },
    "cache_83a043.py": {
        "stats": {
            "total_parameters": 84,
            "parameters_with_annotations": 82
        },
        "error_count": 0,
        "isCompiled": true,
        "errors": []
    },
    "call_824067.py": {
        "stats": {
            "total_parameters": 68,
            "parameters_with_annotations": 50
        },
        "error_count": 0,
        "isCompiled": true,
        "errors": []
    },
    "channels_8e6ab8.py": {
        "stats": {
            "total_parameters": 77,
            "parameters_with_annotations": 44
        },
        "error_count": 0,
        "isCompiled": true,
        "errors": []
    },
    "channel_43e477.py": {
        "stats": {
            "total_parameters": 274,
            "parameters_with_annotations": 274
        },
        "error_count": 1,
        "isCompiled": false,
        "errors": [
            "channel_43e477.py:446: error: Name \"to_hex\" is not defined  [name-defined]",
            "Found 1 error in 1 file (checked 1 source file)"
        ]
    },
    "classification_92cb06.py": {
        "stats": {
            "total_parameters": 0,
            "parameters_with_annotations": 0
        },
        "error_count": 1,
        "isCompiled": false,
        "errors": [
            "classification_92cb06.py:542: error: invalid syntax; you likely need to run mypy using Python 3.10 or newer  [syntax]",
            "Found 1 error in 1 file (errors prevented further checking)"
        ]
    },
    "client_1e3c0a.py": {
        "stats": {
            "total_parameters": 55,
            "parameters_with_annotations": 41
        },
        "error_count": 0,
        "isCompiled": true,
        "errors": []
    },
    "common_4a17c0.py": {
        "stats": {
            "total_parameters": 41,
            "parameters_with_annotations": 41
        },
        "error_count": 4,
        "isCompiled": false,
        "errors": [
            "common_4a17c0.py:116: error: Incompatible types in assignment (expression has type \"str\", target has type \"bool\")  [assignment]",
            "common_4a17c0.py:136: error: Incompatible types in assignment (expression has type \"str\", target has type \"float\")  [assignment]",
            "common_4a17c0.py:246: error: Incompatible types in assignment (expression has type \"float\", target has type \"str\")  [assignment]",
            "common_4a17c0.py:272: error: Incompatible types in assignment (expression has type \"Any | Literal[True]\", target has type \"str\")  [assignment]",
            "Found 4 errors in 1 file (checked 1 source file)"
        ]
    },
    "compilation_283ca2.py": {
        "stats": {
            "total_parameters": 83,
            "parameters_with_annotations": 58
        },
        "error_count": 0,
        "isCompiled": true,
        "errors": []
    },
    "confluent_3b2473.py": {
        "stats": {
            "total_parameters": 57,
            "parameters_with_annotations": 35
        },
        "error_count": 40,
        "isCompiled": false,
        "errors": [
            "confluent_3b2473.py:82: error: Incompatible default for argument \"config\" (default has type \"None\", argument has type \"Mapping[str, Any]\")  [assignment]",
            "confluent_3b2473.py:82: note: PEP 484 prohibits implicit Optional. Accordingly, mypy has changed its default to no_implicit_optional=True",
            "confluent_3b2473.py:82: note: Use https://github.com/hauntsaninja/no_implicit_optional to automatically upgrade your codebase",
            "confluent_3b2473.py:85: error: Incompatible default for argument \"compacting\" (default has type \"None\", argument has type \"bool\")  [assignment]",
            "confluent_3b2473.py:85: note: PEP 484 prohibits implicit Optional. Accordingly, mypy has changed its default to no_implicit_optional=True",
            "confluent_3b2473.py:85: note: Use https://github.com/hauntsaninja/no_implicit_optional to automatically upgrade your codebase",
            "confluent_3b2473.py:86: error: Incompatible default for argument \"deleting\" (default has type \"None\", argument has type \"bool\")  [assignment]",
            "confluent_3b2473.py:86: note: PEP 484 prohibits implicit Optional. Accordingly, mypy has changed its default to no_implicit_optional=True",
            "confluent_3b2473.py:86: note: Use https://github.com/hauntsaninja/no_implicit_optional to automatically upgrade your codebase",
            "confluent_3b2473.py:347: error: Incompatible default for argument \"config\" (default has type \"None\", argument has type \"Mapping[str, Any]\")  [assignment]",
            "confluent_3b2473.py:347: note: PEP 484 prohibits implicit Optional. Accordingly, mypy has changed its default to no_implicit_optional=True",
            "confluent_3b2473.py:347: note: Use https://github.com/hauntsaninja/no_implicit_optional to automatically upgrade your codebase",
            "confluent_3b2473.py:350: error: Incompatible default for argument \"compacting\" (default has type \"None\", argument has type \"bool\")  [assignment]",
            "confluent_3b2473.py:350: note: PEP 484 prohibits implicit Optional. Accordingly, mypy has changed its default to no_implicit_optional=True",
            "confluent_3b2473.py:350: note: Use https://github.com/hauntsaninja/no_implicit_optional to automatically upgrade your codebase",
            "confluent_3b2473.py:351: error: Incompatible default for argument \"deleting\" (default has type \"None\", argument has type \"bool\")  [assignment]",
            "confluent_3b2473.py:351: note: PEP 484 prohibits implicit Optional. Accordingly, mypy has changed its default to no_implicit_optional=True",
            "confluent_3b2473.py:351: note: Use https://github.com/hauntsaninja/no_implicit_optional to automatically upgrade your codebase",
            "confluent_3b2473.py:492: error: Incompatible default for argument \"config\" (default has type \"None\", argument has type \"Mapping[str, Any]\")  [assignment]",
            "confluent_3b2473.py:492: note: PEP 484 prohibits implicit Optional. Accordingly, mypy has changed its default to no_implicit_optional=True",
            "confluent_3b2473.py:492: note: Use https://github.com/hauntsaninja/no_implicit_optional to automatically upgrade your codebase",
            "confluent_3b2473.py:495: error: Incompatible default for argument \"compacting\" (default has type \"None\", argument has type \"bool\")  [assignment]",
            "confluent_3b2473.py:495: note: PEP 484 prohibits implicit Optional. Accordingly, mypy has changed its default to no_implicit_optional=True",
            "confluent_3b2473.py:495: note: Use https://github.com/hauntsaninja/no_implicit_optional to automatically upgrade your codebase",
            "confluent_3b2473.py:496: error: Incompatible default for argument \"deleting\" (default has type \"None\", argument has type \"bool\")  [assignment]",
            "confluent_3b2473.py:496: note: PEP 484 prohibits implicit Optional. Accordingly, mypy has changed its default to no_implicit_optional=True",
            "confluent_3b2473.py:496: note: Use https://github.com/hauntsaninja/no_implicit_optional to automatically upgrade your codebase",
            "confluent_3b2473.py:533: error: Incompatible default for argument \"transactional_id\" (default has type \"None\", argument has type \"str\")  [assignment]",
            "confluent_3b2473.py:533: note: PEP 484 prohibits implicit Optional. Accordingly, mypy has changed its default to no_implicit_optional=True",
            "confluent_3b2473.py:533: note: Use https://github.com/hauntsaninja/no_implicit_optional to automatically upgrade your codebase",
            "confluent_3b2473.py:559: error: Incompatible default for argument \"transactional_id\" (default has type \"None\", argument has type \"str\")  [assignment]",
            "confluent_3b2473.py:559: note: PEP 484 prohibits implicit Optional. Accordingly, mypy has changed its default to no_implicit_optional=True",
            "confluent_3b2473.py:559: note: Use https://github.com/hauntsaninja/no_implicit_optional to automatically upgrade your codebase",
            "confluent_3b2473.py:562: error: Argument 3 to \"send\" of \"Producer\" has incompatible type \"bytes | None\"; expected \"bytes\"  [arg-type]",
            "confluent_3b2473.py:590: error: Incompatible default for argument \"compacting\" (default has type \"None\", argument has type \"bool\")  [assignment]",
            "confluent_3b2473.py:590: note: PEP 484 prohibits implicit Optional. Accordingly, mypy has changed its default to no_implicit_optional=True",
            "confluent_3b2473.py:590: note: Use https://github.com/hauntsaninja/no_implicit_optional to automatically upgrade your codebase",
            "confluent_3b2473.py:591: error: Incompatible default for argument \"deleting\" (default has type \"None\", argument has type \"bool\")  [assignment]",
            "confluent_3b2473.py:591: note: PEP 484 prohibits implicit Optional. Accordingly, mypy has changed its default to no_implicit_optional=True",
            "confluent_3b2473.py:591: note: Use https://github.com/hauntsaninja/no_implicit_optional to automatically upgrade your codebase",
            "Found 14 errors in 1 file (checked 1 source file)"
        ]
    },
    "construction_4e8f89.py": {
        "stats": {
            "total_parameters": 60,
            "parameters_with_annotations": 60
        },
        "error_count": 0,
        "isCompiled": true,
        "errors": []
    },
    "consumer_fa3d87.py": {
        "stats": {
            "total_parameters": 103,
            "parameters_with_annotations": 54
        },
        "error_count": 39,
        "isCompiled": false,
        "errors": [
            "consumer_fa3d87.py:276: error: Incompatible default for argument \"transactional_id\" (default has type \"None\", argument has type \"str\")  [assignment]",
            "consumer_fa3d87.py:276: note: PEP 484 prohibits implicit Optional. Accordingly, mypy has changed its default to no_implicit_optional=True",
            "consumer_fa3d87.py:276: note: Use https://github.com/hauntsaninja/no_implicit_optional to automatically upgrade your codebase",
            "consumer_fa3d87.py:298: error: Incompatible default for argument \"transactional_id\" (default has type \"None\", argument has type \"str\")  [assignment]",
            "consumer_fa3d87.py:298: note: PEP 484 prohibits implicit Optional. Accordingly, mypy has changed its default to no_implicit_optional=True",
            "consumer_fa3d87.py:298: note: Use https://github.com/hauntsaninja/no_implicit_optional to automatically upgrade your codebase",
            "consumer_fa3d87.py:332: error: Incompatible default for argument \"config\" (default has type \"None\", argument has type \"Mapping[str, Any]\")  [assignment]",
            "consumer_fa3d87.py:332: note: PEP 484 prohibits implicit Optional. Accordingly, mypy has changed its default to no_implicit_optional=True",
            "consumer_fa3d87.py:332: note: Use https://github.com/hauntsaninja/no_implicit_optional to automatically upgrade your codebase",
            "consumer_fa3d87.py:335: error: Incompatible default for argument \"compacting\" (default has type \"None\", argument has type \"bool\")  [assignment]",
            "consumer_fa3d87.py:335: note: PEP 484 prohibits implicit Optional. Accordingly, mypy has changed its default to no_implicit_optional=True",
            "consumer_fa3d87.py:335: note: Use https://github.com/hauntsaninja/no_implicit_optional to automatically upgrade your codebase",
            "consumer_fa3d87.py:336: error: Incompatible default for argument \"deleting\" (default has type \"None\", argument has type \"bool\")  [assignment]",
            "consumer_fa3d87.py:336: note: PEP 484 prohibits implicit Optional. Accordingly, mypy has changed its default to no_implicit_optional=True",
            "consumer_fa3d87.py:336: note: Use https://github.com/hauntsaninja/no_implicit_optional to automatically upgrade your codebase",
            "consumer_fa3d87.py:416: error: Incompatible default for argument \"commit_interval\" (default has type \"None\", argument has type \"float\")  [assignment]",
            "consumer_fa3d87.py:416: note: PEP 484 prohibits implicit Optional. Accordingly, mypy has changed its default to no_implicit_optional=True",
            "consumer_fa3d87.py:416: note: Use https://github.com/hauntsaninja/no_implicit_optional to automatically upgrade your codebase",
            "consumer_fa3d87.py:417: error: Incompatible default for argument \"commit_livelock_soft_timeout\" (default has type \"None\", argument has type \"float\")  [assignment]",
            "consumer_fa3d87.py:417: note: PEP 484 prohibits implicit Optional. Accordingly, mypy has changed its default to no_implicit_optional=True",
            "consumer_fa3d87.py:417: note: Use https://github.com/hauntsaninja/no_implicit_optional to automatically upgrade your codebase",
            "consumer_fa3d87.py:418: error: Incompatible default for argument \"loop\" (default has type \"None\", argument has type \"AbstractEventLoop\")  [assignment]",
            "consumer_fa3d87.py:418: note: PEP 484 prohibits implicit Optional. Accordingly, mypy has changed its default to no_implicit_optional=True",
            "consumer_fa3d87.py:418: note: Use https://github.com/hauntsaninja/no_implicit_optional to automatically upgrade your codebase",
            "consumer_fa3d87.py:445: error: Need type annotation for \"randomly_assigned_topics\" (hint: \"randomly_assigned_topics: Set[<type>] = ...\")  [var-annotated]",
            "consumer_fa3d87.py:668: error: Unexpected keyword argument \"loop\" for \"wait_for\"  [call-arg]",
            "D:\\python3.8\\lib\\site-packages\\mypy\\typeshed\\stdlib\\asyncio\\tasks.pyi:252: note: \"wait_for\" defined here",
            "consumer_fa3d87.py:1072: error: Incompatible default for argument \"compacting\" (default has type \"None\", argument has type \"bool\")  [assignment]",
            "consumer_fa3d87.py:1072: note: PEP 484 prohibits implicit Optional. Accordingly, mypy has changed its default to no_implicit_optional=True",
            "consumer_fa3d87.py:1072: note: Use https://github.com/hauntsaninja/no_implicit_optional to automatically upgrade your codebase",
            "consumer_fa3d87.py:1073: error: Incompatible default for argument \"deleting\" (default has type \"None\", argument has type \"bool\")  [assignment]",
            "consumer_fa3d87.py:1073: note: PEP 484 prohibits implicit Optional. Accordingly, mypy has changed its default to no_implicit_optional=True",
            "consumer_fa3d87.py:1073: note: Use https://github.com/hauntsaninja/no_implicit_optional to automatically upgrade your codebase",
            "consumer_fa3d87.py:1094: error: Incompatible default for argument \"partition\" (default has type \"None\", argument has type \"int\")  [assignment]",
            "consumer_fa3d87.py:1094: note: PEP 484 prohibits implicit Optional. Accordingly, mypy has changed its default to no_implicit_optional=True",
            "consumer_fa3d87.py:1094: note: Use https://github.com/hauntsaninja/no_implicit_optional to automatically upgrade your codebase",
            "consumer_fa3d87.py:1197: error: Incompatible default for argument \"partition\" (default has type \"None\", argument has type \"int\")  [assignment]",
            "consumer_fa3d87.py:1197: note: PEP 484 prohibits implicit Optional. Accordingly, mypy has changed its default to no_implicit_optional=True",
            "consumer_fa3d87.py:1197: note: Use https://github.com/hauntsaninja/no_implicit_optional to automatically upgrade your codebase",
            "Found 14 errors in 1 file (checked 1 source file)"
        ]
    },
    "context_config_b7e80b.py": {
        "stats": {
            "total_parameters": 93,
            "parameters_with_annotations": 64
        },
        "error_count": 1,
        "isCompiled": false,
        "errors": [
            "context_config_b7e80b.py:33: error: Missing return statement  [empty-body]",
            "Found 1 error in 1 file (checked 1 source file)"
        ]
    },
    "coordinator_e4c72e.py": {
        "stats": {
            "total_parameters": 53,
            "parameters_with_annotations": 36
        },
        "error_count": 0,
        "isCompiled": true,
        "errors": []
    },
    "cover_ccbdb1.py": {
        "stats": {
            "total_parameters": 134,
            "parameters_with_annotations": 66
        },
        "error_count": 5,
        "isCompiled": false,
        "errors": [
            "cover_ccbdb1.py:594: error: Cannot determine type of \"_attr_unique_id\"  [has-type]",
            "cover_ccbdb1.py:630: error: Cannot determine type of \"_attr_unique_id\"  [has-type]",
            "cover_ccbdb1.py:737: error: Cannot determine type of \"_attr_unique_id\"  [has-type]",
            "cover_ccbdb1.py:800: error: Cannot determine type of \"_attr_unique_id\"  [has-type]",
            "cover_ccbdb1.py:855: error: Cannot determine type of \"_attr_unique_id\"  [has-type]",
            "Found 5 errors in 1 file (checked 1 source file)"
        ]
    },
    "create_user_36a545.py": {
        "stats": {
            "total_parameters": 40,
            "parameters_with_annotations": 40
        },
        "error_count": 0,
        "isCompiled": true,
        "errors": []
    },
    "create_user_5beae0.py": {
        "stats": {
            "total_parameters": 39,
            "parameters_with_annotations": 39
        },
        "error_count": 0,
        "isCompiled": true,
        "errors": []
    },
    "custom_profile_fields_ccef17.py": {
        "stats": {
            "total_parameters": 36,
            "parameters_with_annotations": 36
        },
        "error_count": 0,
        "isCompiled": true,
        "errors": []
    },
    "dataclasses_a27d2a.py": {
        "stats": {
            "total_parameters": 47,
            "parameters_with_annotations": 39
        },
        "error_count": 6,
        "isCompiled": false,
        "errors": [
            "dataclasses_a27d2a.py:58: error: Name \"TYPE_CHECKING\" is not defined  [name-defined]",
            "dataclasses_a27d2a.py:214: error: No overload variant of \"dataclass\" matches argument types \"type[Any]\", \"bool\", \"bool\", \"bool\", \"bool\", \"bool\", \"bool\", \"bool\"  [call-overload]",
            "dataclasses_a27d2a.py:214: note: Possible overload variants:",
            "dataclasses_a27d2a.py:214: note:     def dataclass(None, /) -> Callable[[type[_T]], type[_T]]",
            "dataclasses_a27d2a.py:214: note:     def [_T] dataclass(type[_T], /) -> type[_T]",
            "dataclasses_a27d2a.py:214: note:     def dataclass(*, init: bool = ..., repr: bool = ..., eq: bool = ..., order: bool = ..., unsafe_hash: bool = ..., frozen: bool = ..., match_args: bool = ..., kw_only: bool = ..., slots: bool = ...) -> Callable[[type[_T]], type[_T]]",
            "Found 2 errors in 1 file (checked 1 source file)"
        ]
    },
    "datadog_c5ba7b.py": {
        "stats": {
            "total_parameters": 131,
            "parameters_with_annotations": 93
        },
        "error_count": 0,
        "isCompiled": true,
        "errors": []
    },
    "dataprovider_a0d211.py": {
        "stats": {
            "total_parameters": 85,
            "parameters_with_annotations": 58
        },
        "error_count": 0,
        "isCompiled": true,
        "errors": []
    },
    "datastructures_0a7b11.py": {
        "stats": {
            "total_parameters": 142,
            "parameters_with_annotations": 54
        },
        "error_count": 7,
        "isCompiled": false,
        "errors": [
            "datastructures_0a7b11.py:499: error: Return type \"list[str]\" of \"keys\" incompatible with return type \"KeysView[str]\" in supertype \"Mapping\"  [override]",
            "datastructures_0a7b11.py:502: error: Return type \"list[str]\" of \"values\" incompatible with return type \"ValuesView[str]\" in supertype \"Mapping\"  [override]",
            "datastructures_0a7b11.py:505: error: Return type \"list[tuple[str, str]]\" of \"items\" incompatible with return type \"ItemsView[str, str]\" in supertype \"Mapping\"  [override]",
            "datastructures_0a7b11.py:522: error: Argument 1 of \"__contains__\" is incompatible with supertype \"Mapping\"; supertype defines the argument type as \"object\"  [override]",
            "datastructures_0a7b11.py:522: note: This violates the Liskov substitution principle",
            "datastructures_0a7b11.py:522: note: See https://mypy.readthedocs.io/en/stable/common_issues.html#incompatible-overrides",
            "datastructures_0a7b11.py:522: error: Argument 1 of \"__contains__\" is incompatible with supertype \"Container\"; supertype defines the argument type as \"object\"  [override]",
            "Found 5 errors in 1 file (checked 1 source file)"
        ]
    },
    "data_catalog_8d7fcf.py": {
        "stats": {
            "total_parameters": 59,
            "parameters_with_annotations": 36
        },
        "error_count": 1,
        "isCompiled": false,
        "errors": [
            "data_catalog_8d7fcf.py:195: error: \"object\" has no attribute \"_datasets\"  [attr-defined]",
            "Found 1 error in 1 file (checked 1 source file)"
        ]
    },
    "debug_info_f902e5.py": {
        "stats": {
            "total_parameters": 36,
            "parameters_with_annotations": 36
        },
        "error_count": 2,
        "isCompiled": false,
        "errors": [
            "debug_info_f902e5.py:157: error: Module has no attribute \"UTC\"  [attr-defined]",
            "debug_info_f902e5.py:176: error: Module has no attribute \"UTC\"  [attr-defined]",
            "Found 2 errors in 1 file (checked 1 source file)"
        ]
    },
    "dockerutils_6badca.py": {
        "stats": {
            "total_parameters": 55,
            "parameters_with_annotations": 42
        },
        "error_count": 0,
        "isCompiled": true,
        "errors": []
    },
    "email_mirror_590460.py": {
        "stats": {
            "total_parameters": 52,
            "parameters_with_annotations": 49
        },
        "error_count": 3,
        "isCompiled": false,
        "errors": [
            "email_mirror_590460.py:351: error: Argument 3 to \"sub\" has incompatible type \"str | None\"; expected \"str\"  [arg-type]",
            "email_mirror_590460.py:568: error: Method \"key\" is marked as an override, but no base method was found with this name  [misc]",
            "email_mirror_590460.py:572: error: Method \"rules\" is marked as an override, but no base method was found with this name  [misc]",
            "Found 3 errors in 1 file (checked 1 source file)"
        ]
    },
    "evaluators_b911b8.py": {
        "stats": {
            "total_parameters": 124,
            "parameters_with_annotations": 124
        },
        "error_count": 93,
        "isCompiled": false,
        "errors": [
            "evaluators_b911b8.py:42: error: Incompatible default for argument \"weight_column\" (default has type \"None\", argument has type \"str\")  [assignment]",
            "evaluators_b911b8.py:42: note: PEP 484 prohibits implicit Optional. Accordingly, mypy has changed its default to no_implicit_optional=True",
            "evaluators_b911b8.py:42: note: Use https://github.com/hauntsaninja/no_implicit_optional to automatically upgrade your codebase",
            "evaluators_b911b8.py:43: error: Incompatible default for argument \"eval_name\" (default has type \"None\", argument has type \"str\")  [assignment]",
            "evaluators_b911b8.py:43: note: PEP 484 prohibits implicit Optional. Accordingly, mypy has changed its default to no_implicit_optional=True",
            "evaluators_b911b8.py:43: note: Use https://github.com/hauntsaninja/no_implicit_optional to automatically upgrade your codebase",
            "evaluators_b911b8.py:66: error: Incompatible default for argument \"weight_column\" (default has type \"None\", argument has type \"str\")  [assignment]",
            "evaluators_b911b8.py:66: note: PEP 484 prohibits implicit Optional. Accordingly, mypy has changed its default to no_implicit_optional=True",
            "evaluators_b911b8.py:66: note: Use https://github.com/hauntsaninja/no_implicit_optional to automatically upgrade your codebase",
            "evaluators_b911b8.py:67: error: Incompatible default for argument \"eval_name\" (default has type \"None\", argument has type \"str\")  [assignment]",
            "evaluators_b911b8.py:67: note: PEP 484 prohibits implicit Optional. Accordingly, mypy has changed its default to no_implicit_optional=True",
            "evaluators_b911b8.py:67: note: Use https://github.com/hauntsaninja/no_implicit_optional to automatically upgrade your codebase",
            "evaluators_b911b8.py:105: error: Incompatible default for argument \"weight_column\" (default has type \"None\", argument has type \"str\")  [assignment]",
            "evaluators_b911b8.py:105: note: PEP 484 prohibits implicit Optional. Accordingly, mypy has changed its default to no_implicit_optional=True",
            "evaluators_b911b8.py:105: note: Use https://github.com/hauntsaninja/no_implicit_optional to automatically upgrade your codebase",
            "evaluators_b911b8.py:106: error: Incompatible default for argument \"eval_name\" (default has type \"None\", argument has type \"str\")  [assignment]",
            "evaluators_b911b8.py:106: note: PEP 484 prohibits implicit Optional. Accordingly, mypy has changed its default to no_implicit_optional=True",
            "evaluators_b911b8.py:106: note: Use https://github.com/hauntsaninja/no_implicit_optional to automatically upgrade your codebase",
            "evaluators_b911b8.py:143: error: Incompatible default for argument \"weight_column\" (default has type \"None\", argument has type \"str\")  [assignment]",
            "evaluators_b911b8.py:143: note: PEP 484 prohibits implicit Optional. Accordingly, mypy has changed its default to no_implicit_optional=True",
            "evaluators_b911b8.py:143: note: Use https://github.com/hauntsaninja/no_implicit_optional to automatically upgrade your codebase",
            "evaluators_b911b8.py:144: error: Incompatible default for argument \"eval_name\" (default has type \"None\", argument has type \"str\")  [assignment]",
            "evaluators_b911b8.py:144: note: PEP 484 prohibits implicit Optional. Accordingly, mypy has changed its default to no_implicit_optional=True",
            "evaluators_b911b8.py:144: note: Use https://github.com/hauntsaninja/no_implicit_optional to automatically upgrade your codebase",
            "evaluators_b911b8.py:180: error: Incompatible default for argument \"weight_column\" (default has type \"None\", argument has type \"str\")  [assignment]",
            "evaluators_b911b8.py:180: note: PEP 484 prohibits implicit Optional. Accordingly, mypy has changed its default to no_implicit_optional=True",
            "evaluators_b911b8.py:180: note: Use https://github.com/hauntsaninja/no_implicit_optional to automatically upgrade your codebase",
            "evaluators_b911b8.py:181: error: Incompatible default for argument \"eval_name\" (default has type \"None\", argument has type \"str\")  [assignment]",
            "evaluators_b911b8.py:181: note: PEP 484 prohibits implicit Optional. Accordingly, mypy has changed its default to no_implicit_optional=True",
            "evaluators_b911b8.py:181: note: Use https://github.com/hauntsaninja/no_implicit_optional to automatically upgrade your codebase",
            "evaluators_b911b8.py:222: error: Incompatible default for argument \"weight_column\" (default has type \"None\", argument has type \"str\")  [assignment]",
            "evaluators_b911b8.py:222: note: PEP 484 prohibits implicit Optional. Accordingly, mypy has changed its default to no_implicit_optional=True",
            "evaluators_b911b8.py:222: note: Use https://github.com/hauntsaninja/no_implicit_optional to automatically upgrade your codebase",
            "evaluators_b911b8.py:223: error: Incompatible default for argument \"eval_name\" (default has type \"None\", argument has type \"str\")  [assignment]",
            "evaluators_b911b8.py:223: note: PEP 484 prohibits implicit Optional. Accordingly, mypy has changed its default to no_implicit_optional=True",
            "evaluators_b911b8.py:223: note: Use https://github.com/hauntsaninja/no_implicit_optional to automatically upgrade your codebase",
            "evaluators_b911b8.py:267: error: Incompatible default for argument \"weight_column\" (default has type \"None\", argument has type \"str\")  [assignment]",
            "evaluators_b911b8.py:267: note: PEP 484 prohibits implicit Optional. Accordingly, mypy has changed its default to no_implicit_optional=True",
            "evaluators_b911b8.py:267: note: Use https://github.com/hauntsaninja/no_implicit_optional to automatically upgrade your codebase",
            "evaluators_b911b8.py:268: error: Incompatible default for argument \"eval_name\" (default has type \"None\", argument has type \"str\")  [assignment]",
            "evaluators_b911b8.py:268: note: PEP 484 prohibits implicit Optional. Accordingly, mypy has changed its default to no_implicit_optional=True",
            "evaluators_b911b8.py:268: note: Use https://github.com/hauntsaninja/no_implicit_optional to automatically upgrade your codebase",
            "evaluators_b911b8.py:315: error: Incompatible default for argument \"weight_column\" (default has type \"None\", argument has type \"str\")  [assignment]",
            "evaluators_b911b8.py:315: note: PEP 484 prohibits implicit Optional. Accordingly, mypy has changed its default to no_implicit_optional=True",
            "evaluators_b911b8.py:315: note: Use https://github.com/hauntsaninja/no_implicit_optional to automatically upgrade your codebase",
            "evaluators_b911b8.py:316: error: Incompatible default for argument \"eval_name\" (default has type \"None\", argument has type \"str\")  [assignment]",
            "evaluators_b911b8.py:316: note: PEP 484 prohibits implicit Optional. Accordingly, mypy has changed its default to no_implicit_optional=True",
            "evaluators_b911b8.py:316: note: Use https://github.com/hauntsaninja/no_implicit_optional to automatically upgrade your codebase",
            "evaluators_b911b8.py:353: error: Incompatible default for argument \"weight_column\" (default has type \"None\", argument has type \"str\")  [assignment]",
            "evaluators_b911b8.py:353: note: PEP 484 prohibits implicit Optional. Accordingly, mypy has changed its default to no_implicit_optional=True",
            "evaluators_b911b8.py:353: note: Use https://github.com/hauntsaninja/no_implicit_optional to automatically upgrade your codebase",
            "evaluators_b911b8.py:354: error: Incompatible default for argument \"eval_name\" (default has type \"None\", argument has type \"str\")  [assignment]",
            "evaluators_b911b8.py:354: note: PEP 484 prohibits implicit Optional. Accordingly, mypy has changed its default to no_implicit_optional=True",
            "evaluators_b911b8.py:354: note: Use https://github.com/hauntsaninja/no_implicit_optional to automatically upgrade your codebase",
            "evaluators_b911b8.py:391: error: Incompatible default for argument \"eval_name\" (default has type \"None\", argument has type \"str\")  [assignment]",
            "evaluators_b911b8.py:391: note: PEP 484 prohibits implicit Optional. Accordingly, mypy has changed its default to no_implicit_optional=True",
            "evaluators_b911b8.py:391: note: Use https://github.com/hauntsaninja/no_implicit_optional to automatically upgrade your codebase",
            "evaluators_b911b8.py:481: error: Incompatible default for argument \"weight_column\" (default has type \"None\", argument has type \"str\")  [assignment]",
            "evaluators_b911b8.py:481: note: PEP 484 prohibits implicit Optional. Accordingly, mypy has changed its default to no_implicit_optional=True",
            "evaluators_b911b8.py:481: note: Use https://github.com/hauntsaninja/no_implicit_optional to automatically upgrade your codebase",
            "evaluators_b911b8.py:482: error: Incompatible default for argument \"eval_name\" (default has type \"None\", argument has type \"str\")  [assignment]",
            "evaluators_b911b8.py:482: note: PEP 484 prohibits implicit Optional. Accordingly, mypy has changed its default to no_implicit_optional=True",
            "evaluators_b911b8.py:482: note: Use https://github.com/hauntsaninja/no_implicit_optional to automatically upgrade your codebase",
            "evaluators_b911b8.py:518: error: Incompatible default for argument \"weight_column\" (default has type \"None\", argument has type \"str\")  [assignment]",
            "evaluators_b911b8.py:518: note: PEP 484 prohibits implicit Optional. Accordingly, mypy has changed its default to no_implicit_optional=True",
            "evaluators_b911b8.py:518: note: Use https://github.com/hauntsaninja/no_implicit_optional to automatically upgrade your codebase",
            "evaluators_b911b8.py:519: error: Incompatible default for argument \"eval_name\" (default has type \"None\", argument has type \"str\")  [assignment]",
            "evaluators_b911b8.py:519: note: PEP 484 prohibits implicit Optional. Accordingly, mypy has changed its default to no_implicit_optional=True",
            "evaluators_b911b8.py:519: note: Use https://github.com/hauntsaninja/no_implicit_optional to automatically upgrade your codebase",
            "evaluators_b911b8.py:553: error: Incompatible default for argument \"eval_name\" (default has type \"None\", argument has type \"str\")  [assignment]",
            "evaluators_b911b8.py:553: note: PEP 484 prohibits implicit Optional. Accordingly, mypy has changed its default to no_implicit_optional=True",
            "evaluators_b911b8.py:553: note: Use https://github.com/hauntsaninja/no_implicit_optional to automatically upgrade your codebase",
            "evaluators_b911b8.py:584: error: Incompatible default for argument \"eval_name\" (default has type \"None\", argument has type \"str\")  [assignment]",
            "evaluators_b911b8.py:584: note: PEP 484 prohibits implicit Optional. Accordingly, mypy has changed its default to no_implicit_optional=True",
            "evaluators_b911b8.py:584: note: Use https://github.com/hauntsaninja/no_implicit_optional to automatically upgrade your codebase",
            "evaluators_b911b8.py:619: error: Incompatible default for argument \"eval_name\" (default has type \"None\", argument has type \"str\")  [assignment]",
            "evaluators_b911b8.py:619: note: PEP 484 prohibits implicit Optional. Accordingly, mypy has changed its default to no_implicit_optional=True",
            "evaluators_b911b8.py:619: note: Use https://github.com/hauntsaninja/no_implicit_optional to automatically upgrade your codebase",
            "evaluators_b911b8.py:655: error: Incompatible default for argument \"eval_name\" (default has type \"None\", argument has type \"str\")  [assignment]",
            "evaluators_b911b8.py:655: note: PEP 484 prohibits implicit Optional. Accordingly, mypy has changed its default to no_implicit_optional=True",
            "evaluators_b911b8.py:655: note: Use https://github.com/hauntsaninja/no_implicit_optional to automatically upgrade your codebase",
            "evaluators_b911b8.py:694: error: Incompatible default for argument \"eval_name\" (default has type \"None\", argument has type \"str\")  [assignment]",
            "evaluators_b911b8.py:694: note: PEP 484 prohibits implicit Optional. Accordingly, mypy has changed its default to no_implicit_optional=True",
            "evaluators_b911b8.py:694: note: Use https://github.com/hauntsaninja/no_implicit_optional to automatically upgrade your codebase",
            "evaluators_b911b8.py:949: error: Incompatible default for argument \"eval_name\" (default has type \"None\", argument has type \"str\")  [assignment]",
            "evaluators_b911b8.py:949: note: PEP 484 prohibits implicit Optional. Accordingly, mypy has changed its default to no_implicit_optional=True",
            "evaluators_b911b8.py:949: note: Use https://github.com/hauntsaninja/no_implicit_optional to automatically upgrade your codebase",
            "evaluators_b911b8.py:999: error: Incompatible default for argument \"eval_name\" (default has type \"None\", argument has type \"str\")  [assignment]",
            "evaluators_b911b8.py:999: note: PEP 484 prohibits implicit Optional. Accordingly, mypy has changed its default to no_implicit_optional=True",
            "evaluators_b911b8.py:999: note: Use https://github.com/hauntsaninja/no_implicit_optional to automatically upgrade your codebase",
            "evaluators_b911b8.py:1036: error: Incompatible default for argument \"eval_name\" (default has type \"None\", argument has type \"str\")  [assignment]",
            "evaluators_b911b8.py:1036: note: PEP 484 prohibits implicit Optional. Accordingly, mypy has changed its default to no_implicit_optional=True",
            "evaluators_b911b8.py:1036: note: Use https://github.com/hauntsaninja/no_implicit_optional to automatically upgrade your codebase",
            "Found 31 errors in 1 file (checked 1 source file)"
        ]
    },
    "event_schema_4d75fe.py": {
        "stats": {
            "total_parameters": 67,
            "parameters_with_annotations": 67
        },
        "error_count": 0,
        "isCompiled": true,
        "errors": []
    },
    "ewm_ef0fa0.py": {
        "stats": {
            "total_parameters": 93,
            "parameters_with_annotations": 72
        },
        "error_count": 3,
        "isCompiled": false,
        "errors": [
            "ewm_ef0fa0.py:57: error: Name \"TYPE_CHECKING\" is not defined  [name-defined]",
            "ewm_ef0fa0.py:339: note: \"__init__\" of \"ExponentialMovingWindow\" defined here",
            "ewm_ef0fa0.py:921: error: Unexpected keyword argument \"_grouper\" for \"__init__\" of \"ExponentialMovingWindow\"  [call-arg]",
            "Found 2 errors in 1 file (checked 1 source file)"
        ]
    },
    "excel_26f18f.py": {
        "stats": {
            "total_parameters": 105,
            "parameters_with_annotations": 64
        },
        "error_count": 6,
        "isCompiled": false,
        "errors": [
            "excel_26f18f.py:231: error: Dict entry 0 has incompatible type \"str\": \"dict[str, bool | str | None]\"; expected \"str\": \"dict[str, str | None]\"  [dict-item]",
            "excel_26f18f.py:232: error: Dict entry 1 has incompatible type \"str\": \"dict[str, dict[str, str | None]]\"; expected \"str\": \"dict[str, str | None]\"  [dict-item]",
            "excel_26f18f.py:233: error: Dict entry 2 has incompatible type \"str\": \"dict[str, str] | None\"; expected \"str\": \"dict[str, str | None]\"  [dict-item]",
            "excel_26f18f.py:234: error: Dict entry 3 has incompatible type \"str\": \"dict[str, bool | float | str | None]\"; expected \"str\": \"dict[str, str | None]\"  [dict-item]",
            "excel_26f18f.py:250: error: Argument 1 to \"remove_none\" has incompatible type \"dict[str, dict[str, str | None]]\"; expected \"dict[str, str | None]\"  [arg-type]",
            "excel_26f18f.py:569: error: Incompatible types in assignment (expression has type \"None\", variable has type \"Callable[[frozenset[tuple[str, Any]]], Any]\")  [assignment]",
            "Found 6 errors in 1 file (checked 1 source file)"
        ]
    },
    "exceptions_c3abb4.py": {
        "stats": {
            "total_parameters": 62,
            "parameters_with_annotations": 40
        },
        "error_count": 0,
        "isCompiled": true,
        "errors": []
    },
    "exposed_entities_a550ba.py": {
        "stats": {
            "total_parameters": 77,
            "parameters_with_annotations": 60
        },
        "error_count": 0,
        "isCompiled": true,
        "errors": []
    },
    "factory_7a7586.py": {
        "stats": {
            "total_parameters": 65,
            "parameters_with_annotations": 46
        },
        "error_count": 0,
        "isCompiled": true,
        "errors": []
    },
    "fields_c8e6d9.py": {
        "stats": {
            "total_parameters": 84,
            "parameters_with_annotations": 51
        },
        "error_count": 0,
        "isCompiled": true,
        "errors": []
    },
    "flow_engine_887be2.py": {
        "stats": {
            "total_parameters": 74,
            "parameters_with_annotations": 47
        },
        "error_count": 16,
        "isCompiled": false,
        "errors": [
            "flow_engine_887be2.py:325: error: Item \"None\" of \"Any | None\" has no attribute \"id\"  [union-attr]",
            "flow_engine_887be2.py:432: error: Incompatible types in assignment (expression has type \"BaseException\", variable has type \"Exception | type[Any]\")  [assignment]",
            "flow_engine_887be2.py:607: error: \"Logger\" has no attribute \"extra\"  [attr-defined]",
            "flow_engine_887be2.py:715: error: Item \"None\" of \"Any | None\" has no attribute \"name\"  [union-attr]",
            "flow_engine_887be2.py:735: error: Incompatible return value type (got \"Coroutine[Any, Any, None]\", expected \"R | Coroutine[Any, Any, R]\")  [return-value]",
            "flow_engine_887be2.py:834: error: Item \"None\" of \"Any | None\" has no attribute \"id\"  [union-attr]",
            "flow_engine_887be2.py:937: error: Incompatible types in assignment (expression has type \"BaseException\", variable has type \"Exception | type[Any]\")  [assignment]",
            "flow_engine_887be2.py:1106: error: \"Logger\" has no attribute \"extra\"  [attr-defined]",
            "flow_engine_887be2.py:1216: error: Item \"None\" of \"Any | None\" has no attribute \"name\"  [union-attr]",
            "flow_engine_887be2.py:1233: error: Incompatible return value type (got \"R\", expected \"Coroutine[Any, Any, R]\")  [return-value]",
            "flow_engine_887be2.py:1279: error: Value of type \"Coroutine[Any, Any, R]\" must be used  [unused-coroutine]",
            "flow_engine_887be2.py:1279: note: Are you missing an await?",
            "flow_engine_887be2.py:1318: error: Argument 1 to \"handle_success\" of \"FlowRunEngine\" has incompatible type \"None\"; expected \"R\"  [arg-type]",
            "flow_engine_887be2.py:1321: error: No return value expected  [return-value]",
            "flow_engine_887be2.py:1356: error: Argument 1 to \"handle_success\" of \"AsyncFlowRunEngine\" has incompatible type \"None\"; expected \"R\"  [arg-type]",
            "flow_engine_887be2.py:1491: error: \"BaseContext\" has no attribute \"Process\"  [attr-defined]",
            "Found 15 errors in 1 file (checked 1 source file)"
        ]
    },
    "format_84da8c.py": {
        "stats": {
            "total_parameters": 199,
            "parameters_with_annotations": 141
        },
        "error_count": 1,
        "isCompiled": false,
        "errors": [
            "format_84da8c.py:1381: error: Incompatible types in assignment (expression has type \"Callable[[Any], Any]\", variable has type \"partial[str]\")  [assignment]",
            "Found 1 error in 1 file (checked 1 source file)"
        ]
    },
    "frame_manager_271dac.py": {
        "stats": {
            "total_parameters": 88,
            "parameters_with_annotations": 48
        },
        "error_count": 5,
        "isCompiled": false,
        "errors": [
            "frame_manager_271dac.py:714: error: Item \"None\" of \"dict[str, Any] | None\" has no attribute \"get\"  [union-attr]",
            "frame_manager_271dac.py:715: error: Item \"None\" of \"dict[str, Any] | None\" has no attribute \"get\"  [union-attr]",
            "frame_manager_271dac.py:723: error: Item \"None\" of \"dict[str, Any] | None\" has no attribute \"get\"  [union-attr]",
            "frame_manager_271dac.py:724: error: Item \"None\" of \"dict[str, Any] | None\" has no attribute \"get\"  [union-attr]",
            "frame_manager_271dac.py:725: error: Item \"None\" of \"dict[str, Any] | None\" has no attribute \"get\"  [union-attr]",
            "Found 5 errors in 1 file (checked 1 source file)"
        ]
    },
    "from_params_test_811442.py": {
        "stats": {
            "total_parameters": 213,
            "parameters_with_annotations": 98
        },
        "error_count": 4,
        "isCompiled": false,
        "errors": [
            "from_params_test_811442.py:344: error: \"type[object]\" has no attribute \"from_params\"  [attr-defined]",
            "from_params_test_811442.py:954: error: Incompatible default for argument \"b\" (default has type \"None\", argument has type \"str\")  [assignment]",
            "from_params_test_811442.py:954: note: PEP 484 prohibits implicit Optional. Accordingly, mypy has changed its default to no_implicit_optional=True",
            "from_params_test_811442.py:954: note: Use https://github.com/hauntsaninja/no_implicit_optional to automatically upgrade your codebase",
            "Found 2 errors in 1 file (checked 1 source file)"
        ]
    },
    "generic_8a9e7c.py": {
        "stats": {
            "total_parameters": 142,
            "parameters_with_annotations": 102
        },
        "error_count": 92,
        "isCompiled": false,
        "errors": [
            "generic_8a9e7c.py:57: error: Name \"DataFrame\" is not defined  [name-defined]",
            "generic_8a9e7c.py:57: error: Name \"Series\" is not defined  [name-defined]",
            "generic_8a9e7c.py:60: error: Name \"validate_axis\" is not defined  [name-defined]",
            "generic_8a9e7c.py:78: error: \"Frame\" has no attribute \"head\"  [attr-defined]",
            "generic_8a9e7c.py:88: error: Name \"DataFrame\" is not defined  [name-defined]",
            "generic_8a9e7c.py:88: error: Name \"Series\" is not defined  [name-defined]",
            "generic_8a9e7c.py:91: error: \"Frame\" has no attribute \"index\"  [attr-defined]",
            "generic_8a9e7c.py:96: error: \"Frame\" has no attribute \"copy\"  [attr-defined]",
            "generic_8a9e7c.py:103: error: \"Frame\" has no attribute \"name\"  [attr-defined]",
            "generic_8a9e7c.py:105: error: \"Frame\" has no attribute \"name\"  [attr-defined]",
            "generic_8a9e7c.py:124: error: Name \"validate_arguments_and_invoke_function\" is not defined  [name-defined]",
            "generic_8a9e7c.py:136: error: Name \"DataFrame\" is not defined  [name-defined]",
            "generic_8a9e7c.py:136: error: Name \"Series\" is not defined  [name-defined]",
            "generic_8a9e7c.py:141: error: Name \"DataFrame\" is not defined  [name-defined]",
            "generic_8a9e7c.py:141: error: Name \"Series\" is not defined  [name-defined]",
            "generic_8a9e7c.py:148: error: Name \"DataFrame\" is not defined  [name-defined]",
            "generic_8a9e7c.py:148: error: Name \"Series\" is not defined  [name-defined]",
            "generic_8a9e7c.py:189: error: Name \"Series\" is not defined  [name-defined]",
            "generic_8a9e7c.py:190: error: Name \"validate_axis\" is not defined  [name-defined]",
            "generic_8a9e7c.py:203: error: Argument \"axis\" to \"_reduce_for_stat_function\" of \"Frame\" has incompatible type \"int | str | None\"; expected \"int | str\"  [arg-type]",
            "generic_8a9e7c.py:205: error: Incompatible default for argument \"axis\" (default has type \"None\", argument has type \"int | str\")  [assignment]",
            "generic_8a9e7c.py:205: note: PEP 484 prohibits implicit Optional. Accordingly, mypy has changed its default to no_implicit_optional=True",
            "generic_8a9e7c.py:205: note: Use https://github.com/hauntsaninja/no_implicit_optional to automatically upgrade your codebase",
            "generic_8a9e7c.py:205: error: Name \"Series\" is not defined  [name-defined]",
            "generic_8a9e7c.py:206: error: Name \"validate_axis\" is not defined  [name-defined]",
            "generic_8a9e7c.py:223: error: Incompatible default for argument \"axis\" (default has type \"None\", argument has type \"int | str\")  [assignment]",
            "generic_8a9e7c.py:223: note: PEP 484 prohibits implicit Optional. Accordingly, mypy has changed its default to no_implicit_optional=True",
            "generic_8a9e7c.py:223: note: Use https://github.com/hauntsaninja/no_implicit_optional to automatically upgrade your codebase",
            "generic_8a9e7c.py:223: error: Name \"Series\" is not defined  [name-defined]",
            "generic_8a9e7c.py:224: error: Name \"validate_axis\" is not defined  [name-defined]",
            "generic_8a9e7c.py:249: error: Incompatible default for argument \"axis\" (default has type \"None\", argument has type \"int | str\")  [assignment]",
            "generic_8a9e7c.py:249: note: PEP 484 prohibits implicit Optional. Accordingly, mypy has changed its default to no_implicit_optional=True",
            "generic_8a9e7c.py:249: note: Use https://github.com/hauntsaninja/no_implicit_optional to automatically upgrade your codebase",
            "generic_8a9e7c.py:249: error: Name \"Series\" is not defined  [name-defined]",
            "generic_8a9e7c.py:250: error: Name \"validate_axis\" is not defined  [name-defined]",
            "generic_8a9e7c.py:265: error: Incompatible default for argument \"axis\" (default has type \"None\", argument has type \"int | str\")  [assignment]",
            "generic_8a9e7c.py:265: note: PEP 484 prohibits implicit Optional. Accordingly, mypy has changed its default to no_implicit_optional=True",
            "generic_8a9e7c.py:265: note: Use https://github.com/hauntsaninja/no_implicit_optional to automatically upgrade your codebase",
            "generic_8a9e7c.py:265: error: Name \"Series\" is not defined  [name-defined]",
            "generic_8a9e7c.py:266: error: Name \"validate_axis\" is not defined  [name-defined]",
            "generic_8a9e7c.py:283: error: Incompatible default for argument \"axis\" (default has type \"None\", argument has type \"int | str\")  [assignment]",
            "generic_8a9e7c.py:283: note: PEP 484 prohibits implicit Optional. Accordingly, mypy has changed its default to no_implicit_optional=True",
            "generic_8a9e7c.py:283: note: Use https://github.com/hauntsaninja/no_implicit_optional to automatically upgrade your codebase",
            "generic_8a9e7c.py:283: error: Name \"Series\" is not defined  [name-defined]",
            "generic_8a9e7c.py:284: error: Name \"validate_axis\" is not defined  [name-defined]",
            "generic_8a9e7c.py:291: error: Incompatible default for argument \"axis\" (default has type \"None\", argument has type \"int | str\")  [assignment]",
            "generic_8a9e7c.py:291: note: PEP 484 prohibits implicit Optional. Accordingly, mypy has changed its default to no_implicit_optional=True",
            "generic_8a9e7c.py:291: note: Use https://github.com/hauntsaninja/no_implicit_optional to automatically upgrade your codebase",
            "generic_8a9e7c.py:291: error: Name \"Series\" is not defined  [name-defined]",
            "generic_8a9e7c.py:292: error: Name \"validate_axis\" is not defined  [name-defined]",
            "generic_8a9e7c.py:299: error: Incompatible default for argument \"axis\" (default has type \"None\", argument has type \"int | str\")  [assignment]",
            "generic_8a9e7c.py:299: note: PEP 484 prohibits implicit Optional. Accordingly, mypy has changed its default to no_implicit_optional=True",
            "generic_8a9e7c.py:299: note: Use https://github.com/hauntsaninja/no_implicit_optional to automatically upgrade your codebase",
            "generic_8a9e7c.py:299: error: Name \"Series\" is not defined  [name-defined]",
            "generic_8a9e7c.py:302: error: Incompatible default for argument \"axis\" (default has type \"None\", argument has type \"int | str\")  [assignment]",
            "generic_8a9e7c.py:302: note: PEP 484 prohibits implicit Optional. Accordingly, mypy has changed its default to no_implicit_optional=True",
            "generic_8a9e7c.py:302: note: Use https://github.com/hauntsaninja/no_implicit_optional to automatically upgrade your codebase",
            "generic_8a9e7c.py:302: error: Name \"Series\" is not defined  [name-defined]",
            "generic_8a9e7c.py:304: error: Name \"validate_axis\" is not defined  [name-defined]",
            "generic_8a9e7c.py:322: error: Incompatible default for argument \"axis\" (default has type \"None\", argument has type \"int | str\")  [assignment]",
            "generic_8a9e7c.py:322: note: PEP 484 prohibits implicit Optional. Accordingly, mypy has changed its default to no_implicit_optional=True",
            "generic_8a9e7c.py:322: note: Use https://github.com/hauntsaninja/no_implicit_optional to automatically upgrade your codebase",
            "generic_8a9e7c.py:322: error: Name \"Series\" is not defined  [name-defined]",
            "generic_8a9e7c.py:324: error: Name \"validate_axis\" is not defined  [name-defined]",
            "generic_8a9e7c.py:342: error: Incompatible default for argument \"axis\" (default has type \"None\", argument has type \"int | str\")  [assignment]",
            "generic_8a9e7c.py:342: note: PEP 484 prohibits implicit Optional. Accordingly, mypy has changed its default to no_implicit_optional=True",
            "generic_8a9e7c.py:342: note: Use https://github.com/hauntsaninja/no_implicit_optional to automatically upgrade your codebase",
            "generic_8a9e7c.py:342: error: Name \"Series\" is not defined  [name-defined]",
            "generic_8a9e7c.py:343: error: Name \"validate_axis\" is not defined  [name-defined]",
            "generic_8a9e7c.py:358: error: Incompatible default for argument \"axis\" (default has type \"None\", argument has type \"int | str\")  [assignment]",
            "generic_8a9e7c.py:358: note: PEP 484 prohibits implicit Optional. Accordingly, mypy has changed its default to no_implicit_optional=True",
            "generic_8a9e7c.py:358: note: Use https://github.com/hauntsaninja/no_implicit_optional to automatically upgrade your codebase",
            "generic_8a9e7c.py:358: error: Name \"Series\" is not defined  [name-defined]",
            "generic_8a9e7c.py:360: error: Name \"validate_axis\" is not defined  [name-defined]",
            "generic_8a9e7c.py:389: error: Name \"DataFrame\" is not defined  [name-defined]",
            "generic_8a9e7c.py:389: error: Name \"Series\" is not defined  [name-defined]",
            "generic_8a9e7c.py:408: error: Name \"is_name_like_tuple\" is not defined  [name-defined]",
            "generic_8a9e7c.py:412: error: Name \"is_name_like_value\" is not defined  [name-defined]",
            "generic_8a9e7c.py:421: error: Name \"is_name_like_tuple\" is not defined  [name-defined]",
            "generic_8a9e7c.py:425: error: Name \"is_name_like_value\" is not defined  [name-defined]",
            "generic_8a9e7c.py:436: error: Name \"validate_axis\" is not defined  [name-defined]",
            "generic_8a9e7c.py:499: error: Function \"generic_8a9e7c.Frame.bool\" is not valid as a type  [valid-type]",
            "generic_8a9e7c.py:499: note: Perhaps you need \"Callable[...]\" or a callback protocol?",
            "generic_8a9e7c.py:500: error: Function \"generic_8a9e7c.Frame.bool\" is not valid as a type  [valid-type]",
            "generic_8a9e7c.py:500: note: Perhaps you need \"Callable[...]\" or a callback protocol?",
            "generic_8a9e7c.py:505: error: Function \"generic_8a9e7c.Frame.bool\" is not valid as a type  [valid-type]",
            "generic_8a9e7c.py:505: note: Perhaps you need \"Callable[...]\" or a callback protocol?",
            "generic_8a9e7c.py:508: error: Function \"generic_8a9e7c.Frame.bool\" is not valid as a type  [valid-type]",
            "generic_8a9e7c.py:508: note: Perhaps you need \"Callable[...]\" or a callback protocol?",
            "generic_8a9e7c.py:519: error: Name \"validate_arguments_and_invoke_function\" is not defined  [name-defined]",
            "generic_8a9e7c.py:528: error: Function \"generic_8a9e7c.Frame.bool\" is not valid as a type  [valid-type]",
            "generic_8a9e7c.py:528: note: Perhaps you need \"Callable[...]\" or a callback protocol?",
            "Found 65 errors in 1 file (checked 1 source file)"
        ]
    },
    "generic_a07530.py": {
        "stats": {
            "total_parameters": 184,
            "parameters_with_annotations": 130
        },
        "error_count": 68,
        "isCompiled": false,
        "errors": [
            "generic_a07530.py:40: error: Name \"validate_func_kwargs\" is not defined  [name-defined]",
            "generic_a07530.py:43: error: Name \"maybe_use_numba\" is not defined  [name-defined]",
            "generic_a07530.py:49: error: Name \"maybe_mangle_lambdas\" is not defined  [name-defined]",
            "generic_a07530.py:60: error: Name \"maybe_use_numba\" is not defined  [name-defined]",
            "generic_a07530.py:65: error: Argument 1 to \"_python_agg_general\" of \"SeriesGroupBy\" has incompatible type \"str | Callable[..., Any] | None\"; expected \"Callable[..., Any]\"  [arg-type]",
            "generic_a07530.py:78: error: Name \"SpecificationError\" is not defined  [name-defined]",
            "generic_a07530.py:82: error: Name \"com\" is not defined  [name-defined]",
            "generic_a07530.py:84: error: Name \"base\" is not defined  [name-defined]",
            "generic_a07530.py:85: error: Name \"com\" is not defined  [name-defined]",
            "generic_a07530.py:87: error: Name \"base\" is not defined  [name-defined]",
            "generic_a07530.py:139: error: Name \"__examples_series_doc\" is not defined  [name-defined]",
            "generic_a07530.py:140: error: Name \"_transform_template\" is not defined  [name-defined]",
            "generic_a07530.py:153: error: Name \"maybe_use_numba\" is not defined  [name-defined]",
            "generic_a07530.py:192: error: Name \"algorithms\" is not defined  [name-defined]",
            "generic_a07530.py:197: error: Name \"get_group_index\" is not defined  [name-defined]",
            "generic_a07530.py:208: error: Name \"duplicated\" is not defined  [name-defined]",
            "generic_a07530.py:210: error: Name \"ensure_int64\" is not defined  [name-defined]",
            "generic_a07530.py:218: error: Name \"doc\" is not defined  [name-defined]",
            "generic_a07530.py:240: error: Name \"CategoricalDtype\" is not defined  [name-defined]",
            "generic_a07530.py:249: error: Name \"algorithms\" is not defined  [name-defined]",
            "generic_a07530.py:253: error: Name \"Categorical\" is not defined  [name-defined]",
            "generic_a07530.py:257: error: Name \"IntervalDtype\" is not defined  [name-defined]",
            "generic_a07530.py:258: error: Name \"Interval\" is not defined  [name-defined]",
            "generic_a07530.py:278: error: Name \"algorithms\" is not defined  [name-defined]",
            "generic_a07530.py:319: error: Name \"is_integer_dtype\" is not defined  [name-defined]",
            "generic_a07530.py:320: error: Name \"ensure_int64\" is not defined  [name-defined]",
            "generic_a07530.py:353: error: Name \"doc\" is not defined  [name-defined]",
            "generic_a07530.py:354: error: Name \"GroupByPlot\" is not defined  [name-defined]",
            "generic_a07530.py:355: error: Name \"GroupByPlot\" is not defined  [name-defined]",
            "generic_a07530.py:358: error: Name \"doc\" is not defined  [name-defined]",
            "generic_a07530.py:362: error: Name \"Literal\" is not defined  [name-defined]",
            "generic_a07530.py:362: error: Name \"first\" is not defined  [name-defined]",
            "generic_a07530.py:362: error: Name \"last\" is not defined  [name-defined]",
            "generic_a07530.py:364: error: Name \"partial\" is not defined  [name-defined]",
            "generic_a07530.py:369: error: Name \"doc\" is not defined  [name-defined]",
            "generic_a07530.py:373: error: Name \"Literal\" is not defined  [name-defined]",
            "generic_a07530.py:373: error: Name \"first\" is not defined  [name-defined]",
            "generic_a07530.py:373: error: Name \"last\" is not defined  [name-defined]",
            "generic_a07530.py:375: error: Name \"partial\" is not defined  [name-defined]",
            "generic_a07530.py:386: error: Name \"doc\" is not defined  [name-defined]",
            "generic_a07530.py:396: error: Name \"doc\" is not defined  [name-defined]",
            "generic_a07530.py:414: error: Name \"doc\" is not defined  [name-defined]",
            "generic_a07530.py:448: error: Name \"doc\" is not defined  [name-defined]",
            "generic_a07530.py:458: error: Name \"__examples_dataframe_doc\" is not defined  [name-defined]",
            "generic_a07530.py:468: error: Name \"reconstruct_func\" is not defined  [name-defined]",
            "generic_a07530.py:469: error: Name \"maybe_mangle_lambdas\" is not defined  [name-defined]",
            "generic_a07530.py:470: error: Name \"maybe_use_numba\" is not defined  [name-defined]",
            "generic_a07530.py:473: error: Name \"GroupByApply\" is not defined  [name-defined]",
            "generic_a07530.py:475: error: Name \"is_dict_like\" is not defined  [name-defined]",
            "generic_a07530.py:488: error: Name \"maybe_use_numba\" is not defined  [name-defined]",
            "generic_a07530.py:491: error: Argument 1 to \"_python_agg_general\" of \"DataFrameGroupBy\" has incompatible type \"str | Callable[..., Any] | list[Any] | dict[Any, Any] | None\"; expected \"Callable[..., Any]\"  [arg-type]",
            "generic_a07530.py:493: error: Argument 1 to \"_aggregate_frame\" of \"DataFrameGroupBy\" has incompatible type \"str | Callable[..., Any] | list[Any] | dict[Any, Any] | None\"; expected \"Callable[..., Any]\"  [arg-type]",
            "generic_a07530.py:495: error: Name \"GroupByApply\" is not defined  [name-defined]",
            "generic_a07530.py:501: error: Argument 1 to \"_aggregate_frame\" of \"DataFrameGroupBy\" has incompatible type \"str | Callable[..., Any] | list[Any] | dict[Any, Any] | None\"; expected \"Callable[..., Any]\"  [arg-type]",
            "generic_a07530.py:557: error: Name \"com\" is not defined  [name-defined]",
            "generic_a07530.py:566: error: Name \"is_hashable\" is not defined  [name-defined]",
            "generic_a07530.py:592: error: Name \"all_indexes_same\" is not defined  [name-defined]",
            "generic_a07530.py:623: error: Name \"maybe_use_numba\" is not defined  [name-defined]",
            "generic_a07530.py:656: error: Name \"__examples_dataframe_doc\" is not defined  [name-defined]",
            "generic_a07530.py:657: error: Name \"_transform_template\" is not defined  [name-defined]",
            "generic_a07530.py:666: error: \"str\" not callable  [operator]",
            "generic_a07530.py:667: error: \"str\" not callable  [operator]",
            "generic_a07530.py:838: error: Name \"doc\" is not defined  [name-defined]",
            "generic_a07530.py:839: error: Name \"GroupByPlot\" is not defined  [name-defined]",
            "generic_a07530.py:840: error: Name \"GroupByPlot\" is not defined  [name-defined]",
            "generic_a07530.py:843: error: Name \"doc\" is not defined  [name-defined]",
            "generic_a07530.py:853: error: Name \"doc\" is not defined  [name-defined]",
            "generic_a07530.py:910: error: Name \"find_stack_level\" is not defined  [name-defined]",
            "Found 68 errors in 1 file (checked 1 source file)"
        ]
    },
    "git_90c119.py": {
        "stats": {
            "total_parameters": 50,
            "parameters_with_annotations": 50
        },
        "error_count": 0,
        "isCompiled": true,
        "errors": []
    },
    "groupby_7dd4b2.py": {
        "stats": {
            "total_parameters": 166,
            "parameters_with_annotations": 105
        },
        "error_count": 112,
        "isCompiled": false,
        "errors": [
            "groupby_7dd4b2.py:113: error: \"GroupBy\" has no attribute \"_agg_columns\"  [attr-defined]",
            "groupby_7dd4b2.py:116: error: \"GroupBy\" has no attribute \"_kdf\"  [attr-defined]",
            "groupby_7dd4b2.py:116: error: \"GroupBy\" has no attribute \"_groupkeys\"  [attr-defined]",
            "groupby_7dd4b2.py:118: error: \"GroupBy\" has no attribute \"_dropna\"  [attr-defined]",
            "groupby_7dd4b2.py:124: error: \"GroupBy\" has no attribute \"_as_index\"  [attr-defined]",
            "groupby_7dd4b2.py:126: error: \"GroupBy\" has no attribute \"_groupkeys\"  [attr-defined]",
            "groupby_7dd4b2.py:126: error: \"GroupBy\" has no attribute \"_kdf\"  [attr-defined]",
            "groupby_7dd4b2.py:130: error: \"GroupBy\" has no attribute \"_groupkeys\"  [attr-defined]",
            "groupby_7dd4b2.py:238: error: \"GroupBy\" has no attribute \"_groupkeys\"  [attr-defined]",
            "groupby_7dd4b2.py:241: error: \"GroupBy\" has no attribute \"_kdf\"  [attr-defined]",
            "groupby_7dd4b2.py:242: error: \"GroupBy\" has no attribute \"_kdf\"  [attr-defined]",
            "groupby_7dd4b2.py:262: error: \"GroupBy\" has no attribute \"_groupkeys\"  [attr-defined]",
            "groupby_7dd4b2.py:265: error: \"GroupBy\" has no attribute \"_groupkeys_scols\"  [attr-defined]",
            "groupby_7dd4b2.py:306: error: Argument 2 to \"isinstance\" has incompatible type \"<typing special form>\"; expected \"_ClassInfo\"  [arg-type]",
            "groupby_7dd4b2.py:315: error: \"GroupBy\" has no attribute \"_kdf\"  [attr-defined]",
            "groupby_7dd4b2.py:317: error: \"GroupBy\" has no attribute \"_agg_columns_selected\"  [attr-defined]",
            "groupby_7dd4b2.py:318: error: \"GroupBy\" has no attribute \"_agg_columns\"  [attr-defined]",
            "groupby_7dd4b2.py:323: error: \"GroupBy\" has no attribute \"_column_labels_to_exlcude\"  [attr-defined]",
            "groupby_7dd4b2.py:327: error: \"GroupBy\" has no attribute \"_groupkeys\"  [attr-defined]",
            "groupby_7dd4b2.py:345: error: \"GroupBy\" has no attribute \"_groupkeys\"  [attr-defined]",
            "groupby_7dd4b2.py:354: error: Name \"cast\" is not defined  [name-defined]",
            "groupby_7dd4b2.py:354: note: Did you forget to import it from \"typing\"? (Suggestion: \"from typing import cast\")",
            "groupby_7dd4b2.py:355: error: Name \"cast\" is not defined  [name-defined]",
            "groupby_7dd4b2.py:355: note: Did you forget to import it from \"typing\"? (Suggestion: \"from typing import cast\")",
            "groupby_7dd4b2.py:360: error: Name \"cast\" is not defined  [name-defined]",
            "groupby_7dd4b2.py:360: note: Did you forget to import it from \"typing\"? (Suggestion: \"from typing import cast\")",
            "groupby_7dd4b2.py:374: error: Name \"cast\" is not defined  [name-defined]",
            "groupby_7dd4b2.py:374: note: Did you forget to import it from \"typing\"? (Suggestion: \"from typing import cast\")",
            "groupby_7dd4b2.py:375: error: Name \"cast\" is not defined  [name-defined]",
            "groupby_7dd4b2.py:375: note: Did you forget to import it from \"typing\"? (Suggestion: \"from typing import cast\")",
            "groupby_7dd4b2.py:378: error: Name \"cast\" is not defined  [name-defined]",
            "groupby_7dd4b2.py:378: note: Did you forget to import it from \"typing\"? (Suggestion: \"from typing import cast\")",
            "groupby_7dd4b2.py:385: error: Name \"cast\" is not defined  [name-defined]",
            "groupby_7dd4b2.py:385: note: Did you forget to import it from \"typing\"? (Suggestion: \"from typing import cast\")",
            "groupby_7dd4b2.py:429: error: Name \"cast\" is not defined  [name-defined]",
            "groupby_7dd4b2.py:429: note: Did you forget to import it from \"typing\"? (Suggestion: \"from typing import cast\")",
            "groupby_7dd4b2.py:441: error: Argument 2 to \"isinstance\" has incompatible type \"<typing special form>\"; expected \"_ClassInfo\"  [arg-type]",
            "groupby_7dd4b2.py:446: error: \"GroupBy\" has no attribute \"_kdf\"  [attr-defined]",
            "groupby_7dd4b2.py:448: error: \"GroupBy\" has no attribute \"_agg_columns_selected\"  [attr-defined]",
            "groupby_7dd4b2.py:449: error: \"GroupBy\" has no attribute \"_agg_columns\"  [attr-defined]",
            "groupby_7dd4b2.py:454: error: \"GroupBy\" has no attribute \"_column_labels_to_exlcude\"  [attr-defined]",
            "groupby_7dd4b2.py:462: error: \"GroupBy\" has no attribute \"_groupkeys\"  [attr-defined]",
            "groupby_7dd4b2.py:483: error: \"GroupBy\" has no attribute \"_kdf\"  [attr-defined]",
            "groupby_7dd4b2.py:530: error: \"GroupBy\" has no attribute \"_kdf\"  [attr-defined]",
            "groupby_7dd4b2.py:532: error: \"GroupBy\" has no attribute \"_groupkeys\"  [attr-defined]",
            "groupby_7dd4b2.py:533: error: \"GroupBy\" has no attribute \"_kdf\"  [attr-defined]",
            "groupby_7dd4b2.py:534: error: \"GroupBy\" has no attribute \"_groupkeys\"  [attr-defined]",
            "groupby_7dd4b2.py:536: error: \"GroupBy\" has no attribute \"_kdf\"  [attr-defined]",
            "groupby_7dd4b2.py:538: error: \"GroupBy\" has no attribute \"_agg_columns\"  [attr-defined]",
            "groupby_7dd4b2.py:538: error: \"GroupBy\" has no attribute \"_agg_columns_scols\"  [attr-defined]",
            "groupby_7dd4b2.py:550: error: \"GroupBy\" has no attribute \"_groupkeys\"  [attr-defined]",
            "groupby_7dd4b2.py:551: error: \"GroupBy\" has no attribute \"_groupkeys\"  [attr-defined]",
            "groupby_7dd4b2.py:552: error: \"GroupBy\" has no attribute \"_agg_columns\"  [attr-defined]",
            "groupby_7dd4b2.py:553: error: \"GroupBy\" has no attribute \"_agg_columns\"  [attr-defined]",
            "groupby_7dd4b2.py:558: error: \"GroupBy\" has no attribute \"_kdf\"  [attr-defined]",
            "groupby_7dd4b2.py:560: error: \"GroupBy\" has no attribute \"_groupkeys\"  [attr-defined]",
            "groupby_7dd4b2.py:561: error: \"GroupBy\" has no attribute \"_kdf\"  [attr-defined]",
            "groupby_7dd4b2.py:562: error: \"GroupBy\" has no attribute \"_groupkeys\"  [attr-defined]",
            "groupby_7dd4b2.py:564: error: \"GroupBy\" has no attribute \"_kdf\"  [attr-defined]",
            "groupby_7dd4b2.py:566: error: \"GroupBy\" has no attribute \"_agg_columns\"  [attr-defined]",
            "groupby_7dd4b2.py:566: error: \"GroupBy\" has no attribute \"_agg_columns_scols\"  [attr-defined]",
            "groupby_7dd4b2.py:578: error: \"GroupBy\" has no attribute \"_groupkeys\"  [attr-defined]",
            "groupby_7dd4b2.py:579: error: \"GroupBy\" has no attribute \"_agg_columns\"  [attr-defined]",
            "groupby_7dd4b2.py:580: error: \"GroupBy\" has no attribute \"_agg_columns\"  [attr-defined]",
            "groupby_7dd4b2.py:603: error: \"GroupBy\" has no attribute \"_kdf\"  [attr-defined]",
            "groupby_7dd4b2.py:604: error: \"GroupBy\" has no attribute \"_agg_columns_selected\"  [attr-defined]",
            "groupby_7dd4b2.py:605: error: \"GroupBy\" has no attribute \"_agg_columns\"  [attr-defined]",
            "groupby_7dd4b2.py:610: error: \"GroupBy\" has no attribute \"_column_labels_to_exlcude\"  [attr-defined]",
            "groupby_7dd4b2.py:613: error: \"GroupBy\" has no attribute \"_groupkeys\"  [attr-defined]",
            "groupby_7dd4b2.py:644: error: Argument 2 to \"isinstance\" has incompatible type \"<typing special form>\"; expected \"_ClassInfo\"  [arg-type]",
            "groupby_7dd4b2.py:649: error: \"GroupBy\" has no attribute \"_kdf\"  [attr-defined]",
            "groupby_7dd4b2.py:649: error: \"GroupBy\" has no attribute \"_groupkeys\"  [attr-defined]",
            "groupby_7dd4b2.py:649: error: \"GroupBy\" has no attribute \"_agg_columns\"  [attr-defined]",
            "groupby_7dd4b2.py:681: error: Name \"cast\" is not defined  [name-defined]",
            "groupby_7dd4b2.py:681: note: Did you forget to import it from \"typing\"? (Suggestion: \"from typing import cast\")",
            "groupby_7dd4b2.py:687: error: Name \"cast\" is not defined  [name-defined]",
            "groupby_7dd4b2.py:687: note: Did you forget to import it from \"typing\"? (Suggestion: \"from typing import cast\")",
            "groupby_7dd4b2.py:718: error: \"GroupBy\" has no attribute \"_groupkeys\"  [attr-defined]",
            "groupby_7dd4b2.py:734: error: \"GroupBy\" has no attribute \"_agg_columns_selected\"  [attr-defined]",
            "groupby_7dd4b2.py:735: error: \"GroupBy\" has no attribute \"_kdf\"  [attr-defined]",
            "groupby_7dd4b2.py:737: error: \"GroupBy\" has no attribute \"_agg_columns_scols\"  [attr-defined]",
            "groupby_7dd4b2.py:742: error: \"GroupBy\" has no attribute \"_agg_columns\"  [attr-defined]",
            "groupby_7dd4b2.py:743: error: \"GroupBy\" has no attribute \"_agg_columns\"  [attr-defined]",
            "groupby_7dd4b2.py:744: error: \"GroupBy\" has no attribute \"_agg_columns\"  [attr-defined]",
            "groupby_7dd4b2.py:747: error: \"GroupBy\" has no attribute \"_kdf\"  [attr-defined]",
            "groupby_7dd4b2.py:759: error: \"GroupBy\" has no attribute \"_agg_columns\"  [attr-defined]",
            "groupby_7dd4b2.py:760: error: \"GroupBy\" has no attribute \"_agg_columns_scols\"  [attr-defined]",
            "groupby_7dd4b2.py:761: error: \"GroupBy\" has no attribute \"_groupkeys\"  [attr-defined]",
            "groupby_7dd4b2.py:762: error: \"GroupBy\" has no attribute \"_groupkeys_scols\"  [attr-defined]",
            "groupby_7dd4b2.py:763: error: \"GroupBy\" has no attribute \"_kdf\"  [attr-defined]",
            "groupby_7dd4b2.py:787: error: \"GroupBy\" has no attribute \"_groupkeys\"  [attr-defined]",
            "groupby_7dd4b2.py:788: error: \"GroupBy\" has no attribute \"_groupkeys\"  [attr-defined]",
            "groupby_7dd4b2.py:791: error: \"GroupBy\" has no attribute \"_kdf\"  [attr-defined]",
            "groupby_7dd4b2.py:794: error: \"GroupBy\" has no attribute \"_dropna\"  [attr-defined]",
            "groupby_7dd4b2.py:800: error: \"GroupBy\" has no attribute \"_as_index\"  [attr-defined]",
            "groupby_7dd4b2.py:802: error: \"GroupBy\" has no attribute \"_groupkeys\"  [attr-defined]",
            "groupby_7dd4b2.py:802: error: \"GroupBy\" has no attribute \"_kdf\"  [attr-defined]",
            "groupby_7dd4b2.py:806: error: \"GroupBy\" has no attribute \"_groupkeys\"  [attr-defined]",
            "groupby_7dd4b2.py:1022: error: Unexpected keyword argument \"kdf\" for \"__init__\" of \"object\"  [call-arg]",
            "D:\\python3.8\\lib\\site-packages\\mypy\\typeshed\\stdlib\\builtins.pyi:89: note: \"__init__\" of \"object\" defined here",
            "groupby_7dd4b2.py:1022: error: Unexpected keyword argument \"groupkeys\" for \"__init__\" of \"object\"  [call-arg]",
            "D:\\python3.8\\lib\\site-packages\\mypy\\typeshed\\stdlib\\builtins.pyi:89: note: \"__init__\" of \"object\" defined here",
            "groupby_7dd4b2.py:1022: error: Unexpected keyword argument \"as_index\" for \"__init__\" of \"object\"  [call-arg]",
            "D:\\python3.8\\lib\\site-packages\\mypy\\typeshed\\stdlib\\builtins.pyi:89: note: \"__init__\" of \"object\" defined here",
            "groupby_7dd4b2.py:1022: error: Unexpected keyword argument \"dropna\" for \"__init__\" of \"object\"  [call-arg]",
            "D:\\python3.8\\lib\\site-packages\\mypy\\typeshed\\stdlib\\builtins.pyi:89: note: \"__init__\" of \"object\" defined here",
            "groupby_7dd4b2.py:1022: error: Unexpected keyword argument \"column_labels_to_exlcude\" for \"__init__\" of \"object\"  [call-arg]",
            "D:\\python3.8\\lib\\site-packages\\mypy\\typeshed\\stdlib\\builtins.pyi:89: note: \"__init__\" of \"object\" defined here",
            "groupby_7dd4b2.py:1022: error: Unexpected keyword argument \"agg_columns_selected\" for \"__init__\" of \"object\"  [call-arg]",
            "D:\\python3.8\\lib\\site-packages\\mypy\\typeshed\\stdlib\\builtins.pyi:89: note: \"__init__\" of \"object\" defined here",
            "groupby_7dd4b2.py:1022: error: Unexpected keyword argument \"agg_columns\" for \"__init__\" of \"object\"  [call-arg]",
            "D:\\python3.8\\lib\\site-packages\\mypy\\typeshed\\stdlib\\builtins.pyi:89: note: \"__init__\" of \"object\" defined here",
            "Found 95 errors in 1 file (checked 1 source file)"
        ]
    },
    "header_990b83.py": {
        "stats": {
            "total_parameters": 0,
            "parameters_with_annotations": 0
        },
        "error_count": 1,
        "isCompiled": false,
        "errors": [
            "header_990b83.py:294: error: invalid syntax; you likely need to run mypy using Python 3.10 or newer  [syntax]",
            "Found 1 error in 1 file (errors prevented further checking)"
        ]
    },
    "helpers_b607a0.py": {
        "stats": {
            "total_parameters": 51,
            "parameters_with_annotations": 50
        },
        "error_count": 0,
        "isCompiled": true,
        "errors": []
    },
    "helpers_e73aba.py": {
        "stats": {
            "total_parameters": 44,
            "parameters_with_annotations": 44
        },
        "error_count": 0,
        "isCompiled": true,
        "errors": []
    },
    "hist_13f59f.py": {
        "stats": {
            "total_parameters": 107,
            "parameters_with_annotations": 92
        },
        "error_count": 2,
        "isCompiled": false,
        "errors": [
            "hist_13f59f.py:94: error: Argument 2 to \"_calculate_bins\" of \"HistPlot\" has incompatible type \"int | Any | list[Any]\"; expected \"int\"  [arg-type]",
            "hist_13f59f.py:96: error: Argument 2 to \"_calculate_bins\" of \"HistPlot\" has incompatible type \"int | Any | list[Any]\"; expected \"int\"  [arg-type]",
            "Found 2 errors in 1 file (checked 1 source file)"
        ]
    },
    "hive_66cde7.py": {
        "stats": {
            "total_parameters": 88,
            "parameters_with_annotations": 66
        },
        "error_count": 1,
        "isCompiled": false,
        "errors": [
            "hive_66cde7.py:437: error: Missing return statement  [empty-body]",
            "Found 1 error in 1 file (checked 1 source file)"
        ]
    },
    "http1connection_0621ea.py": {
        "stats": {
            "total_parameters": 0,
            "parameters_with_annotations": 0
        },
        "error_count": 1,
        "isCompiled": false,
        "errors": [
            "http1connection_0621ea.py:423: error: invalid syntax; you likely need to run mypy using Python 3.10 or newer  [syntax]",
            "Found 1 error in 1 file (errors prevented further checking)"
        ]
    },
    "httpclient_e36adc.py": {
        "stats": {
            "total_parameters": 87,
            "parameters_with_annotations": 61
        },
        "error_count": 1,
        "isCompiled": false,
        "errors": [
            "httpclient_e36adc.py:298: error: invalid syntax; you likely need to run mypy using Python 3.10 or newer  [syntax]",
            "Found 1 error in 1 file (errors prevented further checking)"
        ]
    },
    "indexing_b000ec.py": {
        "stats": {
            "total_parameters": 108,
            "parameters_with_annotations": 63
        },
        "error_count": 10,
        "isCompiled": false,
        "errors": [
            "indexing_b000ec.py:458: error: Incompatible types in assignment (expression has type \"list[Any] | None\", variable has type \"list[Any]\")  [assignment]",
            "indexing_b000ec.py:609: error: \"LocIndexerLike\" has no attribute \"_sequence_col\"  [attr-defined]",
            "indexing_b000ec.py:690: error: \"LocIndexerLike\" has no attribute \"_sequence_col\"  [attr-defined]",
            "indexing_b000ec.py:695: error: Argument 1 to \"len\" has incompatible type \"list[Any] | None\"; expected \"Sized\"  [arg-type]",
            "indexing_b000ec.py:709: error: Item \"None\" of \"list[Any] | None\" has no attribute \"__iter__\" (not iterable)  [union-attr]",
            "indexing_b000ec.py:1156: error: Value of type \"tuple[Any, ...] | None\" is not indexable  [index]",
            "indexing_b000ec.py:1161: error: Incompatible types in assignment (expression has type \"set[tuple[Any, ...]]\", variable has type \"list[tuple[tuple[Any, ...], tuple[Any, ...] | None]] | None\")  [assignment]",
            "indexing_b000ec.py:1171: error: Incompatible types in assignment (expression has type \"tuple[tuple[Any, ...] | None, ...]\", variable has type \"tuple[tuple[Any, ...], tuple[Any, ...] | None]\")  [assignment]",
            "indexing_b000ec.py:1175: error: List comprehension has incompatible type List[tuple[Any, ...] | None]; expected List[tuple[tuple[Any, ...], tuple[Any, ...] | None]]  [misc]",
            "indexing_b000ec.py:1181: error: Incompatible return value type (got \"tuple[list[tuple[tuple[Any, ...], tuple[Any, ...] | None]], list[Any], list[Any], bool, tuple[Any, ...] | None]\", expected \"tuple[list[tuple[Any, ...]], list[Any] | None, Any, bool, tuple[Any, ...] | None]\")  [return-value]",
            "Found 10 errors in 1 file (checked 1 source file)"
        ]
    },
    "indexing_d02a25.py": {
        "stats": {
            "total_parameters": 190,
            "parameters_with_annotations": 122
        },
        "error_count": 1,
        "isCompiled": false,
        "errors": [
            "indexing_d02a25.py:2053: error: Incompatible types in assignment (expression has type \"range\", variable has type \"list[Any]\")  [assignment]",
            "Found 1 error in 1 file (checked 1 source file)"
        ]
    },
    "initiator_fb22e8.py": {
        "stats": {
            "total_parameters": 44,
            "parameters_with_annotations": 44
        },
        "error_count": 0,
        "isCompiled": true,
        "errors": []
    },
    "initiator_manager_26765c.py": {
        "stats": {
            "total_parameters": 65,
            "parameters_with_annotations": 65
        },
        "error_count": 0,
        "isCompiled": true,
        "errors": []
    },
    "interval_941dbf.py": {
        "stats": {
            "total_parameters": 96,
            "parameters_with_annotations": 60
        },
        "error_count": 0,
        "isCompiled": true,
        "errors": []
    },
    "kedro_data_catalog_148318.py": {
        "stats": {
            "total_parameters": 86,
            "parameters_with_annotations": 50
        },
        "error_count": 0,
        "isCompiled": true,
        "errors": []
    },
    "linegen_ea8858.py": {
        "stats": {
            "total_parameters": 137,
            "parameters_with_annotations": 109
        },
        "error_count": 0,
        "isCompiled": true,
        "errors": []
    },
    "local_b588b6.py": {
        "stats": {
            "total_parameters": 72,
            "parameters_with_annotations": 52
        },
        "error_count": 20,
        "isCompiled": false,
        "errors": [
            "local_b588b6.py:74: error: Method \"get_public_upload_root_url\" is marked as an override, but no base method was found with this name  [misc]",
            "local_b588b6.py:78: error: Method \"generate_message_upload_path\" is marked as an override, but no base method was found with this name  [misc]",
            "local_b588b6.py:90: error: Method \"upload_message_attachment\" is marked as an override, but no base method was found with this name  [misc]",
            "local_b588b6.py:101: error: Method \"save_attachment_contents\" is marked as an override, but no base method was found with this name  [misc]",
            "local_b588b6.py:106: error: Method \"attachment_vips_source\" is marked as an override, but no base method was found with this name  [misc]",
            "local_b588b6.py:113: error: Method \"delete_message_attachment\" is marked as an override, but no base method was found with this name  [misc]",
            "local_b588b6.py:117: error: Method \"all_message_attachments\" is marked as an override, but no base method was found with this name  [misc]",
            "local_b588b6.py:138: error: Method \"get_avatar_url\" is marked as an override, but no base method was found with this name  [misc]",
            "local_b588b6.py:142: error: Method \"get_avatar_contents\" is marked as an override, but no base method was found with this name  [misc]",
            "local_b588b6.py:148: error: Method \"upload_single_avatar_image\" is marked as an override, but no base method was found with this name  [misc]",
            "local_b588b6.py:160: error: Method \"delete_avatar_image\" is marked as an override, but no base method was found with this name  [misc]",
            "local_b588b6.py:166: error: Method \"get_realm_icon_url\" is marked as an override, but no base method was found with this name  [misc]",
            "local_b588b6.py:170: error: Method \"upload_realm_icon_image\" is marked as an override, but no base method was found with this name  [misc]",
            "local_b588b6.py:181: error: Method \"get_realm_logo_url\" is marked as an override, but no base method was found with this name  [misc]",
            "local_b588b6.py:189: error: Method \"upload_realm_logo_image\" is marked as an override, but no base method was found with this name  [misc]",
            "local_b588b6.py:206: error: Method \"get_emoji_url\" is marked as an override, but no base method was found with this name  [misc]",
            "local_b588b6.py:224: error: Method \"upload_single_emoji_image\" is marked as an override, but no base method was found with this name  [misc]",
            "local_b588b6.py:230: error: Method \"get_export_tarball_url\" is marked as an override, but no base method was found with this name  [misc]",
            "local_b588b6.py:235: error: Method \"upload_export_tarball\" is marked as an override, but no base method was found with this name  [misc]",
            "local_b588b6.py:253: error: Method \"delete_export_tarball\" is marked as an override, but no base method was found with this name  [misc]",
            "Found 20 errors in 1 file (checked 1 source file)"
        ]
    },
    "log_67c6cb.py": {
        "stats": {
            "total_parameters": 62,
            "parameters_with_annotations": 48
        },
        "error_count": 0,
        "isCompiled": true,
        "errors": []
    },
    "log_writer_c4397a.py": {
        "stats": {
            "total_parameters": 69,
            "parameters_with_annotations": 46
        },
        "error_count": 0,
        "isCompiled": true,
        "errors": []
    },
    "managers_6d6254.py": {
        "stats": {
            "total_parameters": 292,
            "parameters_with_annotations": 179
        },
        "error_count": 9,
        "isCompiled": false,
        "errors": [
            "managers_6d6254.py:738: error: Trying to assign name \"_is_consolidated\" that is not in \"__slots__\" of type \"managers_6d6254.BaseBlockManager\"  [misc]",
            "managers_6d6254.py:1252: error: Unsupported target for indexed assignment (\"Any | None\")  [index]",
            "managers_6d6254.py:1255: error: Unsupported target for indexed assignment (\"Any | None\")  [index]",
            "managers_6d6254.py:1621: error: Trying to assign name \"axes\" that is not in \"__slots__\" of type \"managers_6d6254.SingleBlockManager\"  [misc]",
            "managers_6d6254.py:1622: error: Trying to assign name \"blocks\" that is not in \"__slots__\" of type \"managers_6d6254.SingleBlockManager\"  [misc]",
            "managers_6d6254.py:1682: error: Trying to assign name \"axes\" that is not in \"__slots__\" of type \"managers_6d6254.SingleBlockManager\"  [misc]",
            "managers_6d6254.py:1684: error: Trying to assign name \"blocks\" that is not in \"__slots__\" of type \"managers_6d6254.SingleBlockManager\"  [misc]",
            "managers_6d6254.py:1772: error: Trying to assign name \"blocks\" that is not in \"__slots__\" of type \"managers_6d6254.SingleBlockManager\"  [misc]",
            "managers_6d6254.py:1787: error: Trying to assign name \"blocks\" that is not in \"__slots__\" of type \"managers_6d6254.SingleBlockManager\"  [misc]",
            "Found 9 errors in 1 file (checked 1 source file)"
        ]
    },
    "manifest_0eeebb.py": {
        "stats": {
            "total_parameters": 147,
            "parameters_with_annotations": 106
        },
        "error_count": 4,
        "isCompiled": false,
        "errors": [
            "manifest_0eeebb.py:806: error: Item \"None\" of \"Any | None\" has no attribute \"get_macro_id\"  [union-attr]",
            "manifest_0eeebb.py:916: error: Item \"None\" of \"Any | None\" has no attribute \"get_macro\"  [union-attr]",
            "manifest_0eeebb.py:1563: error: \"Expr\" has no attribute \"name\"  [attr-defined]",
            "manifest_0eeebb.py:1565: error: \"Expr\" has no attribute \"value\"  [attr-defined]",
            "Found 4 errors in 1 file (checked 1 source file)"
        ]
    },
    "manifest_47c52e.py": {
        "stats": {
            "total_parameters": 339,
            "parameters_with_annotations": 211
        },
        "error_count": 9,
        "isCompiled": false,
        "errors": [
            "manifest_47c52e.py:755: error: Argument 1 to \"_build_macros_by_name\" of \"MacroMethods\" has incompatible type \"list[Any]\"; expected \"Mapping[str, Any]\"  [arg-type]",
            "manifest_47c52e.py:769: error: Argument 1 to \"_build_macros_by_package\" of \"MacroMethods\" has incompatible type \"list[Any]\"; expected \"Mapping[str, Any]\"  [arg-type]",
            "manifest_47c52e.py:805: error: Incompatible types in assignment (expression has type \"MutableMapping[str, Any]\", base class \"MacroMethods\" defined the type as \"list[Any]\")  [assignment]",
            "manifest_47c52e.py:936: error: Incompatible types in assignment (expression has type \"MacroCandidate | None\", variable has type \"MaterializationCandidate | None\")  [assignment]",
            "manifest_47c52e.py:952: error: Incompatible types in assignment (expression has type \"MacroCandidate | None\", variable has type \"MaterializationCandidate | None\")  [assignment]",
            "manifest_47c52e.py:1527: error: Argument 1 of \"__reduce_ex__\" is incompatible with supertype \"object\"; supertype defines the argument type as \"SupportsIndex\"  [override]",
            "manifest_47c52e.py:1527: note: This violates the Liskov substitution principle",
            "manifest_47c52e.py:1527: note: See https://mypy.readthedocs.io/en/stable/common_issues.html#incompatible-overrides",
            "manifest_47c52e.py:1576: error: Incompatible types in assignment (expression has type \"MutableMapping[str, Any]\", variable has type \"list[Any]\")  [assignment]",
            "Found 7 errors in 1 file (checked 1 source file)"
        ]
    },
    "mediation_fee_f1a080.py": {
        "stats": {
            "total_parameters": 47,
            "parameters_with_annotations": 41
        },
        "error_count": 0,
        "isCompiled": true,
        "errors": []
    },
    "mediator_edd547.py": {
        "stats": {
            "total_parameters": 123,
            "parameters_with_annotations": 123
        },
        "error_count": 0,
        "isCompiled": true,
        "errors": []
    },
    "merge_f40757.py": {
        "stats": {
            "total_parameters": 0,
            "parameters_with_annotations": 0
        },
        "error_count": 1,
        "isCompiled": false,
        "errors": [
            "merge_f40757.py:450: error: invalid syntax; you likely need to run mypy using Python 3.10 or newer  [syntax]",
            "Found 1 error in 1 file (errors prevented further checking)"
        ]
    },
    "message_6587fb.py": {
        "stats": {
            "total_parameters": 97,
            "parameters_with_annotations": 97
        },
        "error_count": 0,
        "isCompiled": true,
        "errors": []
    },
    "message_cache_dbda93.py": {
        "stats": {
            "total_parameters": 49,
            "parameters_with_annotations": 49
        },
        "error_count": 0,
        "isCompiled": true,
        "errors": []
    },
    "message_edit_6be856.py": {
        "stats": {
            "total_parameters": 62,
            "parameters_with_annotations": 62
        },
        "error_count": 0,
        "isCompiled": true,
        "errors": []
    },
    "message_send_b7048c.py": {
        "stats": {
            "total_parameters": 156,
            "parameters_with_annotations": 156
        },
        "error_count": 0,
        "isCompiled": true,
        "errors": []
    },
    "_arrow_string_mixins_7654a8.py": {
        "stats": {
            "total_parameters": 82,
            "parameters_with_annotations": 46
        },
        "error_count": 0,
        "isCompiled": true,
        "errors": []
    },
    "_client_5a9e7d.py": {
        "stats": {
            "total_parameters": 0,
            "parameters_with_annotations": 0
        },
        "error_count": 1,
        "isCompiled": false,
        "errors": [
            "_client_5a9e7d.py:1: error: unexpected indent  [syntax]",
            "Found 1 error in 1 file (errors prevented further checking)"
        ]
    },
    "_compat_bfcdb3.py": {
        "stats": {
            "total_parameters": 56,
            "parameters_with_annotations": 47
        },
        "error_count": 1,
        "isCompiled": false,
        "errors": [
            "_compat_bfcdb3.py:35: error: Dict entry 3 has incompatible type \"<typing special form>\": \"type[tuple[Any, ...]]\"; expected \"type[Any]\": \"type[Any]\"  [dict-item]",
            "Found 1 error in 1 file (checked 1 source file)"
        ]
    },
    "_misc_3826f1.py": {
        "stats": {
            "total_parameters": 59,
            "parameters_with_annotations": 51
        },
        "error_count": 0,
        "isCompiled": true,
        "errors": []
    },
    "_models_dd672f.py": {
        "stats": {
            "total_parameters": 142,
            "parameters_with_annotations": 60
        },
        "error_count": 28,
        "isCompiled": false,
        "errors": [
            "_models_dd672f.py:270: error: Signature of \"update\" incompatible with supertype \"MutableMapping\"  [override]",
            "_models_dd672f.py:270: note:      Superclass:",
            "_models_dd672f.py:270: note:          @overload",
            "_models_dd672f.py:270: note:          def update(self, SupportsKeysAndGetItem[str, str], /, **kwargs: str) -> None",
            "_models_dd672f.py:270: note:          @overload",
            "_models_dd672f.py:270: note:          def update(self, Iterable[tuple[str, str]], /, **kwargs: str) -> None",
            "_models_dd672f.py:270: note:          @overload",
            "_models_dd672f.py:270: note:          def update(self, **kwargs: str) -> None",
            "_models_dd672f.py:270: note:      Subclass:",
            "_models_dd672f.py:270: note:          def update(self, headers: Any | None = ...) -> None",
            "_models_dd672f.py:1069: error: Signature of \"get\" incompatible with supertype \"Mapping\"  [override]",
            "_models_dd672f.py:1069: note:      Superclass:",
            "_models_dd672f.py:1069: note:          @overload",
            "_models_dd672f.py:1069: note:          def get(self, str, /) -> str | None",
            "_models_dd672f.py:1069: note:          @overload",
            "_models_dd672f.py:1069: note:          def [_T] get(self, str, /, default: str | _T) -> str | _T",
            "_models_dd672f.py:1069: note:      Subclass:",
            "_models_dd672f.py:1069: note:          def get(self, name: str, default: str | None = ..., domain: str | None = ..., path: str | None = ...) -> str | None",
            "_models_dd672f.py:1128: error: Signature of \"update\" incompatible with supertype \"MutableMapping\"  [override]",
            "_models_dd672f.py:1128: note:      Superclass:",
            "_models_dd672f.py:1128: note:          @overload",
            "_models_dd672f.py:1128: note:          def update(self, SupportsKeysAndGetItem[str, str], /, **kwargs: str) -> None",
            "_models_dd672f.py:1128: note:          @overload",
            "_models_dd672f.py:1128: note:          def update(self, Iterable[tuple[str, str]], /, **kwargs: str) -> None",
            "_models_dd672f.py:1128: note:          @overload",
            "_models_dd672f.py:1128: note:          def update(self, **kwargs: str) -> None",
            "_models_dd672f.py:1128: note:      Subclass:",
            "_models_dd672f.py:1128: note:          def update(self, cookies: Any | None = ...) -> None",
            "Found 3 errors in 1 file (checked 1 source file)"
        ]
    },
    "_parser_ad554d.py": {
        "stats": {
            "total_parameters": 78,
            "parameters_with_annotations": 70
        },
        "error_count": 0,
        "isCompiled": true,
        "errors": []
    },
    "__init___4ea406.py": {
        "stats": {
            "total_parameters": 73,
            "parameters_with_annotations": 52
        },
        "error_count": 0,
        "isCompiled": true,
        "errors": []
    },
    "__init___7dd003.py": {
        "stats": {
            "total_parameters": 64,
            "parameters_with_annotations": 64
        },
        "error_count": 0,
        "isCompiled": true,
        "errors": []
    },
    "__init___ee7b0d.py": {
        "stats": {
            "total_parameters": 36,
            "parameters_with_annotations": 36
        },
        "error_count": 0,
        "isCompiled": true,
        "errors": []
    }
}