{
    "accessories_b90bda.py": {
        "stats": {
            "total_parameters": 57,
            "parameters_with_annotations": 37
        },
        "error_count": 0,
        "isCompiled": true,
        "errors": []
    },
    "accessor_9a03f0.py": {
        "stats": {
            "total_parameters": 153,
            "parameters_with_annotations": 112
        },
        "error_count": 0,
        "isCompiled": true,
        "errors": []
    },
    "aiokafka_d62f1d.py": {
        "stats": {
            "total_parameters": 93,
            "parameters_with_annotations": 46
        },
        "error_count": 2,
        "isCompiled": false,
        "errors": [
            "aiokafka_d62f1d.py:605: error: Cannot determine type of \"partitioner\"  [has-type]",
            "aiokafka_d62f1d.py:746: error: Incompatible types in assignment (expression has type \"float | None\", variable has type \"int | None\")  [assignment]",
            "Found 2 errors in 1 file (checked 1 source file)"
        ]
    },
    "algorithms_faa87b.py": {
        "stats": {
            "total_parameters": 70,
            "parameters_with_annotations": 70
        },
        "error_count": 15,
        "isCompiled": false,
        "errors": [
            "algorithms_faa87b.py:29: error: Name \"TYPE_CHECKING\" is not defined  [name-defined]",
            "algorithms_faa87b.py:60: error: Name \"cast\" is not defined  [name-defined]",
            "algorithms_faa87b.py:60: note: Did you forget to import it from \"typing\"? (Suggestion: \"from typing import cast\")",
            "algorithms_faa87b.py:65: error: Name \"cast\" is not defined  [name-defined]",
            "algorithms_faa87b.py:65: note: Did you forget to import it from \"typing\"? (Suggestion: \"from typing import cast\")",
            "algorithms_faa87b.py:79: error: Name \"cast\" is not defined  [name-defined]",
            "algorithms_faa87b.py:79: note: Did you forget to import it from \"typing\"? (Suggestion: \"from typing import cast\")",
            "algorithms_faa87b.py:82: error: Name \"cast\" is not defined  [name-defined]",
            "algorithms_faa87b.py:82: note: Did you forget to import it from \"typing\"? (Suggestion: \"from typing import cast\")",
            "algorithms_faa87b.py:506: error: Name \"cast\" is not defined  [name-defined]",
            "algorithms_faa87b.py:506: note: Did you forget to import it from \"typing\"? (Suggestion: \"from typing import cast\")",
            "algorithms_faa87b.py:617: error: Name \"cast\" is not defined  [name-defined]",
            "algorithms_faa87b.py:617: note: Did you forget to import it from \"typing\"? (Suggestion: \"from typing import cast\")",
            "algorithms_faa87b.py:619: error: Name \"cast\" is not defined  [name-defined]",
            "algorithms_faa87b.py:619: note: Did you forget to import it from \"typing\"? (Suggestion: \"from typing import cast\")",
            "algorithms_faa87b.py:647: error: \"int\" has no attribute \"is_integer\"  [attr-defined]",
            "algorithms_faa87b.py:758: error: Unsupported operand types for > (\"int\" and \"Sequence[int]\")  [operator]",
            "algorithms_faa87b.py:758: error: Unsupported operand types for > (\"int\" and \"None\")  [operator]",
            "algorithms_faa87b.py:758: note: Left operand is of type \"Sequence[int] | None\"",
            "algorithms_faa87b.py:758: error: Unsupported operand types for <= (\"int\" and \"Sequence[int]\")  [operator]",
            "algorithms_faa87b.py:758: error: Unsupported operand types for <= (\"int\" and \"None\")  [operator]",
            "algorithms_faa87b.py:759: error: Unsupported target for indexed assignment (\"Sequence[int] | None\")  [index]",
            "algorithms_faa87b.py:852: error: Argument 1 to \"len\" has incompatible type \"Callable[[Any], Any] | dict[Any, Any] | Any\"; expected \"Sized\"  [arg-type]",
            "Found 15 errors in 1 file (checked 1 source file)"
        ]
    },
    "api_cbdcbd.py": {
        "stats": {
            "total_parameters": 49,
            "parameters_with_annotations": 49
        },
        "error_count": 1,
        "isCompiled": false,
        "errors": [
            "api_cbdcbd.py:136: error: Module has no attribute \"timeout\"  [attr-defined]",
            "Found 1 error in 1 file (checked 1 source file)"
        ]
    },
    "api_tests_78614f.py": {
        "stats": {
            "total_parameters": 95,
            "parameters_with_annotations": 95
        },
        "error_count": 0,
        "isCompiled": true,
        "errors": []
    },
    "api_test_5baf5c.py": {
        "stats": {
            "total_parameters": 173,
            "parameters_with_annotations": 173
        },
        "error_count": 0,
        "isCompiled": true,
        "errors": []
    },
    "appgraph_e5732d.py": {
        "stats": {
            "total_parameters": 126,
            "parameters_with_annotations": 91
        },
        "error_count": 0,
        "isCompiled": true,
        "errors": []
    },
    "applications_c5af27.py": {
        "stats": {
            "total_parameters": 54,
            "parameters_with_annotations": 39
        },
        "error_count": 0,
        "isCompiled": true,
        "errors": []
    },
    "app_c89ec6.py": {
        "stats": {
            "total_parameters": 103,
            "parameters_with_annotations": 40
        },
        "error_count": 0,
        "isCompiled": true,
        "errors": []
    },
    "app_e5f00c.py": {
        "stats": {
            "total_parameters": 44,
            "parameters_with_annotations": 44
        },
        "error_count": 0,
        "isCompiled": true,
        "errors": []
    },
    "asserters_700def.py": {
        "stats": {
            "total_parameters": 129,
            "parameters_with_annotations": 129
        },
        "error_count": 5,
        "isCompiled": false,
        "errors": [
            "asserters_700def.py:39: error: Name \"TYPE_CHECKING\" is not defined  [name-defined]",
            "asserters_700def.py:75: error: Argument \"check_dtype\" to \"assert_series_equal\" has incompatible type \"bool | Literal['equiv']\"; expected \"bool\"  [arg-type]",
            "asserters_700def.py:79: error: Argument \"check_dtype\" to \"assert_frame_equal\" has incompatible type \"bool | Literal['equiv']\"; expected \"bool\"  [arg-type]",
            "asserters_700def.py:181: error: Unexpected keyword argument \"obj\" for \"_check_types\"; did you mean \"obj_\"?  [call-arg]",
            "asserters_700def.py:226: error: Unexpected keyword argument \"obj\" for \"_check_types\"; did you mean \"obj_\"?  [call-arg]",
            "Found 5 errors in 1 file (checked 1 source file)"
        ]
    },
    "attention_module_7f6559.py": {
        "stats": {
            "total_parameters": 94,
            "parameters_with_annotations": 78
        },
        "error_count": 4,
        "isCompiled": false,
        "errors": [
            "attention_module_7f6559.py:129: error: Incompatible return value type (got \"tuple[Tensor, Tensor | None]\", expected \"tuple[Tensor, Tensor]\")  [return-value]",
            "attention_module_7f6559.py:174: error: Incompatible types in assignment (expression has type \"None\", variable has type \"Tensor\")  [assignment]",
            "attention_module_7f6559.py:230: error: Incompatible types in assignment (expression has type \"None\", variable has type \"int\")  [assignment]",
            "attention_module_7f6559.py:243: error: Signature of \"forward\" incompatible with supertype \"AttentionModule\"  [override]",
            "attention_module_7f6559.py:243: note:      Superclass:",
            "attention_module_7f6559.py:243: note:          def forward(self, query_states: Tensor, past_key_states: Tensor | None = ..., past_value_states: Tensor | None = ..., attention_mask: Tensor | None = ..., source_states: Tensor | None = ..., source_attention_mask: Tensor | None = ..., head_mask: Tensor | None = ..., position_bias: Tensor | None = ..., output_attentions: bool = ..., use_cache: bool = ..., query_length: int | None = ...) -> AttentionOutput",
            "attention_module_7f6559.py:243: note:      Subclass:",
            "attention_module_7f6559.py:243: note:          def forward(self, hidden_states: Tensor, mask: Tensor | None = ..., key_value_states: Tensor | None = ..., position_bias: Tensor | None = ..., past_key_value: tuple[Tensor, Tensor] | None = ..., layer_head_mask: Tensor | None = ..., query_length: int | None = ..., use_cache: bool = ..., output_attentions: bool = ...) -> AttentionOutput",
            "Found 4 errors in 1 file (checked 1 source file)"
        ]
    },
    "auth_d8f17e.py": {
        "stats": {
            "total_parameters": 55,
            "parameters_with_annotations": 40
        },
        "error_count": 0,
        "isCompiled": true,
        "errors": []
    },
    "awsclient_860c67.py": {
        "stats": {
            "total_parameters": 417,
            "parameters_with_annotations": 293
        },
        "error_count": 3,
        "isCompiled": false,
        "errors": [
            "awsclient_860c67.py:355: error: \"Exception\" has no attribute \"response\"  [attr-defined]",
            "awsclient_860c67.py:370: error: \"Exception\" has no attribute \"response\"  [attr-defined]",
            "awsclient_860c67.py:1132: error: Exception type must be derived from BaseException (or be a tuple of exception classes)  [misc]",
            "Found 3 errors in 1 file (checked 1 source file)"
        ]
    },
    "base_6106b5.py": {
        "stats": {
            "total_parameters": 159,
            "parameters_with_annotations": 57
        },
        "error_count": 3,
        "isCompiled": false,
        "errors": [
            "base_6106b5.py:639: error: Function \"fun\" could always be true in boolean context  [truthy-function]",
            "base_6106b5.py:895: error: Incompatible types in assignment (expression has type \"Mapping[str, Any]\", variable has type \"dict[str, Any]\")  [assignment]",
            "base_6106b5.py:911: error: Unsupported target for indexed assignment (\"Mapping[str, Any]\")  [index]",
            "Found 3 errors in 1 file (checked 1 source file)"
        ]
    },
    "base_6a0ea7.py": {
        "stats": {
            "total_parameters": 70,
            "parameters_with_annotations": 47
        },
        "error_count": 0,
        "isCompiled": true,
        "errors": []
    },
    "base_949c11.py": {
        "stats": {
            "total_parameters": 159,
            "parameters_with_annotations": 111
        },
        "error_count": 0,
        "isCompiled": true,
        "errors": []
    },
    "base_9c14fc.py": {
        "stats": {
            "total_parameters": 114,
            "parameters_with_annotations": 58
        },
        "error_count": 0,
        "isCompiled": true,
        "errors": []
    },
    "base_b5c467.py": {
        "stats": {
            "total_parameters": 87,
            "parameters_with_annotations": 56
        },
        "error_count": 0,
        "isCompiled": true,
        "errors": []
    },
    "base_bb93b4.py": {
        "stats": {
            "total_parameters": 128,
            "parameters_with_annotations": 77
        },
        "error_count": 0,
        "isCompiled": true,
        "errors": []
    },
    "base_tests_a1e90e.py": {
        "stats": {
            "total_parameters": 119,
            "parameters_with_annotations": 94
        },
        "error_count": 0,
        "isCompiled": true,
        "errors": []
    },
    "beam_search_b3623d.py": {
        "stats": {
            "total_parameters": 131,
            "parameters_with_annotations": 97
        },
        "error_count": 1,
        "isCompiled": false,
        "errors": [
            "beam_search_b3623d.py:243: error: Incompatible types in assignment (expression has type \"int | float\", variable has type \"int\")  [assignment]",
            "Found 1 error in 1 file (checked 1 source file)"
        ]
    },
    "blocks_3a122c.py": {
        "stats": {
            "total_parameters": 211,
            "parameters_with_annotations": 126
        },
        "error_count": 83,
        "isCompiled": false,
        "errors": [
            "blocks_3a122c.py:37: error: Name \"TYPE_CHECKING\" is not defined  [name-defined]",
            "blocks_3a122c.py:55: error: Name \"final\" is not defined  [name-defined]",
            "blocks_3a122c.py:65: error: Name \"final\" is not defined  [name-defined]",
            "blocks_3a122c.py:68: error: Cannot determine type of \"values\"  [has-type]",
            "blocks_3a122c.py:70: error: Name \"final\" is not defined  [name-defined]",
            "blocks_3a122c.py:73: error: Cannot determine type of \"values\"  [has-type]",
            "blocks_3a122c.py:75: error: Name \"final\" is not defined  [name-defined]",
            "blocks_3a122c.py:80: error: Name \"final\" is not defined  [name-defined]",
            "blocks_3a122c.py:85: error: Name \"final\" is not defined  [name-defined]",
            "blocks_3a122c.py:96: error: Decorators on top of @property are not supported  [misc]",
            "blocks_3a122c.py:96: error: Name \"final\" is not defined  [name-defined]",
            "blocks_3a122c.py:102: error: Cannot determine type of \"values\"  [has-type]",
            "blocks_3a122c.py:104: error: Name \"final\" is not defined  [name-defined]",
            "blocks_3a122c.py:106: error: Cannot determine type of \"values\"  [has-type]",
            "blocks_3a122c.py:108: error: Name \"final\" is not defined  [name-defined]",
            "blocks_3a122c.py:113: error: Name \"final\" is not defined  [name-defined]",
            "blocks_3a122c.py:125: error: Trying to assign name \"_mgr_locs\" that is not in \"__slots__\" of type \"blocks_3a122c.Block\"  [misc]",
            "blocks_3a122c.py:127: error: Name \"final\" is not defined  [name-defined]",
            "blocks_3a122c.py:141: error: Name \"final\" is not defined  [name-defined]",
            "blocks_3a122c.py:150: error: Name \"final\" is not defined  [name-defined]",
            "blocks_3a122c.py:160: error: Name \"final\" is not defined  [name-defined]",
            "blocks_3a122c.py:162: error: Cannot determine type of \"values\"  [has-type]",
            "blocks_3a122c.py:164: error: Name \"final\" is not defined  [name-defined]",
            "blocks_3a122c.py:174: error: Name \"final\" is not defined  [name-defined]",
            "blocks_3a122c.py:185: error: Name \"final\" is not defined  [name-defined]",
            "blocks_3a122c.py:196: error: Name \"final\" is not defined  [name-defined]",
            "blocks_3a122c.py:200: error: Cannot determine type of \"values\"  [has-type]",
            "blocks_3a122c.py:202: error: Name \"final\" is not defined  [name-defined]",
            "blocks_3a122c.py:209: error: Name \"final\" is not defined  [name-defined]",
            "blocks_3a122c.py:215: error: Cannot determine type of \"values\"  [has-type]",
            "blocks_3a122c.py:219: error: Name \"final\" is not defined  [name-defined]",
            "blocks_3a122c.py:222: error: Cannot determine type of \"values\"  [has-type]",
            "blocks_3a122c.py:223: error: Cannot determine type of \"values\"  [has-type]",
            "blocks_3a122c.py:230: error: Name \"final\" is not defined  [name-defined]",
            "blocks_3a122c.py:246: error: Name \"final\" is not defined  [name-defined]",
            "blocks_3a122c.py:253: error: Cannot determine type of \"values\"  [has-type]",
            "blocks_3a122c.py:258: error: Name \"final\" is not defined  [name-defined]",
            "blocks_3a122c.py:270: error: Name \"final\" is not defined  [name-defined]",
            "blocks_3a122c.py:276: error: Cannot determine type of \"values\"  [has-type]",
            "blocks_3a122c.py:281: error: Cannot determine type of \"values\"  [has-type]",
            "blocks_3a122c.py:285: error: Cannot determine type of \"values\"  [has-type]",
            "blocks_3a122c.py:288: error: Cannot determine type of \"values\"  [has-type]",
            "blocks_3a122c.py:289: error: Cannot determine type of \"values\"  [has-type]",
            "blocks_3a122c.py:291: error: Cannot determine type of \"values\"  [has-type]",
            "blocks_3a122c.py:298: error: Name \"final\" is not defined  [name-defined]",
            "blocks_3a122c.py:311: error: Cannot determine type of \"values\"  [has-type]",
            "blocks_3a122c.py:351: error: Name \"final\" is not defined  [name-defined]",
            "blocks_3a122c.py:354: error: Cannot determine type of \"values\"  [has-type]",
            "blocks_3a122c.py:356: error: Name \"final\" is not defined  [name-defined]",
            "blocks_3a122c.py:357: error: Name \"Literal\" is not defined  [name-defined]",
            "blocks_3a122c.py:357: error: Name \"ignore\" is not defined  [name-defined]",
            "blocks_3a122c.py:361: error: Cannot determine type of \"values\"  [has-type]",
            "blocks_3a122c.py:378: error: Name \"final\" is not defined  [name-defined]",
            "blocks_3a122c.py:390: error: Cannot determine type of \"values\"  [has-type]",
            "blocks_3a122c.py:394: error: Name \"final\" is not defined  [name-defined]",
            "blocks_3a122c.py:397: error: Cannot determine type of \"values\"  [has-type]",
            "blocks_3a122c.py:411: error: Name \"final\" is not defined  [name-defined]",
            "blocks_3a122c.py:422: error: Name \"final\" is not defined  [name-defined]",
            "blocks_3a122c.py:428: error: Cannot determine type of \"values\"  [has-type]",
            "blocks_3a122c.py:453: error: Name \"final\" is not defined  [name-defined]",
            "blocks_3a122c.py:470: error: Name \"final\" is not defined  [name-defined]",
            "blocks_3a122c.py:475: error: Cannot determine type of \"values\"  [has-type]",
            "blocks_3a122c.py:489: error: Incompatible types in assignment (expression has type \"list[Any]\", variable has type \"Generator[Any, None, None]\")  [assignment]",
            "blocks_3a122c.py:509: error: Name \"final\" is not defined  [name-defined]",
            "blocks_3a122c.py:545: error: Cannot determine type of \"values\"  [has-type]",
            "blocks_3a122c.py:548: error: Cannot determine type of \"values\"  [has-type]",
            "blocks_3a122c.py:552: error: Cannot determine type of \"values\"  [has-type]",
            "blocks_3a122c.py:559: error: Trying to assign name \"values\" that is not in \"__slots__\" of type \"blocks_3a122c.Block\"  [misc]",
            "blocks_3a122c.py:559: error: Cannot determine type of \"values\"  [has-type]",
            "blocks_3a122c.py:562: error: Name \"final\" is not defined  [name-defined]",
            "blocks_3a122c.py:753: error: Name \"final\" is not defined  [name-defined]",
            "blocks_3a122c.py:777: error: Name \"final\" is not defined  [name-defined]",
            "blocks_3a122c.py:799: error: Name \"final\" is not defined  [name-defined]",
            "blocks_3a122c.py:810: error: Name \"final\" is not defined  [name-defined]",
            "blocks_3a122c.py:874: error: Name \"final\" is not defined  [name-defined]",
            "blocks_3a122c.py:882: error: Name \"final\" is not defined  [name-defined]",
            "blocks_3a122c.py:909: error: Name \"final\" is not defined  [name-defined]",
            "blocks_3a122c.py:950: error: Name \"final\" is not defined  [name-defined]",
            "blocks_3a122c.py:990: error: Name \"final\" is not defined  [name-defined]",
            "blocks_3a122c.py:1000: error: Name \"final\" is not defined  [name-defined]",
            "blocks_3a122c.py:1005: error: Name \"final\" is not defined  [name-defined]",
            "blocks_3a122c.py:1012: error: Name \"final\" is not defined  [name-defined]",
            "blocks_3a122c.py:1129: error: Name \"final\" is not defined  [name-defined]",
            "Found 83 errors in 1 file (checked 1 source file)"
        ]
    },
    "btanalysis_7decb4.py": {
        "stats": {
            "total_parameters": 50,
            "parameters_with_annotations": 50
        },
        "error_count": 1,
        "isCompiled": false,
        "errors": [
            "btanalysis_7decb4.py:109: error: Item \"str\" of \"str | Path\" has no attribute \"open\"  [union-attr]",
            "Found 1 error in 1 file (checked 1 source file)"
        ]
    },
    "cache_83a043.py": {
        "stats": {
            "total_parameters": 84,
            "parameters_with_annotations": 82
        },
        "error_count": 2,
        "isCompiled": false,
        "errors": [
            "cache_83a043.py:454: error: \"Callable[ParamT, ReturnT]\" has no attribute \"cache_info\"  [attr-defined]",
            "cache_83a043.py:455: error: \"Callable[ParamT, ReturnT]\" has no attribute \"cache_clear\"  [attr-defined]",
            "Found 2 errors in 1 file (checked 1 source file)"
        ]
    },
    "call_824067.py": {
        "stats": {
            "total_parameters": 68,
            "parameters_with_annotations": 50
        },
        "error_count": 0,
        "isCompiled": true,
        "errors": []
    },
    "channels_8e6ab8.py": {
        "stats": {
            "total_parameters": 67,
            "parameters_with_annotations": 34
        },
        "error_count": 3,
        "isCompiled": false,
        "errors": [
            "channels_8e6ab8.py:38: error: Cannot assign to a method  [method-assign]",
            "channels_8e6ab8.py:38: error: Incompatible types in assignment (expression has type \"Callable[[Any], Awaitable[None]]\", variable has type \"Callable[[Any], Coroutine[Any, Any, None]]\")  [assignment]",
            "channels_8e6ab8.py:111: error: Too many positional arguments for \"_send_now\" of \"Channel\"  [misc]",
            "Found 3 errors in 1 file (checked 1 source file)"
        ]
    },
    "channel_43e477.py": {
        "stats": {
            "total_parameters": 274,
            "parameters_with_annotations": 274
        },
        "error_count": 3,
        "isCompiled": false,
        "errors": [
            "channel_43e477.py:459: error: Incompatible return value type (got \"tuple[bool, str | None, None]\", expected \"tuple[bool, str, Any | None]\")  [return-value]",
            "channel_43e477.py:1394: error: Incompatible return value type (got \"tuple[bool, list[Any], str | None]\", expected \"tuple[bool, list[Any], str]\")  [return-value]",
            "channel_43e477.py:1411: error: Incompatible return value type (got \"tuple[bool, list[Any], str | None]\", expected \"tuple[bool, list[Any], str]\")  [return-value]",
            "Found 3 errors in 1 file (checked 1 source file)"
        ]
    },
    "classification_92cb06.py": {
        "stats": {
            "total_parameters": 63,
            "parameters_with_annotations": 63
        },
        "error_count": 0,
        "isCompiled": true,
        "errors": []
    },
    "client_1e3c0a.py": {
        "stats": {
            "total_parameters": 55,
            "parameters_with_annotations": 41
        },
        "error_count": 0,
        "isCompiled": true,
        "errors": []
    },
    "common_4a17c0.py": {
        "stats": {
            "total_parameters": 41,
            "parameters_with_annotations": 41
        },
        "error_count": 3,
        "isCompiled": false,
        "errors": [
            "common_4a17c0.py:102: error: Incompatible types in assignment (expression has type \"str\", target has type \"bool\")  [assignment]",
            "common_4a17c0.py:116: error: Incompatible types in assignment (expression has type \"str\", target has type \"float\")  [assignment]",
            "common_4a17c0.py:201: error: Incompatible types in assignment (expression has type \"float\", target has type \"str\")  [assignment]",
            "Found 3 errors in 1 file (checked 1 source file)"
        ]
    },
    "compilation_283ca2.py": {
        "stats": {
            "total_parameters": 83,
            "parameters_with_annotations": 58
        },
        "error_count": 0,
        "isCompiled": true,
        "errors": []
    },
    "confluent_3b2473.py": {
        "stats": {
            "total_parameters": 58,
            "parameters_with_annotations": 36
        },
        "error_count": 3,
        "isCompiled": false,
        "errors": [
            "confluent_3b2473.py:369: error: Unexpected keyword argument \"timeout\"  [call-arg]",
            "confluent_3b2473.py:370: error: Unexpected keyword argument \"timeout\"  [call-arg]",
            "confluent_3b2473.py:444: error: \"None\" not callable  [misc]",
            "Found 3 errors in 1 file (checked 1 source file)"
        ]
    },
    "construction_4e8f89.py": {
        "stats": {
            "total_parameters": 60,
            "parameters_with_annotations": 60
        },
        "error_count": 2,
        "isCompiled": false,
        "errors": [
            "construction_4e8f89.py:52: error: Name \"TYPE_CHECKING\" is not defined  [name-defined]",
            "construction_4e8f89.py:439: error: No overload variant of \"__setitem__\" of \"list\" matches argument types \"int\", \"str\"  [call-overload]",
            "construction_4e8f89.py:439: note: Possible overload variants:",
            "construction_4e8f89.py:439: note:     def __setitem__(self, SupportsIndex, int, /) -> None",
            "construction_4e8f89.py:439: note:     def __setitem__(self, slice, Iterable[int], /) -> None",
            "Found 2 errors in 1 file (checked 1 source file)"
        ]
    },
    "consumer_fa3d87.py": {
        "stats": {
            "total_parameters": 0,
            "parameters_with_annotations": 0
        },
        "error_count": 1,
        "isCompiled": false,
        "errors": [
            "consumer_fa3d87.py:326: error: invalid syntax; you likely need to run mypy using Python 3.10 or newer  [syntax]",
            "Found 1 error in 1 file (errors prevented further checking)"
        ]
    },
    "context_config_b7e80b.py": {
        "stats": {
            "total_parameters": 93,
            "parameters_with_annotations": 64
        },
        "error_count": 3,
        "isCompiled": false,
        "errors": [
            "context_config_b7e80b.py:28: error: Missing return statement  [empty-body]",
            "context_config_b7e80b.py:266: error: Need type annotation for \"src\"  [var-annotated]",
            "context_config_b7e80b.py:269: error: Incompatible types in assignment (expression has type \"UnrenderedConfigGenerator\", variable has type \"ContextConfigGenerator[Any]\")  [assignment]",
            "Found 3 errors in 1 file (checked 1 source file)"
        ]
    },
    "coordinator_e4c72e.py": {
        "stats": {
            "total_parameters": 53,
            "parameters_with_annotations": 36
        },
        "error_count": 0,
        "isCompiled": true,
        "errors": []
    },
    "cover_ccbdb1.py": {
        "stats": {
            "total_parameters": 134,
            "parameters_with_annotations": 66
        },
        "error_count": 5,
        "isCompiled": false,
        "errors": [
            "cover_ccbdb1.py:515: error: Cannot determine type of \"_attr_unique_id\"  [has-type]",
            "cover_ccbdb1.py:549: error: Cannot determine type of \"_attr_unique_id\"  [has-type]",
            "cover_ccbdb1.py:634: error: Cannot determine type of \"_attr_unique_id\"  [has-type]",
            "cover_ccbdb1.py:686: error: Cannot determine type of \"_attr_unique_id\"  [has-type]",
            "cover_ccbdb1.py:735: error: Cannot determine type of \"_attr_unique_id\"  [has-type]",
            "Found 5 errors in 1 file (checked 1 source file)"
        ]
    },
    "create_user_36a545.py": {
        "stats": {
            "total_parameters": 38,
            "parameters_with_annotations": 38
        },
        "error_count": 0,
        "isCompiled": true,
        "errors": []
    },
    "create_user_5beae0.py": {
        "stats": {
            "total_parameters": 39,
            "parameters_with_annotations": 39
        },
        "error_count": 0,
        "isCompiled": true,
        "errors": []
    },
    "custom_profile_fields_ccef17.py": {
        "stats": {
            "total_parameters": 36,
            "parameters_with_annotations": 36
        },
        "error_count": 0,
        "isCompiled": true,
        "errors": []
    },
    "dataclasses_a27d2a.py": {
        "stats": {
            "total_parameters": 43,
            "parameters_with_annotations": 36
        },
        "error_count": 1,
        "isCompiled": false,
        "errors": [
            "D:\\Research\\Harmonizing_ml_results\\ManyTypes4py_benchmarks\\Human_annotations_detailed_analysis\\o3_mini_outputs\\o3_mini_zero_percent_typed_output\\dataclasses_a27d2a.py: error: INTERNAL ERROR -- Please try using mypy master on GitHub:",
            "https://mypy.readthedocs.io/en/stable/common_issues.html#using-a-development-mypy-build",
            "If this issue continues with mypy master, please report a bug at https://github.com/python/mypy/issues",
            "version: 1.4.1",
            "D:\\Research\\Harmonizing_ml_results\\ManyTypes4py_benchmarks\\Human_annotations_detailed_analysis\\o3_mini_outputs\\o3_mini_zero_percent_typed_output\\dataclasses_a27d2a.py: : note: please use --show-traceback to print a traceback when reporting a bug"
        ]
    },
    "datadog_c5ba7b.py": {
        "stats": {
            "total_parameters": 131,
            "parameters_with_annotations": 93
        },
        "error_count": 0,
        "isCompiled": true,
        "errors": []
    },
    "dataprovider_a0d211.py": {
        "stats": {
            "total_parameters": 85,
            "parameters_with_annotations": 58
        },
        "error_count": 0,
        "isCompiled": true,
        "errors": []
    },
    "datastructures_0a7b11.py": {
        "stats": {
            "total_parameters": 142,
            "parameters_with_annotations": 54
        },
        "error_count": 4,
        "isCompiled": false,
        "errors": [
            "datastructures_0a7b11.py:214: error: Signature of \"__getitem__\" incompatible with supertype \"Sequence\"  [override]",
            "datastructures_0a7b11.py:214: note:      Superclass:",
            "datastructures_0a7b11.py:214: note:          @overload",
            "datastructures_0a7b11.py:214: note:          def __getitem__(self, int, /) -> str",
            "datastructures_0a7b11.py:214: note:          @overload",
            "datastructures_0a7b11.py:214: note:          def __getitem__(self, slice, /) -> Sequence[str]",
            "datastructures_0a7b11.py:214: note:      Subclass:",
            "datastructures_0a7b11.py:214: note:          def __getitem__(self, int, /) -> str",
            "datastructures_0a7b11.py:453: error: Return type \"list[str]\" of \"keys\" incompatible with return type \"KeysView[str]\" in supertype \"Mapping\"  [override]",
            "datastructures_0a7b11.py:456: error: Return type \"list[str]\" of \"values\" incompatible with return type \"ValuesView[str]\" in supertype \"Mapping\"  [override]",
            "datastructures_0a7b11.py:459: error: Return type \"list[tuple[str, str]]\" of \"items\" incompatible with return type \"ItemsView[str, str]\" in supertype \"Mapping\"  [override]",
            "Found 4 errors in 1 file (checked 1 source file)"
        ]
    },
    "data_catalog_8d7fcf.py": {
        "stats": {
            "total_parameters": 59,
            "parameters_with_annotations": 36
        },
        "error_count": 0,
        "isCompiled": true,
        "errors": []
    },
    "debug_info_f902e5.py": {
        "stats": {
            "total_parameters": 36,
            "parameters_with_annotations": 36
        },
        "error_count": 2,
        "isCompiled": false,
        "errors": [
            "debug_info_f902e5.py:131: error: Module has no attribute \"UTC\"  [attr-defined]",
            "debug_info_f902e5.py:147: error: Module has no attribute \"UTC\"  [attr-defined]",
            "Found 2 errors in 1 file (checked 1 source file)"
        ]
    },
    "dockerutils_6badca.py": {
        "stats": {
            "total_parameters": 55,
            "parameters_with_annotations": 42
        },
        "error_count": 1,
        "isCompiled": false,
        "errors": [
            "dockerutils_6badca.py:218: error: Argument 1 to \"__exit__\" of \"TemporaryDirectory\" has incompatible type \"BaseException | None\"; expected \"type[BaseException] | None\"  [arg-type]",
            "Found 1 error in 1 file (checked 1 source file)"
        ]
    },
    "email_mirror_590460.py": {
        "stats": {
            "total_parameters": 52,
            "parameters_with_annotations": 49
        },
        "error_count": 3,
        "isCompiled": false,
        "errors": [
            "email_mirror_590460.py:212: error: Argument 3 to \"sub\" has incompatible type \"str | None\"; expected \"str\"  [arg-type]",
            "email_mirror_590460.py:347: error: Method \"key\" is marked as an override, but no base method was found with this name  [misc]",
            "email_mirror_590460.py:351: error: Method \"rules\" is marked as an override, but no base method was found with this name  [misc]",
            "Found 3 errors in 1 file (checked 1 source file)"
        ]
    },
    "evaluators_b911b8.py": {
        "stats": {
            "total_parameters": 124,
            "parameters_with_annotations": 124
        },
        "error_count": 3,
        "isCompiled": false,
        "errors": [
            "evaluators_b911b8.py:101: error: Unexpected keyword argument \"beta\"  [call-arg]",
            "evaluators_b911b8.py:257: error: Value expression in dictionary comprehension has incompatible type \"dict[str, float]\"; expected type \"float\"  [misc]",
            "evaluators_b911b8.py:276: error: Value expression in dictionary comprehension has incompatible type \"dict[str, float]\"; expected type \"float\"  [misc]",
            "Found 3 errors in 1 file (checked 1 source file)"
        ]
    },
    "event_schema_4d75fe.py": {
        "stats": {
            "total_parameters": 67,
            "parameters_with_annotations": 67
        },
        "error_count": 0,
        "isCompiled": true,
        "errors": []
    },
    "ewm_ef0fa0.py": {
        "stats": {
            "total_parameters": 93,
            "parameters_with_annotations": 72
        },
        "error_count": 3,
        "isCompiled": false,
        "errors": [
            "ewm_ef0fa0.py:56: error: Unsupported operand types for <= (\"str\" and \"int\")  [operator]",
            "ewm_ef0fa0.py:56: error: Unsupported operand types for <= (\"timedelta\" and \"int\")  [operator]",
            "ewm_ef0fa0.py:56: note: Left operand is of type \"float | Any | str | timedelta\"",
            "ewm_ef0fa0.py:104: note: \"__init__\" of \"ExponentialMovingWindow\" defined here",
            "ewm_ef0fa0.py:471: error: Unexpected keyword argument \"_grouper\" for \"__init__\" of \"ExponentialMovingWindow\"  [call-arg]",
            "Found 3 errors in 1 file (checked 1 source file)"
        ]
    },
    "excel_26f18f.py": {
        "stats": {
            "total_parameters": 105,
            "parameters_with_annotations": 64
        },
        "error_count": 2,
        "isCompiled": false,
        "errors": [
            "excel_26f18f.py:47: error: Function \"css_converter\" could always be true in boolean context  [truthy-function]",
            "excel_26f18f.py:187: error: Invalid index type \"str | None\" for \"Mapping[str, str]\"; expected type \"str\"  [index]",
            "Found 2 errors in 1 file (checked 1 source file)"
        ]
    },
    "exceptions_c3abb4.py": {
        "stats": {
            "total_parameters": 62,
            "parameters_with_annotations": 40
        },
        "error_count": 0,
        "isCompiled": true,
        "errors": []
    },
    "exposed_entities_a550ba.py": {
        "stats": {
            "total_parameters": 77,
            "parameters_with_annotations": 60
        },
        "error_count": 0,
        "isCompiled": true,
        "errors": []
    },
    "factory_7a7586.py": {
        "stats": {
            "total_parameters": 65,
            "parameters_with_annotations": 46
        },
        "error_count": 6,
        "isCompiled": false,
        "errors": [
            "factory_7a7586.py:87: error: Value of type \"tuple[object, ...] | Mapping[str, object] | None\" is not indexable  [index]",
            "factory_7a7586.py:87: error: Item \"object\" of \"object | Any\" has no attribute \"name\"  [union-attr]",
            "factory_7a7586.py:87: error: Invalid index type \"int\" for \"tuple[object, ...] | Mapping[str, object] | None\"; expected type \"str\"  [index]",
            "factory_7a7586.py:88: error: Invalid index type \"slice\" for \"tuple[object, ...] | Mapping[str, object] | None\"; expected type \"str\"  [index]",
            "factory_7a7586.py:88: error: Value of type \"tuple[object, ...] | Mapping[str, object] | None\" is not indexable  [index]",
            "factory_7a7586.py:88: error: Unsupported left operand type for + (\"object\")  [operator]",
            "factory_7a7586.py:88: note: Left operand is of type \"object | Any\"",
            "Found 6 errors in 1 file (checked 1 source file)"
        ]
    },
    "fields_c8e6d9.py": {
        "stats": {
            "total_parameters": 84,
            "parameters_with_annotations": 49
        },
        "error_count": 3,
        "isCompiled": false,
        "errors": [
            "fields_c8e6d9.py:454: error: Argument 2 to \"issubclass\" has incompatible type \"<typing special form>\"; expected \"_ClassInfo\"  [arg-type]",
            "fields_c8e6d9.py:515: error: Argument 2 to \"issubclass\" has incompatible type \"<typing special form>\"; expected \"_ClassInfo\"  [arg-type]",
            "fields_c8e6d9.py:850: error: Item \"None\" of \"ModelField | None\" has no attribute \"type_\"  [union-attr]",
            "Found 3 errors in 1 file (checked 1 source file)"
        ]
    },
    "flow_engine_887be2.py": {
        "stats": {
            "total_parameters": 74,
            "parameters_with_annotations": 47
        },
        "error_count": 63,
        "isCompiled": false,
        "errors": [
            "flow_engine_887be2.py:116: error: Item \"None\" of \"Any | None\" has no attribute \"task_runner\"  [union-attr]",
            "flow_engine_887be2.py:117: error: Item \"None\" of \"Any | None\" has no attribute \"task_runner\"  [union-attr]",
            "flow_engine_887be2.py:175: error: Item \"None\" of \"Any | None\" has no attribute \"should_validate_parameters\"  [union-attr]",
            "flow_engine_887be2.py:177: error: Item \"None\" of \"Any | None\" has no attribute \"validate_parameters\"  [union-attr]",
            "flow_engine_887be2.py:193: error: Item \"None\" of \"Any | None\" has no attribute \"id\"  [union-attr]",
            "flow_engine_887be2.py:194: error: Item \"None\" of \"Any | None\" has no attribute \"state\"  [union-attr]",
            "flow_engine_887be2.py:195: error: Item \"None\" of \"Any | None\" has no attribute \"state_name\"  [union-attr]",
            "flow_engine_887be2.py:196: error: Item \"None\" of \"Any | None\" has no attribute \"state_type\"  [union-attr]",
            "flow_engine_887be2.py:251: error: Item \"None\" of \"Any | None\" has no attribute \"timeout_seconds\"  [union-attr]",
            "flow_engine_887be2.py:290: error: Item \"None\" of \"Any | None\" has no attribute \"name\"  [union-attr]",
            "flow_engine_887be2.py:290: error: Item \"None\" of \"Any | None\" has no attribute \"fn\"  [union-attr]",
            "flow_engine_887be2.py:290: error: Item \"None\" of \"Any | None\" has no attribute \"version\"  [union-attr]",
            "flow_engine_887be2.py:296: error: Item \"None\" of \"Any | None\" has no attribute \"serialize_parameters\"  [union-attr]",
            "flow_engine_887be2.py:348: error: Item \"None\" of \"Any | None\" has no attribute \"task_runner\"  [union-attr]",
            "flow_engine_887be2.py:358: error: Item \"None\" of \"Any | None\" has no attribute \"persist_result\"  [union-attr]",
            "flow_engine_887be2.py:364: error: Item \"None\" of \"Any | None\" has no attribute \"flow_run_name\"  [union-attr]",
            "flow_engine_887be2.py:367: error: \"Logger\" has no attribute \"extra\"  [attr-defined]",
            "flow_engine_887be2.py:378: error: Item \"None\" of \"Any | None\" has no attribute \"name\"  [union-attr]",
            "flow_engine_887be2.py:393: error: Item \"None\" of \"Any | None\" has no attribute \"retry_delay_seconds\"  [union-attr]",
            "flow_engine_887be2.py:395: error: Item \"None\" of \"Any | None\" has no attribute \"retries\"  [union-attr]",
            "flow_engine_887be2.py:396: error: Item \"None\" of \"Any | None\" has no attribute \"version\"  [union-attr]",
            "flow_engine_887be2.py:411: error: Argument 1 to \"handle_crash\" of \"FlowRunEngine\" has incompatible type \"BaseException\"; expected \"Exception\"  [arg-type]",
            "flow_engine_887be2.py:424: error: Yield value expected  [misc]",
            "flow_engine_887be2.py:428: error: Item \"None\" of \"Any | None\" has no attribute \"isasync\"  [union-attr]",
            "flow_engine_887be2.py:431: error: Item \"None\" of \"Any | None\" has no attribute \"timeout_seconds\"  [union-attr]",
            "flow_engine_887be2.py:432: error: Item \"None\" of \"Any | None\" has no attribute \"name\"  [union-attr]",
            "flow_engine_887be2.py:441: error: Item \"None\" of \"Any | None\" has no attribute \"isasync\"  [union-attr]",
            "flow_engine_887be2.py:443: error: Item \"None\" of \"Any | None\" has no attribute \"fn\"  [union-attr]",
            "flow_engine_887be2.py:447: error: Item \"None\" of \"Any | None\" has no attribute \"fn\"  [union-attr]",
            "flow_engine_887be2.py:490: error: Item \"None\" of \"Any | None\" has no attribute \"should_validate_parameters\"  [union-attr]",
            "flow_engine_887be2.py:492: error: Item \"None\" of \"Any | None\" has no attribute \"validate_parameters\"  [union-attr]",
            "flow_engine_887be2.py:508: error: Item \"None\" of \"Any | None\" has no attribute \"id\"  [union-attr]",
            "flow_engine_887be2.py:509: error: Item \"None\" of \"Any | None\" has no attribute \"state\"  [union-attr]",
            "flow_engine_887be2.py:510: error: Item \"None\" of \"Any | None\" has no attribute \"state_name\"  [union-attr]",
            "flow_engine_887be2.py:511: error: Item \"None\" of \"Any | None\" has no attribute \"state_type\"  [union-attr]",
            "flow_engine_887be2.py:564: error: Item \"None\" of \"Any | None\" has no attribute \"timeout_seconds\"  [union-attr]",
            "flow_engine_887be2.py:604: error: Item \"None\" of \"Any | None\" has no attribute \"name\"  [union-attr]",
            "flow_engine_887be2.py:604: error: Item \"None\" of \"Any | None\" has no attribute \"fn\"  [union-attr]",
            "flow_engine_887be2.py:604: error: Item \"None\" of \"Any | None\" has no attribute \"version\"  [union-attr]",
            "flow_engine_887be2.py:610: error: Item \"None\" of \"Any | None\" has no attribute \"serialize_parameters\"  [union-attr]",
            "flow_engine_887be2.py:662: error: Item \"None\" of \"Any | None\" has no attribute \"task_runner\"  [union-attr]",
            "flow_engine_887be2.py:672: error: Item \"None\" of \"Any | None\" has no attribute \"persist_result\"  [union-attr]",
            "flow_engine_887be2.py:678: error: Item \"None\" of \"Any | None\" has no attribute \"flow_run_name\"  [union-attr]",
            "flow_engine_887be2.py:681: error: \"Logger\" has no attribute \"extra\"  [attr-defined]",
            "flow_engine_887be2.py:692: error: Item \"None\" of \"Any | None\" has no attribute \"name\"  [union-attr]",
            "flow_engine_887be2.py:710: error: Item \"None\" of \"Any | None\" has no attribute \"retry_delay_seconds\"  [union-attr]",
            "flow_engine_887be2.py:712: error: Item \"None\" of \"Any | None\" has no attribute \"retries\"  [union-attr]",
            "flow_engine_887be2.py:713: error: Item \"None\" of \"Any | None\" has no attribute \"version\"  [union-attr]",
            "flow_engine_887be2.py:728: error: Argument 1 to \"handle_crash\" of \"AsyncFlowRunEngine\" has incompatible type \"BaseException\"; expected \"Exception\"  [arg-type]",
            "flow_engine_887be2.py:741: error: Yield value expected  [misc]",
            "flow_engine_887be2.py:745: error: Item \"None\" of \"Any | None\" has no attribute \"isasync\"  [union-attr]",
            "flow_engine_887be2.py:748: error: Item \"None\" of \"Any | None\" has no attribute \"timeout_seconds\"  [union-attr]",
            "flow_engine_887be2.py:749: error: Item \"None\" of \"Any | None\" has no attribute \"name\"  [union-attr]",
            "flow_engine_887be2.py:758: error: Item \"None\" of \"Any | None\" has no attribute \"isasync\"  [union-attr]",
            "flow_engine_887be2.py:759: error: Item \"None\" of \"Any | None\" has no attribute \"fn\"  [union-attr]",
            "flow_engine_887be2.py:772: error: ParamSpec \"P\" is unbound  [valid-type]",
            "flow_engine_887be2.py:772: error: Type variable \"flow_engine_887be2.R\" is unbound  [valid-type]",
            "flow_engine_887be2.py:772: note: (Hint: Use \"Generic[R]\" or \"Protocol[R]\" base class to bind \"R\" inside a class)",
            "flow_engine_887be2.py:772: note: (Hint: Use \"R\" in function signature to bind \"R\" inside a function)",
            "flow_engine_887be2.py:788: error: ParamSpec \"P\" is unbound  [valid-type]",
            "flow_engine_887be2.py:788: error: Type variable \"flow_engine_887be2.R\" is unbound  [valid-type]",
            "flow_engine_887be2.py:788: note: (Hint: Use \"Generic[R]\" or \"Protocol[R]\" base class to bind \"R\" inside a class)",
            "flow_engine_887be2.py:788: note: (Hint: Use \"R\" in function signature to bind \"R\" inside a function)",
            "flow_engine_887be2.py:806: error: ParamSpec \"P\" is unbound  [valid-type]",
            "flow_engine_887be2.py:806: error: Type variable \"flow_engine_887be2.R\" is unbound  [valid-type]",
            "flow_engine_887be2.py:806: note: (Hint: Use \"Generic[R]\" or \"Protocol[R]\" base class to bind \"R\" inside a class)",
            "flow_engine_887be2.py:806: note: (Hint: Use \"R\" in function signature to bind \"R\" inside a function)",
            "flow_engine_887be2.py:835: error: ParamSpec \"P\" is unbound  [valid-type]",
            "flow_engine_887be2.py:835: error: Type variable \"flow_engine_887be2.R\" is unbound  [valid-type]",
            "flow_engine_887be2.py:835: note: (Hint: Use \"Generic[R]\" or \"Protocol[R]\" base class to bind \"R\" inside a class)",
            "flow_engine_887be2.py:835: note: (Hint: Use \"R\" in function signature to bind \"R\" inside a function)",
            "Found 63 errors in 1 file (checked 1 source file)"
        ]
    },
    "format_84da8c.py": {
        "stats": {
            "total_parameters": 199,
            "parameters_with_annotations": 141
        },
        "error_count": 21,
        "isCompiled": false,
        "errors": [
            "format_84da8c.py:43: error: Name \"Final\" is not defined  [name-defined]",
            "format_84da8c.py:102: error: Incompatible types in assignment (expression has type \"None\", variable has type \"int\")  [assignment]",
            "format_84da8c.py:378: error: Incompatible types in assignment (expression has type \"Mapping[Any, Any]\", variable has type \"dict[Any, Any]\")  [assignment]",
            "format_84da8c.py:406: error: Incompatible types in assignment (expression has type \"int | None\", variable has type \"int\")  [assignment]",
            "format_84da8c.py:500: error: Name \"cast\" is not defined  [name-defined]",
            "format_84da8c.py:500: note: Did you forget to import it from \"typing\"? (Suggestion: \"from typing import cast\")",
            "format_84da8c.py:501: error: Argument 1 to \"len\" has incompatible type \"bool | Sequence[str]\"; expected \"Sized\"  [arg-type]",
            "format_84da8c.py:502: error: Argument 1 to \"len\" has incompatible type \"bool | Sequence[str]\"; expected \"Sized\"  [arg-type]",
            "format_84da8c.py:503: error: Item \"bool\" of \"bool | Sequence[str]\" has no attribute \"__iter__\" (not iterable)  [union-attr]",
            "format_84da8c.py:535: error: Name \"cast\" is not defined  [name-defined]",
            "format_84da8c.py:535: note: Did you forget to import it from \"typing\"? (Suggestion: \"from typing import cast\")",
            "format_84da8c.py:554: error: List item 0 has incompatible type \"Sequence[str]\"; expected \"str\"  [list-item]",
            "format_84da8c.py:554: error: Unsupported operand types for + (\"str\" and \"list[str]\")  [operator]",
            "format_84da8c.py:700: error: \"IO[str]\" has no attribute \"getvalue\"  [attr-defined]",
            "format_84da8c.py:744: error: Name \"cast\" is not defined  [name-defined]",
            "format_84da8c.py:744: note: Did you forget to import it from \"typing\"? (Suggestion: \"from typing import cast\")",
            "format_84da8c.py:747: error: Name \"cast\" is not defined  [name-defined]",
            "format_84da8c.py:747: note: Did you forget to import it from \"typing\"? (Suggestion: \"from typing import cast\")",
            "format_84da8c.py:749: error: Incompatible types in assignment (expression has type \"type[_Timedelta64Formatter]\", variable has type \"type[_Datetime64Formatter]\")  [assignment]",
            "format_84da8c.py:750: error: Name \"cast\" is not defined  [name-defined]",
            "format_84da8c.py:750: note: Did you forget to import it from \"typing\"? (Suggestion: \"from typing import cast\")",
            "format_84da8c.py:752: error: Incompatible types in assignment (expression has type \"type[_ExtensionArrayFormatter]\", variable has type \"type[_Datetime64Formatter]\")  [assignment]",
            "format_84da8c.py:754: error: Incompatible types in assignment (expression has type \"type[FloatArrayFormatter]\", variable has type \"type[_Datetime64Formatter]\")  [assignment]",
            "format_84da8c.py:756: error: Incompatible types in assignment (expression has type \"type[_IntArrayFormatter]\", variable has type \"type[_Datetime64Formatter]\")  [assignment]",
            "format_84da8c.py:758: error: Incompatible types in assignment (expression has type \"type[_GenericArrayFormatter]\", variable has type \"type[_Datetime64Formatter]\")  [assignment]",
            "format_84da8c.py:951: error: Incompatible types in assignment (expression has type \"None\", variable has type \"partial[str]\")  [assignment]",
            "Found 21 errors in 1 file (checked 1 source file)"
        ]
    },
    "frame_manager_271dac.py": {
        "stats": {
            "total_parameters": 88,
            "parameters_with_annotations": 48
        },
        "error_count": 6,
        "isCompiled": false,
        "errors": [
            "frame_manager_271dac.py:112: error: Item \"None\" of \"Frame | None\" has no attribute \"_navigated\"  [union-attr]",
            "frame_manager_271dac.py:532: error: Item \"None\" of \"dict[str, Any] | None\" has no attribute \"get\"  [union-attr]",
            "frame_manager_271dac.py:533: error: Item \"None\" of \"dict[str, Any] | None\" has no attribute \"get\"  [union-attr]",
            "frame_manager_271dac.py:538: error: Item \"None\" of \"dict[str, Any] | None\" has no attribute \"get\"  [union-attr]",
            "frame_manager_271dac.py:539: error: Item \"None\" of \"dict[str, Any] | None\" has no attribute \"get\"  [union-attr]",
            "frame_manager_271dac.py:540: error: Item \"None\" of \"dict[str, Any] | None\" has no attribute \"get\"  [union-attr]",
            "Found 6 errors in 1 file (checked 1 source file)"
        ]
    },
    "from_params_test_811442.py": {
        "stats": {
            "total_parameters": 213,
            "parameters_with_annotations": 102
        },
        "error_count": 2,
        "isCompiled": false,
        "errors": [
            "from_params_test_811442.py:282: error: \"type[object]\" has no attribute \"from_params\"  [attr-defined]",
            "from_params_test_811442.py:863: error: \"Foo\" has no attribute \"c\"  [attr-defined]",
            "Found 2 errors in 1 file (checked 1 source file)"
        ]
    },
    "generic_8a9e7c.py": {
        "stats": {
            "total_parameters": 182,
            "parameters_with_annotations": 129
        },
        "error_count": 12,
        "isCompiled": false,
        "errors": [
            "generic_8a9e7c.py:126: error: Incompatible types in assignment (expression has type \"Any | None\", variable has type \"dict[str, Any]\")  [assignment]",
            "generic_8a9e7c.py:155: error: \"Frame\" has no attribute \"to_spark\"  [attr-defined]",
            "generic_8a9e7c.py:161: error: \"Frame\" has no attribute \"to_spark\"  [attr-defined]",
            "generic_8a9e7c.py:184: error: Incompatible types in assignment (expression has type \"Any | None\", variable has type \"dict[str, Any]\")  [assignment]",
            "generic_8a9e7c.py:198: error: \"Frame\" has no attribute \"to_spark\"  [attr-defined]",
            "generic_8a9e7c.py:405: error: Argument 1 to \"len\" has incompatible type \"Frame\"; expected \"Sized\"  [arg-type]",
            "generic_8a9e7c.py:535: error: Argument 1 to \"len\" has incompatible type \"Frame\"; expected \"Sized\"  [arg-type]",
            "generic_8a9e7c.py:538: error: Function \"generic_8a9e7c.Frame.bool\" is not valid as a type  [valid-type]",
            "generic_8a9e7c.py:538: note: Perhaps you need \"Callable[...]\" or a callback protocol?",
            "generic_8a9e7c.py:573: error: Function \"generic_8a9e7c.Frame.bool\" is not valid as a type  [valid-type]",
            "generic_8a9e7c.py:573: note: Perhaps you need \"Callable[...]\" or a callback protocol?",
            "generic_8a9e7c.py:576: error: Function \"generic_8a9e7c.Frame.bool\" is not valid as a type  [valid-type]",
            "generic_8a9e7c.py:576: note: Perhaps you need \"Callable[...]\" or a callback protocol?",
            "generic_8a9e7c.py:580: error: Function \"generic_8a9e7c.Frame.bool\" is not valid as a type  [valid-type]",
            "generic_8a9e7c.py:580: note: Perhaps you need \"Callable[...]\" or a callback protocol?",
            "generic_8a9e7c.py:604: error: Function \"generic_8a9e7c.Frame.bool\" is not valid as a type  [valid-type]",
            "generic_8a9e7c.py:604: note: Perhaps you need \"Callable[...]\" or a callback protocol?",
            "Found 12 errors in 1 file (checked 1 source file)"
        ]
    },
    "generic_a07530.py": {
        "stats": {
            "total_parameters": 189,
            "parameters_with_annotations": 132
        },
        "error_count": 9,
        "isCompiled": false,
        "errors": [
            "generic_a07530.py:40: error: Name \"TYPE_CHECKING\" is not defined  [name-defined]",
            "generic_a07530.py:118: error: Argument 1 to \"_python_agg_general\" of \"SeriesGroupBy\" has incompatible type \"Callable[..., Any] | None\"; expected \"Callable[..., Any]\"  [arg-type]",
            "generic_a07530.py:492: error: Name \"cast\" is not defined  [name-defined]",
            "generic_a07530.py:492: note: Did you forget to import it from \"typing\"? (Suggestion: \"from typing import cast\")",
            "generic_a07530.py:502: error: Argument 1 to \"_python_agg_general\" of \"DataFrameGroupBy\" has incompatible type \"Callable[..., Any] | str | list[Any] | dict[Any, Any] | None\"; expected \"Callable[..., Any]\"  [arg-type]",
            "generic_a07530.py:504: error: Argument 1 to \"_aggregate_frame\" of \"DataFrameGroupBy\" has incompatible type \"Callable[..., Any] | str | list[Any] | dict[Any, Any] | None\"; expected \"Callable[..., Any]\"  [arg-type]",
            "generic_a07530.py:512: error: Argument 1 to \"_aggregate_frame\" of \"DataFrameGroupBy\" has incompatible type \"Callable[..., Any] | str | list[Any] | dict[Any, Any] | None\"; expected \"Callable[..., Any]\"  [arg-type]",
            "generic_a07530.py:514: error: Name \"cast\" is not defined  [name-defined]",
            "generic_a07530.py:514: note: Did you forget to import it from \"typing\"? (Suggestion: \"from typing import cast\")",
            "generic_a07530.py:663: error: \"str\" not callable  [operator]",
            "generic_a07530.py:664: error: \"str\" not callable  [operator]",
            "Found 9 errors in 1 file (checked 1 source file)"
        ]
    },
    "git_90c119.py": {
        "stats": {
            "total_parameters": 50,
            "parameters_with_annotations": 50
        },
        "error_count": 0,
        "isCompiled": true,
        "errors": []
    },
    "groupby_7dd4b2.py": {
        "stats": {
            "total_parameters": 179,
            "parameters_with_annotations": 115
        },
        "error_count": 7,
        "isCompiled": false,
        "errors": [
            "groupby_7dd4b2.py:83: error: Argument 3 to \"_spark_groupby\" of \"GroupBy\" has incompatible type \"list[Any]\"; expected \"tuple[Any, ...]\"  [arg-type]",
            "groupby_7dd4b2.py:225: error: Argument 2 to \"isinstance\" has incompatible type \"<typing special form>\"; expected \"_ClassInfo\"  [arg-type]",
            "groupby_7dd4b2.py:331: error: Argument 2 to \"isinstance\" has incompatible type \"<typing special form>\"; expected \"_ClassInfo\"  [arg-type]",
            "groupby_7dd4b2.py:682: error: Item \"None\" of \"list[Any] | None\" has no attribute \"__iter__\" (not iterable)  [union-attr]",
            "groupby_7dd4b2.py:690: error: Item \"None\" of \"list[Any] | None\" has no attribute \"__iter__\" (not iterable)  [union-attr]",
            "groupby_7dd4b2.py:696: error: \"None\" not callable  [misc]",
            "groupby_7dd4b2.py:772: error: \"None\" not callable  [misc]",
            "Found 7 errors in 1 file (checked 1 source file)"
        ]
    },
    "header_990b83.py": {
        "stats": {
            "total_parameters": 0,
            "parameters_with_annotations": 0
        },
        "error_count": 1,
        "isCompiled": false,
        "errors": [
            "header_990b83.py:178: error: invalid syntax; you likely need to run mypy using Python 3.10 or newer  [syntax]",
            "Found 1 error in 1 file (errors prevented further checking)"
        ]
    },
    "helpers_b607a0.py": {
        "stats": {
            "total_parameters": 51,
            "parameters_with_annotations": 50
        },
        "error_count": 0,
        "isCompiled": true,
        "errors": []
    },
    "helpers_e73aba.py": {
        "stats": {
            "total_parameters": 44,
            "parameters_with_annotations": 44
        },
        "error_count": 0,
        "isCompiled": true,
        "errors": []
    },
    "hist_13f59f.py": {
        "stats": {
            "total_parameters": 107,
            "parameters_with_annotations": 92
        },
        "error_count": 3,
        "isCompiled": false,
        "errors": [
            "hist_13f59f.py:51: error: Argument 2 to \"_calculate_bins\" of \"HistPlot\" has incompatible type \"int | list[Any]\"; expected \"int\"  [arg-type]",
            "hist_13f59f.py:53: error: Argument 2 to \"_calculate_bins\" of \"HistPlot\" has incompatible type \"int | list[Any]\"; expected \"int\"  [arg-type]",
            "hist_13f59f.py:184: error: Signature of \"_plot\" incompatible with supertype \"HistPlot\"  [override]",
            "hist_13f59f.py:184: note:      Superclass:",
            "hist_13f59f.py:184: note:          @classmethod",
            "hist_13f59f.py:184: note:          def _plot(cls, ax: Any, y: Any, style: Any | None = ..., bottom: float | Any = ..., column_num: int = ..., stacking_id: Any = ..., *, bins: Any, **kwds: Any) -> Any",
            "hist_13f59f.py:184: note:      Subclass:",
            "hist_13f59f.py:184: note:          @classmethod",
            "hist_13f59f.py:184: note:          def _plot(cls, ax: Any, y: Any, style: Any | None = ..., bw_method: Any | None = ..., weights: Any | None = ..., ind: Any | None = ..., column_num: int | None = ..., stacking_id: Any = ..., **kwds: Any) -> Any",
            "Found 3 errors in 1 file (checked 1 source file)"
        ]
    },
    "hive_66cde7.py": {
        "stats": {
            "total_parameters": 88,
            "parameters_with_annotations": 66
        },
        "error_count": 0,
        "isCompiled": true,
        "errors": []
    },
    "http1connection_0621ea.py": {
        "stats": {
            "total_parameters": 72,
            "parameters_with_annotations": 43
        },
        "error_count": 12,
        "isCompiled": false,
        "errors": [
            "http1connection_0621ea.py:117: error: Item \"None\" of \"Any | None\" has no attribute \"read_until_regex\"  [union-attr]",
            "http1connection_0621ea.py:122: error: Item \"None\" of \"Any | None\" has no attribute \"io_loop\"  [union-attr]",
            "http1connection_0621ea.py:187: error: Item \"None\" of \"Any | None\" has no attribute \"write\"  [union-attr]",
            "http1connection_0621ea.py:290: error: Name \"cast\" is not defined  [name-defined]",
            "http1connection_0621ea.py:290: note: Did you forget to import it from \"typing\"? (Suggestion: \"from typing import cast\")",
            "http1connection_0621ea.py:373: error: Item \"None\" of \"Any | None\" has no attribute \"io_loop\"  [union-attr]",
            "http1connection_0621ea.py:419: error: Name \"cast\" is not defined  [name-defined]",
            "http1connection_0621ea.py:419: note: Did you forget to import it from \"typing\"? (Suggestion: \"from typing import cast\")",
            "http1connection_0621ea.py:438: error: Item \"None\" of \"Any | None\" has no attribute \"read_bytes\"  [union-attr]",
            "http1connection_0621ea.py:449: error: Item \"None\" of \"Any | None\" has no attribute \"read_until\"  [union-attr]",
            "http1connection_0621ea.py:455: error: Item \"None\" of \"Any | None\" has no attribute \"read_bytes\"  [union-attr]",
            "http1connection_0621ea.py:464: error: Item \"None\" of \"Any | None\" has no attribute \"read_bytes\"  [union-attr]",
            "http1connection_0621ea.py:471: error: Item \"None\" of \"Any | None\" has no attribute \"read_bytes\"  [union-attr]",
            "http1connection_0621ea.py:475: error: Item \"None\" of \"Any | None\" has no attribute \"read_until_close\"  [union-attr]",
            "Found 12 errors in 1 file (checked 1 source file)"
        ]
    },
    "httpclient_e36adc.py": {
        "stats": {
            "total_parameters": 87,
            "parameters_with_annotations": 61
        },
        "error_count": 10,
        "isCompiled": false,
        "errors": [
            "httpclient_e36adc.py:146: error: Unexpected keyword argument \"url\" for \"HTTPRequest\"  [call-arg]",
            "D:\\python3.8\\lib\\site-packages\\mypy\\typeshed\\stdlib\\builtins.pyi:89: note: \"HTTPRequest\" defined here",
            "httpclient_e36adc.py:149: error: \"HTTPRequest\" has no attribute \"headers\"  [attr-defined]",
            "httpclient_e36adc.py:154: error: \"HTTPResponse\" has no attribute \"error\"  [attr-defined]",
            "httpclient_e36adc.py:155: error: \"HTTPResponse\" has no attribute \"_error_is_response_code\"  [attr-defined]",
            "httpclient_e36adc.py:156: error: \"HTTPResponse\" has no attribute \"error\"  [attr-defined]",
            "httpclient_e36adc.py:159: error: Argument 1 to \"fetch_impl\" of \"AsyncHTTPClient\" has incompatible type \"_RequestProxy\"; expected \"HTTPRequest\"  [arg-type]",
            "httpclient_e36adc.py:190: error: Unsupported target for indexed assignment (\"Any | dict[str, str] | None\")  [index]",
            "httpclient_e36adc.py:198: error: Incompatible types in assignment (expression has type \"str | bytes | None\", variable has type \"bytes\")  [assignment]",
            "httpclient_e36adc.py:360: error: \"HTTPResponse\" has no attribute \"headers\"  [attr-defined]",
            "httpclient_e36adc.py:362: error: \"HTTPResponse\" has no attribute \"body\"  [attr-defined]",
            "Found 10 errors in 1 file (checked 1 source file)"
        ]
    },
    "indexing_b000ec.py": {
        "stats": {
            "total_parameters": 108,
            "parameters_with_annotations": 63
        },
        "error_count": 10,
        "isCompiled": false,
        "errors": [
            "indexing_b000ec.py:18: error: Name \"TYPE_CHECKING\" is not defined  [name-defined]",
            "indexing_b000ec.py:323: error: \"LocIndexerLike\" has no attribute \"_sequence_col\"  [attr-defined]",
            "indexing_b000ec.py:372: error: \"LocIndexerLike\" has no attribute \"_sequence_col\"  [attr-defined]",
            "indexing_b000ec.py:496: error: Unsupported left operand type for & (\"list[Any]\")  [operator]",
            "indexing_b000ec.py:533: error: Value of type \"tuple[Any, ...] | None\" is not indexable  [index]",
            "indexing_b000ec.py:538: error: Incompatible types in assignment (expression has type \"set[Any]\", variable has type \"list[tuple[Any, tuple[Any, ...] | None]] | None\")  [assignment]",
            "indexing_b000ec.py:548: error: Incompatible types in assignment (expression has type \"tuple[Any | tuple[Any, ...] | None, ...]\", variable has type \"tuple[Any, tuple[Any, ...] | None]\")  [assignment]",
            "indexing_b000ec.py:551: error: List comprehension has incompatible type List[tuple[Any, ...] | None]; expected List[tuple[Any, tuple[Any, ...] | None]]  [misc]",
            "indexing_b000ec.py:566: error: Incompatible return value type (got \"tuple[list[tuple[Any]], list[Any], None, bool, None]\", expected \"tuple[list[Any], list[Any], list[Any], bool, Any | None]\")  [return-value]",
            "indexing_b000ec.py:622: error: Incompatible return value type (got \"tuple[list[Any], list[Any], list[Any] | None, bool, None]\", expected \"tuple[list[Any], list[Any], list[Any], bool, Any | None]\")  [return-value]",
            "Found 10 errors in 1 file (checked 1 source file)"
        ]
    },
    "indexing_d02a25.py": {
        "stats": {
            "total_parameters": 190,
            "parameters_with_annotations": 122
        },
        "error_count": 9,
        "isCompiled": false,
        "errors": [
            "indexing_d02a25.py:824: error: Argument 1 to \"len\" has incompatible type \"Iterable[int]\"; expected \"Sized\"  [arg-type]",
            "indexing_d02a25.py:825: error: Value of type \"Iterable[int]\" is not indexable  [index]",
            "indexing_d02a25.py:826: error: Argument 1 to \"len\" has incompatible type \"Iterable[int]\"; expected \"Sized\"  [arg-type]",
            "indexing_d02a25.py:828: error: Value of type \"int\" is not indexable  [index]",
            "indexing_d02a25.py:832: error: Value of type \"Iterable[int]\" is not indexable  [index]",
            "indexing_d02a25.py:834: error: Argument 1 to \"len\" has incompatible type \"Iterable[int]\"; expected \"Sized\"  [arg-type]",
            "indexing_d02a25.py:837: error: Argument 1 to \"len\" has incompatible type \"Iterable[int]\"; expected \"Sized\"  [arg-type]",
            "indexing_d02a25.py:838: error: Value of type \"Iterable[int]\" is not indexable  [index]",
            "indexing_d02a25.py:850: error: Argument 1 to \"len\" has incompatible type \"Iterable[int]\"; expected \"Sized\"  [arg-type]",
            "Found 9 errors in 1 file (checked 1 source file)"
        ]
    },
    "initiator_fb22e8.py": {
        "stats": {
            "total_parameters": 44,
            "parameters_with_annotations": 44
        },
        "error_count": 0,
        "isCompiled": true,
        "errors": []
    },
    "initiator_manager_26765c.py": {
        "stats": {
            "total_parameters": 65,
            "parameters_with_annotations": 65
        },
        "error_count": 0,
        "isCompiled": true,
        "errors": []
    },
    "interval_941dbf.py": {
        "stats": {
            "total_parameters": 96,
            "parameters_with_annotations": 60
        },
        "error_count": 3,
        "isCompiled": false,
        "errors": [
            "interval_941dbf.py:556: error: Unsupported operand types for * (\"None\" and \"float\")  [operator]",
            "interval_941dbf.py:556: note: Left operand is of type \"Any | None\"",
            "interval_941dbf.py:562: error: Unsupported operand types for * (\"int\" and \"None\")  [operator]",
            "interval_941dbf.py:562: note: Right operand is of type \"Any | None\"",
            "interval_941dbf.py:564: error: Unsupported operand types for * (\"int\" and \"None\")  [operator]",
            "interval_941dbf.py:564: note: Right operand is of type \"Any | None\"",
            "Found 3 errors in 1 file (checked 1 source file)"
        ]
    },
    "kedro_data_catalog_148318.py": {
        "stats": {
            "total_parameters": 86,
            "parameters_with_annotations": 50
        },
        "error_count": 1,
        "isCompiled": false,
        "errors": [
            "kedro_data_catalog_148318.py:215: error: \"_LazyDataset\" has no attribute \"to_config\"; maybe \"config\"?  [attr-defined]",
            "Found 1 error in 1 file (checked 1 source file)"
        ]
    },
    "linegen_ea8858.py": {
        "stats": {
            "total_parameters": 137,
            "parameters_with_annotations": 108
        },
        "error_count": 7,
        "isCompiled": false,
        "errors": [
            "linegen_ea8858.py:116: error: Cannot determine type of \"current_line\"  [has-type]",
            "linegen_ea8858.py:117: error: Cannot determine type of \"current_line\"  [has-type]",
            "linegen_ea8858.py:119: error: Cannot determine type of \"current_line\"  [has-type]",
            "linegen_ea8858.py:121: error: Cannot determine type of \"current_line\"  [has-type]",
            "linegen_ea8858.py:637: error: Incompatible default for argument \"omit\" (default has type \"None\", argument has type \"set[int]\")  [assignment]",
            "linegen_ea8858.py:637: note: PEP 484 prohibits implicit Optional. Accordingly, mypy has changed its default to no_implicit_optional=True",
            "linegen_ea8858.py:637: note: Use https://github.com/hauntsaninja/no_implicit_optional to automatically upgrade your codebase",
            "linegen_ea8858.py:933: error: Name \"cast\" is not defined  [name-defined]",
            "linegen_ea8858.py:933: note: Did you forget to import it from \"typing\"? (Suggestion: \"from typing import cast\")",
            "linegen_ea8858.py:934: error: Name \"cast\" is not defined  [name-defined]",
            "linegen_ea8858.py:934: note: Did you forget to import it from \"typing\"? (Suggestion: \"from typing import cast\")",
            "Found 7 errors in 1 file (checked 1 source file)"
        ]
    },
    "local_b588b6.py": {
        "stats": {
            "total_parameters": 72,
            "parameters_with_annotations": 52
        },
        "error_count": 20,
        "isCompiled": false,
        "errors": [
            "local_b588b6.py:63: error: Method \"get_public_upload_root_url\" is marked as an override, but no base method was found with this name  [misc]",
            "local_b588b6.py:67: error: Method \"generate_message_upload_path\" is marked as an override, but no base method was found with this name  [misc]",
            "local_b588b6.py:76: error: Method \"upload_message_attachment\" is marked as an override, but no base method was found with this name  [misc]",
            "local_b588b6.py:87: error: Method \"save_attachment_contents\" is marked as an override, but no base method was found with this name  [misc]",
            "local_b588b6.py:92: error: Method \"attachment_vips_source\" is marked as an override, but no base method was found with this name  [misc]",
            "local_b588b6.py:99: error: Method \"delete_message_attachment\" is marked as an override, but no base method was found with this name  [misc]",
            "local_b588b6.py:103: error: Method \"all_message_attachments\" is marked as an override, but no base method was found with this name  [misc]",
            "local_b588b6.py:119: error: Method \"get_avatar_url\" is marked as an override, but no base method was found with this name  [misc]",
            "local_b588b6.py:123: error: Method \"get_avatar_contents\" is marked as an override, but no base method was found with this name  [misc]",
            "local_b588b6.py:129: error: Method \"upload_single_avatar_image\" is marked as an override, but no base method was found with this name  [misc]",
            "local_b588b6.py:141: error: Method \"delete_avatar_image\" is marked as an override, but no base method was found with this name  [misc]",
            "local_b588b6.py:147: error: Method \"get_realm_icon_url\" is marked as an override, but no base method was found with this name  [misc]",
            "local_b588b6.py:151: error: Method \"upload_realm_icon_image\" is marked as an override, but no base method was found with this name  [misc]",
            "local_b588b6.py:164: error: Method \"get_realm_logo_url\" is marked as an override, but no base method was found with this name  [misc]",
            "local_b588b6.py:172: error: Method \"upload_realm_logo_image\" is marked as an override, but no base method was found with this name  [misc]",
            "local_b588b6.py:192: error: Method \"get_emoji_url\" is marked as an override, but no base method was found with this name  [misc]",
            "local_b588b6.py:211: error: Method \"upload_single_emoji_image\" is marked as an override, but no base method was found with this name  [misc]",
            "local_b588b6.py:221: error: Method \"get_export_tarball_url\" is marked as an override, but no base method was found with this name  [misc]",
            "local_b588b6.py:225: error: Method \"upload_export_tarball\" is marked as an override, but no base method was found with this name  [misc]",
            "local_b588b6.py:238: error: Method \"delete_export_tarball\" is marked as an override, but no base method was found with this name  [misc]",
            "Found 20 errors in 1 file (checked 1 source file)"
        ]
    },
    "log_67c6cb.py": {
        "stats": {
            "total_parameters": 62,
            "parameters_with_annotations": 48
        },
        "error_count": 0,
        "isCompiled": true,
        "errors": []
    },
    "log_writer_c4397a.py": {
        "stats": {
            "total_parameters": 69,
            "parameters_with_annotations": 49
        },
        "error_count": 7,
        "isCompiled": false,
        "errors": [
            "log_writer_c4397a.py:233: error: Item \"None\" of \"Any | None\" has no attribute \"model\"  [union-attr]",
            "log_writer_c4397a.py:270: error: Item \"None\" of \"Any | None\" has no attribute \"model\"  [union-attr]",
            "log_writer_c4397a.py:295: error: Item \"None\" of \"Any | None\" has no attribute \"model\"  [union-attr]",
            "log_writer_c4397a.py:296: error: Item \"None\" of \"Any | None\" has no attribute \"optimizer\"  [union-attr]",
            "log_writer_c4397a.py:310: error: Item \"None\" of \"Any | None\" has no attribute \"model\"  [union-attr]",
            "log_writer_c4397a.py:312: error: Item \"None\" of \"Any | None\" has no attribute \"model\"  [union-attr]",
            "log_writer_c4397a.py:319: error: Item \"None\" of \"Any | None\" has no attribute \"model\"  [union-attr]",
            "Found 7 errors in 1 file (checked 1 source file)"
        ]
    },
    "managers_6d6254.py": {
        "stats": {
            "total_parameters": 292,
            "parameters_with_annotations": 178
        },
        "error_count": 45,
        "isCompiled": false,
        "errors": [
            "managers_6d6254.py:120: error: Name \"final\" is not defined  [name-defined]",
            "managers_6d6254.py:177: error: Name \"final\" is not defined  [name-defined]",
            "managers_6d6254.py:266: error: Name \"final\" is not defined  [name-defined]",
            "managers_6d6254.py:318: error: Name \"final\" is not defined  [name-defined]",
            "managers_6d6254.py:322: error: Name \"final\" is not defined  [name-defined]",
            "managers_6d6254.py:328: error: Name \"final\" is not defined  [name-defined]",
            "managers_6d6254.py:337: error: Name \"final\" is not defined  [name-defined]",
            "managers_6d6254.py:346: error: Name \"final\" is not defined  [name-defined]",
            "managers_6d6254.py:350: error: Name \"final\" is not defined  [name-defined]",
            "managers_6d6254.py:357: error: Name \"final\" is not defined  [name-defined]",
            "managers_6d6254.py:361: error: Name \"final\" is not defined  [name-defined]",
            "managers_6d6254.py:541: error: Name \"final\" is not defined  [name-defined]",
            "managers_6d6254.py:625: error: Argument 1 to \"enumerate\" has incompatible type \"slice | Any\"; expected \"Iterable[Any]\"  [arg-type]",
            "managers_6d6254.py:717: error: Generator has incompatible item type \"int\"; expected \"bool\"  [misc]",
            "managers_6d6254.py:717: error: Cannot determine type of \"blocks\"  [has-type]",
            "managers_6d6254.py:718: error: Cannot determine type of \"blocks\"  [has-type]",
            "managers_6d6254.py:743: error: Cannot determine type of \"blocks\"  [has-type]",
            "managers_6d6254.py:744: error: Cannot determine type of \"blocks\"  [has-type]",
            "managers_6d6254.py:746: error: Cannot determine type of \"blocks\"  [has-type]",
            "managers_6d6254.py:748: error: Cannot determine type of \"blocks\"  [has-type]",
            "managers_6d6254.py:755: error: Cannot determine type of \"blocks\"  [has-type]",
            "managers_6d6254.py:769: error: Cannot determine type of \"blocks\"  [has-type]",
            "managers_6d6254.py:782: error: Cannot determine type of \"blocks\"  [has-type]",
            "managers_6d6254.py:796: error: Cannot determine type of \"blocks\"  [has-type]",
            "managers_6d6254.py:811: error: Cannot determine type of \"_blklocs\"  [has-type]",
            "managers_6d6254.py:824: error: Cannot determine type of \"blocks\"  [has-type]",
            "managers_6d6254.py:840: error: Cannot determine type of \"blocks\"  [has-type]",
            "managers_6d6254.py:862: error: Cannot determine type of \"_blknos\"  [has-type]",
            "managers_6d6254.py:863: error: Cannot determine type of \"blocks\"  [has-type]",
            "managers_6d6254.py:871: error: Cannot determine type of \"_blklocs\"  [has-type]",
            "managers_6d6254.py:876: error: Cannot determine type of \"_blklocs\"  [has-type]",
            "managers_6d6254.py:895: error: Cannot determine type of \"_blklocs\"  [has-type]",
            "managers_6d6254.py:909: error: Cannot determine type of \"_blklocs\"  [has-type]",
            "managers_6d6254.py:909: error: Unsupported target for indexed assignment (\"Any | None\")  [index]",
            "managers_6d6254.py:911: error: Cannot determine type of \"_blklocs\"  [has-type]",
            "managers_6d6254.py:911: error: Unsupported target for indexed assignment (\"Any | None\")  [index]",
            "managers_6d6254.py:1247: error: Cannot determine type of \"_is_consolidated\"  [has-type]",
            "managers_6d6254.py:1300: error: Trying to assign name \"axes\" that is not in \"__slots__\" of type \"managers_6d6254.SingleBlockManager\"  [misc]",
            "managers_6d6254.py:1301: error: Trying to assign name \"blocks\" that is not in \"__slots__\" of type \"managers_6d6254.SingleBlockManager\"  [misc]",
            "managers_6d6254.py:1358: error: Trying to assign name \"axes\" that is not in \"__slots__\" of type \"managers_6d6254.SingleBlockManager\"  [misc]",
            "managers_6d6254.py:1360: error: Trying to assign name \"blocks\" that is not in \"__slots__\" of type \"managers_6d6254.SingleBlockManager\"  [misc]",
            "managers_6d6254.py:1372: error: Decorators on top of @property are not supported  [misc]",
            "managers_6d6254.py:1372: error: Name \"final\" is not defined  [name-defined]",
            "managers_6d6254.py:1457: error: Trying to assign name \"blocks\" that is not in \"__slots__\" of type \"managers_6d6254.SingleBlockManager\"  [misc]",
            "managers_6d6254.py:1473: error: Trying to assign name \"blocks\" that is not in \"__slots__\" of type \"managers_6d6254.SingleBlockManager\"  [misc]",
            "Found 45 errors in 1 file (checked 1 source file)"
        ]
    },
    "manifest_0eeebb.py": {
        "stats": {
            "total_parameters": 147,
            "parameters_with_annotations": 106
        },
        "error_count": 14,
        "isCompiled": false,
        "errors": [
            "manifest_0eeebb.py:518: error: Item \"None\" of \"Any | None\" has no attribute \"get_macro_id\"  [union-attr]",
            "manifest_0eeebb.py:556: error: Incompatible return value type (got \"tuple[bool, str]\", expected \"tuple[bool, ReparseReason | None]\")  [return-value]",
            "manifest_0eeebb.py:561: error: Incompatible types in assignment (expression has type \"str\", variable has type \"ReparseReason | None\")  [assignment]",
            "manifest_0eeebb.py:565: error: Incompatible types in assignment (expression has type \"str\", variable has type \"ReparseReason | None\")  [assignment]",
            "manifest_0eeebb.py:569: error: Incompatible types in assignment (expression has type \"str\", variable has type \"ReparseReason | None\")  [assignment]",
            "manifest_0eeebb.py:574: error: Incompatible types in assignment (expression has type \"str\", variable has type \"ReparseReason | None\")  [assignment]",
            "manifest_0eeebb.py:581: error: Incompatible types in assignment (expression has type \"str\", variable has type \"ReparseReason | None\")  [assignment]",
            "manifest_0eeebb.py:590: error: Item \"None\" of \"Any | None\" has no attribute \"get_macro\"  [union-attr]",
            "manifest_0eeebb.py:615: error: Incompatible types in assignment (expression has type \"str\", variable has type \"ReparseReason | None\")  [assignment]",
            "manifest_0eeebb.py:618: error: Incompatible types in assignment (expression has type \"str\", variable has type \"ReparseReason | None\")  [assignment]",
            "manifest_0eeebb.py:1015: error: Dict entry 0 has incompatible type \"str\": \"dict[<nothing>, <nothing>]\"; expected \"str\": \"list[str]\"  [dict-item]",
            "manifest_0eeebb.py:1015: error: Dict entry 1 has incompatible type \"str\": \"dict[<nothing>, <nothing>]\"; expected \"str\": \"list[str]\"  [dict-item]",
            "manifest_0eeebb.py:1073: error: \"Expr\" has no attribute \"name\"  [attr-defined]",
            "manifest_0eeebb.py:1074: error: \"Expr\" has no attribute \"value\"  [attr-defined]",
            "Found 14 errors in 1 file (checked 1 source file)"
        ]
    },
    "manifest_47c52e.py": {
        "stats": {
            "total_parameters": 339,
            "parameters_with_annotations": 211
        },
        "error_count": 9,
        "isCompiled": false,
        "errors": [
            "manifest_47c52e.py:394: error: Cannot use a covariant type variable as a parameter  [misc]",
            "manifest_47c52e.py:395: error: \"T_co\" has no attribute \"from_dict\"  [attr-defined]",
            "manifest_47c52e.py:395: error: \"T_co\" has no attribute \"to_dict\"  [attr-defined]",
            "manifest_47c52e.py:920: error: Too many arguments for \"Disabled\"  [call-arg]",
            "manifest_47c52e.py:935: error: Too many arguments for \"Disabled\"  [call-arg]",
            "manifest_47c52e.py:949: error: Too many arguments for \"Disabled\"  [call-arg]",
            "manifest_47c52e.py:968: error: Too many arguments for \"Disabled\"  [call-arg]",
            "manifest_47c52e.py:1160: error: Argument 1 of \"__reduce_ex__\" is incompatible with supertype \"object\"; supertype defines the argument type as \"SupportsIndex\"  [override]",
            "manifest_47c52e.py:1160: note: This violates the Liskov substitution principle",
            "manifest_47c52e.py:1160: note: See https://mypy.readthedocs.io/en/stable/common_issues.html#incompatible-overrides",
            "manifest_47c52e.py:1178: error: Need type annotation for \"flat_graph\" (hint: \"flat_graph: Dict[<type>, <type>] = ...\")  [var-annotated]",
            "Found 9 errors in 1 file (checked 1 source file)"
        ]
    },
    "mediation_fee_f1a080.py": {
        "stats": {
            "total_parameters": 47,
            "parameters_with_annotations": 41
        },
        "error_count": 1,
        "isCompiled": false,
        "errors": [
            "mediation_fee_f1a080.py:157: error: No overload variant of \"Fraction\" matches argument type \"object\"  [call-overload]",
            "mediation_fee_f1a080.py:157: note: Possible overload variants:",
            "mediation_fee_f1a080.py:157: note:     def __new__(cls, numerator: int | Rational = ..., denominator: int | Rational | None = ...) -> Fraction",
            "mediation_fee_f1a080.py:157: note:     def __new__(cls, float | Decimal | str, /) -> Fraction",
            "Found 1 error in 1 file (checked 1 source file)"
        ]
    },
    "mediator_edd547.py": {
        "stats": {
            "total_parameters": 123,
            "parameters_with_annotations": 123
        },
        "error_count": 0,
        "isCompiled": true,
        "errors": []
    },
    "merge_f40757.py": {
        "stats": {
            "total_parameters": 0,
            "parameters_with_annotations": 0
        },
        "error_count": 1,
        "isCompiled": false,
        "errors": [
            "merge_f40757.py:317: error: invalid syntax; you likely need to run mypy using Python 3.10 or newer  [syntax]",
            "Found 1 error in 1 file (errors prevented further checking)"
        ]
    },
    "message_6587fb.py": {
        "stats": {
            "total_parameters": 97,
            "parameters_with_annotations": 97
        },
        "error_count": 33,
        "isCompiled": false,
        "errors": [
            "message_6587fb.py:356: error: Argument 1 to \"extract_unread_data_from_um_rows\" has incompatible type \"list[dict[str, Any]]\"; expected \"list[Mapping[str, Any]]\"  [arg-type]",
            "message_6587fb.py:356: note: \"List\" is invariant -- see https://mypy.readthedocs.io/en/stable/common_issues.html#variance",
            "message_6587fb.py:356: note: Consider using \"Sequence\" instead, which is covariant",
            "message_6587fb.py:447: error: Extra keys (\"stream_id\", \"topic\", \"unread_message_ids\") for TypedDict \"UnreadStreamInfo\"  [typeddict-unknown-key]",
            "message_6587fb.py:450: error: TypedDict \"UnreadStreamInfo\" has no key \"unread_message_ids\"  [typeddict-item]",
            "message_6587fb.py:452: error: TypedDict \"UnreadStreamInfo\" has no key \"unread_message_ids\"  [typeddict-item]",
            "message_6587fb.py:461: error: Extra keys (\"other_user_id\", \"sender_id\", \"unread_message_ids\") for TypedDict \"UnreadDirectMessageInfo\"  [typeddict-unknown-key]",
            "message_6587fb.py:464: error: TypedDict \"UnreadDirectMessageInfo\" has no key \"unread_message_ids\"  [typeddict-item]",
            "message_6587fb.py:466: error: TypedDict \"UnreadDirectMessageInfo\" has no key \"unread_message_ids\"  [typeddict-item]",
            "message_6587fb.py:475: error: Extra keys (\"user_ids_string\", \"unread_message_ids\") for TypedDict \"UnreadDirectMessageGroupInfo\"  [typeddict-unknown-key]",
            "message_6587fb.py:478: error: TypedDict \"UnreadDirectMessageGroupInfo\" has no key \"unread_message_ids\"  [typeddict-item]",
            "message_6587fb.py:480: error: TypedDict \"UnreadDirectMessageGroupInfo\" has no key \"unread_message_ids\"  [typeddict-item]",
            "message_6587fb.py:485: error: TypedDict \"RawUnreadMessagesResult\" has no key \"pm_dict\"  [typeddict-item]",
            "message_6587fb.py:486: error: TypedDict \"RawUnreadMessagesResult\" has no key \"stream_dict\"  [typeddict-item]",
            "message_6587fb.py:487: error: TypedDict \"RawUnreadMessagesResult\" has no key \"unmuted_stream_msgs\"  [typeddict-item]",
            "message_6587fb.py:488: error: TypedDict \"RawUnreadMessagesResult\" has no key \"huddle_dict\"  [typeddict-item]",
            "message_6587fb.py:489: error: TypedDict \"RawUnreadMessagesResult\" has no key \"mentions\"  [typeddict-item]",
            "message_6587fb.py:494: error: Extra keys (\"pms\", \"streams\", \"huddles\", \"mentions\", \"count\", \"old_unreads_missing\") for TypedDict \"UnreadMessagesResult\"  [typeddict-unknown-key]",
            "message_6587fb.py:555: error: TypedDict \"RawUnreadMessagesResult\" has no key \"pm_dict\"  [typeddict-item]",
            "message_6587fb.py:561: error: Extra keys (\"type\", \"user_ids\") for TypedDict \"MessageDetailsDict\"  [typeddict-unknown-key]",
            "message_6587fb.py:562: error: TypedDict \"RawUnreadMessagesResult\" has no key \"mentions\"  [typeddict-item]",
            "message_6587fb.py:563: error: TypedDict \"MessageDetailsDict\" has no key \"mentioned\"  [typeddict-unknown-key]",
            "message_6587fb.py:565: error: TypedDict \"RawUnreadMessagesResult\" has no key \"stream_dict\"  [typeddict-item]",
            "message_6587fb.py:566: error: TypedDict \"RawUnreadMessagesResult\" has no key \"unmuted_stream_msgs\"  [typeddict-item]",
            "message_6587fb.py:567: error: Extra keys (\"type\", \"stream_id\", \"topic\", \"unmuted_stream_msg\") for TypedDict \"MessageDetailsDict\"  [typeddict-unknown-key]",
            "message_6587fb.py:573: error: TypedDict \"RawUnreadMessagesResult\" has no key \"mentions\"  [typeddict-item]",
            "message_6587fb.py:574: error: TypedDict \"MessageDetailsDict\" has no key \"mentioned\"  [typeddict-unknown-key]",
            "message_6587fb.py:576: error: TypedDict \"RawUnreadMessagesResult\" has no key \"huddle_dict\"  [typeddict-item]",
            "message_6587fb.py:580: error: Extra keys (\"type\", \"user_ids\") for TypedDict \"MessageDetailsDict\"  [typeddict-unknown-key]",
            "message_6587fb.py:581: error: TypedDict \"RawUnreadMessagesResult\" has no key \"mentions\"  [typeddict-item]",
            "message_6587fb.py:582: error: TypedDict \"MessageDetailsDict\" has no key \"mentioned\"  [typeddict-unknown-key]",
            "message_6587fb.py:589: error: TypedDict \"MessageDetailsDict\" has no key \"type\"  [typeddict-item]",
            "message_6587fb.py:590: error: TypedDict \"MessageDetailsDict\" has no key \"user_ids\"  [typeddict-item]",
            "message_6587fb.py:600: error: TypedDict \"MessageDetailsDict\" has no key \"type\"  [typeddict-item]",
            "message_6587fb.py:602: error: TypedDict \"MessageDetailsDict\" has no key \"unmuted_stream_msg\"  [typeddict-item]",
            "Found 33 errors in 1 file (checked 1 source file)"
        ]
    },
    "message_cache_dbda93.py": {
        "stats": {
            "total_parameters": 49,
            "parameters_with_annotations": 49
        },
        "error_count": 0,
        "isCompiled": true,
        "errors": []
    },
    "message_edit_6be856.py": {
        "stats": {
            "total_parameters": 61,
            "parameters_with_annotations": 61
        },
        "error_count": 0,
        "isCompiled": true,
        "errors": []
    },
    "message_send_b7048c.py": {
        "stats": {
            "total_parameters": 156,
            "parameters_with_annotations": 156
        },
        "error_count": 2,
        "isCompiled": false,
        "errors": [
            "message_send_b7048c.py:699: error: Incompatible return value type (got \"list[str]\", expected \"list[int | str]\")  [return-value]",
            "message_send_b7048c.py:699: note: \"List\" is invariant -- see https://mypy.readthedocs.io/en/stable/common_issues.html#variance",
            "message_send_b7048c.py:699: note: Consider using \"Sequence\" instead, which is covariant",
            "message_send_b7048c.py:702: error: Incompatible return value type (got \"list[int]\", expected \"list[int | str]\")  [return-value]",
            "message_send_b7048c.py:702: note: \"List\" is invariant -- see https://mypy.readthedocs.io/en/stable/common_issues.html#variance",
            "message_send_b7048c.py:702: note: Consider using \"Sequence\" instead, which is covariant",
            "Found 2 errors in 1 file (checked 1 source file)"
        ]
    },
    "meta_learners_cdb80e.py": {
        "stats": {
            "total_parameters": 58,
            "parameters_with_annotations": 58
        },
        "error_count": 6,
        "isCompiled": false,
        "errors": [
            "meta_learners_cdb80e.py:229: error: \"Callable[[Any], Any]\" object is not iterable  [misc]",
            "meta_learners_cdb80e.py:230: error: Cannot determine type of \"learner_fcn\"  [has-type]",
            "meta_learners_cdb80e.py:231: error: Cannot determine type of \"learner_logs\"  [has-type]",
            "meta_learners_cdb80e.py:233: error: \"Callable[[Any], Any]\" object is not iterable  [misc]",
            "meta_learners_cdb80e.py:234: error: Cannot determine type of \"learner_fcn\"  [has-type]",
            "meta_learners_cdb80e.py:235: error: Cannot determine type of \"learner_logs\"  [has-type]",
            "Found 6 errors in 1 file (checked 1 source file)"
        ]
    },
    "mocks_d2ab6d.py": {
        "stats": {
            "total_parameters": 108,
            "parameters_with_annotations": 70
        },
        "error_count": 5,
        "isCompiled": false,
        "errors": [
            "mocks_d2ab6d.py:289: error: Variable \"mocks_d2ab6d.RoutesDict\" is not valid as a type  [valid-type]",
            "mocks_d2ab6d.py:289: note: See https://mypy.readthedocs.io/en/stable/common_issues.html#variables-vs-type-aliases",
            "mocks_d2ab6d.py:339: error: Value of type RoutesDict? is not indexable  [index]",
            "mocks_d2ab6d.py:343: error: RoutesDict? has no attribute \"clear\"  [attr-defined]",
            "mocks_d2ab6d.py:345: error: Value of type RoutesDict? is not indexable  [index]",
            "mocks_d2ab6d.py:364: error: Value of type RoutesDict? is not indexable  [index]",
            "Found 5 errors in 1 file (checked 1 source file)"
        ]
    },
    "model_card_7b7f62.py": {
        "stats": {
            "total_parameters": 47,
            "parameters_with_annotations": 37
        },
        "error_count": 2,
        "isCompiled": false,
        "errors": [
            "model_card_7b7f62.py:16: error: Item \"None\" of \"str | None\" has no attribute \"split\"  [union-attr]",
            "model_card_7b7f62.py:393: error: \"type\" has no attribute \"default_predictor\"  [attr-defined]",
            "Found 2 errors in 1 file (checked 1 source file)"
        ]
    },
    "monitor_7b218d.py": {
        "stats": {
            "total_parameters": 112,
            "parameters_with_annotations": 68
        },
        "error_count": 1,
        "isCompiled": false,
        "errors": [
            "monitor_7b218d.py:432: error: \"Mapping[str, float]\" has no attribute \"update\"  [attr-defined]",
            "Found 1 error in 1 file (checked 1 source file)"
        ]
    },
    "multipart_07595c.py": {
        "stats": {
            "total_parameters": 80,
            "parameters_with_annotations": 43
        },
        "error_count": 0,
        "isCompiled": true,
        "errors": []
    },
    "mypy_a965ef.py": {
        "stats": {
            "total_parameters": 158,
            "parameters_with_annotations": 120
        },
        "error_count": 22,
        "isCompiled": false,
        "errors": [
            "mypy_a965ef.py:95: error: Argument 2 to \"PydanticModelTransformer\" has incompatible type \"Expression\"; expected \"str\"  [arg-type]",
            "mypy_a965ef.py:95: error: Argument 3 to \"PydanticModelTransformer\" has incompatible type \"SemanticAnalyzerPluginInterface\"; expected \"CheckerPluginInterface\"  [arg-type]",
            "mypy_a965ef.py:208: error: Incompatible types in assignment (expression has type \"Instance | TupleType\", variable has type \"Instance\")  [assignment]",
            "mypy_a965ef.py:246: error: Argument 2 to \"deserialize_and_fixup_type\" has incompatible type \"CheckerPluginInterface\"; expected \"SemanticAnalyzerPluginInterface\"  [arg-type]",
            "mypy_a965ef.py:255: error: Argument 2 to \"map_type_from_supertype\" has incompatible type \"Instance\"; expected \"TypeInfo\"  [arg-type]",
            "mypy_a965ef.py:370: error: Argument 1 to \"update\" of \"ModelConfigData\" has incompatible type \"ModelConfigData | None\"; expected \"ModelConfigData\"  [arg-type]",
            "mypy_a965ef.py:375: error: Argument 1 to \"update\" of \"ModelConfigData\" has incompatible type \"ModelConfigData | None\"; expected \"ModelConfigData\"  [arg-type]",
            "mypy_a965ef.py:385: error: Argument 1 to \"update\" of \"ModelConfigData\" has incompatible type \"ModelConfigData | None\"; expected \"ModelConfigData\"  [arg-type]",
            "mypy_a965ef.py:396: error: \"CheckerPluginInterface\" has no attribute \"add_plugin_dependency\"  [attr-defined]",
            "mypy_a965ef.py:409: error: \"CheckerPluginInterface\" has no attribute \"add_plugin_dependency\"  [attr-defined]",
            "mypy_a965ef.py:412: error: Argument 1 to \"expand_typevar_from_subtype\" of \"PydanticModelField\" has incompatible type \"TypeInfo\"; expected \"Instance\"  [arg-type]",
            "mypy_a965ef.py:498: error: \"CheckerPluginInterface\" has no attribute \"analyze_simple_literal_type\"  [attr-defined]",
            "mypy_a965ef.py:518: error: Incompatible types in assignment (expression has type \"Type | None\", variable has type \"Type\")  [assignment]",
            "mypy_a965ef.py:519: error: \"Var\" has no attribute \"implicit\"  [attr-defined]",
            "mypy_a965ef.py:554: error: \"CheckerPluginInterface\" has no attribute \"lookup_fully_qualified\"  [attr-defined]",
            "mypy_a965ef.py:565: error: \"CheckerPluginInterface\" has no attribute \"anal_type\"  [attr-defined]",
            "mypy_a965ef.py:579: error: \"CheckerPluginInterface\" has no attribute \"named_type\"  [attr-defined]",
            "mypy_a965ef.py:580: error: Incompatible types in assignment (expression has type \"UnionType\", variable has type \"Instance | NoneType\")  [assignment]",
            "mypy_a965ef.py:602: error: \"CheckerPluginInterface\" has no attribute \"final_iteration\"  [attr-defined]",
            "mypy_a965ef.py:603: error: \"CheckerPluginInterface\" has no attribute \"defer\"  [attr-defined]",
            "mypy_a965ef.py:851: error: Argument 1 to \"append\" of \"list\" has incompatible type \"ArgKind\"; expected \"int\"  [arg-type]",
            "mypy_a965ef.py:852: error: Argument 2 to \"CallableType\" has incompatible type \"list[int]\"; expected \"list[ArgKind]\"  [arg-type]",
            "Found 22 errors in 1 file (checked 1 source file)"
        ]
    },
    "nanops_961886.py": {
        "stats": {
            "total_parameters": 97,
            "parameters_with_annotations": 92
        },
        "error_count": 1,
        "isCompiled": false,
        "errors": [
            "nanops_961886.py:726: error: Item \"None\" of \"Any | None\" has no attribute \"type\"  [union-attr]",
            "Found 1 error in 1 file (checked 1 source file)"
        ]
    },
    "netutil_1c2f9b.py": {
        "stats": {
            "total_parameters": 51,
            "parameters_with_annotations": 38
        },
        "error_count": 6,
        "isCompiled": false,
        "errors": [
            "netutil_1c2f9b.py:85: error: Module has no attribute \"SO_REUSEPORT\"  [attr-defined]",
            "netutil_1c2f9b.py:91: error: Incompatible types in assignment (expression has type \"tuple[object, ...]\", variable has type \"tuple[str, int] | tuple[str, int, int, int]\")  [assignment]",
            "netutil_1c2f9b.py:120: error: Module has no attribute \"AF_UNIX\"; maybe \"AF_IPX\"?  [attr-defined]",
            "netutil_1c2f9b.py:336: error: Incompatible types in assignment (expression has type \"None\", variable has type \"Executor\")  [assignment]",
            "netutil_1c2f9b.py:354: error: Signature of \"initialize\" incompatible with supertype \"ExecutorResolver\"  [override]",
            "netutil_1c2f9b.py:354: note:      Superclass:",
            "netutil_1c2f9b.py:354: note:          def initialize(self, executor: Executor | None = ..., close_executor: bool = ...) -> None",
            "netutil_1c2f9b.py:354: note:      Subclass:",
            "netutil_1c2f9b.py:354: note:          def initialize(self) -> None",
            "netutil_1c2f9b.py:376: error: Signature of \"initialize\" incompatible with supertype \"ExecutorResolver\"  [override]",
            "netutil_1c2f9b.py:376: note:      Superclass:",
            "netutil_1c2f9b.py:376: note:          def initialize(self, executor: Executor | None = ..., close_executor: bool = ...) -> None",
            "netutil_1c2f9b.py:376: note:      Subclass:",
            "netutil_1c2f9b.py:376: note:          def initialize(self, num_threads: int = ...) -> None",
            "Found 6 errors in 1 file (checked 1 source file)"
        ]
    },
    "network_7ec1c6.py": {
        "stats": {
            "total_parameters": 76,
            "parameters_with_annotations": 73
        },
        "error_count": 1,
        "isCompiled": false,
        "errors": [
            "network_7ec1c6.py:245: error: Unsupported operand types for < (\"int\" and \"object\")  [operator]",
            "network_7ec1c6.py:245: note: Left operand is of type \"int | object\"",
            "Found 1 error in 1 file (checked 1 source file)"
        ]
    },
    "network_manager_8c67f5.py": {
        "stats": {
            "total_parameters": 85,
            "parameters_with_annotations": 47
        },
        "error_count": 12,
        "isCompiled": false,
        "errors": [
            "network_manager_8c67f5.py:114: error: Invalid index type \"Any | None\" for \"dict[str, dict[str, Any]]\"; expected type \"str\"  [index]",
            "network_manager_8c67f5.py:163: error: Argument 2 to \"_handleRequestRedirect\" of \"NetworkManager\" has incompatible type \"Any | None\"; expected \"int\"  [arg-type]",
            "network_manager_8c67f5.py:164: error: Argument 3 to \"_handleRequestRedirect\" of \"NetworkManager\" has incompatible type \"Any | None\"; expected \"dict[str, Any]\"  [arg-type]",
            "network_manager_8c67f5.py:165: error: Argument 4 to \"_handleRequestRedirect\" of \"NetworkManager\" has incompatible type \"Any | None\"; expected \"bool\"  [arg-type]",
            "network_manager_8c67f5.py:166: error: Argument 5 to \"_handleRequestRedirect\" of \"NetworkManager\" has incompatible type \"Any | None\"; expected \"bool\"  [arg-type]",
            "network_manager_8c67f5.py:183: error: Argument 1 to \"get\" of \"dict\" has incompatible type \"Any | None\"; expected \"str\"  [arg-type]",
            "network_manager_8c67f5.py:201: error: Argument 1 to \"discard\" of \"set\" has incompatible type \"str | None\"; expected \"str\"  [arg-type]",
            "network_manager_8c67f5.py:233: error: Argument 5 to \"Response\" has incompatible type \"Any | None\"; expected \"bool\"  [arg-type]",
            "network_manager_8c67f5.py:234: error: Argument 6 to \"Response\" has incompatible type \"Any | None\"; expected \"bool\"  [arg-type]",
            "network_manager_8c67f5.py:248: error: Argument 1 to \"discard\" of \"set\" has incompatible type \"str | None\"; expected \"str\"  [arg-type]",
            "network_manager_8c67f5.py:260: error: Argument 1 to \"discard\" of \"set\" has incompatible type \"str | None\"; expected \"str\"  [arg-type]",
            "network_manager_8c67f5.py:509: error: Incompatible return value type (got \"str | bytes\", expected \"bytes\")  [return-value]",
            "Found 12 errors in 1 file (checked 1 source file)"
        ]
    },
    "node_2d78d3.py": {
        "stats": {
            "total_parameters": 95,
            "parameters_with_annotations": 95
        },
        "error_count": 0,
        "isCompiled": true,
        "errors": []
    },
    "objects_2ea8dd.py": {
        "stats": {
            "total_parameters": 62,
            "parameters_with_annotations": 51
        },
        "error_count": 0,
        "isCompiled": true,
        "errors": []
    },
    "object_array_68abb9.py": {
        "stats": {
            "total_parameters": 147,
            "parameters_with_annotations": 94
        },
        "error_count": 6,
        "isCompiled": false,
        "errors": [
            "object_array_68abb9.py:76: error: Name \"Literal\" is not defined  [name-defined]",
            "object_array_68abb9.py:76: error: Name \"left\" is not defined  [name-defined]",
            "object_array_68abb9.py:76: error: Name \"right\" is not defined  [name-defined]",
            "object_array_68abb9.py:76: error: Name \"both\" is not defined  [name-defined]",
            "object_array_68abb9.py:142: error: Incompatible types in assignment (expression has type \"Pattern[str]\", variable has type \"str\")  [assignment]",
            "object_array_68abb9.py:144: error: \"str\" has no attribute \"sub\"  [attr-defined]",
            "Found 6 errors in 1 file (checked 1 source file)"
        ]
    },
    "okx_558006.py": {
        "stats": {
            "total_parameters": 51,
            "parameters_with_annotations": 37
        },
        "error_count": 0,
        "isCompiled": true,
        "errors": []
    },
    "optimizers_03ae81.py": {
        "stats": {
            "total_parameters": 111,
            "parameters_with_annotations": 93
        },
        "error_count": 18,
        "isCompiled": false,
        "errors": [
            "optimizers_03ae81.py:84: error: List comprehension has incompatible type List[Parameter]; expected List[dict[str, Any]]  [misc]",
            "optimizers_03ae81.py:153: error: Invalid index type \"str\" for \"Parameter\"; expected type \"SupportsIndex | bool | int | slice | ellipsis | Tensor | _NestedSequence[bool | int | slice | ellipsis | Tensor | None] | tuple[SupportsIndex | bool | int | slice | ellipsis | Tensor | _NestedSequence[bool | int | slice | ellipsis | Tensor | None] | None, ...] | None\"  [index]",
            "optimizers_03ae81.py:153: note: Following member(s) of \"str\" have conflicts:",
            "optimizers_03ae81.py:153: note:     Expected:",
            "optimizers_03ae81.py:153: note:         def __contains__(self, object, /) -> bool",
            "optimizers_03ae81.py:153: note:     Got:",
            "optimizers_03ae81.py:153: note:         def __contains__(self, str, /) -> bool",
            "optimizers_03ae81.py:153: note:     Expected:",
            "optimizers_03ae81.py:153: note:         def __getitem__(self, int, /) -> bool | int | slice | ellipsis | Tensor | _NestedSequence[bool | int | slice | ellipsis | Tensor | None] | None",
            "optimizers_03ae81.py:153: note:     Got:",
            "optimizers_03ae81.py:153: note:         def __getitem__(self, SupportsIndex | slice, /) -> str",
            "optimizers_03ae81.py:153: note:     <2 more conflict(s) not shown>",
            "optimizers_03ae81.py:156: error: Signature of \"step\" incompatible with supertype \"Optimizer\"  [override]",
            "optimizers_03ae81.py:156: note:      Superclass:",
            "optimizers_03ae81.py:156: note:          @overload",
            "optimizers_03ae81.py:156: note:          def step(self, closure: None = ...) -> None",
            "optimizers_03ae81.py:156: note:          @overload",
            "optimizers_03ae81.py:156: note:          def step(self, closure: Callable[[], float]) -> float",
            "optimizers_03ae81.py:156: note:      Subclass:",
            "optimizers_03ae81.py:156: note:          def step(self) -> None",
            "optimizers_03ae81.py:263: error: Unexpected keyword argument \"lr\" for \"__init__\" of \"Optimizer\"  [call-arg]",
            "D:\\python3.8\\lib\\site-packages\\torch\\optim\\optimizer.py:339: note: \"__init__\" of \"Optimizer\" defined here",
            "optimizers_03ae81.py:263: error: Unexpected keyword argument \"betas\" for \"__init__\" of \"Optimizer\"  [call-arg]",
            "D:\\python3.8\\lib\\site-packages\\torch\\optim\\optimizer.py:339: note: \"__init__\" of \"Optimizer\" defined here",
            "optimizers_03ae81.py:263: error: Unexpected keyword argument \"eps\" for \"__init__\" of \"Optimizer\"  [call-arg]",
            "D:\\python3.8\\lib\\site-packages\\torch\\optim\\optimizer.py:339: note: \"__init__\" of \"Optimizer\" defined here",
            "optimizers_03ae81.py:263: error: Unexpected keyword argument \"weight_decay\" for \"__init__\" of \"Optimizer\"  [call-arg]",
            "D:\\python3.8\\lib\\site-packages\\torch\\optim\\optimizer.py:339: note: \"__init__\" of \"Optimizer\" defined here",
            "optimizers_03ae81.py:263: error: Unexpected keyword argument \"correct_bias\" for \"__init__\" of \"Optimizer\"  [call-arg]",
            "D:\\python3.8\\lib\\site-packages\\torch\\optim\\optimizer.py:339: note: \"__init__\" of \"Optimizer\" defined here",
            "optimizers_03ae81.py:284: error: Unexpected keyword argument \"lr\" for \"__init__\" of \"Optimizer\"  [call-arg]",
            "D:\\python3.8\\lib\\site-packages\\torch\\optim\\optimizer.py:339: note: \"__init__\" of \"Optimizer\" defined here",
            "optimizers_03ae81.py:284: error: Unexpected keyword argument \"eps\" for \"__init__\" of \"Optimizer\"  [call-arg]",
            "D:\\python3.8\\lib\\site-packages\\torch\\optim\\optimizer.py:339: note: \"__init__\" of \"Optimizer\" defined here",
            "optimizers_03ae81.py:284: error: Unexpected keyword argument \"clip_threshold\" for \"__init__\" of \"Optimizer\"  [call-arg]",
            "D:\\python3.8\\lib\\site-packages\\torch\\optim\\optimizer.py:339: note: \"__init__\" of \"Optimizer\" defined here",
            "optimizers_03ae81.py:284: error: Unexpected keyword argument \"decay_rate\" for \"__init__\" of \"Optimizer\"  [call-arg]",
            "D:\\python3.8\\lib\\site-packages\\torch\\optim\\optimizer.py:339: note: \"__init__\" of \"Optimizer\" defined here",
            "optimizers_03ae81.py:284: error: Unexpected keyword argument \"beta1\" for \"__init__\" of \"Optimizer\"  [call-arg]",
            "D:\\python3.8\\lib\\site-packages\\torch\\optim\\optimizer.py:339: note: \"__init__\" of \"Optimizer\" defined here",
            "optimizers_03ae81.py:284: error: Unexpected keyword argument \"weight_decay\" for \"__init__\" of \"Optimizer\"  [call-arg]",
            "D:\\python3.8\\lib\\site-packages\\torch\\optim\\optimizer.py:339: note: \"__init__\" of \"Optimizer\" defined here",
            "optimizers_03ae81.py:284: error: Unexpected keyword argument \"scale_parameter\" for \"__init__\" of \"Optimizer\"  [call-arg]",
            "D:\\python3.8\\lib\\site-packages\\torch\\optim\\optimizer.py:339: note: \"__init__\" of \"Optimizer\" defined here",
            "optimizers_03ae81.py:284: error: Unexpected keyword argument \"relative_step\" for \"__init__\" of \"Optimizer\"  [call-arg]",
            "D:\\python3.8\\lib\\site-packages\\torch\\optim\\optimizer.py:339: note: \"__init__\" of \"Optimizer\" defined here",
            "optimizers_03ae81.py:284: error: Unexpected keyword argument \"warmup_init\" for \"__init__\" of \"Optimizer\"  [call-arg]",
            "D:\\python3.8\\lib\\site-packages\\torch\\optim\\optimizer.py:339: note: \"__init__\" of \"Optimizer\" defined here",
            "optimizers_03ae81.py:401: error: Signature of \"step\" incompatible with supertype \"Optimizer\"  [override]",
            "optimizers_03ae81.py:401: note:      Superclass:",
            "optimizers_03ae81.py:401: note:          @overload",
            "optimizers_03ae81.py:401: note:          def step(self, closure: None = ...) -> None",
            "optimizers_03ae81.py:401: note:          @overload",
            "optimizers_03ae81.py:401: note:          def step(self, closure: Callable[[], float]) -> float",
            "optimizers_03ae81.py:401: note:      Subclass:",
            "optimizers_03ae81.py:401: note:          def step(self, closure: Any | None = ...) -> Any | None",
            "Found 18 errors in 1 file (checked 1 source file)"
        ]
    },
    "optimize_reports_05f23c.py": {
        "stats": {
            "total_parameters": 37,
            "parameters_with_annotations": 37
        },
        "error_count": 0,
        "isCompiled": true,
        "errors": []
    },
    "options_fe74b9.py": {
        "stats": {
            "total_parameters": 90,
            "parameters_with_annotations": 58
        },
        "error_count": 15,
        "isCompiled": false,
        "errors": [
            "options_fe74b9.py:24: error: Unexpected type declaration  [misc]",
            "options_fe74b9.py:25: error: Unexpected type declaration  [misc]",
            "options_fe74b9.py:183: error: Argument 1 to \"len\" has incompatible type \"list[str] | None\"; expected \"Sized\"  [arg-type]",
            "options_fe74b9.py:184: error: Value of type \"list[str] | None\" is not indexable  [index]",
            "options_fe74b9.py:185: error: Value of type \"list[str] | None\" is not indexable  [index]",
            "options_fe74b9.py:187: error: Value of type \"list[str] | None\" is not indexable  [index]",
            "options_fe74b9.py:188: error: Value of type \"list[str] | None\" is not indexable  [index]",
            "options_fe74b9.py:190: error: Value of type \"list[str] | None\" is not indexable  [index]",
            "options_fe74b9.py:321: error: Unexpected type declaration  [misc]",
            "options_fe74b9.py:345: error: Variable \"type\" is not valid as a type  [valid-type]",
            "options_fe74b9.py:345: note: See https://mypy.readthedocs.io/en/stable/common_issues.html#variables-vs-type-aliases",
            "options_fe74b9.py:374: error: No overload variant of \"range\" matches argument types \"object\", \"int\"  [call-overload]",
            "options_fe74b9.py:374: note: Possible overload variants:",
            "options_fe74b9.py:374: note:     def __init__(self, SupportsIndex, /) -> range",
            "options_fe74b9.py:374: note:     def __init__(self, SupportsIndex, SupportsIndex, SupportsIndex = ..., /) -> range",
            "options_fe74b9.py:374: error: Unsupported operand types for + (\"object\" and \"int\")  [operator]",
            "options_fe74b9.py:386: error: type? has no attribute \"__name__\"  [attr-defined]",
            "options_fe74b9.py:389: error: type? has no attribute \"__name__\"  [attr-defined]",
            "options_fe74b9.py:391: error: type? has no attribute \"__name__\"  [attr-defined]",
            "Found 15 errors in 1 file (checked 1 source file)"
        ]
    },
    "packager_d0d7be.py": {
        "stats": {
            "total_parameters": 190,
            "parameters_with_annotations": 122
        },
        "error_count": 0,
        "isCompiled": true,
        "errors": []
    },
    "params_226a6a.py": {
        "stats": {
            "total_parameters": 81,
            "parameters_with_annotations": 59
        },
        "error_count": 2,
        "isCompiled": false,
        "errors": [
            "params_226a6a.py:86: error: Incompatible types in assignment (expression has type \"dict[<nothing>, <nothing>]\", variable has type \"list[Any]\")  [assignment]",
            "params_226a6a.py:87: error: Incompatible types in assignment (expression has type \"chain[Any]\", variable has type \"range\")  [assignment]",
            "Found 2 errors in 1 file (checked 1 source file)"
        ]
    },
    "parquet_a441a6.py": {
        "stats": {
            "total_parameters": 63,
            "parameters_with_annotations": 55
        },
        "error_count": 0,
        "isCompiled": true,
        "errors": []
    },
    "photonics_eb3fae.py": {
        "stats": {
            "total_parameters": 52,
            "parameters_with_annotations": 52
        },
        "error_count": 2,
        "isCompiled": false,
        "errors": [
            "photonics_eb3fae.py:354: error: Item \"str\" of \"Any | str\" has no attribute \"shape\"  [union-attr]",
            "photonics_eb3fae.py:355: error: Unsupported operand types for > (\"str\" and \"float\")  [operator]",
            "photonics_eb3fae.py:355: note: Left operand is of type \"Any | str\"",
            "Found 2 errors in 1 file (checked 1 source file)"
        ]
    },
    "pivot_1f30db.py": {
        "stats": {
            "total_parameters": 77,
            "parameters_with_annotations": 77
        },
        "error_count": 9,
        "isCompiled": false,
        "errors": [
            "pivot_1f30db.py:15: error: Name \"TYPE_CHECKING\" is not defined  [name-defined]",
            "pivot_1f30db.py:243: error: \"str\" not callable  [operator]",
            "pivot_1f30db.py:243: error: \"dict[Any, Any]\" not callable  [operator]",
            "pivot_1f30db.py:276: error: Incompatible types in assignment (expression has type \"str\", variable has type \"tuple[Any, ...]\")  [assignment]",
            "pivot_1f30db.py:386: error: Name \"cast\" is not defined  [name-defined]",
            "pivot_1f30db.py:386: note: Did you forget to import it from \"typing\"? (Suggestion: \"from typing import cast\")",
            "pivot_1f30db.py:414: error: Argument 2 to \"_get_names\" has incompatible type \"Sequence[str] | None\"; expected \"list[str] | None\"  [arg-type]",
            "pivot_1f30db.py:415: error: Argument 2 to \"_get_names\" has incompatible type \"Sequence[str] | None\"; expected \"list[str] | None\"  [arg-type]",
            "pivot_1f30db.py:460: error: Invalid index type \"bool\" for \"dict[str, Callable[[Any], Any]]\"; expected type \"str\"  [index]",
            "pivot_1f30db.py:462: error: Invalid index type \"bool | str\" for \"dict[str, Callable[[Any], Any]]\"; expected type \"str\"  [index]",
            "Found 9 errors in 1 file (checked 1 source file)"
        ]
    },
    "postgres_09c46c.py": {
        "stats": {
            "total_parameters": 51,
            "parameters_with_annotations": 35
        },
        "error_count": 0,
        "isCompiled": true,
        "errors": []
    },
    "profile_77bd4f.py": {
        "stats": {
            "total_parameters": 48,
            "parameters_with_annotations": 38
        },
        "error_count": 0,
        "isCompiled": true,
        "errors": []
    },
    "prometheus_180961.py": {
        "stats": {
            "total_parameters": 81,
            "parameters_with_annotations": 57
        },
        "error_count": 0,
        "isCompiled": true,
        "errors": []
    },
    "python_f218d0.py": {
        "stats": {
            "total_parameters": 132,
            "parameters_with_annotations": 101
        },
        "error_count": 0,
        "isCompiled": true,
        "errors": []
    },
    "pytorch_seq2seq_wrapper_f81fef.py": {
        "stats": {
            "total_parameters": 59,
            "parameters_with_annotations": 48
        },
        "error_count": 0,
        "isCompiled": true,
        "errors": []
    },
    "pytorch_seq2vec_wrapper_ae605d.py": {
        "stats": {
            "total_parameters": 51,
            "parameters_with_annotations": 41
        },
        "error_count": 0,
        "isCompiled": true,
        "errors": []
    },
    "query_context_processor_356fe7.py": {
        "stats": {
            "total_parameters": 53,
            "parameters_with_annotations": 37
        },
        "error_count": 0,
        "isCompiled": true,
        "errors": []
    },
    "raiden_network_f4d23c.py": {
        "stats": {
            "total_parameters": 69,
            "parameters_with_annotations": 66
        },
        "error_count": 1,
        "isCompiled": false,
        "errors": [
            "raiden_network_f4d23c.py:37: error: Module \"pytest\" has no attribute \"MonkeyPatch\"  [attr-defined]",
            "Found 1 error in 1 file (checked 1 source file)"
        ]
    },
    "raiden_service_70320b.py": {
        "stats": {
            "total_parameters": 110,
            "parameters_with_annotations": 68
        },
        "error_count": 1,
        "isCompiled": false,
        "errors": [
            "raiden_service_70320b.py:266: error: Incompatible types in assignment (expression has type \"None\", variable has type \"str\")  [assignment]",
            "Found 1 error in 1 file (checked 1 source file)"
        ]
    },
    "realm_settings_e9d618.py": {
        "stats": {
            "total_parameters": 58,
            "parameters_with_annotations": 58
        },
        "error_count": 0,
        "isCompiled": true,
        "errors": []
    },
    "regression_5b5987.py": {
        "stats": {
            "total_parameters": 67,
            "parameters_with_annotations": 67
        },
        "error_count": 0,
        "isCompiled": true,
        "errors": []
    },
    "rest_51609c.py": {
        "stats": {
            "total_parameters": 134,
            "parameters_with_annotations": 89
        },
        "error_count": 2,
        "isCompiled": false,
        "errors": [
            "rest_51609c.py:204: error: Too many values to unpack (2 expected, 3 provided)  [misc]",
            "rest_51609c.py:207: error: Need more than 2 values to unpack (3 expected)  [misc]",
            "Found 2 errors in 1 file (checked 1 source file)"
        ]
    },
    "retention_81eb85.py": {
        "stats": {
            "total_parameters": 42,
            "parameters_with_annotations": 42
        },
        "error_count": 0,
        "isCompiled": true,
        "errors": []
    },
    "routing_66b713.py": {
        "stats": {
            "total_parameters": 101,
            "parameters_with_annotations": 68
        },
        "error_count": 4,
        "isCompiled": false,
        "errors": [
            "routing_66b713.py:577: error: Incompatible types in assignment (expression has type \"Callable[..., _AsyncGeneratorContextManager[Any]]\", variable has type \"_DefaultLifespan\")  [assignment]",
            "routing_66b713.py:583: error: Incompatible types in assignment (expression has type \"Callable[[Any], _AsyncLiftContextManager[Any]]\", variable has type \"_DefaultLifespan\")  [assignment]",
            "routing_66b713.py:616: error: Incompatible types in \"await\" (actual type \"Awaitable[None] | None\", expected type \"Awaitable[Any]\")  [misc]",
            "routing_66b713.py:626: error: Incompatible types in \"await\" (actual type \"Awaitable[None] | None\", expected type \"Awaitable[Any]\")  [misc]",
            "Found 4 errors in 1 file (checked 1 source file)"
        ]
    },
    "runner_7722d1.py": {
        "stats": {
            "total_parameters": 62,
            "parameters_with_annotations": 50
        },
        "error_count": 0,
        "isCompiled": true,
        "errors": []
    },
    "runner_ecb0c0.py": {
        "stats": {
            "total_parameters": 0,
            "parameters_with_annotations": 0
        },
        "error_count": 1,
        "isCompiled": false,
        "errors": [
            "runner_ecb0c0.py:1: error: unexpected indent  [syntax]",
            "Found 1 error in 1 file (errors prevented further checking)"
        ]
    },
    "run_b777ab.py": {
        "stats": {
            "total_parameters": 147,
            "parameters_with_annotations": 97
        },
        "error_count": 0,
        "isCompiled": true,
        "errors": []
    },
    "s3_48c5ab.py": {
        "stats": {
            "total_parameters": 104,
            "parameters_with_annotations": 79
        },
        "error_count": 1,
        "isCompiled": false,
        "errors": [
            "s3_48c5ab.py:349: error: Incompatible types in assignment (expression has type \"tuple[Any, ...]\", variable has type \"tuple[Any]\")  [assignment]",
            "Found 1 error in 1 file (checked 1 source file)"
        ]
    },
    "s3_e58a82.py": {
        "stats": {
            "total_parameters": 86,
            "parameters_with_annotations": 60
        },
        "error_count": 21,
        "isCompiled": false,
        "errors": [
            "s3_e58a82.py:135: error: Method \"get_public_upload_root_url\" is marked as an override, but no base method was found with this name  [misc]",
            "s3_e58a82.py:143: error: Method \"generate_message_upload_path\" is marked as an override, but no base method was found with this name  [misc]",
            "s3_e58a82.py:147: error: Method \"upload_message_attachment\" is marked as an override, but no base method was found with this name  [misc]",
            "s3_e58a82.py:162: error: Method \"save_attachment_contents\" is marked as an override, but no base method was found with this name  [misc]",
            "s3_e58a82.py:167: error: Method \"attachment_vips_source\" is marked as an override, but no base method was found with this name  [misc]",
            "s3_e58a82.py:177: error: Method \"delete_message_attachment\" is marked as an override, but no base method was found with this name  [misc]",
            "s3_e58a82.py:181: error: Method \"delete_message_attachments\" is marked as an override, but no base method was found with this name  [misc]",
            "s3_e58a82.py:185: error: Method \"all_message_attachments\" is marked as an override, but no base method was found with this name  [misc]",
            "s3_e58a82.py:197: error: Method \"get_avatar_url\" is marked as an override, but no base method was found with this name  [misc]",
            "s3_e58a82.py:201: error: Method \"get_avatar_contents\" is marked as an override, but no base method was found with this name  [misc]",
            "s3_e58a82.py:208: error: Method \"upload_single_avatar_image\" is marked as an override, but no base method was found with this name  [misc]",
            "s3_e58a82.py:225: error: Method \"delete_avatar_image\" is marked as an override, but no base method was found with this name  [misc]",
            "s3_e58a82.py:231: error: Method \"get_realm_icon_url\" is marked as an override, but no base method was found with this name  [misc]",
            "s3_e58a82.py:236: error: Method \"upload_realm_icon_image\" is marked as an override, but no base method was found with this name  [misc]",
            "s3_e58a82.py:244: error: Method \"get_realm_logo_url\" is marked as an override, but no base method was found with this name  [misc]",
            "s3_e58a82.py:253: error: Method \"upload_realm_logo_image\" is marked as an override, but no base method was found with this name  [misc]",
            "s3_e58a82.py:265: error: Method \"get_emoji_url\" is marked as an override, but no base method was found with this name  [misc]",
            "s3_e58a82.py:277: error: Method \"upload_single_emoji_image\" is marked as an override, but no base method was found with this name  [misc]",
            "s3_e58a82.py:284: error: Method \"get_export_tarball_url\" is marked as an override, but no base method was found with this name  [misc]",
            "s3_e58a82.py:312: error: Method \"upload_export_tarball\" is marked as an override, but no base method was found with this name  [misc]",
            "s3_e58a82.py:326: error: Method \"delete_export_tarball\" is marked as an override, but no base method was found with this name  [misc]",
            "Found 21 errors in 1 file (checked 1 source file)"
        ]
    },
    "sas7bdat_f3d8c2.py": {
        "stats": {
            "total_parameters": 70,
            "parameters_with_annotations": 42
        },
        "error_count": 10,
        "isCompiled": false,
        "errors": [
            "sas7bdat_f3d8c2.py:196: error: Value of type \"bytes | None\" is not indexable  [index]",
            "sas7bdat_f3d8c2.py:227: error: If x = b'abc' then f\"{x}\" or \"{}\".format(x) produces \"b'abc'\", not \"abc\". If this is desired behavior, use f\"{x!r}\" or \"{!r}\".format(x). Otherwise, decode the bytes  [str-bytes-safe]",
            "sas7bdat_f3d8c2.py:235: error: Unsupported left operand type for + (\"None\")  [operator]",
            "sas7bdat_f3d8c2.py:235: note: Left operand is of type \"bytes | None\"",
            "sas7bdat_f3d8c2.py:282: error: Argument 1 to \"len\" has incompatible type \"bytes | None\"; expected \"Sized\"  [arg-type]",
            "sas7bdat_f3d8c2.py:284: error: Argument 1 to \"len\" has incompatible type \"bytes | None\"; expected \"Sized\"  [arg-type]",
            "sas7bdat_f3d8c2.py:330: error: If x = b'abc' then f\"{x}\" or \"{}\".format(x) produces \"b'abc'\", not \"abc\". If this is desired behavior, use f\"{x!r}\" or \"{!r}\".format(x). Otherwise, decode the bytes  [str-bytes-safe]",
            "sas7bdat_f3d8c2.py:402: error: Incompatible types in assignment (expression has type \"str\", variable has type \"bytes\")  [assignment]",
            "sas7bdat_f3d8c2.py:494: error: Argument 1 to \"len\" has incompatible type \"bytes | None\"; expected \"Sized\"  [arg-type]",
            "sas7bdat_f3d8c2.py:496: error: Argument 1 to \"len\" has incompatible type \"bytes | None\"; expected \"Sized\"  [arg-type]",
            "sas7bdat_f3d8c2.py:498: error: Argument 1 to \"len\" has incompatible type \"bytes | None\"; expected \"Sized\"  [arg-type]",
            "Found 10 errors in 1 file (checked 1 source file)"
        ]
    },
    "schemas_d6d78d.py": {
        "stats": {
            "total_parameters": 61,
            "parameters_with_annotations": 43
        },
        "error_count": 0,
        "isCompiled": true,
        "errors": []
    },
    "schema_generic_tests_906d8a.py": {
        "stats": {
            "total_parameters": 69,
            "parameters_with_annotations": 51
        },
        "error_count": 0,
        "isCompiled": true,
        "errors": []
    },
    "schema_yaml_readers_9dabb0.py": {
        "stats": {
            "total_parameters": 97,
            "parameters_with_annotations": 58
        },
        "error_count": 0,
        "isCompiled": true,
        "errors": []
    },
    "screenshots_949c9a.py": {
        "stats": {
            "total_parameters": 0,
            "parameters_with_annotations": 0
        },
        "error_count": 1,
        "isCompiled": false,
        "errors": [
            "screenshots_949c9a.py:25: error: invalid syntax; you likely need to run mypy using Python 3.10 or newer  [syntax]",
            "Found 1 error in 1 file (errors prevented further checking)"
        ]
    },
    "sentiment_analysis_suite_5e67f5.py": {
        "stats": {
            "total_parameters": 54,
            "parameters_with_annotations": 40
        },
        "error_count": 6,
        "isCompiled": false,
        "errors": [
            "sentiment_analysis_suite_5e67f5.py:18: error: Argument 1 to \"len\" has incompatible type \"Iterable[str]\"; expected \"Sized\"  [arg-type]",
            "sentiment_analysis_suite_5e67f5.py:20: error: Value of type \"Iterable[str]\" is not indexable  [index]",
            "sentiment_analysis_suite_5e67f5.py:69: error: Argument 1 to \"_default_ner_tests\" of \"SentimentAnalysisSuite\" has incompatible type \"list[Any] | None\"; expected \"list[Any]\"  [arg-type]",
            "sentiment_analysis_suite_5e67f5.py:70: error: Argument 1 to \"_default_temporal_tests\" of \"SentimentAnalysisSuite\" has incompatible type \"list[Any] | None\"; expected \"list[Any]\"  [arg-type]",
            "sentiment_analysis_suite_5e67f5.py:71: error: Argument 1 to \"_default_fairness_tests\" of \"SentimentAnalysisSuite\" has incompatible type \"list[Any] | None\"; expected \"list[Any]\"  [arg-type]",
            "sentiment_analysis_suite_5e67f5.py:72: error: Argument 1 to \"_default_negation_tests\" of \"SentimentAnalysisSuite\" has incompatible type \"list[Any] | None\"; expected \"list[Any]\"  [arg-type]",
            "Found 6 errors in 1 file (checked 1 source file)"
        ]
    },
    "smartcontracts_989d9a.py": {
        "stats": {
            "total_parameters": 65,
            "parameters_with_annotations": 65
        },
        "error_count": 0,
        "isCompiled": true,
        "errors": []
    },
    "sorting_f49b49.py": {
        "stats": {
            "total_parameters": 55,
            "parameters_with_annotations": 55
        },
        "error_count": 18,
        "isCompiled": false,
        "errors": [
            "sorting_f49b49.py:30: error: Name \"Literal\" is not defined  [name-defined]",
            "sorting_f49b49.py:30: error: Name \"first\" is not defined  [name-defined]",
            "sorting_f49b49.py:30: error: Name \"last\" is not defined  [name-defined]",
            "sorting_f49b49.py:162: error: Name \"Literal\" is not defined  [name-defined]",
            "sorting_f49b49.py:162: error: Name \"first\" is not defined  [name-defined]",
            "sorting_f49b49.py:162: error: Name \"last\" is not defined  [name-defined]",
            "sorting_f49b49.py:173: error: Incompatible types in assignment (expression has type \"repeat[bool]\", variable has type \"bool | Sequence[bool] | None\")  [assignment]",
            "sorting_f49b49.py:175: error: Incompatible types in assignment (expression has type \"repeat[bool]\", variable has type \"bool | Sequence[bool] | None\")  [assignment]",
            "sorting_f49b49.py:177: error: Incompatible types in assignment (expression has type \"reversed[bool]\", variable has type \"bool | Sequence[bool] | None\")  [assignment]",
            "sorting_f49b49.py:179: error: Argument 2 to \"zip\" has incompatible type \"bool | Sequence[bool] | None\"; expected \"Iterable[bool]\"  [arg-type]",
            "sorting_f49b49.py:200: error: Name \"Literal\" is not defined  [name-defined]",
            "sorting_f49b49.py:200: error: Name \"first\" is not defined  [name-defined]",
            "sorting_f49b49.py:200: error: Name \"last\" is not defined  [name-defined]",
            "sorting_f49b49.py:240: error: Name \"Literal\" is not defined  [name-defined]",
            "sorting_f49b49.py:240: error: Name \"argmax\" is not defined  [name-defined]",
            "sorting_f49b49.py:240: error: Name \"argmin\" is not defined  [name-defined]",
            "sorting_f49b49.py:288: error: Incompatible types in assignment (expression has type \"Sequence[int | str]\", variable has type \"list[int | str]\")  [assignment]",
            "sorting_f49b49.py:291: error: Incompatible types in assignment (expression has type \"range\", variable has type \"set[Any]\")  [assignment]",
            "Found 18 errors in 1 file (checked 1 source file)"
        ]
    },
    "specs_7c250e.py": {
        "stats": {
            "total_parameters": 58,
            "parameters_with_annotations": 46
        },
        "error_count": 1,
        "isCompiled": false,
        "errors": [
            "specs_7c250e.py:5: error: Name \"TYPE_CHECKING\" is not defined  [name-defined]",
            "Found 1 error in 1 file (checked 1 source file)"
        ]
    },
    "splitters_9b6f18.py": {
        "stats": {
            "total_parameters": 90,
            "parameters_with_annotations": 90
        },
        "error_count": 3,
        "isCompiled": false,
        "errors": [
            "splitters_9b6f18.py:495: error: Incompatible return value type (got \"tuple[list[tuple[Any, list[Any]]], list[dict[str, Any | int]]]\", expected \"tuple[list[tuple[Any, list[Any]]], list[dict[str, list[Any | int]]]]\")  [return-value]",
            "splitters_9b6f18.py:565: error: Incompatible return value type (got \"tuple[list[tuple[Any, list[Any]]], list[dict[str, Any | int]]]\", expected \"tuple[list[tuple[Any, list[Any]]], list[dict[str, list[Any | int]]]]\")  [return-value]",
            "splitters_9b6f18.py:636: error: Incompatible return value type (got \"tuple[list[tuple[Any, list[Any]]], list[dict[str, Any | int]]]\", expected \"tuple[list[tuple[Any, list[Any]]], list[dict[str, list[Any | int]]]]\")  [return-value]",
            "Found 3 errors in 1 file (checked 1 source file)"
        ]
    },
    "sql_parse_fe229f.py": {
        "stats": {
            "total_parameters": 69,
            "parameters_with_annotations": 48
        },
        "error_count": 12,
        "isCompiled": false,
        "errors": [
            "sql_parse_fe229f.py:335: error: Incompatible default for argument \"method\" (default has type \"str\", argument has type \"CtasMethod\")  [assignment]",
            "sql_parse_fe229f.py:497: error: Incompatible types in assignment (expression has type \"str\", variable has type \"InsertRLSState\")  [assignment]",
            "sql_parse_fe229f.py:503: error: Incompatible types in assignment (expression has type \"str\", variable has type \"InsertRLSState\")  [assignment]",
            "sql_parse_fe229f.py:535: error: Incompatible types in assignment (expression has type \"str\", variable has type \"InsertRLSState\")  [assignment]",
            "sql_parse_fe229f.py:537: error: Incompatible types in assignment (expression has type \"str\", variable has type \"InsertRLSState\")  [assignment]",
            "sql_parse_fe229f.py:552: error: Incompatible types in assignment (expression has type \"str\", variable has type \"InsertRLSState\")  [assignment]",
            "sql_parse_fe229f.py:558: error: Incompatible types in assignment (expression has type \"str\", variable has type \"InsertRLSState\")  [assignment]",
            "sql_parse_fe229f.py:562: error: Incompatible types in assignment (expression has type \"str\", variable has type \"InsertRLSState\")  [assignment]",
            "sql_parse_fe229f.py:567: error: Incompatible types in assignment (expression has type \"str\", variable has type \"InsertRLSState\")  [assignment]",
            "sql_parse_fe229f.py:586: error: Incompatible types in assignment (expression has type \"str\", variable has type \"InsertRLSState\")  [assignment]",
            "sql_parse_fe229f.py:594: error: Incompatible types in assignment (expression has type \"str\", variable has type \"InsertRLSState\")  [assignment]",
            "sql_parse_fe229f.py:596: error: Incompatible types in assignment (expression has type \"str\", variable has type \"InsertRLSState\")  [assignment]",
            "Found 12 errors in 1 file (checked 1 source file)"
        ]
    },
    "states_8ed126.py": {
        "stats": {
            "total_parameters": 45,
            "parameters_with_annotations": 36
        },
        "error_count": 0,
        "isCompiled": true,
        "errors": []
    },
    "statsd_f3d723.py": {
        "stats": {
            "total_parameters": 83,
            "parameters_with_annotations": 59
        },
        "error_count": 0,
        "isCompiled": true,
        "errors": []
    },
    "streams_748e41.py": {
        "stats": {
            "total_parameters": 145,
            "parameters_with_annotations": 145
        },
        "error_count": 0,
        "isCompiled": true,
        "errors": []
    },
    "stubs_b63ee1.py": {
        "stats": {
            "total_parameters": 134,
            "parameters_with_annotations": 91
        },
        "error_count": 0,
        "isCompiled": true,
        "errors": []
    },
    "subscription_info_2fc87f.py": {
        "stats": {
            "total_parameters": 37,
            "parameters_with_annotations": 37
        },
        "error_count": 2,
        "isCompiled": false,
        "errors": [
            "subscription_info_2fc87f.py:475: error: Unsupported target for indexed assignment (\"Mapping[str, Any]\")  [index]",
            "subscription_info_2fc87f.py:535: error: Unsupported target for indexed assignment (\"Mapping[str, Any]\")  [index]",
            "Found 2 errors in 1 file (checked 1 source file)"
        ]
    },
    "superset_factory_util_7e174c.py": {
        "stats": {
            "total_parameters": 46,
            "parameters_with_annotations": 46
        },
        "error_count": 0,
        "isCompiled": true,
        "errors": []
    },
    "tables_379478.py": {
        "stats": {
            "total_parameters": 143,
            "parameters_with_annotations": 74
        },
        "error_count": 2,
        "isCompiled": false,
        "errors": [
            "tables_379478.py:356: error: Name \"ValuesView\" is not defined  [name-defined]",
            "tables_379478.py:438: error: Missing return statement  [empty-body]",
            "tables_379478.py:438: note: If the method is meant to be abstract, use @abc.abstractmethod",
            "Found 2 errors in 1 file (checked 1 source file)"
        ]
    },
    "task_engine_88162b.py": {
        "stats": {
            "total_parameters": 72,
            "parameters_with_annotations": 43
        },
        "error_count": 97,
        "isCompiled": false,
        "errors": [
            "task_engine_88162b.py:117: error: \"BaseTaskRunEngine[P, R]\" has no attribute \"task\"  [attr-defined]",
            "task_engine_88162b.py:127: error: \"BaseTaskRunEngine[P, R]\" has no attribute \"task\"  [attr-defined]",
            "task_engine_88162b.py:131: error: \"BaseTaskRunEngine[P, R]\" has no attribute \"task\"  [attr-defined]",
            "task_engine_88162b.py:132: error: \"BaseTaskRunEngine[P, R]\" has no attribute \"task\"  [attr-defined]",
            "task_engine_88162b.py:154: error: \"BaseTaskRunEngine[P, R]\" has no attribute \"task\"  [attr-defined]",
            "task_engine_88162b.py:155: error: \"BaseTaskRunEngine[P, R]\" has no attribute \"task\"  [attr-defined]",
            "task_engine_88162b.py:156: error: \"Logger\" has no attribute \"extra\"  [attr-defined]",
            "task_engine_88162b.py:157: error: Item \"None\" of \"Any | None\" has no attribute \"name\"  [union-attr]",
            "task_engine_88162b.py:158: error: Item \"None\" of \"Any | None\" has no attribute \"name\"  [union-attr]",
            "task_engine_88162b.py:166: error: \"BaseTaskRunEngine[P, R]\" has no attribute \"task\"  [attr-defined]",
            "task_engine_88162b.py:214: error: \"SyncTaskRunEngine[P, R]\" has no attribute \"task\"  [attr-defined]",
            "task_engine_88162b.py:218: error: \"SyncTaskRunEngine[P, R]\" has no attribute \"task\"  [attr-defined]",
            "task_engine_88162b.py:221: error: \"SyncTaskRunEngine[P, R]\" has no attribute \"task\"  [attr-defined]",
            "task_engine_88162b.py:223: error: \"SyncTaskRunEngine[P, R]\" has no attribute \"task\"  [attr-defined]",
            "task_engine_88162b.py:229: error: \"SyncTaskRunEngine[P, R]\" has no attribute \"task\"  [attr-defined]",
            "task_engine_88162b.py:237: error: \"SyncTaskRunEngine[P, R]\" has no attribute \"task\"  [attr-defined]",
            "task_engine_88162b.py:314: error: Missing return statement  [return]",
            "task_engine_88162b.py:325: error: \"SyncTaskRunEngine[P, R]\" has no attribute \"task\"  [attr-defined]",
            "task_engine_88162b.py:326: error: \"SyncTaskRunEngine[P, R]\" has no attribute \"task\"  [attr-defined]",
            "task_engine_88162b.py:332: error: \"SyncTaskRunEngine[P, R]\" has no attribute \"task\"  [attr-defined]",
            "task_engine_88162b.py:342: error: \"SyncTaskRunEngine[P, R]\" has no attribute \"task\"  [attr-defined]",
            "task_engine_88162b.py:343: error: \"SyncTaskRunEngine[P, R]\" has no attribute \"task\"  [attr-defined]",
            "task_engine_88162b.py:345: error: \"SyncTaskRunEngine[P, R]\" has no attribute \"task\"  [attr-defined]",
            "task_engine_88162b.py:346: error: \"SyncTaskRunEngine[P, R]\" has no attribute \"task\"  [attr-defined]",
            "task_engine_88162b.py:347: error: \"SyncTaskRunEngine[P, R]\" has no attribute \"task\"  [attr-defined]",
            "task_engine_88162b.py:357: error: \"SyncTaskRunEngine[P, R]\" has no attribute \"task\"  [attr-defined]",
            "task_engine_88162b.py:363: error: \"SyncTaskRunEngine[P, R]\" has no attribute \"task\"  [attr-defined]",
            "task_engine_88162b.py:380: error: \"SyncTaskRunEngine[P, R]\" has no attribute \"task\"  [attr-defined]",
            "task_engine_88162b.py:410: error: \"Self\" has no attribute \"task\"  [attr-defined]",
            "task_engine_88162b.py:412: error: \"Self\" has no attribute \"task\"  [attr-defined]",
            "task_engine_88162b.py:413: error: \"Self\" has no attribute \"task\"  [attr-defined]",
            "task_engine_88162b.py:420: error: \"Self\" has no attribute \"task\"  [attr-defined]",
            "task_engine_88162b.py:424: error: \"Self\" has no attribute \"task\"  [attr-defined]",
            "task_engine_88162b.py:431: error: \"Self\" has no attribute \"task\"  [attr-defined]",
            "task_engine_88162b.py:445: error: \"Self\" has no attribute \"task\"  [attr-defined]",
            "task_engine_88162b.py:456: error: \"Self\" has no attribute \"task\"  [attr-defined]",
            "task_engine_88162b.py:471: error: Argument 1 to \"handle_crash\" of \"SyncTaskRunEngine\" has incompatible type \"BaseException\"; expected \"Exception\"  [arg-type]",
            "task_engine_88162b.py:499: error: \"SyncTaskRunEngine[P, R]\" has no attribute \"task\"  [attr-defined]",
            "task_engine_88162b.py:501: error: \"SyncTaskRunEngine[P, R]\" has no attribute \"task\"  [attr-defined]",
            "task_engine_88162b.py:502: error: \"SyncTaskRunEngine[P, R]\" has no attribute \"task\"  [attr-defined]",
            "task_engine_88162b.py:519: error: \"Self\" has no attribute \"task\"  [attr-defined]",
            "task_engine_88162b.py:520: error: Item \"None\" of \"Any | None\" has no attribute \"name\"  [union-attr]",
            "task_engine_88162b.py:520: error: \"Self\" has no attribute \"task\"  [attr-defined]",
            "task_engine_88162b.py:533: error: Item \"None\" of \"Any | None\" has no attribute \"tags\"  [union-attr]",
            "task_engine_88162b.py:534: error: Item \"None\" of \"Any | None\" has no attribute \"tags\"  [union-attr]",
            "task_engine_88162b.py:534: error: Item \"None\" of \"Any | None\" has no attribute \"id\"  [union-attr]",
            "task_engine_88162b.py:535: error: \"SyncTaskRunEngine[P, R]\" has no attribute \"task\"  [attr-defined]",
            "task_engine_88162b.py:537: error: \"SyncTaskRunEngine[P, R]\" has no attribute \"task\"  [attr-defined]",
            "task_engine_88162b.py:554: error: \"AsyncTaskRunEngine[P, R]\" has no attribute \"task\"  [attr-defined]",
            "task_engine_88162b.py:558: error: \"AsyncTaskRunEngine[P, R]\" has no attribute \"task\"  [attr-defined]",
            "task_engine_88162b.py:561: error: \"AsyncTaskRunEngine[P, R]\" has no attribute \"task\"  [attr-defined]",
            "task_engine_88162b.py:563: error: \"AsyncTaskRunEngine[P, R]\" has no attribute \"task\"  [attr-defined]",
            "task_engine_88162b.py:569: error: \"AsyncTaskRunEngine[P, R]\" has no attribute \"task\"  [attr-defined]",
            "task_engine_88162b.py:577: error: \"AsyncTaskRunEngine[P, R]\" has no attribute \"task\"  [attr-defined]",
            "task_engine_88162b.py:608: error: Item \"None\" of \"Any | None\" has no attribute \"start_time\"  [union-attr]",
            "task_engine_88162b.py:612: error: Item \"None\" of \"Any | None\" has no attribute \"flow_run_run_count\"  [union-attr]",
            "task_engine_88162b.py:653: error: Missing return statement  [return]",
            "task_engine_88162b.py:664: error: \"AsyncTaskRunEngine[P, R]\" has no attribute \"task\"  [attr-defined]",
            "task_engine_88162b.py:665: error: \"AsyncTaskRunEngine[P, R]\" has no attribute \"task\"  [attr-defined]",
            "task_engine_88162b.py:671: error: \"AsyncTaskRunEngine[P, R]\" has no attribute \"task\"  [attr-defined]",
            "task_engine_88162b.py:681: error: \"AsyncTaskRunEngine[P, R]\" has no attribute \"task\"  [attr-defined]",
            "task_engine_88162b.py:682: error: \"AsyncTaskRunEngine[P, R]\" has no attribute \"task\"  [attr-defined]",
            "task_engine_88162b.py:684: error: \"AsyncTaskRunEngine[P, R]\" has no attribute \"task\"  [attr-defined]",
            "task_engine_88162b.py:685: error: \"AsyncTaskRunEngine[P, R]\" has no attribute \"task\"  [attr-defined]",
            "task_engine_88162b.py:686: error: \"AsyncTaskRunEngine[P, R]\" has no attribute \"task\"  [attr-defined]",
            "task_engine_88162b.py:696: error: \"AsyncTaskRunEngine[P, R]\" has no attribute \"task\"  [attr-defined]",
            "task_engine_88162b.py:702: error: \"AsyncTaskRunEngine[P, R]\" has no attribute \"task\"  [attr-defined]",
            "task_engine_88162b.py:720: error: \"AsyncTaskRunEngine[P, R]\" has no attribute \"task\"  [attr-defined]",
            "task_engine_88162b.py:751: error: \"Self\" has no attribute \"task\"  [attr-defined]",
            "task_engine_88162b.py:753: error: \"Self\" has no attribute \"task\"  [attr-defined]",
            "task_engine_88162b.py:754: error: \"Self\" has no attribute \"task\"  [attr-defined]",
            "task_engine_88162b.py:761: error: \"Self\" has no attribute \"task\"  [attr-defined]",
            "task_engine_88162b.py:765: error: \"Self\" has no attribute \"task\"  [attr-defined]",
            "task_engine_88162b.py:771: error: \"Self\" has no attribute \"task\"  [attr-defined]",
            "task_engine_88162b.py:784: error: \"Self\" has no attribute \"task\"  [attr-defined]",
            "task_engine_88162b.py:794: error: \"Self\" has no attribute \"task\"  [attr-defined]",
            "task_engine_88162b.py:809: error: Argument 1 to \"handle_crash\" of \"AsyncTaskRunEngine\" has incompatible type \"BaseException\"; expected \"Exception\"  [arg-type]",
            "task_engine_88162b.py:837: error: \"AsyncTaskRunEngine[P, R]\" has no attribute \"task\"  [attr-defined]",
            "task_engine_88162b.py:839: error: \"AsyncTaskRunEngine[P, R]\" has no attribute \"task\"  [attr-defined]",
            "task_engine_88162b.py:840: error: \"AsyncTaskRunEngine[P, R]\" has no attribute \"task\"  [attr-defined]",
            "task_engine_88162b.py:857: error: \"Self\" has no attribute \"task\"  [attr-defined]",
            "task_engine_88162b.py:858: error: Item \"None\" of \"Any | None\" has no attribute \"name\"  [union-attr]",
            "task_engine_88162b.py:858: error: \"Self\" has no attribute \"task\"  [attr-defined]",
            "task_engine_88162b.py:873: error: \"AsyncTaskRunEngine[P, R]\" has no attribute \"task\"  [attr-defined]",
            "task_engine_88162b.py:875: error: \"AsyncTaskRunEngine[P, R]\" has no attribute \"task\"  [attr-defined]",
            "task_engine_88162b.py:890: error: ParamSpec \"P\" is unbound  [valid-type]",
            "task_engine_88162b.py:890: error: Type variable \"task_engine_88162b.R\" is unbound  [valid-type]",
            "task_engine_88162b.py:890: note: (Hint: Use \"Generic[R]\" or \"Protocol[R]\" base class to bind \"R\" inside a class)",
            "task_engine_88162b.py:890: note: (Hint: Use \"R\" in function signature to bind \"R\" inside a function)",
            "task_engine_88162b.py:890: error: Unexpected keyword argument \"task\" for \"SyncTaskRunEngine\"  [call-arg]",
            "task_engine_88162b.py:909: error: ParamSpec \"P\" is unbound  [valid-type]",
            "task_engine_88162b.py:909: error: Type variable \"task_engine_88162b.R\" is unbound  [valid-type]",
            "task_engine_88162b.py:909: note: (Hint: Use \"Generic[R]\" or \"Protocol[R]\" base class to bind \"R\" inside a class)",
            "task_engine_88162b.py:909: note: (Hint: Use \"R\" in function signature to bind \"R\" inside a function)",
            "task_engine_88162b.py:909: error: Unexpected keyword argument \"task\" for \"AsyncTaskRunEngine\"  [call-arg]",
            "task_engine_88162b.py:930: error: ParamSpec \"P\" is unbound  [valid-type]",
            "task_engine_88162b.py:930: error: Type variable \"task_engine_88162b.R\" is unbound  [valid-type]",
            "task_engine_88162b.py:930: note: (Hint: Use \"Generic[R]\" or \"Protocol[R]\" base class to bind \"R\" inside a class)",
            "task_engine_88162b.py:930: note: (Hint: Use \"R\" in function signature to bind \"R\" inside a function)",
            "task_engine_88162b.py:930: error: Unexpected keyword argument \"task\" for \"SyncTaskRunEngine\"  [call-arg]",
            "task_engine_88162b.py:965: error: ParamSpec \"P\" is unbound  [valid-type]",
            "task_engine_88162b.py:965: error: Type variable \"task_engine_88162b.R\" is unbound  [valid-type]",
            "task_engine_88162b.py:965: note: (Hint: Use \"Generic[R]\" or \"Protocol[R]\" base class to bind \"R\" inside a class)",
            "task_engine_88162b.py:965: note: (Hint: Use \"R\" in function signature to bind \"R\" inside a function)",
            "task_engine_88162b.py:965: error: Unexpected keyword argument \"task\" for \"AsyncTaskRunEngine\"  [call-arg]",
            "Found 97 errors in 1 file (checked 1 source file)"
        ]
    },
    "template_0e4e35.py": {
        "stats": {
            "total_parameters": 169,
            "parameters_with_annotations": 101
        },
        "error_count": 9,
        "isCompiled": false,
        "errors": [
            "template_0e4e35.py:145: error: \"_Node\" has no attribute \"chunks\"  [attr-defined]",
            "template_0e4e35.py:637: error: Incompatible types in assignment (expression has type \"_Statement\", variable has type \"_ExtendsBlock\")  [assignment]",
            "template_0e4e35.py:642: error: Incompatible types in assignment (expression has type \"_IncludeBlock\", variable has type \"_ExtendsBlock\")  [assignment]",
            "template_0e4e35.py:646: error: Incompatible types in assignment (expression has type \"_Statement\", variable has type \"_ExtendsBlock\")  [assignment]",
            "template_0e4e35.py:659: error: Incompatible types in assignment (expression has type \"_Expression\", variable has type \"_ExtendsBlock\")  [assignment]",
            "template_0e4e35.py:661: error: Incompatible types in assignment (expression has type \"_Module\", variable has type \"_ExtendsBlock\")  [assignment]",
            "template_0e4e35.py:674: error: Incompatible types in assignment (expression has type \"_ApplyBlock\", variable has type \"_ExtendsBlock\")  [assignment]",
            "template_0e4e35.py:678: error: Incompatible types in assignment (expression has type \"_NamedBlock\", variable has type \"_ExtendsBlock\")  [assignment]",
            "template_0e4e35.py:680: error: Incompatible types in assignment (expression has type \"_ControlBlock\", variable has type \"_ExtendsBlock\")  [assignment]",
            "Found 9 errors in 1 file (checked 1 source file)"
        ]
    },
    "template_parser_ecf506.py": {
        "stats": {
            "total_parameters": 60,
            "parameters_with_annotations": 54
        },
        "error_count": 0,
        "isCompiled": true,
        "errors": []
    },
    "testclient_6e1da5.py": {
        "stats": {
            "total_parameters": 73,
            "parameters_with_annotations": 42
        },
        "error_count": 6,
        "isCompiled": false,
        "errors": [
            "testclient_6e1da5.py:111: error: Function \"builtins.any\" is not valid as a type  [valid-type]",
            "testclient_6e1da5.py:111: note: Perhaps you meant \"typing.Any\" instead of \"any\"?",
            "testclient_6e1da5.py:112: error: Function \"builtins.any\" is not valid as a type  [valid-type]",
            "testclient_6e1da5.py:112: note: Perhaps you meant \"typing.Any\" instead of \"any\"?",
            "testclient_6e1da5.py:340: error: Extra keys (\"backend\", \"backend_options\") for TypedDict \"_AsyncBackend\"  [typeddict-unknown-key]",
            "testclient_6e1da5.py:367: error: Argument 1 to \"contextmanager\" has incompatible type \"Callable[[TestClient], AbstractContextManager[Any]]\"; expected \"Callable[[TestClient], Iterator[<nothing>]]\"  [arg-type]",
            "testclient_6e1da5.py:368: error: The return type of a generator function should be \"Generator\" or one of its supertypes  [misc]",
            "testclient_6e1da5.py:624: error: Item \"None\" of \"Any | None\" has no attribute \"call\"  [union-attr]",
            "Found 6 errors in 1 file (checked 1 source file)"
        ]
    },
    "test_2a092a.py": {
        "stats": {
            "total_parameters": 76,
            "parameters_with_annotations": 46
        },
        "error_count": 1,
        "isCompiled": false,
        "errors": [
            "test_2a092a.py:69: error: Incompatible types in assignment (expression has type \"dict[str, str]\", variable has type \"_Environ[str]\")  [assignment]",
            "Found 1 error in 1 file (checked 1 source file)"
        ]
    },
    "test_callables_9ff673.py": {
        "stats": {
            "total_parameters": 164,
            "parameters_with_annotations": 100
        },
        "error_count": 0,
        "isCompiled": true,
        "errors": []
    },
    "test_helpers_38220e.py": {
        "stats": {
            "total_parameters": 69,
            "parameters_with_annotations": 66
        },
        "error_count": 1,
        "isCompiled": false,
        "errors": [
            "test_helpers_38220e.py:302: error: Method \"get_host\" is marked as an override, but no base method was found with this name  [misc]",
            "Found 1 error in 1 file (checked 1 source file)"
        ]
    },
    "test_http_parser_74f389.py": {
        "stats": {
            "total_parameters": 146,
            "parameters_with_annotations": 146
        },
        "error_count": 0,
        "isCompiled": true,
        "errors": []
    },
    "test_settlement_0a3fe7.py": {
        "stats": {
            "total_parameters": 55,
            "parameters_with_annotations": 55
        },
        "error_count": 0,
        "isCompiled": true,
        "errors": []
    },
    "test_state_changes_e74ee9.py": {
        "stats": {
            "total_parameters": 189,
            "parameters_with_annotations": 118
        },
        "error_count": 105,
        "isCompiled": false,
        "errors": [
            "test_state_changes_e74ee9.py:262: error: \"InitiatorMixin\" has no attribute \"address_to_client\"  [attr-defined]",
            "test_state_changes_e74ee9.py:267: error: \"InitiatorMixin\" has no attribute \"address_to_client\"  [attr-defined]",
            "test_state_changes_e74ee9.py:268: error: \"InitiatorMixin\" has no attribute \"block_number\"  [attr-defined]",
            "test_state_changes_e74ee9.py:274: error: \"InitiatorMixin\" has no attribute \"address_to_client\"  [attr-defined]",
            "test_state_changes_e74ee9.py:277: error: \"InitiatorMixin\" has no attribute \"block_number\"  [attr-defined]",
            "test_state_changes_e74ee9.py:283: error: \"InitiatorMixin\" has no attribute \"token_network_registry_address\"  [attr-defined]",
            "test_state_changes_e74ee9.py:286: error: \"InitiatorMixin\" has no attribute \"token_network_address\"  [attr-defined]",
            "test_state_changes_e74ee9.py:298: error: \"InitiatorMixin\" has no attribute \"address_to_client\"  [attr-defined]",
            "test_state_changes_e74ee9.py:302: error: \"InitiatorMixin\" has no attribute \"block_number\"  [attr-defined]",
            "test_state_changes_e74ee9.py:303: error: \"InitiatorMixin\" has no attribute \"transfer_order\"  [attr-defined]",
            "test_state_changes_e74ee9.py:304: error: \"InitiatorMixin\" has no attribute \"address_to_privkey\"  [attr-defined]",
            "test_state_changes_e74ee9.py:311: error: \"InitiatorMixin\" has no attribute \"address_to_client\"  [attr-defined]",
            "test_state_changes_e74ee9.py:314: error: \"InitiatorMixin\" has no attribute \"event\"  [attr-defined]",
            "test_state_changes_e74ee9.py:319: error: \"InitiatorMixin\" has no attribute \"address_to_client\"  [attr-defined]",
            "test_state_changes_e74ee9.py:325: error: \"InitiatorMixin\" has no attribute \"event\"  [attr-defined]",
            "test_state_changes_e74ee9.py:330: error: \"InitiatorMixin\" has no attribute \"address_to_client\"  [attr-defined]",
            "test_state_changes_e74ee9.py:333: error: \"InitiatorMixin\" has no attribute \"event\"  [attr-defined]",
            "test_state_changes_e74ee9.py:338: error: \"InitiatorMixin\" has no attribute \"address_to_client\"  [attr-defined]",
            "test_state_changes_e74ee9.py:344: error: \"InitiatorMixin\" has no attribute \"event\"  [attr-defined]",
            "test_state_changes_e74ee9.py:348: error: \"InitiatorMixin\" has no attribute \"event\"  [attr-defined]",
            "test_state_changes_e74ee9.py:352: error: \"InitiatorMixin\" has no attribute \"event\"  [attr-defined]",
            "test_state_changes_e74ee9.py:359: error: \"InitiatorMixin\" has no attribute \"address_to_client\"  [attr-defined]",
            "test_state_changes_e74ee9.py:368: error: \"InitiatorMixin\" has no attribute \"event\"  [attr-defined]",
            "test_state_changes_e74ee9.py:375: error: \"InitiatorMixin\" has no attribute \"address_to_client\"  [attr-defined]",
            "test_state_changes_e74ee9.py:382: error: \"InitiatorMixin\" has no attribute \"event\"  [attr-defined]",
            "test_state_changes_e74ee9.py:387: error: \"InitiatorMixin\" has no attribute \"address_to_client\"  [attr-defined]",
            "test_state_changes_e74ee9.py:393: error: \"InitiatorMixin\" has no attribute \"event\"  [attr-defined]",
            "test_state_changes_e74ee9.py:398: error: \"InitiatorMixin\" has no attribute \"address_to_privkey\"  [attr-defined]",
            "test_state_changes_e74ee9.py:399: error: \"InitiatorMixin\" has no attribute \"address_to_client\"  [attr-defined]",
            "test_state_changes_e74ee9.py:403: error: \"InitiatorMixin\" has no attribute \"event\"  [attr-defined]",
            "test_state_changes_e74ee9.py:409: error: \"InitiatorMixin\" has no attribute \"address_to_client\"  [attr-defined]",
            "test_state_changes_e74ee9.py:415: error: \"InitiatorMixin\" has no attribute \"event\"  [attr-defined]",
            "test_state_changes_e74ee9.py:420: error: \"InitiatorMixin\" has no attribute \"address_to_client\"  [attr-defined]",
            "test_state_changes_e74ee9.py:427: error: \"InitiatorMixin\" has no attribute \"event\"  [attr-defined]",
            "test_state_changes_e74ee9.py:432: error: \"InitiatorMixin\" has no attribute \"address_to_client\"  [attr-defined]",
            "test_state_changes_e74ee9.py:439: error: \"InitiatorMixin\" has no attribute \"event\"  [attr-defined]",
            "test_state_changes_e74ee9.py:444: error: \"InitiatorMixin\" has no attribute \"address_to_client\"  [attr-defined]",
            "test_state_changes_e74ee9.py:452: error: \"InitiatorMixin\" has no attribute \"event\"  [attr-defined]",
            "test_state_changes_e74ee9.py:459: error: \"TargetMixin\" has no attribute \"address_to_client\"  [attr-defined]",
            "test_state_changes_e74ee9.py:460: error: \"TargetMixin\" has no attribute \"replay_path\"  [attr-defined]",
            "test_state_changes_e74ee9.py:461: error: \"TargetMixin\" has no attribute \"transfer_order\"  [attr-defined]",
            "test_state_changes_e74ee9.py:466: error: \"TargetMixin\" has no attribute \"transfer_order\"  [attr-defined]",
            "test_state_changes_e74ee9.py:472: error: \"TargetMixin\" has no attribute \"address_to_client\"  [attr-defined]",
            "test_state_changes_e74ee9.py:483: error: \"TargetMixin\" has no attribute \"event\"  [attr-defined]",
            "test_state_changes_e74ee9.py:486: error: \"TargetMixin\" has no attribute \"event\"  [attr-defined]",
            "test_state_changes_e74ee9.py:491: error: \"TargetMixin\" has no attribute \"address_to_client\"  [attr-defined]",
            "test_state_changes_e74ee9.py:501: error: \"TargetMixin\" has no attribute \"event\"  [attr-defined]",
            "test_state_changes_e74ee9.py:506: error: \"TargetMixin\" has no attribute \"address_to_client\"  [attr-defined]",
            "test_state_changes_e74ee9.py:514: error: \"TargetMixin\" has no attribute \"event\"  [attr-defined]",
            "test_state_changes_e74ee9.py:517: error: \"TargetMixin\" has no attribute \"event\"  [attr-defined]",
            "test_state_changes_e74ee9.py:523: error: \"TargetMixin\" has no attribute \"address_to_client\"  [attr-defined]",
            "test_state_changes_e74ee9.py:526: error: \"TargetMixin\" has no attribute \"event\"  [attr-defined]",
            "test_state_changes_e74ee9.py:535: error: \"TargetMixin\" has no attribute \"address_to_client\"  [attr-defined]",
            "test_state_changes_e74ee9.py:538: error: \"TargetMixin\" has no attribute \"event\"  [attr-defined]",
            "test_state_changes_e74ee9.py:547: error: \"TargetMixin\" has no attribute \"address_to_client\"  [attr-defined]",
            "test_state_changes_e74ee9.py:550: error: \"TargetMixin\" has no attribute \"event\"  [attr-defined]",
            "test_state_changes_e74ee9.py:559: error: \"TargetMixin\" has no attribute \"address_to_client\"  [attr-defined]",
            "test_state_changes_e74ee9.py:562: error: \"TargetMixin\" has no attribute \"event\"  [attr-defined]",
            "test_state_changes_e74ee9.py:572: error: \"TargetMixin\" has no attribute \"address_to_client\"  [attr-defined]",
            "test_state_changes_e74ee9.py:575: error: \"TargetMixin\" has no attribute \"event\"  [attr-defined]",
            "test_state_changes_e74ee9.py:580: error: \"TargetMixin\" has no attribute \"address_to_client\"  [attr-defined]",
            "test_state_changes_e74ee9.py:581: error: \"TargetMixin\" has no attribute \"transfer_order\"  [attr-defined]",
            "test_state_changes_e74ee9.py:582: error: \"TargetMixin\" has no attribute \"address_to_client\"  [attr-defined]",
            "test_state_changes_e74ee9.py:587: error: \"TargetMixin\" has no attribute \"event\"  [attr-defined]",
            "test_state_changes_e74ee9.py:588: error: \"TargetMixin\" has no attribute \"transfer_order\"  [attr-defined]",
            "test_state_changes_e74ee9.py:593: error: \"TargetMixin\" has no attribute \"address_to_client\"  [attr-defined]",
            "test_state_changes_e74ee9.py:594: error: \"TargetMixin\" has no attribute \"address_to_client\"  [attr-defined]",
            "test_state_changes_e74ee9.py:601: error: \"TargetMixin\" has no attribute \"event\"  [attr-defined]",
            "test_state_changes_e74ee9.py:606: error: \"TargetMixin\" has no attribute \"address_to_client\"  [attr-defined]",
            "test_state_changes_e74ee9.py:607: error: \"TargetMixin\" has no attribute \"address_to_client\"  [attr-defined]",
            "test_state_changes_e74ee9.py:615: error: \"TargetMixin\" has no attribute \"event\"  [attr-defined]",
            "test_state_changes_e74ee9.py:620: error: \"TargetMixin\" has no attribute \"address_to_client\"  [attr-defined]",
            "test_state_changes_e74ee9.py:621: error: \"TargetMixin\" has no attribute \"address_to_client\"  [attr-defined]",
            "test_state_changes_e74ee9.py:629: error: \"TargetMixin\" has no attribute \"event\"  [attr-defined]",
            "test_state_changes_e74ee9.py:672: error: \"MediatorMixin\" has no attribute \"address_to_client\"  [attr-defined]",
            "test_state_changes_e74ee9.py:684: error: \"MediatorMixin\" has no attribute \"address_to_privkey\"  [attr-defined]",
            "test_state_changes_e74ee9.py:685: error: \"MediatorMixin\" has no attribute \"block_number\"  [attr-defined]",
            "test_state_changes_e74ee9.py:690: error: \"MediatorMixin\" has no attribute \"block_number\"  [attr-defined]",
            "test_state_changes_e74ee9.py:695: error: \"MediatorMixin\" has no attribute \"token_id\"  [attr-defined]",
            "test_state_changes_e74ee9.py:703: error: \"MediatorMixin\" has no attribute \"address_to_client\"  [attr-defined]",
            "test_state_changes_e74ee9.py:714: error: Unexpected keyword argument \"our_address\" for \"WithOurAddress\"  [call-arg]",
            "D:\\python3.8\\lib\\site-packages\\mypy\\typeshed\\stdlib\\builtins.pyi:89: note: \"WithOurAddress\" defined here",
            "test_state_changes_e74ee9.py:714: error: Unexpected keyword argument \"data\" for \"WithOurAddress\"  [call-arg]",
            "D:\\python3.8\\lib\\site-packages\\mypy\\typeshed\\stdlib\\builtins.pyi:89: note: \"WithOurAddress\" defined here",
            "test_state_changes_e74ee9.py:717: error: \"WithOurAddress\" has no attribute \"our_address\"  [attr-defined]",
            "test_state_changes_e74ee9.py:718: error: \"WithOurAddress\" has no attribute \"data\"  [attr-defined]",
            "test_state_changes_e74ee9.py:719: error: \"MediatorMixin\" has no attribute \"address_to_client\"  [attr-defined]",
            "test_state_changes_e74ee9.py:726: error: \"MediatorMixin\" has no attribute \"address_to_client\"  [attr-defined]",
            "test_state_changes_e74ee9.py:732: error: \"WithOurAddress\" has no attribute \"data\"  [attr-defined]",
            "test_state_changes_e74ee9.py:745: error: \"MediatorMixin\" has no attribute \"block_number\"  [attr-defined]",
            "test_state_changes_e74ee9.py:746: error: \"MediatorMixin\" has no attribute \"block_number\"  [attr-defined]",
            "test_state_changes_e74ee9.py:747: error: \"MediatorMixin\" has no attribute \"channel_opened\"  [attr-defined]",
            "test_state_changes_e74ee9.py:749: error: \"MediatorMixin\" has no attribute \"event\"  [attr-defined]",
            "test_state_changes_e74ee9.py:751: error: \"MediatorMixin\" has no attribute \"channel_opened\"  [attr-defined]",
            "test_state_changes_e74ee9.py:753: error: \"MediatorMixin\" has no attribute \"event\"  [attr-defined]",
            "test_state_changes_e74ee9.py:756: error: \"MediatorMixin\" has no attribute \"event\"  [attr-defined]",
            "test_state_changes_e74ee9.py:757: error: Unexpected keyword argument \"our_address\" for \"WithOurAddress\"  [call-arg]",
            "D:\\python3.8\\lib\\site-packages\\mypy\\typeshed\\stdlib\\builtins.pyi:89: note: \"WithOurAddress\" defined here",
            "test_state_changes_e74ee9.py:757: error: Unexpected keyword argument \"data\" for \"WithOurAddress\"  [call-arg]",
            "D:\\python3.8\\lib\\site-packages\\mypy\\typeshed\\stdlib\\builtins.pyi:89: note: \"WithOurAddress\" defined here",
            "test_state_changes_e74ee9.py:787: error: \"MediatorMixin\" has no attribute \"event\"  [attr-defined]",
            "test_state_changes_e74ee9.py:790: error: Unexpected keyword argument \"our_address\" for \"WithOurAddress\"  [call-arg]",
            "D:\\python3.8\\lib\\site-packages\\mypy\\typeshed\\stdlib\\builtins.pyi:89: note: \"WithOurAddress\" defined here",
            "test_state_changes_e74ee9.py:790: error: Unexpected keyword argument \"data\" for \"WithOurAddress\"  [call-arg]",
            "D:\\python3.8\\lib\\site-packages\\mypy\\typeshed\\stdlib\\builtins.pyi:89: note: \"WithOurAddress\" defined here",
            "test_state_changes_e74ee9.py:798: error: \"OnChainMixin\" has no attribute \"block_number\"  [attr-defined]",
            "test_state_changes_e74ee9.py:802: error: \"OnChainMixin\" has no attribute \"address_to_client\"  [attr-defined]",
            "test_state_changes_e74ee9.py:806: error: \"OnChainMixin\" has no attribute \"block_number\"  [attr-defined]",
            "test_state_changes_e74ee9.py:810: error: \"OnChainMixin\" has no attribute \"new_channel_with_transaction\"  [attr-defined]",
            "test_state_changes_e74ee9.py:818: error: \"OnChainMixin\" has no attribute \"address_to_client\"  [attr-defined]",
            "test_state_changes_e74ee9.py:823: error: \"OnChainMixin\" has no attribute \"block_number\"  [attr-defined]",
            "Found 105 errors in 1 file (checked 1 source file)"
        ]
    },
    "test_stress_590c48.py": {
        "stats": {
            "total_parameters": 46,
            "parameters_with_annotations": 46
        },
        "error_count": 4,
        "isCompiled": false,
        "errors": [
            "test_stress_590c48.py:169: error: Unsupported left operand type for + (\"Sequence[Any]\")  [operator]",
            "test_stress_590c48.py:203: error: Unsupported left operand type for + (\"Sequence[Any]\")  [operator]",
            "test_stress_590c48.py:246: error: Unsupported left operand type for + (\"Sequence[Any]\")  [operator]",
            "test_stress_590c48.py:277: error: Unsupported left operand type for + (\"Sequence[Any]\")  [operator]",
            "Found 4 errors in 1 file (checked 1 source file)"
        ]
    },
    "test_template_ceacd4.py": {
        "stats": {
            "total_parameters": 171,
            "parameters_with_annotations": 171
        },
        "error_count": 12,
        "isCompiled": false,
        "errors": [
            "test_template_ceacd4.py:551: error: Incompatible types in assignment (expression has type \"object\", variable has type \"float\")  [assignment]",
            "test_template_ceacd4.py:568: error: Incompatible types in assignment (expression has type \"object\", variable has type \"float\")  [assignment]",
            "test_template_ceacd4.py:663: error: Incompatible types in assignment (expression has type \"None\", variable has type \"bool\")  [assignment]",
            "test_template_ceacd4.py:682: error: Incompatible types in assignment (expression has type \"None\", variable has type \"int\")  [assignment]",
            "test_template_ceacd4.py:768: error: Incompatible types in assignment (expression has type \"str\", variable has type \"dict[str, str]\")  [assignment]",
            "test_template_ceacd4.py:1438: error: Name \"_set_up_units\" is not defined  [name-defined]",
            "test_template_ceacd4.py:1445: error: Name \"_set_up_units\" is not defined  [name-defined]",
            "test_template_ceacd4.py:1453: error: Name \"_set_up_units\" is not defined  [name-defined]",
            "test_template_ceacd4.py:1459: error: Name \"_set_up_units\" is not defined  [name-defined]",
            "test_template_ceacd4.py:1465: error: Name \"_set_up_units\" is not defined  [name-defined]",
            "test_template_ceacd4.py:1489: error: Name \"_set_up_units\" is not defined  [name-defined]",
            "test_template_ceacd4.py:1497: error: Name \"_set_up_units\" is not defined  [name-defined]",
            "Found 12 errors in 1 file (checked 1 source file)"
        ]
    },
    "test_utils_121373.py": {
        "stats": {
            "total_parameters": 43,
            "parameters_with_annotations": 43
        },
        "error_count": 0,
        "isCompiled": true,
        "errors": []
    },
    "test_websocket_parser_3e2e83.py": {
        "stats": {
            "total_parameters": 84,
            "parameters_with_annotations": 82
        },
        "error_count": 0,
        "isCompiled": true,
        "errors": []
    },
    "token_network_3f385b.py": {
        "stats": {
            "total_parameters": 77,
            "parameters_with_annotations": 77
        },
        "error_count": 0,
        "isCompiled": true,
        "errors": []
    },
    "token_network_5df8c5.py": {
        "stats": {
            "total_parameters": 172,
            "parameters_with_annotations": 139
        },
        "error_count": 0,
        "isCompiled": true,
        "errors": []
    },
    "topic_6b7f8d.py": {
        "stats": {
            "total_parameters": 43,
            "parameters_with_annotations": 43
        },
        "error_count": 1,
        "isCompiled": false,
        "errors": [
            "topic_6b7f8d.py:123: error: Unsupported operand type for unary - (\"str | int\")  [operator]",
            "Found 1 error in 1 file (checked 1 source file)"
        ]
    },
    "trainer_test_f0df2a.py": {
        "stats": {
            "total_parameters": 111,
            "parameters_with_annotations": 47
        },
        "error_count": 2,
        "isCompiled": false,
        "errors": [
            "trainer_test_f0df2a.py:1130: error: Item \"None\" of \"Tensor | None\" has no attribute \"is_sparse\"  [union-attr]",
            "trainer_test_f0df2a.py:1132: error: Item \"None\" of \"Tensor | None\" has no attribute \"coalesce\"  [union-attr]",
            "Found 2 errors in 1 file (checked 1 source file)"
        ]
    },
    "train_17392c.py": {
        "stats": {
            "total_parameters": 62,
            "parameters_with_annotations": 57
        },
        "error_count": 1,
        "isCompiled": false,
        "errors": [
            "train_17392c.py:40: error: \"ArgumentParser\" has no attribute \"add_parser\"; maybe \"add_subparsers\"?  [attr-defined]",
            "Found 1 error in 1 file (checked 1 source file)"
        ]
    },
    "transactions_635878.py": {
        "stats": {
            "total_parameters": 112,
            "parameters_with_annotations": 51
        },
        "error_count": 0,
        "isCompiled": true,
        "errors": []
    },
    "transformation_82baef.py": {
        "stats": {
            "total_parameters": 106,
            "parameters_with_annotations": 106
        },
        "error_count": 2,
        "isCompiled": false,
        "errors": [
            "transformation_82baef.py:498: error: Argument 1 to \"map\" has incompatible type \"type[reversed[Any]]\"; expected \"Callable[[tuple[int, Any]], tuple[Any, Any]]\"  [arg-type]",
            "transformation_82baef.py:812: error: Need type annotation for \"missing_by_row_list\"  [var-annotated]",
            "Found 2 errors in 1 file (checked 1 source file)"
        ]
    },
    "transport_58bb8a.py": {
        "stats": {
            "total_parameters": 90,
            "parameters_with_annotations": 47
        },
        "error_count": 0,
        "isCompiled": true,
        "errors": []
    },
    "users_e2ac2d.py": {
        "stats": {
            "total_parameters": 78,
            "parameters_with_annotations": 78
        },
        "error_count": 3,
        "isCompiled": false,
        "errors": [
            "users_e2ac2d.py:353: error: Key \"is_billing_admin\" of TypedDict \"APIUserDict\" cannot be deleted  [misc]",
            "users_e2ac2d.py:354: error: Key \"timezone\" of TypedDict \"APIUserDict\" cannot be deleted  [misc]",
            "users_e2ac2d.py:607: error: Argument 2 to \"get\" of \"dict\" has incompatible type \"dict[<nothing>, <nothing>]\"; expected \"dict[str, dict[str, Any]] | dict[str, Any] | None\"  [arg-type]",
            "Found 3 errors in 1 file (checked 1 source file)"
        ]
    },
    "users_e38fbd.py": {
        "stats": {
            "total_parameters": 46,
            "parameters_with_annotations": 46
        },
        "error_count": 1,
        "isCompiled": false,
        "errors": [
            "users_e38fbd.py:257: error: Unsupported operand types for | (\"set[int]\" and \"list[int]\")  [operator]",
            "Found 1 error in 1 file (checked 1 source file)"
        ]
    },
    "user_deposit_72a164.py": {
        "stats": {
            "total_parameters": 78,
            "parameters_with_annotations": 54
        },
        "error_count": 0,
        "isCompiled": true,
        "errors": []
    },
    "user_groups_977a0b.py": {
        "stats": {
            "total_parameters": 38,
            "parameters_with_annotations": 38
        },
        "error_count": 0,
        "isCompiled": true,
        "errors": []
    },
    "user_groups_e1e474.py": {
        "stats": {
            "total_parameters": 67,
            "parameters_with_annotations": 67
        },
        "error_count": 1,
        "isCompiled": false,
        "errors": [
            "user_groups_e1e474.py:26: error: Name \"TypedDict\" is not defined  [name-defined]",
            "Found 1 error in 1 file (checked 1 source file)"
        ]
    },
    "utils_1a8fd5.py": {
        "stats": {
            "total_parameters": 75,
            "parameters_with_annotations": 74
        },
        "error_count": 0,
        "isCompiled": true,
        "errors": []
    },
    "utils_8f085b.py": {
        "stats": {
            "total_parameters": 45,
            "parameters_with_annotations": 45
        },
        "error_count": 0,
        "isCompiled": true,
        "errors": []
    },
    "utils_9c5ea6.py": {
        "stats": {
            "total_parameters": 40,
            "parameters_with_annotations": 40
        },
        "error_count": 0,
        "isCompiled": true,
        "errors": []
    },
    "util_04035d.py": {
        "stats": {
            "total_parameters": 154,
            "parameters_with_annotations": 153
        },
        "error_count": 17,
        "isCompiled": false,
        "errors": [
            "util_04035d.py:67: error: Incompatible return value type (got \"Tensor\", expected \"LongTensor\")  [return-value]",
            "util_04035d.py:121: error: Incompatible return value type (got \"Tensor\", expected \"FloatTensor\")  [return-value]",
            "util_04035d.py:275: error: Argument 1 to \"append\" of \"list\" has incompatible type \"int\"; expected \"Tensor\"  [arg-type]",
            "util_04035d.py:295: error: Argument 1 to \"append\" of \"list\" has incompatible type \"Tensor\"; expected \"BoolTensor\"  [arg-type]",
            "util_04035d.py:305: error: Incompatible return value type (got \"Tensor\", expected \"BoolTensor\")  [return-value]",
            "util_04035d.py:308: error: Incompatible return value type (got \"Tensor\", expected \"BoolTensor\")  [return-value]",
            "util_04035d.py:443: error: Incompatible return value type (got \"Tensor\", expected \"bool\")  [return-value]",
            "util_04035d.py:444: error: Incompatible return value type (got \"Tensor\", expected \"bool\")  [return-value]",
            "util_04035d.py:779: error: Module has no attribute \"LongTensor\"  [attr-defined]",
            "util_04035d.py:993: error: Incompatible types in assignment (expression has type \"int\", variable has type \"Tensor | Module\")  [assignment]",
            "util_04035d.py:1025: error: Argument 1 to \"topk\" of \"TensorBase\" has incompatible type \"object\"; expected \"int | SymInt\"  [arg-type]",
            "util_04035d.py:1026: error: Argument 2 to \"get_mask_from_sequence_lengths\" has incompatible type \"object\"; expected \"int\"  [arg-type]",
            "util_04035d.py:1034: error: No overload variant of \"reshape\" of \"TensorBase\" matches argument type \"list[object]\"  [call-overload]",
            "util_04035d.py:1034: note: Possible overload variants:",
            "util_04035d.py:1034: note:     def reshape(self, shape: Sequence[int | SymInt]) -> Tensor",
            "util_04035d.py:1034: note:     def reshape(self, *shape: int) -> Tensor",
            "util_04035d.py:1035: error: No overload variant of \"reshape\" of \"TensorBase\" matches argument type \"list[object]\"  [call-overload]",
            "util_04035d.py:1035: note: Possible overload variants:",
            "util_04035d.py:1035: note:     def reshape(self, shape: Sequence[int | SymInt]) -> Tensor",
            "util_04035d.py:1035: note:     def reshape(self, *shape: int) -> Tensor",
            "util_04035d.py:1036: error: No overload variant of \"reshape\" of \"TensorBase\" matches argument type \"list[object]\"  [call-overload]",
            "util_04035d.py:1036: note: Possible overload variants:",
            "util_04035d.py:1036: note:     def reshape(self, shape: Sequence[int | SymInt]) -> Tensor",
            "util_04035d.py:1036: note:     def reshape(self, *shape: int) -> Tensor",
            "util_04035d.py:1112: error: Argument 2 to \"dist_reduce\" has incompatible type \"RedOpType\"; expected \"ReduceOp\"  [arg-type]",
            "util_04035d.py:1179: error: Argument 1 to \"load_state_dict\" of \"Module\" has incompatible type \"dict[str, Tensor] | OrderedDict[str, Tensor] | None\"; expected \"Mapping[str, Any]\"  [arg-type]",
            "Found 17 errors in 1 file (checked 1 source file)"
        ]
    },
    "util_a0ec0a.py": {
        "stats": {
            "total_parameters": 40,
            "parameters_with_annotations": 40
        },
        "error_count": 2,
        "isCompiled": false,
        "errors": [
            "util_a0ec0a.py:80: error: Argument 1 to \"datetime\" has incompatible type \"*list[int]\"; expected \"tzinfo | None\"  [arg-type]",
            "util_a0ec0a.py:375: error: Incompatible types in assignment (expression has type \"list[Any]\", variable has type \"Iterator[Any]\")  [assignment]",
            "util_a0ec0a.py:375: note: \"list\" is missing following \"Iterator\" protocol member:",
            "util_a0ec0a.py:375: note:     __next__",
            "Found 2 errors in 1 file (checked 1 source file)"
        ]
    },
    "util_e9973a.py": {
        "stats": {
            "total_parameters": 48,
            "parameters_with_annotations": 48
        },
        "error_count": 4,
        "isCompiled": false,
        "errors": [
            "util_e9973a.py:99: error: Name \"VIDEO_CODEC_LIBX264\" is not defined  [name-defined]",
            "util_e9973a.py:99: error: Name \"VIDEO_CODEC_H264_OMX\" is not defined  [name-defined]",
            "util_e9973a.py:99: error: Name \"VIDEO_CODEC_H264_V4L2M2M\" is not defined  [name-defined]",
            "util_e9973a.py:100: error: Name \"VIDEO_CODEC_COPY\" is not defined  [name-defined]",
            "Found 4 errors in 1 file (checked 1 source file)"
        ]
    },
    "validator_71103e.py": {
        "stats": {
            "total_parameters": 41,
            "parameters_with_annotations": 41
        },
        "error_count": 0,
        "isCompiled": true,
        "errors": []
    },
    "vocabulary_89f8f0.py": {
        "stats": {
            "total_parameters": 124,
            "parameters_with_annotations": 91
        },
        "error_count": 2,
        "isCompiled": false,
        "errors": [
            "vocabulary_89f8f0.py:360: error: Argument 1 to \"defaultdict\" has incompatible type \"Callable[[], int | None]\"; expected \"Callable[[], int] | None\"  [arg-type]",
            "vocabulary_89f8f0.py:360: error: Incompatible return value type (got \"int | None\", expected \"int\")  [return-value]",
            "Found 2 errors in 1 file (checked 1 source file)"
        ]
    },
    "waiting_fc6a47.py": {
        "stats": {
            "total_parameters": 114,
            "parameters_with_annotations": 101
        },
        "error_count": 1,
        "isCompiled": false,
        "errors": [
            "waiting_fc6a47.py:390: error: Unsupported target for indexed assignment (\"Mapping[Any, ChannelStateCondition]\")  [index]",
            "Found 1 error in 1 file (checked 1 source file)"
        ]
    },
    "web_rtc_831f2f.py": {
        "stats": {
            "total_parameters": 95,
            "parameters_with_annotations": 51
        },
        "error_count": 0,
        "isCompiled": true,
        "errors": []
    },
    "wrappers_34ca66.py": {
        "stats": {
            "total_parameters": 137,
            "parameters_with_annotations": 66
        },
        "error_count": 0,
        "isCompiled": true,
        "errors": []
    },
    "xml_da8497.py": {
        "stats": {
            "total_parameters": 58,
            "parameters_with_annotations": 42
        },
        "error_count": 1,
        "isCompiled": false,
        "errors": [
            "xml_da8497.py:424: error: Incompatible types in assignment (expression has type \"_EtreeFrameParser\", variable has type \"_LxmlFrameParser\")  [assignment]",
            "Found 1 error in 1 file (checked 1 source file)"
        ]
    },
    "_arrow_string_mixins_7654a8.py": {
        "stats": {
            "total_parameters": 82,
            "parameters_with_annotations": 46
        },
        "error_count": 7,
        "isCompiled": false,
        "errors": [
            "_arrow_string_mixins_7654a8.py:69: error: Name \"Literal\" is not defined  [name-defined]",
            "_arrow_string_mixins_7654a8.py:69: error: Name \"left\" is not defined  [name-defined]",
            "_arrow_string_mixins_7654a8.py:69: error: Name \"right\" is not defined  [name-defined]",
            "_arrow_string_mixins_7654a8.py:69: error: Name \"both\" is not defined  [name-defined]",
            "_arrow_string_mixins_7654a8.py:79: error: \"ArrowStringArrayMixin\" has no attribute \"astype\"  [attr-defined]",
            "_arrow_string_mixins_7654a8.py:82: error: \"type[ArrowStringArrayMixin]\" has no attribute \"_from_sequence\"  [attr-defined]",
            "_arrow_string_mixins_7654a8.py:82: error: \"ArrowStringArrayMixin\" has no attribute \"dtype\"  [attr-defined]",
            "Found 7 errors in 1 file (checked 1 source file)"
        ]
    },
    "_client_5a9e7d.py": {
        "stats": {
            "total_parameters": 124,
            "parameters_with_annotations": 64
        },
        "error_count": 0,
        "isCompiled": true,
        "errors": []
    },
    "_compat_bfcdb3.py": {
        "stats": {
            "total_parameters": 56,
            "parameters_with_annotations": 47
        },
        "error_count": 4,
        "isCompiled": false,
        "errors": [
            "_compat_bfcdb3.py:14: error: Incompatible types in assignment (expression has type \"tuple[int, ...]\", variable has type \"tuple[int, int]\")  [assignment]",
            "_compat_bfcdb3.py:283: error: All conditional function variants must have identical signatures  [misc]",
            "_compat_bfcdb3.py:283: note: Original:",
            "_compat_bfcdb3.py:283: note:     def get_schema_from_model_field(*, field: Any, schema_generator: Any, model_name_map: Any, field_mapping: Mapping[tuple[Any, Any], Any], separate_input_output_schemas: bool = ...) -> dict[str, Any]",
            "_compat_bfcdb3.py:283: note: Redefinition:",
            "_compat_bfcdb3.py:283: note:     def get_schema_from_model_field(*, field: Any, schema_generator: Any, model_name_map: Any, field_mapping: Any, separate_input_output_schemas: bool = ...) -> Any",
            "_compat_bfcdb3.py:286: error: All conditional function variants must have identical signatures  [misc]",
            "_compat_bfcdb3.py:286: note: Original:",
            "_compat_bfcdb3.py:286: note:     def get_compat_model_name_map(fields: Sequence[Any]) -> dict[Any, Any]",
            "_compat_bfcdb3.py:286: note: Redefinition:",
            "_compat_bfcdb3.py:286: note:     def get_compat_model_name_map(fields: Sequence[Any]) -> Any",
            "_compat_bfcdb3.py:316: error: Unexpected keyword argument \"loc\" for \"ErrorWrapper\"  [call-arg]",
            "D:\\python3.8\\lib\\site-packages\\mypy\\typeshed\\stdlib\\builtins.pyi:1779: note: \"ErrorWrapper\" defined here",
            "Found 4 errors in 1 file (checked 1 source file)"
        ]
    },
    "_misc_3826f1.py": {
        "stats": {
            "total_parameters": 59,
            "parameters_with_annotations": 51
        },
        "error_count": 4,
        "isCompiled": false,
        "errors": [
            "_misc_3826f1.py:40: error: Name \"Literal\" is not defined  [name-defined]",
            "_misc_3826f1.py:40: error: Name \"hist\" is not defined  [name-defined]",
            "_misc_3826f1.py:40: error: Name \"kde\" is not defined  [name-defined]",
            "_misc_3826f1.py:168: error: Accessing \"__init__\" on an instance is unsound, since instance.__init__ could be from an incompatible subclass  [misc]",
            "Found 4 errors in 1 file (checked 1 source file)"
        ]
    },
    "_models_dd672f.py": {
        "stats": {
            "total_parameters": 142,
            "parameters_with_annotations": 60
        },
        "error_count": 14,
        "isCompiled": false,
        "errors": [
            "_models_dd672f.py:121: error: Unpacking a string is disallowed  [misc]",
            "_models_dd672f.py:173: error: Return type \"Iterable[tuple[str, str]]\" of \"items\" incompatible with return type \"ItemsView[str, str]\" in supertype \"Mapping\"  [override]",
            "_models_dd672f.py:196: error: Signature of \"get\" incompatible with supertype \"Mapping\"  [override]",
            "_models_dd672f.py:196: note:      Superclass:",
            "_models_dd672f.py:196: note:          @overload",
            "_models_dd672f.py:196: note:          def get(self, str, /) -> str | None",
            "_models_dd672f.py:196: note:          @overload",
            "_models_dd672f.py:196: note:          def [_T] get(self, str, /, default: str | _T) -> str | _T",
            "_models_dd672f.py:196: note:      Subclass:",
            "_models_dd672f.py:196: note:          def get(self, key: str, default: str | None = ...) -> str | None",
            "_models_dd672f.py:221: error: Signature of \"update\" incompatible with supertype \"MutableMapping\"  [override]",
            "_models_dd672f.py:221: note:      Superclass:",
            "_models_dd672f.py:221: note:          @overload",
            "_models_dd672f.py:221: note:          def update(self, SupportsKeysAndGetItem[str, str], /, **kwargs: str) -> None",
            "_models_dd672f.py:221: note:          @overload",
            "_models_dd672f.py:221: note:          def update(self, Iterable[tuple[str, str]], /, **kwargs: str) -> None",
            "_models_dd672f.py:221: note:          @overload",
            "_models_dd672f.py:221: note:          def update(self, **kwargs: str) -> None",
            "_models_dd672f.py:221: note:      Subclass:",
            "_models_dd672f.py:221: note:          def update(self, headers: Headers | Mapping[Any, Any] | Iterable[tuple[Any, Any]] | None = ...) -> None",
            "_models_dd672f.py:300: error: Argument 1 to \"_obfuscate_sensitive_headers\" has incompatible type \"list[tuple[str, str]]\"; expected \"Iterable[tuple[bytes, bytes]]\"  [arg-type]",
            "_models_dd672f.py:679: error: Key expression in dictionary comprehension has incompatible type \"str | None\"; expected type \"str\"  [misc]",
            "_models_dd672f.py:915: error: Argument 1 to \"extract_cookies\" of \"CookieJar\" has incompatible type \"_CookieCompatResponse\"; expected \"HTTPResponse\"  [arg-type]",
            "_models_dd672f.py:947: error: Argument 1 to \"Cookie\" has incompatible type \"**dict[str, object]\"; expected \"int | None\"  [arg-type]",
            "_models_dd672f.py:947: error: Argument 1 to \"Cookie\" has incompatible type \"**dict[str, object]\"; expected \"str\"  [arg-type]",
            "_models_dd672f.py:947: error: Argument 1 to \"Cookie\" has incompatible type \"**dict[str, object]\"; expected \"str | None\"  [arg-type]",
            "_models_dd672f.py:947: error: Argument 1 to \"Cookie\" has incompatible type \"**dict[str, object]\"; expected \"bool\"  [arg-type]",
            "_models_dd672f.py:947: error: Argument 1 to \"Cookie\" has incompatible type \"**dict[str, object]\"; expected \"dict[str, str]\"  [arg-type]",
            "_models_dd672f.py:950: error: Signature of \"get\" incompatible with supertype \"Mapping\"  [override]",
            "_models_dd672f.py:950: note:      Superclass:",
            "_models_dd672f.py:950: note:          @overload",
            "_models_dd672f.py:950: note:          def get(self, str, /) -> str | None",
            "_models_dd672f.py:950: note:          @overload",
            "_models_dd672f.py:950: note:          def [_T] get(self, str, /, default: str | _T) -> str | _T",
            "_models_dd672f.py:950: note:      Subclass:",
            "_models_dd672f.py:950: note:          def get(self, name: str, default: str | None = ..., domain: str | None = ..., path: str | None = ...) -> str | None",
            "_models_dd672f.py:993: error: Signature of \"update\" incompatible with supertype \"MutableMapping\"  [override]",
            "_models_dd672f.py:993: note:      Superclass:",
            "_models_dd672f.py:993: note:          @overload",
            "_models_dd672f.py:993: note:          def update(self, SupportsKeysAndGetItem[str, str], /, **kwargs: str) -> None",
            "_models_dd672f.py:993: note:          @overload",
            "_models_dd672f.py:993: note:          def update(self, Iterable[tuple[str, str]], /, **kwargs: str) -> None",
            "_models_dd672f.py:993: note:          @overload",
            "_models_dd672f.py:993: note:          def update(self, **kwargs: str) -> None",
            "_models_dd672f.py:993: note:      Subclass:",
            "_models_dd672f.py:993: note:          def update(self, cookies: dict[str, str] | list[tuple[str, str]] | Cookies | CookieJar | None = ...) -> None",
            "Found 14 errors in 1 file (checked 1 source file)"
        ]
    },
    "_parser_ad554d.py": {
        "stats": {
            "total_parameters": 78,
            "parameters_with_annotations": 70
        },
        "error_count": 0,
        "isCompiled": true,
        "errors": []
    },
    "__init___4ea406.py": {
        "stats": {
            "total_parameters": 0,
            "parameters_with_annotations": 0
        },
        "error_count": 1,
        "isCompiled": false,
        "errors": [
            "__init___4ea406.py:352: error: invalid syntax; you likely need to run mypy using Python 3.10 or newer  [syntax]",
            "Found 1 error in 1 file (errors prevented further checking)"
        ]
    },
    "__init___7dd003.py": {
        "stats": {
            "total_parameters": 64,
            "parameters_with_annotations": 64
        },
        "error_count": 0,
        "isCompiled": true,
        "errors": []
    },
    "__init___ee7b0d.py": {
        "stats": {
            "total_parameters": 36,
            "parameters_with_annotations": 36
        },
        "error_count": 0,
        "isCompiled": true,
        "errors": []
    }
}