{
    "accessories_b90bda.py": {
        "stats": {
            "total_parameters": 57,
            "parameters_with_annotations": 37
        },
        "error_count": 0,
        "isCompiled": true,
        "errors": []
    },
    "accessor_9a03f0.py": {
        "stats": {
            "total_parameters": 10,
            "parameters_with_annotations": 10
        },
        "error_count": 0,
        "isCompiled": true,
        "errors": []
    },
    "aiokafka_d62f1d.py": {
        "stats": {
            "total_parameters": 93,
            "parameters_with_annotations": 46
        },
        "error_count": 1,
        "isCompiled": false,
        "errors": [
            "aiokafka_d62f1d.py:901: error: Cannot determine type of \"partitioner\"  [has-type]",
            "Found 1 error in 1 file (checked 1 source file)"
        ]
    },
    "algorithms_faa87b.py": {
        "stats": {
            "total_parameters": 70,
            "parameters_with_annotations": 70
        },
        "error_count": 15,
        "isCompiled": false,
        "errors": [
            "algorithms_faa87b.py:144: error: Name \"cast\" is not defined  [name-defined]",
            "algorithms_faa87b.py:144: note: Did you forget to import it from \"typing\"? (Suggestion: \"from typing import cast\")",
            "algorithms_faa87b.py:154: error: Name \"cast\" is not defined  [name-defined]",
            "algorithms_faa87b.py:154: note: Did you forget to import it from \"typing\"? (Suggestion: \"from typing import cast\")",
            "algorithms_faa87b.py:178: error: Name \"cast\" is not defined  [name-defined]",
            "algorithms_faa87b.py:178: note: Did you forget to import it from \"typing\"? (Suggestion: \"from typing import cast\")",
            "algorithms_faa87b.py:183: error: Name \"cast\" is not defined  [name-defined]",
            "algorithms_faa87b.py:183: note: Did you forget to import it from \"typing\"? (Suggestion: \"from typing import cast\")",
            "algorithms_faa87b.py:925: error: Name \"cast\" is not defined  [name-defined]",
            "algorithms_faa87b.py:925: note: Did you forget to import it from \"typing\"? (Suggestion: \"from typing import cast\")",
            "algorithms_faa87b.py:1174: error: Name \"cast\" is not defined  [name-defined]",
            "algorithms_faa87b.py:1174: note: Did you forget to import it from \"typing\"? (Suggestion: \"from typing import cast\")",
            "algorithms_faa87b.py:1176: error: Name \"cast\" is not defined  [name-defined]",
            "algorithms_faa87b.py:1176: note: Did you forget to import it from \"typing\"? (Suggestion: \"from typing import cast\")",
            "algorithms_faa87b.py:1213: error: \"int\" has no attribute \"is_integer\"  [attr-defined]",
            "Found 8 errors in 1 file (checked 1 source file)"
        ]
    },
    "api_cbdcbd.py": {
        "stats": {
            "total_parameters": 49,
            "parameters_with_annotations": 49
        },
        "error_count": 1,
        "isCompiled": false,
        "errors": [
            "api_cbdcbd.py:145: error: Module has no attribute \"timeout\"  [attr-defined]",
            "Found 1 error in 1 file (checked 1 source file)"
        ]
    },
    "api_tests_78614f.py": {
        "stats": {
            "total_parameters": 94,
            "parameters_with_annotations": 94
        },
        "error_count": 0,
        "isCompiled": true,
        "errors": []
    },
    "api_test_5baf5c.py": {
        "stats": {
            "total_parameters": 172,
            "parameters_with_annotations": 172
        },
        "error_count": 0,
        "isCompiled": true,
        "errors": []
    },
    "appgraph_e5732d.py": {
        "stats": {
            "total_parameters": 126,
            "parameters_with_annotations": 91
        },
        "error_count": 0,
        "isCompiled": true,
        "errors": []
    },
    "applications_c5af27.py": {
        "stats": {
            "total_parameters": 54,
            "parameters_with_annotations": 40
        },
        "error_count": 1,
        "isCompiled": false,
        "errors": [
            "applications_c5af27.py:257: error: Argument \"dispatch\" to \"add_middleware\" of \"Starlette\" has incompatible type \"Callable[..., Any]\"; expected <nothing>  [arg-type]",
            "Found 1 error in 1 file (checked 1 source file)"
        ]
    },
    "app_c89ec6.py": {
        "stats": {
            "total_parameters": 103,
            "parameters_with_annotations": 40
        },
        "error_count": 3,
        "isCompiled": false,
        "errors": [
            "app_c89ec6.py:230: error: Incompatible default for argument \"pattern\" (default has type \"None\", argument has type \"str | Pattern[Any]\")  [assignment]",
            "app_c89ec6.py:230: note: PEP 484 prohibits implicit Optional. Accordingly, mypy has changed its default to no_implicit_optional=True",
            "app_c89ec6.py:230: note: Use https://github.com/hauntsaninja/no_implicit_optional to automatically upgrade your codebase",
            "Found 1 error in 1 file (checked 1 source file)"
        ]
    },
    "app_e5f00c.py": {
        "stats": {
            "total_parameters": 44,
            "parameters_with_annotations": 44
        },
        "error_count": 0,
        "isCompiled": true,
        "errors": []
    },
    "asserters_700def.py": {
        "stats": {
            "total_parameters": 129,
            "parameters_with_annotations": 129
        },
        "error_count": 4,
        "isCompiled": false,
        "errors": [
            "asserters_700def.py:113: error: Argument \"check_dtype\" to \"assert_series_equal\" has incompatible type \"bool | Literal['equiv']\"; expected \"bool\"  [arg-type]",
            "asserters_700def.py:124: error: Argument \"check_dtype\" to \"assert_frame_equal\" has incompatible type \"bool | Literal['equiv']\"; expected \"bool\"  [arg-type]",
            "asserters_700def.py:435: error: Value of type \"Any | Any | Any | Any | Iterable[Any]\" is not indexable  [index]",
            "asserters_700def.py:435: error: Item \"Iterable[Any]\" of \"Any | Any | Any | Any | Iterable[Any]\" has no attribute \"argsort\"  [union-attr]",
            "Found 4 errors in 1 file (checked 1 source file)"
        ]
    },
    "attention_module_7f6559.py": {
        "stats": {
            "total_parameters": 94,
            "parameters_with_annotations": 78
        },
        "error_count": 2,
        "isCompiled": false,
        "errors": [
            "attention_module_7f6559.py:243: error: Incompatible return value type (got \"tuple[Tensor, Tensor | None]\", expected \"tuple[Tensor, Tensor]\")  [return-value]",
            "attention_module_7f6559.py:352: error: Incompatible types in assignment (expression has type \"None\", variable has type \"Tensor\")  [assignment]",
            "Found 2 errors in 1 file (checked 1 source file)"
        ]
    },
    "auth_d8f17e.py": {
        "stats": {
            "total_parameters": 55,
            "parameters_with_annotations": 40
        },
        "error_count": 0,
        "isCompiled": true,
        "errors": []
    },
    "awsclient_860c67.py": {
        "stats": {
            "total_parameters": 417,
            "parameters_with_annotations": 293
        },
        "error_count": 2,
        "isCompiled": false,
        "errors": [
            "awsclient_860c67.py:1324: error: Incompatible types in \"yield\" (actual type \"dict[str, Any]\", expected type \"CWLogEvent\")  [misc]",
            "awsclient_860c67.py:1349: error: Incompatible return value type (got \"dict[str, Any]\", expected \"LogEventsResponse\")  [return-value]",
            "Found 2 errors in 1 file (checked 1 source file)"
        ]
    },
    "base_6106b5.py": {
        "stats": {
            "total_parameters": 160,
            "parameters_with_annotations": 57
        },
        "error_count": 15,
        "isCompiled": false,
        "errors": [
            "base_6106b5.py:526: error: Cannot determine type of \"on_before_configured\"  [has-type]",
            "base_6106b5.py:527: error: Cannot determine type of \"on_configured\"  [has-type]",
            "base_6106b5.py:529: error: Cannot determine type of \"on_after_configured\"  [has-type]",
            "base_6106b5.py:531: error: Cannot determine type of \"on_partitions_assigned\"  [has-type]",
            "base_6106b5.py:533: error: Cannot determine type of \"on_partitions_revoked\"  [has-type]",
            "base_6106b5.py:534: error: Cannot determine type of \"on_worker_init\"  [has-type]",
            "base_6106b5.py:536: error: Cannot determine type of \"on_rebalance_complete\"  [has-type]",
            "base_6106b5.py:538: error: Cannot determine type of \"on_before_shutdown\"  [has-type]",
            "base_6106b5.py:540: error: Cannot determine type of \"on_produce_message\"  [has-type]",
            "base_6106b5.py:663: error: Cannot determine type of \"finalized\"  [has-type]",
            "base_6106b5.py:663: error: Cannot determine type of \"configured\"  [has-type]",
            "base_6106b5.py:665: error: Cannot determine type of \"configured\"  [has-type]",
            "base_6106b5.py:678: error: Cannot determine type of \"finalized\"  [has-type]",
            "base_6106b5.py:1354: error: Function \"fun\" could always be true in boolean context  [truthy-function]",
            "base_6106b5.py:1772: error: Unsupported target for indexed assignment (\"Mapping[str, Any]\")  [index]",
            "Found 15 errors in 1 file (checked 1 source file)"
        ]
    },
    "base_6a0ea7.py": {
        "stats": {
            "total_parameters": 70,
            "parameters_with_annotations": 47
        },
        "error_count": 0,
        "isCompiled": true,
        "errors": []
    },
    "base_949c11.py": {
        "stats": {
            "total_parameters": 159,
            "parameters_with_annotations": 111
        },
        "error_count": 0,
        "isCompiled": true,
        "errors": []
    },
    "base_9c14fc.py": {
        "stats": {
            "total_parameters": 114,
            "parameters_with_annotations": 58
        },
        "error_count": 0,
        "isCompiled": true,
        "errors": []
    },
    "base_b5c467.py": {
        "stats": {
            "total_parameters": 87,
            "parameters_with_annotations": 56
        },
        "error_count": 0,
        "isCompiled": true,
        "errors": []
    },
    "base_bb93b4.py": {
        "stats": {
            "total_parameters": 128,
            "parameters_with_annotations": 77
        },
        "error_count": 0,
        "isCompiled": true,
        "errors": []
    },
    "base_tests_a1e90e.py": {
        "stats": {
            "total_parameters": 119,
            "parameters_with_annotations": 94
        },
        "error_count": 0,
        "isCompiled": true,
        "errors": []
    },
    "beam_search_b3623d.py": {
        "stats": {
            "total_parameters": 131,
            "parameters_with_annotations": 97
        },
        "error_count": 1,
        "isCompiled": false,
        "errors": [
            "beam_search_b3623d.py:597: error: Incompatible types in assignment (expression has type \"int | float\", variable has type \"int\")  [assignment]",
            "Found 1 error in 1 file (checked 1 source file)"
        ]
    },
    "blocks_3a122c.py": {
        "stats": {
            "total_parameters": 211,
            "parameters_with_annotations": 126
        },
        "error_count": 51,
        "isCompiled": false,
        "errors": [
            "blocks_3a122c.py:156: error: Name \"final\" is not defined  [name-defined]",
            "blocks_3a122c.py:168: error: Name \"final\" is not defined  [name-defined]",
            "blocks_3a122c.py:173: error: Name \"final\" is not defined  [name-defined]",
            "blocks_3a122c.py:178: error: Name \"final\" is not defined  [name-defined]",
            "blocks_3a122c.py:184: error: Name \"final\" is not defined  [name-defined]",
            "blocks_3a122c.py:189: error: Name \"final\" is not defined  [name-defined]",
            "blocks_3a122c.py:200: error: Decorators on top of @property are not supported  [misc]",
            "blocks_3a122c.py:200: error: Name \"final\" is not defined  [name-defined]",
            "blocks_3a122c.py:208: error: Name \"final\" is not defined  [name-defined]",
            "blocks_3a122c.py:212: error: Name \"final\" is not defined  [name-defined]",
            "blocks_3a122c.py:218: error: Name \"final\" is not defined  [name-defined]",
            "blocks_3a122c.py:231: error: Trying to assign name \"_mgr_locs\" that is not in \"__slots__\" of type \"blocks_3a122c.Block\"  [misc]",
            "blocks_3a122c.py:233: error: Name \"final\" is not defined  [name-defined]",
            "blocks_3a122c.py:251: error: Name \"final\" is not defined  [name-defined]",
            "blocks_3a122c.py:264: error: Name \"final\" is not defined  [name-defined]",
            "blocks_3a122c.py:275: error: Name \"final\" is not defined  [name-defined]",
            "blocks_3a122c.py:279: error: Name \"final\" is not defined  [name-defined]",
            "blocks_3a122c.py:289: error: Name \"final\" is not defined  [name-defined]",
            "blocks_3a122c.py:298: error: Name \"final\" is not defined  [name-defined]",
            "blocks_3a122c.py:309: error: Name \"final\" is not defined  [name-defined]",
            "blocks_3a122c.py:314: error: Name \"final\" is not defined  [name-defined]",
            "blocks_3a122c.py:318: error: Name \"final\" is not defined  [name-defined]",
            "blocks_3a122c.py:324: error: Name \"final\" is not defined  [name-defined]",
            "blocks_3a122c.py:335: error: Name \"final\" is not defined  [name-defined]",
            "blocks_3a122c.py:352: error: Name \"final\" is not defined  [name-defined]",
            "blocks_3a122c.py:361: error: Name \"final\" is not defined  [name-defined]",
            "blocks_3a122c.py:370: error: Name \"final\" is not defined  [name-defined]",
            "blocks_3a122c.py:414: error: Name \"final\" is not defined  [name-defined]",
            "blocks_3a122c.py:489: error: Name \"final\" is not defined  [name-defined]",
            "blocks_3a122c.py:494: error: Name \"final\" is not defined  [name-defined]",
            "blocks_3a122c.py:522: error: Name \"final\" is not defined  [name-defined]",
            "blocks_3a122c.py:542: error: Name \"final\" is not defined  [name-defined]",
            "blocks_3a122c.py:559: error: Name \"final\" is not defined  [name-defined]",
            "blocks_3a122c.py:570: error: Name \"final\" is not defined  [name-defined]",
            "blocks_3a122c.py:619: error: Name \"final\" is not defined  [name-defined]",
            "blocks_3a122c.py:644: error: Name \"final\" is not defined  [name-defined]",
            "blocks_3a122c.py:710: error: Name \"final\" is not defined  [name-defined]",
            "blocks_3a122c.py:766: error: Name \"final\" is not defined  [name-defined]",
            "blocks_3a122c.py:999: error: Name \"final\" is not defined  [name-defined]",
            "blocks_3a122c.py:1036: error: Name \"final\" is not defined  [name-defined]",
            "blocks_3a122c.py:1059: error: Name \"final\" is not defined  [name-defined]",
            "blocks_3a122c.py:1071: error: Name \"final\" is not defined  [name-defined]",
            "blocks_3a122c.py:1128: error: Name \"final\" is not defined  [name-defined]",
            "blocks_3a122c.py:1133: error: Name \"final\" is not defined  [name-defined]",
            "blocks_3a122c.py:1160: error: Name \"final\" is not defined  [name-defined]",
            "blocks_3a122c.py:1210: error: Name \"final\" is not defined  [name-defined]",
            "blocks_3a122c.py:1255: error: Name \"final\" is not defined  [name-defined]",
            "blocks_3a122c.py:1265: error: Name \"final\" is not defined  [name-defined]",
            "blocks_3a122c.py:1270: error: Name \"final\" is not defined  [name-defined]",
            "blocks_3a122c.py:1277: error: Name \"final\" is not defined  [name-defined]",
            "blocks_3a122c.py:1426: error: Name \"final\" is not defined  [name-defined]",
            "Found 51 errors in 1 file (checked 1 source file)"
        ]
    },
    "btanalysis_7decb4.py": {
        "stats": {
            "total_parameters": 50,
            "parameters_with_annotations": 50
        },
        "error_count": 2,
        "isCompiled": false,
        "errors": [
            "btanalysis_7decb4.py:151: error: Item \"str\" of \"Path | str\" has no attribute \"open\"  [union-attr]",
            "btanalysis_7decb4.py:198: error: Incompatible types in assignment (expression has type \"str\", variable has type \"Literal['metadata', 'strategy']\")  [assignment]",
            "Found 2 errors in 1 file (checked 1 source file)"
        ]
    },
    "cache_83a043.py": {
        "stats": {
            "total_parameters": 84,
            "parameters_with_annotations": 82
        },
        "error_count": 3,
        "isCompiled": false,
        "errors": [
            "cache_83a043.py:23: error: Name \"TYPE_CHECKING\" is not defined  [name-defined]",
            "cache_83a043.py:702: error: \"Callable[ParamT, ReturnT]\" has no attribute \"cache_info\"  [attr-defined]",
            "cache_83a043.py:703: error: \"Callable[ParamT, ReturnT]\" has no attribute \"cache_clear\"  [attr-defined]",
            "Found 3 errors in 1 file (checked 1 source file)"
        ]
    },
    "call_824067.py": {
        "stats": {
            "total_parameters": 68,
            "parameters_with_annotations": 50
        },
        "error_count": 0,
        "isCompiled": true,
        "errors": []
    },
    "channels_8e6ab8.py": {
        "stats": {
            "total_parameters": 77,
            "parameters_with_annotations": 44
        },
        "error_count": 0,
        "isCompiled": true,
        "errors": []
    },
    "channel_43e477.py": {
        "stats": {
            "total_parameters": 274,
            "parameters_with_annotations": 274
        },
        "error_count": 0,
        "isCompiled": true,
        "errors": []
    },
    "classification_92cb06.py": {
        "stats": {
            "total_parameters": 63,
            "parameters_with_annotations": 63
        },
        "error_count": 0,
        "isCompiled": true,
        "errors": []
    },
    "client_1e3c0a.py": {
        "stats": {
            "total_parameters": 55,
            "parameters_with_annotations": 41
        },
        "error_count": 0,
        "isCompiled": true,
        "errors": []
    },
    "common_4a17c0.py": {
        "stats": {
            "total_parameters": 41,
            "parameters_with_annotations": 41
        },
        "error_count": 3,
        "isCompiled": false,
        "errors": [
            "common_4a17c0.py:111: error: Incompatible types in assignment (expression has type \"str\", target has type \"bool\")  [assignment]",
            "common_4a17c0.py:127: error: Incompatible types in assignment (expression has type \"str\", target has type \"float\")  [assignment]",
            "common_4a17c0.py:219: error: Incompatible types in assignment (expression has type \"float\", target has type \"str\")  [assignment]",
            "Found 3 errors in 1 file (checked 1 source file)"
        ]
    },
    "compilation_283ca2.py": {
        "stats": {
            "total_parameters": 83,
            "parameters_with_annotations": 58
        },
        "error_count": 0,
        "isCompiled": true,
        "errors": []
    },
    "confluent_3b2473.py": {
        "stats": {
            "total_parameters": 59,
            "parameters_with_annotations": 37
        },
        "error_count": 0,
        "isCompiled": true,
        "errors": []
    },
    "construction_4e8f89.py": {
        "stats": {
            "total_parameters": 60,
            "parameters_with_annotations": 60
        },
        "error_count": 1,
        "isCompiled": false,
        "errors": [
            "construction_4e8f89.py:746: error: Argument 1 to \"_list_of_dict_to_arrays\" has incompatible type \"Sequence[Any]\"; expected \"list[dict[Any, Any]]\"  [arg-type]",
            "Found 1 error in 1 file (checked 1 source file)"
        ]
    },
    "consumer_fa3d87.py": {
        "stats": {
            "total_parameters": 0,
            "parameters_with_annotations": 0
        },
        "error_count": 1,
        "isCompiled": false,
        "errors": [
            "consumer_fa3d87.py:483: error: invalid syntax; you likely need to run mypy using Python 3.10 or newer  [syntax]",
            "Found 1 error in 1 file (errors prevented further checking)"
        ]
    },
    "context_config_b7e80b.py": {
        "stats": {
            "total_parameters": 93,
            "parameters_with_annotations": 64
        },
        "error_count": 1,
        "isCompiled": false,
        "errors": [
            "context_config_b7e80b.py:33: error: Missing return statement  [empty-body]",
            "Found 1 error in 1 file (checked 1 source file)"
        ]
    },
    "coordinator_e4c72e.py": {
        "stats": {
            "total_parameters": 53,
            "parameters_with_annotations": 36
        },
        "error_count": 0,
        "isCompiled": true,
        "errors": []
    },
    "cover_ccbdb1.py": {
        "stats": {
            "total_parameters": 134,
            "parameters_with_annotations": 66
        },
        "error_count": 5,
        "isCompiled": false,
        "errors": [
            "cover_ccbdb1.py:588: error: Cannot determine type of \"_attr_unique_id\"  [has-type]",
            "cover_ccbdb1.py:625: error: Cannot determine type of \"_attr_unique_id\"  [has-type]",
            "cover_ccbdb1.py:725: error: Cannot determine type of \"_attr_unique_id\"  [has-type]",
            "cover_ccbdb1.py:784: error: Cannot determine type of \"_attr_unique_id\"  [has-type]",
            "cover_ccbdb1.py:840: error: Cannot determine type of \"_attr_unique_id\"  [has-type]",
            "Found 5 errors in 1 file (checked 1 source file)"
        ]
    },
    "create_user_36a545.py": {
        "stats": {
            "total_parameters": 40,
            "parameters_with_annotations": 40
        },
        "error_count": 0,
        "isCompiled": true,
        "errors": []
    },
    "create_user_5beae0.py": {
        "stats": {
            "total_parameters": 39,
            "parameters_with_annotations": 39
        },
        "error_count": 0,
        "isCompiled": true,
        "errors": []
    },
    "custom_profile_fields_ccef17.py": {
        "stats": {
            "total_parameters": 36,
            "parameters_with_annotations": 36
        },
        "error_count": 0,
        "isCompiled": true,
        "errors": []
    },
    "dataclasses_a27d2a.py": {
        "stats": {
            "total_parameters": 47,
            "parameters_with_annotations": 35
        },
        "error_count": 11,
        "isCompiled": false,
        "errors": [
            "dataclasses_a27d2a.py:58: error: Name \"TYPE_CHECKING\" is not defined  [name-defined]",
            "dataclasses_a27d2a.py:88: error: A function returning TypeVar should receive at least one argument containing the same TypeVar  [type-var]",
            "dataclasses_a27d2a.py:88: note: Consider using the upper bound \"Dataclass\" instead",
            "dataclasses_a27d2a.py:214: error: No overload variant of \"dataclass\" matches argument types \"type[_T]\", \"bool\", \"bool\", \"bool\", \"bool\", \"bool\", \"bool\", \"bool\"  [call-overload]",
            "dataclasses_a27d2a.py:214: note: Possible overload variants:",
            "dataclasses_a27d2a.py:214: note:     def dataclass(None, /) -> Callable[[type[_T]], type[_T]]",
            "dataclasses_a27d2a.py:214: note:     def [_T] dataclass(type[_T], /) -> type[_T]",
            "dataclasses_a27d2a.py:214: note:     def dataclass(*, init: bool = ..., repr: bool = ..., eq: bool = ..., order: bool = ..., unsafe_hash: bool = ..., frozen: bool = ..., match_args: bool = ..., kw_only: bool = ..., slots: bool = ...) -> Callable[[type[_T]], type[_T]]",
            "dataclasses_a27d2a.py:367: error: A function returning TypeVar should receive at least one argument containing the same TypeVar  [type-var]",
            "dataclasses_a27d2a.py:367: note: Consider using the upper bound \"Dataclass\" instead",
            "dataclasses_a27d2a.py:500: error: Argument 1 to \"_get_validators\" has incompatible type \"type[Dataclass] | DataclassProxy\"; expected \"type[Any]\"  [arg-type]",
            "Found 5 errors in 1 file (checked 1 source file)"
        ]
    },
    "datadog_c5ba7b.py": {
        "stats": {
            "total_parameters": 131,
            "parameters_with_annotations": 93
        },
        "error_count": 0,
        "isCompiled": true,
        "errors": []
    },
    "dataprovider_a0d211.py": {
        "stats": {
            "total_parameters": 85,
            "parameters_with_annotations": 58
        },
        "error_count": 0,
        "isCompiled": true,
        "errors": []
    },
    "datastructures_0a7b11.py": {
        "stats": {
            "total_parameters": 140,
            "parameters_with_annotations": 52
        },
        "error_count": 11,
        "isCompiled": false,
        "errors": [
            "datastructures_0a7b11.py:233: error: Signature of \"__getitem__\" incompatible with supertype \"Sequence\"  [override]",
            "datastructures_0a7b11.py:233: note:      Superclass:",
            "datastructures_0a7b11.py:233: note:          @overload",
            "datastructures_0a7b11.py:233: note:          def __getitem__(self, int, /) -> str",
            "datastructures_0a7b11.py:233: note:          @overload",
            "datastructures_0a7b11.py:233: note:          def __getitem__(self, slice, /) -> Sequence[str]",
            "datastructures_0a7b11.py:233: note:      Subclass:",
            "datastructures_0a7b11.py:233: note:          def __getitem__(self, int | slice, /) -> str | list[str]",
            "datastructures_0a7b11.py:507: error: Return type \"list[str]\" of \"keys\" incompatible with return type \"KeysView[str]\" in supertype \"Mapping\"  [override]",
            "datastructures_0a7b11.py:510: error: Return type \"list[str]\" of \"values\" incompatible with return type \"ValuesView[str]\" in supertype \"Mapping\"  [override]",
            "datastructures_0a7b11.py:513: error: Return type \"list[tuple[str, str]]\" of \"items\" incompatible with return type \"ItemsView[str, str]\" in supertype \"Mapping\"  [override]",
            "Found 4 errors in 1 file (checked 1 source file)"
        ]
    },
    "data_catalog_8d7fcf.py": {
        "stats": {
            "total_parameters": 59,
            "parameters_with_annotations": 36
        },
        "error_count": 0,
        "isCompiled": true,
        "errors": []
    },
    "debug_info_f902e5.py": {
        "stats": {
            "total_parameters": 36,
            "parameters_with_annotations": 36
        },
        "error_count": 2,
        "isCompiled": false,
        "errors": [
            "debug_info_f902e5.py:166: error: Module has no attribute \"UTC\"  [attr-defined]",
            "debug_info_f902e5.py:185: error: Module has no attribute \"UTC\"  [attr-defined]",
            "Found 2 errors in 1 file (checked 1 source file)"
        ]
    },
    "dockerutils_6badca.py": {
        "stats": {
            "total_parameters": 55,
            "parameters_with_annotations": 42
        },
        "error_count": 1,
        "isCompiled": false,
        "errors": [
            "dockerutils_6badca.py:254: error: Argument 1 to \"__exit__\" of \"TemporaryDirectory\" has incompatible type \"BaseException | None\"; expected \"type[BaseException] | None\"  [arg-type]",
            "Found 1 error in 1 file (checked 1 source file)"
        ]
    },
    "email_mirror_590460.py": {
        "stats": {
            "total_parameters": 52,
            "parameters_with_annotations": 49
        },
        "error_count": 3,
        "isCompiled": false,
        "errors": [
            "email_mirror_590460.py:349: error: Argument 3 to \"sub\" has incompatible type \"str | None\"; expected \"str\"  [arg-type]",
            "email_mirror_590460.py:563: error: Method \"key\" is marked as an override, but no base method was found with this name  [misc]",
            "email_mirror_590460.py:567: error: Method \"rules\" is marked as an override, but no base method was found with this name  [misc]",
            "Found 3 errors in 1 file (checked 1 source file)"
        ]
    },
    "evaluators_b911b8.py": {
        "stats": {
            "total_parameters": 124,
            "parameters_with_annotations": 124
        },
        "error_count": 0,
        "isCompiled": true,
        "errors": []
    },
    "event_schema_4d75fe.py": {
        "stats": {
            "total_parameters": 67,
            "parameters_with_annotations": 67
        },
        "error_count": 0,
        "isCompiled": true,
        "errors": []
    },
    "ewm_ef0fa0.py": {
        "stats": {
            "total_parameters": 93,
            "parameters_with_annotations": 72
        },
        "error_count": 2,
        "isCompiled": false,
        "errors": [
            "ewm_ef0fa0.py:331: note: \"__init__\" of \"ExponentialMovingWindow\" defined here",
            "ewm_ef0fa0.py:916: error: Unexpected keyword argument \"_grouper\" for \"__init__\" of \"ExponentialMovingWindow\"  [call-arg]",
            "Found 1 error in 1 file (checked 1 source file)"
        ]
    },
    "excel_26f18f.py": {
        "stats": {
            "total_parameters": 105,
            "parameters_with_annotations": 64
        },
        "error_count": 7,
        "isCompiled": false,
        "errors": [
            "excel_26f18f.py:101: error: Function \"css_converter\" could always be true in boolean context  [truthy-function]",
            "excel_26f18f.py:230: error: Dict entry 0 has incompatible type \"str\": \"dict[str, bool | str | None]\"; expected \"str\": \"dict[str, str | None]\"  [dict-item]",
            "excel_26f18f.py:231: error: Dict entry 1 has incompatible type \"str\": \"dict[str, dict[str, str | None]]\"; expected \"str\": \"dict[str, str | None]\"  [dict-item]",
            "excel_26f18f.py:232: error: Dict entry 2 has incompatible type \"str\": \"dict[str, str] | None\"; expected \"str\": \"dict[str, str | None]\"  [dict-item]",
            "excel_26f18f.py:233: error: Dict entry 3 has incompatible type \"str\": \"dict[str, bool | float | str | None]\"; expected \"str\": \"dict[str, str | None]\"  [dict-item]",
            "excel_26f18f.py:249: error: Argument 1 to \"remove_none\" has incompatible type \"dict[str, dict[str, str | None]]\"; expected \"dict[str, str | None]\"  [arg-type]",
            "excel_26f18f.py:368: error: Dict entry 0 has incompatible type \"str\": \"str | None\"; expected \"str\": \"str\"  [dict-item]",
            "Found 7 errors in 1 file (checked 1 source file)"
        ]
    },
    "exceptions_c3abb4.py": {
        "stats": {
            "total_parameters": 62,
            "parameters_with_annotations": 40
        },
        "error_count": 0,
        "isCompiled": true,
        "errors": []
    },
    "exposed_entities_a550ba.py": {
        "stats": {
            "total_parameters": 77,
            "parameters_with_annotations": 60
        },
        "error_count": 0,
        "isCompiled": true,
        "errors": []
    },
    "factory_7a7586.py": {
        "stats": {
            "total_parameters": 65,
            "parameters_with_annotations": 46
        },
        "error_count": 7,
        "isCompiled": false,
        "errors": [
            "factory_7a7586.py:97: error: Value of type \"tuple[object, ...] | Mapping[str, object] | None\" is not indexable  [index]",
            "factory_7a7586.py:97: error: Item \"object\" of \"object | Any\" has no attribute \"name\"  [union-attr]",
            "factory_7a7586.py:97: error: Invalid index type \"int\" for \"tuple[object, ...] | Mapping[str, object] | None\"; expected type \"str\"  [index]",
            "factory_7a7586.py:103: error: Invalid index type \"slice\" for \"tuple[object, ...] | Mapping[str, object] | None\"; expected type \"str\"  [index]",
            "factory_7a7586.py:103: error: Value of type \"tuple[object, ...] | Mapping[str, object] | None\" is not indexable  [index]",
            "factory_7a7586.py:103: error: Unsupported left operand type for + (\"object\")  [operator]",
            "factory_7a7586.py:103: note: Left operand is of type \"object | Any\"",
            "Found 6 errors in 1 file (checked 1 source file)"
        ]
    },
    "fields_c8e6d9.py": {
        "stats": {
            "total_parameters": 84,
            "parameters_with_annotations": 51
        },
        "error_count": 0,
        "isCompiled": true,
        "errors": []
    },
    "flow_engine_887be2.py": {
        "stats": {
            "total_parameters": 74,
            "parameters_with_annotations": 47
        },
        "error_count": 21,
        "isCompiled": false,
        "errors": [
            "flow_engine_887be2.py:326: error: Item \"None\" of \"Any | None\" has no attribute \"id\"  [union-attr]",
            "flow_engine_887be2.py:642: error: \"Logger\" has no attribute \"extra\"  [attr-defined]",
            "flow_engine_887be2.py:719: error: Argument 1 to \"handle_crash\" of \"FlowRunEngine\" has incompatible type \"BaseException\"; expected \"Exception\"  [arg-type]",
            "flow_engine_887be2.py:765: error: Item \"None\" of \"Any | None\" has no attribute \"name\"  [union-attr]",
            "flow_engine_887be2.py:767: error: Incompatible types in \"yield\" (actual type \"FlowRunEngine[P, R]\", expected type \"None\")  [misc]",
            "flow_engine_887be2.py:785: error: Incompatible return value type (got \"Coroutine[Any, Any, None]\", expected \"R | Coroutine[Any, Any, R]\")  [return-value]",
            "flow_engine_887be2.py:896: error: Item \"None\" of \"Any | None\" has no attribute \"id\"  [union-attr]",
            "flow_engine_887be2.py:1194: error: \"Logger\" has no attribute \"extra\"  [attr-defined]",
            "flow_engine_887be2.py:1271: error: Argument 1 to \"handle_crash\" of \"AsyncFlowRunEngine\" has incompatible type \"BaseException\"; expected \"Exception\"  [arg-type]",
            "flow_engine_887be2.py:1315: error: Item \"None\" of \"Any | None\" has no attribute \"name\"  [union-attr]",
            "flow_engine_887be2.py:1317: error: Incompatible types in \"yield\" (actual type \"AsyncFlowRunEngine[P, R]\", expected type \"None\")  [misc]",
            "flow_engine_887be2.py:1333: error: Incompatible return value type (got \"R\", expected \"Coroutine[Any, Any, R]\")  [return-value]",
            "flow_engine_887be2.py:1344: error: ParamSpec \"P\" is unbound  [valid-type]",
            "flow_engine_887be2.py:1368: error: ParamSpec \"P\" is unbound  [valid-type]",
            "flow_engine_887be2.py:1379: error: Value of type \"Coroutine[Any, Any, R]\" must be used  [unused-coroutine]",
            "flow_engine_887be2.py:1379: note: Are you missing an await?",
            "flow_engine_887be2.py:1395: error: ParamSpec \"P\" is unbound  [valid-type]",
            "flow_engine_887be2.py:1418: error: Argument 1 to \"handle_success\" of \"FlowRunEngine\" has incompatible type \"None\"; expected \"R\"  [arg-type]",
            "flow_engine_887be2.py:1421: error: No return value expected  [return-value]",
            "flow_engine_887be2.py:1435: error: ParamSpec \"P\" is unbound  [valid-type]",
            "flow_engine_887be2.py:1456: error: Argument 1 to \"handle_success\" of \"AsyncFlowRunEngine\" has incompatible type \"None\"; expected \"R\"  [arg-type]",
            "Found 20 errors in 1 file (checked 1 source file)"
        ]
    },
    "format_84da8c.py": {
        "stats": {
            "total_parameters": 199,
            "parameters_with_annotations": 141
        },
        "error_count": 34,
        "isCompiled": false,
        "errors": [
            "format_84da8c.py:158: error: Name \"Literal\" is not defined  [name-defined]",
            "format_84da8c.py:158: error: Name \"truncate\" is not defined  [name-defined]",
            "format_84da8c.py:196: error: Name \"cast\" is not defined  [name-defined]",
            "format_84da8c.py:196: note: Did you forget to import it from \"typing\"? (Suggestion: \"from typing import cast\")",
            "format_84da8c.py:200: error: Value of type variable \"SupportsRichComparisonT\" of \"min\" cannot be \"int | None\"  [type-var]",
            "format_84da8c.py:205: error: Unsupported operand types for // (\"None\" and \"int\")  [operator]",
            "format_84da8c.py:205: note: Left operand is of type \"int | None\"",
            "format_84da8c.py:288: error: Name \"cast\" is not defined  [name-defined]",
            "format_84da8c.py:288: note: Did you forget to import it from \"typing\"? (Suggestion: \"from typing import cast\")",
            "format_84da8c.py:289: error: Unsupported operand types for - (\"None\" and \"int\")  [operator]",
            "format_84da8c.py:289: note: Left operand is of type \"int | None\"",
            "format_84da8c.py:297: error: Unsupported operand types for + (\"None\" and \"int\")  [operator]",
            "format_84da8c.py:297: note: Left operand is of type \"int | None\"",
            "format_84da8c.py:298: error: Unsupported operand types for + (\"None\" and \"int\")  [operator]",
            "format_84da8c.py:298: note: Left operand is of type \"int | None\"",
            "format_84da8c.py:645: error: Name \"cast\" is not defined  [name-defined]",
            "format_84da8c.py:645: note: Did you forget to import it from \"typing\"? (Suggestion: \"from typing import cast\")",
            "format_84da8c.py:663: error: Name \"cast\" is not defined  [name-defined]",
            "format_84da8c.py:663: note: Did you forget to import it from \"typing\"? (Suggestion: \"from typing import cast\")",
            "format_84da8c.py:684: error: Name \"cast\" is not defined  [name-defined]",
            "format_84da8c.py:684: note: Did you forget to import it from \"typing\"? (Suggestion: \"from typing import cast\")",
            "format_84da8c.py:685: error: Argument 1 to \"len\" has incompatible type \"bool | Sequence[str]\"; expected \"Sized\"  [arg-type]",
            "format_84da8c.py:687: error: Argument 1 to \"len\" has incompatible type \"bool | Sequence[str]\"; expected \"Sized\"  [arg-type]",
            "format_84da8c.py:690: error: Item \"bool\" of \"bool | Sequence[str]\" has no attribute \"__iter__\" (not iterable)  [union-attr]",
            "format_84da8c.py:730: error: Name \"cast\" is not defined  [name-defined]",
            "format_84da8c.py:730: note: Did you forget to import it from \"typing\"? (Suggestion: \"from typing import cast\")",
            "format_84da8c.py:731: error: Invalid index type \"str | int\" for \"list[Any] | tuple[Any, ...]\"; expected type \"SupportsIndex\"  [index]",
            "format_84da8c.py:1063: error: Name \"cast\" is not defined  [name-defined]",
            "format_84da8c.py:1063: note: Did you forget to import it from \"typing\"? (Suggestion: \"from typing import cast\")",
            "format_84da8c.py:1066: error: Name \"cast\" is not defined  [name-defined]",
            "format_84da8c.py:1066: note: Did you forget to import it from \"typing\"? (Suggestion: \"from typing import cast\")",
            "format_84da8c.py:1069: error: Name \"cast\" is not defined  [name-defined]",
            "format_84da8c.py:1069: note: Did you forget to import it from \"typing\"? (Suggestion: \"from typing import cast\")",
            "format_84da8c.py:1591: error: Incompatible return value type (got \"str | float\", expected \"str\")  [return-value]",
            "Found 21 errors in 1 file (checked 1 source file)"
        ]
    },
    "frame_manager_271dac.py": {
        "stats": {
            "total_parameters": 0,
            "parameters_with_annotations": 0
        },
        "error_count": 1,
        "isCompiled": false,
        "errors": [
            "frame_manager_271dac.py:866: error: invalid syntax; you likely need to run mypy using Python 3.10 or newer  [syntax]",
            "Found 1 error in 1 file (errors prevented further checking)"
        ]
    },
    "from_params_test_811442.py": {
        "stats": {
            "total_parameters": 213,
            "parameters_with_annotations": 98
        },
        "error_count": 4,
        "isCompiled": false,
        "errors": [
            "from_params_test_811442.py:343: error: \"type[object]\" has no attribute \"from_params\"  [attr-defined]",
            "from_params_test_811442.py:963: error: Incompatible default for argument \"b\" (default has type \"None\", argument has type \"str\")  [assignment]",
            "from_params_test_811442.py:963: note: PEP 484 prohibits implicit Optional. Accordingly, mypy has changed its default to no_implicit_optional=True",
            "from_params_test_811442.py:963: note: Use https://github.com/hauntsaninja/no_implicit_optional to automatically upgrade your codebase",
            "Found 2 errors in 1 file (checked 1 source file)"
        ]
    },
    "generic_8a9e7c.py": {
        "stats": {
            "total_parameters": 158,
            "parameters_with_annotations": 117
        },
        "error_count": 79,
        "isCompiled": false,
        "errors": [
            "generic_8a9e7c.py:17: error: Only instance methods can be decorated with @property  [misc]",
            "generic_8a9e7c.py:26: error: Missing return statement  [empty-body]",
            "generic_8a9e7c.py:26: note: If the method is meant to be abstract, use @abc.abstractmethod",
            "generic_8a9e7c.py:40: error: \"Frame\" has no attribute \"to_pandas\"  [attr-defined]",
            "generic_8a9e7c.py:68: error: \"Frame\" has no attribute \"to_pandas\"  [attr-defined]",
            "generic_8a9e7c.py:77: error: \"Frame\" has no attribute \"to_pandas\"  [attr-defined]",
            "generic_8a9e7c.py:221: error: \"Frame\" has no attribute \"_to_internal_pandas\"  [attr-defined]",
            "generic_8a9e7c.py:226: error: Incompatible default for argument \"axis\" (default has type \"None\", argument has type \"int | str\")  [assignment]",
            "generic_8a9e7c.py:226: note: PEP 484 prohibits implicit Optional. Accordingly, mypy has changed its default to no_implicit_optional=True",
            "generic_8a9e7c.py:226: note: Use https://github.com/hauntsaninja/no_implicit_optional to automatically upgrade your codebase",
            "generic_8a9e7c.py:227: error: Name \"Series\" is not defined  [name-defined]",
            "generic_8a9e7c.py:240: error: \"Frame\" has no attribute \"_reduce_for_stat_function\"  [attr-defined]",
            "generic_8a9e7c.py:244: error: Name \"Series\" is not defined  [name-defined]",
            "generic_8a9e7c.py:260: error: \"Frame\" has no attribute \"_reduce_for_stat_function\"  [attr-defined]",
            "generic_8a9e7c.py:264: error: Name \"Series\" is not defined  [name-defined]",
            "generic_8a9e7c.py:288: error: \"Frame\" has no attribute \"_reduce_for_stat_function\"  [attr-defined]",
            "generic_8a9e7c.py:293: error: Incompatible default for argument \"axis\" (default has type \"None\", argument has type \"int | str\")  [assignment]",
            "generic_8a9e7c.py:293: note: PEP 484 prohibits implicit Optional. Accordingly, mypy has changed its default to no_implicit_optional=True",
            "generic_8a9e7c.py:293: note: Use https://github.com/hauntsaninja/no_implicit_optional to automatically upgrade your codebase",
            "generic_8a9e7c.py:294: error: Name \"Series\" is not defined  [name-defined]",
            "generic_8a9e7c.py:307: error: \"Frame\" has no attribute \"_reduce_for_stat_function\"  [attr-defined]",
            "generic_8a9e7c.py:310: error: Incompatible default for argument \"axis\" (default has type \"None\", argument has type \"int | str\")  [assignment]",
            "generic_8a9e7c.py:310: note: PEP 484 prohibits implicit Optional. Accordingly, mypy has changed its default to no_implicit_optional=True",
            "generic_8a9e7c.py:310: note: Use https://github.com/hauntsaninja/no_implicit_optional to automatically upgrade your codebase",
            "generic_8a9e7c.py:311: error: Name \"Series\" is not defined  [name-defined]",
            "generic_8a9e7c.py:324: error: \"Frame\" has no attribute \"_reduce_for_stat_function\"  [attr-defined]",
            "generic_8a9e7c.py:329: error: Incompatible default for argument \"axis\" (default has type \"None\", argument has type \"int | str\")  [assignment]",
            "generic_8a9e7c.py:329: note: PEP 484 prohibits implicit Optional. Accordingly, mypy has changed its default to no_implicit_optional=True",
            "generic_8a9e7c.py:329: note: Use https://github.com/hauntsaninja/no_implicit_optional to automatically upgrade your codebase",
            "generic_8a9e7c.py:330: error: Name \"Series\" is not defined  [name-defined]",
            "generic_8a9e7c.py:337: error: \"Frame\" has no attribute \"_reduce_for_stat_function\"  [attr-defined]",
            "generic_8a9e7c.py:341: error: Name \"Series\" is not defined  [name-defined]",
            "generic_8a9e7c.py:348: error: \"Frame\" has no attribute \"_reduce_for_stat_function\"  [attr-defined]",
            "generic_8a9e7c.py:352: error: Name \"Series\" is not defined  [name-defined]",
            "generic_8a9e7c.py:353: error: \"Frame\" has no attribute \"_reduce_for_stat_function\"  [attr-defined]",
            "generic_8a9e7c.py:357: error: Name \"Series\" is not defined  [name-defined]",
            "generic_8a9e7c.py:376: error: \"Frame\" has no attribute \"_reduce_for_stat_function\"  [attr-defined]",
            "generic_8a9e7c.py:380: error: Name \"Series\" is not defined  [name-defined]",
            "generic_8a9e7c.py:399: error: \"Frame\" has no attribute \"_reduce_for_stat_function\"  [attr-defined]",
            "generic_8a9e7c.py:402: error: Incompatible default for argument \"axis\" (default has type \"None\", argument has type \"int | str\")  [assignment]",
            "generic_8a9e7c.py:402: note: PEP 484 prohibits implicit Optional. Accordingly, mypy has changed its default to no_implicit_optional=True",
            "generic_8a9e7c.py:402: note: Use https://github.com/hauntsaninja/no_implicit_optional to automatically upgrade your codebase",
            "generic_8a9e7c.py:403: error: Name \"Series\" is not defined  [name-defined]",
            "generic_8a9e7c.py:418: error: \"Frame\" has no attribute \"_reduce_for_stat_function\"  [attr-defined]",
            "generic_8a9e7c.py:422: error: Name \"Series\" is not defined  [name-defined]",
            "generic_8a9e7c.py:444: error: \"Frame\" has no attribute \"_reduce_for_stat_function\"  [attr-defined]",
            "generic_8a9e7c.py:454: error: Name \"DataFrame\" is not defined  [name-defined]",
            "generic_8a9e7c.py:454: error: Name \"Series\" is not defined  [name-defined]",
            "generic_8a9e7c.py:463: error: \"Frame\" has no attribute \"_apply_series_op\"  [attr-defined]",
            "generic_8a9e7c.py:521: error: \"Frame\" has no attribute \"head\"  [attr-defined]",
            "generic_8a9e7c.py:573: error: Value of type \"Frame\" is not indexable  [index]",
            "generic_8a9e7c.py:577: error: Name \"DataFrame\" is not defined  [name-defined]",
            "generic_8a9e7c.py:577: error: Name \"Series\" is not defined  [name-defined]",
            "generic_8a9e7c.py:583: error: \"Frame\" has no attribute \"columns\"  [attr-defined]",
            "generic_8a9e7c.py:589: error: \"Frame\" has no attribute \"_to_internal_pandas\"  [attr-defined]",
            "generic_8a9e7c.py:590: error: Name \"Series\" is not defined  [name-defined]",
            "generic_8a9e7c.py:590: error: Name \"ks\" is not defined  [name-defined]",
            "generic_8a9e7c.py:596: error: \"Frame\" has no attribute \"head\"  [attr-defined]",
            "generic_8a9e7c.py:598: error: Name \"ks\" is not defined  [name-defined]",
            "generic_8a9e7c.py:601: error: Function \"generic_8a9e7c.Frame.bool\" is not valid as a type  [valid-type]",
            "generic_8a9e7c.py:601: note: Perhaps you need \"Callable[...]\" or a callback protocol?",
            "generic_8a9e7c.py:602: error: Name \"DataFrame\" is not defined  [name-defined]",
            "generic_8a9e7c.py:602: error: Name \"Series\" is not defined  [name-defined]",
            "generic_8a9e7c.py:609: error: \"Frame\" has no attribute \"copy\"  [attr-defined]",
            "generic_8a9e7c.py:632: error: \"Frame\" has no attribute \"_to_internal_pandas\"  [attr-defined]",
            "generic_8a9e7c.py:635: error: Function \"generic_8a9e7c.Frame.bool\" is not valid as a type  [valid-type]",
            "generic_8a9e7c.py:635: note: Perhaps you need \"Callable[...]\" or a callback protocol?",
            "generic_8a9e7c.py:635: error: Name \"DataFrame\" is not defined  [name-defined]",
            "generic_8a9e7c.py:635: error: Name \"Series\" is not defined  [name-defined]",
            "generic_8a9e7c.py:638: error: Function \"generic_8a9e7c.Frame.bool\" is not valid as a type  [valid-type]",
            "generic_8a9e7c.py:638: note: Perhaps you need \"Callable[...]\" or a callback protocol?",
            "generic_8a9e7c.py:638: error: Name \"DataFrame\" is not defined  [name-defined]",
            "generic_8a9e7c.py:638: error: Name \"Series\" is not defined  [name-defined]",
            "generic_8a9e7c.py:641: error: Function \"generic_8a9e7c.Frame.bool\" is not valid as a type  [valid-type]",
            "generic_8a9e7c.py:641: note: Perhaps you need \"Callable[...]\" or a callback protocol?",
            "generic_8a9e7c.py:641: error: Name \"DataFrame\" is not defined  [name-defined]",
            "generic_8a9e7c.py:641: error: Name \"Series\" is not defined  [name-defined]",
            "generic_8a9e7c.py:662: error: Function \"generic_8a9e7c.Frame.bool\" is not valid as a type  [valid-type]",
            "generic_8a9e7c.py:662: note: Perhaps you need \"Callable[...]\" or a callback protocol?",
            "Found 63 errors in 1 file (checked 1 source file)"
        ]
    },
    "generic_a07530.py": {
        "stats": {
            "total_parameters": 184,
            "parameters_with_annotations": 130
        },
        "error_count": 7,
        "isCompiled": false,
        "errors": [
            "generic_a07530.py:129: error: Argument 1 to \"_python_agg_general\" of \"SeriesGroupBy\" has incompatible type \"Any | None\"; expected \"Callable[..., Any]\"  [arg-type]",
            "generic_a07530.py:647: error: Name \"cast\" is not defined  [name-defined]",
            "generic_a07530.py:647: note: Did you forget to import it from \"typing\"? (Suggestion: \"from typing import cast\")",
            "generic_a07530.py:649: error: Name \"cast\" is not defined  [name-defined]",
            "generic_a07530.py:649: note: Did you forget to import it from \"typing\"? (Suggestion: \"from typing import cast\")",
            "generic_a07530.py:672: error: Name \"cast\" is not defined  [name-defined]",
            "generic_a07530.py:672: note: Did you forget to import it from \"typing\"? (Suggestion: \"from typing import cast\")",
            "Found 4 errors in 1 file (checked 1 source file)"
        ]
    },
    "git_90c119.py": {
        "stats": {
            "total_parameters": 50,
            "parameters_with_annotations": 50
        },
        "error_count": 0,
        "isCompiled": true,
        "errors": []
    },
    "groupby_7dd4b2.py": {
        "stats": {
            "total_parameters": 179,
            "parameters_with_annotations": 114
        },
        "error_count": 27,
        "isCompiled": false,
        "errors": [
            "groupby_7dd4b2.py:129: error: Incompatible types in assignment (expression has type \"OrderedDict[Any, list[Any]]\", variable has type \"str | list[str] | dict[str, str | list[str]] | None\")  [assignment]",
            "groupby_7dd4b2.py:151: error: Argument 3 to \"_spark_groupby\" of \"GroupBy\" has incompatible type \"list[Any]\"; expected \"tuple[Any, ...]\"  [arg-type]",
            "groupby_7dd4b2.py:351: error: Argument 2 to \"isinstance\" has incompatible type \"<typing special form>\"; expected \"_ClassInfo\"  [arg-type]",
            "groupby_7dd4b2.py:400: error: Name \"cast\" is not defined  [name-defined]",
            "groupby_7dd4b2.py:400: note: Did you forget to import it from \"typing\"? (Suggestion: \"from typing import cast\")",
            "groupby_7dd4b2.py:401: error: Name \"cast\" is not defined  [name-defined]",
            "groupby_7dd4b2.py:401: note: Did you forget to import it from \"typing\"? (Suggestion: \"from typing import cast\")",
            "groupby_7dd4b2.py:407: error: Name \"cast\" is not defined  [name-defined]",
            "groupby_7dd4b2.py:407: note: Did you forget to import it from \"typing\"? (Suggestion: \"from typing import cast\")",
            "groupby_7dd4b2.py:423: error: Name \"cast\" is not defined  [name-defined]",
            "groupby_7dd4b2.py:423: note: Did you forget to import it from \"typing\"? (Suggestion: \"from typing import cast\")",
            "groupby_7dd4b2.py:424: error: Name \"cast\" is not defined  [name-defined]",
            "groupby_7dd4b2.py:424: note: Did you forget to import it from \"typing\"? (Suggestion: \"from typing import cast\")",
            "groupby_7dd4b2.py:427: error: Name \"cast\" is not defined  [name-defined]",
            "groupby_7dd4b2.py:427: note: Did you forget to import it from \"typing\"? (Suggestion: \"from typing import cast\")",
            "groupby_7dd4b2.py:434: error: Name \"cast\" is not defined  [name-defined]",
            "groupby_7dd4b2.py:434: note: Did you forget to import it from \"typing\"? (Suggestion: \"from typing import cast\")",
            "groupby_7dd4b2.py:480: error: Name \"cast\" is not defined  [name-defined]",
            "groupby_7dd4b2.py:480: note: Did you forget to import it from \"typing\"? (Suggestion: \"from typing import cast\")",
            "groupby_7dd4b2.py:492: error: Argument 2 to \"isinstance\" has incompatible type \"<typing special form>\"; expected \"_ClassInfo\"  [arg-type]",
            "groupby_7dd4b2.py:734: error: Argument 2 to \"isinstance\" has incompatible type \"<typing special form>\"; expected \"_ClassInfo\"  [arg-type]",
            "groupby_7dd4b2.py:778: error: Name \"cast\" is not defined  [name-defined]",
            "groupby_7dd4b2.py:778: note: Did you forget to import it from \"typing\"? (Suggestion: \"from typing import cast\")",
            "groupby_7dd4b2.py:784: error: Name \"cast\" is not defined  [name-defined]",
            "groupby_7dd4b2.py:784: note: Did you forget to import it from \"typing\"? (Suggestion: \"from typing import cast\")",
            "groupby_7dd4b2.py:1065: error: Item \"None\" of \"list[tuple[Any, ...]] | None\" has no attribute \"__iter__\" (not iterable)  [union-attr]",
            "groupby_7dd4b2.py:1403: error: List comprehension has incompatible type List[tuple[Any, ...]]; expected List[tuple[Any, Any]]  [misc]",
            "Found 17 errors in 1 file (checked 1 source file)"
        ]
    },
    "header_990b83.py": {
        "stats": {
            "total_parameters": 0,
            "parameters_with_annotations": 0
        },
        "error_count": 1,
        "isCompiled": false,
        "errors": [
            "header_990b83.py:294: error: invalid syntax; you likely need to run mypy using Python 3.10 or newer  [syntax]",
            "Found 1 error in 1 file (errors prevented further checking)"
        ]
    },
    "helpers_b607a0.py": {
        "stats": {
            "total_parameters": 51,
            "parameters_with_annotations": 50
        },
        "error_count": 0,
        "isCompiled": true,
        "errors": []
    },
    "helpers_e73aba.py": {
        "stats": {
            "total_parameters": 44,
            "parameters_with_annotations": 44
        },
        "error_count": 0,
        "isCompiled": true,
        "errors": []
    },
    "hist_13f59f.py": {
        "stats": {
            "total_parameters": 107,
            "parameters_with_annotations": 92
        },
        "error_count": 4,
        "isCompiled": false,
        "errors": [
            "hist_13f59f.py:92: error: Argument 2 to \"_calculate_bins\" of \"HistPlot\" has incompatible type \"int | Any | list[Any]\"; expected \"int\"  [arg-type]",
            "hist_13f59f.py:94: error: Argument 2 to \"_calculate_bins\" of \"HistPlot\" has incompatible type \"int | Any | list[Any]\"; expected \"int\"  [arg-type]",
            "hist_13f59f.py:123: error: Argument 1 to \"len\" has incompatible type \"int | Any | list[Any]\"; expected \"Sized\"  [arg-type]",
            "hist_13f59f.py:125: error: Argument 1 to \"len\" has incompatible type \"int | Any | list[Any]\"; expected \"Sized\"  [arg-type]",
            "Found 4 errors in 1 file (checked 1 source file)"
        ]
    },
    "hive_66cde7.py": {
        "stats": {
            "total_parameters": 88,
            "parameters_with_annotations": 66
        },
        "error_count": 1,
        "isCompiled": false,
        "errors": [
            "hive_66cde7.py:454: error: Missing return statement  [empty-body]",
            "Found 1 error in 1 file (checked 1 source file)"
        ]
    },
    "http1connection_0621ea.py": {
        "stats": {
            "total_parameters": 72,
            "parameters_with_annotations": 43
        },
        "error_count": 4,
        "isCompiled": false,
        "errors": [
            "http1connection_0621ea.py:438: error: Name \"cast\" is not defined  [name-defined]",
            "http1connection_0621ea.py:438: note: Did you forget to import it from \"typing\"? (Suggestion: \"from typing import cast\")",
            "http1connection_0621ea.py:619: error: Name \"cast\" is not defined  [name-defined]",
            "http1connection_0621ea.py:619: note: Did you forget to import it from \"typing\"? (Suggestion: \"from typing import cast\")",
            "Found 2 errors in 1 file (checked 1 source file)"
        ]
    },
    "httpclient_e36adc.py": {
        "stats": {
            "total_parameters": 87,
            "parameters_with_annotations": 61
        },
        "error_count": 1,
        "isCompiled": false,
        "errors": [
            "httpclient_e36adc.py:298: error: invalid syntax; you likely need to run mypy using Python 3.10 or newer  [syntax]",
            "Found 1 error in 1 file (errors prevented further checking)"
        ]
    },
    "indexing_b000ec.py": {
        "stats": {
            "total_parameters": 116,
            "parameters_with_annotations": 68
        },
        "error_count": 8,
        "isCompiled": false,
        "errors": [
            "indexing_b000ec.py:455: error: Incompatible types in assignment (expression has type \"list[Any] | None\", variable has type \"list[Any]\")  [assignment]",
            "indexing_b000ec.py:605: error: \"LocIndexerLike\" has no attribute \"_sequence_col\"  [attr-defined]",
            "indexing_b000ec.py:686: error: \"LocIndexerLike\" has no attribute \"_sequence_col\"  [attr-defined]",
            "indexing_b000ec.py:691: error: Argument 1 to \"len\" has incompatible type \"list[Any] | None\"; expected \"Sized\"  [arg-type]",
            "indexing_b000ec.py:705: error: Item \"None\" of \"list[Any] | None\" has no attribute \"__iter__\" (not iterable)  [union-attr]",
            "indexing_b000ec.py:1192: error: Incompatible return value type (got \"tuple[list[tuple[Any]], list[Any], None, bool, None]\", expected \"tuple[list[tuple[Any, ...]], list[Any] | None, list[Any] | None, bool, tuple[Any, ...] | None]\")  [return-value]",
            "indexing_b000ec.py:1297: error: Argument 2 to \"_get_from_multiindex_column\" of \"LocIndexer\" has incompatible type \"list[tuple[Any, ...]] | None\"; expected \"list[Any]\"  [arg-type]",
            "indexing_b000ec.py:1331: error: \"LocIndexer\" has no attribute \"_sequence_col\"  [attr-defined]",
            "Found 8 errors in 1 file (checked 1 source file)"
        ]
    },
    "indexing_d02a25.py": {
        "stats": {
            "total_parameters": 190,
            "parameters_with_annotations": 122
        },
        "error_count": 1,
        "isCompiled": false,
        "errors": [
            "indexing_d02a25.py:1046: error: Incompatible types in assignment (expression has type \"range\", variable has type \"list[Any]\")  [assignment]",
            "Found 1 error in 1 file (checked 1 source file)"
        ]
    },
    "initiator_fb22e8.py": {
        "stats": {
            "total_parameters": 44,
            "parameters_with_annotations": 44
        },
        "error_count": 0,
        "isCompiled": true,
        "errors": []
    },
    "initiator_manager_26765c.py": {
        "stats": {
            "total_parameters": 65,
            "parameters_with_annotations": 65
        },
        "error_count": 0,
        "isCompiled": true,
        "errors": []
    },
    "interval_941dbf.py": {
        "stats": {
            "total_parameters": 96,
            "parameters_with_annotations": 64
        },
        "error_count": 0,
        "isCompiled": true,
        "errors": []
    },
    "kedro_data_catalog_148318.py": {
        "stats": {
            "total_parameters": 86,
            "parameters_with_annotations": 50
        },
        "error_count": 0,
        "isCompiled": true,
        "errors": []
    },
    "linegen_ea8858.py": {
        "stats": {
            "total_parameters": 137,
            "parameters_with_annotations": 109
        },
        "error_count": 0,
        "isCompiled": true,
        "errors": []
    },
    "local_b588b6.py": {
        "stats": {
            "total_parameters": 72,
            "parameters_with_annotations": 52
        },
        "error_count": 20,
        "isCompiled": false,
        "errors": [
            "local_b588b6.py:74: error: Method \"get_public_upload_root_url\" is marked as an override, but no base method was found with this name  [misc]",
            "local_b588b6.py:78: error: Method \"generate_message_upload_path\" is marked as an override, but no base method was found with this name  [misc]",
            "local_b588b6.py:90: error: Method \"upload_message_attachment\" is marked as an override, but no base method was found with this name  [misc]",
            "local_b588b6.py:101: error: Method \"save_attachment_contents\" is marked as an override, but no base method was found with this name  [misc]",
            "local_b588b6.py:106: error: Method \"attachment_vips_source\" is marked as an override, but no base method was found with this name  [misc]",
            "local_b588b6.py:113: error: Method \"delete_message_attachment\" is marked as an override, but no base method was found with this name  [misc]",
            "local_b588b6.py:117: error: Method \"all_message_attachments\" is marked as an override, but no base method was found with this name  [misc]",
            "local_b588b6.py:138: error: Method \"get_avatar_url\" is marked as an override, but no base method was found with this name  [misc]",
            "local_b588b6.py:142: error: Method \"get_avatar_contents\" is marked as an override, but no base method was found with this name  [misc]",
            "local_b588b6.py:148: error: Method \"upload_single_avatar_image\" is marked as an override, but no base method was found with this name  [misc]",
            "local_b588b6.py:160: error: Method \"delete_avatar_image\" is marked as an override, but no base method was found with this name  [misc]",
            "local_b588b6.py:166: error: Method \"get_realm_icon_url\" is marked as an override, but no base method was found with this name  [misc]",
            "local_b588b6.py:170: error: Method \"upload_realm_icon_image\" is marked as an override, but no base method was found with this name  [misc]",
            "local_b588b6.py:181: error: Method \"get_realm_logo_url\" is marked as an override, but no base method was found with this name  [misc]",
            "local_b588b6.py:189: error: Method \"upload_realm_logo_image\" is marked as an override, but no base method was found with this name  [misc]",
            "local_b588b6.py:206: error: Method \"get_emoji_url\" is marked as an override, but no base method was found with this name  [misc]",
            "local_b588b6.py:224: error: Method \"upload_single_emoji_image\" is marked as an override, but no base method was found with this name  [misc]",
            "local_b588b6.py:230: error: Method \"get_export_tarball_url\" is marked as an override, but no base method was found with this name  [misc]",
            "local_b588b6.py:235: error: Method \"upload_export_tarball\" is marked as an override, but no base method was found with this name  [misc]",
            "local_b588b6.py:253: error: Method \"delete_export_tarball\" is marked as an override, but no base method was found with this name  [misc]",
            "Found 20 errors in 1 file (checked 1 source file)"
        ]
    },
    "log_67c6cb.py": {
        "stats": {
            "total_parameters": 62,
            "parameters_with_annotations": 48
        },
        "error_count": 2,
        "isCompiled": false,
        "errors": [
            "log_67c6cb.py:128: error: Argument \"action\" to \"log_with_context\" of \"AbstractEventLogger\" has incompatible type \"str | Callable[..., str]\"; expected \"str\"  [arg-type]",
            "log_67c6cb.py:277: error: Incompatible types in assignment (expression has type \"str | Literal[True]\", variable has type \"str | None\")  [assignment]",
            "Found 2 errors in 1 file (checked 1 source file)"
        ]
    },
    "log_writer_c4397a.py": {
        "stats": {
            "total_parameters": 69,
            "parameters_with_annotations": 49
        },
        "error_count": 0,
        "isCompiled": true,
        "errors": []
    },
    "managers_6d6254.py": {
        "stats": {
            "total_parameters": 292,
            "parameters_with_annotations": 178
        },
        "error_count": 12,
        "isCompiled": false,
        "errors": [
            "managers_6d6254.py:731: error: Trying to assign name \"_is_consolidated\" that is not in \"__slots__\" of type \"managers_6d6254.BaseBlockManager\"  [misc]",
            "managers_6d6254.py:1030: error: Argument 1 of \"from_blocks\" is incompatible with supertype \"BaseBlockManager\"; supertype defines the argument type as \"Sequence[Any]\"  [override]",
            "managers_6d6254.py:1030: note: This violates the Liskov substitution principle",
            "managers_6d6254.py:1030: note: See https://mypy.readthedocs.io/en/stable/common_issues.html#incompatible-overrides",
            "managers_6d6254.py:1241: error: Unsupported target for indexed assignment (\"Any | None\")  [index]",
            "managers_6d6254.py:1244: error: Unsupported target for indexed assignment (\"Any | None\")  [index]",
            "managers_6d6254.py:1606: error: Trying to assign name \"axes\" that is not in \"__slots__\" of type \"managers_6d6254.SingleBlockManager\"  [misc]",
            "managers_6d6254.py:1607: error: Trying to assign name \"blocks\" that is not in \"__slots__\" of type \"managers_6d6254.SingleBlockManager\"  [misc]",
            "managers_6d6254.py:1667: error: Trying to assign name \"axes\" that is not in \"__slots__\" of type \"managers_6d6254.SingleBlockManager\"  [misc]",
            "managers_6d6254.py:1669: error: Trying to assign name \"blocks\" that is not in \"__slots__\" of type \"managers_6d6254.SingleBlockManager\"  [misc]",
            "managers_6d6254.py:1757: error: Trying to assign name \"blocks\" that is not in \"__slots__\" of type \"managers_6d6254.SingleBlockManager\"  [misc]",
            "managers_6d6254.py:1772: error: Trying to assign name \"blocks\" that is not in \"__slots__\" of type \"managers_6d6254.SingleBlockManager\"  [misc]",
            "Found 10 errors in 1 file (checked 1 source file)"
        ]
    },
    "manifest_0eeebb.py": {
        "stats": {
            "total_parameters": 0,
            "parameters_with_annotations": 0
        },
        "error_count": 1,
        "isCompiled": false,
        "errors": [
            "manifest_0eeebb.py:364: error: invalid syntax; you likely need to run mypy using Python 3.10 or newer  [syntax]",
            "Found 1 error in 1 file (errors prevented further checking)"
        ]
    },
    "manifest_47c52e.py": {
        "stats": {
            "total_parameters": 339,
            "parameters_with_annotations": 211
        },
        "error_count": 3,
        "isCompiled": false,
        "errors": [
            "manifest_47c52e.py:1636: error: Argument 1 of \"__reduce_ex__\" is incompatible with supertype \"object\"; supertype defines the argument type as \"SupportsIndex\"  [override]",
            "manifest_47c52e.py:1636: note: This violates the Liskov substitution principle",
            "manifest_47c52e.py:1636: note: See https://mypy.readthedocs.io/en/stable/common_issues.html#incompatible-overrides",
            "Found 1 error in 1 file (checked 1 source file)"
        ]
    },
    "mediation_fee_f1a080.py": {
        "stats": {
            "total_parameters": 47,
            "parameters_with_annotations": 41
        },
        "error_count": 0,
        "isCompiled": true,
        "errors": []
    },
    "mediator_edd547.py": {
        "stats": {
            "total_parameters": 123,
            "parameters_with_annotations": 123
        },
        "error_count": 0,
        "isCompiled": true,
        "errors": []
    },
    "merge_f40757.py": {
        "stats": {
            "total_parameters": 175,
            "parameters_with_annotations": 148
        },
        "error_count": 54,
        "isCompiled": false,
        "errors": [
            "merge_f40757.py:371: error: Name \"cast\" is not defined  [name-defined]",
            "merge_f40757.py:371: note: Did you forget to import it from \"typing\"? (Suggestion: \"from typing import cast\")",
            "merge_f40757.py:761: error: Name \"cast\" is not defined  [name-defined]",
            "merge_f40757.py:761: note: Did you forget to import it from \"typing\"? (Suggestion: \"from typing import cast\")",
            "merge_f40757.py:764: error: Name \"cast\" is not defined  [name-defined]",
            "merge_f40757.py:764: note: Did you forget to import it from \"typing\"? (Suggestion: \"from typing import cast\")",
            "merge_f40757.py:768: error: Name \"cast\" is not defined  [name-defined]",
            "merge_f40757.py:768: note: Did you forget to import it from \"typing\"? (Suggestion: \"from typing import cast\")",
            "merge_f40757.py:777: error: Name \"cast\" is not defined  [name-defined]",
            "merge_f40757.py:777: note: Did you forget to import it from \"typing\"? (Suggestion: \"from typing import cast\")",
            "merge_f40757.py:785: error: Name \"cast\" is not defined  [name-defined]",
            "merge_f40757.py:785: note: Did you forget to import it from \"typing\"? (Suggestion: \"from typing import cast\")",
            "merge_f40757.py:788: error: Name \"cast\" is not defined  [name-defined]",
            "merge_f40757.py:788: note: Did you forget to import it from \"typing\"? (Suggestion: \"from typing import cast\")",
            "merge_f40757.py:798: error: Name \"cast\" is not defined  [name-defined]",
            "merge_f40757.py:798: note: Did you forget to import it from \"typing\"? (Suggestion: \"from typing import cast\")",
            "merge_f40757.py:802: error: Name \"cast\" is not defined  [name-defined]",
            "merge_f40757.py:802: note: Did you forget to import it from \"typing\"? (Suggestion: \"from typing import cast\")",
            "merge_f40757.py:818: error: Name \"cast\" is not defined  [name-defined]",
            "merge_f40757.py:818: note: Did you forget to import it from \"typing\"? (Suggestion: \"from typing import cast\")",
            "merge_f40757.py:822: error: Name \"cast\" is not defined  [name-defined]",
            "merge_f40757.py:822: note: Did you forget to import it from \"typing\"? (Suggestion: \"from typing import cast\")",
            "merge_f40757.py:857: error: Name \"cast\" is not defined  [name-defined]",
            "merge_f40757.py:857: note: Did you forget to import it from \"typing\"? (Suggestion: \"from typing import cast\")",
            "merge_f40757.py:858: error: Name \"cast\" is not defined  [name-defined]",
            "merge_f40757.py:858: note: Did you forget to import it from \"typing\"? (Suggestion: \"from typing import cast\")",
            "merge_f40757.py:977: error: Name \"cast\" is not defined  [name-defined]",
            "merge_f40757.py:977: note: Did you forget to import it from \"typing\"? (Suggestion: \"from typing import cast\")",
            "merge_f40757.py:981: error: Name \"cast\" is not defined  [name-defined]",
            "merge_f40757.py:981: note: Did you forget to import it from \"typing\"? (Suggestion: \"from typing import cast\")",
            "merge_f40757.py:1419: error: Argument 1 to \"len\" has incompatible type \"Any | Sequence[Any] | None\"; expected \"Sized\"  [arg-type]",
            "merge_f40757.py:1422: error: Unsupported left operand type for + (\"Sequence[Any]\")  [operator]",
            "merge_f40757.py:1422: note: Left operand is of type \"Any | Sequence[Any]\"",
            "merge_f40757.py:1423: error: Unsupported left operand type for + (\"Sequence[Any]\")  [operator]",
            "merge_f40757.py:1423: error: Unsupported left operand type for + (\"None\")  [operator]",
            "merge_f40757.py:1423: note: Left operand is of type \"Any | Sequence[Any] | None\"",
            "merge_f40757.py:1484: error: Unsupported operand types for < (\"timedelta\" and \"int\")  [operator]",
            "merge_f40757.py:1484: note: Left operand is of type \"int | timedelta\"",
            "merge_f40757.py:1490: error: Unsupported operand types for < (\"timedelta\" and \"int\")  [operator]",
            "merge_f40757.py:1490: note: Left operand is of type \"int | timedelta\"",
            "merge_f40757.py:1537: error: Item \"int\" of \"int | timedelta | None\" has no attribute \"as_unit\"  [union-attr]",
            "merge_f40757.py:1537: error: Item \"timedelta\" of \"int | timedelta | None\" has no attribute \"as_unit\"  [union-attr]",
            "merge_f40757.py:1537: error: Item \"None\" of \"int | timedelta | None\" has no attribute \"as_unit\"  [union-attr]",
            "merge_f40757.py:1539: error: Item \"int\" of \"int | timedelta | None\" has no attribute \"_value\"  [union-attr]",
            "merge_f40757.py:1539: error: Item \"timedelta\" of \"int | timedelta | None\" has no attribute \"_value\"  [union-attr]",
            "merge_f40757.py:1539: error: Item \"None\" of \"int | timedelta | None\" has no attribute \"_value\"  [union-attr]",
            "merge_f40757.py:1578: error: \"None\" not callable  [misc]",
            "merge_f40757.py:1588: error: \"None\" not callable  [misc]",
            "merge_f40757.py:1674: error: Name \"cast\" is not defined  [name-defined]",
            "merge_f40757.py:1674: note: Did you forget to import it from \"typing\"? (Suggestion: \"from typing import cast\")",
            "merge_f40757.py:1675: error: Name \"cast\" is not defined  [name-defined]",
            "merge_f40757.py:1675: note: Did you forget to import it from \"typing\"? (Suggestion: \"from typing import cast\")",
            "merge_f40757.py:1676: error: Name \"cast\" is not defined  [name-defined]",
            "merge_f40757.py:1676: note: Did you forget to import it from \"typing\"? (Suggestion: \"from typing import cast\")",
            "Found 32 errors in 1 file (checked 1 source file)"
        ]
    },
    "message_6587fb.py": {
        "stats": {
            "total_parameters": 97,
            "parameters_with_annotations": 97
        },
        "error_count": 0,
        "isCompiled": true,
        "errors": []
    },
    "message_cache_dbda93.py": {
        "stats": {
            "total_parameters": 49,
            "parameters_with_annotations": 49
        },
        "error_count": 0,
        "isCompiled": true,
        "errors": []
    },
    "message_edit_6be856.py": {
        "stats": {
            "total_parameters": 61,
            "parameters_with_annotations": 61
        },
        "error_count": 0,
        "isCompiled": true,
        "errors": []
    },
    "message_send_b7048c.py": {
        "stats": {
            "total_parameters": 156,
            "parameters_with_annotations": 155
        },
        "error_count": 5,
        "isCompiled": false,
        "errors": [
            "message_send_b7048c.py:200: error: Name \"TypedDict\" is not defined  [name-defined]",
            "message_send_b7048c.py:450: error: Name \"logging\" is not defined  [name-defined]",
            "message_send_b7048c.py:873: error: Name \"TypedDict\" is not defined  [name-defined]",
            "message_send_b7048c.py:883: error: Incompatible types in assignment (expression has type \"dict[str, Any]\", variable has type \"UserData\")  [assignment]",
            "message_send_b7048c.py:1606: error: Name \"logging\" is not defined  [name-defined]",
            "Found 5 errors in 1 file (checked 1 source file)"
        ]
    },
    "_arrow_string_mixins_7654a8.py": {
        "stats": {
            "total_parameters": 82,
            "parameters_with_annotations": 46
        },
        "error_count": 0,
        "isCompiled": true,
        "errors": []
    },
    "_client_5a9e7d.py": {
        "stats": {
            "total_parameters": 0,
            "parameters_with_annotations": 0
        },
        "error_count": 1,
        "isCompiled": false,
        "errors": [
            "_client_5a9e7d.py:1: error: unexpected indent  [syntax]",
            "Found 1 error in 1 file (errors prevented further checking)"
        ]
    },
    "_compat_bfcdb3.py": {
        "stats": {
            "total_parameters": 56,
            "parameters_with_annotations": 47
        },
        "error_count": 25,
        "isCompiled": false,
        "errors": [
            "_compat_bfcdb3.py:449: error: All conditional function variants must have identical signatures  [misc]",
            "_compat_bfcdb3.py:449: note: Original:",
            "_compat_bfcdb3.py:449: note:     def _model_rebuild(model: Any) -> None",
            "_compat_bfcdb3.py:449: note: Redefinition:",
            "_compat_bfcdb3.py:449: note:     def _model_rebuild(model: type[Any]) -> None",
            "_compat_bfcdb3.py:452: error: All conditional function variants must have identical signatures  [misc]",
            "_compat_bfcdb3.py:452: note: Original:",
            "_compat_bfcdb3.py:452: note:     def _model_dump(model: Any, mode: Literal['json', 'python'] = ..., **kwargs: Any) -> Any",
            "_compat_bfcdb3.py:452: note: Redefinition:",
            "_compat_bfcdb3.py:452: note:     def _model_dump(model: Any, mode: str = ..., **kwargs: Any) -> Any",
            "_compat_bfcdb3.py:455: error: All conditional function variants must have identical signatures  [misc]",
            "_compat_bfcdb3.py:455: note: Original:",
            "_compat_bfcdb3.py:455: note:     def _get_model_config(model: Any) -> Any",
            "_compat_bfcdb3.py:455: note: Redefinition:",
            "_compat_bfcdb3.py:455: note:     def _get_model_config(model: type[Any]) -> Any",
            "_compat_bfcdb3.py:458: error: All conditional function variants must have identical signatures  [misc]",
            "_compat_bfcdb3.py:458: note: Original:",
            "_compat_bfcdb3.py:458: note:     def get_schema_from_model_field(*, field: ModelField, schema_generator: Any, model_name_map: Any, field_mapping: Mapping[tuple[ModelField, Literal['validation', 'serialization']], Any], separate_input_output_schemas: bool = ...) -> dict[str, Any]",
            "_compat_bfcdb3.py:458: note: Redefinition:",
            "_compat_bfcdb3.py:458: note:     def get_schema_from_model_field(*, field: ModelField, schema_generator: Any, model_name_map: Any, field_mapping: Any, separate_input_output_schemas: bool = ...) -> dict[str, Any]",
            "_compat_bfcdb3.py:518: error: All conditional function variants must have identical signatures  [misc]",
            "_compat_bfcdb3.py:518: note: Original:",
            "_compat_bfcdb3.py:518: note:     def create_body_model(*, fields: list[ModelField], model_name: str) -> type[Any]",
            "_compat_bfcdb3.py:518: note: Redefinition:",
            "_compat_bfcdb3.py:518: note:     def create_body_model(*, fields: Sequence[ModelField], model_name: str) -> type[Any]",
            "Found 5 errors in 1 file (checked 1 source file)"
        ]
    },
    "_misc_3826f1.py": {
        "stats": {
            "total_parameters": 59,
            "parameters_with_annotations": 51
        },
        "error_count": 0,
        "isCompiled": true,
        "errors": []
    },
    "_models_dd672f.py": {
        "stats": {
            "total_parameters": 142,
            "parameters_with_annotations": 60
        },
        "error_count": 8,
        "isCompiled": false,
        "errors": [
            "_models_dd672f.py:1070: error: Signature of \"get\" incompatible with supertype \"Mapping\"  [override]",
            "_models_dd672f.py:1070: note:      Superclass:",
            "_models_dd672f.py:1070: note:          @overload",
            "_models_dd672f.py:1070: note:          def get(self, str, /) -> str | None",
            "_models_dd672f.py:1070: note:          @overload",
            "_models_dd672f.py:1070: note:          def [_T] get(self, str, /, default: str | _T) -> str | _T",
            "_models_dd672f.py:1070: note:      Subclass:",
            "_models_dd672f.py:1070: note:          def get(self, name: str, default: Any = ..., domain: str | None = ..., path: str | None = ...) -> str | None",
            "Found 1 error in 1 file (checked 1 source file)"
        ]
    },
    "_parser_ad554d.py": {
        "stats": {
            "total_parameters": 78,
            "parameters_with_annotations": 70
        },
        "error_count": 0,
        "isCompiled": true,
        "errors": []
    },
    "__init___4ea406.py": {
        "stats": {
            "total_parameters": 73,
            "parameters_with_annotations": 52
        },
        "error_count": 0,
        "isCompiled": true,
        "errors": []
    },
    "__init___7dd003.py": {
        "stats": {
            "total_parameters": 64,
            "parameters_with_annotations": 64
        },
        "error_count": 0,
        "isCompiled": true,
        "errors": []
    },
    "__init___ee7b0d.py": {
        "stats": {
            "total_parameters": 36,
            "parameters_with_annotations": 36
        },
        "error_count": 0,
        "isCompiled": true,
        "errors": []
    }
}