{
    "accessories_b90bda.py": {
        "stats": {
            "total_parameters": 57,
            "parameters_with_annotations": 37
        },
        "error_count": 0,
        "isCompiled": true,
        "errors": []
    },
    "accessor_9a03f0.py": {
        "stats": {
            "total_parameters": 178,
            "parameters_with_annotations": 29
        },
        "error_count": 0,
        "isCompiled": true,
        "errors": []
    },
    "aiokafka_d62f1d.py": {
        "stats": {
            "total_parameters": 93,
            "parameters_with_annotations": 46
        },
        "error_count": 1,
        "isCompiled": false,
        "errors": [
            "aiokafka_d62f1d.py:900: error: Cannot determine type of \"partitioner\"  [has-type]",
            "Found 1 error in 1 file (checked 1 source file)"
        ]
    },
    "algorithms_faa87b.py": {
        "stats": {
            "total_parameters": 70,
            "parameters_with_annotations": 68
        },
        "error_count": 1,
        "isCompiled": false,
        "errors": [
            "algorithms_faa87b.py:1332: error: \"int\" has no attribute \"is_integer\"  [attr-defined]",
            "Found 1 error in 1 file (checked 1 source file)"
        ]
    },
    "api_cbdcbd.py": {
        "stats": {
            "total_parameters": 49,
            "parameters_with_annotations": 49
        },
        "error_count": 1,
        "isCompiled": false,
        "errors": [
            "api_cbdcbd.py:145: error: Module has no attribute \"timeout\"  [attr-defined]",
            "Found 1 error in 1 file (checked 1 source file)"
        ]
    },
    "api_tests_78614f.py": {
        "stats": {
            "total_parameters": 94,
            "parameters_with_annotations": 94
        },
        "error_count": 0,
        "isCompiled": true,
        "errors": []
    },
    "api_test_5baf5c.py": {
        "stats": {
            "total_parameters": 172,
            "parameters_with_annotations": 172
        },
        "error_count": 0,
        "isCompiled": true,
        "errors": []
    },
    "appgraph_e5732d.py": {
        "stats": {
            "total_parameters": 126,
            "parameters_with_annotations": 91
        },
        "error_count": 0,
        "isCompiled": true,
        "errors": []
    },
    "applications_c5af27.py": {
        "stats": {
            "total_parameters": 54,
            "parameters_with_annotations": 40
        },
        "error_count": 1,
        "isCompiled": false,
        "errors": [
            "applications_c5af27.py:99: error: Tuple type expected for multiple variables  [misc]",
            "Found 1 error in 1 file (checked 1 source file)"
        ]
    },
    "app_c89ec6.py": {
        "stats": {
            "total_parameters": 103,
            "parameters_with_annotations": 40
        },
        "error_count": 0,
        "isCompiled": true,
        "errors": []
    },
    "app_e5f00c.py": {
        "stats": {
            "total_parameters": 44,
            "parameters_with_annotations": 44
        },
        "error_count": 0,
        "isCompiled": true,
        "errors": []
    },
    "asserters_700def.py": {
        "stats": {
            "total_parameters": 129,
            "parameters_with_annotations": 129
        },
        "error_count": 5,
        "isCompiled": false,
        "errors": [
            "asserters_700def.py:113: error: Argument \"check_dtype\" to \"assert_series_equal\" has incompatible type \"bool | Literal['equiv']\"; expected \"bool\"  [arg-type]",
            "asserters_700def.py:124: error: Argument \"check_dtype\" to \"assert_frame_equal\" has incompatible type \"bool | Literal['equiv']\"; expected \"bool\"  [arg-type]",
            "asserters_700def.py:488: error: Argument \"exact\" to \"assert_index_equal\" has incompatible type \"bool | str\"; expected \"bool | Literal['equiv']\"  [arg-type]",
            "asserters_700def.py:500: error: Argument \"exact\" to \"assert_index_equal\" has incompatible type \"bool | str\"; expected \"bool | Literal['equiv']\"  [arg-type]",
            "asserters_700def.py:505: error: Argument \"exact\" to \"assert_index_equal\" has incompatible type \"bool | str\"; expected \"bool | Literal['equiv']\"  [arg-type]",
            "Found 5 errors in 1 file (checked 1 source file)"
        ]
    },
    "attention_module_7f6559.py": {
        "stats": {
            "total_parameters": 94,
            "parameters_with_annotations": 78
        },
        "error_count": 3,
        "isCompiled": false,
        "errors": [
            "attention_module_7f6559.py:243: error: Incompatible return value type (got \"tuple[Any, Tensor | None]\", expected \"tuple[Tensor, Tensor]\")  [return-value]",
            "attention_module_7f6559.py:355: error: Incompatible types in assignment (expression has type \"None\", variable has type \"Tensor\")  [assignment]",
            "attention_module_7f6559.py:505: error: Argument \"attention_mask\" to \"forward\" of \"AttentionModule\" has incompatible type \"Tensor | None\"; expected \"BoolTensor | None\"  [arg-type]",
            "Found 3 errors in 1 file (checked 1 source file)"
        ]
    },
    "auth_d8f17e.py": {
        "stats": {
            "total_parameters": 55,
            "parameters_with_annotations": 40
        },
        "error_count": 2,
        "isCompiled": false,
        "errors": [
            "auth_d8f17e.py:183: error: Incompatible types in assignment (expression has type \"set[str]\", variable has type \"list[str]\")  [assignment]",
            "auth_d8f17e.py:186: error: Unsupported left operand type for - (\"list[str]\")  [operator]",
            "Found 2 errors in 1 file (checked 1 source file)"
        ]
    },
    "awsclient_860c67.py": {
        "stats": {
            "total_parameters": 417,
            "parameters_with_annotations": 293
        },
        "error_count": 0,
        "isCompiled": true,
        "errors": []
    },
    "base_6106b5.py": {
        "stats": {
            "total_parameters": 160,
            "parameters_with_annotations": 57
        },
        "error_count": 15,
        "isCompiled": false,
        "errors": [
            "base_6106b5.py:494: error: Cannot determine type of \"on_before_configured\"  [has-type]",
            "base_6106b5.py:495: error: Cannot determine type of \"on_configured\"  [has-type]",
            "base_6106b5.py:497: error: Cannot determine type of \"on_after_configured\"  [has-type]",
            "base_6106b5.py:499: error: Cannot determine type of \"on_partitions_assigned\"  [has-type]",
            "base_6106b5.py:501: error: Cannot determine type of \"on_partitions_revoked\"  [has-type]",
            "base_6106b5.py:502: error: Cannot determine type of \"on_worker_init\"  [has-type]",
            "base_6106b5.py:504: error: Cannot determine type of \"on_rebalance_complete\"  [has-type]",
            "base_6106b5.py:506: error: Cannot determine type of \"on_before_shutdown\"  [has-type]",
            "base_6106b5.py:508: error: Cannot determine type of \"on_produce_message\"  [has-type]",
            "base_6106b5.py:581: error: Cannot determine type of \"finalized\"  [has-type]",
            "base_6106b5.py:581: error: Cannot determine type of \"configured\"  [has-type]",
            "base_6106b5.py:583: error: Cannot determine type of \"configured\"  [has-type]",
            "base_6106b5.py:588: error: Cannot determine type of \"finalized\"  [has-type]",
            "base_6106b5.py:1052: error: Function \"fun\" could always be true in boolean context  [truthy-function]",
            "base_6106b5.py:1386: error: Unsupported target for indexed assignment (\"Mapping[str, Any]\")  [index]",
            "Found 15 errors in 1 file (checked 1 source file)"
        ]
    },
    "base_6a0ea7.py": {
        "stats": {
            "total_parameters": 70,
            "parameters_with_annotations": 47
        },
        "error_count": 0,
        "isCompiled": true,
        "errors": []
    },
    "base_949c11.py": {
        "stats": {
            "total_parameters": 159,
            "parameters_with_annotations": 111
        },
        "error_count": 0,
        "isCompiled": true,
        "errors": []
    },
    "base_9c14fc.py": {
        "stats": {
            "total_parameters": 114,
            "parameters_with_annotations": 58
        },
        "error_count": 0,
        "isCompiled": true,
        "errors": []
    },
    "base_b5c467.py": {
        "stats": {
            "total_parameters": 87,
            "parameters_with_annotations": 56
        },
        "error_count": 0,
        "isCompiled": true,
        "errors": []
    },
    "base_bb93b4.py": {
        "stats": {
            "total_parameters": 128,
            "parameters_with_annotations": 77
        },
        "error_count": 0,
        "isCompiled": true,
        "errors": []
    },
    "base_tests_a1e90e.py": {
        "stats": {
            "total_parameters": 119,
            "parameters_with_annotations": 94
        },
        "error_count": 0,
        "isCompiled": true,
        "errors": []
    },
    "beam_search_b3623d.py": {
        "stats": {
            "total_parameters": 131,
            "parameters_with_annotations": 97
        },
        "error_count": 1,
        "isCompiled": false,
        "errors": [
            "beam_search_b3623d.py:596: error: Incompatible types in assignment (expression has type \"int | float\", variable has type \"int\")  [assignment]",
            "Found 1 error in 1 file (checked 1 source file)"
        ]
    },
    "blocks_3a122c.py": {
        "stats": {
            "total_parameters": 211,
            "parameters_with_annotations": 126
        },
        "error_count": 2,
        "isCompiled": false,
        "errors": [
            "blocks_3a122c.py:229: error: Trying to assign name \"_mgr_locs\" that is not in \"__slots__\" of type \"blocks_3a122c.Block\"  [misc]",
            "blocks_3a122c.py:350: error: Too few arguments  [call-arg]",
            "Found 2 errors in 1 file (checked 1 source file)"
        ]
    },
    "btanalysis_7decb4.py": {
        "stats": {
            "total_parameters": 50,
            "parameters_with_annotations": 50
        },
        "error_count": 1,
        "isCompiled": false,
        "errors": [
            "btanalysis_7decb4.py:151: error: Item \"str\" of \"Path | str\" has no attribute \"open\"  [union-attr]",
            "Found 1 error in 1 file (checked 1 source file)"
        ]
    },
    "cache_83a043.py": {
        "stats": {
            "total_parameters": 84,
            "parameters_with_annotations": 82
        },
        "error_count": 2,
        "isCompiled": false,
        "errors": [
            "cache_83a043.py:699: error: \"Callable[ParamT, ReturnT]\" has no attribute \"cache_info\"  [attr-defined]",
            "cache_83a043.py:700: error: \"Callable[ParamT, ReturnT]\" has no attribute \"cache_clear\"  [attr-defined]",
            "Found 2 errors in 1 file (checked 1 source file)"
        ]
    },
    "call_824067.py": {
        "stats": {
            "total_parameters": 68,
            "parameters_with_annotations": 50
        },
        "error_count": 0,
        "isCompiled": true,
        "errors": []
    },
    "channels_8e6ab8.py": {
        "stats": {
            "total_parameters": 77,
            "parameters_with_annotations": 44
        },
        "error_count": 0,
        "isCompiled": true,
        "errors": []
    },
    "channel_43e477.py": {
        "stats": {
            "total_parameters": 270,
            "parameters_with_annotations": 270
        },
        "error_count": 1,
        "isCompiled": false,
        "errors": [
            "channel_43e477.py:1722: error: Name \"is_valid_withdraw_expired\" is not defined  [name-defined]",
            "Found 1 error in 1 file (checked 1 source file)"
        ]
    },
    "classification_92cb06.py": {
        "stats": {
            "total_parameters": 63,
            "parameters_with_annotations": 63
        },
        "error_count": 0,
        "isCompiled": true,
        "errors": []
    },
    "client_1e3c0a.py": {
        "stats": {
            "total_parameters": 55,
            "parameters_with_annotations": 41
        },
        "error_count": 0,
        "isCompiled": true,
        "errors": []
    },
    "common_4a17c0.py": {
        "stats": {
            "total_parameters": 41,
            "parameters_with_annotations": 41
        },
        "error_count": 3,
        "isCompiled": false,
        "errors": [
            "common_4a17c0.py:110: error: Incompatible types in assignment (expression has type \"str\", target has type \"bool\")  [assignment]",
            "common_4a17c0.py:126: error: Incompatible types in assignment (expression has type \"str\", target has type \"float\")  [assignment]",
            "common_4a17c0.py:218: error: Incompatible types in assignment (expression has type \"float\", target has type \"str\")  [assignment]",
            "Found 3 errors in 1 file (checked 1 source file)"
        ]
    },
    "compilation_283ca2.py": {
        "stats": {
            "total_parameters": 83,
            "parameters_with_annotations": 58
        },
        "error_count": 0,
        "isCompiled": true,
        "errors": []
    },
    "confluent_3b2473.py": {
        "stats": {
            "total_parameters": 58,
            "parameters_with_annotations": 36
        },
        "error_count": 2,
        "isCompiled": false,
        "errors": [
            "confluent_3b2473.py:434: error: Unexpected keyword argument \"timeout\"  [call-arg]",
            "confluent_3b2473.py:435: error: Unexpected keyword argument \"timeout\"  [call-arg]",
            "Found 2 errors in 1 file (checked 1 source file)"
        ]
    },
    "construction_4e8f89.py": {
        "stats": {
            "total_parameters": 60,
            "parameters_with_annotations": 60
        },
        "error_count": 0,
        "isCompiled": true,
        "errors": []
    },
    "consumer_fa3d87.py": {
        "stats": {
            "total_parameters": 0,
            "parameters_with_annotations": 0
        },
        "error_count": 1,
        "isCompiled": false,
        "errors": [
            "consumer_fa3d87.py:461: error: invalid syntax; you likely need to run mypy using Python 3.10 or newer  [syntax]",
            "Found 1 error in 1 file (errors prevented further checking)"
        ]
    },
    "context_config_b7e80b.py": {
        "stats": {
            "total_parameters": 93,
            "parameters_with_annotations": 64
        },
        "error_count": 1,
        "isCompiled": false,
        "errors": [
            "context_config_b7e80b.py:33: error: Missing return statement  [empty-body]",
            "Found 1 error in 1 file (checked 1 source file)"
        ]
    },
    "coordinator_e4c72e.py": {
        "stats": {
            "total_parameters": 53,
            "parameters_with_annotations": 36
        },
        "error_count": 0,
        "isCompiled": true,
        "errors": []
    },
    "cover_ccbdb1.py": {
        "stats": {
            "total_parameters": 134,
            "parameters_with_annotations": 66
        },
        "error_count": 5,
        "isCompiled": false,
        "errors": [
            "cover_ccbdb1.py:596: error: Cannot determine type of \"_attr_unique_id\"  [has-type]",
            "cover_ccbdb1.py:633: error: Cannot determine type of \"_attr_unique_id\"  [has-type]",
            "cover_ccbdb1.py:733: error: Cannot determine type of \"_attr_unique_id\"  [has-type]",
            "cover_ccbdb1.py:792: error: Cannot determine type of \"_attr_unique_id\"  [has-type]",
            "cover_ccbdb1.py:848: error: Cannot determine type of \"_attr_unique_id\"  [has-type]",
            "Found 5 errors in 1 file (checked 1 source file)"
        ]
    },
    "create_user_36a545.py": {
        "stats": {
            "total_parameters": 40,
            "parameters_with_annotations": 40
        },
        "error_count": 0,
        "isCompiled": true,
        "errors": []
    },
    "create_user_5beae0.py": {
        "stats": {
            "total_parameters": 39,
            "parameters_with_annotations": 39
        },
        "error_count": 1,
        "isCompiled": false,
        "errors": [
            "create_user_5beae0.py:146: error: Incompatible types in assignment (expression has type \"None\", variable has type \"str\")  [assignment]",
            "Found 1 error in 1 file (checked 1 source file)"
        ]
    },
    "custom_profile_fields_ccef17.py": {
        "stats": {
            "total_parameters": 36,
            "parameters_with_annotations": 36
        },
        "error_count": 0,
        "isCompiled": true,
        "errors": []
    },
    "dataclasses_a27d2a.py": {
        "stats": {
            "total_parameters": 47,
            "parameters_with_annotations": 36
        },
        "error_count": 11,
        "isCompiled": false,
        "errors": [
            "dataclasses_a27d2a.py:58: error: Name \"TYPE_CHECKING\" is not defined  [name-defined]",
            "dataclasses_a27d2a.py:88: error: A function returning TypeVar should receive at least one argument containing the same TypeVar  [type-var]",
            "dataclasses_a27d2a.py:88: note: Consider using the upper bound \"Dataclass\" instead",
            "dataclasses_a27d2a.py:214: error: No overload variant of \"dataclass\" matches argument types \"type[_T]\", \"Any\", \"Any\", \"Any\", \"Any\", \"bool\", \"Any\", \"bool\"  [call-overload]",
            "dataclasses_a27d2a.py:214: note: Possible overload variants:",
            "dataclasses_a27d2a.py:214: note:     def dataclass(None, /) -> Callable[[type[_T]], type[_T]]",
            "dataclasses_a27d2a.py:214: note:     def [_T] dataclass(type[_T], /) -> type[_T]",
            "dataclasses_a27d2a.py:214: note:     def dataclass(*, init: bool = ..., repr: bool = ..., eq: bool = ..., order: bool = ..., unsafe_hash: bool = ..., frozen: bool = ..., match_args: bool = ..., kw_only: bool = ..., slots: bool = ...) -> Callable[[type[_T]], type[_T]]",
            "dataclasses_a27d2a.py:367: error: A function returning TypeVar should receive at least one argument containing the same TypeVar  [type-var]",
            "dataclasses_a27d2a.py:367: note: Consider using the upper bound \"Dataclass\" instead",
            "dataclasses_a27d2a.py:503: error: Argument 1 to \"_get_validators\" has incompatible type \"type[Dataclass] | DataclassProxy\"; expected \"type[Any]\"  [arg-type]",
            "Found 5 errors in 1 file (checked 1 source file)"
        ]
    },
    "datadog_c5ba7b.py": {
        "stats": {
            "total_parameters": 131,
            "parameters_with_annotations": 93
        },
        "error_count": 0,
        "isCompiled": true,
        "errors": []
    },
    "dataprovider_a0d211.py": {
        "stats": {
            "total_parameters": 85,
            "parameters_with_annotations": 58
        },
        "error_count": 0,
        "isCompiled": true,
        "errors": []
    },
    "datastructures_0a7b11.py": {
        "stats": {
            "total_parameters": 142,
            "parameters_with_annotations": 54
        },
        "error_count": 3,
        "isCompiled": false,
        "errors": [
            "datastructures_0a7b11.py:507: error: Return type \"list[str]\" of \"keys\" incompatible with return type \"KeysView[str]\" in supertype \"Mapping\"  [override]",
            "datastructures_0a7b11.py:510: error: Return type \"list[str]\" of \"values\" incompatible with return type \"ValuesView[str]\" in supertype \"Mapping\"  [override]",
            "datastructures_0a7b11.py:513: error: Return type \"list[tuple[str, str]]\" of \"items\" incompatible with return type \"ItemsView[str, str]\" in supertype \"Mapping\"  [override]",
            "Found 3 errors in 1 file (checked 1 source file)"
        ]
    },
    "data_catalog_8d7fcf.py": {
        "stats": {
            "total_parameters": 59,
            "parameters_with_annotations": 36
        },
        "error_count": 1,
        "isCompiled": false,
        "errors": [
            "data_catalog_8d7fcf.py:182: error: \"object\" has no attribute \"_datasets\"  [attr-defined]",
            "Found 1 error in 1 file (checked 1 source file)"
        ]
    },
    "debug_info_f902e5.py": {
        "stats": {
            "total_parameters": 36,
            "parameters_with_annotations": 36
        },
        "error_count": 2,
        "isCompiled": false,
        "errors": [
            "debug_info_f902e5.py:162: error: Module has no attribute \"UTC\"  [attr-defined]",
            "debug_info_f902e5.py:181: error: Module has no attribute \"UTC\"  [attr-defined]",
            "Found 2 errors in 1 file (checked 1 source file)"
        ]
    },
    "dockerutils_6badca.py": {
        "stats": {
            "total_parameters": 55,
            "parameters_with_annotations": 42
        },
        "error_count": 1,
        "isCompiled": false,
        "errors": [
            "dockerutils_6badca.py:253: error: Argument 1 to \"__exit__\" of \"TemporaryDirectory\" has incompatible type \"BaseException | None\"; expected \"type[BaseException] | None\"  [arg-type]",
            "Found 1 error in 1 file (checked 1 source file)"
        ]
    },
    "email_mirror_590460.py": {
        "stats": {
            "total_parameters": 52,
            "parameters_with_annotations": 49
        },
        "error_count": 3,
        "isCompiled": false,
        "errors": [
            "email_mirror_590460.py:349: error: Argument 3 to \"sub\" has incompatible type \"str | None\"; expected \"str\"  [arg-type]",
            "email_mirror_590460.py:566: error: Method \"key\" is marked as an override, but no base method was found with this name  [misc]",
            "email_mirror_590460.py:570: error: Method \"rules\" is marked as an override, but no base method was found with this name  [misc]",
            "Found 3 errors in 1 file (checked 1 source file)"
        ]
    },
    "evaluators_b911b8.py": {
        "stats": {
            "total_parameters": 124,
            "parameters_with_annotations": 124
        },
        "error_count": 0,
        "isCompiled": true,
        "errors": []
    },
    "event_schema_4d75fe.py": {
        "stats": {
            "total_parameters": 67,
            "parameters_with_annotations": 67
        },
        "error_count": 0,
        "isCompiled": true,
        "errors": []
    },
    "ewm_ef0fa0.py": {
        "stats": {
            "total_parameters": 93,
            "parameters_with_annotations": 72
        },
        "error_count": 3,
        "isCompiled": false,
        "errors": [
            "ewm_ef0fa0.py:339: note: \"__init__\" of \"ExponentialMovingWindow\" defined here",
            "ewm_ef0fa0.py:465: error: Argument \"engine\" to \"OnlineExponentialMovingWindow\" has incompatible type \"str | None\"; expected \"str\"  [arg-type]",
            "ewm_ef0fa0.py:924: error: Unexpected keyword argument \"_grouper\" for \"__init__\" of \"ExponentialMovingWindow\"  [call-arg]",
            "Found 2 errors in 1 file (checked 1 source file)"
        ]
    },
    "excel_26f18f.py": {
        "stats": {
            "total_parameters": 0,
            "parameters_with_annotations": 0
        },
        "error_count": 1,
        "isCompiled": false,
        "errors": [
            "excel_26f18f.py:69: error: invalid syntax; you likely need to run mypy using Python 3.10 or newer  [syntax]",
            "Found 1 error in 1 file (errors prevented further checking)"
        ]
    },
    "exceptions_c3abb4.py": {
        "stats": {
            "total_parameters": 62,
            "parameters_with_annotations": 40
        },
        "error_count": 0,
        "isCompiled": true,
        "errors": []
    },
    "exposed_entities_a550ba.py": {
        "stats": {
            "total_parameters": 77,
            "parameters_with_annotations": 60
        },
        "error_count": 0,
        "isCompiled": true,
        "errors": []
    },
    "factory_7a7586.py": {
        "stats": {
            "total_parameters": 65,
            "parameters_with_annotations": 46
        },
        "error_count": 7,
        "isCompiled": false,
        "errors": [
            "factory_7a7586.py:99: error: Value of type \"tuple[object, ...] | Mapping[str, object] | None\" is not indexable  [index]",
            "factory_7a7586.py:99: error: Item \"object\" of \"object | Any\" has no attribute \"name\"  [union-attr]",
            "factory_7a7586.py:99: error: Invalid index type \"int\" for \"tuple[object, ...] | Mapping[str, object] | None\"; expected type \"str\"  [index]",
            "factory_7a7586.py:105: error: Invalid index type \"slice\" for \"tuple[object, ...] | Mapping[str, object] | None\"; expected type \"str\"  [index]",
            "factory_7a7586.py:105: error: Value of type \"tuple[object, ...] | Mapping[str, object] | None\" is not indexable  [index]",
            "factory_7a7586.py:105: error: Unsupported left operand type for + (\"object\")  [operator]",
            "factory_7a7586.py:105: note: Left operand is of type \"object | Any\"",
            "Found 6 errors in 1 file (checked 1 source file)"
        ]
    },
    "fields_c8e6d9.py": {
        "stats": {
            "total_parameters": 84,
            "parameters_with_annotations": 51
        },
        "error_count": 1,
        "isCompiled": false,
        "errors": [
            "fields_c8e6d9.py:427: error: invalid syntax; you likely need to run mypy using Python 3.10 or newer  [syntax]",
            "Found 1 error in 1 file (errors prevented further checking)"
        ]
    },
    "flow_engine_887be2.py": {
        "stats": {
            "total_parameters": 74,
            "parameters_with_annotations": 47
        },
        "error_count": 20,
        "isCompiled": false,
        "errors": [
            "flow_engine_887be2.py:325: error: Item \"None\" of \"Any | None\" has no attribute \"id\"  [union-attr]",
            "flow_engine_887be2.py:606: error: \"Logger\" has no attribute \"extra\"  [attr-defined]",
            "flow_engine_887be2.py:676: error: Argument 1 to \"handle_crash\" of \"FlowRunEngine\" has incompatible type \"BaseException\"; expected \"Exception\"  [arg-type]",
            "flow_engine_887be2.py:713: error: Item \"None\" of \"Any | None\" has no attribute \"name\"  [union-attr]",
            "flow_engine_887be2.py:733: error: Incompatible return value type (got \"Coroutine[Any, Any, None]\", expected \"R | Coroutine[Any, Any, R]\")  [return-value]",
            "flow_engine_887be2.py:835: error: Item \"None\" of \"Any | None\" has no attribute \"id\"  [union-attr]",
            "flow_engine_887be2.py:1106: error: \"Logger\" has no attribute \"extra\"  [attr-defined]",
            "flow_engine_887be2.py:1180: error: Argument 1 to \"handle_crash\" of \"AsyncFlowRunEngine\" has incompatible type \"BaseException\"; expected \"Exception\"  [arg-type]",
            "flow_engine_887be2.py:1217: error: Item \"None\" of \"Any | None\" has no attribute \"name\"  [union-attr]",
            "flow_engine_887be2.py:1235: error: Incompatible return value type (got \"R\", expected \"Coroutine[Any, Any, R]\")  [return-value]",
            "flow_engine_887be2.py:1246: error: ParamSpec \"P\" is unbound  [valid-type]",
            "flow_engine_887be2.py:1270: error: ParamSpec \"P\" is unbound  [valid-type]",
            "flow_engine_887be2.py:1281: error: Value of type \"Coroutine[Any, Any, R]\" must be used  [unused-coroutine]",
            "flow_engine_887be2.py:1281: note: Are you missing an await?",
            "flow_engine_887be2.py:1297: error: ParamSpec \"P\" is unbound  [valid-type]",
            "flow_engine_887be2.py:1320: error: Argument 1 to \"handle_success\" of \"FlowRunEngine\" has incompatible type \"None\"; expected \"R\"  [arg-type]",
            "flow_engine_887be2.py:1323: error: No return value expected  [return-value]",
            "flow_engine_887be2.py:1337: error: ParamSpec \"P\" is unbound  [valid-type]",
            "flow_engine_887be2.py:1358: error: Argument 1 to \"handle_success\" of \"AsyncFlowRunEngine\" has incompatible type \"None\"; expected \"R\"  [arg-type]",
            "flow_engine_887be2.py:1498: error: \"BaseContext\" has no attribute \"Process\"  [attr-defined]",
            "Found 19 errors in 1 file (checked 1 source file)"
        ]
    },
    "format_84da8c.py": {
        "stats": {
            "total_parameters": 199,
            "parameters_with_annotations": 141
        },
        "error_count": 37,
        "isCompiled": false,
        "errors": [
            "format_84da8c.py:237: error: Name \"cast\" is not defined  [name-defined]",
            "format_84da8c.py:237: note: Did you forget to import it from \"typing\"? (Suggestion: \"from typing import cast\")",
            "format_84da8c.py:241: error: Value of type variable \"SupportsRichComparisonT\" of \"min\" cannot be \"int | None\"  [type-var]",
            "format_84da8c.py:246: error: Unsupported operand types for // (\"None\" and \"int\")  [operator]",
            "format_84da8c.py:246: note: Left operand is of type \"int | None\"",
            "format_84da8c.py:329: error: Name \"cast\" is not defined  [name-defined]",
            "format_84da8c.py:329: note: Did you forget to import it from \"typing\"? (Suggestion: \"from typing import cast\")",
            "format_84da8c.py:330: error: Unsupported operand types for - (\"None\" and \"int\")  [operator]",
            "format_84da8c.py:330: note: Left operand is of type \"int | None\"",
            "format_84da8c.py:338: error: Unsupported operand types for + (\"None\" and \"int\")  [operator]",
            "format_84da8c.py:338: note: Left operand is of type \"int | None\"",
            "format_84da8c.py:339: error: Unsupported operand types for + (\"None\" and \"int\")  [operator]",
            "format_84da8c.py:339: note: Left operand is of type \"int | None\"",
            "format_84da8c.py:686: error: Name \"cast\" is not defined  [name-defined]",
            "format_84da8c.py:686: note: Did you forget to import it from \"typing\"? (Suggestion: \"from typing import cast\")",
            "format_84da8c.py:704: error: Name \"cast\" is not defined  [name-defined]",
            "format_84da8c.py:704: note: Did you forget to import it from \"typing\"? (Suggestion: \"from typing import cast\")",
            "format_84da8c.py:725: error: Name \"cast\" is not defined  [name-defined]",
            "format_84da8c.py:725: note: Did you forget to import it from \"typing\"? (Suggestion: \"from typing import cast\")",
            "format_84da8c.py:726: error: Argument 1 to \"len\" has incompatible type \"bool | list[str]\"; expected \"Sized\"  [arg-type]",
            "format_84da8c.py:728: error: Argument 1 to \"len\" has incompatible type \"bool | list[str]\"; expected \"Sized\"  [arg-type]",
            "format_84da8c.py:731: error: Item \"bool\" of \"bool | list[str]\" has no attribute \"__iter__\" (not iterable)  [union-attr]",
            "format_84da8c.py:771: error: Name \"cast\" is not defined  [name-defined]",
            "format_84da8c.py:771: note: Did you forget to import it from \"typing\"? (Suggestion: \"from typing import cast\")",
            "format_84da8c.py:1107: error: Name \"cast\" is not defined  [name-defined]",
            "format_84da8c.py:1107: note: Did you forget to import it from \"typing\"? (Suggestion: \"from typing import cast\")",
            "format_84da8c.py:1110: error: Name \"cast\" is not defined  [name-defined]",
            "format_84da8c.py:1110: note: Did you forget to import it from \"typing\"? (Suggestion: \"from typing import cast\")",
            "format_84da8c.py:1113: error: Name \"cast\" is not defined  [name-defined]",
            "format_84da8c.py:1113: note: Did you forget to import it from \"typing\"? (Suggestion: \"from typing import cast\")",
            "format_84da8c.py:1379: error: Incompatible types in assignment (expression has type \"None\", variable has type \"partial[str]\")  [assignment]",
            "format_84da8c.py:1381: error: Incompatible types in assignment (expression has type \"Callable[[Any], Any]\", variable has type \"partial[str]\")  [assignment]",
            "format_84da8c.py:1499: error: Unsupported operand types for <= (\"int\" and \"Sequence[float]\")  [operator]",
            "format_84da8c.py:1500: error: Unsupported operand types for >= (\"int\" and \"Sequence[float]\")  [operator]",
            "format_84da8c.py:1504: error: Incompatible types in assignment (expression has type \"int\", variable has type \"Sequence[float]\")  [assignment]",
            "format_84da8c.py:1504: error: Unsupported operand types for * (\"int\" and \"Sequence[float]\")  [operator]",
            "format_84da8c.py:1506: error: \"Sequence[float]\" has no attribute \"round\"  [attr-defined]",
            "Found 24 errors in 1 file (checked 1 source file)"
        ]
    },
    "frame_manager_271dac.py": {
        "stats": {
            "total_parameters": 0,
            "parameters_with_annotations": 0
        },
        "error_count": 1,
        "isCompiled": false,
        "errors": [
            "frame_manager_271dac.py:865: error: invalid syntax; you likely need to run mypy using Python 3.10 or newer  [syntax]",
            "Found 1 error in 1 file (errors prevented further checking)"
        ]
    },
    "from_params_test_811442.py": {
        "stats": {
            "total_parameters": 213,
            "parameters_with_annotations": 98
        },
        "error_count": 7,
        "isCompiled": false,
        "errors": [
            "from_params_test_811442.py:329: error: \"type[object]\" has no attribute \"from_params\"  [attr-defined]",
            "from_params_test_811442.py:633: error: Incompatible types in assignment (expression has type \"int\", variable has type \"None\")  [assignment]",
            "from_params_test_811442.py:634: error: Incompatible types in assignment (expression has type \"str\", variable has type \"None\")  [assignment]",
            "from_params_test_811442.py:635: error: Incompatible types in assignment (expression has type \"dict[str, Any]\", variable has type \"None\")  [assignment]",
            "from_params_test_811442.py:663: error: Incompatible types in assignment (expression has type \"str\", variable has type \"None\")  [assignment]",
            "from_params_test_811442.py:669: error: Incompatible types in assignment (expression has type \"str\", variable has type \"None\")  [assignment]",
            "from_params_test_811442.py:675: error: Incompatible types in assignment (expression has type \"str\", variable has type \"None\")  [assignment]",
            "Found 7 errors in 1 file (checked 1 source file)"
        ]
    },
    "generic_8a9e7c.py": {
        "stats": {
            "total_parameters": 163,
            "parameters_with_annotations": 123
        },
        "error_count": 15,
        "isCompiled": false,
        "errors": [
            "generic_8a9e7c.py:260: error: \"Frame\" has no attribute \"_to_internal_pandas\"  [attr-defined]",
            "generic_8a9e7c.py:721: error: \"Frame\" has no attribute \"head\"  [attr-defined]",
            "generic_8a9e7c.py:726: error: Function \"generic_8a9e7c.Frame.bool\" is not valid as a type  [valid-type]",
            "generic_8a9e7c.py:726: note: Perhaps you need \"Callable[...]\" or a callback protocol?",
            "generic_8a9e7c.py:731: error: \"Frame\" has no attribute \"index\"  [attr-defined]",
            "generic_8a9e7c.py:736: error: \"Frame\" has no attribute \"copy\"  [attr-defined]",
            "generic_8a9e7c.py:763: error: \"Frame\" has no attribute \"_to_internal_pandas\"  [attr-defined]",
            "generic_8a9e7c.py:774: error: Function \"generic_8a9e7c.Frame.bool\" is not valid as a type  [valid-type]",
            "generic_8a9e7c.py:774: note: Perhaps you need \"Callable[...]\" or a callback protocol?",
            "generic_8a9e7c.py:779: error: Function \"generic_8a9e7c.Frame.bool\" is not valid as a type  [valid-type]",
            "generic_8a9e7c.py:779: note: Perhaps you need \"Callable[...]\" or a callback protocol?",
            "generic_8a9e7c.py:784: error: Function \"generic_8a9e7c.Frame.bool\" is not valid as a type  [valid-type]",
            "generic_8a9e7c.py:784: note: Perhaps you need \"Callable[...]\" or a callback protocol?",
            "generic_8a9e7c.py:813: error: Function \"generic_8a9e7c.Frame.bool\" is not valid as a type  [valid-type]",
            "generic_8a9e7c.py:813: note: Perhaps you need \"Callable[...]\" or a callback protocol?",
            "Found 10 errors in 1 file (checked 1 source file)"
        ]
    },
    "generic_a07530.py": {
        "stats": {
            "total_parameters": 189,
            "parameters_with_annotations": 132
        },
        "error_count": 17,
        "isCompiled": false,
        "errors": [
            "generic_a07530.py:110: error: Argument 1 to \"_aggregate_multiple_funcs\" of \"SeriesGroupBy\" has incompatible type \"str | Callable[..., Any] | Sequence[Any] | dict[Any, Any] | None\"; expected \"dict[Any, Any] | Sequence[Any]\"  [arg-type]",
            "generic_a07530.py:127: error: Argument 1 to \"_python_agg_general\" of \"SeriesGroupBy\" has incompatible type \"Callable[..., Any] | None\"; expected \"Callable[..., Any]\"  [arg-type]",
            "generic_a07530.py:143: error: Incompatible types in assignment (expression has type \"Generator[tuple[Any, ...] | list[Any], None, None]\", variable has type \"dict[Any, Any] | Sequence[Any]\")  [assignment]",
            "generic_a07530.py:146: error: Incompatible types in assignment (expression has type \"zip[tuple[Any, Any]]\", variable has type \"dict[Any, Any] | Sequence[Any]\")  [assignment]",
            "generic_a07530.py:229: error: Unexpected \"...\"  [misc]",
            "generic_a07530.py:485: error: Name \"cast\" is not defined  [name-defined]",
            "generic_a07530.py:485: note: Did you forget to import it from \"typing\"? (Suggestion: \"from typing import cast\")",
            "generic_a07530.py:495: error: Argument 1 to \"_python_agg_general\" of \"DataFrameGroupBy\" has incompatible type \"str | Callable[..., Any] | Sequence[Any] | dict[Any, Any] | None\"; expected \"Callable[..., Any]\"  [arg-type]",
            "generic_a07530.py:497: error: Argument 1 to \"_aggregate_frame\" of \"DataFrameGroupBy\" has incompatible type \"str | Callable[..., Any] | Sequence[Any] | dict[Any, Any] | None\"; expected \"Callable[..., Any]\"  [arg-type]",
            "generic_a07530.py:505: error: Argument 1 to \"_aggregate_frame\" of \"DataFrameGroupBy\" has incompatible type \"str | Callable[..., Any] | Sequence[Any] | dict[Any, Any] | None\"; expected \"Callable[..., Any]\"  [arg-type]",
            "generic_a07530.py:507: error: Name \"cast\" is not defined  [name-defined]",
            "generic_a07530.py:507: note: Did you forget to import it from \"typing\"? (Suggestion: \"from typing import cast\")",
            "generic_a07530.py:535: error: Name \"Hashable\" is not defined  [name-defined]",
            "generic_a07530.py:648: error: \"str\" not callable  [operator]",
            "generic_a07530.py:649: error: \"str\" not callable  [operator]",
            "generic_a07530.py:680: error: Unexpected \"...\"  [misc]",
            "generic_a07530.py:691: error: Name \"is_bool\" is not defined  [name-defined]",
            "Found 15 errors in 1 file (checked 1 source file)"
        ]
    },
    "git_90c119.py": {
        "stats": {
            "total_parameters": 50,
            "parameters_with_annotations": 50
        },
        "error_count": 0,
        "isCompiled": true,
        "errors": []
    },
    "groupby_7dd4b2.py": {
        "stats": {
            "total_parameters": 0,
            "parameters_with_annotations": 0
        },
        "error_count": 1,
        "isCompiled": false,
        "errors": [
            "groupby_7dd4b2.py:37: error: invalid character in identifier  [syntax]",
            "Found 1 error in 1 file (errors prevented further checking)"
        ]
    },
    "header_990b83.py": {
        "stats": {
            "total_parameters": 0,
            "parameters_with_annotations": 0
        },
        "error_count": 1,
        "isCompiled": false,
        "errors": [
            "header_990b83.py:294: error: invalid syntax; you likely need to run mypy using Python 3.10 or newer  [syntax]",
            "Found 1 error in 1 file (errors prevented further checking)"
        ]
    },
    "helpers_b607a0.py": {
        "stats": {
            "total_parameters": 51,
            "parameters_with_annotations": 50
        },
        "error_count": 0,
        "isCompiled": true,
        "errors": []
    },
    "helpers_e73aba.py": {
        "stats": {
            "total_parameters": 44,
            "parameters_with_annotations": 44
        },
        "error_count": 0,
        "isCompiled": true,
        "errors": []
    },
    "hist_13f59f.py": {
        "stats": {
            "total_parameters": 107,
            "parameters_with_annotations": 92
        },
        "error_count": 6,
        "isCompiled": false,
        "errors": [
            "hist_13f59f.py:97: error: Argument 2 to \"_calculate_bins\" of \"HistPlot\" has incompatible type \"int | Any | list[Any]\"; expected \"int\"  [arg-type]",
            "hist_13f59f.py:99: error: Argument 2 to \"_calculate_bins\" of \"HistPlot\" has incompatible type \"int | Any | list[Any]\"; expected \"int\"  [arg-type]",
            "hist_13f59f.py:204: error: No overload variant of \"__getitem__\" of \"list\" matches argument type \"tuple[slice, int]\"  [call-overload]",
            "hist_13f59f.py:204: note: Possible overload variants:",
            "hist_13f59f.py:204: note:     def __getitem__(self, SupportsIndex, /) -> float",
            "hist_13f59f.py:204: note:     def __getitem__(self, slice, /) -> list[float]",
            "Found 3 errors in 1 file (checked 1 source file)"
        ]
    },
    "hive_66cde7.py": {
        "stats": {
            "total_parameters": 88,
            "parameters_with_annotations": 66
        },
        "error_count": 1,
        "isCompiled": false,
        "errors": [
            "hive_66cde7.py:438: error: Missing return statement  [empty-body]",
            "Found 1 error in 1 file (checked 1 source file)"
        ]
    },
    "http1connection_0621ea.py": {
        "stats": {
            "total_parameters": 72,
            "parameters_with_annotations": 43
        },
        "error_count": 4,
        "isCompiled": false,
        "errors": [
            "http1connection_0621ea.py:439: error: Name \"cast\" is not defined  [name-defined]",
            "http1connection_0621ea.py:439: note: Did you forget to import it from \"typing\"? (Suggestion: \"from typing import cast\")",
            "http1connection_0621ea.py:622: error: Name \"cast\" is not defined  [name-defined]",
            "http1connection_0621ea.py:622: note: Did you forget to import it from \"typing\"? (Suggestion: \"from typing import cast\")",
            "Found 2 errors in 1 file (checked 1 source file)"
        ]
    },
    "httpclient_e36adc.py": {
        "stats": {
            "total_parameters": 87,
            "parameters_with_annotations": 61
        },
        "error_count": 1,
        "isCompiled": false,
        "errors": [
            "httpclient_e36adc.py:298: error: invalid syntax; you likely need to run mypy using Python 3.10 or newer  [syntax]",
            "Found 1 error in 1 file (errors prevented further checking)"
        ]
    },
    "indexing_b000ec.py": {
        "stats": {
            "total_parameters": 108,
            "parameters_with_annotations": 63
        },
        "error_count": 6,
        "isCompiled": false,
        "errors": [
            "indexing_b000ec.py:457: error: Incompatible types in assignment (expression has type \"list[Any] | None\", variable has type \"list[Any]\")  [assignment]",
            "indexing_b000ec.py:608: error: \"LocIndexerLike\" has no attribute \"_sequence_col\"  [attr-defined]",
            "indexing_b000ec.py:689: error: \"LocIndexerLike\" has no attribute \"_sequence_col\"  [attr-defined]",
            "indexing_b000ec.py:694: error: Argument 1 to \"len\" has incompatible type \"list[Any] | None\"; expected \"Sized\"  [arg-type]",
            "indexing_b000ec.py:708: error: Item \"None\" of \"list[Any] | None\" has no attribute \"__iter__\" (not iterable)  [union-attr]",
            "indexing_b000ec.py:1199: error: Incompatible return value type (got \"tuple[list[tuple[Any]], list[Any], None, bool, None]\", expected \"tuple[list[tuple[Any, ...]], list[Any] | None, list[Any] | None, bool, tuple[Any, ...] | None]\")  [return-value]",
            "Found 6 errors in 1 file (checked 1 source file)"
        ]
    },
    "indexing_d02a25.py": {
        "stats": {
            "total_parameters": 190,
            "parameters_with_annotations": 122
        },
        "error_count": 1,
        "isCompiled": false,
        "errors": [
            "indexing_d02a25.py:1055: error: Incompatible types in assignment (expression has type \"range\", variable has type \"list[Any]\")  [assignment]",
            "Found 1 error in 1 file (checked 1 source file)"
        ]
    },
    "initiator_fb22e8.py": {
        "stats": {
            "total_parameters": 44,
            "parameters_with_annotations": 44
        },
        "error_count": 0,
        "isCompiled": true,
        "errors": []
    },
    "initiator_manager_26765c.py": {
        "stats": {
            "total_parameters": 65,
            "parameters_with_annotations": 65
        },
        "error_count": 0,
        "isCompiled": true,
        "errors": []
    },
    "interval_941dbf.py": {
        "stats": {
            "total_parameters": 96,
            "parameters_with_annotations": 64
        },
        "error_count": 0,
        "isCompiled": true,
        "errors": []
    },
    "kedro_data_catalog_148318.py": {
        "stats": {
            "total_parameters": 86,
            "parameters_with_annotations": 50
        },
        "error_count": 0,
        "isCompiled": true,
        "errors": []
    },
    "linegen_ea8858.py": {
        "stats": {
            "total_parameters": 137,
            "parameters_with_annotations": 106
        },
        "error_count": 0,
        "isCompiled": true,
        "errors": []
    },
    "local_b588b6.py": {
        "stats": {
            "total_parameters": 72,
            "parameters_with_annotations": 52
        },
        "error_count": 20,
        "isCompiled": false,
        "errors": [
            "local_b588b6.py:75: error: Method \"get_public_upload_root_url\" is marked as an override, but no base method was found with this name  [misc]",
            "local_b588b6.py:79: error: Method \"generate_message_upload_path\" is marked as an override, but no base method was found with this name  [misc]",
            "local_b588b6.py:91: error: Method \"upload_message_attachment\" is marked as an override, but no base method was found with this name  [misc]",
            "local_b588b6.py:102: error: Method \"save_attachment_contents\" is marked as an override, but no base method was found with this name  [misc]",
            "local_b588b6.py:107: error: Method \"attachment_vips_source\" is marked as an override, but no base method was found with this name  [misc]",
            "local_b588b6.py:114: error: Method \"delete_message_attachment\" is marked as an override, but no base method was found with this name  [misc]",
            "local_b588b6.py:118: error: Method \"all_message_attachments\" is marked as an override, but no base method was found with this name  [misc]",
            "local_b588b6.py:139: error: Method \"get_avatar_url\" is marked as an override, but no base method was found with this name  [misc]",
            "local_b588b6.py:143: error: Method \"get_avatar_contents\" is marked as an override, but no base method was found with this name  [misc]",
            "local_b588b6.py:149: error: Method \"upload_single_avatar_image\" is marked as an override, but no base method was found with this name  [misc]",
            "local_b588b6.py:161: error: Method \"delete_avatar_image\" is marked as an override, but no base method was found with this name  [misc]",
            "local_b588b6.py:167: error: Method \"get_realm_icon_url\" is marked as an override, but no base method was found with this name  [misc]",
            "local_b588b6.py:171: error: Method \"upload_realm_icon_image\" is marked as an override, but no base method was found with this name  [misc]",
            "local_b588b6.py:182: error: Method \"get_realm_logo_url\" is marked as an override, but no base method was found with this name  [misc]",
            "local_b588b6.py:190: error: Method \"upload_realm_logo_image\" is marked as an override, but no base method was found with this name  [misc]",
            "local_b588b6.py:207: error: Method \"get_emoji_url\" is marked as an override, but no base method was found with this name  [misc]",
            "local_b588b6.py:225: error: Method \"upload_single_emoji_image\" is marked as an override, but no base method was found with this name  [misc]",
            "local_b588b6.py:231: error: Method \"get_export_tarball_url\" is marked as an override, but no base method was found with this name  [misc]",
            "local_b588b6.py:236: error: Method \"upload_export_tarball\" is marked as an override, but no base method was found with this name  [misc]",
            "local_b588b6.py:254: error: Method \"delete_export_tarball\" is marked as an override, but no base method was found with this name  [misc]",
            "Found 20 errors in 1 file (checked 1 source file)"
        ]
    },
    "log_67c6cb.py": {
        "stats": {
            "total_parameters": 62,
            "parameters_with_annotations": 48
        },
        "error_count": 1,
        "isCompiled": false,
        "errors": [
            "log_67c6cb.py:144: error: Argument \"action\" to \"log_with_context\" of \"AbstractEventLogger\" has incompatible type \"str | Callable[..., str]\"; expected \"str\"  [arg-type]",
            "Found 1 error in 1 file (checked 1 source file)"
        ]
    },
    "log_writer_c4397a.py": {
        "stats": {
            "total_parameters": 69,
            "parameters_with_annotations": 46
        },
        "error_count": 0,
        "isCompiled": true,
        "errors": []
    },
    "managers_6d6254.py": {
        "stats": {
            "total_parameters": 293,
            "parameters_with_annotations": 178
        },
        "error_count": 34,
        "isCompiled": false,
        "errors": [
            "managers_6d6254.py:213: error: Name \"final\" is not defined  [name-defined]",
            "managers_6d6254.py:281: error: Name \"final\" is not defined  [name-defined]",
            "managers_6d6254.py:383: error: Name \"final\" is not defined  [name-defined]",
            "managers_6d6254.py:451: error: Name \"final\" is not defined  [name-defined]",
            "managers_6d6254.py:455: error: Name \"final\" is not defined  [name-defined]",
            "managers_6d6254.py:468: error: Name \"final\" is not defined  [name-defined]",
            "managers_6d6254.py:483: error: Name \"final\" is not defined  [name-defined]",
            "managers_6d6254.py:498: error: Name \"final\" is not defined  [name-defined]",
            "managers_6d6254.py:502: error: Name \"final\" is not defined  [name-defined]",
            "managers_6d6254.py:515: error: Name \"final\" is not defined  [name-defined]",
            "managers_6d6254.py:519: error: Name \"final\" is not defined  [name-defined]",
            "managers_6d6254.py:719: error: Item \"None\" of \"Any | None\" has no attribute \"copy\"  [union-attr]",
            "managers_6d6254.py:740: error: Trying to assign name \"_is_consolidated\" that is not in \"__slots__\" of type \"managers_6d6254.BaseBlockManager\"  [misc]",
            "managers_6d6254.py:747: error: Name \"final\" is not defined  [name-defined]",
            "managers_6d6254.py:1209: error: Unsupported target for indexed assignment (\"Any | None\")  [index]",
            "managers_6d6254.py:1210: error: Unsupported target for indexed assignment (\"Any | None\")  [index]",
            "managers_6d6254.py:1223: error: Unsupported target for indexed assignment (\"Any | None\")  [index]",
            "managers_6d6254.py:1224: error: Unsupported target for indexed assignment (\"Any | None\")  [index]",
            "managers_6d6254.py:1258: error: Unsupported target for indexed assignment (\"Any | None\")  [index]",
            "managers_6d6254.py:1261: error: Unsupported target for indexed assignment (\"Any | None\")  [index]",
            "managers_6d6254.py:1262: error: Unsupported target for indexed assignment (\"Any | None\")  [index]",
            "managers_6d6254.py:1621: error: Trying to assign name \"axes\" that is not in \"__slots__\" of type \"managers_6d6254.SingleBlockManager\"  [misc]",
            "managers_6d6254.py:1622: error: Trying to assign name \"blocks\" that is not in \"__slots__\" of type \"managers_6d6254.SingleBlockManager\"  [misc]",
            "managers_6d6254.py:1626: error: Argument 2 of \"from_blocks\" is incompatible with supertype \"BaseBlockManager\"; supertype defines the argument type as \"Sequence[Any]\"  [override]",
            "managers_6d6254.py:1626: note: This violates the Liskov substitution principle",
            "managers_6d6254.py:1626: note: See https://mypy.readthedocs.io/en/stable/common_issues.html#incompatible-overrides",
            "managers_6d6254.py:1679: error: Trying to assign name \"axes\" that is not in \"__slots__\" of type \"managers_6d6254.SingleBlockManager\"  [misc]",
            "managers_6d6254.py:1681: error: Trying to assign name \"blocks\" that is not in \"__slots__\" of type \"managers_6d6254.SingleBlockManager\"  [misc]",
            "managers_6d6254.py:1697: error: Decorators on top of @property are not supported  [misc]",
            "managers_6d6254.py:1697: error: Name \"final\" is not defined  [name-defined]",
            "managers_6d6254.py:1703: error: Cannot override writeable attribute with read-only property  [override]",
            "managers_6d6254.py:1707: error: Cannot override writeable attribute with read-only property  [override]",
            "managers_6d6254.py:1767: error: Trying to assign name \"blocks\" that is not in \"__slots__\" of type \"managers_6d6254.SingleBlockManager\"  [misc]",
            "managers_6d6254.py:1782: error: Trying to assign name \"blocks\" that is not in \"__slots__\" of type \"managers_6d6254.SingleBlockManager\"  [misc]",
            "Found 32 errors in 1 file (checked 1 source file)"
        ]
    },
    "manifest_0eeebb.py": {
        "stats": {
            "total_parameters": 147,
            "parameters_with_annotations": 106
        },
        "error_count": 4,
        "isCompiled": false,
        "errors": [
            "manifest_0eeebb.py:807: error: Item \"None\" of \"Any | None\" has no attribute \"get_macro_id\"  [union-attr]",
            "manifest_0eeebb.py:923: error: Item \"None\" of \"Any | None\" has no attribute \"get_macro\"  [union-attr]",
            "manifest_0eeebb.py:1668: error: \"Expr\" has no attribute \"name\"  [attr-defined]",
            "manifest_0eeebb.py:1670: error: \"Expr\" has no attribute \"value\"  [attr-defined]",
            "Found 4 errors in 1 file (checked 1 source file)"
        ]
    },
    "manifest_47c52e.py": {
        "stats": {
            "total_parameters": 339,
            "parameters_with_annotations": 211
        },
        "error_count": 3,
        "isCompiled": false,
        "errors": [
            "manifest_47c52e.py:1581: error: Argument 1 of \"__reduce_ex__\" is incompatible with supertype \"object\"; supertype defines the argument type as \"SupportsIndex\"  [override]",
            "manifest_47c52e.py:1581: note: This violates the Liskov substitution principle",
            "manifest_47c52e.py:1581: note: See https://mypy.readthedocs.io/en/stable/common_issues.html#incompatible-overrides",
            "Found 1 error in 1 file (checked 1 source file)"
        ]
    },
    "mediation_fee_f1a080.py": {
        "stats": {
            "total_parameters": 47,
            "parameters_with_annotations": 41
        },
        "error_count": 6,
        "isCompiled": false,
        "errors": [
            "mediation_fee_f1a080.py:101: error: Argument 1 to \"sign\" has incompatible type \"int | float | Fraction\"; expected \"int | float\"  [arg-type]",
            "mediation_fee_f1a080.py:110: error: Incompatible return value type (got \"tuple[list[int | float | Fraction], list[int | float | Fraction]]\", expected \"tuple[list[Fraction], list[Fraction]]\")  [return-value]",
            "mediation_fee_f1a080.py:169: error: Argument 1 to \"_cap_fees\" has incompatible type \"list[Fraction]\"; expected \"list[int | float | Fraction]\"  [arg-type]",
            "mediation_fee_f1a080.py:169: note: \"List\" is invariant -- see https://mypy.readthedocs.io/en/stable/common_issues.html#variance",
            "mediation_fee_f1a080.py:169: note: Consider using \"Sequence\" instead, which is covariant",
            "mediation_fee_f1a080.py:169: error: Argument 2 to \"_cap_fees\" has incompatible type \"list[Fraction]\"; expected \"list[int | float | Fraction]\"  [arg-type]",
            "Found 4 errors in 1 file (checked 1 source file)"
        ]
    },
    "mediator_edd547.py": {
        "stats": {
            "total_parameters": 123,
            "parameters_with_annotations": 123
        },
        "error_count": 2,
        "isCompiled": false,
        "errors": [
            "mediator_edd547.py:886: error: \"object\" has no attribute \"expiration\"  [attr-defined]",
            "mediator_edd547.py:1500: error: Name \"typecheck\" is not defined  [name-defined]",
            "Found 2 errors in 1 file (checked 1 source file)"
        ]
    },
    "merge_f40757.py": {
        "stats": {
            "total_parameters": 0,
            "parameters_with_annotations": 0
        },
        "error_count": 1,
        "isCompiled": false,
        "errors": [
            "merge_f40757.py:418: error: invalid syntax; you likely need to run mypy using Python 3.10 or newer  [syntax]",
            "Found 1 error in 1 file (errors prevented further checking)"
        ]
    },
    "message_6587fb.py": {
        "stats": {
            "total_parameters": 97,
            "parameters_with_annotations": 97
        },
        "error_count": 0,
        "isCompiled": true,
        "errors": []
    },
    "message_cache_dbda93.py": {
        "stats": {
            "total_parameters": 49,
            "parameters_with_annotations": 49
        },
        "error_count": 0,
        "isCompiled": true,
        "errors": []
    },
    "message_edit_6be856.py": {
        "stats": {
            "total_parameters": 61,
            "parameters_with_annotations": 61
        },
        "error_count": 0,
        "isCompiled": true,
        "errors": []
    },
    "message_send_b7048c.py": {
        "stats": {
            "total_parameters": 156,
            "parameters_with_annotations": 156
        },
        "error_count": 1,
        "isCompiled": false,
        "errors": [
            "message_send_b7048c.py:430: error: List comprehension has incompatible type List[tuple[int, int | None]]; expected List[tuple[int, int]]  [misc]",
            "Found 1 error in 1 file (checked 1 source file)"
        ]
    },
    "_arrow_string_mixins_7654a8.py": {
        "stats": {
            "total_parameters": 82,
            "parameters_with_annotations": 46
        },
        "error_count": 0,
        "isCompiled": true,
        "errors": []
    },
    "_client_5a9e7d.py": {
        "stats": {
            "total_parameters": 0,
            "parameters_with_annotations": 0
        },
        "error_count": 1,
        "isCompiled": false,
        "errors": [
            "_client_5a9e7d.py:1: error: unexpected indent  [syntax]",
            "Found 1 error in 1 file (errors prevented further checking)"
        ]
    },
    "_compat_bfcdb3.py": {
        "stats": {
            "total_parameters": 56,
            "parameters_with_annotations": 47
        },
        "error_count": 10,
        "isCompiled": false,
        "errors": [
            "_compat_bfcdb3.py:428: error: All conditional function variants must have identical signatures  [misc]",
            "_compat_bfcdb3.py:428: note: Original:",
            "_compat_bfcdb3.py:428: note:     def _normalize_errors(errors: list[dict[str, Any]]) -> list[dict[str, Any]]",
            "_compat_bfcdb3.py:428: note: Redefinition:",
            "_compat_bfcdb3.py:428: note:     def _normalize_errors(errors: list[Any]) -> list[dict[str, Any]]",
            "_compat_bfcdb3.py:453: error: All conditional function variants must have identical signatures  [misc]",
            "_compat_bfcdb3.py:453: note: Original:",
            "_compat_bfcdb3.py:453: note:     def get_schema_from_model_field(*, field: ModelField, schema_generator: Any, model_name_map: Any, field_mapping: Mapping[Any, Any], separate_input_output_schemas: bool = ...) -> dict[str, Any]",
            "_compat_bfcdb3.py:453: note: Redefinition:",
            "_compat_bfcdb3.py:453: note:     def get_schema_from_model_field(*, field: ModelField, schema_generator: Any, model_name_map: Any, field_mapping: Any, separate_input_output_schemas: bool = ...) -> dict[str, Any]",
            "Found 2 errors in 1 file (checked 1 source file)"
        ]
    },
    "_misc_3826f1.py": {
        "stats": {
            "total_parameters": 59,
            "parameters_with_annotations": 51
        },
        "error_count": 5,
        "isCompiled": false,
        "errors": [
            "_misc_3826f1.py:9: error: Name \"TYPE_CHECKING\" is not defined  [name-defined]",
            "_misc_3826f1.py:733: error: Argument 1 of \"__contains__\" is incompatible with supertype \"Mapping\"; supertype defines the argument type as \"object\"  [override]",
            "_misc_3826f1.py:733: note: This violates the Liskov substitution principle",
            "_misc_3826f1.py:733: note: See https://mypy.readthedocs.io/en/stable/common_issues.html#incompatible-overrides",
            "_misc_3826f1.py:733: error: Argument 1 of \"__contains__\" is incompatible with supertype \"Container\"; supertype defines the argument type as \"object\"  [override]",
            "Found 3 errors in 1 file (checked 1 source file)"
        ]
    },
    "_models_dd672f.py": {
        "stats": {
            "total_parameters": 142,
            "parameters_with_annotations": 60
        },
        "error_count": 28,
        "isCompiled": false,
        "errors": [
            "_models_dd672f.py:274: error: Signature of \"update\" incompatible with supertype \"MutableMapping\"  [override]",
            "_models_dd672f.py:274: note:      Superclass:",
            "_models_dd672f.py:274: note:          @overload",
            "_models_dd672f.py:274: note:          def update(self, SupportsKeysAndGetItem[str, str], /, **kwargs: str) -> None",
            "_models_dd672f.py:274: note:          @overload",
            "_models_dd672f.py:274: note:          def update(self, Iterable[tuple[str, str]], /, **kwargs: str) -> None",
            "_models_dd672f.py:274: note:          @overload",
            "_models_dd672f.py:274: note:          def update(self, **kwargs: str) -> None",
            "_models_dd672f.py:274: note:      Subclass:",
            "_models_dd672f.py:274: note:          def update(self, headers: Any | None = ...) -> None",
            "_models_dd672f.py:1098: error: Signature of \"get\" incompatible with supertype \"Mapping\"  [override]",
            "_models_dd672f.py:1098: note:      Superclass:",
            "_models_dd672f.py:1098: note:          @overload",
            "_models_dd672f.py:1098: note:          def get(self, str, /) -> str | None",
            "_models_dd672f.py:1098: note:          @overload",
            "_models_dd672f.py:1098: note:          def [_T] get(self, str, /, default: str | _T) -> str | _T",
            "_models_dd672f.py:1098: note:      Subclass:",
            "_models_dd672f.py:1098: note:          def get(self, name: str, default: str | None = ..., domain: str | None = ..., path: str | None = ...) -> str | None",
            "_models_dd672f.py:1157: error: Signature of \"update\" incompatible with supertype \"MutableMapping\"  [override]",
            "_models_dd672f.py:1157: note:      Superclass:",
            "_models_dd672f.py:1157: note:          @overload",
            "_models_dd672f.py:1157: note:          def update(self, SupportsKeysAndGetItem[str, str], /, **kwargs: str) -> None",
            "_models_dd672f.py:1157: note:          @overload",
            "_models_dd672f.py:1157: note:          def update(self, Iterable[tuple[str, str]], /, **kwargs: str) -> None",
            "_models_dd672f.py:1157: note:          @overload",
            "_models_dd672f.py:1157: note:          def update(self, **kwargs: str) -> None",
            "_models_dd672f.py:1157: note:      Subclass:",
            "_models_dd672f.py:1157: note:          def update(self, cookies: Any | None = ...) -> None",
            "Found 3 errors in 1 file (checked 1 source file)"
        ]
    },
    "_parser_ad554d.py": {
        "stats": {
            "total_parameters": 78,
            "parameters_with_annotations": 70
        },
        "error_count": 3,
        "isCompiled": false,
        "errors": [
            "_parser_ad554d.py:323: error: Too many values to unpack (2 expected, 3 provided)  [misc]",
            "_parser_ad554d.py:324: error: Cannot determine type of \"key\"  [has-type]",
            "_parser_ad554d.py:330: error: Cannot determine type of \"key\"  [has-type]",
            "Found 3 errors in 1 file (checked 1 source file)"
        ]
    },
    "__init___4ea406.py": {
        "stats": {
            "total_parameters": 0,
            "parameters_with_annotations": 0
        },
        "error_count": 1,
        "isCompiled": false,
        "errors": [
            "__init___4ea406.py:477: error: invalid syntax; you likely need to run mypy using Python 3.10 or newer  [syntax]",
            "Found 1 error in 1 file (errors prevented further checking)"
        ]
    },
    "__init___7dd003.py": {
        "stats": {
            "total_parameters": 64,
            "parameters_with_annotations": 64
        },
        "error_count": 0,
        "isCompiled": true,
        "errors": []
    },
    "__init___ee7b0d.py": {
        "stats": {
            "total_parameters": 36,
            "parameters_with_annotations": 36
        },
        "error_count": 0,
        "isCompiled": true,
        "errors": []
    }
}