{
    "accessories_b90bda.py": {
        "stats": {
            "total_parameters": 57,
            "parameters_with_annotations": 37
        },
        "error_count": 0,
        "isCompiled": true,
        "errors": []
    },
    "accessor_9a03f0.py": {
        "stats": {
            "total_parameters": 171,
            "parameters_with_annotations": 76
        },
        "error_count": 10,
        "isCompiled": false,
        "errors": [
            "accessor_9a03f0.py:112: error: Name \"isna\" is not defined  [name-defined]",
            "accessor_9a03f0.py:138: error: Name \"isna\" is not defined  [name-defined]",
            "accessor_9a03f0.py:154: error: Name \"isna\" is not defined  [name-defined]",
            "accessor_9a03f0.py:270: error: Name \"find_stack_level\" is not defined  [name-defined]",
            "accessor_9a03f0.py:377: error: Name \"_cpython_optimized_decoders\" is not defined  [name-defined]",
            "accessor_9a03f0.py:459: error: Name \"is_extension_array_dtype\" is not defined  [name-defined]",
            "accessor_9a03f0.py:511: error: Name \"DataFrame\" is not defined  [name-defined]",
            "accessor_9a03f0.py:543: error: Argument \"name\" to \"_wrap_result\" of \"StringMethods\" has incompatible type \"Hashable\"; expected \"str | None\"  [arg-type]",
            "accessor_9a03f0.py:546: error: Name \"DataFrame\" is not defined  [name-defined]",
            "accessor_9a03f0.py:750: error: Name \"DataFrame\" is not defined  [name-defined]",
            "Found 10 errors in 1 file (checked 1 source file)"
        ]
    },
    "aiokafka_d62f1d.py": {
        "stats": {
            "total_parameters": 93,
            "parameters_with_annotations": 46
        },
        "error_count": 16,
        "isCompiled": false,
        "errors": [
            "aiokafka_d62f1d.py:216: error: Incompatible default for argument \"config\" (default has type \"None\", argument has type \"Mapping[str, Any]\")  [assignment]",
            "aiokafka_d62f1d.py:216: note: PEP 484 prohibits implicit Optional. Accordingly, mypy has changed its default to no_implicit_optional=True",
            "aiokafka_d62f1d.py:216: note: Use https://github.com/hauntsaninja/no_implicit_optional to automatically upgrade your codebase",
            "aiokafka_d62f1d.py:816: error: Incompatible default for argument \"timeout\" (default has type \"None\", argument has type \"float\")  [assignment]",
            "aiokafka_d62f1d.py:816: note: PEP 484 prohibits implicit Optional. Accordingly, mypy has changed its default to no_implicit_optional=True",
            "aiokafka_d62f1d.py:816: note: Use https://github.com/hauntsaninja/no_implicit_optional to automatically upgrade your codebase",
            "aiokafka_d62f1d.py:817: error: Incompatible default for argument \"max_records\" (default has type \"None\", argument has type \"int\")  [assignment]",
            "aiokafka_d62f1d.py:817: note: PEP 484 prohibits implicit Optional. Accordingly, mypy has changed its default to no_implicit_optional=True",
            "aiokafka_d62f1d.py:817: note: Use https://github.com/hauntsaninja/no_implicit_optional to automatically upgrade your codebase",
            "aiokafka_d62f1d.py:835: error: Incompatible default for argument \"config\" (default has type \"None\", argument has type \"Mapping[str, Any]\")  [assignment]",
            "aiokafka_d62f1d.py:835: note: PEP 484 prohibits implicit Optional. Accordingly, mypy has changed its default to no_implicit_optional=True",
            "aiokafka_d62f1d.py:835: note: Use https://github.com/hauntsaninja/no_implicit_optional to automatically upgrade your codebase",
            "aiokafka_d62f1d.py:895: error: Cannot determine type of \"partitioner\"  [has-type]",
            "aiokafka_d62f1d.py:986: error: Incompatible default for argument \"config\" (default has type \"None\", argument has type \"Mapping[str, Any]\")  [assignment]",
            "aiokafka_d62f1d.py:986: note: PEP 484 prohibits implicit Optional. Accordingly, mypy has changed its default to no_implicit_optional=True",
            "aiokafka_d62f1d.py:986: note: Use https://github.com/hauntsaninja/no_implicit_optional to automatically upgrade your codebase",
            "Found 6 errors in 1 file (checked 1 source file)"
        ]
    },
    "algorithms_faa87b.py": {
        "stats": {
            "total_parameters": 70,
            "parameters_with_annotations": 70
        },
        "error_count": 1,
        "isCompiled": false,
        "errors": [
            "algorithms_faa87b.py:1325: error: \"int\" has no attribute \"is_integer\"  [attr-defined]",
            "Found 1 error in 1 file (checked 1 source file)"
        ]
    },
    "api_cbdcbd.py": {
        "stats": {
            "total_parameters": 49,
            "parameters_with_annotations": 49
        },
        "error_count": 1,
        "isCompiled": false,
        "errors": [
            "api_cbdcbd.py:150: error: Module has no attribute \"timeout\"  [attr-defined]",
            "Found 1 error in 1 file (checked 1 source file)"
        ]
    },
    "api_tests_78614f.py": {
        "stats": {
            "total_parameters": 94,
            "parameters_with_annotations": 93
        },
        "error_count": 0,
        "isCompiled": true,
        "errors": []
    },
    "api_test_5baf5c.py": {
        "stats": {
            "total_parameters": 172,
            "parameters_with_annotations": 171
        },
        "error_count": 0,
        "isCompiled": true,
        "errors": []
    },
    "appgraph_e5732d.py": {
        "stats": {
            "total_parameters": 126,
            "parameters_with_annotations": 91
        },
        "error_count": 0,
        "isCompiled": true,
        "errors": []
    },
    "applications_c5af27.py": {
        "stats": {
            "total_parameters": 54,
            "parameters_with_annotations": 40
        },
        "error_count": 1,
        "isCompiled": false,
        "errors": [
            "applications_c5af27.py:263: error: Argument \"dispatch\" to \"add_middleware\" of \"Starlette\" has incompatible type \"Callable[..., Any]\"; expected <nothing>  [arg-type]",
            "Found 1 error in 1 file (checked 1 source file)"
        ]
    },
    "app_c89ec6.py": {
        "stats": {
            "total_parameters": 103,
            "parameters_with_annotations": 40
        },
        "error_count": 3,
        "isCompiled": false,
        "errors": [
            "app_c89ec6.py:235: error: Incompatible default for argument \"pattern\" (default has type \"None\", argument has type \"str | Pattern[Any]\")  [assignment]",
            "app_c89ec6.py:235: note: PEP 484 prohibits implicit Optional. Accordingly, mypy has changed its default to no_implicit_optional=True",
            "app_c89ec6.py:235: note: Use https://github.com/hauntsaninja/no_implicit_optional to automatically upgrade your codebase",
            "Found 1 error in 1 file (checked 1 source file)"
        ]
    },
    "app_e5f00c.py": {
        "stats": {
            "total_parameters": 44,
            "parameters_with_annotations": 44
        },
        "error_count": 0,
        "isCompiled": true,
        "errors": []
    },
    "asserters_700def.py": {
        "stats": {
            "total_parameters": 129,
            "parameters_with_annotations": 129
        },
        "error_count": 2,
        "isCompiled": false,
        "errors": [
            "asserters_700def.py:113: error: Argument \"check_dtype\" to \"assert_series_equal\" has incompatible type \"bool | Literal['equiv']\"; expected \"bool\"  [arg-type]",
            "asserters_700def.py:1075: error: Argument \"check_dtype\" to \"assert_series_equal\" has incompatible type \"bool | Literal['equiv']\"; expected \"bool\"  [arg-type]",
            "Found 2 errors in 1 file (checked 1 source file)"
        ]
    },
    "attention_module_7f6559.py": {
        "stats": {
            "total_parameters": 94,
            "parameters_with_annotations": 78
        },
        "error_count": 2,
        "isCompiled": false,
        "errors": [
            "attention_module_7f6559.py:229: error: Incompatible return value type (got \"tuple[Any, Tensor | None]\", expected \"tuple[Tensor, Tensor]\")  [return-value]",
            "attention_module_7f6559.py:311: error: Incompatible types in assignment (expression has type \"None\", variable has type \"Tensor\")  [assignment]",
            "Found 2 errors in 1 file (checked 1 source file)"
        ]
    },
    "auth_d8f17e.py": {
        "stats": {
            "total_parameters": 55,
            "parameters_with_annotations": 40
        },
        "error_count": 0,
        "isCompiled": true,
        "errors": []
    },
    "awsclient_860c67.py": {
        "stats": {
            "total_parameters": 417,
            "parameters_with_annotations": 293
        },
        "error_count": 0,
        "isCompiled": true,
        "errors": []
    },
    "base_6106b5.py": {
        "stats": {
            "total_parameters": 160,
            "parameters_with_annotations": 55
        },
        "error_count": 18,
        "isCompiled": false,
        "errors": [
            "base_6106b5.py:497: error: Incompatible types in assignment (expression has type \"MutableSequence[Any]\", variable has type \"list[Any]\")  [assignment]",
            "base_6106b5.py:523: error: Cannot determine type of \"on_before_configured\"  [has-type]",
            "base_6106b5.py:524: error: Cannot determine type of \"on_configured\"  [has-type]",
            "base_6106b5.py:526: error: Cannot determine type of \"on_after_configured\"  [has-type]",
            "base_6106b5.py:528: error: Cannot determine type of \"on_partitions_assigned\"  [has-type]",
            "base_6106b5.py:530: error: Cannot determine type of \"on_partitions_revoked\"  [has-type]",
            "base_6106b5.py:531: error: Cannot determine type of \"on_worker_init\"  [has-type]",
            "base_6106b5.py:533: error: Cannot determine type of \"on_rebalance_complete\"  [has-type]",
            "base_6106b5.py:535: error: Cannot determine type of \"on_before_shutdown\"  [has-type]",
            "base_6106b5.py:537: error: Cannot determine type of \"on_produce_message\"  [has-type]",
            "base_6106b5.py:660: error: Cannot determine type of \"finalized\"  [has-type]",
            "base_6106b5.py:660: error: Cannot determine type of \"configured\"  [has-type]",
            "base_6106b5.py:662: error: Cannot determine type of \"configured\"  [has-type]",
            "base_6106b5.py:675: error: Cannot determine type of \"finalized\"  [has-type]",
            "base_6106b5.py:757: error: Incompatible default for argument \"pattern\" (default has type \"None\", argument has type \"str | Pattern[Any]\")  [assignment]",
            "base_6106b5.py:757: note: PEP 484 prohibits implicit Optional. Accordingly, mypy has changed its default to no_implicit_optional=True",
            "base_6106b5.py:757: note: Use https://github.com/hauntsaninja/no_implicit_optional to automatically upgrade your codebase",
            "base_6106b5.py:1351: error: Function \"fun\" could always be true in boolean context  [truthy-function]",
            "Found 16 errors in 1 file (checked 1 source file)"
        ]
    },
    "base_6a0ea7.py": {
        "stats": {
            "total_parameters": 70,
            "parameters_with_annotations": 47
        },
        "error_count": 0,
        "isCompiled": true,
        "errors": []
    },
    "base_949c11.py": {
        "stats": {
            "total_parameters": 159,
            "parameters_with_annotations": 111
        },
        "error_count": 0,
        "isCompiled": true,
        "errors": []
    },
    "base_9c14fc.py": {
        "stats": {
            "total_parameters": 114,
            "parameters_with_annotations": 58
        },
        "error_count": 0,
        "isCompiled": true,
        "errors": []
    },
    "base_b5c467.py": {
        "stats": {
            "total_parameters": 87,
            "parameters_with_annotations": 56
        },
        "error_count": 0,
        "isCompiled": true,
        "errors": []
    },
    "base_bb93b4.py": {
        "stats": {
            "total_parameters": 128,
            "parameters_with_annotations": 77
        },
        "error_count": 0,
        "isCompiled": true,
        "errors": []
    },
    "base_tests_a1e90e.py": {
        "stats": {
            "total_parameters": 119,
            "parameters_with_annotations": 94
        },
        "error_count": 0,
        "isCompiled": true,
        "errors": []
    },
    "beam_search_b3623d.py": {
        "stats": {
            "total_parameters": 131,
            "parameters_with_annotations": 97
        },
        "error_count": 3,
        "isCompiled": false,
        "errors": [
            "beam_search_b3623d.py:580: error: Incompatible types in assignment (expression has type \"int | float\", variable has type \"int\")  [assignment]",
            "beam_search_b3623d.py:824: error: Too many arguments  [call-arg]",
            "beam_search_b3623d.py:903: error: Too many arguments  [call-arg]",
            "Found 3 errors in 1 file (checked 1 source file)"
        ]
    },
    "blocks_3a122c.py": {
        "stats": {
            "total_parameters": 211,
            "parameters_with_annotations": 126
        },
        "error_count": 72,
        "isCompiled": false,
        "errors": [
            "blocks_3a122c.py:124: error: Name \"TYPE_CHECKING\" is not defined  [name-defined]",
            "blocks_3a122c.py:150: error: Name \"final\" is not defined  [name-defined]",
            "blocks_3a122c.py:162: error: Name \"final\" is not defined  [name-defined]",
            "blocks_3a122c.py:167: error: Name \"final\" is not defined  [name-defined]",
            "blocks_3a122c.py:172: error: Name \"final\" is not defined  [name-defined]",
            "blocks_3a122c.py:178: error: Name \"final\" is not defined  [name-defined]",
            "blocks_3a122c.py:183: error: Name \"final\" is not defined  [name-defined]",
            "blocks_3a122c.py:194: error: Decorators on top of @property are not supported  [misc]",
            "blocks_3a122c.py:194: error: Name \"final\" is not defined  [name-defined]",
            "blocks_3a122c.py:202: error: Name \"final\" is not defined  [name-defined]",
            "blocks_3a122c.py:206: error: Name \"final\" is not defined  [name-defined]",
            "blocks_3a122c.py:212: error: Name \"final\" is not defined  [name-defined]",
            "blocks_3a122c.py:225: error: Trying to assign name \"_mgr_locs\" that is not in \"__slots__\" of type \"blocks_3a122c.Block\"  [misc]",
            "blocks_3a122c.py:227: error: Name \"final\" is not defined  [name-defined]",
            "blocks_3a122c.py:245: error: Name \"final\" is not defined  [name-defined]",
            "blocks_3a122c.py:261: error: Name \"final\" is not defined  [name-defined]",
            "blocks_3a122c.py:273: error: Name \"final\" is not defined  [name-defined]",
            "blocks_3a122c.py:277: error: Name \"final\" is not defined  [name-defined]",
            "blocks_3a122c.py:288: error: Name \"final\" is not defined  [name-defined]",
            "blocks_3a122c.py:303: error: Name \"final\" is not defined  [name-defined]",
            "blocks_3a122c.py:316: error: Name \"final\" is not defined  [name-defined]",
            "blocks_3a122c.py:322: error: Name \"final\" is not defined  [name-defined]",
            "blocks_3a122c.py:340: error: Name \"final\" is not defined  [name-defined]",
            "blocks_3a122c.py:351: error: Name \"final\" is not defined  [name-defined]",
            "blocks_3a122c.py:367: error: Name \"final\" is not defined  [name-defined]",
            "blocks_3a122c.py:389: error: Name \"final\" is not defined  [name-defined]",
            "blocks_3a122c.py:403: error: Name \"final\" is not defined  [name-defined]",
            "blocks_3a122c.py:429: error: Name \"final\" is not defined  [name-defined]",
            "blocks_3a122c.py:487: error: Name \"final\" is not defined  [name-defined]",
            "blocks_3a122c.py:573: error: Name \"final\" is not defined  [name-defined]",
            "blocks_3a122c.py:578: error: Name \"final\" is not defined  [name-defined]",
            "blocks_3a122c.py:624: error: Name \"final\" is not defined  [name-defined]",
            "blocks_3a122c.py:639: error: Name \"final\" is not defined  [name-defined]",
            "blocks_3a122c.py:660: error: Name \"final\" is not defined  [name-defined]",
            "blocks_3a122c.py:674: error: Name \"final\" is not defined  [name-defined]",
            "blocks_3a122c.py:741: error: Name \"final\" is not defined  [name-defined]",
            "blocks_3a122c.py:789: error: Name \"final\" is not defined  [name-defined]",
            "blocks_3a122c.py:819: error: Name \"cast\" is not defined  [name-defined]",
            "blocks_3a122c.py:819: note: Did you forget to import it from \"typing\"? (Suggestion: \"from typing import cast\")",
            "blocks_3a122c.py:875: error: Name \"final\" is not defined  [name-defined]",
            "blocks_3a122c.py:985: error: Name \"final\" is not defined  [name-defined]",
            "blocks_3a122c.py:1074: error: Name \"cast\" is not defined  [name-defined]",
            "blocks_3a122c.py:1074: note: Did you forget to import it from \"typing\"? (Suggestion: \"from typing import cast\")",
            "blocks_3a122c.py:1094: error: Name \"cast\" is not defined  [name-defined]",
            "blocks_3a122c.py:1094: note: Did you forget to import it from \"typing\"? (Suggestion: \"from typing import cast\")",
            "blocks_3a122c.py:1124: error: Name \"cast\" is not defined  [name-defined]",
            "blocks_3a122c.py:1124: note: Did you forget to import it from \"typing\"? (Suggestion: \"from typing import cast\")",
            "blocks_3a122c.py:1141: error: Name \"cast\" is not defined  [name-defined]",
            "blocks_3a122c.py:1141: note: Did you forget to import it from \"typing\"? (Suggestion: \"from typing import cast\")",
            "blocks_3a122c.py:1188: error: Name \"cast\" is not defined  [name-defined]",
            "blocks_3a122c.py:1188: note: Did you forget to import it from \"typing\"? (Suggestion: \"from typing import cast\")",
            "blocks_3a122c.py:1290: error: Name \"cast\" is not defined  [name-defined]",
            "blocks_3a122c.py:1290: note: Did you forget to import it from \"typing\"? (Suggestion: \"from typing import cast\")",
            "blocks_3a122c.py:1301: error: Name \"final\" is not defined  [name-defined]",
            "blocks_3a122c.py:1339: error: Name \"final\" is not defined  [name-defined]",
            "blocks_3a122c.py:1363: error: Name \"cast\" is not defined  [name-defined]",
            "blocks_3a122c.py:1363: note: Did you forget to import it from \"typing\"? (Suggestion: \"from typing import cast\")",
            "blocks_3a122c.py:1367: error: Name \"final\" is not defined  [name-defined]",
            "blocks_3a122c.py:1393: error: Name \"final\" is not defined  [name-defined]",
            "blocks_3a122c.py:1430: error: Name \"cast\" is not defined  [name-defined]",
            "blocks_3a122c.py:1430: note: Did you forget to import it from \"typing\"? (Suggestion: \"from typing import cast\")",
            "blocks_3a122c.py:1484: error: Name \"final\" is not defined  [name-defined]",
            "blocks_3a122c.py:1495: error: Name \"final\" is not defined  [name-defined]",
            "blocks_3a122c.py:1536: error: Name \"final\" is not defined  [name-defined]",
            "blocks_3a122c.py:1589: error: Name \"final\" is not defined  [name-defined]",
            "blocks_3a122c.py:1638: error: Name \"final\" is not defined  [name-defined]",
            "blocks_3a122c.py:1648: error: Name \"final\" is not defined  [name-defined]",
            "blocks_3a122c.py:1653: error: Name \"final\" is not defined  [name-defined]",
            "blocks_3a122c.py:1660: error: Name \"final\" is not defined  [name-defined]",
            "blocks_3a122c.py:1825: error: Name \"final\" is not defined  [name-defined]",
            "blocks_3a122c.py:2043: error: Name \"cast\" is not defined  [name-defined]",
            "blocks_3a122c.py:2043: note: Did you forget to import it from \"typing\"? (Suggestion: \"from typing import cast\")",
            "Found 62 errors in 1 file (checked 1 source file)"
        ]
    },
    "btanalysis_7decb4.py": {
        "stats": {
            "total_parameters": 50,
            "parameters_with_annotations": 50
        },
        "error_count": 2,
        "isCompiled": false,
        "errors": [
            "btanalysis_7decb4.py:150: error: Item \"str\" of \"Path | str\" has no attribute \"open\"  [union-attr]",
            "btanalysis_7decb4.py:197: error: Incompatible types in assignment (expression has type \"str\", variable has type \"Literal['metadata', 'strategy']\")  [assignment]",
            "Found 2 errors in 1 file (checked 1 source file)"
        ]
    },
    "cache_83a043.py": {
        "stats": {
            "total_parameters": 84,
            "parameters_with_annotations": 82
        },
        "error_count": 0,
        "isCompiled": true,
        "errors": []
    },
    "call_824067.py": {
        "stats": {
            "total_parameters": 68,
            "parameters_with_annotations": 50
        },
        "error_count": 0,
        "isCompiled": true,
        "errors": []
    },
    "channels_8e6ab8.py": {
        "stats": {
            "total_parameters": 77,
            "parameters_with_annotations": 44
        },
        "error_count": 0,
        "isCompiled": true,
        "errors": []
    },
    "channel_43e477.py": {
        "stats": {
            "total_parameters": 270,
            "parameters_with_annotations": 270
        },
        "error_count": 2,
        "isCompiled": false,
        "errors": [
            "channel_43e477.py:1608: error: Name \"events_for_coop_settle\" is not defined  [name-defined]",
            "channel_43e477.py:1682: error: Name \"events_for_coop_settle\" is not defined  [name-defined]",
            "Found 2 errors in 1 file (checked 1 source file)"
        ]
    },
    "classification_92cb06.py": {
        "stats": {
            "total_parameters": 63,
            "parameters_with_annotations": 63
        },
        "error_count": 0,
        "isCompiled": true,
        "errors": []
    },
    "client_1e3c0a.py": {
        "stats": {
            "total_parameters": 55,
            "parameters_with_annotations": 41
        },
        "error_count": 0,
        "isCompiled": true,
        "errors": []
    },
    "common_4a17c0.py": {
        "stats": {
            "total_parameters": 41,
            "parameters_with_annotations": 41
        },
        "error_count": 4,
        "isCompiled": false,
        "errors": [
            "common_4a17c0.py:110: error: Incompatible types in assignment (expression has type \"str\", target has type \"bool\")  [assignment]",
            "common_4a17c0.py:130: error: Incompatible types in assignment (expression has type \"str\", target has type \"float\")  [assignment]",
            "common_4a17c0.py:240: error: Incompatible types in assignment (expression has type \"float\", target has type \"str\")  [assignment]",
            "common_4a17c0.py:266: error: Incompatible types in assignment (expression has type \"Any | Literal[True]\", target has type \"str\")  [assignment]",
            "Found 4 errors in 1 file (checked 1 source file)"
        ]
    },
    "compilation_283ca2.py": {
        "stats": {
            "total_parameters": 83,
            "parameters_with_annotations": 58
        },
        "error_count": 0,
        "isCompiled": true,
        "errors": []
    },
    "confluent_3b2473.py": {
        "stats": {
            "total_parameters": 58,
            "parameters_with_annotations": 35
        },
        "error_count": 24,
        "isCompiled": false,
        "errors": [
            "confluent_3b2473.py:78: error: Incompatible default for argument \"config\" (default has type \"None\", argument has type \"Mapping[str, Any]\")  [assignment]",
            "confluent_3b2473.py:78: note: PEP 484 prohibits implicit Optional. Accordingly, mypy has changed its default to no_implicit_optional=True",
            "confluent_3b2473.py:78: note: Use https://github.com/hauntsaninja/no_implicit_optional to automatically upgrade your codebase",
            "confluent_3b2473.py:81: error: Incompatible default for argument \"compacting\" (default has type \"None\", argument has type \"bool\")  [assignment]",
            "confluent_3b2473.py:81: note: PEP 484 prohibits implicit Optional. Accordingly, mypy has changed its default to no_implicit_optional=True",
            "confluent_3b2473.py:81: note: Use https://github.com/hauntsaninja/no_implicit_optional to automatically upgrade your codebase",
            "confluent_3b2473.py:82: error: Incompatible default for argument \"deleting\" (default has type \"None\", argument has type \"bool\")  [assignment]",
            "confluent_3b2473.py:82: note: PEP 484 prohibits implicit Optional. Accordingly, mypy has changed its default to no_implicit_optional=True",
            "confluent_3b2473.py:82: note: Use https://github.com/hauntsaninja/no_implicit_optional to automatically upgrade your codebase",
            "confluent_3b2473.py:343: error: Incompatible default for argument \"config\" (default has type \"None\", argument has type \"Mapping[str, Any]\")  [assignment]",
            "confluent_3b2473.py:343: note: PEP 484 prohibits implicit Optional. Accordingly, mypy has changed its default to no_implicit_optional=True",
            "confluent_3b2473.py:343: note: Use https://github.com/hauntsaninja/no_implicit_optional to automatically upgrade your codebase",
            "confluent_3b2473.py:347: error: Incompatible default for argument \"deleting\" (default has type \"None\", argument has type \"bool\")  [assignment]",
            "confluent_3b2473.py:347: note: PEP 484 prohibits implicit Optional. Accordingly, mypy has changed its default to no_implicit_optional=True",
            "confluent_3b2473.py:347: note: Use https://github.com/hauntsaninja/no_implicit_optional to automatically upgrade your codebase",
            "confluent_3b2473.py:474: error: Incompatible default for argument \"config\" (default has type \"None\", argument has type \"Mapping[str, Any]\")  [assignment]",
            "confluent_3b2473.py:474: note: PEP 484 prohibits implicit Optional. Accordingly, mypy has changed its default to no_implicit_optional=True",
            "confluent_3b2473.py:474: note: Use https://github.com/hauntsaninja/no_implicit_optional to automatically upgrade your codebase",
            "confluent_3b2473.py:477: error: Incompatible default for argument \"compacting\" (default has type \"None\", argument has type \"bool\")  [assignment]",
            "confluent_3b2473.py:477: note: PEP 484 prohibits implicit Optional. Accordingly, mypy has changed its default to no_implicit_optional=True",
            "confluent_3b2473.py:477: note: Use https://github.com/hauntsaninja/no_implicit_optional to automatically upgrade your codebase",
            "confluent_3b2473.py:478: error: Incompatible default for argument \"deleting\" (default has type \"None\", argument has type \"bool\")  [assignment]",
            "confluent_3b2473.py:478: note: PEP 484 prohibits implicit Optional. Accordingly, mypy has changed its default to no_implicit_optional=True",
            "confluent_3b2473.py:478: note: Use https://github.com/hauntsaninja/no_implicit_optional to automatically upgrade your codebase",
            "Found 8 errors in 1 file (checked 1 source file)"
        ]
    },
    "construction_4e8f89.py": {
        "stats": {
            "total_parameters": 60,
            "parameters_with_annotations": 59
        },
        "error_count": 0,
        "isCompiled": true,
        "errors": []
    },
    "consumer_fa3d87.py": {
        "stats": {
            "total_parameters": 0,
            "parameters_with_annotations": 0
        },
        "error_count": 1,
        "isCompiled": false,
        "errors": [
            "consumer_fa3d87.py:481: error: invalid syntax; you likely need to run mypy using Python 3.10 or newer  [syntax]",
            "Found 1 error in 1 file (errors prevented further checking)"
        ]
    },
    "context_config_b7e80b.py": {
        "stats": {
            "total_parameters": 93,
            "parameters_with_annotations": 64
        },
        "error_count": 1,
        "isCompiled": false,
        "errors": [
            "context_config_b7e80b.py:33: error: Missing return statement  [empty-body]",
            "Found 1 error in 1 file (checked 1 source file)"
        ]
    },
    "coordinator_e4c72e.py": {
        "stats": {
            "total_parameters": 53,
            "parameters_with_annotations": 36
        },
        "error_count": 0,
        "isCompiled": true,
        "errors": []
    },
    "cover_ccbdb1.py": {
        "stats": {
            "total_parameters": 134,
            "parameters_with_annotations": 66
        },
        "error_count": 5,
        "isCompiled": false,
        "errors": [
            "cover_ccbdb1.py:598: error: Cannot determine type of \"_attr_unique_id\"  [has-type]",
            "cover_ccbdb1.py:635: error: Cannot determine type of \"_attr_unique_id\"  [has-type]",
            "cover_ccbdb1.py:743: error: Cannot determine type of \"_attr_unique_id\"  [has-type]",
            "cover_ccbdb1.py:808: error: Cannot determine type of \"_attr_unique_id\"  [has-type]",
            "cover_ccbdb1.py:864: error: Cannot determine type of \"_attr_unique_id\"  [has-type]",
            "Found 5 errors in 1 file (checked 1 source file)"
        ]
    },
    "create_user_36a545.py": {
        "stats": {
            "total_parameters": 40,
            "parameters_with_annotations": 40
        },
        "error_count": 0,
        "isCompiled": true,
        "errors": []
    },
    "create_user_5beae0.py": {
        "stats": {
            "total_parameters": 39,
            "parameters_with_annotations": 39
        },
        "error_count": 0,
        "isCompiled": true,
        "errors": []
    },
    "custom_profile_fields_ccef17.py": {
        "stats": {
            "total_parameters": 36,
            "parameters_with_annotations": 36
        },
        "error_count": 0,
        "isCompiled": true,
        "errors": []
    },
    "dataclasses_a27d2a.py": {
        "stats": {
            "total_parameters": 43,
            "parameters_with_annotations": 36
        },
        "error_count": 30,
        "isCompiled": false,
        "errors": [
            "dataclasses_a27d2a.py:70: error: Name \"_T\" is not defined  [name-defined]",
            "dataclasses_a27d2a.py:70: error: Name \"DataclassClassOrWrapper\" is not defined  [name-defined]",
            "dataclasses_a27d2a.py:76: error: Name \"_T\" is not defined  [name-defined]",
            "dataclasses_a27d2a.py:88: error: Name \"DataclassClassOrWrapper\" is not defined  [name-defined]",
            "dataclasses_a27d2a.py:129: error: Name \"_T\" is not defined  [name-defined]",
            "dataclasses_a27d2a.py:141: error: Name \"_T\" is not defined  [name-defined]",
            "dataclasses_a27d2a.py:141: error: Name \"DataclassClassOrWrapper\" is not defined  [name-defined]",
            "dataclasses_a27d2a.py:150: error: Name \"_T\" is not defined  [name-defined]",
            "dataclasses_a27d2a.py:150: error: Name \"DataclassClassOrWrapper\" is not defined  [name-defined]",
            "dataclasses_a27d2a.py:166: error: No overload variant of \"dataclass\" matches argument types \"type[Any]\", \"bool\", \"bool\", \"bool\", \"bool\", \"bool\", \"bool\", \"bool\"  [call-overload]",
            "dataclasses_a27d2a.py:166: note: Possible overload variants:",
            "dataclasses_a27d2a.py:166: note:     def dataclass(None, /) -> Callable[[type[_T]], type[_T]]",
            "dataclasses_a27d2a.py:166: note:     def [_T] dataclass(type[_T], /) -> type[_T]",
            "dataclasses_a27d2a.py:166: note:     def dataclass(*, init: bool = ..., repr: bool = ..., eq: bool = ..., order: bool = ..., unsafe_hash: bool = ..., frozen: bool = ..., match_args: bool = ..., kw_only: bool = ..., slots: bool = ...) -> Callable[[type[_T]], type[_T]]",
            "dataclasses_a27d2a.py:194: error: Name \"DataclassT\" is not defined  [name-defined]",
            "dataclasses_a27d2a.py:206: error: Name \"Dataclass\" is not defined  [name-defined]",
            "dataclasses_a27d2a.py:243: error: Name \"Dataclass\" is not defined  [name-defined]",
            "dataclasses_a27d2a.py:260: error: Name \"Dataclass\" is not defined  [name-defined]",
            "dataclasses_a27d2a.py:278: error: Name \"Dataclass\" is not defined  [name-defined]",
            "dataclasses_a27d2a.py:307: error: Name \"Dataclass\" is not defined  [name-defined]",
            "dataclasses_a27d2a.py:311: error: Name \"Dataclass\" is not defined  [name-defined]",
            "dataclasses_a27d2a.py:311: error: Name \"DataclassT\" is not defined  [name-defined]",
            "dataclasses_a27d2a.py:325: error: Name \"Dataclass\" is not defined  [name-defined]",
            "dataclasses_a27d2a.py:328: error: Name \"BaseModel\" is not defined  [name-defined]",
            "dataclasses_a27d2a.py:332: error: Name \"NoArgAnyCallable\" is not defined  [name-defined]",
            "dataclasses_a27d2a.py:351: error: Name \"BaseModel\" is not defined  [name-defined]",
            "dataclasses_a27d2a.py:365: error: Name \"Dataclass\" is not defined  [name-defined]",
            "dataclasses_a27d2a.py:374: error: Name \"Dataclass\" is not defined  [name-defined]",
            "dataclasses_a27d2a.py:392: error: Name \"Dataclass\" is not defined  [name-defined]",
            "dataclasses_a27d2a.py:412: error: Name \"Dataclass\" is not defined  [name-defined]",
            "Found 26 errors in 1 file (checked 1 source file)"
        ]
    },
    "datadog_c5ba7b.py": {
        "stats": {
            "total_parameters": 131,
            "parameters_with_annotations": 93
        },
        "error_count": 0,
        "isCompiled": true,
        "errors": []
    },
    "dataprovider_a0d211.py": {
        "stats": {
            "total_parameters": 85,
            "parameters_with_annotations": 58
        },
        "error_count": 1,
        "isCompiled": false,
        "errors": [
            "dataprovider_a0d211.py:190: error: Name \"FULL_DATAFRAME_THRESHOLD\" is not defined  [name-defined]",
            "Found 1 error in 1 file (checked 1 source file)"
        ]
    },
    "datastructures_0a7b11.py": {
        "stats": {
            "total_parameters": 142,
            "parameters_with_annotations": 54
        },
        "error_count": 12,
        "isCompiled": false,
        "errors": [
            "datastructures_0a7b11.py:233: error: Signature of \"__getitem__\" incompatible with supertype \"Sequence\"  [override]",
            "datastructures_0a7b11.py:233: note:      Superclass:",
            "datastructures_0a7b11.py:233: note:          @overload",
            "datastructures_0a7b11.py:233: note:          def __getitem__(self, int, /) -> str",
            "datastructures_0a7b11.py:233: note:          @overload",
            "datastructures_0a7b11.py:233: note:          def __getitem__(self, slice, /) -> Sequence[str]",
            "datastructures_0a7b11.py:233: note:      Subclass:",
            "datastructures_0a7b11.py:233: note:          def __getitem__(self, int | slice, /) -> str | list[str]",
            "datastructures_0a7b11.py:483: error: Argument 1 to \"__init__\" of \"ImmutableMultiDict\" has incompatible type \"*tuple[ImmutableMultiDict[Any, Any] | Mapping[Any, Any] | list[tuple[Any, Any]] | str | bytes, ...]\"; expected \"ImmutableMultiDict[str, UploadFile | str] | Mapping[str, UploadFile | str] | Iterable[tuple[str, UploadFile | str]]\"  [arg-type]",
            "datastructures_0a7b11.py:519: error: Return type \"list[str]\" of \"keys\" incompatible with return type \"KeysView[str]\" in supertype \"Mapping\"  [override]",
            "datastructures_0a7b11.py:522: error: Return type \"list[str]\" of \"values\" incompatible with return type \"ValuesView[str]\" in supertype \"Mapping\"  [override]",
            "datastructures_0a7b11.py:525: error: Return type \"list[tuple[str, str]]\" of \"items\" incompatible with return type \"ItemsView[str, str]\" in supertype \"Mapping\"  [override]",
            "Found 5 errors in 1 file (checked 1 source file)"
        ]
    },
    "data_catalog_8d7fcf.py": {
        "stats": {
            "total_parameters": 59,
            "parameters_with_annotations": 36
        },
        "error_count": 0,
        "isCompiled": true,
        "errors": []
    },
    "debug_info_f902e5.py": {
        "stats": {
            "total_parameters": 36,
            "parameters_with_annotations": 36
        },
        "error_count": 2,
        "isCompiled": false,
        "errors": [
            "debug_info_f902e5.py:157: error: Module has no attribute \"UTC\"  [attr-defined]",
            "debug_info_f902e5.py:176: error: Module has no attribute \"UTC\"  [attr-defined]",
            "Found 2 errors in 1 file (checked 1 source file)"
        ]
    },
    "dockerutils_6badca.py": {
        "stats": {
            "total_parameters": 55,
            "parameters_with_annotations": 42
        },
        "error_count": 0,
        "isCompiled": true,
        "errors": []
    },
    "email_mirror_590460.py": {
        "stats": {
            "total_parameters": 52,
            "parameters_with_annotations": 49
        },
        "error_count": 3,
        "isCompiled": false,
        "errors": [
            "email_mirror_590460.py:354: error: Argument 3 to \"sub\" has incompatible type \"str | None\"; expected \"str\"  [arg-type]",
            "email_mirror_590460.py:571: error: Method \"key\" is marked as an override, but no base method was found with this name  [misc]",
            "email_mirror_590460.py:575: error: Method \"rules\" is marked as an override, but no base method was found with this name  [misc]",
            "Found 3 errors in 1 file (checked 1 source file)"
        ]
    },
    "evaluators_b911b8.py": {
        "stats": {
            "total_parameters": 124,
            "parameters_with_annotations": 124
        },
        "error_count": 0,
        "isCompiled": true,
        "errors": []
    },
    "event_schema_4d75fe.py": {
        "stats": {
            "total_parameters": 67,
            "parameters_with_annotations": 67
        },
        "error_count": 0,
        "isCompiled": true,
        "errors": []
    },
    "ewm_ef0fa0.py": {
        "stats": {
            "total_parameters": 93,
            "parameters_with_annotations": 72
        },
        "error_count": 2,
        "isCompiled": false,
        "errors": [
            "ewm_ef0fa0.py:331: note: \"__init__\" of \"ExponentialMovingWindow\" defined here",
            "ewm_ef0fa0.py:919: error: Unexpected keyword argument \"_grouper\" for \"__init__\" of \"ExponentialMovingWindow\"  [call-arg]",
            "Found 1 error in 1 file (checked 1 source file)"
        ]
    },
    "excel_26f18f.py": {
        "stats": {
            "total_parameters": 105,
            "parameters_with_annotations": 64
        },
        "error_count": 5,
        "isCompiled": false,
        "errors": [
            "excel_26f18f.py:234: error: Dict entry 0 has incompatible type \"str\": \"dict[str, bool | str | None]\"; expected \"str\": \"dict[str, str | None]\"  [dict-item]",
            "excel_26f18f.py:235: error: Dict entry 1 has incompatible type \"str\": \"dict[str, dict[str, str | None]]\"; expected \"str\": \"dict[str, str | None]\"  [dict-item]",
            "excel_26f18f.py:236: error: Dict entry 2 has incompatible type \"str\": \"dict[str, Any] | None\"; expected \"str\": \"dict[str, str | None]\"  [dict-item]",
            "excel_26f18f.py:237: error: Dict entry 3 has incompatible type \"str\": \"dict[str, bool | float | str | None]\"; expected \"str\": \"dict[str, str | None]\"  [dict-item]",
            "excel_26f18f.py:254: error: Incompatible return value type (got \"dict[str, dict[str, str | None]]\", expected \"dict[str, dict[str, str]]\")  [return-value]",
            "Found 5 errors in 1 file (checked 1 source file)"
        ]
    },
    "exceptions_c3abb4.py": {
        "stats": {
            "total_parameters": 62,
            "parameters_with_annotations": 40
        },
        "error_count": 0,
        "isCompiled": true,
        "errors": []
    },
    "exposed_entities_a550ba.py": {
        "stats": {
            "total_parameters": 77,
            "parameters_with_annotations": 60
        },
        "error_count": 0,
        "isCompiled": true,
        "errors": []
    },
    "factory_7a7586.py": {
        "stats": {
            "total_parameters": 65,
            "parameters_with_annotations": 46
        },
        "error_count": 0,
        "isCompiled": true,
        "errors": []
    },
    "fields_c8e6d9.py": {
        "stats": {
            "total_parameters": 84,
            "parameters_with_annotations": 51
        },
        "error_count": 0,
        "isCompiled": true,
        "errors": []
    },
    "flow_engine_887be2.py": {
        "stats": {
            "total_parameters": 74,
            "parameters_with_annotations": 47
        },
        "error_count": 16,
        "isCompiled": false,
        "errors": [
            "flow_engine_887be2.py:323: error: Item \"None\" of \"Any | None\" has no attribute \"id\"  [union-attr]",
            "flow_engine_887be2.py:430: error: Incompatible types in assignment (expression has type \"BaseException\", variable has type \"Exception | type[Any]\")  [assignment]",
            "flow_engine_887be2.py:603: error: \"Logger\" has no attribute \"extra\"  [attr-defined]",
            "flow_engine_887be2.py:709: error: Item \"None\" of \"Any | None\" has no attribute \"name\"  [union-attr]",
            "flow_engine_887be2.py:725: error: Incompatible return value type (got \"Coroutine[Any, Any, None]\", expected \"R | Coroutine[Any, Any, R]\")  [return-value]",
            "flow_engine_887be2.py:824: error: Item \"None\" of \"Any | None\" has no attribute \"id\"  [union-attr]",
            "flow_engine_887be2.py:927: error: Incompatible types in assignment (expression has type \"BaseException\", variable has type \"Exception | type[Any]\")  [assignment]",
            "flow_engine_887be2.py:1094: error: \"Logger\" has no attribute \"extra\"  [attr-defined]",
            "flow_engine_887be2.py:1204: error: Item \"None\" of \"Any | None\" has no attribute \"name\"  [union-attr]",
            "flow_engine_887be2.py:1217: error: Incompatible return value type (got \"R\", expected \"Coroutine[Any, Any, R]\")  [return-value]",
            "flow_engine_887be2.py:1263: error: Value of type \"Coroutine[Any, Any, R]\" must be used  [unused-coroutine]",
            "flow_engine_887be2.py:1263: note: Are you missing an await?",
            "flow_engine_887be2.py:1302: error: Argument 1 to \"handle_success\" of \"FlowRunEngine\" has incompatible type \"None\"; expected \"R\"  [arg-type]",
            "flow_engine_887be2.py:1305: error: No return value expected  [return-value]",
            "flow_engine_887be2.py:1340: error: Argument 1 to \"handle_success\" of \"AsyncFlowRunEngine\" has incompatible type \"None\"; expected \"R\"  [arg-type]",
            "flow_engine_887be2.py:1478: error: \"BaseContext\" has no attribute \"Process\"  [attr-defined]",
            "Found 15 errors in 1 file (checked 1 source file)"
        ]
    },
    "format_84da8c.py": {
        "stats": {
            "total_parameters": 199,
            "parameters_with_annotations": 136
        },
        "error_count": 32,
        "isCompiled": false,
        "errors": [
            "format_84da8c.py:230: error: Unsupported operand types for > (\"int\" and \"None\")  [operator]",
            "format_84da8c.py:230: note: Right operand is of type \"int | None\"",
            "format_84da8c.py:233: error: Name \"cast\" is not defined  [name-defined]",
            "format_84da8c.py:233: note: Did you forget to import it from \"typing\"? (Suggestion: \"from typing import cast\")",
            "format_84da8c.py:237: error: Value of type variable \"SupportsRichComparisonT\" of \"min\" cannot be \"int | None\"  [type-var]",
            "format_84da8c.py:242: error: Unsupported operand types for // (\"None\" and \"int\")  [operator]",
            "format_84da8c.py:242: note: Left operand is of type \"int | None\"",
            "format_84da8c.py:325: error: Name \"cast\" is not defined  [name-defined]",
            "format_84da8c.py:325: note: Did you forget to import it from \"typing\"? (Suggestion: \"from typing import cast\")",
            "format_84da8c.py:326: error: Unsupported operand types for - (\"None\" and \"int\")  [operator]",
            "format_84da8c.py:326: note: Left operand is of type \"int | None\"",
            "format_84da8c.py:334: error: Unsupported operand types for + (\"None\" and \"int\")  [operator]",
            "format_84da8c.py:334: note: Left operand is of type \"int | None\"",
            "format_84da8c.py:335: error: Unsupported operand types for + (\"None\" and \"int\")  [operator]",
            "format_84da8c.py:335: note: Left operand is of type \"int | None\"",
            "format_84da8c.py:682: error: Name \"cast\" is not defined  [name-defined]",
            "format_84da8c.py:682: note: Did you forget to import it from \"typing\"? (Suggestion: \"from typing import cast\")",
            "format_84da8c.py:700: error: Name \"cast\" is not defined  [name-defined]",
            "format_84da8c.py:700: note: Did you forget to import it from \"typing\"? (Suggestion: \"from typing import cast\")",
            "format_84da8c.py:721: error: Name \"cast\" is not defined  [name-defined]",
            "format_84da8c.py:721: note: Did you forget to import it from \"typing\"? (Suggestion: \"from typing import cast\")",
            "format_84da8c.py:767: error: Name \"cast\" is not defined  [name-defined]",
            "format_84da8c.py:767: note: Did you forget to import it from \"typing\"? (Suggestion: \"from typing import cast\")",
            "format_84da8c.py:768: error: Invalid index type \"str | int\" for \"list[Any] | tuple[Any, ...]\"; expected type \"SupportsIndex\"  [index]",
            "format_84da8c.py:1098: error: Name \"cast\" is not defined  [name-defined]",
            "format_84da8c.py:1098: note: Did you forget to import it from \"typing\"? (Suggestion: \"from typing import cast\")",
            "format_84da8c.py:1101: error: Name \"cast\" is not defined  [name-defined]",
            "format_84da8c.py:1101: note: Did you forget to import it from \"typing\"? (Suggestion: \"from typing import cast\")",
            "format_84da8c.py:1104: error: Name \"cast\" is not defined  [name-defined]",
            "format_84da8c.py:1104: note: Did you forget to import it from \"typing\"? (Suggestion: \"from typing import cast\")",
            "format_84da8c.py:1456: error: Argument \"leading_space\" to \"format_array\" has incompatible type \"bool | None\"; expected \"bool\"  [arg-type]",
            "format_84da8c.py:1572: error: Incompatible return value type (got \"str | float\", expected \"str\")  [return-value]",
            "Found 18 errors in 1 file (checked 1 source file)"
        ]
    },
    "frame_manager_271dac.py": {
        "stats": {
            "total_parameters": 88,
            "parameters_with_annotations": 48
        },
        "error_count": 5,
        "isCompiled": false,
        "errors": [
            "frame_manager_271dac.py:718: error: Item \"None\" of \"dict[str, Any] | None\" has no attribute \"get\"  [union-attr]",
            "frame_manager_271dac.py:719: error: Item \"None\" of \"dict[str, Any] | None\" has no attribute \"get\"  [union-attr]",
            "frame_manager_271dac.py:727: error: Item \"None\" of \"dict[str, Any] | None\" has no attribute \"get\"  [union-attr]",
            "frame_manager_271dac.py:728: error: Item \"None\" of \"dict[str, Any] | None\" has no attribute \"get\"  [union-attr]",
            "frame_manager_271dac.py:729: error: Item \"None\" of \"dict[str, Any] | None\" has no attribute \"get\"  [union-attr]",
            "Found 5 errors in 1 file (checked 1 source file)"
        ]
    },
    "from_params_test_811442.py": {
        "stats": {
            "total_parameters": 213,
            "parameters_with_annotations": 98
        },
        "error_count": 1,
        "isCompiled": false,
        "errors": [
            "from_params_test_811442.py:331: error: \"type[object]\" has no attribute \"from_params\"  [attr-defined]",
            "Found 1 error in 1 file (checked 1 source file)"
        ]
    },
    "generic_8a9e7c.py": {
        "stats": {
            "total_parameters": 171,
            "parameters_with_annotations": 124
        },
        "error_count": 98,
        "isCompiled": false,
        "errors": [
            "generic_8a9e7c.py:33: error: Name \"Series\" is not defined  [name-defined]",
            "generic_8a9e7c.py:46: error: Name \"DataFrame\" is not defined  [name-defined]",
            "generic_8a9e7c.py:46: error: Name \"Series\" is not defined  [name-defined]",
            "generic_8a9e7c.py:54: error: Name \"DataFrame\" is not defined  [name-defined]",
            "generic_8a9e7c.py:58: error: Name \"DataFrame\" is not defined  [name-defined]",
            "generic_8a9e7c.py:58: error: Name \"Series\" is not defined  [name-defined]",
            "generic_8a9e7c.py:257: error: Name \"DataFrame\" is not defined  [name-defined]",
            "generic_8a9e7c.py:259: error: Name \"Series\" is not defined  [name-defined]",
            "generic_8a9e7c.py:271: error: Incompatible default for argument \"axis\" (default has type \"None\", argument has type \"int | str\")  [assignment]",
            "generic_8a9e7c.py:271: note: PEP 484 prohibits implicit Optional. Accordingly, mypy has changed its default to no_implicit_optional=True",
            "generic_8a9e7c.py:271: note: Use https://github.com/hauntsaninja/no_implicit_optional to automatically upgrade your codebase",
            "generic_8a9e7c.py:272: error: Name \"Series\" is not defined  [name-defined]",
            "generic_8a9e7c.py:295: error: Incompatible default for argument \"axis\" (default has type \"None\", argument has type \"int | str\")  [assignment]",
            "generic_8a9e7c.py:295: note: PEP 484 prohibits implicit Optional. Accordingly, mypy has changed its default to no_implicit_optional=True",
            "generic_8a9e7c.py:295: note: Use https://github.com/hauntsaninja/no_implicit_optional to automatically upgrade your codebase",
            "generic_8a9e7c.py:296: error: Name \"Series\" is not defined  [name-defined]",
            "generic_8a9e7c.py:321: error: Incompatible default for argument \"axis\" (default has type \"None\", argument has type \"int | str\")  [assignment]",
            "generic_8a9e7c.py:321: note: PEP 484 prohibits implicit Optional. Accordingly, mypy has changed its default to no_implicit_optional=True",
            "generic_8a9e7c.py:321: note: Use https://github.com/hauntsaninja/no_implicit_optional to automatically upgrade your codebase",
            "generic_8a9e7c.py:322: error: Name \"Series\" is not defined  [name-defined]",
            "generic_8a9e7c.py:362: error: Incompatible default for argument \"axis\" (default has type \"None\", argument has type \"int | str\")  [assignment]",
            "generic_8a9e7c.py:362: note: PEP 484 prohibits implicit Optional. Accordingly, mypy has changed its default to no_implicit_optional=True",
            "generic_8a9e7c.py:362: note: Use https://github.com/hauntsaninja/no_implicit_optional to automatically upgrade your codebase",
            "generic_8a9e7c.py:363: error: Name \"Series\" is not defined  [name-defined]",
            "generic_8a9e7c.py:386: error: Incompatible default for argument \"axis\" (default has type \"None\", argument has type \"int | str\")  [assignment]",
            "generic_8a9e7c.py:386: note: PEP 484 prohibits implicit Optional. Accordingly, mypy has changed its default to no_implicit_optional=True",
            "generic_8a9e7c.py:386: note: Use https://github.com/hauntsaninja/no_implicit_optional to automatically upgrade your codebase",
            "generic_8a9e7c.py:387: error: Name \"Series\" is not defined  [name-defined]",
            "generic_8a9e7c.py:412: error: Incompatible default for argument \"axis\" (default has type \"None\", argument has type \"int | str\")  [assignment]",
            "generic_8a9e7c.py:412: note: PEP 484 prohibits implicit Optional. Accordingly, mypy has changed its default to no_implicit_optional=True",
            "generic_8a9e7c.py:412: note: Use https://github.com/hauntsaninja/no_implicit_optional to automatically upgrade your codebase",
            "generic_8a9e7c.py:413: error: Name \"Series\" is not defined  [name-defined]",
            "generic_8a9e7c.py:426: error: Incompatible default for argument \"axis\" (default has type \"None\", argument has type \"int | str\")  [assignment]",
            "generic_8a9e7c.py:426: note: PEP 484 prohibits implicit Optional. Accordingly, mypy has changed its default to no_implicit_optional=True",
            "generic_8a9e7c.py:426: note: Use https://github.com/hauntsaninja/no_implicit_optional to automatically upgrade your codebase",
            "generic_8a9e7c.py:427: error: Name \"Series\" is not defined  [name-defined]",
            "generic_8a9e7c.py:440: error: Incompatible default for argument \"axis\" (default has type \"None\", argument has type \"int | str\")  [assignment]",
            "generic_8a9e7c.py:440: note: PEP 484 prohibits implicit Optional. Accordingly, mypy has changed its default to no_implicit_optional=True",
            "generic_8a9e7c.py:440: note: Use https://github.com/hauntsaninja/no_implicit_optional to automatically upgrade your codebase",
            "generic_8a9e7c.py:441: error: Name \"Series\" is not defined  [name-defined]",
            "generic_8a9e7c.py:447: error: Incompatible default for argument \"axis\" (default has type \"None\", argument has type \"int | str\")  [assignment]",
            "generic_8a9e7c.py:447: note: PEP 484 prohibits implicit Optional. Accordingly, mypy has changed its default to no_implicit_optional=True",
            "generic_8a9e7c.py:447: note: Use https://github.com/hauntsaninja/no_implicit_optional to automatically upgrade your codebase",
            "generic_8a9e7c.py:448: error: Name \"Series\" is not defined  [name-defined]",
            "generic_8a9e7c.py:475: error: Incompatible default for argument \"axis\" (default has type \"None\", argument has type \"int | str\")  [assignment]",
            "generic_8a9e7c.py:475: note: PEP 484 prohibits implicit Optional. Accordingly, mypy has changed its default to no_implicit_optional=True",
            "generic_8a9e7c.py:475: note: Use https://github.com/hauntsaninja/no_implicit_optional to automatically upgrade your codebase",
            "generic_8a9e7c.py:476: error: Name \"Series\" is not defined  [name-defined]",
            "generic_8a9e7c.py:503: error: Incompatible default for argument \"axis\" (default has type \"None\", argument has type \"int | str\")  [assignment]",
            "generic_8a9e7c.py:503: note: PEP 484 prohibits implicit Optional. Accordingly, mypy has changed its default to no_implicit_optional=True",
            "generic_8a9e7c.py:503: note: Use https://github.com/hauntsaninja/no_implicit_optional to automatically upgrade your codebase",
            "generic_8a9e7c.py:504: error: Name \"Series\" is not defined  [name-defined]",
            "generic_8a9e7c.py:528: error: Incompatible default for argument \"axis\" (default has type \"None\", argument has type \"int | str\")  [assignment]",
            "generic_8a9e7c.py:528: note: PEP 484 prohibits implicit Optional. Accordingly, mypy has changed its default to no_implicit_optional=True",
            "generic_8a9e7c.py:528: note: Use https://github.com/hauntsaninja/no_implicit_optional to automatically upgrade your codebase",
            "generic_8a9e7c.py:529: error: Name \"Series\" is not defined  [name-defined]",
            "generic_8a9e7c.py:567: error: Name \"DataFrame\" is not defined  [name-defined]",
            "generic_8a9e7c.py:567: error: Name \"Series\" is not defined  [name-defined]",
            "generic_8a9e7c.py:587: error: Name \"DataFrameGroupBy\" is not defined  [name-defined]",
            "generic_8a9e7c.py:587: error: Name \"SeriesGroupBy\" is not defined  [name-defined]",
            "generic_8a9e7c.py:590: error: Name \"DataFrame\" is not defined  [name-defined]",
            "generic_8a9e7c.py:592: error: Name \"Series\" is not defined  [name-defined]",
            "generic_8a9e7c.py:595: error: Name \"Series\" is not defined  [name-defined]",
            "generic_8a9e7c.py:599: error: Name \"Series\" is not defined  [name-defined]",
            "generic_8a9e7c.py:605: error: Name \"DataFrame\" is not defined  [name-defined]",
            "generic_8a9e7c.py:607: error: Name \"Series\" is not defined  [name-defined]",
            "generic_8a9e7c.py:610: error: Name \"Series\" is not defined  [name-defined]",
            "generic_8a9e7c.py:614: error: Name \"Series\" is not defined  [name-defined]",
            "generic_8a9e7c.py:628: error: Name \"DataFrame\" is not defined  [name-defined]",
            "generic_8a9e7c.py:630: error: Name \"Series\" is not defined  [name-defined]",
            "generic_8a9e7c.py:636: error: Name \"DataFrame\" is not defined  [name-defined]",
            "generic_8a9e7c.py:638: error: Name \"Series\" is not defined  [name-defined]",
            "generic_8a9e7c.py:695: error: Value of type \"Frame\" is not indexable  [index]",
            "generic_8a9e7c.py:699: error: Name \"DataFrame\" is not defined  [name-defined]",
            "generic_8a9e7c.py:699: error: Name \"Series\" is not defined  [name-defined]",
            "generic_8a9e7c.py:705: error: Name \"DataFrame\" is not defined  [name-defined]",
            "generic_8a9e7c.py:714: error: Name \"Series\" is not defined  [name-defined]",
            "generic_8a9e7c.py:725: error: Function \"generic_8a9e7c.Frame.bool\" is not valid as a type  [valid-type]",
            "generic_8a9e7c.py:725: note: Perhaps you need \"Callable[...]\" or a callback protocol?",
            "generic_8a9e7c.py:726: error: Name \"DataFrame\" is not defined  [name-defined]",
            "generic_8a9e7c.py:726: error: Name \"Series\" is not defined  [name-defined]",
            "generic_8a9e7c.py:730: error: \"Frame\" has no attribute \"index\"  [attr-defined]",
            "generic_8a9e7c.py:738: error: Name \"Series\" is not defined  [name-defined]",
            "generic_8a9e7c.py:743: error: Name \"DataFrame\" is not defined  [name-defined]",
            "generic_8a9e7c.py:771: error: Function \"generic_8a9e7c.Frame.bool\" is not valid as a type  [valid-type]",
            "generic_8a9e7c.py:771: note: Perhaps you need \"Callable[...]\" or a callback protocol?",
            "generic_8a9e7c.py:773: error: Name \"DataFrame\" is not defined  [name-defined]",
            "generic_8a9e7c.py:773: error: Name \"Series\" is not defined  [name-defined]",
            "generic_8a9e7c.py:776: error: Function \"generic_8a9e7c.Frame.bool\" is not valid as a type  [valid-type]",
            "generic_8a9e7c.py:776: note: Perhaps you need \"Callable[...]\" or a callback protocol?",
            "generic_8a9e7c.py:776: error: Name \"DataFrame\" is not defined  [name-defined]",
            "generic_8a9e7c.py:776: error: Name \"Series\" is not defined  [name-defined]",
            "generic_8a9e7c.py:781: error: Function \"generic_8a9e7c.Frame.bool\" is not valid as a type  [valid-type]",
            "generic_8a9e7c.py:781: note: Perhaps you need \"Callable[...]\" or a callback protocol?",
            "generic_8a9e7c.py:781: error: Name \"DataFrame\" is not defined  [name-defined]",
            "generic_8a9e7c.py:781: error: Name \"Series\" is not defined  [name-defined]",
            "generic_8a9e7c.py:802: error: Function \"generic_8a9e7c.Frame.bool\" is not valid as a type  [valid-type]",
            "generic_8a9e7c.py:802: note: Perhaps you need \"Callable[...]\" or a callback protocol?",
            "Found 69 errors in 1 file (checked 1 source file)"
        ]
    },
    "generic_a07530.py": {
        "stats": {
            "total_parameters": 189,
            "parameters_with_annotations": 132
        },
        "error_count": 0,
        "isCompiled": true,
        "errors": []
    },
    "git_90c119.py": {
        "stats": {
            "total_parameters": 50,
            "parameters_with_annotations": 50
        },
        "error_count": 0,
        "isCompiled": true,
        "errors": []
    },
    "groupby_7dd4b2.py": {
        "stats": {
            "total_parameters": 176,
            "parameters_with_annotations": 112
        },
        "error_count": 2,
        "isCompiled": false,
        "errors": [
            "groupby_7dd4b2.py:873: error: Item \"None\" of \"list[tuple[Any, ...]] | None\" has no attribute \"__iter__\" (not iterable)  [union-attr]",
            "groupby_7dd4b2.py:890: error: Item \"None\" of \"list[tuple[Any, ...]] | None\" has no attribute \"__iter__\" (not iterable)  [union-attr]",
            "Found 2 errors in 1 file (checked 1 source file)"
        ]
    },
    "header_990b83.py": {
        "stats": {
            "total_parameters": 0,
            "parameters_with_annotations": 0
        },
        "error_count": 1,
        "isCompiled": false,
        "errors": [
            "header_990b83.py:292: error: invalid syntax; you likely need to run mypy using Python 3.10 or newer  [syntax]",
            "Found 1 error in 1 file (errors prevented further checking)"
        ]
    },
    "helpers_b607a0.py": {
        "stats": {
            "total_parameters": 51,
            "parameters_with_annotations": 50
        },
        "error_count": 0,
        "isCompiled": true,
        "errors": []
    },
    "helpers_e73aba.py": {
        "stats": {
            "total_parameters": 44,
            "parameters_with_annotations": 44
        },
        "error_count": 0,
        "isCompiled": true,
        "errors": []
    },
    "hist_13f59f.py": {
        "stats": {
            "total_parameters": 107,
            "parameters_with_annotations": 92
        },
        "error_count": 0,
        "isCompiled": true,
        "errors": []
    },
    "hive_66cde7.py": {
        "stats": {
            "total_parameters": 88,
            "parameters_with_annotations": 66
        },
        "error_count": 1,
        "isCompiled": false,
        "errors": [
            "hive_66cde7.py:436: error: Missing return statement  [empty-body]",
            "Found 1 error in 1 file (checked 1 source file)"
        ]
    },
    "http1connection_0621ea.py": {
        "stats": {
            "total_parameters": 72,
            "parameters_with_annotations": 43
        },
        "error_count": 0,
        "isCompiled": true,
        "errors": []
    },
    "httpclient_e36adc.py": {
        "stats": {
            "total_parameters": 87,
            "parameters_with_annotations": 61
        },
        "error_count": 1,
        "isCompiled": false,
        "errors": [
            "httpclient_e36adc.py:288: error: invalid syntax; you likely need to run mypy using Python 3.10 or newer  [syntax]",
            "Found 1 error in 1 file (errors prevented further checking)"
        ]
    },
    "indexing_b000ec.py": {
        "stats": {
            "total_parameters": 111,
            "parameters_with_annotations": 65
        },
        "error_count": 13,
        "isCompiled": false,
        "errors": [
            "indexing_b000ec.py:479: error: Incompatible types in assignment (expression has type \"list[Any] | None\", variable has type \"list[Any]\")  [assignment]",
            "indexing_b000ec.py:629: error: \"LocIndexerLike\" has no attribute \"_sequence_col\"  [attr-defined]",
            "indexing_b000ec.py:710: error: \"LocIndexerLike\" has no attribute \"_sequence_col\"  [attr-defined]",
            "indexing_b000ec.py:715: error: Argument 1 to \"len\" has incompatible type \"list[Any] | None\"; expected \"Sized\"  [arg-type]",
            "indexing_b000ec.py:729: error: Item \"None\" of \"list[Any] | None\" has no attribute \"__iter__\" (not iterable)  [union-attr]",
            "indexing_b000ec.py:1172: error: Value of type \"tuple[Any, ...] | None\" is not indexable  [index]",
            "indexing_b000ec.py:1177: error: Incompatible types in assignment (expression has type \"set[Any]\", variable has type \"list[tuple[Any, tuple[Any, ...] | None]] | None\")  [assignment]",
            "indexing_b000ec.py:1187: error: Incompatible types in assignment (expression has type \"tuple[Any | tuple[Any, ...] | None, ...]\", variable has type \"tuple[Any, tuple[Any, ...] | None]\")  [assignment]",
            "indexing_b000ec.py:1191: error: List comprehension has incompatible type List[tuple[Any, ...] | None]; expected List[tuple[Any, tuple[Any, ...] | None]]  [misc]",
            "indexing_b000ec.py:1197: error: Incompatible return value type (got \"tuple[list[tuple[Any, tuple[Any, ...] | None]], list[Any], list[Any], bool, Any]\", expected \"tuple[list[tuple[Any, ...]], list[Any] | None, Any, bool, tuple[Any, ...] | None]\")  [return-value]",
            "indexing_b000ec.py:1224: error: Incompatible return value type (got \"tuple[list[tuple[Any]], list[Any], None, bool, None]\", expected \"tuple[list[tuple[Any, ...]], list[Any] | None, list[Any] | None, bool, tuple[Any, ...] | None]\")  [return-value]",
            "indexing_b000ec.py:1333: error: Argument 2 to \"_get_from_multiindex_column\" of \"LocIndexer\" has incompatible type \"list[tuple[Any, ...]] | None\"; expected \"list[tuple[Any, ...]]\"  [arg-type]",
            "indexing_b000ec.py:1364: error: \"LocIndexer\" has no attribute \"_sequence_col\"  [attr-defined]",
            "Found 13 errors in 1 file (checked 1 source file)"
        ]
    },
    "indexing_d02a25.py": {
        "stats": {
            "total_parameters": 190,
            "parameters_with_annotations": 122
        },
        "error_count": 1,
        "isCompiled": false,
        "errors": [
            "indexing_d02a25.py:1030: error: Incompatible types in assignment (expression has type \"range\", variable has type \"list[Any]\")  [assignment]",
            "Found 1 error in 1 file (checked 1 source file)"
        ]
    },
    "initiator_fb22e8.py": {
        "stats": {
            "total_parameters": 44,
            "parameters_with_annotations": 44
        },
        "error_count": 0,
        "isCompiled": true,
        "errors": []
    },
    "initiator_manager_26765c.py": {
        "stats": {
            "total_parameters": 65,
            "parameters_with_annotations": 65
        },
        "error_count": 0,
        "isCompiled": true,
        "errors": []
    },
    "interval_941dbf.py": {
        "stats": {
            "total_parameters": 96,
            "parameters_with_annotations": 60
        },
        "error_count": 0,
        "isCompiled": true,
        "errors": []
    },
    "kedro_data_catalog_148318.py": {
        "stats": {
            "total_parameters": 86,
            "parameters_with_annotations": 50
        },
        "error_count": 0,
        "isCompiled": true,
        "errors": []
    },
    "linegen_ea8858.py": {
        "stats": {
            "total_parameters": 137,
            "parameters_with_annotations": 109
        },
        "error_count": 0,
        "isCompiled": true,
        "errors": []
    },
    "local_b588b6.py": {
        "stats": {
            "total_parameters": 72,
            "parameters_with_annotations": 52
        },
        "error_count": 20,
        "isCompiled": false,
        "errors": [
            "local_b588b6.py:74: error: Method \"get_public_upload_root_url\" is marked as an override, but no base method was found with this name  [misc]",
            "local_b588b6.py:78: error: Method \"generate_message_upload_path\" is marked as an override, but no base method was found with this name  [misc]",
            "local_b588b6.py:90: error: Method \"upload_message_attachment\" is marked as an override, but no base method was found with this name  [misc]",
            "local_b588b6.py:101: error: Method \"save_attachment_contents\" is marked as an override, but no base method was found with this name  [misc]",
            "local_b588b6.py:106: error: Method \"attachment_vips_source\" is marked as an override, but no base method was found with this name  [misc]",
            "local_b588b6.py:113: error: Method \"delete_message_attachment\" is marked as an override, but no base method was found with this name  [misc]",
            "local_b588b6.py:117: error: Method \"all_message_attachments\" is marked as an override, but no base method was found with this name  [misc]",
            "local_b588b6.py:138: error: Method \"get_avatar_url\" is marked as an override, but no base method was found with this name  [misc]",
            "local_b588b6.py:142: error: Method \"get_avatar_contents\" is marked as an override, but no base method was found with this name  [misc]",
            "local_b588b6.py:148: error: Method \"upload_single_avatar_image\" is marked as an override, but no base method was found with this name  [misc]",
            "local_b588b6.py:160: error: Method \"delete_avatar_image\" is marked as an override, but no base method was found with this name  [misc]",
            "local_b588b6.py:166: error: Method \"get_realm_icon_url\" is marked as an override, but no base method was found with this name  [misc]",
            "local_b588b6.py:170: error: Method \"upload_realm_icon_image\" is marked as an override, but no base method was found with this name  [misc]",
            "local_b588b6.py:181: error: Method \"get_realm_logo_url\" is marked as an override, but no base method was found with this name  [misc]",
            "local_b588b6.py:189: error: Method \"upload_realm_logo_image\" is marked as an override, but no base method was found with this name  [misc]",
            "local_b588b6.py:206: error: Method \"get_emoji_url\" is marked as an override, but no base method was found with this name  [misc]",
            "local_b588b6.py:224: error: Method \"upload_single_emoji_image\" is marked as an override, but no base method was found with this name  [misc]",
            "local_b588b6.py:230: error: Method \"get_export_tarball_url\" is marked as an override, but no base method was found with this name  [misc]",
            "local_b588b6.py:235: error: Method \"upload_export_tarball\" is marked as an override, but no base method was found with this name  [misc]",
            "local_b588b6.py:253: error: Method \"delete_export_tarball\" is marked as an override, but no base method was found with this name  [misc]",
            "Found 20 errors in 1 file (checked 1 source file)"
        ]
    },
    "log_67c6cb.py": {
        "stats": {
            "total_parameters": 62,
            "parameters_with_annotations": 48
        },
        "error_count": 0,
        "isCompiled": true,
        "errors": []
    },
    "log_writer_c4397a.py": {
        "stats": {
            "total_parameters": 69,
            "parameters_with_annotations": 46
        },
        "error_count": 0,
        "isCompiled": true,
        "errors": []
    },
    "managers_6d6254.py": {
        "stats": {
            "total_parameters": 292,
            "parameters_with_annotations": 178
        },
        "error_count": 24,
        "isCompiled": false,
        "errors": [
            "managers_6d6254.py:211: error: Name \"final\" is not defined  [name-defined]",
            "managers_6d6254.py:275: error: Name \"final\" is not defined  [name-defined]",
            "managers_6d6254.py:377: error: Name \"final\" is not defined  [name-defined]",
            "managers_6d6254.py:445: error: Name \"final\" is not defined  [name-defined]",
            "managers_6d6254.py:449: error: Name \"final\" is not defined  [name-defined]",
            "managers_6d6254.py:462: error: Name \"final\" is not defined  [name-defined]",
            "managers_6d6254.py:477: error: Name \"final\" is not defined  [name-defined]",
            "managers_6d6254.py:492: error: Name \"final\" is not defined  [name-defined]",
            "managers_6d6254.py:496: error: Name \"final\" is not defined  [name-defined]",
            "managers_6d6254.py:509: error: Name \"final\" is not defined  [name-defined]",
            "managers_6d6254.py:513: error: Name \"final\" is not defined  [name-defined]",
            "managers_6d6254.py:735: error: Trying to assign name \"_is_consolidated\" that is not in \"__slots__\" of type \"managers_6d6254.BaseBlockManager\"  [misc]",
            "managers_6d6254.py:742: error: Name \"final\" is not defined  [name-defined]",
            "managers_6d6254.py:862: error: Argument 1 to \"enumerate\" has incompatible type \"slice | Any\"; expected \"Iterable[Any]\"  [arg-type]",
            "managers_6d6254.py:1216: error: Unsupported target for indexed assignment (\"Any | None\")  [index]",
            "managers_6d6254.py:1219: error: Unsupported target for indexed assignment (\"Any | None\")  [index]",
            "managers_6d6254.py:1578: error: Trying to assign name \"axes\" that is not in \"__slots__\" of type \"managers_6d6254.SingleBlockManager\"  [misc]",
            "managers_6d6254.py:1579: error: Trying to assign name \"blocks\" that is not in \"__slots__\" of type \"managers_6d6254.SingleBlockManager\"  [misc]",
            "managers_6d6254.py:1637: error: Trying to assign name \"axes\" that is not in \"__slots__\" of type \"managers_6d6254.SingleBlockManager\"  [misc]",
            "managers_6d6254.py:1639: error: Trying to assign name \"blocks\" that is not in \"__slots__\" of type \"managers_6d6254.SingleBlockManager\"  [misc]",
            "managers_6d6254.py:1655: error: Decorators on top of @property are not supported  [misc]",
            "managers_6d6254.py:1655: error: Name \"final\" is not defined  [name-defined]",
            "managers_6d6254.py:1727: error: Trying to assign name \"blocks\" that is not in \"__slots__\" of type \"managers_6d6254.SingleBlockManager\"  [misc]",
            "managers_6d6254.py:1742: error: Trying to assign name \"blocks\" that is not in \"__slots__\" of type \"managers_6d6254.SingleBlockManager\"  [misc]",
            "Found 24 errors in 1 file (checked 1 source file)"
        ]
    },
    "manifest_0eeebb.py": {
        "stats": {
            "total_parameters": 147,
            "parameters_with_annotations": 106
        },
        "error_count": 4,
        "isCompiled": false,
        "errors": [
            "manifest_0eeebb.py:634: error: Item \"None\" of \"Any | None\" has no attribute \"get_macro_id\"  [union-attr]",
            "manifest_0eeebb.py:727: error: Item \"None\" of \"Any | None\" has no attribute \"get_macro\"  [union-attr]",
            "manifest_0eeebb.py:1348: error: \"Expr\" has no attribute \"name\"  [attr-defined]",
            "manifest_0eeebb.py:1350: error: \"Expr\" has no attribute \"value\"  [attr-defined]",
            "Found 4 errors in 1 file (checked 1 source file)"
        ]
    },
    "manifest_47c52e.py": {
        "stats": {
            "total_parameters": 339,
            "parameters_with_annotations": 211
        },
        "error_count": 7,
        "isCompiled": false,
        "errors": [
            "manifest_47c52e.py:709: error: Argument 1 to \"_build_macros_by_name\" of \"MacroMethods\" has incompatible type \"list[Any]\"; expected \"Mapping[str, Any]\"  [arg-type]",
            "manifest_47c52e.py:723: error: Argument 1 to \"_build_macros_by_package\" of \"MacroMethods\" has incompatible type \"list[Any]\"; expected \"Mapping[str, Any]\"  [arg-type]",
            "manifest_47c52e.py:760: error: Incompatible types in assignment (expression has type \"MutableMapping[str, Any]\", base class \"MacroMethods\" defined the type as \"list[Any]\")  [assignment]",
            "manifest_47c52e.py:1472: error: Argument 1 of \"__reduce_ex__\" is incompatible with supertype \"object\"; supertype defines the argument type as \"SupportsIndex\"  [override]",
            "manifest_47c52e.py:1472: note: This violates the Liskov substitution principle",
            "manifest_47c52e.py:1472: note: See https://mypy.readthedocs.io/en/stable/common_issues.html#incompatible-overrides",
            "manifest_47c52e.py:1521: error: Incompatible types in assignment (expression has type \"Mapping[str, Any]\", variable has type \"list[Any]\")  [assignment]",
            "Found 5 errors in 1 file (checked 1 source file)"
        ]
    },
    "mediation_fee_f1a080.py": {
        "stats": {
            "total_parameters": 47,
            "parameters_with_annotations": 41
        },
        "error_count": 0,
        "isCompiled": true,
        "errors": []
    },
    "mediator_edd547.py": {
        "stats": {
            "total_parameters": 123,
            "parameters_with_annotations": 123
        },
        "error_count": 0,
        "isCompiled": true,
        "errors": []
    },
    "merge_f40757.py": {
        "stats": {
            "total_parameters": 184,
            "parameters_with_annotations": 157
        },
        "error_count": 18,
        "isCompiled": false,
        "errors": [
            "merge_f40757.py:207: error: Name \"_groupby_and_merge\" is not defined  [name-defined]",
            "merge_f40757.py:214: error: Name \"_groupby_and_merge\" is not defined  [name-defined]",
            "merge_f40757.py:1439: error: Argument 1 to \"len\" has incompatible type \"Any | Sequence[Any] | None\"; expected \"Sized\"  [arg-type]",
            "merge_f40757.py:1442: error: Unsupported left operand type for + (\"Sequence[Any]\")  [operator]",
            "merge_f40757.py:1442: note: Left operand is of type \"Any | Sequence[Any]\"",
            "merge_f40757.py:1443: error: Unsupported left operand type for + (\"Sequence[Any]\")  [operator]",
            "merge_f40757.py:1443: error: Unsupported left operand type for + (\"None\")  [operator]",
            "merge_f40757.py:1443: note: Left operand is of type \"Any | Sequence[Any] | None\"",
            "merge_f40757.py:1504: error: Unsupported operand types for < (\"timedelta\" and \"int\")  [operator]",
            "merge_f40757.py:1504: note: Left operand is of type \"int | timedelta\"",
            "merge_f40757.py:1559: error: Item \"int\" of \"int | timedelta | None\" has no attribute \"as_unit\"  [union-attr]",
            "merge_f40757.py:1559: error: Item \"timedelta\" of \"int | timedelta | None\" has no attribute \"as_unit\"  [union-attr]",
            "merge_f40757.py:1559: error: Item \"None\" of \"int | timedelta | None\" has no attribute \"as_unit\"  [union-attr]",
            "merge_f40757.py:1561: error: Item \"int\" of \"int | timedelta | None\" has no attribute \"_value\"  [union-attr]",
            "merge_f40757.py:1561: error: Item \"timedelta\" of \"int | timedelta | None\" has no attribute \"_value\"  [union-attr]",
            "merge_f40757.py:1561: error: Item \"None\" of \"int | timedelta | None\" has no attribute \"_value\"  [union-attr]",
            "merge_f40757.py:1600: error: \"None\" not callable  [misc]",
            "merge_f40757.py:1610: error: \"None\" not callable  [misc]",
            "Found 15 errors in 1 file (checked 1 source file)"
        ]
    },
    "message_6587fb.py": {
        "stats": {
            "total_parameters": 97,
            "parameters_with_annotations": 97
        },
        "error_count": 0,
        "isCompiled": true,
        "errors": []
    },
    "message_cache_dbda93.py": {
        "stats": {
            "total_parameters": 49,
            "parameters_with_annotations": 49
        },
        "error_count": 1,
        "isCompiled": false,
        "errors": [
            "message_cache_dbda93.py:472: error: Argument 1 to \"build_dict_from_raw_db_row\" of \"ReactionDict\" has incompatible type \"dict[str, Any]\"; expected \"RawReactionRow\"  [arg-type]",
            "Found 1 error in 1 file (checked 1 source file)"
        ]
    },
    "message_edit_6be856.py": {
        "stats": {
            "total_parameters": 61,
            "parameters_with_annotations": 61
        },
        "error_count": 0,
        "isCompiled": true,
        "errors": []
    },
    "message_send_b7048c.py": {
        "stats": {
            "total_parameters": 156,
            "parameters_with_annotations": 156
        },
        "error_count": 0,
        "isCompiled": true,
        "errors": []
    },
    "_arrow_string_mixins_7654a8.py": {
        "stats": {
            "total_parameters": 82,
            "parameters_with_annotations": 46
        },
        "error_count": 0,
        "isCompiled": true,
        "errors": []
    },
    "_client_5a9e7d.py": {
        "stats": {
            "total_parameters": 0,
            "parameters_with_annotations": 0
        },
        "error_count": 1,
        "isCompiled": false,
        "errors": [
            "_client_5a9e7d.py:1: error: unexpected indent  [syntax]",
            "Found 1 error in 1 file (errors prevented further checking)"
        ]
    },
    "_compat_bfcdb3.py": {
        "stats": {
            "total_parameters": 56,
            "parameters_with_annotations": 47
        },
        "error_count": 10,
        "isCompiled": false,
        "errors": [
            "_compat_bfcdb3.py:450: error: All conditional function variants must have identical signatures  [misc]",
            "_compat_bfcdb3.py:450: note: Original:",
            "_compat_bfcdb3.py:450: note:     def _get_model_config(model: Any) -> Any",
            "_compat_bfcdb3.py:450: note: Redefinition:",
            "_compat_bfcdb3.py:450: note:     def _get_model_config(model: type[Any]) -> Any",
            "_compat_bfcdb3.py:510: error: All conditional function variants must have identical signatures  [misc]",
            "_compat_bfcdb3.py:510: note: Original:",
            "_compat_bfcdb3.py:510: note:     def get_missing_field_error(loc: tuple[str | int, ...]) -> dict[str, Any]",
            "_compat_bfcdb3.py:510: note: Redefinition:",
            "_compat_bfcdb3.py:510: note:     def get_missing_field_error(loc: tuple[str, ...]) -> dict[str, Any]",
            "Found 2 errors in 1 file (checked 1 source file)"
        ]
    },
    "_misc_3826f1.py": {
        "stats": {
            "total_parameters": 59,
            "parameters_with_annotations": 51
        },
        "error_count": 0,
        "isCompiled": true,
        "errors": []
    },
    "_models_dd672f.py": {
        "stats": {
            "total_parameters": 142,
            "parameters_with_annotations": 59
        },
        "error_count": 29,
        "isCompiled": false,
        "errors": [
            "_models_dd672f.py:274: error: Signature of \"update\" incompatible with supertype \"MutableMapping\"  [override]",
            "_models_dd672f.py:274: note:      Superclass:",
            "_models_dd672f.py:274: note:          @overload",
            "_models_dd672f.py:274: note:          def update(self, SupportsKeysAndGetItem[str, str], /, **kwargs: str) -> None",
            "_models_dd672f.py:274: note:          @overload",
            "_models_dd672f.py:274: note:          def update(self, Iterable[tuple[str, str]], /, **kwargs: str) -> None",
            "_models_dd672f.py:274: note:          @overload",
            "_models_dd672f.py:274: note:          def update(self, **kwargs: str) -> None",
            "_models_dd672f.py:274: note:      Subclass:",
            "_models_dd672f.py:274: note:          def update(self, headers: Any | None = ...) -> None",
            "_models_dd672f.py:352: error: Return type \"Iterator[object]\" of \"__iter__\" incompatible with return type \"Iterator[str]\" in supertype \"Iterable\"  [override]",
            "_models_dd672f.py:1140: error: Signature of \"get\" incompatible with supertype \"Mapping\"  [override]",
            "_models_dd672f.py:1140: note:      Superclass:",
            "_models_dd672f.py:1140: note:          @overload",
            "_models_dd672f.py:1140: note:          def get(self, str, /) -> str | None",
            "_models_dd672f.py:1140: note:          @overload",
            "_models_dd672f.py:1140: note:          def [_T] get(self, str, /, default: str | _T) -> str | _T",
            "_models_dd672f.py:1140: note:      Subclass:",
            "_models_dd672f.py:1140: note:          def get(self, name: str, default: str | None = ..., domain: str | None = ..., path: str | None = ...) -> str | None",
            "_models_dd672f.py:1202: error: Signature of \"update\" incompatible with supertype \"MutableMapping\"  [override]",
            "_models_dd672f.py:1202: note:      Superclass:",
            "_models_dd672f.py:1202: note:          @overload",
            "_models_dd672f.py:1202: note:          def update(self, SupportsKeysAndGetItem[str, str], /, **kwargs: str) -> None",
            "_models_dd672f.py:1202: note:          @overload",
            "_models_dd672f.py:1202: note:          def update(self, Iterable[tuple[str, str]], /, **kwargs: str) -> None",
            "_models_dd672f.py:1202: note:          @overload",
            "_models_dd672f.py:1202: note:          def update(self, **kwargs: str) -> None",
            "_models_dd672f.py:1202: note:      Subclass:",
            "_models_dd672f.py:1202: note:          def update(self, cookies: Any | None = ...) -> None",
            "Found 4 errors in 1 file (checked 1 source file)"
        ]
    },
    "_parser_ad554d.py": {
        "stats": {
            "total_parameters": 78,
            "parameters_with_annotations": 70
        },
        "error_count": 0,
        "isCompiled": true,
        "errors": []
    },
    "__init___4ea406.py": {
        "stats": {
            "total_parameters": 0,
            "parameters_with_annotations": 0
        },
        "error_count": 1,
        "isCompiled": false,
        "errors": [
            "__init___4ea406.py:477: error: invalid syntax; you likely need to run mypy using Python 3.10 or newer  [syntax]",
            "Found 1 error in 1 file (errors prevented further checking)"
        ]
    },
    "__init___7dd003.py": {
        "stats": {
            "total_parameters": 64,
            "parameters_with_annotations": 64
        },
        "error_count": 0,
        "isCompiled": true,
        "errors": []
    },
    "__init___ee7b0d.py": {
        "stats": {
            "total_parameters": 36,
            "parameters_with_annotations": 36
        },
        "error_count": 0,
        "isCompiled": true,
        "errors": []
    }
}