{
    "run_benchmark_34494d3bb60355e7d1a04faddcfffc1d.py": "temp_file.py:23: error: Incompatible types in assignment (expression has type \"Callable[[str, int], Any]\", variable has type overloaded function)  [assignment]\ntemp_file.py:24: error: Incompatible types in assignment (expression has type \"Callable[[str, str, int], Any]\", variable has type overloaded function)  [assignment]\ntemp_file.py:25: error: Incompatible types in assignment (expression has type \"Callable[[str, VarArg(Any)], Any]\", variable has type overloaded function)  [assignment]\nFound 3 errors in 1 file (checked 1 source file)\n",
    "run_benchmark_ed36b868873c9ca9cb835088629996b5.py": "temp_file.py:15: error: Incompatible types in assignment (expression has type \"None\", variable has type \"str\")  [assignment]\ntemp_file.py:16: error: Incompatible types in assignment (expression has type \"None\", variable has type \"List[int]\")  [assignment]\ntemp_file.py:17: error: Incompatible types in assignment (expression has type \"None\", variable has type \"bool\")  [assignment]\nFound 3 errors in 1 file (checked 1 source file)\n",
    "fix_urllib_e4836c50388897297cf89c61693daed3.py": "temp_file.py:45: error: Item \"None\" of \"Optional[Any]\" has no attribute \"prefix\"  [union-attr]\ntemp_file.py:47: error: Item \"None\" of \"Optional[Any]\" has no attribute \"value\"  [union-attr]\ntemp_file.py:49: error: Item \"None\" of \"Optional[Any]\" has no attribute \"value\"  [union-attr]\ntemp_file.py:50: error: Item \"None\" of \"Optional[Any]\" has no attribute \"replace\"  [union-attr]\ntemp_file.py:58: error: Item \"None\" of \"Optional[Any]\" has no attribute \"prefix\"  [union-attr]\ntemp_file.py:64: error: Item \"None\" of \"Optional[Any]\" has no attribute \"value\"  [union-attr]\ntemp_file.py:69: error: Item \"None\" of \"Optional[Any]\" has no attribute \"replace\"  [union-attr]\ntemp_file.py:84: error: Item \"None\" of \"Optional[Any]\" has no attribute \"value\"  [union-attr]\ntemp_file.py:126: error: Item \"None\" of \"Optional[Any]\" has no attribute \"value\"  [union-attr]\ntemp_file.py:131: error: Item \"None\" of \"Optional[Any]\" has no attribute \"replace\"  [union-attr]\ntemp_file.py:131: error: Item \"None\" of \"Optional[Any]\" has no attribute \"prefix\"  [union-attr]\nFound 11 errors in 1 file (checked 1 source file)\n",
    "run_benchmark_cca3b64b92d026f4feb24fcec90fe159.py": "temp_file.py:14: error: invalid syntax  [syntax]\nFound 1 error in 1 file (errors prevented further checking)\n",
    "bm_regex_v8_a19cb9eda8ce2526c19c5eb844d76145.py": "temp_file.py:17: error: EOL while scanning string literal  [syntax]\nFound 1 error in 1 file (errors prevented further checking)\n",
    "run_benchmark_ef50c0004e4c63b45751afdedd20f922.py": "temp_file.py:14: error: Incompatible types in assignment (expression has type \"Type[count[Any]]\", variable has type \"Iterator[int]\")  [assignment]\ntemp_file.py:18: error: \"Iterator[int]\" not callable  [operator]\nFound 2 errors in 1 file (checked 1 source file)\n",
    "run_benchmark_db768e7124854f442d014d84437038ed.py": "temp_file.py:321: error: Argument 3 to \"IdleTask\" has incompatible type \"int\"; expected \"Optional[Packet]\"  [arg-type]\ntemp_file.py:333: error: Incompatible types in assignment (expression has type \"None\", variable has type \"Packet\")  [assignment]\nFound 2 errors in 1 file (checked 1 source file)\n",
    "run_benchmark_05192c0c8d5a8999a8c094b2ecf40473.py": "temp_file.py:103: error: unmatched ')'  [syntax]\nFound 1 error in 1 file (errors prevented further checking)\n",
    "run_benchmark_083fc82df7d9596c7ee0e92cd5ab86ea.py": "temp_file.py:9: error: Missing return statement  [return]\nFound 1 error in 1 file (checked 1 source file)\n",
    "run_benchmark_ad565b18eba62edc0cc5a53f755fbc29.py": "temp_file.py:13: error: invalid syntax  [syntax]\nFound 1 error in 1 file (errors prevented further checking)\n",
    "fix_operator_41eec7e7f93f16bad1cfd1a8ce899fbd.py": "temp_file.py:27: error: Cannot override class variable (previously declared on base class \"BaseFix\") with instance variable  [misc]\ntemp_file.py:28: error: Cannot override class variable (previously declared on base class \"BaseFix\") with instance variable  [misc]\ntemp_file.py:28: error: Incompatible types in assignment (expression has type \"str\", base class \"BaseFix\" defined the type as \"Literal['post', 'pre']\")  [assignment]\ntemp_file.py:31: error: Cannot override class variable (previously declared on base class \"BaseFix\") with instance variable  [misc]\ntemp_file.py:33: error: Argument 1 of \"transform\" is incompatible with supertype \"BaseFix\"; supertype defines the argument type as \"Base\"  [override]\ntemp_file.py:33: note: This violates the Liskov substitution principle\ntemp_file.py:33: note: See https://mypy.readthedocs.io/en/stable/common_issues.html#incompatible-overrides\nFound 5 errors in 1 file (checked 1 source file)\n",
    "fix_long_c9fe2d241de1cc017034e4f7bc2217cb.py": "temp_file.py:9: error: Cannot override class variable (previously declared on base class \"BaseFix\") with instance variable  [misc]\ntemp_file.py:10: error: Cannot override class variable (previously declared on base class \"BaseFix\") with instance variable  [misc]\ntemp_file.py:12: error: Argument 1 of \"transform\" is incompatible with supertype \"BaseFix\"; supertype defines the argument type as \"Base\"  [override]\ntemp_file.py:12: note: This violates the Liskov substitution principle\ntemp_file.py:12: note: See https://mypy.readthedocs.io/en/stable/common_issues.html#incompatible-overrides\ntemp_file.py:14: error: \"Node\" has no attribute \"value\"  [attr-defined]\nFound 4 errors in 1 file (checked 1 source file)\n",
    "run_benchmark_9473d82c1ad213cf726be7d21540b9f3.py": "temp_file.py:54: error: Module has no attribute \"TaskGroup\"  [attr-defined]\ntemp_file.py:69: error: \"run\" undefined in superclass  [misc]\nFound 2 errors in 1 file (checked 1 source file)\n",
    "run_benchmark_735d8e18ff99fd95e3e85b3a045a96ff.py": "temp_file.py:425: error: unexpected EOF while parsing  [syntax]\nFound 1 error in 1 file (errors prevented further checking)\n",
    "run_benchmark_fe7e80f88187eee851b45d280f1d907a.py": "temp_file.py:17: error: Variable \"D\" is not valid as a type  [valid-type]\ntemp_file.py:17: note: See https://mypy.readthedocs.io/en/stable/common_issues.html#variables-vs-type-aliases\ntemp_file.py:18: error: Variable \"D\" is not valid as a type  [valid-type]\ntemp_file.py:18: note: See https://mypy.readthedocs.io/en/stable/common_issues.html#variables-vs-type-aliases\ntemp_file.py:19: error: Variable \"D\" is not valid as a type  [valid-type]\ntemp_file.py:19: note: See https://mypy.readthedocs.io/en/stable/common_issues.html#variables-vs-type-aliases\ntemp_file.py:20: error: Variable \"D\" is not valid as a type  [valid-type]\ntemp_file.py:20: note: See https://mypy.readthedocs.io/en/stable/common_issues.html#variables-vs-type-aliases\ntemp_file.py:21: error: Variable \"D\" is not valid as a type  [valid-type]\ntemp_file.py:21: note: See https://mypy.readthedocs.io/en/stable/common_issues.html#variables-vs-type-aliases\ntemp_file.py:22: error: Variable \"D\" is not valid as a type  [valid-type]\ntemp_file.py:22: note: See https://mypy.readthedocs.io/en/stable/common_issues.html#variables-vs-type-aliases\ntemp_file.py:23: error: Variable \"D\" is not valid as a type  [valid-type]\ntemp_file.py:23: note: See https://mypy.readthedocs.io/en/stable/common_issues.html#variables-vs-type-aliases\nFound 7 errors in 1 file (checked 1 source file)\n",
    "conf_da9965b984331586a98ccf31b5479f12.py": "temp_file.py:10: error: invalid syntax  [syntax]\nFound 1 error in 1 file (errors prevented further checking)\n",
    "run_benchmark_14b1aad8ef40880d34ce019b57e1dd81.py": "temp_file.py:22: error: invalid syntax  [syntax]\nFound 1 error in 1 file (errors prevented further checking)\n",
    "conv_1bc4e8a8f8f49e5d7327949ef65b3e34.py": "temp_file.py:42: error: Item \"None\" of \"Optional[Match[str]]\" has no attribute \"groups\"  [union-attr]\ntemp_file.py:137: error: Incompatible types in assignment (expression has type \"Union[str, Any]\", variable has type \"int\")  [assignment]\ntemp_file.py:140: error: Incompatible types in assignment (expression has type \"None\", variable has type \"int\")  [assignment]\ntemp_file.py:142: error: Argument 1 to \"eval\" has incompatible type \"int\"; expected \"Union[str, Buffer, CodeType]\"  [arg-type]\ntemp_file.py:143: error: Argument 1 to \"append\" of \"list\" has incompatible type \"Tuple[int, int]\"; expected \"Tuple[int, Optional[str]]\"  [arg-type]\nFound 5 errors in 1 file (checked 1 source file)\n",
    "run_benchmark_5f738045810f54167c085e1c7e0b35b8.py": "temp_file.py:63: error: No overload variant of \"bytes\" matches argument type \"float\"  [call-overload]\ntemp_file.py:63: note: Possible overload variants:\ntemp_file.py:63: note:     def __new__(cls, Union[Iterable[SupportsIndex], SupportsIndex, SupportsBytes, Buffer], /) -> bytes\ntemp_file.py:63: note:     def __new__(cls, str, /, encoding: str, errors: str = ...) -> bytes\ntemp_file.py:63: note:     def __new__(cls) -> bytes\nFound 1 error in 1 file (checked 1 source file)\n",
    "run_benchmark_dc3dd40536a1de9023f8266cf6fdbfe8.py": "temp_file.py:191: error: Argument 1 to \"sorted\" has incompatible type \"dict_items[Union[Tuple[int, Tuple[halfstate_t, halfstate_t, int]], Tuple[int, Tuple[halfstate_t, halfstate_t, int], str], Tuple[int, Tuple[halfstate_t, halfstate_t, int], int, str], Tuple[int, bool]], float]\"; expected \"Iterable[Tuple[int, Tuple[halfstate_t, halfstate_t, int], str]]\"  [arg-type]\ntemp_file.py:191: error: Unsupported operand type for unary - (\"Tuple[halfstate_t, halfstate_t, int]\")  [operator]\ntemp_file.py:192: error: Incompatible types in assignment (expression has type \"List[Tuple[int, Tuple[halfstate_t, halfstate_t, int], str]]\", target has type \"List[Tuple[Union[Tuple[int, Tuple[halfstate_t, halfstate_t, int]], Tuple[int, Tuple[halfstate_t, halfstate_t, int], str], Tuple[int, Tuple[halfstate_t, halfstate_t, int], int, str], Tuple[int, bool]], float]]\")  [assignment]\ntemp_file.py:193: error: Incompatible return value type (got \"List[Tuple[int, Tuple[halfstate_t, halfstate_t, int], str]]\", expected \"List[Tuple[Union[Tuple[int, Tuple[halfstate_t, halfstate_t, int]], Tuple[int, Tuple[halfstate_t, halfstate_t, int], str], Tuple[int, Tuple[halfstate_t, halfstate_t, int], int, str], Tuple[int, bool]], float]]\")  [return-value]\ntemp_file.py:200: error: Incompatible types in assignment (expression has type \"Sequence[Any]\", variable has type \"List[Tuple[Union[Tuple[int, Tuple[halfstate_t, halfstate_t, int]], Tuple[int, Tuple[halfstate_t, halfstate_t, int], str], Tuple[int, Tuple[halfstate_t, halfstate_t, int], int, str], Tuple[int, bool]], float]]\")  [assignment]\ntemp_file.py:207: error: Argument 4 to \"fixeddata_t\" has incompatible type \"Tuple[int, int, int, int]\"; expected \"stats_t\"  [arg-type]\ntemp_file.py:220: error: Invalid index type \"Tuple[Union[Tuple[int, Tuple[halfstate_t, halfstate_t, int]], Tuple[int, Tuple[halfstate_t, halfstate_t, int], str], Tuple[int, Tuple[halfstate_t, halfstate_t, int], int, str], Tuple[int, bool]], float]\" for \"defaultdict[Union[Tuple[int, Tuple[halfstate_t, halfstate_t, int]], Tuple[int, Tuple[halfstate_t, halfstate_t, int], str], Tuple[int, Tuple[halfstate_t, halfstate_t, int], int, str], Tuple[int, bool]], float]\"; expected type \"Union[Tuple[int, Tuple[halfstate_t, halfstate_t, int]], Tuple[int, Tuple[halfstate_t, halfstate_t, int], str], Tuple[int, Tuple[halfstate_t, halfstate_t, int], int, str], Tuple[int, bool]]\"  [index]\ntemp_file.py:221: error: Invalid index type \"Tuple[Union[Tuple[int, Tuple[halfstate_t, halfstate_t, int]], Tuple[int, Tuple[halfstate_t, halfstate_t, int], str], Tuple[int, Tuple[halfstate_t, halfstate_t, int], int, str], Tuple[int, bool]], float]\" for \"defaultdict[Union[Tuple[int, Tuple[halfstate_t, halfstate_t, int]], Tuple[int, Tuple[halfstate_t, halfstate_t, int], str], Tuple[int, Tuple[halfstate_t, halfstate_t, int], int, str], Tuple[int, bool]], float]\"; expected type \"Union[Tuple[int, Tuple[halfstate_t, halfstate_t, int]], Tuple[int, Tuple[halfstate_t, halfstate_t, int], str], Tuple[int, Tuple[halfstate_t, halfstate_t, int], int, str], Tuple[int, bool]]\"  [index]\nFound 8 errors in 1 file (checked 1 source file)\n",
    "run_benchmark_e7f5416c8fddb15d9ca4fdd9c195a6ee.py": "temp_file.py:17: error: EOL while scanning string literal  [syntax]\nFound 1 error in 1 file (errors prevented further checking)\n",
    "run_benchmark_4dc0acdd1240a804f34da8d966a065e1.py": "temp_file.py:157: error: unexpected EOF while parsing  [syntax]\nFound 1 error in 1 file (errors prevented further checking)\n",
    "run_benchmark_d55e5927075139a1ac0cc6dbe7fee59b.py": "temp_file.py:37: error: \"list\" is not subscriptable, use \"typing.List\" instead  [misc]\nFound 1 error in 1 file (checked 1 source file)\n",
    "run_benchmark_101bb04648591f38cbb42eaf6aba3288.py": "temp_file.py:235: error: invalid syntax  [syntax]\nFound 1 error in 1 file (errors prevented further checking)\n",
    "fix_exitfunc_4c0e023d6233f367f6bbb22f72abff19.py": "temp_file.py:11: error: Cannot override class variable (previously declared on base class \"BaseFix\") with instance variable  [misc]\ntemp_file.py:12: error: Cannot override class variable (previously declared on base class \"BaseFix\") with instance variable  [misc]\ntemp_file.py:13: error: Cannot override class variable (previously declared on base class \"BaseFix\") with instance variable  [misc]\ntemp_file.py:19: error: Argument 2 of \"start_tree\" is incompatible with supertype \"BaseFix\"; supertype defines the argument type as \"Union[str, PathLike[str]]\"  [override]\ntemp_file.py:19: note: This violates the Liskov substitution principle\ntemp_file.py:19: note: See https://mypy.readthedocs.io/en/stable/common_issues.html#incompatible-overrides\ntemp_file.py:23: error: Argument 1 of \"transform\" is incompatible with supertype \"BaseFix\"; supertype defines the argument type as \"Base\"  [override]\ntemp_file.py:23: note: This violates the Liskov substitution principle\ntemp_file.py:23: note: See https://mypy.readthedocs.io/en/stable/common_issues.html#incompatible-overrides\ntemp_file.py:36: error: Incompatible types in assignment (expression has type \"Union[Node, Leaf]\", variable has type \"Node\")  [assignment]\ntemp_file.py:41: error: Incompatible types in assignment (expression has type \"Optional[Node]\", variable has type \"Node\")  [assignment]\ntemp_file.py:43: error: Incompatible types in assignment (expression has type \"Optional[Node]\", variable has type \"Node\")  [assignment]\nFound 8 errors in 1 file (checked 1 source file)\n",
    "run_benchmark_9196e0e1a8569bc4d538f9e91f44380b.py": "temp_file.py:34: error: unmatched ')'  [syntax]\nFound 1 error in 1 file (errors prevented further checking)\n",
    "literals_51e85ba6bc607dc435c2756415e18998.py": "temp_file.py:19: error: Incompatible types in assignment (expression has type \"Tuple[Union[str, Any], ...]\", variable has type \"Tuple[str, str]\")  [assignment]\ntemp_file.py:23: error: X | Y syntax for unions requires Python 3.10  [syntax]\nFound 2 errors in 1 file (checked 1 source file)\n",
    "run_benchmark_21026ff8f81b122e6c9cfbf8c29a27cb.py": "temp_file.py:35: error: Item \"None\" of \"Optional[Tree]\" has no attribute \"__aiter__\" (not async iterable)  [union-attr]\ntemp_file.py:35: error: Argument 1 to \"tree\" has incompatible type \"range\"; expected \"List[int]\"  [arg-type]\nFound 2 errors in 1 file (checked 1 source file)\n",
    "run_benchmark_958ac12d9a928de9aad6c1b814c51ef7.py": "temp_file.py:124: error: \"%c\" requires int or char (expression has type \"float\")  [str-format]\nFound 1 error in 1 file (checked 1 source file)\n",
    "run_benchmark_dff26d535b0e89b50097c808066750ec.py": "temp_file.py:6: error: only single target (not tuple) can be annotated  [syntax]\nFound 1 error in 1 file (errors prevented further checking)\n",
    "run_benchmark_b26b9b306d7c5987b898c17b5ef45275.py": "temp_file.py:30: error: Argument 3 to \"create_aggregate\" of \"Connection\" has incompatible type \"Type[AvgLength]\"; expected \"Callable[[], _AggregateProtocol]\"  [arg-type]\nFound 1 error in 1 file (checked 1 source file)\n",
    "fix_reduce_4024a50c8ce9def06d8aabec27d605d4.py": "temp_file.py:9: error: Cannot override class variable (previously declared on base class \"BaseFix\") with instance variable  [misc]\ntemp_file.py:10: error: Cannot override class variable (previously declared on base class \"BaseFix\") with instance variable  [misc]\ntemp_file.py:10: error: Incompatible types in assignment (expression has type \"str\", base class \"BaseFix\" defined the type as \"Literal['post', 'pre']\")  [assignment]\ntemp_file.py:11: error: Cannot override class variable (previously declared on base class \"BaseFix\") with instance variable  [misc]\ntemp_file.py:13: error: Argument 1 of \"transform\" is incompatible with supertype \"BaseFix\"; supertype defines the argument type as \"Base\"  [override]\ntemp_file.py:13: note: This violates the Liskov substitution principle\ntemp_file.py:13: note: See https://mypy.readthedocs.io/en/stable/common_issues.html#incompatible-overrides\nFound 5 errors in 1 file (checked 1 source file)\n",
    "run_benchmark_79b0563155ae7c19376dd17a256bd4c9.py": "temp_file.py:34: error: \"list\" is not subscriptable, use \"typing.List\" instead  [misc]\ntemp_file.py:55: error: \"None\" has no attribute \"buffer\"  [attr-defined]\nFound 2 errors in 1 file (checked 1 source file)\n",
    "fix_set_literal_4c0da782a04c8b621da519425739911b.py": "temp_file.py:11: error: Cannot override class variable (previously declared on base class \"BaseFix\") with instance variable  [misc]\ntemp_file.py:12: error: Cannot override class variable (previously declared on base class \"BaseFix\") with instance variable  [misc]\ntemp_file.py:13: error: Cannot override class variable (previously declared on base class \"BaseFix\") with instance variable  [misc]\ntemp_file.py:15: error: Argument 1 of \"transform\" is incompatible with supertype \"BaseFix\"; supertype defines the argument type as \"Base\"  [override]\ntemp_file.py:15: note: This violates the Liskov substitution principle\ntemp_file.py:15: note: See https://mypy.readthedocs.io/en/stable/common_issues.html#incompatible-overrides\ntemp_file.py:23: error: \"list\" is not subscriptable, use \"typing.List\" instead  [misc]\ntemp_file.py:23: error: X | Y syntax for unions requires Python 3.10  [syntax]\ntemp_file.py:26: error: Item \"None\" of \"Union[Node, Leaf, None]\" has no attribute \"prefix\"  [union-attr]\ntemp_file.py:30: error: Incompatible types in assignment (expression has type \"Union[Node, Leaf]\", variable has type \"Node\")  [assignment]\nFound 8 errors in 1 file (checked 1 source file)\n"
}